[2015.09.07-03.07.51:080][  0]Log file open, 09/06/15 23:07:51
[2015.09.07-03.07.51:080][  0]LogInit:Display: Running engine for game: Brain
[2015.09.07-03.07.51:081][  0]LogInit:Display: RandInit(-1377250828) SRandInit(-1377250827).
[2015.09.07-03.07.51:082][  0]LogTaskGraph: Started task graph with 4 named threads and 7 total threads.
[2015.09.07-03.07.51:082][  0]LogStats: Stats thread started
[2015.09.07-03.07.51:082][  0]LogInit: Version: 4.8.3-2634408+++depot+UE4-Releases+4.8
[2015.09.07-03.07.51:083][  0]LogInit: API Version: 2579680
[2015.09.07-03.07.51:083][  0]LogInit: Compiled (64-bit): Jul 27 2015 16:24:33
[2015.09.07-03.07.51:083][  0]LogInit: Compiled with Visual C++: 18.00.21005.01
[2015.09.07-03.07.51:084][  0]LogInit: Build Configuration: Development
[2015.09.07-03.07.51:084][  0]LogInit: Branch Name: ++depot+UE4-Releases+4.8
[2015.09.07-03.07.51:084][  0]LogInit: Command line: 
[2015.09.07-03.07.51:084][  0]LogInit: Base directory: C:/Program Files/Epic Games/4.8/Engine/Binaries/Win64/
[2015.09.07-03.07.51:085][  0]LogInit: Rocket: 1
[2015.09.07-03.07.51:103][  0]LogInit: Using libcurl 7.41.0
[2015.09.07-03.07.51:103][  0]LogInit:  - built for x86_64-pc-win32
[2015.09.07-03.07.51:103][  0]LogInit:  - supports SSL with WinSSL
[2015.09.07-03.07.51:103][  0]LogInit:  - other features:
[2015.09.07-03.07.51:104][  0]LogInit:      CURL_VERSION_SSL
[2015.09.07-03.07.51:104][  0]LogInit:      CURL_VERSION_IPV6
[2015.09.07-03.07.51:104][  0]LogInit:      CURL_VERSION_ASYNCHDNS
[2015.09.07-03.07.51:104][  0]LogInit:      CURL_VERSION_LARGEFILE
[2015.09.07-03.07.51:105][  0]LogInit:      CURL_VERSION_IDN
[2015.09.07-03.07.51:105][  0]LogInit:  CurlRequestOptions (configurable via config and command line):
[2015.09.07-03.07.51:105][  0]LogInit:  - bVerifyPeer = true  - Libcurl will verify peer certificate
[2015.09.07-03.07.51:105][  0]LogInit:  - bUseHttpProxy = false  - Libcurl will NOT use HTTP proxy
[2015.09.07-03.07.51:106][  0]LogInit:  - bDontReuseConnections = false  - Libcurl will reuse connections
[2015.09.07-03.07.51:106][  0]LogInit:  - CertBundlePath = nullptr  - Libcurl will use whatever was configured at build time.
[2015.09.07-03.07.51:120][  0]LogOnline:Warning: No default platform service specified for OnlineSubsystem
[2015.09.07-03.07.51:154][  0]LogInit: Presizing for 0 objects not considered by GC, pre-allocating 0 bytes.
[2015.09.07-03.07.51:162][  0]LogInit: Object subsystem initialized
[2015.09.07-03.07.51:164][  0]LogConsoleResponse:Warning: Skipping Unknown console variable: 'TranslucentSortAxis = (X=0.000000,Y=-1.000000,Z=0.000000)'
[2015.09.07-03.07.51:170][  0]LogConsoleResponse:Warning:   Found in ini file 'C:/Users/frederic/Documents/Unreal Projects/Brain/Saved/Config/Windows/Engine.ini', in section '[/Script/Engine.RendererSettings]'
[2015.09.07-03.07.51:170][  0]LogConsoleResponse:Warning: Skipping Unknown console variable: 'UIScaleRule = ShortestSide'
[2015.09.07-03.07.51:171][  0]LogConsoleResponse:Warning:   Found in ini file 'C:/Users/frederic/Documents/Unreal Projects/Brain/Saved/Config/Windows/Engine.ini', in section '[/Script/Engine.RendererSettings]'
[2015.09.07-03.07.51:171][  0]LogConsoleResponse:Warning: Skipping Unknown console variable: 'UIScaleCurve = (EditorCurveData=(Keys=),ExternalCurve=None)'
[2015.09.07-03.07.51:171][  0]LogConsoleResponse:Warning:   Found in ini file 'C:/Users/frederic/Documents/Unreal Projects/Brain/Saved/Config/Windows/Engine.ini', in section '[/Script/Engine.RendererSettings]'
[2015.09.07-03.07.51:172][  0]LogInit: Selected Device Profile: [Windows]
[2015.09.07-03.07.51:172][  0]LogInit: Applying CVar settings loaded from the selected device profile: [Windows]
[2015.09.07-03.07.51:178][  0]LogInit: Computer: FREDERIC-PC
[2015.09.07-03.07.51:179][  0]LogInit: User: frederic
[2015.09.07-03.07.51:179][  0]LogInit: CPU Page size=4096, Cores=4
[2015.09.07-03.07.51:179][  0]LogInit: High frequency timer resolution =3.331250 MHz
[2015.09.07-03.07.51:180][  0]LogMemory: Memory total: Physical=15.9GB (16GB approx)
[2015.09.07-03.07.51:180][  0]LogMemory: Platform Memory Stats for Windows
[2015.09.07-03.07.51:180][  0]LogMemory: Process Physical Memory: 51.68 MB used, 51.68 MB peak
[2015.09.07-03.07.51:180][  0]LogMemory: Process Virtual Memory: 23.51 MB used, 23.51 MB peak
[2015.09.07-03.07.51:181][  0]LogMemory: Physical Memory: 5375.04 MB used, 16288.39 MB total
[2015.09.07-03.07.51:181][  0]LogMemory: Virtual Memory: 281.93 MB used, 8388608.00 MB total
[2015.09.07-03.07.51:252][  0]LogTextLocalizationManager: The requested culture ('fr_CA') has no localization data; falling back to 'en' for localization and internationalization data.
[2015.09.07-03.07.51:457][  0]LogTextLocalizationManager:Warning: Loaded localization resources contain conflicting entries for (Namespace:ContentBrowser, Key:ImportAssetToolTip):
Localization Resource: (C:/Program Files/Epic Games/4.8/Engine/Content/Localization/Editor/en/Editor.locres) Source String Hash: (-630476809) Localized String: (Import to {0}...)
Localization Resource: (C:/Program Files/Epic Games/4.8/Engine/Content/Localization/Editor/en/Editor.locres) Source String Hash: (1271782899) Localized String: (Imports an asset from file to this folder.)
[2015.09.07-03.07.51:823][  0]LogD3D11RHI: Found D3D11 adapter 0: NVIDIA GeForce GTX 970 (Feature Level 11_0)
[2015.09.07-03.07.51:823][  0]LogD3D11RHI: Adapter has 4008MB of dedicated video memory, 0MB of dedicated system memory, and 7888MB of shared system memory, 1 output[s]
[2015.09.07-03.07.51:833][  0]LogD3D11RHI: Found D3D11 adapter 1: Intel(R) HD Graphics 3000 (Feature Level 10_0)
[2015.09.07-03.07.51:834][  0]LogD3D11RHI: Adapter has 64MB of dedicated video memory, 0MB of dedicated system memory, and 1632MB of shared system memory, 0 output[s]
[2015.09.07-03.07.51:834][  0]LogD3D11RHI: Chosen D3D11 Adapter Id = 0
[2015.09.07-03.07.51:838][  0]LogD3D11RHI: InitD3DDevice
[2015.09.07-03.07.51:839][  0]LogD3D11RHI: !Direct3DDevice
[2015.09.07-03.07.51:839][  0]LogRHI: Texture pool is 1361 MB (70% of 1945 MB)
[2015.09.07-03.07.51:882][  0]LogD3D11RHI: Async texture creation enabled
[2015.09.07-03.07.51:897][  0]LogShaderCompilers:Display: Using Local Shader Compiler.
[2015.09.07-03.07.52:685][  0]LogTemp:Display: Loaded TP DesktopTargetPlatform
[2015.09.07-03.07.52:708][  0]LogTemp:Display: Loaded TP WindowsClientTargetPlatform
[2015.09.07-03.07.52:730][  0]LogTemp:Display: Loaded TP WindowsNoEditorTargetPlatform
[2015.09.07-03.07.52:753][  0]LogTemp:Display: Loaded TP WindowsServerTargetPlatform
[2015.09.07-03.07.52:777][  0]LogTemp:Display: Loaded TP WindowsTargetPlatform
[2015.09.07-03.07.52:794][  0]LogTemp:Display: Loaded TP AndroidTargetPlatform
[2015.09.07-03.07.52:811][  0]LogTemp:Display: Loaded TP Android_ASTCTargetPlatform
[2015.09.07-03.07.52:827][  0]LogTemp:Display: Loaded TP Android_ATCTargetPlatform
[2015.09.07-03.07.52:847][  0]LogTemp:Display: Loaded TP Android_DXTTargetPlatform
[2015.09.07-03.07.52:866][  0]LogTemp:Display: Loaded TP Android_ETC1TargetPlatform
[2015.09.07-03.07.52:886][  0]LogTemp:Display: Loaded TP Android_ETC2TargetPlatform
[2015.09.07-03.07.52:905][  0]LogTemp:Display: Loaded TP Android_PVRTCTargetPlatform
[2015.09.07-03.07.52:977][  0]LogTemp:Display: Loaded TP IOSTargetPlatform
[2015.09.07-03.07.52:993][  0]LogTemp:Display: Loaded TP LinuxNoEditorTargetPlatform
[2015.09.07-03.07.53:011][  0]LogTemp:Display: Loaded TP LinuxServerTargetPlatform
[2015.09.07-03.07.53:029][  0]LogTemp:Display: Loaded TP LinuxTargetPlatform
[2015.09.07-03.07.53:029][  0]LogTargetPlatformManager:Display: Building Assets For Windows
[2015.09.07-03.07.53:350][  0]LogDerivedDataCache:Display: Max Cache Size: 512 MB
[2015.09.07-03.07.53:418][  0]LogDerivedDataCache: Loaded boot cache 0.07s 84MB C:/Users/frederic/AppData/Local/UnrealEngine/4.8/DerivedDataCache/Boot.ddc.
[2015.09.07-03.07.53:419][  0]LogDerivedDataCache:Display: Loaded Boot cache: C:/Users/frederic/AppData/Local/UnrealEngine/4.8/DerivedDataCache/Boot.ddc
[2015.09.07-03.07.53:419][  0]LogDerivedDataCache: FDerivedDataBackendGraph:  Pak pak cache file ../../../../../../Users/frederic/Documents/Unreal Projects/Brain/DerivedDataCache/DDC.ddp not found, will not use a pak cache.
[2015.09.07-03.07.53:419][  0]LogDerivedDataCache: Unable to find inner node Pak for hierarchical cache Hierarchy.
[2015.09.07-03.07.53:420][  0]LogDerivedDataCache: FDerivedDataBackendGraph:  CompressedPak pak cache file ../../../../../../Users/frederic/Documents/Unreal Projects/Brain/DerivedDataCache/Compressed.ddp not found, will not use a pak cache.
[2015.09.07-03.07.53:420][  0]LogDerivedDataCache: Unable to find inner node CompressedPak for hierarchical cache Hierarchy.
[2015.09.07-03.07.53:566][  0]LogDerivedDataCache:Display: Pak cache opened for reading ../../../Engine/DerivedDataCache/Compressed.ddp.
[2015.09.07-03.07.53:579][  0]LogDerivedDataCache: Using Local data cache path C:/Users/frederic/AppData/Local/UnrealEngine/Common/DerivedDataCache: Writable
[2015.09.07-03.07.53:785][  0]LogInit: Selected Device Profile: [Windows]
[2015.09.07-03.07.53:792][  0]ImportText (ComponentSweepMultiTests): Missing closing parenthesis: (RootShapeAsset="/Engine/BasicShapes/Cube.Cube",ShapeType="TriggerCapsule",HitResult=(Time=0.50,Location=(X=-100.000015,Y=0.0,Z=100.000015),ImpactPoint=(X=-50.0,Y=0.0,Z=50.0),Normal=(X=-1.0,Y=-0.0,Z=0.0),ImpactNormal=(X=0.0,Y=0.0,Z=1.0),TraceStart=(X=-200.0,Y=0.0,Z=200.0),TraceEnd=(X=0.0,Y=0.0,Z=0.0))
[2015.09.07-03.07.53:793][  0]ImportText (LineTraceSingleByChannelTests): Missing closing parenthesis: (RootShapeAsset="/Engine/BasicShapes/Cube.Cube",HitResult=(Time=0.50,Location=(X=-100.000015,Y=0.0,Z=100.000015),ImpactPoint=(X=-50.0,Y=0.0,Z=50.0),Normal=(X=-1.0,Y=-0.0,Z=0.0),ImpactNormal=(X=0.0,Y=0.0,Z=1.0),TraceStart=(X=-200.0,Y=0.0,Z=200.0),TraceEnd=(X=0.0,Y=0.0,Z=0.0))
[2015.09.07-03.07.53:831][  0]LogMeshUtilities: No automatic mesh reduction module available
[2015.09.07-03.07.53:832][  0]LogMeshUtilities: No automatic mesh merging module available
[2015.09.07-03.07.54:236][  0]LogInit: WinSock: version 1.1 (2.2), MaxSocks=32767, MaxUdp=65467
[2015.09.07-03.07.55:426][  0]UdpMessaging: Initializing bridge on interface 0.0.0.0:0 to multicast group 230.0.0.1:6666.
[2015.09.07-03.07.56:199][  0]SourceControl: Info Source control is disabled
[2015.09.07-03.07.56:224][  0]SourceControl: Info Source control is disabled
[2015.09.07-03.07.56:243][  0]SourceControl: Info Source control is disabled
[2015.09.07-03.07.56:263][  0]SourceControl: Info Source control is disabled
[2015.09.07-03.07.56:585][  0]LogObj: 31193 objects as part of root set at end of initial load.
[2015.09.07-03.07.56:586][  0]LogUObjectAllocator: 7122144 out of 0 bytes used by permanent object pool.
[2015.09.07-03.07.56:674][  0]LogEngine: Initializing Engine...
[2015.09.07-03.07.56:677][  0]LogHMD: Can't find Oculus library dev build: is proper Runtime installed? Version: 0.6.0.0
[2015.09.07-03.07.56:682][  0]LogHMD:Warning: SteamVR failed to initialize.  Error: 110
[2015.09.07-03.07.56:840][  0]LogAIModule: Creating AISystem for world NewWorld
[2015.09.07-03.07.56:853][  0]LogInit: XAudio2 using 'Haut-parleurs (C-Media USB Audio Device   )' : 2 channels at 44.1 kHz using 16 bits per sample (channel mask 0x3)
[2015.09.07-03.07.56:878][  0]LogInit: FAudioDevice initialized.
[2015.09.07-03.07.56:916][  0]LogDerivedDataCache: Saved boot cache 0.04s 84MB C:/Users/frederic/AppData/Local/UnrealEngine/4.8/DerivedDataCache/Boot.ddc.
[2015.09.07-03.07.56:927][  0]LogInit: Texture streaming: Disabled
[2015.09.07-03.07.56:960][  0]LogAnalytics: Creating configured Analytics provider AnalyticsET
[2015.09.07-03.07.56:960][  0]LogAnalytics: [UEEditor.Rocket.Release] APIServer = http://et2.epicgames.com/ET2/. AppVersion = 4.8.3-2634408+++depot+UE4-Releases+4.8
[2015.09.07-03.07.56:961][  0]LogAnalytics: [UEEditor.Rocket.Release] SetUserId c8da8d664a36a98701fe659c10ae4ff8|70626fa7f476448fb82ad9618fbbb1ab|00e7fb16-00c3-4af4-a2a1-2cc8013aae38
[2015.09.07-03.07.56:961][  0]LogAnalytics: [UEEditor.Rocket.Release] AnalyticsET::StartSession
[2015.09.07-03.07.56:991][  0]LogInit: Transaction tracking system initialized
[2015.09.07-03.07.57:198][  0]BlueprintLog: New page: Editor Load
[2015.09.07-03.07.57:245][  0]LogAssetRegistry: FAssetRegistry took 0.0103 seconds to start up
[2015.09.07-03.07.57:246][  0]LogDirectoryWatcher:Warning: Failed to begin reading directory changes for ../../../Engine/Plugins/Experimental/CharacterAI/Content/. Error: 0
[2015.09.07-03.07.58:253][  0]LogConsoleManager:Warning: Console variable 'r.VSync' wasn't set ('GameSetting' has a lower priority than 'SystemSettingsIni')
[2015.09.07-03.07.58:254][  0]LogConsoleResponse:Display: 
[2015.09.07-03.07.58:351][  0]LogCook:Display: Done creating registry. It took  0.00s.
[2015.09.07-03.07.58:609][  0]SourceControl: Info Source control is disabled
[2015.09.07-03.07.58:610][  0]Cmd: MAP LOAD FILE="../../../../../../Users/frederic/Documents/Unreal Projects/Brain/Content/FirstPerson/Maps/FirstPersonExampleMap.umap" TEMPLATE=0 SHOWPROGRESS=1 FEATURELEVEL=3
[2015.09.07-03.07.58:611][  0]LightingResults: New page: Lighting Build
[2015.09.07-03.07.58:626][  0]MapCheck: New page: Map Check
[2015.09.07-03.07.58:626][  0]LightingResults: New page: Lighting Build
[2015.09.07-03.07.58:637][  0]LogParticles: Destroying 0 GPU particle simulations for FXSystem 0x0000000020BB09A0
[2015.09.07-03.07.59:284][  0]LogAIModule: Creating AISystem for world FirstPersonExampleMap
[2015.09.07-03.07.59:310][  0]LogEditorServer: Finished looking for orphan Actors (0.000 secs)
[2015.09.07-03.08.00:357][  0]Cmd: MAP CHECKDEP NOCLEARLOG
[2015.09.07-03.08.00:397][  0]MapCheck: Info Map check complete: 0 Error(s), 0 Warning(s), took 38.453ms to complete.
[2015.09.07-03.08.00:397][  0]LogFileHelpers: Loading map 'FirstPersonExampleMap' took 1.787
[2015.09.07-03.08.00:523][  0]LogCollectionManager: Loaded 0 collections in 0.002001 seconds
[2015.09.07-03.08.00:530][  0]LogContentBrowser: Native class hierarchy populated in 0.0073 seconds. Added 1798 classes and 303 folders.
[2015.09.07-03.08.00:600][  0]LogContentBrowser: Native class hierarchy updated for 'WidgetCarousel' in 0.0017 seconds. Added 0 classes and 0 folders.
[2015.09.07-03.08.00:639][  0]LogContentBrowser: Native class hierarchy updated for 'AddContentDialog' in 0.0016 seconds. Added 0 classes and 0 folders.
[2015.09.07-03.08.00:671][  0]LogContentBrowser: Native class hierarchy updated for 'SceneOutliner' in 0.0016 seconds. Added 1 classes and 2 folders.
[2015.09.07-03.08.00:720][  0]LogCrashTracker: Crashtracker disabled due to settings.
[2015.09.07-03.08.00:721][  0]LogD3D11RHI: InitD3DDevice
[2015.09.07-03.08.00:724][  0]LogUObjectGlobals:Warning: Failed to find object 'Class None.'
[2015.09.07-03.08.00:747][  0]LogLoad: Full Startup: 11.62 seconds (BP compile: 0.25 seconds)
[2015.09.07-03.08.00:818][  0]LogContentStreaming: Texture pool size is 0.000000MB
[2015.09.07-03.08.00:866][  0]LogContentStreaming: Texture pool size now 1000 MB
[2015.09.07-03.08.00:981][  0]LogRenderer: Reallocating scene render targets to support 1208x560 (Frame:2).
[2015.09.07-03.08.01:417][  6]LogAssetRegistry: Asset discovery search completed in 4.1826 seconds
[2015.09.07-03.08.03:847][285]LogD3D11RHI: InitD3DDevice
[2015.09.07-03.08.04:281][334]LogPlayLevel: PIE:  No blueprints needed recompiling
[2015.09.07-03.08.04:283][334]PIE: New page: PIE session: FirstPersonExampleMap (Sep 6, 2015, 7:08:04 PM)
[2015.09.07-03.08.04:284][334]LogPlayLevel: Creating play world package: /Game/FirstPerson/Maps/UEDPIE_0_FirstPersonExampleMap
[2015.09.07-03.08.04:302][334]LogPlayLevel: PIE: StaticDuplicateObject took: (0.017702s)
[2015.09.07-03.08.04:304][334]LogAIModule: Creating AISystem for world FirstPersonExampleMap
[2015.09.07-03.08.04:305][334]LogPlayLevel: PIE: World Init took: (0.002084s)
[2015.09.07-03.08.04:306][334]LogPlayLevel: PIE: Created PIE world by copying editor world from /Game/FirstPerson/Maps/FirstPersonExampleMap.FirstPersonExampleMap to /Game/FirstPerson/Maps/UEDPIE_0_FirstPersonExampleMap.FirstPersonExampleMap (0.021553s)
[2015.09.07-03.08.04:306][334]LogActorComponent: UnregisterComponent: (/Engine/Transient.CharMoveComp) Not registered. Aborting.
[2015.09.07-03.08.04:351][334]LogInit: XAudio2 using 'Haut-parleurs (C-Media USB Audio Device   )' : 2 channels at 44.1 kHz using 16 bits per sample (channel mask 0x3)
[2015.09.07-03.08.04:357][334]LogInit: FAudioDevice initialized.
[2015.09.07-03.08.04:400][334]LogWorld: Game class is 'BrainGameMode'
[2015.09.07-03.08.04:407][334]LogWorld: Bringing World /Game/FirstPerson/Maps/UEDPIE_0_FirstPersonExampleMap.FirstPersonExampleMap up for play (max tick rate 0) at 2015.09.06-23.08.04
[2015.09.07-03.08.04:408][334]LogActor:Warning: GameSession /Game/FirstPerson/Maps/UEDPIE_0_FirstPersonExampleMap.FirstPersonExampleMap:PersistentLevel.GameSession_0 has natively added scene component(s), but none of them were set as the actor's RootComponent - picking one arbitrarily
[2015.09.07-03.08.04:409][334]LogActor:Warning: GameNetworkManager /Game/FirstPerson/Maps/UEDPIE_0_FirstPersonExampleMap.FirstPersonExampleMap:PersistentLevel.GameNetworkManager_0 has natively added scene component(s), but none of them were set as the actor's RootComponent - picking one arbitrarily
[2015.09.07-03.08.04:410][334]LogWorld: Bringing up level for play took: 0.007094
[2015.09.07-03.08.04:413][334]PIE: Info Play in editor start time for /Game/FirstPerson/Maps/UEDPIE_0_FirstPersonExampleMap 0.694
[2015.09.07-03.08.11:129][110]LogParticles: Destroying 0 GPU particle simulations for FXSystem 0x00000000282C2A20
[2015.09.07-03.08.12:431][263]LogD3D11RHI: InitD3DDevice
[2015.09.07-03.08.12:461][263]LogD3D11RHI: InitD3DDevice
[2015.09.07-03.08.12:470][263]LogLinker:Warning: Asset '../../../Engine/Content/ArtTools/RenderToTexture/Macros/RenderToTextureMacros.uasset' has been saved with empty engine version. The asset will be loaded but may be incompatible.
[2015.09.07-03.08.12:549][263]LogLinker:Warning: Asset '../../../Engine/Content/ArtTools/RenderToTexture/Enums/RenderToTexture_Enum.uasset' has been saved with empty engine version. The asset will be loaded but may be incompatible.
[2015.09.07-03.08.16:481][578]LogD3D11RHI: InitD3DDevice
[2015.09.07-03.08.16:519][578]LogD3D11RHI: InitD3DDevice
[2015.09.07-03.08.17:955][685]LogRenderer: Reallocating scene render targets to support 1208x904 (Frame:1906).
[2015.09.07-03.08.26:969][493]LogActorComponent: UnregisterComponent: (/Engine/Transient.CharMoveComp) Not registered. Aborting.
[2015.09.07-03.08.29:560][731]BlueprintLog: New page: Compile BrainCharacter
[2015.09.07-03.08.29:651][731]LogActorComponent: UnregisterComponent: (/Engine/Transient.CharacterMovementComponent_0) Not registered. Aborting.
[2015.09.07-03.08.29:669][731]LogParticles: Destroying 0 GPU particle simulations for FXSystem 0x000000000E7A54E0
[2015.09.07-03.08.29:698][731]BlueprintEditorCompileResults: Info [0040.57] Compile of BrainCharacter successful! [in 138 ms]
[2015.09.07-03.08.32:058][  4]LogPlayLevel: PIE:  No blueprints needed recompiling
[2015.09.07-03.08.32:059][  4]PIE: New page: PIE session: FirstPersonExampleMap (Sep 6, 2015, 7:08:32 PM)
[2015.09.07-03.08.32:060][  4]LogPlayLevel: Creating play world package: /Game/FirstPerson/Maps/UEDPIE_0_FirstPersonExampleMap
[2015.09.07-03.08.32:079][  4]LogPlayLevel: PIE: StaticDuplicateObject took: (0.018927s)
[2015.09.07-03.08.32:080][  4]LogAIModule: Creating AISystem for world FirstPersonExampleMap
[2015.09.07-03.08.32:082][  4]LogPlayLevel: PIE: World Init took: (0.001951s)
[2015.09.07-03.08.32:082][  4]LogPlayLevel: PIE: Created PIE world by copying editor world from /Game/FirstPerson/Maps/FirstPersonExampleMap.FirstPersonExampleMap to /Game/FirstPerson/Maps/UEDPIE_0_FirstPersonExampleMap.FirstPersonExampleMap (0.022643s)
[2015.09.07-03.08.32:083][  4]LogActorComponent: UnregisterComponent: (/Engine/Transient.CharMoveComp) Not registered. Aborting.
[2015.09.07-03.08.32:117][  4]LogInit: XAudio2 using 'Haut-parleurs (C-Media USB Audio Device   )' : 2 channels at 44.1 kHz using 16 bits per sample (channel mask 0x3)
[2015.09.07-03.08.32:123][  4]LogInit: F