[2015.09.07-02.23.47:273][  0]Log file open, 09/06/15 22:23:47
[2015.09.07-02.23.47:273][  0]LogInit:Display: Running engine for game: Brain
[2015.09.07-02.23.47:274][  0]LogInit:Display: RandInit(-1594246242) SRandInit(-1594246242).
[2015.09.07-02.23.47:275][  0]LogTaskGraph: Started task graph with 4 named threads and 7 total threads.
[2015.09.07-02.23.47:275][  0]LogStats: Stats thread started
[2015.09.07-02.23.47:275][  0]LogInit: Version: 4.8.3-2634408+++depot+UE4-Releases+4.8
[2015.09.07-02.23.47:276][  0]LogInit: API Version: 2579680
[2015.09.07-02.23.47:276][  0]LogInit: Compiled (64-bit): Jul 27 2015 16:24:33
[2015.09.07-02.23.47:277][  0]LogInit: Compiled with Visual C++: 18.00.21005.01
[2015.09.07-02.23.47:278][  0]LogInit: Build Configuration: Development
[2015.09.07-02.23.47:278][  0]LogInit: Branch Name: ++depot+UE4-Releases+4.8
[2015.09.07-02.23.47:278][  0]LogInit: Command line: 
[2015.09.07-02.23.47:279][  0]LogInit: Base directory: C:/Program Files/Epic Games/4.8/Engine/Binaries/Win64/
[2015.09.07-02.23.47:279][  0]LogInit: Rocket: 1
[2015.09.07-02.23.47:297][  0]LogInit: Using libcurl 7.41.0
[2015.09.07-02.23.47:297][  0]LogInit:  - built for x86_64-pc-win32
[2015.09.07-02.23.47:298][  0]LogInit:  - supports SSL with WinSSL
[2015.09.07-02.23.47:298][  0]LogInit:  - other features:
[2015.09.07-02.23.47:298][  0]LogInit:      CURL_VERSION_SSL
[2015.09.07-02.23.47:299][  0]LogInit:      CURL_VERSION_IPV6
[2015.09.07-02.23.47:299][  0]LogInit:      CURL_VERSION_ASYNCHDNS
[2015.09.07-02.23.47:299][  0]LogInit:      CURL_VERSION_LARGEFILE
[2015.09.07-02.23.47:299][  0]LogInit:      CURL_VERSION_IDN
[2015.09.07-02.23.47:299][  0]LogInit:  CurlRequestOptions (configurable via config and command line):
[2015.09.07-02.23.47:300][  0]LogInit:  - bVerifyPeer = true  - Libcurl will verify peer certificate
[2015.09.07-02.23.47:300][  0]LogInit:  - bUseHttpProxy = false  - Libcurl will NOT use HTTP proxy
[2015.09.07-02.23.47:300][  0]LogInit:  - bDontReuseConnections = false  - Libcurl will reuse connections
[2015.09.07-02.23.47:300][  0]LogInit:  - CertBundlePath = nullptr  - Libcurl will use whatever was configured at build time.
[2015.09.07-02.23.47:314][  0]LogOnline:Warning: No default platform service specified for OnlineSubsystem
[2015.09.07-02.23.47:349][  0]LogInit: Presizing for 0 objects not considered by GC, pre-allocating 0 bytes.
[2015.09.07-02.23.47:356][  0]LogInit: Object subsystem initialized
[2015.09.07-02.23.47:357][  0]LogConsoleResponse:Warning: Skipping Unknown console variable: 'TranslucentSortAxis = (X=0.000000,Y=-1.000000,Z=0.000000)'
[2015.09.07-02.23.47:357][  0]LogConsoleResponse:Warning:   Found in ini file 'C:/Users/frederic/Documents/Unreal Projects/Brain/Saved/Config/Windows/Engine.ini', in section '[/Script/Engine.RendererSettings]'
[2015.09.07-02.23.47:358][  0]LogConsoleResponse:Warning: Skipping Unknown console variable: 'UIScaleRule = ShortestSide'
[2015.09.07-02.23.47:358][  0]LogConsoleResponse:Warning:   Found in ini file 'C:/Users/frederic/Documents/Unreal Projects/Brain/Saved/Config/Windows/Engine.ini', in section '[/Script/Engine.RendererSettings]'
[2015.09.07-02.23.47:358][  0]LogConsoleResponse:Warning: Skipping Unknown console variable: 'UIScaleCurve = (EditorCurveData=(Keys=),ExternalCurve=None)'
[2015.09.07-02.23.47:358][  0]LogConsoleResponse:Warning:   Found in ini file 'C:/Users/frederic/Documents/Unreal Projects/Brain/Saved/Config/Windows/Engine.ini', in section '[/Script/Engine.RendererSettings]'
[2015.09.07-02.23.47:359][  0]LogInit: Selected Device Profile: [Windows]
[2015.09.07-02.23.47:359][  0]LogInit: Applying CVar settings loaded from the selected device profile: [Windows]
[2015.09.07-02.23.47:366][  0]LogInit: Computer: FREDERIC-PC
[2015.09.07-02.23.47:366][  0]LogInit: User: frederic
[2015.09.07-02.23.47:367][  0]LogInit: CPU Page size=4096, Cores=4
[2015.09.07-02.23.47:367][  0]LogInit: High frequency timer resolution =3.331250 MHz
[2015.09.07-02.23.47:367][  0]LogMemory: Memory total: Physical=15.9GB (16GB approx)
[2015.09.07-02.23.47:367][  0]LogMemory: Platform Memory Stats for Windows
[2015.09.07-02.23.47:368][  0]LogMemory: Process Physical Memory: 50.06 MB used, 50.06 MB peak
[2015.09.07-02.23.47:368][  0]LogMemory: Process Virtual Memory: 23.64 MB used, 23.64 MB peak
[2015.09.07-02.23.47:368][  0]LogMemory: Physical Memory: 5574.89 MB used, 16288.39 MB total
[2015.09.07-02.23.47:368][  0]LogMemory: Virtual Memory: 281.93 MB used, 8388608.00 MB total
[2015.09.07-02.23.47:442][  0]LogTextLocalizationManager: The requested culture ('fr_CA') has no localization data; falling back to 'en' for localization and internationalization data.
[2015.09.07-02.23.47:648][  0]LogTextLocalizationManager:Warning: Loaded localization resources contain conflicting entries for (Namespace:ContentBrowser, Key:ImportAssetToolTip):
Localization Resource: (C:/Program Files/Epic Games/4.8/Engine/Content/Localization/Editor/en/Editor.locres) Source String Hash: (-630476809) Localized String: (Import to {0}...)
Localization Resource: (C:/Program Files/Epic Games/4.8/Engine/Content/Localization/Editor/en/Editor.locres) Source String Hash: (1271782899) Localized String: (Imports an asset from file to this folder.)
[2015.09.07-02.23.48:117][  0]LogD3D11RHI: Found D3D11 adapter 0: NVIDIA GeForce GTX 970 (Feature Level 11_0)
[2015.09.07-02.23.48:117][  0]LogD3D11RHI: Adapter has 4008MB of dedicated video memory, 0MB of dedicated system memory, and 7888MB of shared system memory, 1 output[s]
[2015.09.07-02.23.48:124][  0]LogD3D11RHI: Found D3D11 adapter 1: Intel(R) HD Graphics 3000 (Feature Level 10_0)
[2015.09.07-02.23.48:124][  0]LogD3D11RHI: Adapter has 64MB of dedicated video memory, 0MB of dedicated system memory, and 1632MB of shared system memory, 0 output[s]
[2015.09.07-02.23.48:125][  0]LogD3D11RHI: Chosen D3D11 Adapter Id = 0
[2015.09.07-02.23.48:129][  0]LogD3D11RHI: InitD3DDevice
[2015.09.07-02.23.48:129][  0]LogD3D11RHI: !Direct3DDevice
[2015.09.07-02.23.48:130][  0]LogRHI: Texture pool is 1361 MB (70% of 1945 MB)
[2015.09.07-02.23.48:171][  0]LogD3D11RHI: Async texture creation enabled
[2015.09.07-02.23.48:186][  0]LogShaderCompilers:Display: Using Local Shader Compiler.
[2015.09.07-02.23.49:010][  0]LogTemp:Display: Loaded TP DesktopTargetPlatform
[2015.09.07-02.23.49:032][  0]LogTemp:Display: Loaded TP WindowsClientTargetPlatform
[2015.09.07-02.23.49:054][  0]LogTemp:Display: Loaded TP WindowsNoEditorTargetPlatform
[2015.09.07-02.23.49:076][  0]LogTemp:Display: Loaded TP WindowsServerTargetPlatform
[2015.09.07-02.23.49:100][  0]LogTemp:Display: Loaded TP WindowsTargetPlatform
[2015.09.07-02.23.49:116][  0]LogTemp:Display: Loaded TP AndroidTargetPlatform
[2015.09.07-02.23.49:133][  0]LogTemp:Display: Loaded TP Android_ASTCTargetPlatform
[2015.09.07-02.23.49:149][  0]LogTemp:Display: Loaded TP Android_ATCTargetPlatform
[2015.09.07-02.23.49:169][  0]LogTemp:Display: Loaded TP Android_DXTTargetPlatform
[2015.09.07-02.23.49:187][  0]LogTemp:Display: Loaded TP Android_ETC1TargetPlatform
[2015.09.07-02.23.49:207][  0]LogTemp:Display: Loaded TP Android_ETC2TargetPlatform
[2015.09.07-02.23.49:225][  0]LogTemp:Display: Loaded TP Android_PVRTCTargetPlatform
[2015.09.07-02.23.49:295][  0]LogTemp:Display: Loaded TP IOSTargetPlatform
[2015.09.07-02.23.49:311][  0]LogTemp:Display: Loaded TP LinuxNoEditorTargetPlatform
[2015.09.07-02.23.49:326][  0]LogTemp:Display: Loaded TP LinuxServerTargetPlatform
[2015.09.07-02.23.49:344][  0]LogTemp:Display: Loaded TP LinuxTargetPlatform
[2015.09.07-02.23.49:344][  0]LogTargetPlatformManager:Display: Building Assets For Windows
[2015.09.07-02.23.49:650][  0]LogDerivedDataCache:Display: Max Cache Size: 512 MB
[2015.09.07-02.23.49:718][  0]LogDerivedDataCache: Loaded boot cache 0.07s 81MB C:/Users/frederic/AppData/Local/UnrealEngine/4.8/DerivedDataCache/Boot.ddc.
[2015.09.07-02.23.49:719][  0]LogDerivedDataCache:Display: Loaded Boot cache: C:/Users/frederic/AppData/Local/UnrealEngine/4.8/DerivedDataCache/Boot.ddc
[2015.09.07-02.23.49:720][  0]LogDerivedDataCache: FDerivedDataBackendGraph:  Pak pak cache file ../../../../../../Users/frederic/Documents/Unreal Projects/Brain/DerivedDataCache/DDC.ddp not found, will not use a pak cache.
[2015.09.07-02.23.49:720][  0]LogDerivedDataCache: Unable to find inner node Pak for hierarchical cache Hierarchy.
[2015.09.07-02.23.49:720][  0]LogDerivedDataCache: FDerivedDataBackendGraph:  CompressedPak pak cache file ../../../../../../Users/frederic/Documents/Unreal Projects/Brain/DerivedDataCache/Compressed.ddp not found, will not use a pak cache.
[2015.09.07-02.23.49:720][  0]LogDerivedDataCache: Unable to find inner node CompressedPak for hierarchical cache Hierarchy.
[2015.09.07-02.23.49:866][  0]LogDerivedDataCache:Display: Pak cache opened for reading ../../../Engine/DerivedDataCache/Compressed.ddp.
[2015.09.07-02.23.49:878][  0]LogDerivedDataCache: Using Local data cache path C:/Users/frederic/AppData/Local/UnrealEngine/Common/DerivedDataCache: Writable
[2015.09.07-02.23.50:084][  0]LogInit: Selected Device Profile: [Windows]
[2015.09.07-02.23.50:091][  0]ImportText (ComponentSweepMultiTests): Missing closing parenthesis: (RootShapeAsset="/Engine/BasicShapes/Cube.Cube",ShapeType="TriggerCapsule",HitResult=(Time=0.50,Location=(X=-100.000015,Y=0.0,Z=100.000015),ImpactPoint=(X=-50.0,Y=0.0,Z=50.0),Normal=(X=-1.0,Y=-0.0,Z=0.0),ImpactNormal=(X=0.0,Y=0.0,Z=1.0),TraceStart=(X=-200.0,Y=0.0,Z=200.0),TraceEnd=(X=0.0,Y=0.0,Z=0.0))
[2015.09.07-02.23.50:092][  0]ImportText (LineTraceSingleByChannelTests): Missing closing parenthesis: (RootShapeAsset="/Engine/BasicShapes/Cube.Cube",HitResult=(Time=0.50,Location=(X=-100.000015,Y=0.0,Z=100.000015),ImpactPoint=(X=-50.0,Y=0.0,Z=50.0),Normal=(X=-1.0,Y=-0.0,Z=0.0),ImpactNormal=(X=0.0,Y=0.0,Z=1.0),TraceStart=(X=-200.0,Y=0.0,Z=200.0),TraceEnd=(X=0.0,Y=0.0,Z=0.0))
[2015.09.07-02.23.50:130][  0]LogMeshUtilities: No automatic mesh reduction module available
[2015.09.07-02.23.50:130][  0]LogMeshUtilities: No automatic mesh merging module available
[2015.09.07-02.23.50:530][  0]LogInit: WinSock: version 1.1 (2.2), MaxSocks=32767, MaxUdp=65467
[2015.09.07-02.23.51:712][  0]UdpMessaging: Initializing bridge on interface 0.0.0.0:0 to multicast group 230.0.0.1:6666.
[2015.09.07-02.23.51:812][  0]LogLinker:Warning: Can't find file '/Game/FirstPerson/Blueprints/BrainCharacter'
[2015.09.07-02.23.51:812][  0]LogLinker:Warning: Can't find file '/Game/FirstPerson/Blueprints/BrainCharacter'
[2015.09.07-02.23.51:813][  0]LogLinker:Warning: Can't find file '/Game/FirstPerson/Blueprints/BrainCharacter'
[2015.09.07-02.23.51:813][  0]LogUObjectGlobals:Warning: Failed to find object 'Class /Game/FirstPerson/Blueprints/BrainCharacter.BrainCharacter_C'
[2015.09.07-02.23.51:814][  0]Error: CDO Constructor (BrainGameMode): Failed to find /Game/FirstPerson/Blueprints/BrainCharacter.BrainCharacter_C

[2015.09.07-02.23.51:815][  0]LogUObjectBase:Warning: -------------- Default Property warnings and errors:
[2015.09.07-02.23.51:815][  0]LogUObjectBase:Warning: Error: CDO Constructor (BrainGameMode): Failed to find /Game/FirstPerson/Blueprints/BrainCharacter.BrainCharacter_C

[2015.09.07-02.23.54:912][  0]SourceControl: Info Source control is disabled
[2015.09.07-02.23.54:936][  0]SourceControl: Info Source control is disabled
[2015.09.07-02.23.54:955][  0]SourceControl: Info Source control is disabled
[2015.09.07-02.23.54:975][  0]SourceControl: Info Source control is disabled
[2015.09.07-02.23.55:277][  0]LogObj: 26308 objects as part of root set at end of initial load.
[2015.09.07-02.23.55:278][  0]LogUObjectAllocator: 5436992 out of 0 bytes used by permanent object pool.
[2015.09.07-02.23.55:365][  0]LogEngine: Initializing Engine...
[2015.09.07-02.23.55:368][  0]LogHMD: Can't find Oculus library dev build: is proper Runtime installed? Version: 0.6.0.0
[2015.09.07-02.23.55:371][  0]LogHMD:Warning: SteamVR failed to initialize.  Error: 110
[2015.09.07-02.23.55:529][  0]LogAIModule: Creating AISystem for world NewWorld
[2015.09.07-02.23.55:541][  0]LogInit: XAudio2 using 'Haut-parleurs (C-Media USB Audio Device   )' : 2 channels at 44.1 kHz using 16 bits per sample (channel mask 0x3)
[2015.09.07-02.23.55:565][  0]LogInit: FAudioDevice initialized.
[2015.09.07-02.23.55:604][  0]LogDerivedDataCache: Saved boot cache 0.04s 81MB C:/Users/frederic/AppData/Local/UnrealEngine/4.8/DerivedDataCache/Boot.ddc.
[2015.09.07-02.23.55:615][  0]LogInit: Texture streaming: Disabled
[2015.09.07-02.23.55:648][  0]LogAnalytics: Creating configured Analytics provider AnalyticsET
[2015.09.07-02.23.55:648][  0]LogAnalytics: [UEEditor.Rocket.Release] APIServer = http://et2.epicgames.com/ET2/. AppVersion = 4.8.3-2634408+++depot+UE4-Releases+4.8
[2015.09.07-02.23.55:649][  0]LogAnalytics: [UEEditor.Rocket.Release] SetUserId c8da8d664a36a98701fe659c10ae4ff8|70626fa7f476448fb82ad9618fbbb1ab|00e7fb16-00c3-4af4-a2a1-2cc8013aae38
[2015.09.07-02.23.55:649][  0]LogAnalytics: [UEEditor.Rocket.Release] AnalyticsET::StartSession
[2015.09.07-02.23.55:677][  0]LogInit: Transaction tracking system initialized
[2015.09.07-02.23.55:886][  0]BlueprintLog: New page: Editor Load
[2015.09.07-02.23.55:932][  0]LogAssetRegistry: FAssetRegistry took 0.0103 seconds to start up
[2015.09.07-02.23.55:933][  0]LogDirectoryWatcher:Warning: Failed to begin reading directory changes for ../../../Engine/Plugins/Experimental/CharacterAI/Content/. Error: 0
[2015.09.07-02.23.56:897][  0]LogConsoleManager:Warning: Console variable 'r.VSync' wasn't set ('GameSetting' has a lower priority than 'SystemSettingsIni')
[2015.09.07-02.23.56:898][  0]LogConsoleResponse:Display: 
[2015.09.07-02.23.57:000][  0]LogCook:Display: Done creating registry. It took  0.00s.
[2015.09.07-02.23.57:262][  0]SourceControl: Info Source control is disabled
[2015.09.07-02.23.57:262][  0]Cmd: MAP LOAD FILE="../../../../../../Users/frederic/Documents/Unreal Projects/Brain/Content/FirstPerson/Maps/FirstPersonExampleMap.umap" TEMPLATE=0 SHOWPROGRESS=1 FEATURELEVEL=3
[2015.09.07-02.23.57:263][  0]LightingResults: New page: Lighting Build
[2015.09.07-02.23.57:278][  0]MapCheck: New page: Map Check
[2015.09.07-02.23.57:278][  0]LightingResults: New page: Lighting Build
[2015.09.07-02.23.57:286][  0]LogParticles: Destroying 0 GPU particle simulations for FXSystem 0x00000000216DAF20
[2015.09.07-02.23.58:285][  0]LogAIModule: Creating AISystem for world FirstPersonExampleMap
[2015.09.07-02.23.58:295][  0]LogEditorServer: Finished looking for orphan Actors (0.000 secs)
[2015.09.07-02.23.59:425][  0]Cmd: MAP CHECKDEP NOCLEARLOG
[2015.09.07-02.23.59:465][  0]MapCheck: Info Map check complete: 0 Error(s), 0 Warning(s), took 39.47ms to complete.
[2015.09.07-02.23.59:466][  0]LogFileHelpers: Loading map 'FirstPersonExampleMap' took 2.203
[2015.09.07-02.23.59:597][  0]LogCollectionManager: Loaded 0 collections in 0.002019 seconds
[2015.09.07-02.23.59:605][  0]LogContentBrowser: Native class hierarchy populated in 0.0078 seconds. Added 1798 classes and 303 folders.
[2015.09.07-02.23.59:687][  0]LogContentBrowser: Native class hierarchy updated for 'WidgetCarousel' in 0.0023 seconds. Added 0 classes and 0 folders.
[2015.09.07-02.23.59:735][  0]LogContentBrowser: Native class hierarchy updated for 'AddContentDialog' in 0.0023 seconds. Added 0 classes and 0 folders.
[2015.09.07-02.23.59:770][  0]LogContentBrowser: Native class hierarchy updated for 'SceneOutliner' in 0.0022 seconds. Added 1 classes and 2 folders.
[2015.09.07-02.23.59:823][  0]LogCrashTracker: Crashtracker disabled due to settings.
[2015.09.07-02.23.59:825][  0]LogD3D11RHI: InitD3DDevice
[2015.09.07-02.23.59:828][  0]LogUObjectGlobals:Warning: Failed to find object 'Class None.'
[2015.09.07-02.23.59:851][  0]LogLoad: Full Startup: 14.54 seconds (BP compile: 0.30 seconds)
[2015.09.07-02.24.00:246][  0]LogContentStreaming: Texture pool size is 0.000000MB
[2015.09.07-02.24.00:289][  0]LogContentStreaming: Texture pool size now 1000 MB
[2015.09.07-02.24.00:403][  0]LogRenderer: Reallocating scene render targets to support 1208x560 (Frame:2).
[2015.09.07-02.24.02:892][  8]LogAssetRegistry: Asset discovery search completed in 6.9702 seconds
[2015.09.07-02.24.08:637][142]LogD3D11RHI: InitD3DDevice
[2015.09.07-02.24.09:124][199]LogD3D11RHI: InitD3DDevice
[2015.09.07-02.24.09:372][229]LogD3D11RHI: InitD3DDevice
[2015.09.07-02.24.10:311][339]LogD3D11RHI: InitD3DDevice
[2015.09.07-02.24.10:358][339]LogD3D11RHI: InitD3DDevice
[2015.09.07-02.24.30:448][661]LogD3D11RHI: InitD3DDevice
[2015.09.07-02.24.30:464][661]LogD3D11RHI: InitD3DDevice
[2015.09.07-02.24.30:474][661]LogLinker:Warning: Asset '../../../Engine/Content/ArtTools/RenderToTexture/Macros/RenderToTextureMacros.uasset' has been saved with empty engine version. The asset will be loaded but may be incompatible.
[2015.09.07-02.24.30:552][661]LogLinker:Warning: Asset '../../../Engine/Content/ArtTools/RenderToTexture/Enums/RenderToTexture_Enum.uasset' has been saved with empty engine version. The asset will be loaded but may be incompatible.
[2015.09.07-02.24.34:277][923]LogRenderer: Reallocating scene render targets to support 1208x904 (Frame:4745).
[2015.09.07-02.24.46:130][ 43]LogD3D11RHI: InitD3DDevice
[2015.09.07-02.24.47:279][156]LogActorComponent: UnregisterComponent: (/Engine/Transient.ProjectileComp) Not registered. Aborting.
[2015.09.07-02.24.47:279][156]LogActorComponent: UnregisterComponent: (/Engine/Transient.CharMoveComp) Not registered. Aborting.
[2015.09.07-02.24.53:901][745]BlueprintLog: New page: Compile BrainCharacter
[2015.09.07-02.24.53:981][745]LogActorComponent: UnregisterComponent: (/Engine/Transient.CharacterMovementComponent_0) Not registered. Aborting.
[2015.09.07-02.24.54:069][745]BlueprintEditorCompileResults: Info [0068.75] Compile of BrainCharacter successful! [in 167 ms]
[2015.09.07-02.24.56:128][986]LogPlayLevel: PIE:  No blueprints needed recompiling
[2015.09.07-02.24.56:139][986]PIE: New page: PIE session: FirstPersonExampleMap (Sep 6, 2015, 6:24:56 PM)
[2015.09.07-02.24.56:140][986]LogPlayLevel: Creating play world package: /Game/FirstPerson/Maps/UEDPIE_0_FirstPersonExampleMap
[2015.09.07-02.24.56:317][986]LogPlayLevel: PIE: StaticDuplicateObject took: (0.176693s)
[2015.09.07-02.24.56:319][986]LogAIModule: Creating AISystem for world FirstPersonExampleMap
[2015.09.07-02.24.56:320][986]LogPlayLevel: PIE: World Init took: (0.002298s)
[2015.09.07-02.24.56:321][986]LogPlayLevel: PIE: Created PIE world by copying editor world from /Game/FirstPerson/Maps/FirstPersonExampleMap.FirstPersonExampleMap to /Game/FirstPerson/Maps/UEDPIE_0_FirstPersonExampleMap.FirstPersonExampleMap (0.180706s)
[2015.09.07-02.24.56:321][986]LogActorComponent: UnregisterComponent: (/Engine/Transient.CharMoveComp) Not registered. Aborting.
[2015.09.07-02.24.56:357][986]LogInit: XAudio2 using 'Haut-parleurs (C-Media USB Audio Device   )' : 2 channels at 44.1 kHz using 16 bits per sample (channel mask 0x3)
[2015.09.07-02.24.56:363][986]LogInit: FAudioDevice initialized.
[2015.09.07-02.24.56:425][986]LogWorld: Game class is 'BrainGameMode'
[2015.09.07-02.24.56:432][986]LogWorld: Bringing World /Game/FirstPerson/Maps/UEDPIE_0_FirstPersonExampleMap.FirstPersonExampleMap up for play (max tick rate 0) at 2015.09.06-22.24.56
[2015.09.07-02.24.56:433][986]LogActor:Warning: GameSession /Game/FirstPerson/Maps/UEDPIE_0_FirstPersonExampleMap.FirstPersonExampleMap:PersistentLevel.GameSession_0 has natively added scene component(s), but none of them were set as the actor's RootComponent - picking one arbitrarily
[2015.09.07-02.24.56:433][986]LogActor:Warning: GameNetworkManager /Game/FirstPerson/Maps/UEDPIE_0_FirstPersonExampleMap.FirstPersonExampleMap:PersistentLevel.GameNetworkManager_0 has natively added scene component(s), but none of them were set as the actor's RootComponent - picking one arbitrarily
[2015.09.07-02.24.56:434][986]LogWorld: Bringing up level for play took: 0.006679
[2015.09.07-02.24.56:436][986]PIE: Info Play in editor start time for /Game/FirstPerson/Maps/UEDPIE_0_FirstPersonExampleMap 0.771
[2015.09.07-02.25.03:659][833]LogParticles: Destroying 0 GPU particle simulations for FXSystem 0x000000000FA53060
[2015.09.07-02.25.06:940][193]LogD3D11RHI: InitD3DDevice
[2015.09.07-02.25.07:502][253]LogD3D11RHI: InitD3DDevice
[2015.09.07-02.25.08:508][373]LogD3D11RHI: InitD3DDevice
[2015.09.07-02.25.10:099][562]LogD3D11RHI: InitD3DDevice
[2015.09.07-02.25.10:927][612]LogD3D11RHI: InitD3DDevice
[2015.09.07-02.25.10:980][612]LogSavePackage: Save=20.476097ms
[2015.09.07-02.25.10:980][612]LogSavePackage: Moving '../../../../../../Users/frederic/Documents/Unreal Projects/Brain/Saved/BrainCharacter47A6F7E248440C782226F69BA59FC747.tmp' to '../../../../../../Users/frederic/Documents/Unreal Projects/Brain/Content/FirstPerson/Blueprints/BrainCharacter.uasset'
[2015.09.07-02.25.12:166][750]LogActorComponent: UnregisterComponent: (/Engine/Transient.ProjectileComp) Not registered. Aborting.
[2015.09.07-02.25.12:167][750]LogActorComponent: UnregisterComponent: (/Engine/Transient.CharMoveComp) Not registered. Aborting.
[2015.09.07-02.25.12:167][750]LogActorComponent: UnregisterComponent: (/Engine/Transient.CharacterMovementComponent_1) Not registered. Aborting.
[2015.09.07-02.25.12:521][751]Cmd: QUIT_EDITOR
[2015.09.07-02.25.12:811][751]LogExit: Preparing to exit.
[2015.09.07-02.25.13:867][751]LogExit: Editor shut down
[2015.09.07-02.25.13:868][751]LogExit: Transaction tracking system shut down
[2015.09.07-02.25.13:869][751]LogParticles: Destroying 0 GPU particle simulations for FXSystem 0x000000000ECB2E80
[2015.09.07-02.25.13:869][751]LogParticles: Destroying 0 GPU particle simulations for FXSystem 0x00000000121DE020
[2015.09.07-02.25.13:870][751]LogParticles: Destroying 0 GPU particle simulations for FXSystem 0x000000002F98CFE0
[2015.09.07-02.25.13:870][751]LogParticles: Destroying 0 GPU particle simulations for FXSystem 0x00000000321593A0
[2015.09.07-02.25.13:874][751]LogParticles: Destroying 0 GPU particle simulations for FXSystem 0x000000002F13B380
[2015.09.07-02.25.14:075][751]LogExit: Object subsystem successfully closed.
[2015.09.07-02.25.14:098][751]LogD3D11RHI: Shutdown
[2015.09.07-02.25.14:098][751]LogD3D11RHI: CleanupD3DDevice
[2015.09.07-02.25.14:626][751]LogD3D11RHI: ~FD3D11DynamicRHI
[2015.09.07-02.25.14:642][751]LogModuleManager: Shutting down and abandoning module CrashTracker (189)
[2015.09.07-02.25.14:642][751]LogModuleManager: Shutting down and abandoning module SceneOutliner (188)
[2015.09.07-02.25.14:642][751]LogModuleManager: Shutting down and abandoning module SuperSearch (187)
[2015.09.07-02.25.14:643][751]LogModuleManager: Shutting down and abandoning module WidgetCarousel (186)
[2015.09.07-02.25.14:643][751]LogModuleManager: Shutting down and abandoning module AddContentDialog (185)
[2015.09.07-02.25.14:644][751]LogModuleManager: Shutting down and abandoning module EditorWidgets (184)
[2015.09.07-02.25.14:644][751]LogModuleManager: Shutting down and abandoning module CollectionManager (183)
[2015.09.07-02.25.14:644][751]LogModuleManager: Shutting down and abandoning module StatsViewer (182)
[2015.09.07-02.25.14:645][751]LogModuleManager: Shutting down and abandoning module FoliageEdit (181)
[2015.09.07-02.25.14:645][751]LogModuleManager: Shutting down and abandoning module LandscapeEditor (180)
[2015.09.07-02.25.14:645][751]LogModuleManager: Shutting down and abandoning module ActorPickerMode (179)
[2015.09.07-02.25.14:646][751]LogModuleManager: Shutting down and abandoning module GeometryMode (178)
[2015.09.07-02.25.14:646][751]LogModuleManager: Shutting down and abandoning module TextureAlignMode (177)
[2015.09.07-02.25.14:646][751]LogModuleManager: Shutting down and abandoning module BspMode (176)
[2015.09.07-02.25.14:646][751]LogModuleManager: Shutting down and abandoning module PlacementMode (175)
[2015.09.07-02.25.14:646][751]LogModuleManager: Shutting down and abandoning module AutomationWorker (174)
[2015.09.07-02.25.14:647][751]LogModuleManager: Shutting down and abandoning module CharacterAI (173)
[2015.09.07-02.25.14:647][751]LogModuleManager: Shutting down and abandoning module SmartSnapping (172)
[2015.09.07-02.25.14:647][751]LogModuleManager: Shutting down and abandoning module ViewportSnapping (171)
[2015.09.07-02.25.14:647][751]LogModuleManager: Shutting down and abandoning module LogVisualizer (170)
[2015.09.07-02.25.14:648][751]LogModuleManager: Shutting down and abandoning module GameProjectGeneration (169)
[2015.09.07-02.25.14:648][751]LogModuleManager: Shutting down and abandoning module IntroTutorials (168)
[2015.09.07-02.25.14:648][751]LogModuleManager: Shutting down and abandoning module EditorLiveStreaming (167)
[2015.09.07-02.25.14:648][751]LogModuleManager: Shutting down and abandoning module IOSPlatformEditor (166)
[2015.09.07-02.25.14:649][751]LogModuleManager: Shutting down and abandoning module HTML5PlatformEditor (165)
[2015.09.07-02.25.14:649][751]LogModuleManager: Shutting down and abandoning module AndroidDeviceDetection (164)
[2015.09.07-02.25.15:632][751]LogModuleManager: Shutting down and abandoning module AndroidPlatformEditor (163)
[2015.09.07-02.25.15:632][751]LogModuleManager: Shutting down and abandoning module IOSRuntimeSettings (162)
[2015.09.07-02.25.15:633][751]LogModuleManager: Shutting down and abandoning module AndroidRuntimeSettings (161)
[2015.09.07-02.25.15:633][751]LogModuleManager: Shutting down and abandoning module MergeActors (160)
[2015.09.07-02.25.15:633][751]LogModuleManager: Shutting down and abandoning module SizeMap (159)
[2015.09.07-02.25.15:633][751]LogModuleManager: Shutting down and abandoning module TreeMap (158)
[2015.09.07-02.25.15:634][751]LogModuleManager: Shutting down and abandoning module ReferenceViewer (157)
[2015.09.07-02.25.15:634][751]LogModuleManager: Shutting down and abandoning module LocalizationDashboard (156)
[2015.09.07-02.25.15:634][751]LogModuleManager: Shutting down and abandoning module HardwareTargeting (155)
[2015.09.07-02.25.15:634][751]LogModuleManager: Shutting down and abandoning module DeviceProfileEditor (154)
[2015.09.07-02.25.15:635][751]LogModuleManager: Shutting down and abandoning module UndoHistory (153)
[2015.09.07-02.25.15:635][751]LogModuleManager: Shutting down and abandoning module GameplayTagsEditor (152)
[2015.09.07-02.25.15:635][751]LogModuleManager: Shutting down and abandoning module UserFeedback (151)
[2015.09.07-02.25.15:635][751]LogModuleManager: Shutting down and abandoning module XmlParser (150)
[2015.09.07-02.25.15:636][751]LogModuleManager: Shutting down and abandoning module Blutility (149)
[2015.09.07-02.25.15:636][751]LogModuleManager: Shutting down and abandoning module ProjectTargetPlatformEditor (148)
[2015.09.07-02.25.15:636][751]LogModuleManager: Shutting down and abandoning module ProjectSettingsViewer (147)
[2015.09.07-02.25.15:636][751]LogModuleManager: Shutting down and abandoning module InputBindingEditor (146)
[2015.09.07-02.25.15:637][751]LogModuleManager: Shutting down and abandoning module EditorSettingsViewer (145)
[2015.09.07-02.25.15:637][751]LogModuleManager: Shutting down and abandoning module SettingsEditor (144)
[2015.09.07-02.25.15:637][751]LogModuleManager: Shutting down and abandoning module ProjectLauncher (143)
[2015.09.07-02.25.15:637][751]LogModuleManager: Shutting down and abandoning module SessionFrontend (142)
[2015.09.07-02.25.15:638][751]LogModuleManager: Shutting down and abandoning module ProfilerClient (141)
[2015.09.07-02.25.15:638][751]LogModuleManager: Shutting down and abandoning module TargetDeviceServices (140)
[2015.09.07-02.25.15:638][751]LogModuleManager: Shutting down and abandoning module DeviceManager (139)
[2015.09.07-02.25.15:638][751]LogModuleManager: Shutting down and abandoning module AutomationController (138)
[2015.09.07-02.25.15:639][751]LogModuleManager: Shutting down and abandoning module AutomationWindow (137)
[2015.09.07-02.25.15:639][751]LogModuleManager: Shutting down and abandoning module Layers (136)
[2015.09.07-02.25.15:639][751]LogModuleManager: Shutting down and abandoning module ComponentVisualizers (135)
[2015.09.07-02.25.15:639][751]LogModuleManager: Shutting down and abandoning module DetailCustomizations (134)
[2015.09.07-02.25.15:639][751]LogModuleManager: Shutting down and abandoning module PackagesDialog (133)
[2015.09.07-02.25.15:640][751]LogModuleManager: Shutting down and abandoning module AssetRegistry (132)
[2015.09.07-02.25.15:759][751]LogModuleManager: Shutting down and abandoning module Persona (131)
[2015.09.07-02.25.15:760][751]LogModuleManager: Shutting down and abandoning module Kismet (130)
[2015.09.07-02.25.15:760][751]LogModuleManager: Shutting down and abandoning module GraphEditor (129)
[2015.09.07-02.25.15:760][751]LogModuleManager: Shutting down and abandoning module ClassViewer (128)
[2015.09.07-02.25.15:761][751]LogModuleManager: Shutting down and abandoning module Toolbox (127)
[2015.09.07-02.25.15:762][751]LogModuleManager: Shutting down and abandoning module ModuleUI (126)
[2015.09.07-02.25.15:762][751]LogModuleManager: Shutting down and abandoning module MovieSceneTools (125)
[2015.09.07-02.25.15:762][751]LogModuleManager: Shutting down and abandoning module OutputLog (124)
[2015.09.07-02.25.15:762][751]LogModuleManager: Shutting down and abandoning module GammaUI (123)
[2015.09.07-02.25.15:763][751]LogModuleManager: Shutting down and abandoning module Documentation (122)
[2015.09.07-02.25.15:763][751]LogModuleManager: Shutting down and abandoning module GameLiveStreaming (121)
[2015.09.07-02.25.15:763][751]LogModuleManager: Shutting down and abandoning module StreamingPauseRendering (120)
[2015.09.07-02.25.15:763][751]LogModuleManager: Shutting down and abandoning module AnalyticsET (119)
[2015.09.07-02.25.15:763][751]LogModuleManager: Shutting down and abandoning module Analytics (118)
[2015.09.07-02.25.15:764][751]LogModuleManager: Shutting down and abandoning module AITestSuite (117)
[2015.09.07-02.25.15:764][751]LogModuleManager: Shutting down and abandoning module GameplayDebugger (116)
[2015.09.07-02.25.15:764][751]LogModuleManager: Shutting down and abandoning module AIModule (115)
[2015.09.07-02.25.15:764][751]LogModuleManager: Shutting down and abandoning module ProfilerService (114)
[2015.09.07-02.25.15:843][751]LogModuleManager: Shutting down and abandoning module TaskGraph (113)
[2015.09.07-02.25.15:843][751]LogModuleManager: Shutting down and abandoning module SlateRemote (112)
[2015.09.07-02.25.15:843][751]LogModuleManager: Shutting down and abandoning module SteamVRController (111)
[2015.09.07-02.25.15:844][751]LogModuleManager: Shutting down and abandoning module SteamVR (110)
[2015.09.07-02.25.15:844][751]LogModuleManager: Shutting down and abandoning module ProceduralMeshComponent (109)
[2015.09.07-02.25.15:844][751]LogModuleManager: Shutting down and abandoning module OculusRift (108)
[2015.09.07-02.25.15:844][751]LogModuleManager: Shutting down and abandoning module LeapMotionController (107)
[2015.09.07-02.25.15:854][751]LogModuleManager: Shutting down and abandoning module CustomMeshComponent (106)
[2015.09.07-02.25.15:854][751]LogModuleManager: Shutting down and abandoning module CableComponent (105)
[2015.09.07-02.25.15:854][751]LogModuleManager: Shutting down and abandoning module MessagingDebugger (104)
[2015.09.07-02.25.15:855][751]LogModuleManager: Shutting down and abandoning module MediaPlayerEditor (103)
[2015.09.07-02.25.15:855][751]LogModuleManager: Shutting down and abandoning module SpeedTreeImporter (102)
[2015.09.07-02.25.15:855][751]LogModuleManager: Shutting down and abandoning module PluginBrowser (101)
[2015.09.07-02.25.15:855][751]LogModuleManager: Shutting down and abandoning module EpicSurvey (100)
[2015.09.07-02.25.15:855][751]LogModuleManager: Shutting down and abandoning module DesktopPlatform (99)
[2015.09.07-02.25.15:856][751]LogModuleManager: Shutting down and abandoning module VisualStudioSourceCodeAccess (98)
[2015.09.07-02.25.15:856][751]LogModuleManager: Shutting down and abandoning module UObjectPlugin (97)
[2015.09.07-02.25.15:856][751]LogModuleManager: Shutting down and abandoning module SubversionSourceControl (96)
[2015.09.07-02.25.15:856][751]LogModuleManager: Shutting down and abandoning module PerforceSourceControl (95)
[2015.09.07-02.25.15:857][751]LogModuleManager: Shutting down and abandoning module SourceControl (94)
[2015.09.07-02.25.15:857][751]LogModuleManager: Shutting down and abandoning module GitSourceControl (93)
[2015.09.07-02.25.15:857][751]LogModuleManager: Shutting down and abandoning module BlankPlugin (92)
[2015.09.07-02.25.15:857][751]LogModuleManager: Shutting down and abandoning module PaperTiledImporter (91)
[2015.09.07-02.25.15:858][751]LogModuleManager: Shutting down and abandoning module PaperSpriteSheetImporter (90)
[2015.09.07-02.25.15:858][751]LogModuleManager: Shutting down and abandoning module MeshPaint (89)
[2015.09.07-02.25.15:858][751]LogModuleManager: Shutting down and abandoning module SlateReflector (88)
[2015.09.07-02.25.15:858][751]LogModuleManager: Shutting down and abandoning module DirectoryWatcher (87)
[2015.09.07-02.25.15:859][751]LogModuleManager: Shutting down and abandoning module HotReload (86)
[2015.09.07-02.25.15:859][751]LogModuleManager: Shutting down and abandoning module MainFrame (85)
[2015.09.07-02.25.15:859][751]LogModuleManager: Shutting down and abandoning module LevelEditor (84)
[2015.09.07-02.25.15:860][751]LogModuleManager: Shutting down and abandoning module ContentBrowser (83)
[2015.09.07-02.25.15:861][751]LogModuleManager: Shutting down and abandoning module Paper2DEditor (82)
[2015.09.07-02.25.15:861][751]LogModuleManager: Shutting down and abandoning module Brain (81)
[2015.09.07-02.25.15:862][751]LogModuleManager: Shutting down and abandoning module UdpMessaging (80)
[2015.09.07-02.25.15:962][751]LogModuleManager: Shutting down and abandoning module Paper2D (79)
[2015.09.07-02.25.15:963][751]LogModuleManager: Shutting down and abandoning module WindowsMoviePlayer (78)
[2015.09.07-02.25.15:968][751]LogModuleManager: Shutting down and abandoning module Media (77)
[2015.09.07-02.25.15:969][751]LogModuleManager: Shutting down and abandoning module WmfMedia (76)
[2015.09.07-02.25.15:972][751]LogModuleManager: Shutting down and abandoning module OnlineBlueprintSupport (75)
[2015.09.07-02.25.15:973][751]LogModuleManager: Shutting down and abandoning module PropertyEditor (74)
[2015.09.07-02.25.15:974][751]LogModuleManager: Shutting down and abandoning module BehaviorTreeEditor (73)
[2015.09.07-02.25.15:974][751]LogModuleManager: Shutting down and abandoning module FunctionalTesting (72)
[2015.09.07-02.25.15:975][751]LogModuleManager: Shutting down and abandoning module CollisionAnalyzer (71)
[2015.09.07-02.25.15:975][751]LogModuleManager: Shutting down and abandoning module WorkspaceMenuStructure (70)
[2015.09.07-02.25.15:976][751]LogModuleManager: Shutting down and abandoning module MessageLog (69)
[2015.09.07-02.25.15:976][751]LogModuleManager: Shutting down and abandoning module Sequencer (68)
[2015.09.07-02.25.15:977][751]LogModuleManager: Shutting down and abandoning module AssetTools (67)
[2015.09.07-02.25.15:977][751]LogModuleManager: Shutting down and abandoning module UMGEditor (66)
[2015.09.07-02.25.15:977][751]LogModuleManager: Shutting down and abandoning module UMG (65)
[2015.09.07-02.25.15:977][751]LogModuleManager: Shutting down and abandoning module Slate (64)
[2015.09.07-02.25.15:978][751]LogModuleManager: Shutting down and abandoning module EditorStyle (63)
[2015.09.07-02.25.15:980][751]LogModuleManager: Shutting down and abandoning module SessionServices (62)
[2015.09.07-02.25.15:981][751]LogModuleManager: Shutting down and abandoning module SourceCodeAccess (61)
[2015.09.07-02.25.15:981][751]LogModuleManager: Shutting down and abandoning module HeadMountedDisplay (60)
[2015.09.07-02.25.15:981][751]LogModuleManager: Shutting down and abandoning module XAudio2 (59)
[2015.09.07-02.25.15:981][751]LogModuleManager: Shutting down and abandoning module Networking (57)
[2015.09.07-02.25.15:981][751]LogModuleManager: Shutting down and abandoning module Core (56)
[2015.09.07-02.25.15:982][751]LogModuleManager: Shutting down and abandoning module KismetCompiler (55)
[2015.09.07-02.25.15:982][751]LogModuleManager: Shutting down and abandoning module PhysXFormats (54)
[2015.09.07-02.25.15:982][751]LogModuleManager: Shutting down and abandoning module MeshUtilities (53)
[2015.09.07-02.25.15:982][751]LogModuleManager: Shutting down and abandoning module DerivedDataCache (52)
[2015.09.07-02.25.16:384][751]LogDerivedDataCache: Shutdown
[2015.09.07-02.25.16:385][751]LogModuleManager: Shutting down and abandoning module ShaderFormatOpenGL (51)
[2015.09.07-02.25.16:385][751]LogModuleManager: Shutting down and abandoning module ShaderFormatD3D (50)
[2015.09.07-02.25.16:386][751]LogModuleManager: Shutting down and abandoning module MetalShaderFormat (49)
[2015.09.07-02.25.16:387][751]LogModuleManager: Shutting down and abandoning module TextureFormatUncompressed (48)
[2015.09.07-02.25.16:387][751]LogModuleManager: Shutting down and abandoning module TextureFormatPVR (47)
[2015.09.07-02.25.16:388][751]LogModuleManager: Shutting down and abandoning module TextureFormatIntelISPCTexComp (46)
[2015.09.07-02.25.16:389][751]LogModuleManager: Shutting down and abandoning module TextureFormatDXT (45)
[2015.09.07-02.25.16:389][751]LogModuleManager: Shutting down and abandoning module ImageWrapper (44)
[2015.09.07-02.25.16:390][751]LogModuleManager: Shutting down and abandoning module TextureFormatASTC (43)
[2015.09.07-02.25.16:390][751]LogModuleManager: Shutting down and abandoning module TextureFormatAndroid (42)
[2015.09.07-02.25.16:391][751]LogModuleManager: Shutting down and abandoning module AudioFormatOpus (41)
[2015.09.07-02.25.16:391][751]LogModuleManager: Shutting down and abandoning module AudioFormatOgg (40)
[2015.09.07-02.25.16:392][751]LogModuleManager: Shutting down and abandoning module AudioFormatADPCM (39)
[2015.09.07-02.25.16:392][751]LogModuleManager: Shutting down and abandoning module LinuxTargetPlatform (38)
[2015.09.07-02.25.16:393][751]LogModuleManager: Shutting down and abandoning module LinuxServerTargetPlatform (37)
[2015.09.07-02.25.16:393][751]LogModuleManager: Shutting down and abandoning module LinuxNoEditorTargetPlatform (36)
[2015.09.07-02.25.16:394][751]LogModuleManager: Shutting down and abandoning module Messaging (35)
[2015.09.07-02.25.16:394][751]LogModuleManager: Shutting down and abandoning module IOSTargetPlatform (34)
[2015.09.07-02.25.16:395][751]LogModuleManager: Shutting down and abandoning module HTML5TargetPlatform (33)
[2015.09.07-02.25.16:395][751]LogModuleManager: Shutting down and abandoning module Android_PVRTCTargetPlatform (32)
[2015.09.07-02.25.16:396][751]LogModuleManager: Shutting down and abandoning module Android_ETC2TargetPlatform (31)
[2015.09.07-02.25.16:396][751]LogModuleManager: Shutting down and abandoning module Android_ETC1TargetPlatform (30)
[2015.09.07-02.25.16:397][751]LogModuleManager: Shutting down and abandoning module Android_DXTTargetPlatform (29)
[2015.09.07-02.25.16:397][751]LogModuleManager: Shutting down and abandoning module Android_ATCTargetPlatform (28)
[2015.09.07-02.25.16:397][751]LogModuleManager: Shutting down and abandoning module Android_ASTCTargetPlatform (27)
[2015.09.07-02.25.16:397][751]LogModuleManager: Shutting down and abandoning module AndroidTargetPlatform (26)
[2015.09.07-02.25.16:398][751]LogModuleManager: Shutting down and abandoning module WindowsTargetPlatform (25)
[2015.09.07-02.25.16:398][751]LogModuleManager: Shutting down and abandoning module WindowsServerTargetPlatform (24)
[2015.09.07-02.25.16:398][751]LogModuleManager: Shutting down and abandoning module WindowsNoEditorTargetPlatform (23)
[2015.09.07-02.25.16:398][751]LogModuleManager: Shutting down and abandoning module WindowsClientTargetPlatform (22)
[2015.09.07-02.25.16:398][751]LogModuleManager: Shutting down and abandoning module DesktopTargetPlatform (21)
[2015.09.07-02.25.16:399][751]LogModuleManager: Shutting down and abandoning module TargetPlatform (20)
[2015.09.07-02.25.16:399][751]LogModuleManager: Shutting down and abandoning module InputCore (19)
[2015.09.07-02.25.16:399][751]LogModuleManager: Shutting down and abandoning module Settings (18)
[2015.09.07-02.25.16:399][751]LogModuleManager: Shutting down and abandoning module OnlineSubsystem (16)
[2015.09.07-02.25.16:400][751]LogModuleManager: Shutting down and abandoning module HTTP (15)
[2015.09.07-02.25.16:401][751]LogModuleManager: Shutting down and abandoning module ExampleDeviceProfileSelector (14)
[2015.09.07-02.25.16:401][751]LogModuleManager: Shutting down and abandoning module TextureCompressor (13)
[2015.09.07-02.25.16:401][751]LogModuleManager: Shutting down and abandoning module ShaderCore (12)
[2015.09.07-02.25.16:402][751]LogModuleManager: Shutting down and abandoning module Landscape (11)
[2015.09.07-02.25.16:402][751]LogModuleManager: Shutting down and abandoning module SlateRHIRenderer (10)
[2015.09.07-02.25.16:403][751]LogModuleManager: Shutting down and abandoning module OpenGLDrv (9)
[2015.09.07-02.25.16:404][751]LogModuleManager: Shutting down and abandoning module D3D11RHI (8)
[2015.09.07-02.25.16:404][751]LogModuleManager: Shutting down and abandoning module Renderer (7)
[2015.09.07-02.25.16:405][751]LogModuleManager: Shutting down and abandoning module Engine (6)
[2015.09.07-02.25.16:405][751]LogModuleManager: Shutting down and abandoning module CoreUObject (5)
[2015.09.07-02.25.16:405][751]LogModuleManager: Shutting down and abandoning module NetworkFile (4)
[2015.09.07-02.25.16:405][751]LogModuleManager: Shutting down and abandoning module StreamingFile (3)
[2015.09.07-02.25.16:405][751]LogModuleManager: Shutting down and abandoning module SandboxFile (2)
[2015.09.07-02.25.16:406][751]LogModuleManager: Shutting down and abandoning module PakFile (1)
[2015.09.07-02.25.16:408][751]LogExit: Exiting.
[2015.09.07-02.25.16:410][751]Log file closed, 09/06/15 22:25:16
