[2015.09.07-03.09.43:066][  0]Log file open, 09/06/15 23:09:43
[2015.09.07-03.09.43:066][  0]LogInit:Display: Running engine for game: Brain
[2015.09.07-03.09.43:066][  0]LogInit:Display: RandInit(-1004253599) SRandInit(-1004253598).
[2015.09.07-03.09.43:067][  0]LogTaskGraph: Started task graph with 4 named threads and 7 total threads.
[2015.09.07-03.09.43:067][  0]LogStats: Stats thread started
[2015.09.07-03.09.43:068][  0]LogInit: Version: 4.8.3-2634408+++depot+UE4-Releases+4.8
[2015.09.07-03.09.43:068][  0]LogInit: API Version: 2579680
[2015.09.07-03.09.43:068][  0]LogInit: Compiled (64-bit): Jul 27 2015 16:24:33
[2015.09.07-03.09.43:069][  0]LogInit: Compiled with Visual C++: 18.00.21005.01
[2015.09.07-03.09.43:069][  0]LogInit: Build Configuration: Development
[2015.09.07-03.09.43:069][  0]LogInit: Branch Name: ++depot+UE4-Releases+4.8
[2015.09.07-03.09.43:069][  0]LogInit: Command line: 
[2015.09.07-03.09.43:070][  0]LogInit: Base directory: C:/Program Files/Epic Games/4.8/Engine/Binaries/Win64/
[2015.09.07-03.09.43:070][  0]LogInit: Rocket: 1
[2015.09.07-03.09.43:088][  0]LogInit: Using libcurl 7.41.0
[2015.09.07-03.09.43:088][  0]LogInit:  - built for x86_64-pc-win32
[2015.09.07-03.09.43:088][  0]LogInit:  - supports SSL with WinSSL
[2015.09.07-03.09.43:089][  0]LogInit:  - other features:
[2015.09.07-03.09.43:089][  0]LogInit:      CURL_VERSION_SSL
[2015.09.07-03.09.43:089][  0]LogInit:      CURL_VERSION_IPV6
[2015.09.07-03.09.43:089][  0]LogInit:      CURL_VERSION_ASYNCHDNS
[2015.09.07-03.09.43:090][  0]LogInit:      CURL_VERSION_LARGEFILE
[2015.09.07-03.09.43:090][  0]LogInit:      CURL_VERSION_IDN
[2015.09.07-03.09.43:090][  0]LogInit:  CurlRequestOptions (configurable via config and command line):
[2015.09.07-03.09.43:090][  0]LogInit:  - bVerifyPeer = true  - Libcurl will verify peer certificate
[2015.09.07-03.09.43:091][  0]LogInit:  - bUseHttpProxy = false  - Libcurl will NOT use HTTP proxy
[2015.09.07-03.09.43:091][  0]LogInit:  - bDontReuseConnections = false  - Libcurl will reuse connections
[2015.09.07-03.09.43:091][  0]LogInit:  - CertBundlePath = nullptr  - Libcurl will use whatever was configured at build time.
[2015.09.07-03.09.43:105][  0]LogOnline:Warning: No default platform service specified for OnlineSubsystem
[2015.09.07-03.09.43:141][  0]LogInit: Presizing for 0 objects not considered by GC, pre-allocating 0 bytes.
[2015.09.07-03.09.43:148][  0]LogInit: Object subsystem initialized
[2015.09.07-03.09.43:150][  0]LogConsoleResponse:Warning: Skipping Unknown console variable: 'TranslucentSortAxis = (X=0.000000,Y=-1.000000,Z=0.000000)'
[2015.09.07-03.09.43:150][  0]LogConsoleResponse:Warning:   Found in ini file 'C:/Users/frederic/Documents/Unreal Projects/Brain/Saved/Config/Windows/Engine.ini', in section '[/Script/Engine.RendererSettings]'
[2015.09.07-03.09.43:150][  0]LogConsoleResponse:Warning: Skipping Unknown console variable: 'UIScaleRule = ShortestSide'
[2015.09.07-03.09.43:151][  0]LogConsoleResponse:Warning:   Found in ini file 'C:/Users/frederic/Documents/Unreal Projects/Brain/Saved/Config/Windows/Engine.ini', in section '[/Script/Engine.RendererSettings]'
[2015.09.07-03.09.43:151][  0]LogConsoleResponse:Warning: Skipping Unknown console variable: 'UIScaleCurve = (EditorCurveData=(Keys=),ExternalCurve=None)'
[2015.09.07-03.09.43:151][  0]LogConsoleResponse:Warning:   Found in ini file 'C:/Users/frederic/Documents/Unreal Projects/Brain/Saved/Config/Windows/Engine.ini', in section '[/Script/Engine.RendererSettings]'
[2015.09.07-03.09.43:152][  0]LogInit: Selected Device Profile: [Windows]
[2015.09.07-03.09.43:152][  0]LogInit: Applying CVar settings loaded from the selected device profile: [Windows]
[2015.09.07-03.09.43:158][  0]LogInit: Computer: FREDERIC-PC
[2015.09.07-03.09.43:159][  0]LogInit: User: frederic
[2015.09.07-03.09.43:159][  0]LogInit: CPU Page size=4096, Cores=4
[2015.09.07-03.09.43:159][  0]LogInit: High frequency timer resolution =3.331250 MHz
[2015.09.07-03.09.43:160][  0]LogMemory: Memory total: Physical=15.9GB (16GB approx)
[2015.09.07-03.09.43:160][  0]LogMemory: Platform Memory Stats for Windows
[2015.09.07-03.09.43:160][  0]LogMemory: Process Physical Memory: 51.84 MB used, 51.84 MB peak
[2015.09.07-03.09.43:160][  0]LogMemory: Process Virtual Memory: 23.66 MB used, 23.66 MB peak
[2015.09.07-03.09.43:161][  0]LogMemory: Physical Memory: 5382.36 MB used, 16288.39 MB total
[2015.09.07-03.09.43:161][  0]LogMemory: Virtual Memory: 281.93 MB used, 8388608.00 MB total
[2015.09.07-03.09.43:234][  0]LogTextLocalizationManager: The requested culture ('fr_CA') has no localization data; falling back to 'en' for localization and internationalization data.
[2015.09.07-03.09.43:443][  0]LogTextLocalizationManager:Warning: Loaded localization resources contain conflicting entries for (Namespace:ContentBrowser, Key:ImportAssetToolTip):
Localization Resource: (C:/Program Files/Epic Games/4.8/Engine/Content/Localization/Editor/en/Editor.locres) Source String Hash: (-630476809) Localized String: (Import to {0}...)
Localization Resource: (C:/Program Files/Epic Games/4.8/Engine/Content/Localization/Editor/en/Editor.locres) Source String Hash: (1271782899) Localized String: (Imports an asset from file to this folder.)
[2015.09.07-03.09.43:795][  0]LogD3D11RHI: Found D3D11 adapter 0: NVIDIA GeForce GTX 970 (Feature Level 11_0)
[2015.09.07-03.09.43:795][  0]LogD3D11RHI: Adapter has 4008MB of dedicated video memory, 0MB of dedicated system memory, and 7888MB of shared system memory, 1 output[s]
[2015.09.07-03.09.43:805][  0]LogD3D11RHI: Found D3D11 adapter 1: Intel(R) HD Graphics 3000 (Feature Level 10_0)
[2015.09.07-03.09.43:805][  0]LogD3D11RHI: Adapter has 64MB of dedicated video memory, 0MB of dedicated system memory, and 1632MB of shared system memory, 0 output[s]
[2015.09.07-03.09.43:806][  0]LogD3D11RHI: Chosen D3D11 Adapter Id = 0
[2015.09.07-03.09.43:810][  0]LogD3D11RHI: InitD3DDevice
[2015.09.07-03.09.43:810][  0]LogD3D11RHI: !Direct3DDevice
[2015.09.07-03.09.43:810][  0]LogRHI: Texture pool is 1361 MB (70% of 1945 MB)
[2015.09.07-03.09.43:854][  0]LogD3D11RHI: Async texture creation enabled
[2015.09.07-03.09.43:870][  0]LogShaderCompilers:Display: Using Local Shader Compiler.
[2015.09.07-03.09.44:666][  0]LogTemp:Display: Loaded TP DesktopTargetPlatform
[2015.09.07-03.09.44:688][  0]LogTemp:Display: Loaded TP WindowsClientTargetPlatform
[2015.09.07-03.09.44:710][  0]LogTemp:Display: Loaded TP WindowsNoEditorTargetPlatform
[2015.09.07-03.09.44:733][  0]LogTemp:Display: Loaded TP WindowsServerTargetPlatform
[2015.09.07-03.09.44:757][  0]LogTemp:Display: Loaded TP WindowsTargetPlatform
[2015.09.07-03.09.44:773][  0]LogTemp:Display: Loaded TP AndroidTargetPlatform
[2015.09.07-03.09.44:790][  0]LogTemp:Display: Loaded TP Android_ASTCTargetPlatform
[2015.09.07-03.09.44:806][  0]LogTemp:Display: Loaded TP Android_ATCTargetPlatform
[2015.09.07-03.09.44:826][  0]LogTemp:Display: Loaded TP Android_DXTTargetPlatform
[2015.09.07-03.09.44:845][  0]LogTemp:Display: Loaded TP Android_ETC1TargetPlatform
[2015.09.07-03.09.44:866][  0]LogTemp:Display: Loaded TP Android_ETC2TargetPlatform
[2015.09.07-03.09.44:884][  0]LogTemp:Display: Loaded TP Android_PVRTCTargetPlatform
[2015.09.07-03.09.44:954][  0]LogTemp:Display: Loaded TP IOSTargetPlatform
[2015.09.07-03.09.44:970][  0]LogTemp:Display: Loaded TP LinuxNoEditorTargetPlatform
[2015.09.07-03.09.44:986][  0]LogTemp:Display: Loaded TP LinuxServerTargetPlatform
[2015.09.07-03.09.45:004][  0]LogTemp:Display: Loaded TP LinuxTargetPlatform
[2015.09.07-03.09.45:004][  0]LogTargetPlatformManager:Display: Building Assets For Windows
[2015.09.07-03.09.45:312][  0]LogDerivedDataCache:Display: Max Cache Size: 512 MB
[2015.09.07-03.09.45:372][  0]LogDerivedDataCache: Loaded boot cache 0.06s 84MB C:/Users/frederic/AppData/Local/UnrealEngine/4.8/DerivedDataCache/Boot.ddc.
[2015.09.07-03.09.45:373][  0]LogDerivedDataCache:Display: Loaded Boot cache: C:/Users/frederic/AppData/Local/UnrealEngine/4.8/DerivedDataCache/Boot.ddc
[2015.09.07-03.09.45:373][  0]LogDerivedDataCache: FDerivedDataBackendGraph:  Pak pak cache file ../../../../../../Users/frederic/Documents/Unreal Projects/Brain/DerivedDataCache/DDC.ddp not found, will not use a pak cache.
[2015.09.07-03.09.45:373][  0]LogDerivedDataCache: Unable to find inner node Pak for hierarchical cache Hierarchy.
[2015.09.07-03.09.45:374][  0]LogDerivedDataCache: FDerivedDataBackendGraph:  CompressedPak pak cache file ../../../../../../Users/frederic/Documents/Unreal Projects/Brain/DerivedDataCache/Compressed.ddp not found, will not use a pak cache.
[2015.09.07-03.09.45:374][  0]LogDerivedDataCache: Unable to find inner node CompressedPak for hierarchical cache Hierarchy.
[2015.09.07-03.09.45:520][  0]LogDerivedDataCache:Display: Pak cache opened for reading ../../../Engine/DerivedDataCache/Compressed.ddp.
[2015.09.07-03.09.45:532][  0]LogDerivedDataCache: Using Local data cache path C:/Users/frederic/AppData/Local/UnrealEngine/Common/DerivedDataCache: Writable
[2015.09.07-03.09.45:737][  0]LogInit: Selected Device Profile: [Windows]
[2015.09.07-03.09.45:744][  0]ImportText (ComponentSweepMultiTests): Missing closing parenthesis: (RootShapeAsset="/Engine/BasicShapes/Cube.Cube",ShapeType="TriggerCapsule",HitResult=(Time=0.50,Location=(X=-100.000015,Y=0.0,Z=100.000015),ImpactPoint=(X=-50.0,Y=0.0,Z=50.0),Normal=(X=-1.0,Y=-0.0,Z=0.0),ImpactNormal=(X=0.0,Y=0.0,Z=1.0),TraceStart=(X=-200.0,Y=0.0,Z=200.0),TraceEnd=(X=0.0,Y=0.0,Z=0.0))
[2015.09.07-03.09.45:745][  0]ImportText (LineTraceSingleByChannelTests): Missing closing parenthesis: (RootShapeAsset="/Engine/BasicShapes/Cube.Cube",HitResult=(Time=0.50,Location=(X=-100.000015,Y=0.0,Z=100.000015),ImpactPoint=(X=-50.0,Y=0.0,Z=50.0),Normal=(X=-1.0,Y=-0.0,Z=0.0),ImpactNormal=(X=0.0,Y=0.0,Z=1.0),TraceStart=(X=-200.0,Y=0.0,Z=200.0),TraceEnd=(X=0.0,Y=0.0,Z=0.0))
[2015.09.07-03.09.45:784][  0]LogMeshUtilities: No automatic mesh reduction module available
[2015.09.07-03.09.45:784][  0]LogMeshUtilities: No automatic mesh merging module available
[2015.09.07-03.09.46:190][  0]LogInit: WinSock: version 1.1 (2.2), MaxSocks=32767, MaxUdp=65467
[2015.09.07-03.09.47:367][  0]UdpMessaging: Initializing bridge on interface 0.0.0.0:0 to multicast group 230.0.0.1:6666.
[2015.09.07-03.09.48:154][  0]SourceControl: Info Source control is disabled
[2015.09.07-03.09.48:176][  0]SourceControl: Info Source control is disabled
[2015.09.07-03.09.48:196][  0]SourceControl: Info Source control is disabled
[2015.09.07-03.09.48:216][  0]SourceControl: Info Source control is disabled
[2015.09.07-03.09.48:541][  0]LogObj: 31193 objects as part of root set at end of initial load.
[2015.09.07-03.09.48:541][  0]LogUObjectAllocator: 7122144 out of 0 bytes used by permanent object pool.
[2015.09.07-03.09.48:630][  0]LogEngine: Initializing Engine...
[2015.09.07-03.09.48:632][  0]LogHMD: Can't find Oculus library dev build: is proper Runtime installed? Version: 0.6.0.0
[2015.09.07-03.09.48:637][  0]LogHMD:Warning: SteamVR failed to initialize.  Error: 110
[2015.09.07-03.09.48:794][  0]LogAIModule: Creating AISystem for world NewWorld
[2015.09.07-03.09.48:807][  0]LogInit: XAudio2 using 'Haut-parleurs (C-Media USB Audio Device   )' : 2 channels at 44.1 kHz using 16 bits per sample (channel mask 0x3)
[2015.09.07-03.09.48:829][  0]LogInit: FAudioDevice initialized.
[2015.09.07-03.09.48:859][  0]LogDerivedDataCache: Saved boot cache 0.03s 60MB C:/Users/frederic/AppData/Local/UnrealEngine/4.8/DerivedDataCache/Boot.ddc.
[2015.09.07-03.09.48:868][  0]LogInit: Texture streaming: Disabled
[2015.09.07-03.09.48:901][  0]LogAnalytics: Creating configured Analytics provider AnalyticsET
[2015.09.07-03.09.48:902][  0]LogAnalytics: [UEEditor.Rocket.Release] APIServer = http://et2.epicgames.com/ET2/. AppVersion = 4.8.3-2634408+++depot+UE4-Releases+4.8
[2015.09.07-03.09.48:902][  0]LogAnalytics: [UEEditor.Rocket.Release] SetUserId c8da8d664a36a98701fe659c10ae4ff8|70626fa7f476448fb82ad9618fbbb1ab|00e7fb16-00c3-4af4-a2a1-2cc8013aae38
[2015.09.07-03.09.48:902][  0]LogAnalytics: [UEEditor.Rocket.Release] AnalyticsET::StartSession
[2015.09.07-03.09.48:932][  0]LogInit: Transaction tracking system initialized
[2015.09.07-03.09.49:139][  0]BlueprintLog: New page: Editor Load
[2015.09.07-03.09.49:185][  0]LogAssetRegistry: FAssetRegistry took 0.0106 seconds to start up
[2015.09.07-03.09.49:186][  0]LogDirectoryWatcher:Warning: Failed to begin reading directory changes for ../../../Engine/Plugins/Experimental/CharacterAI/Content/. Error: 0
[2015.09.07-03.09.50:206][  0]LogConsoleManager:Warning: Console variable 'r.VSync' wasn't set ('GameSetting' has a lower priority than 'SystemSettingsIni')
[2015.09.07-03.09.50:207][  0]LogConsoleResponse:Display: 
[2015.09.07-03.09.50:310][  0]LogCook:Display: Done creating registry. It took  0.00s.
[2015.09.07-03.09.50:573][  0]SourceControl: Info Source control is disabled
[2015.09.07-03.09.50:574][  0]Cmd: MAP LOAD FILE="../../../../../../Users/frederic/Documents/Unreal Projects/Brain/Content/FirstPerson/Maps/FirstPersonExampleMap.umap" TEMPLATE=0 SHOWPROGRESS=1 FEATURELEVEL=3
[2015.09.07-03.09.50:575][  0]LightingResults: New page: Lighting Build
[2015.09.07-03.09.50:589][  0]MapCheck: New page: Map Check
[2015.09.07-03.09.50:589][  0]LightingResults: New page: Lighting Build
[2015.09.07-03.09.50:599][  0]LogParticles: Destroying 0 GPU particle simulations for FXSystem 0x000000001FA689A0
[2015.09.07-03.09.51:237][  0]LogAIModule: Creating AISystem for world FirstPersonExampleMap
[2015.09.07-03.09.51:251][  0]LogEditorServer: Finished looking for orphan Actors (0.000 secs)
[2015.09.07-03.09.52:294][  0]Cmd: MAP CHECKDEP NOCLEARLOG
[2015.09.07-03.09.52:335][  0]MapCheck: Info Map check complete: 0 Error(s), 0 Warning(s), took 40.285ms to complete.
[2015.09.07-03.09.52:335][  0]LogFileHelpers: Loading map 'FirstPersonExampleMap' took 1.762
[2015.09.07-03.09.52:454][  0]LogCollectionManager: Loaded 0 collections in 0.001975 seconds
[2015.09.07-03.09.52:462][  0]LogContentBrowser: Native class hierarchy populated in 0.0071 seconds. Added 1798 classes and 303 folders.
[2015.09.07-03.09.52:530][  0]LogContentBrowser: Native class hierarchy updated for 'WidgetCarousel' in 0.0014 seconds. Added 0 classes and 0 folders.
[2015.09.07-03.09.52:568][  0]LogContentBrowser: Native class hierarchy updated for 'AddContentDialog' in 0.0015 seconds. Added 0 classes and 0 folders.
[2015.09.07-03.09.52:599][  0]LogContentBrowser: Native class hierarchy updated for 'SceneOutliner' in 0.0015 seconds. Added 1 classes and 2 folders.
[2015.09.07-03.09.52:675][  0]LogCrashTracker: Crashtracker disabled due to settings.
[2015.09.07-03.09.52:676][  0]LogD3D11RHI: InitD3DDevice
[2015.09.07-03.09.52:681][  0]LogUObjectGlobals:Warning: Failed to find object 'Class None.'
[2015.09.07-03.09.52:704][  0]LogLoad: Full Startup: 11.61 seconds (BP compile: 0.25 seconds)
[2015.09.07-03.09.52:773][  0]LogContentStreaming: Texture pool size is 0.000000MB
[2015.09.07-03.09.52:816][  0]LogContentStreaming: Texture pool size now 1000 MB
[2015.09.07-03.09.52:933][  0]LogRenderer: Reallocating scene render targets to support 1208x560 (Frame:2).
[2015.09.07-03.09.53:370][  6]LogAssetRegistry: Asset discovery search completed in 4.1959 seconds
[2015.09.07-03.09.53:814][ 27]LogD3D11RHI: InitD3DDevice
[2015.09.07-03.09.57:589][474]LogD3D11RHI: InitD3DDevice
[2015.09.07-03.09.57:612][474]LogD3D11RHI: InitD3DDevice
[2015.09.07-03.09.57:621][474]LogLinker:Warning: Asset '../../../Engine/Content/ArtTools/RenderToTexture/Macros/RenderToTextureMacros.uasset' has been saved with empty engine version. The asset will be loaded but may be incompatible.
[2015.09.07-03.09.57:702][474]LogLinker:Warning: Asset '../../../Engine/Content/ArtTools/RenderToTexture/Enums/RenderToTexture_Enum.uasset' has been saved with empty engine version. The asset will be loaded but may be incompatible.
[2015.09.07-03.10.01:434][755]LogD3D11RHI: InitD3DDevice
[2015.09.07-03.10.01:458][755]LogD3D11RHI: InitD3DDevice
[2015.09.07-03.10.03:266][899]LogRenderer: Reallocating scene render targets to support 1208x904 (Frame:1057).
[2015.09.07-03.10.09:052][414]LogActorComponent: UnregisterComponent: (/Engine/Transient.CharMoveComp) Not registered. Aborting.
[2015.09.07-03.10.11:315][625]BlueprintLog: New page: Compile BrainCharacter
[2015.09.07-03.10.11:406][625]LogActorComponent: UnregisterComponent: (/Engine/Transient.CharacterMovementComponent_0) Not registered. Aborting.
[2015.09.07-03.10.11:427][625]LogParticles: Destroying 0 GPU particle simulations for FXSystem 0x0000000029B50540
[2015.09.07-03.10.11:467][625]BlueprintEditorCompileResults: Info [0030.37] Compile of BrainCharacter successful! [in 151 ms]
[2015.09.07-03.10.14:293][958]LogPlayLevel: PIE:  No blueprints needed recompiling
[2015.09.07-03.10.14:295][958]PIE: New page: PIE session: FirstPersonExampleMap (Sep 6, 2015, 7:10:14 PM)
[2015.09.07-03.10.14:296][958]LogPlayLevel: Creating play world package: /Game/FirstPerson/Maps/UEDPIE_0_FirstPersonExampleMap
[2015.09.07-03.10.14:315][958]LogPlayLevel: PIE: StaticDuplicateObject took: (0.018757s)
[2015.09.07-03.10.14:317][958]LogAIModule: Creating AISystem for world FirstPersonExampleMap
[2015.09.07-03.10.14:318][958]LogPlayLevel: PIE: World Init took: (0.001490s)
[2015.09.07-03.10.14:318][958]LogPlayLevel: PIE: Created PIE world by copying editor world from /Game/FirstPerson/Maps/FirstPersonExampleMap.FirstPersonExampleMap to /Game/FirstPerson/Maps/UEDPIE_0_FirstPersonExampleMap.FirstPersonExampleMap (0.021978s)
[2015.09.07-03.10.14:319][958]LogActorComponent: UnregisterComponent: (/Engine/Transient.CharMoveComp) Not registered. Aborting.
[2015.09.07-03.10.14:354][958]LogInit: XAudio2 using 'Haut-parleurs (C-Media USB Audio Device   )' : 2 channels at 44.1 kHz using 16 bits per sample (channel mask 0x3)
[2015.09.07-03.10.14:360][958]LogInit: FAudioDevice initialized.
[2015.09.07-03.10.14:437][958]LogWorld: Game class is 'BrainGameMode'
[2015.09.07-03.10.14:444][958]LogWorld: Bringing World /Game/FirstPerson/Maps/UEDPIE_0_FirstPersonExampleMap.FirstPersonExampleMap up for play (max tick rate 0) at 2015.09.06-23.10.14
[2015.09.07-03.10.14:445][958]LogActor:Warning: GameSession /Game/FirstPerson/Maps/UEDPIE_0_FirstPersonExampleMap.FirstPersonExampleMap:PersistentLevel.GameSession_0 has natively added scene component(s), but none of them were set as the actor's RootComponent - picking one arbitrarily
[2015.09.07-03.10.14:445][958]LogActor:Warning: GameNetworkManager /Game/FirstPerson/Maps/UEDPIE_0_FirstPersonExampleMap.FirstPersonExampleMap:PersistentLevel.GameNetworkManager_0 has natively added scene component(s), but none of them were set as the actor's RootComponent - picking one arbitrarily
[2015.09.07-03.10.14:447][958]LogWorld: Bringing up level for play took: 0.007030
[2015.09.07-03.10.14:449][958]PIE: Info Play in editor start time for /Game/FirstPerson/Maps/UEDPIE_0_FirstPersonExampleMap 0.727
[2015.09.07-03.10.34:220][308]LogParticles: Destroying 0 GPU particle simulations for FXSystem 0x00000000100071A0
[2015.09.07-03.10.48:692][823]LogActorComponent: UnregisterComponent: (/Engine/Transient.CharMoveComp) Not registered. Aborting.
[2015.09.07-03.10.52:256][150]BlueprintLog: New page: Compile BrainCharacter
[2015.09.07-03.10.52:345][150]LogActorComponent: UnregisterComponent: (/Engine/Transient.CharacterMovementComponent_1) Not registered. Aborting.
[2015.09.07-03.10.52:384][150]BlueprintEditorCompileResults: Info [0071.29] Compile of BrainCharacter successful! [in 127 ms]
[2015.09.07-03.10.53:112][234]LogPlayLevel: PIE:  No blueprints needed recompiling
[2015.09.07-03.10.53:113][234]PIE: New page: PIE session: FirstPersonExampleMap (Sep 6, 2015, 7:10:53 PM)
[2015.09.07-03.10.53:114][234]LogPlayLevel: Creating play world package: /Game/FirstPerson/Maps/UEDPIE_0_FirstPersonExampleMap
[2015.09.07-03.10.53:134][234]LogPlayLevel: PIE: StaticDuplicateObject took: (0.019541s)
[2015.09.07-03.10.53:135][234]LogAIModule: Creating AISystem for world FirstPersonExampleMap
[2015.09.07-03.10.53:136][234]LogPlayLevel: PIE: World Init took: (0.001651s)
[2015.09.07-03.10.53:136][234]LogPlayLevel: PIE: Created PIE world by copying editor world from /Game/FirstPerson/Maps/FirstPersonExampleMap.FirstPersonExampleMap to /Game/FirstPerson/Maps/UEDPIE_0_FirstPersonExampleMap.FirstPersonExampleMap (0.022776s)
[2015.09.07-03.10.53:137][234]LogActorComponent: UnregisterComponent: (/Engine/Transient.CharMoveComp) Not registered. Aborting.
[2015.09.07-03.10.53:172][234]LogInit: XAudio2 using 'Haut-parleurs (C-Media USB Audio Device   )' : 2 channels at 44.1 kHz using 16 bits per sample (channel mask 0x3)
[2015.09.07-03.10.53:178][234]LogInit: FAudioDevice initialized.
[2015.09.07-03.10.53:214][234]LogWorld: Game class is 'BrainGameMode'
[2015.09.07-03.10.53:230][234]LogWorld: Bringing World /Game/FirstPerson/Maps/UEDPIE_0_FirstPersonExampleMap.FirstPersonExampleMap up for play (max tick rate 0) at 2015.09.06-23.10.53
[2015.09.07-03.10.53:231][234]LogActor:Warning: GameSession /Game/FirstPerson/Maps/UEDPIE_0_FirstPersonExampleMap.FirstPersonExampleMap:PersistentLevel.GameSession_1 has natively added scene component(s), but none of them were set as the actor's RootComponent - picking one arbitrarily
[2015.09.07-03.10.53:232][234]LogActor:Warning: GameNetworkManager /Game/FirstPerson/Maps/UEDPIE_0_FirstPersonExampleMap.FirstPersonExampleMap:PersistentLevel.GameNetworkManager_1 has natively added scene component(s), but none of them were set as the actor's RootComponent - picking one arbitrarily
[2015.09.07-03.10.53:234][234]LogWorld: Bringing up level for play took: 0.015136
[2015.09.07-03.10.53:239][234]PIE: Info Play in editor start time for /Game/FirstPerson/Maps/UEDPIE_0_FirstPersonExampleMap -0.484
[2015.09.07-03.11.02:185][295]LogParticles: Destroying 0 GPU particle simulations for FXSystem 0x000000000FFE47C0
[2015.09.07-03.11.25:485][ 73]LogActorComponent: UnregisterComponent: (/Engine/Transient.CharMoveComp) Not registered. Aborting.
[2015.09.07-03.11.30:132][512]LogPlayLevel: PIE:  No blueprints needed recompiling
[2015.09.07-03.11.30:133][512]PIE: New page: PIE session: FirstPersonExampleMap (Sep 6, 2015, 7:11:30 PM)
[2015.09.07-03.11.30:133][512]LogPlayLevel: Creating play world package: /Game/FirstPerson/Maps/UEDPIE_0_FirstPersonExampleMap
[2015.09.07-03.11.30:153][512]LogPlayLevel: PIE: StaticDuplicateObject took: (0.019322s)
[2015.09.07-03.11.30:154][512]LogAIModule: Creating AISystem for world FirstPersonExampleMap
[2015.09.07-03.11.30:155][512]LogPlayLevel: PIE: World Init took: (0.001566s)
[2015.09.07-03.11.30:156][512]LogPlayLevel: PIE: Created PIE world by copying editor world from /Game/FirstPerson/Maps/FirstPersonExampleMap.FirstPersonExampleMap to /Game/FirstPerson/Maps/UEDPIE_0_FirstPersonExampleMap.FirstPersonExampleMap (0.022653s)
[2015.09.07-03.11.30:156][512]LogActorComponent: UnregisterComponent: (/Engine/Transient.CharacterMovementComponent_2) Not registered. Aborting.
[2015.09.07-03.11.30:191][512]LogInit: XAudio2 using 'Haut-parleurs (C-Media USB Audio Device   )' : 2 channels at 44.1 kHz using 16 bits per sample (channel mask 0x3)
[2015.09.07-03.11.30:198][512]LogInit: FAudioDevice initialized.
[2015.09.07-03.11.30:233][512]LogWorld: Game class is 'BrainGameMode'
[2015.09.07-03.11.30:248][512]LogWorld: Bringing World /Game/FirstPerson/Maps/UEDPIE_0_FirstPersonExampleMap.FirstPersonExampleMap up for play (max tick rate 0) at 2015.09.06-23.11.30
[2015.09.07-03.11.30:249][512]LogActor:Warning: GameSession /Game/FirstPerson/Maps/UEDPIE_0_FirstPersonExampleMap.FirstPersonExampleMap:PersistentLevel.GameSession_2 has natively added scene component(s), but none of them were set as the actor's RootComponent - picking one arbitrarily
[2015.09.07-03.11.30:251][512]LogActor:Warning: GameNetworkManager /Game/FirstPerson/Maps/UEDPIE_0_FirstPersonExampleMap.FirstPersonExampleMap:PersistentLevel.GameNetworkManager_2 has natively added scene component(s), but none of them were set as the actor's RootComponent - picking one arbitrarily
[2015.09.07-03.11.30:253][512]LogWorld: Bringing up level for play took: 0.015884
[2015.09.07-03.11.30:258][512]PIE: Info Play in editor start time for /Game/FirstPerson/Maps/UEDPIE_0_FirstPersonExampleMap 0.535
[2015.09.07-03.11.57:985][781]LogParticles: Destroying 0 GPU particle simulations for FXSystem 0x000000002966B2E0
[2015.09.07-03.11.59:088][907]LogD3D11RHI: InitD3DDevice
[2015.09.07-03.12.01:175][908]Cmd: QUIT_EDITOR
[2015.09.07-03.12.01:466][908]LogExit: Preparing to exit.
[2015.09.07-03.12.02:515][908]LogExit: Editor shut down
[2015.09.07-03.12.02:516][908]LogExit: Transaction tracking system shut down
[2015.09.07-03.12.02:517][908]LogParticles: Destroying 0 GPU particle simulations for FXSystem 0x000000002C01B4C0
[2015.09.07-03.12.02:518][908]LogParticles: Destroying 0 GPU particle simulations for FXSystem 0x0000000020273B00
[2015.09.07-03.12.02:518][908]LogParticles: Destroying 0 GPU particle simulations for FXSystem 0x000000000EC7AF20
[2015.09.07-03.12.02:520][908]LogParticles: Destroying 0 GPU particle simulations for FXSystem 0x0000000029329E40
[2015.09.07-03.12.02:522][908]LogParticles: Destroying 0 GPU particle simulations for FXSystem 0x000000002B228720
[2015.09.07-03.12.02:522][908]LogParticles: Destroying 0 GPU particle simulations for FXSystem 0x0000000021B3F7E0
[2015.09.07-03.12.02:732][908]LogExit: Object subsystem successfully closed.
[2015.09.07-03.12.02:757][908]LogD3D11RHI: Shutdown
[2015.09.07-03.12.02:757][908]LogD3D11RHI: CleanupD3DDevice
[2015.09.07-03.12.03:300][908]LogD3D11RHI: ~FD3D11DynamicRHI
[2015.09.07-03.12.03:315][908]LogModuleManager: Shutting down and abandoning module CrashTracker (189)
[2015.09.07-03.12.03:316][908]LogModuleManager: Shutting down and abandoning module SceneOutliner (188)
[2015.09.07-03.12.03:316][908]LogModuleManager: Shutting down and abandoning module SuperSearch (187)
[2015.09.07-03.12.03:316][908]LogModuleManager: Shutting down and abandoning module WidgetCarousel (186)
[2015.09.07-03.12.03:317][908]LogModuleManager: Shutting down and abandoning module AddContentDialog (185)
[2015.09.07-03.12.03:317][908]LogModuleManager: Shutting down and abandoning module EditorWidgets (184)
[2015.09.07-03.12.03:318][908]LogModuleManager: Shutting down and abandoning module CollectionManager (183)
[2015.09.07-03.12.03:318][908]LogModuleManager: Shutting down and abandoning module StatsViewer (182)
[2015.09.07-03.12.03:318][908]LogModuleManager: Shutting down and abandoning module FoliageEdit (181)
[2015.09.07-03.12.03:319][908]LogModuleManager: Shutting down and abandoning module LandscapeEditor (180)
[2015.09.07-03.12.03:319][908]LogModuleManager: Shutting down and abandoning module ActorPickerMode (179)
[2015.09.07-03.12.03:319][908]LogModuleManager: Shutting down and abandoning module GeometryMode (178)
[2015.09.07-03.12.03:319][908]LogModuleManager: Shutting down and abandoning module TextureAlignMode (177)
[2015.09.07-03.12.03:320][908]LogModuleManager: Shutting down and abandoning module BspMode (176)
[2015.09.07-03.12.03:320][908]LogModuleManager: Shutting down and abandoning module PlacementMode (175)
[2015.09.07-03.12.03:320][908]LogModuleManager: Shutting down and abandoning module AutomationWorker (174)
[2015.09.07-03.12.03:320][908]LogModuleManager: Shutting down and abandoning module CharacterAI (173)
[2015.09.07-03.12.03:320][908]LogModuleManager: Shutting down and abandoning module SmartSnapping (172)
[2015.09.07-03.12.03:321][908]LogModuleManager: Shutting down and abandoning module ViewportSnapping (171)
[2015.09.07-03.12.03:321][908]LogModuleManager: Shutting down and abandoning module LogVisualizer (170)
[2015.09.07-03.12.03:321][908]LogModuleManager: Shutting down and abandoning module GameProjectGeneration (169)
[2015.09.07-03.12.03:321][908]LogModuleManager: Shutting down and abandoning module IntroTutorials (168)
[2015.09.07-03.12.03:322][908]LogModuleManager: Shutting down and abandoning module EditorLiveStreaming (167)
[2015.09.07-03.12.03:322][908]LogModuleManager: Shutting down and abandoning module IOSPlatformEditor (166)
[2015.09.07-03.12.03:322][908]LogModuleManager: Shutting down and abandoning module HTML5PlatformEditor (165)
[2015.09.07-03.12.03:322][908]LogModuleManager: Shutting down and abandoning module AndroidDeviceDetection (164)
[2015.09.07-03.12.03:945][908]LogModuleManager: Shutting down and abandoning module AndroidPlatformEditor (163)
[2015.09.07-03.12.03:946][908]LogModuleManager: Shutting down and abandoning module IOSRuntimeSettings (162)
[2015.09.07-03.12.03:947][908]LogModuleManager: Shutting down and abandoning module AndroidRuntimeSettings (161)
[2015.09.07-03.12.03:948][908]LogModuleManager: Shutting down and abandoning module MergeActors (160)
[2015.09.07-03.12.03:948][908]LogModuleManager: Shutting down and abandoning module SizeMap (159)
[2015.09.07-03.12.03:949][908]LogModuleManager: Shutting down and abandoning module TreeMap (158)
[2015.09.07-03.12.03:949][908]LogModuleManager: Shutting down and abandoning module ReferenceViewer (157)
[2015.09.07-03.12.03:950][908]LogModuleManager: Shutting down and abandoning module LocalizationDashboard (156)
[2015.09.07-03.12.03:950][908]LogModuleManager: Shutting down and abandoning module HardwareTargeting (155)
[2015.09.07-03.12.03:951][908]LogModuleManager: Shutting down and abandoning module DeviceProfileEditor (154)
[2015.09.07-03.12.03:952][908]LogModuleManager: Shutting down and abandoning module UndoHistory (153)
[2015.09.07-03.12.03:952][908]LogModuleManager: Shutting down and abandoning module GameplayTagsEditor (152)
[2015.09.07-03.12.03:953][908]LogModuleManager: Shutting down and abandoning module UserFeedback (151)
[2015.09.07-03.12.03:953][908]LogModuleManager: Shutting down and abandoning module XmlParser (150)
[2015.09.07-03.12.03:954][908]LogModuleManager: Shutting down and abandoning module Blutility (149)
[2015.09.07-03.12.03:954][908]LogModuleManager: Shutting down and abandoning module ProjectTargetPlatformEditor (148)
[2015.09.07-03.12.03:955][908]LogModuleManager: Shutting down and abandoning module ProjectSettingsViewer (147)
[2015.09.07-03.12.03:955][908]LogModuleManager: Shutting down and abandoning module InputBindingEditor (146)
[2015.09.07-03.12.03:956][908]LogModuleManager: Shutting down and abandoning module EditorSettingsViewer (145)
[2015.09.07-03.12.03:956][908]LogModuleManager: Shutting down and abandoning module SettingsEditor (144)
[2015.09.07-03.12.03:957][908]LogModuleManager: Shutting down and abandoning module ProjectLauncher (143)
[2015.09.07-03.12.03:958][908]LogModuleManager: Shutting down and abandoning module SessionFrontend (142)
[2015.09.07-03.12.03:958][908]LogModuleManager: Shutting down and abandoning module ProfilerClient (141)
[2015.09.07-03.12.03:959][908]LogModuleManager: Shutting down and abandoning module TargetDeviceServices (140)
[2015.09.07-03.12.03:959][908]LogModuleManager: Shutting down and abandoning module DeviceManager (139)
[2015.09.07-03.12.03:960][908]LogModuleManager: Shutting down and abandoning module AutomationController (138)
[2015.09.07-03.12.03:961][908]LogModuleManager: Shutting down and abandoning module AutomationWindow (137)
[2015.09.07-03.12.03:961][908]LogModuleManager: Shutting down and abandoning module Layers (136)
[2015.09.07-03.12.03:962][908]LogModuleManager: Shutting down and abandoning module ComponentVisualizers (135)
[2015.09.07-03.12.03:962][908]LogModuleManager: Shutting down and abandoning module DetailCustomizations (134)
[2015.09.07-03.12.03:963][908]LogModuleManager: Shutting down and abandoning module PackagesDialog (133)
[2015.09.07-03.12.03:964][908]LogModuleManager: Shutting down and abandoning module AssetRegistry (132)
[2015.09.07-03.12.04:044][908]LogModuleManager: Shutting down and abandoning module Persona (131)
[2015.09.07-03.12.04:045][908]LogModuleManager: Shutting down and abandoning module Kismet (130)
[2015.09.07-03.12.04:046][908]LogModuleManager: Shutting down and abandoning module GraphEditor (129)
[2015.09.07-03.12.04:046][908]LogModuleManager: Shutting down and abandoning module ClassViewer (128)
[2015.09.07-03.12.04:046][908]LogModuleManager: Shutting down and abandoning module Toolbox (127)
[2015.09.07-03.12.04:047][908]LogModuleManager: Shutting down and abandoning module ModuleUI (126)
[2015.09.07-03.12.04:047][908]LogModuleManager: Shutting down and abandoning module MovieSceneTools (125)
[2015.09.07-03.12.04:047][908]LogModuleManager: Shutting down and abandoning module OutputLog (124)
[2015.09.07-03.12.04:047][908]LogModuleManager: Shutting down and abandoning module GammaUI (123)
[2015.09.07-03.12.04:047][908]LogModuleManager: Shutting down and abandoning module Documentation (122)
[2015.09.07-03.12.04:048][908]LogModuleManager: Shutting down and abandoning module GameLiveStreaming (121)
[2015.09.07-03.12.04:048][908]LogModuleManager: Shutting down and abandoning module StreamingPauseRendering (120)
[2015.09.07-03.12.04:048][908]LogModuleManager: Shutting down and abandoning module AnalyticsET (119)
[2015.09.07-03.12.04:048][908]LogModuleManager: Shutting down and abandoning module Analytics (118)
[2015.09.07-03.12.04:049][908]LogModuleManager: Shutting down and abandoning module AITestSuite (117)
[2015.09.07-03.12.04:049][908]LogModuleManager: Shutting down and abandoning module GameplayDebugger (116)
[2015.09.07-03.12.04:049][908]LogModuleManager: Shutting down and abandoning module AIModule (115)
[2015.09.07-03.12.04:049][908]LogModuleManager: Shutting down and abandoning module ProfilerService (114)
[2015.09.07-03.12.04:116][908]LogModuleManager: Shutting down and abandoning module TaskGraph (113)
[2015.09.07-03.12.04:117][908]LogModuleManager: Shutting down and abandoning module SlateRemote (112)
[2015.09.07-03.12.04:118][908]LogModuleManager: Shutting down and abandoning module SteamVRController (111)
[2015.09.07-03.12.04:119][908]LogModuleManager: Shutting down and abandoning module SteamVR (110)
[2015.09.07-03.12.04:120][908]LogModuleManager: Shutting down and abandoning module ProceduralMeshComponent (109)
[2015.09.07-03.12.04:120][908]LogModuleManager: Shutting down and abandoning module OculusRift (108)
[2015.09.07-03.12.04:121][908]LogModuleManager: Shutting down and abandoning module LeapMotionController (107)
[2015.09.07-03.12.04:133][908]LogModuleManager: Shutting down and abandoning module CustomMeshComponent (106)
[2015.09.07-03.12.04:133][908]LogModuleManager: Shutting down and abandoning module CableComponent (105)
[2015.09.07-03.12.04:134][908]LogModuleManager: Shutting down and abandoning module MessagingDebugger (104)
[2015.09.07-03.12.04:134][908]LogModuleManager: Shutting down and abandoning module MediaPlayerEditor (103)
[2015.09.07-03.12.04:134][908]LogModuleManager: Shutting down and abandoning module SpeedTreeImporter (102)
[2015.09.07-03.12.04:134][908]LogModuleManager: Shutting down and abandoning module PluginBrowser (101)
[2015.09.07-03.12.04:135][908]LogModuleManager: Shutting down and abandoning module EpicSurvey (100)
[2015.09.07-03.12.04:135][908]LogModuleManager: Shutting down and abandoning module DesktopPlatform (99)
[2015.09.07-03.12.04:135][908]LogModuleManager: Shutting down and abandoning module VisualStudioSourceCodeAccess (98)
[2015.09.07-03.12.04:135][908]LogModuleManager: Shutting down and abandoning module UObjectPlugin (97)
[2015.09.07-03.12.04:136][908]LogModuleManager: Shutting down and abandoning module SubversionSourceControl (96)
[2015.09.07-03.12.04:136][908]LogModuleManager: Shutting down and abandoning module PerforceSourceControl (95)
[2015.09.07-03.12.04:136][908]LogModuleManager: Shutting down and abandoning module SourceControl (94)
[2015.09.07-03.12.04:136][908]LogModuleManager: Shutting down and abandoning module GitSourceControl (93)
[2015.09.07-03.12.04:137][908]LogModuleManager: Shutting down and abandoning module BlankPlugin (92)
[2015.09.07-03.12.04:137][908]LogModuleManager: Shutting down and abandoning module PaperTiledImporter (91)
[2015.09.07-03.12.04:137][908]LogModuleManager: Shutting down and abandoning module PaperSpriteSheetImporter (90)
[2015.09.07-03.12.04:137][908]LogModuleManager: Shutting down and abandoning module MeshPaint (89)
[2015.09.07-03.12.04:137][908]LogModuleManager: Shutting down and abandoning module SlateReflector (88)
[2015.09.07-03.12.04:138][908]LogModuleManager: Shutting down and abandoning module DirectoryWatcher (87)
[2015.09.07-03.12.04:138][908]LogModuleManager: Shutting down and abandoning module HotReload (86)
[2015.09.07-03.12.04:139][908]LogModuleManager: Shutting down and abandoning module MainFrame (85)
[2015.09.07-03.12.04:139][908]LogModuleManager: Shutting down and abandoning module LevelEditor (84)
[2015.09.07-03.12.04:140][908]LogModuleManager: Shutting down and abandoning module ContentBrowser (83)
[2015.09.07-03.12.04:141][908]LogModuleManager: Shutting down and abandoning module Paper2DEditor (82)
[2015.09.07-03.12.04:141][908]LogModuleManager: Shutting down and abandoning module Brain (81)
[2015.09.07-03.12.04:141][908]LogModuleManager: Shutting down and abandoning module UdpMessaging (80)
[2015.09.07-03.12.04:241][908]LogModuleManager: Shutting down and abandoning module Paper2D (79)
[2015.09.07-03.12.04:242][908]LogModuleManager: Shutting down and abandoning module WindowsMoviePlayer (78)
[2015.09.07-03.12.04:247][908]LogModuleManager: Shutting down and abandoning module Media (77)
[2015.09.07-03.12.04:248][908]LogModuleManager: Shutting down and abandoning module WmfMedia (76)
[2015.09.07-03.12.04:251][908]LogModuleManager: Shutting down and abandoning module OnlineBlueprintSupport (75)
[2015.09.07-03.12.04:251][908]LogModuleManager: Shutting down and abandoning module PropertyEditor (74)
[2015.09.07-03.12.04:253][908]LogModuleManager: Shutting down and abandoning module BehaviorTreeEditor (73)
[2015.09.07-03.12.04:253][908]LogModuleManager: Shutting down and abandoning module FunctionalTesting (72)
[2015.09.07-03.12.04:254][908]LogModuleManager: Shutting down and abandoning module CollisionAnalyzer (71)
[2015.09.07-03.12.04:254][908]LogModuleManager: Shutting down and abandoning module WorkspaceMenuStructure (70)
[2015.09.07-03.12.04:255][908]LogModuleManager: Shutting down and abandoning module MessageLog (69)
[2015.09.07-03.12.04:255][908]LogModuleManager: Shutting down and abandoning module Sequencer (68)
[2015.09.07-03.12.04:256][908]LogModuleManager: Shutting down and abandoning module AssetTools (67)
[2015.09.07-03.12.04:257][908]LogModuleManager: Shutting down and abandoning module UMGEditor (66)
[2015.09.07-03.12.04:257][908]LogModuleManager: Shutting down and abandoning module UMG (65)
[2015.09.07-03.12.04:258][908]LogModuleManager: Shutting down and abandoning module Slate (64)
[2015.09.07-03.12.04:258][908]LogModuleManager: Shutting down and abandoning module EditorStyle (63)
[2015.09.07-03.12.04:263][908]LogModuleManager: Shutting down and abandoning module SessionServices (62)
[2015.09.07-03.12.04:264][908]LogModuleManager: Shutting down and abandoning module SourceCodeAccess (61)
[2015.09.07-03.12.04:265][908]LogModuleManager: Shutting down and abandoning module HeadMountedDisplay (60)
[2015.09.07-03.12.04:266][908]LogModuleManager: Shutting down and abandoning module XAudio2 (59)
[2015.09.07-03.12.04:266][908]LogModuleManager: Shutting down and abandoning module Networking (57)
[2015.09.07-03.12.04:267][908]LogModuleManager: Shutting down and abandoning module Core (56)
[2015.09.07-03.12.04:268][908]LogModuleManager: Shutting down and abandoning module KismetCompiler (55)
[2015.09.07-03.12.04:268][908]LogModuleManager: Shutting down and abandoning module PhysXFormats (54)
[2015.09.07-03.12.04:269][908]LogModuleManager: Shutting down and abandoning module MeshUtilities (53)
[2015.09.07-03.12.04:269][908]LogModuleManager: Shutting down and abandoning module DerivedDataCache (52)
[2015.09.07-03.12.04:308][908]LogDerivedDataCache: Shutdown
[2015.09.07-03.12.04:309][908]LogModuleManager: Shutting down and abandoning module ShaderFormatOpenGL (51)
[2015.09.07-03.12.04:309][908]LogModuleManager: Shutting down and abandoning module ShaderFormatD3D (50)
[2015.09.07-03.12.04:310][908]LogModuleManager: Shutting down and abandoning module MetalShaderFormat (49)
[2015.09.07-03.12.04:311][908]LogModuleManager: Shutting down and abandoning module TextureFormatUncompressed (48)
[2015.09.07-03.12.04:311][908]LogModuleManager: Shutting down and abandoning module TextureFormatPVR (47)
[2015.09.07-03.12.04:312][908]LogModuleManager: Shutting down and abandoning module TextureFormatIntelISPCTexComp (46)
[2015.09.07-03.12.04:312][908]LogModuleManager: Shutting down and abandoning module TextureFormatDXT (45)
[2015.09.07-03.12.04:313][908]LogModuleManager: Shutting down and abandoning module ImageWrapper (44)
[2015.09.07-03.12.04:313][908]LogModuleManager: Shutting down and abandoning module TextureFormatASTC (43)
[2015.09.07-03.12.04:314][908]LogModuleManager: Shutting down and abandoning module TextureFormatAndroid (42)
[2015.09.07-03.12.04:314][908]LogModuleManager: Shutting down and abandoning module AudioFormatOpus (41)
[2015.09.07-03.12.04:315][908]LogModuleManager: Shutting down and abandoning module AudioFormatOgg (40)
[2015.09.07-03.12.04:316][908]LogModuleManager: Shutting down and abandoning module AudioFormatADPCM (39)
[2015.09.07-03.12.04:316][908]LogModuleManager: Shutting down and abandoning module LinuxTargetPlatform (38)
[2015.09.07-03.12.04:317][908]LogModuleManager: Shutting down and abandoning module LinuxServerTargetPlatform (37)
[2015.09.07-03.12.04:317][908]LogModuleManager: Shutting down and abandoning module LinuxNoEditorTargetPlatform (36)
[2015.09.07-03.12.04:318][908]LogModuleManager: Shutting down and abandoning module Messaging (35)
[2015.09.07-03.12.04:318][908]LogModuleManager: Shutting down and abandoning module IOSTargetPlatform (34)
[2015.09.07-03.12.04:319][908]LogModuleManager: Shutting down and abandoning module HTML5TargetPlatform (33)
[2015.09.07-03.12.04:319][908]LogModuleManager: Shutting down and abandoning module Android_PVRTCTargetPlatform (32)
[2015.09.07-03.12.04:320][908]LogModuleManager: Shutting down and abandoning module Android_ETC2TargetPlatform (31)
[2015.09.07-03.12.04:320][908]LogModuleManager: Shutting down and abandoning module Android_ETC1TargetPlatform (30)
[2015.09.07-03.12.04:321][908]LogModuleManager: Shutting down and abandoning module Android_DXTTargetPlatform (29)
[2015.09.07-03.12.04:321][908]LogModuleManager: Shutting down and abandoning module Android_ATCTargetPlatform (28)
[2015.09.07-03.12.04:322][908]LogModuleManager: Shutting down and abandoning module Android_ASTCTargetPlatform (27)
[2015.09.07-03.12.04:322][908]LogModuleManager: Shutting down and abandoning module AndroidTargetPlatform (26)
[2015.09.07-03.12.04:323][908]LogModuleManager: Shutting down and abandoning module WindowsTargetPlatform (25)
[2015.09.07-03.12.04:323][908]LogModuleManager: Shutting down and abandoning module WindowsServerTargetPlatform (24)
[2015.09.07-03.12.04:324][908]LogModuleManager: Shutting down and abandoning module WindowsNoEditorTargetPlatform (23)
[2015.09.07-03.12.04:324][908]LogModuleManager: Shutting down and abandoning module WindowsClientTargetPlatform (22)
[2015.09.07-03.12.04:325][908]LogModuleManager: Shutting down and abandoning module DesktopTargetPlatform (21)
[2015.09.07-03.12.04:325][908]LogModuleManager: Shutting down and abandoning module TargetPlatform (20)
[2015.09.07-03.12.04:326][908]LogModuleManager: Shutting down and abandoning module InputCore (19)
[2015.09.07-03.12.04:326][908]LogModuleManager: Shutting down and abandoning module Settings (18)
[2015.09.07-03.12.04:327][908]LogModuleManager: Shutting down and abandoning module OnlineSubsystem (16)
[2015.09.07-03.12.04:328][908]LogModuleManager: Shutting down and abandoning module HTTP (15)
[2015.09.07-03.12.04:329][908]LogModuleManager: Shutting down and abandoning module ExampleDeviceProfileSelector (14)
[2015.09.07-03.12.04:330][908]LogModuleManager: Shutting down and abandoning module TextureCompressor (13)
[2015.09.07-03.12.04:331][908]LogModuleManager: Shutting down and abandoning module ShaderCore (12)
[2015.09.07-03.12.04:332][908]LogModuleManager: Shutting down and abandoning module Landscape (11)
[2015.09.07-03.12.04:332][908]LogModuleManager: Shutting down and abandoning module SlateRHIRenderer (10)
[2015.09.07-03.12.04:336][908]LogModuleManager: Shutting down and abandoning module OpenGLDrv (9)
[2015.09.07-03.12.04:337][908]LogModuleManager: Shutting down and abandoning module D3D11RHI (8)
[2015.09.07-03.12.04:338][908]LogModuleManager: Shutting down and abandoning module Renderer (7)
[2015.09.07-03.12.04:338][908]LogModuleManager: Shutting down and abandoning module Engine (6)
[2015.09.07-03.12.04:338][908]LogModuleManager: Shutting down and abandoning module CoreUObject (5)
[2015.09.07-03.12.04:338][908]LogModuleManager: Shutting down and abandoning module NetworkFile (4)
[2015.09.07-03.12.04:339][908]LogModuleManager: Shutting down and abandoning module StreamingFile (3)
[2015.09.07-03.12.04:339][908]LogModuleManager: Shutting down and abandoning module SandboxFile (2)
[2015.09.07-03.12.04:339][908]LogModuleManager: Shutting down and abandoning module PakFile (1)
[2015.09.07-03.12.04:342][908]LogExit: Exiting.
[2015.09.07-03.12.04:343][908]Log file closed, 09/06/15 23:12:04
