[2015.09.07-13.09.54:604][  0]Log file open, 09/07/15 09:09:54
[2015.09.07-13.09.54:604][  0]LogInit:Display: Running engine for game: Brain
[2015.09.07-13.09.54:604][  0]LogInit:Display: RandInit(1759258742) SRandInit(1759258742).
[2015.09.07-13.09.54:605][  0]LogTaskGraph: Started task graph with 4 named threads and 7 total threads.
[2015.09.07-13.09.54:605][  0]LogStats: Stats thread started
[2015.09.07-13.09.54:605][  0]LogInit: Version: 4.8.3-2634408+++depot+UE4-Releases+4.8
[2015.09.07-13.09.54:606][  0]LogInit: API Version: 2579680
[2015.09.07-13.09.54:606][  0]LogInit: Compiled (64-bit): Jul 27 2015 16:24:33
[2015.09.07-13.09.54:606][  0]LogInit: Compiled with Visual C++: 18.00.21005.01
[2015.09.07-13.09.54:607][  0]LogInit: Build Configuration: Development
[2015.09.07-13.09.54:607][  0]LogInit: Branch Name: ++depot+UE4-Releases+4.8
[2015.09.07-13.09.54:607][  0]LogInit: Command line: 
[2015.09.07-13.09.54:607][  0]LogInit: Base directory: C:/Program Files/Epic Games/4.8/Engine/Binaries/Win64/
[2015.09.07-13.09.54:608][  0]LogInit: Rocket: 1
[2015.09.07-13.09.54:628][  0]LogInit: Using libcurl 7.41.0
[2015.09.07-13.09.54:629][  0]LogInit:  - built for x86_64-pc-win32
[2015.09.07-13.09.54:629][  0]LogInit:  - supports SSL with WinSSL
[2015.09.07-13.09.54:629][  0]LogInit:  - other features:
[2015.09.07-13.09.54:630][  0]LogInit:      CURL_VERSION_SSL
[2015.09.07-13.09.54:630][  0]LogInit:      CURL_VERSION_IPV6
[2015.09.07-13.09.54:630][  0]LogInit:      CURL_VERSION_ASYNCHDNS
[2015.09.07-13.09.54:630][  0]LogInit:      CURL_VERSION_LARGEFILE
[2015.09.07-13.09.54:630][  0]LogInit:      CURL_VERSION_IDN
[2015.09.07-13.09.54:631][  0]LogInit:  CurlRequestOptions (configurable via config and command line):
[2015.09.07-13.09.54:631][  0]LogInit:  - bVerifyPeer = true  - Libcurl will verify peer certificate
[2015.09.07-13.09.54:631][  0]LogInit:  - bUseHttpProxy = false  - Libcurl will NOT use HTTP proxy
[2015.09.07-13.09.54:631][  0]LogInit:  - bDontReuseConnections = false  - Libcurl will reuse connections
[2015.09.07-13.09.54:632][  0]LogInit:  - CertBundlePath = nullptr  - Libcurl will use whatever was configured at build time.
[2015.09.07-13.09.54:646][  0]LogOnline:Warning: No default platform service specified for OnlineSubsystem
[2015.09.07-13.09.54:680][  0]LogInit: Presizing for 0 objects not considered by GC, pre-allocating 0 bytes.
[2015.09.07-13.09.54:688][  0]LogInit: Object subsystem initialized
[2015.09.07-13.09.54:689][  0]LogConsoleResponse:Warning: Skipping Unknown console variable: 'TranslucentSortAxis = (X=0.000000,Y=-1.000000,Z=0.000000)'
[2015.09.07-13.09.54:689][  0]LogConsoleResponse:Warning:   Found in ini file 'C:/Users/frederic/Documents/Unreal Projects/Brain/Saved/Config/Windows/Engine.ini', in section '[/Script/Engine.RendererSettings]'
[2015.09.07-13.09.54:690][  0]LogConsoleResponse:Warning: Skipping Unknown console variable: 'UIScaleRule = ShortestSide'
[2015.09.07-13.09.54:690][  0]LogConsoleResponse:Warning:   Found in ini file 'C:/Users/frederic/Documents/Unreal Projects/Brain/Saved/Config/Windows/Engine.ini', in section '[/Script/Engine.RendererSettings]'
[2015.09.07-13.09.54:690][  0]LogConsoleResponse:Warning: Skipping Unknown console variable: 'UIScaleCurve = (EditorCurveData=(Keys=),ExternalCurve=None)'
[2015.09.07-13.09.54:691][  0]LogConsoleResponse:Warning:   Found in ini file 'C:/Users/frederic/Documents/Unreal Projects/Brain/Saved/Config/Windows/Engine.ini', in section '[/Script/Engine.RendererSettings]'
[2015.09.07-13.09.54:691][  0]LogInit: Selected Device Profile: [Windows]
[2015.09.07-13.09.54:691][  0]LogInit: Applying CVar settings loaded from the selected device profile: [Windows]
[2015.09.07-13.09.54:698][  0]LogInit: Computer: FREDERIC-PC
[2015.09.07-13.09.54:699][  0]LogInit: User: frederic
[2015.09.07-13.09.54:699][  0]LogInit: CPU Page size=4096, Cores=4
[2015.09.07-13.09.54:699][  0]LogInit: High frequency timer resolution =3.331259 MHz
[2015.09.07-13.09.54:699][  0]LogMemory: Memory total: Physical=15.9GB (16GB approx)
[2015.09.07-13.09.54:700][  0]LogMemory: Platform Memory Stats for Windows
[2015.09.07-13.09.54:700][  0]LogMemory: Process Physical Memory: 52.70 MB used, 52.70 MB peak
[2015.09.07-13.09.54:700][  0]LogMemory: Process Virtual Memory: 24.55 MB used, 24.55 MB peak
[2015.09.07-13.09.54:701][  0]LogMemory: Physical Memory: 6063.50 MB used, 16288.39 MB total
[2015.09.07-13.09.54:701][  0]LogMemory: Virtual Memory: 282.93 MB used, 8388608.00 MB total
[2015.09.07-13.09.54:772][  0]LogTextLocalizationManager: The requested culture ('fr_CA') has no localization data; falling back to 'en' for localization and internationalization data.
[2015.09.07-13.09.54:976][  0]LogTextLocalizationManager:Warning: Loaded localization resources contain conflicting entries for (Namespace:ContentBrowser, Key:ImportAssetToolTip):
Localization Resource: (C:/Program Files/Epic Games/4.8/Engine/Content/Localization/Editor/en/Editor.locres) Source String Hash: (-630476809) Localized String: (Import to {0}...)
Localization Resource: (C:/Program Files/Epic Games/4.8/Engine/Content/Localization/Editor/en/Editor.locres) Source String Hash: (1271782899) Localized String: (Imports an asset from file to this folder.)
[2015.09.07-13.09.55:443][  0]LogD3D11RHI: Found D3D11 adapter 0: NVIDIA GeForce GTX 970 (Feature Level 11_0)
[2015.09.07-13.09.55:444][  0]LogD3D11RHI: Adapter has 4008MB of dedicated video memory, 0MB of dedicated system memory, and 7888MB of shared system memory, 1 output[s]
[2015.09.07-13.09.55:451][  0]LogD3D11RHI: Found D3D11 adapter 1: Intel(R) HD Graphics 3000 (Feature Level 10_0)
[2015.09.07-13.09.55:452][  0]LogD3D11RHI: Adapter has 64MB of dedicated video memory, 0MB of dedicated system memory, and 1632MB of shared system memory, 0 output[s]
[2015.09.07-13.09.55:452][  0]LogD3D11RHI: Chosen D3D11 Adapter Id = 0
[2015.09.07-13.09.55:456][  0]LogD3D11RHI: InitD3DDevice
[2015.09.07-13.09.55:456][  0]LogD3D11RHI: !Direct3DDevice
[2015.09.07-13.09.55:457][  0]LogRHI: Texture pool is 1361 MB (70% of 1945 MB)
[2015.09.07-13.09.55:501][  0]LogD3D11RHI: Async texture creation enabled
[2015.09.07-13.09.55:516][  0]LogShaderCompilers:Display: Using Local Shader Compiler.
[2015.09.07-13.09.56:298][  0]LogTemp:Display: Loaded TP DesktopTargetPlatform
[2015.09.07-13.09.56:320][  0]LogTemp:Display: Loaded TP WindowsClientTargetPlatform
[2015.09.07-13.09.56:341][  0]LogTemp:Display: Loaded TP WindowsNoEditorTargetPlatform
[2015.09.07-13.09.56:363][  0]LogTemp:Display: Loaded TP WindowsServerTargetPlatform
[2015.09.07-13.09.56:387][  0]LogTemp:Display: Loaded TP WindowsTargetPlatform
[2015.09.07-13.09.56:404][  0]LogTemp:Display: Loaded TP AndroidTargetPlatform
[2015.09.07-13.09.56:421][  0]LogTemp:Display: Loaded TP Android_ASTCTargetPlatform
[2015.09.07-13.09.56:438][  0]LogTemp:Display: Loaded TP Android_ATCTargetPlatform
[2015.09.07-13.09.56:457][  0]LogTemp:Display: Loaded TP Android_DXTTargetPlatform
[2015.09.07-13.09.56:476][  0]LogTemp:Display: Loaded TP Android_ETC1TargetPlatform
[2015.09.07-13.09.56:496][  0]LogTemp:Display: Loaded TP Android_ETC2TargetPlatform
[2015.09.07-13.09.56:514][  0]LogTemp:Display: Loaded TP Android_PVRTCTargetPlatform
[2015.09.07-13.09.56:584][  0]LogTemp:Display: Loaded TP IOSTargetPlatform
[2015.09.07-13.09.56:600][  0]LogTemp:Display: Loaded TP LinuxNoEditorTargetPlatform
[2015.09.07-13.09.56:615][  0]LogTemp:Display: Loaded TP LinuxServerTargetPlatform
[2015.09.07-13.09.56:633][  0]LogTemp:Display: Loaded TP LinuxTargetPlatform
[2015.09.07-13.09.56:633][  0]LogTargetPlatformManager:Display: Building Assets For Windows
[2015.09.07-13.09.56:941][  0]LogDerivedDataCache:Display: Max Cache Size: 512 MB
[2015.09.07-13.09.57:001][  0]LogDerivedDataCache: Loaded boot cache 0.06s 84MB C:/Users/frederic/AppData/Local/UnrealEngine/4.8/DerivedDataCache/Boot.ddc.
[2015.09.07-13.09.57:001][  0]LogDerivedDataCache:Display: Loaded Boot cache: C:/Users/frederic/AppData/Local/UnrealEngine/4.8/DerivedDataCache/Boot.ddc
[2015.09.07-13.09.57:002][  0]LogDerivedDataCache: FDerivedDataBackendGraph:  Pak pak cache file ../../../../../../Users/frederic/Documents/Unreal Projects/Brain/DerivedDataCache/DDC.ddp not found, will not use a pak cache.
[2015.09.07-13.09.57:002][  0]LogDerivedDataCache: Unable to find inner node Pak for hierarchical cache Hierarchy.
[2015.09.07-13.09.57:002][  0]LogDerivedDataCache: FDerivedDataBackendGraph:  CompressedPak pak cache file ../../../../../../Users/frederic/Documents/Unreal Projects/Brain/DerivedDataCache/Compressed.ddp not found, will not use a pak cache.
[2015.09.07-13.09.57:003][  0]LogDerivedDataCache: Unable to find inner node CompressedPak for hierarchical cache Hierarchy.
[2015.09.07-13.09.57:149][  0]LogDerivedDataCache:Display: Pak cache opened for reading ../../../Engine/DerivedDataCache/Compressed.ddp.
[2015.09.07-13.09.57:161][  0]LogDerivedDataCache: Using Local data cache path C:/Users/frederic/AppData/Local/UnrealEngine/Common/DerivedDataCache: Writable
[2015.09.07-13.09.57:366][  0]LogInit: Selected Device Profile: [Windows]
[2015.09.07-13.09.57:374][  0]ImportText (ComponentSweepMultiTests): Missing closing parenthesis: (RootShapeAsset="/Engine/BasicShapes/Cube.Cube",ShapeType="TriggerCapsule",HitResult=(Time=0.50,Location=(X=-100.000015,Y=0.0,Z=100.000015),ImpactPoint=(X=-50.0,Y=0.0,Z=50.0),Normal=(X=-1.0,Y=-0.0,Z=0.0),ImpactNormal=(X=0.0,Y=0.0,Z=1.0),TraceStart=(X=-200.0,Y=0.0,Z=200.0),TraceEnd=(X=0.0,Y=0.0,Z=0.0))
[2015.09.07-13.09.57:375][  0]ImportText (LineTraceSingleByChannelTests): Missing closing parenthesis: (RootShapeAsset="/Engine/BasicShapes/Cube.Cube",HitResult=(Time=0.50,Location=(X=-100.000015,Y=0.0,Z=100.000015),ImpactPoint=(X=-50.0,Y=0.0,Z=50.0),Normal=(X=-1.0,Y=-0.0,Z=0.0),ImpactNormal=(X=0.0,Y=0.0,Z=1.0),TraceStart=(X=-200.0,Y=0.0,Z=200.0),TraceEnd=(X=0.0,Y=0.0,Z=0.0))
[2015.09.07-13.09.57:413][  0]LogMeshUtilities: No automatic mesh reduction module available
[2015.09.07-13.09.57:413][  0]LogMeshUtilities: No automatic mesh merging module available
[2015.09.07-13.09.57:818][  0]LogInit: WinSock: version 1.1 (2.2), MaxSocks=32767, MaxUdp=65467
[2015.09.07-13.09.59:001][  0]UdpMessaging: Initializing bridge on interface 0.0.0.0:0 to multicast group 230.0.0.1:6666.
[2015.09.07-13.09.59:768][  0]SourceControl: Info Source control is disabled
[2015.09.07-13.09.59:790][  0]SourceControl: Info Source control is disabled
[2015.09.07-13.09.59:809][  0]SourceControl: Info Source control is disabled
[2015.09.07-13.09.59:829][  0]SourceControl: Info Source control is disabled
[2015.09.07-13.10.00:143][  0]LogObj: 31156 objects as part of root set at end of initial load.
[2015.09.07-13.10.00:148][  0]LogUObjectAllocator: 7108624 out of 0 bytes used by permanent object pool.
[2015.09.07-13.10.00:237][  0]LogEngine: Initializing Engine...
[2015.09.07-13.10.00:239][  0]LogHMD: Can't find Oculus library dev build: is proper Runtime installed? Version: 0.6.0.0
[2015.09.07-13.10.00:244][  0]LogHMD:Warning: SteamVR failed to initialize.  Error: 110
[2015.09.07-13.10.00:402][  0]LogAIModule: Creating AISystem for world NewWorld
[2015.09.07-13.10.00:415][  0]LogInit: XAudio2 using 'Haut-parleurs (C-Media USB Audio Device   )' : 2 channels at 44.1 kHz using 16 bits per sample (channel mask 0x3)
[2015.09.07-13.10.00:426][  0]LogInit: FAudioDevice initialized.
[2015.09.07-13.10.00:456][  0]LogDerivedDataCache: Saved boot cache 0.03s 61MB C:/Users/frederic/AppData/Local/UnrealEngine/4.8/DerivedDataCache/Boot.ddc.
[2015.09.07-13.10.00:464][  0]LogInit: Texture streaming: Disabled
[2015.09.07-13.10.00:496][  0]LogAnalytics: Creating configured Analytics provider AnalyticsET
[2015.09.07-13.10.00:497][  0]LogAnalytics: [UEEditor.Rocket.Release] APIServer = http://et2.epicgames.com/ET2/. AppVersion = 4.8.3-2634408+++depot+UE4-Releases+4.8
[2015.09.07-13.10.00:497][  0]LogAnalytics: [UEEditor.Rocket.Release] SetUserId c8da8d664a36a98701fe659c10ae4ff8|70626fa7f476448fb82ad9618fbbb1ab|00e7fb16-00c3-4af4-a2a1-2cc8013aae38
[2015.09.07-13.10.00:497][  0]LogAnalytics: [UEEditor.Rocket.Release] AnalyticsET::StartSession
[2015.09.07-13.10.00:528][  0]LogInit: Transaction tracking system initialized
[2015.09.07-13.10.00:736][  0]BlueprintLog: New page: Editor Load
[2015.09.07-13.10.00:781][  0]LogAssetRegistry: FAssetRegistry took 0.0109 seconds to start up
[2015.09.07-13.10.00:782][  0]LogDirectoryWatcher:Warning: Failed to begin reading directory changes for ../../../Engine/Plugins/Experimental/CharacterAI/Content/. Error: 0
[2015.09.07-13.10.01:779][  0]LogConsoleManager:Warning: Console variable 'r.VSync' wasn't set ('GameSetting' has a lower priority than 'SystemSettingsIni')
[2015.09.07-13.10.01:779][  0]LogConsoleResponse:Display: 
[2015.09.07-13.10.01:876][  0]LogCook:Display: Done creating registry. It took  0.00s.
[2015.09.07-13.10.02:134][  0]SourceControl: Info Source control is disabled
[2015.09.07-13.10.02:134][  0]Cmd: MAP LOAD FILE="../../../../../../Users/frederic/Documents/Unreal Projects/Brain/Content/FirstPerson/Maps/FirstPersonExampleMap.umap" TEMPLATE=0 SHOWPROGRESS=1 FEATURELEVEL=3
[2015.09.07-13.10.02:135][  0]LightingResults: New page: Lighting Build
[2015.09.07-13.10.02:151][  0]MapCheck: New page: Map Check
[2015.09.07-13.10.02:151][  0]LightingResults: New page: Lighting Build
[2015.09.07-13.10.02:161][  0]LogParticles: Destroying 0 GPU particle simulations for FXSystem 0x000000001FCB89A0
[2015.09.07-13.10.02:804][  0]LogAIModule: Creating AISystem for world FirstPersonExampleMap
[2015.09.07-13.10.02:816][  0]LogEditorServer: Finished looking for orphan Actors (0.000 secs)
[2015.09.07-13.10.03:846][  0]Cmd: MAP CHECKDEP NOCLEARLOG
[2015.09.07-13.10.03:886][  0]MapCheck: Info Map check complete: 0 Error(s), 0 Warning(s), took 38.419ms to complete.
[2015.09.07-13.10.03:886][  0]LogFileHelpers: Loading map 'FirstPersonExampleMap' took 1.752
[2015.09.07-13.10.04:064][  0]LogCollectionManager: Loaded 0 collections in 0.002713 seconds
[2015.09.07-13.10.04:078][  0]LogContentBrowser: Native class hierarchy populated in 0.0141 seconds. Added 1798 classes and 303 folders.
[2015.09.07-13.10.04:314][  0]LogContentBrowser: Native class hierarchy updated for 'WidgetCarousel' in 0.0110 seconds. Added 0 classes and 0 folders.
[2015.09.07-13.10.04:434][  0]LogContentBrowser: Native class hierarchy updated for 'AddContentDialog' in 0.0109 seconds. Added 0 classes and 0 folders.
[2015.09.07-13.10.04:530][  0]LogContentBrowser: Native class hierarchy updated for 'SceneOutliner' in 0.0109 seconds. Added 1 classes and 2 folders.
[2015.09.07-13.10.04:641][  0]LogCrashTracker: Crashtracker disabled due to settings.
[2015.09.07-13.10.04:643][  0]LogD3D11RHI: InitD3DDevice
[2015.09.07-13.10.04:649][  0]LogUObjectGlobals:Warning: Failed to find object 'Class None.'
[2015.09.07-13.10.04:672][  0]LogLoad: Full Startup: 12.02 seconds (BP compile: 0.24 seconds)
[2015.09.07-13.10.04:747][  0]LogContentStreaming: Texture pool size is 0.000000MB
[2015.09.07-13.10.04:788][  0]LogContentStreaming: Texture pool size now 1000 MB
[2015.09.07-13.10.04:900][  0]LogRenderer: Reallocating scene render targets to support 1208x560 (Frame:2).
[2015.09.07-13.10.05:290][  4]LogD3D11RHI: InitD3DDevice
[2015.09.07-13.10.05:420][  6]LogAssetRegistry: Asset discovery search completed in 4.6496 seconds
[2015.09.07-13.10.08:023][303]LogPlayLevel: PIE:  No blueprints needed recompiling
[2015.09.07-13.10.08:026][303]PIE: New page: PIE session: FirstPersonExampleMap (Sep 7, 2015, 5:10:08 AM)
[2015.09.07-13.10.08:026][303]LogPlayLevel: Creating play world package: /Game/FirstPerson/Maps/UEDPIE_0_FirstPersonExampleMap
[2015.09.07-13.10.08:043][303]LogPlayLevel: PIE: StaticDuplicateObject took: (0.016583s)
[2015.09.07-13.10.08:045][303]LogAIModule: Creating AISystem for world FirstPersonExampleMap
[2015.09.07-13.10.08:046][303]LogPlayLevel: PIE: World Init took: (0.002109s)
[2015.09.07-13.10.08:047][303]LogPlayLevel: PIE: Created PIE world by copying editor world from /Game/FirstPerson/Maps/FirstPersonExampleMap.FirstPersonExampleMap to /Game/FirstPerson/Maps/UEDPIE_0_FirstPersonExampleMap.FirstPersonExampleMap (0.020521s)
[2015.09.07-13.10.08:048][303]LogActorComponent: UnregisterComponent: (/Engine/Transient.CharMoveComp) Not registered. Aborting.
[2015.09.07-13.10.08:048][303]LogActorComponent: UnregisterComponent: (/Engine/Transient.CharacterMovementComponent_0) Not registered. Aborting.
[2015.09.07-13.10.08:091][303]LogInit: XAudio2 using 'Haut-parleurs (C-Media USB Audio Device   )' : 2 channels at 44.1 kHz using 16 bits per sample (channel mask 0x3)
[2015.09.07-13.10.08:097][303]LogInit: FAudioDevice initialized.
[2015.09.07-13.10.08:156][303]LogWorld: Game class is 'BrainGameMode'
[2015.09.07-13.10.08:163][303]LogWorld: Bringing World /Game/FirstPerson/Maps/UEDPIE_0_FirstPersonExampleMap.FirstPersonExampleMap up for play (max tick rate 0) at 2015.09.07-09.10.08
[2015.09.07-13.10.08:164][303]LogActor:Warning: GameSession /Game/FirstPerson/Maps/UEDPIE_0_FirstPersonExampleMap.FirstPersonExampleMap:PersistentLevel.GameSession_0 has natively added scene component(s), but none of them were set as the actor's RootComponent - picking one arbitrarily
[2015.09.07-13.10.08:164][303]LogActor:Warning: GameNetworkManager /Game/FirstPerson/Maps/UEDPIE_0_FirstPersonExampleMap.FirstPersonExampleMap:PersistentLevel.GameNetworkManager_0 has natively added scene component(s), but none of them were set as the actor's RootComponent - picking one arbitrarily
[2015.09.07-13.10.08:165][303]LogWorld: Bringing up level for play took: 0.006964
[2015.09.07-13.10.08:168][303]PIE: Info Play in editor start time for /Game/FirstPerson/Maps/UEDPIE_0_FirstPersonExampleMap 0.78
[2015.09.07-13.10.26:399][476]LogParticles: Destroying 0 GPU particle simulations for FXSystem 0x0000000003A6DB20
[2015.09.07-13.10.32:944][257]LogD3D11RHI: InitD3DDevice
[2015.09.07-13.10.42:868][446]LogD3D11RHI: InitD3DDevice
[2015.09.07-13.10.44:642][656]LogD3D11RHI: InitD3DDevice
[2015.09.07-13.10.45:076][707]LogD3D11RHI: InitD3DDevice
[2015.09.07-13.10.51:644][494]LogD3D11RHI: InitD3DDevice
[2015.09.07-13.11.16:046][421]LogD3D11RHI: InitD3DDevice
[2015.09.07-13.11.16:075][421]LogD3D11RHI: InitD3DDevice
[2015.09.07-13.11.16:087][421]LogLinker:Warning: Asset '../../../Engine/Content/ArtTools/RenderToTexture/Macros/RenderToTextureMacros.uasset' has been saved with empty engine version. The asset will be loaded but may be incompatible.
[2015.09.07-13.11.16:171][421]LogLinker:Warning: Asset '../../../Engine/Content/ArtTools/RenderToTexture/Enums/RenderToTexture_Enum.uasset' has been saved with empty engine version. The asset will be loaded but may be incompatible.
[2015.09.07-13.11.20:459][786]LogD3D11RHI: InitD3DDevice
[2015.09.07-13.11.20:472][786]LogD3D11RHI: InitD3DDevice
[2015.09.07-13.11.34:069][203]LogPlayLevel: PIE:  No blueprints needed recompiling
[2015.09.07-13.11.34:070][203]PIE: New page: PIE session: FirstPersonExampleMap (Sep 7, 2015, 5:11:34 AM)
[2015.09.07-13.11.34:070][203]LogPlayLevel: Creating play world package: /Game/FirstPerson/Maps/UEDPIE_0_FirstPersonExampleMap
[2015.09.07-13.11.34:089][203]LogPlayLevel: PIE: StaticDuplicateObject took: (0.018331s)
[2015.09.07-13.11.34:090][203]LogAIModule: Creating AISystem for world FirstPersonExampleMap
[2015.09.07-13.11.34:091][203]LogPlayLevel: PIE: World Init took: (0.001646s)
[2015.09.07-13.11.34:092][203]LogPlayLevel: PIE: Created PIE world by copying editor world from /Game/FirstPerson/Maps/FirstPersonExampleMap.FirstPersonExampleMap to /Game/FirstPerson/Maps/UEDPIE_0_FirstPersonExampleMap.FirstPersonExampleMap (0.021782s)
[2015.09.07-13.11.34:092][203]LogActorComponent: UnregisterComponent: (/Engine/Transient.CharMoveComp) Not registered. Aborting.
[2015.09.07-13.11.34:093][203]LogActorComponent: UnregisterComponent: (/Engine/Transient.CharacterMovementComponent_1) Not registered. Aborting.
[2015.09.07-13.11.34:112][203]LogParticles: Destroying 0 GPU particle simulations for FXSystem 0x0000000019395E40
[2015.09.07-13.11.34:113][203]LogParticles: Destroying 0 GPU particle simulations for FXSystem 0x000000002F8AE700
[2015.09.07-13.11.34:136][203]LogInit: XAudio2 using 'Haut-parleurs (C-Media USB Audio Device   )' : 2 channels at 44.1 kHz using 16 bits per sample (channel mask 0x3)
[2015.09.07-13.11.34:144][203]LogInit: FAudioDevice initialized.
[2015.09.07-13.11.34:175][203]LogWorld: Game class is 'BrainGameMode'
[2015.09.07-13.11.34:182][203]LogWorld: Bringing World /Game/FirstPerson/Maps/UEDPIE_0_FirstPersonExampleMap.FirstPersonExampleMap up for play (max tick rate 0) at 2015.09.07-09.11.34
[2015.09.07-13.11.34:183][203]LogActor:Warning: GameSession /Game/FirstPerson/Maps/UEDPIE_0_FirstPersonExampleMap.FirstPersonExampleMap:PersistentLevel.GameSession_1 has natively added scene component(s), but none of them were set as the actor's RootComponent - picking one arbitrarily
[2015.09.07-13.11.34:183][203]LogActor:Warning: GameNetworkManager /Game/FirstPerson/Maps/UEDPIE_0_FirstPersonExampleMap.FirstPersonExampleMap:PersistentLevel.GameNetworkManager_1 has natively added scene component(s), but none of them were set as the actor's RootComponent - picking one arbitrarily
[2015.09.07-13.11.34:184][203]LogWorld: Bringing up level for play took: 0.006875
[2015.09.07-13.11.34:187][203]PIE: Info Play in editor start time for /Game/FirstPerson/Maps/UEDPIE_0_FirstPersonExampleMap 0.796
[2015.09.07-13.11.43:545][310]LogParticles: Destroying 0 GPU particle simulations for FXSystem 0x000000002FBBC220
[2015.09.07-13.11.51:575][271]LogD3D11RHI: InitD3DDevice
[2015.09.07-13.11.51:588][271]LogD3D11RHI: InitD3DDevice
[2015.09.07-13.11.53:110][408]LogRenderer: Reallocating scene render targets to support 1208x904 (Frame:21333).
[2015.09.07-13.12.03:947][434]LogActorComponent: UnregisterComponent: (/Engine/Transient.CharMoveComp) Not registered. Aborting.
[2015.09.07-13.12.03:948][434]LogActorComponent: UnregisterComponent: (/Engine/Transient.CharacterMovementComponent_2) Not registered. Aborting.
[2015.09.07-13.12.11:894][177]LogActorComponent: UnregisterComponent: (/Engine/Transient.CharacterMovementComponent_3) Not registered. Aborting.
[2015.09.07-13.12.18:268][775]LogActorComponent: UnregisterComponent: (/Engine/Transient.CharacterMovementComponent_4) Not registered. Aborting.
[2015.09.07-13.12.18:344][782]BlueprintLog: New page: Compile FirstPersonCharacter
[2015.09.07-13.12.18:421][782]LogActorComponent: UnregisterComponent: (/Engine/Transient.CharacterMovementComponent_5) Not registered. Aborting.
[2015.09.07-13.12.18:460][782]BlueprintEditorCompileResults: Info [0145.80] Compile of FirstPersonCharacter successful! [in 115 ms]
[2015.09.07-13.12.22:251][234]LogPlayLevel: PIE:  No blueprints needed recompiling
[2015.09.07-13.12.22:252][234]PIE: New page: PIE session: FirstPersonExampleMap (Sep 7, 2015, 5:12:22 AM)
[2015.09.07-13.12.22:252][234]LogPlayLevel: Creating play world package: /Game/FirstPerson/Maps/UEDPIE_0_FirstPersonExampleMap
[2015.09.07-13.12.22:272][234]LogPlayLevel: PIE: StaticDuplicateObject took: (0.019270s)
[2015.09.07-13.12.22:274][234]LogAIModule: Creating AISystem for world FirstPersonExampleMap
[2015.09.07-13.12.22:275][234]LogPlayLevel: PIE: World Init took: (0.001590s)
[2015.09.07-13.12.22:275][234]LogPlayLevel: PIE: Created PIE world by copying editor world from /Game/FirstPerson/Maps/FirstPersonExampleMap.FirstPersonExampleMap to /Game/FirstPerson/Maps/UEDPIE_0_FirstPersonExampleMap.FirstPersonExampleMap (0.022745s)
[2015.09.07-13.12.22:276][234]LogActorComponent: UnregisterComponent: (/Engine/Transient.CharMoveComp) Not registered. Aborting.
[2015.09.07-13.12.22:312][234]LogInit: XAudio2 using 'Haut-parleurs (C-Media USB Audio Device   )' : 2 channels at 44.1 kHz using 16 bits per sample (channel mask 0x3)
[2015.09.07-13.12.22:318][234]LogInit: FAudioDevice initialized.
[2015.09.07-13.12.22:356][234]LogWorld: Game class is 'BrainGameMode'
[2015.09.07-13.12.22:364][234]LogWorld: Bringing World /Game/FirstPerson/Maps/UEDPIE_0_FirstPersonExampleMap.FirstPersonExampleMap up for play (max tick rate 0) at 2015.09.07-09.12.22
[2015.09.07-13.12.22:365][234]LogActor:Warning: GameSession /Game/FirstPerson/Maps/UEDPIE_0_FirstPersonExampleMap.FirstPersonExampleMap:PersistentLevel.GameSession_2 has natively added scene component(s), but none of them were set as the actor's RootComponent - picking one arbitrarily
[2015.09.07-13.12.22:366][234]LogActor:Warning: GameNetworkManager /Game/FirstPerson/Maps/UEDPIE_0_FirstPersonExampleMap.FirstPersonExampleMap:PersistentLevel.GameNetworkManager_2 has natively added scene component(s), but none of them were set as the actor's RootComponent - picking one arbitrarily
[2015.09.07-13.12.22:367][234]LogWorld: Bringing up level for play took: 0.008671
[2015.09.07-13.12.22:370][234]PIE: Info Play in editor start time for /Game/FirstPerson/Maps/UEDPIE_0_FirstPersonExampleMap 0.979
[2015.09.07-13.12.32:469][423]LogParticles: Destroying 0 GPU particle simulations for FXSystem 0x000000003FD75440
[2015.09.07-13.12.58:610][246]LogActorComponent: UnregisterComponent: (/Engine/Transient.CharMoveComp) Not registered. Aborting.
[2015.09.07-13.12.58:611][246]LogActorComponent: UnregisterComponent: (/Engine/Transient.CharacterMovementComponent_6) Not registered. Aborting.
[2015.09.07-13.12.58:641][246]LogD3D11RHI: InitD3DDevice
[2015.09.07-13.13.00:963][247]Cmd: QUIT_EDITOR
[2015.09.07-13.13.01:188][247]LogExit: Preparing to exit.
[2015.09.07-13.13.02:131][247]LogExit: Editor shut down
[2015.09.07-13.13.02:132][247]LogExit: Transaction tracking system shut down
[2015.09.07-13.13.02:134][247]LogParticles: Destroying 0 GPU particle simulations for FXSystem 0x00000000108A3420
[2015.09.07-13.13.02:134][247]LogParticles: Destroying 0 GPU particle simulations for FXSystem 0x0000000055FE8AE0
[2015.09.07-13.13.02:135][247]LogParticles: Destroying 0 GPU particle simulations for FXSystem 0x0000000010473CE0
[2015.09.07-13.13.02:136][247]LogParticles: Destroying 0 GPU particle simulations for FXSystem 0x00000000302FF2E0
[2015.09.07-13.13.02:137][247]LogParticles: Destroying 0 GPU particle simulations for FXSystem 0x000000002FAE6CA0
[2015.09.07-13.13.02:349][247]LogParticles: Destroying 0 GPU particle simulations for FXSystem 0x000000002902E340
[2015.09.07-13.13.02:350][247]LogExit: Object subsystem successfully closed.
[2015.09.07-13.13.02:374][247]LogD3D11RHI: Shutdown
[2015.09.07-13.13.02:374][247]LogD3D11RHI: CleanupD3DDevice
[2015.09.07-13.13.02:978][247]LogD3D11RHI: ~FD3D11DynamicRHI
[2015.09.07-13.13.02:993][247]LogModuleManager: Shutting down and abandoning module CrashTracker (189)
[2015.09.07-13.13.02:994][247]LogModuleManager: Shutting down and abandoning module SceneOutliner (188)
[2015.09.07-13.13.02:994][247]LogModuleManager: Shutting down and abandoning module SuperSearch (187)
[2015.09.07-13.13.02:994][247]LogModuleManager: Shutting down and abandoning module WidgetCarousel (186)
[2015.09.07-13.13.02:995][247]LogModuleManager: Shutting down and abandoning module AddContentDialog (185)
[2015.09.07-13.13.02:995][247]LogModuleManager: Shutting down and abandoning module EditorWidgets (184)
[2015.09.07-13.13.02:996][247]LogModuleManager: Shutting down and abandoning module CollectionManager (183)
[2015.09.07-13.13.02:996][247]LogModuleManager: Shutting down and abandoning module StatsViewer (182)
[2015.09.07-13.13.02:996][247]LogModuleManager: Shutting down and abandoning module FoliageEdit (181)
[2015.09.07-13.13.02:997][247]LogModuleManager: Shutting down and abandoning module LandscapeEditor (180)
[2015.09.07-13.13.02:997][247]LogModuleManager: Shutting down and abandoning module ActorPickerMode (179)
[2015.09.07-13.13.02:997][247]LogModuleManager: Shutting down and abandoning module GeometryMode (178)
[2015.09.07-13.13.02:997][247]LogModuleManager: Shutting down and abandoning module TextureAlignMode (177)
[2015.09.07-13.13.02:998][247]LogModuleManager: Shutting down and abandoning module BspMode (176)
[2015.09.07-13.13.02:998][247]LogModuleManager: Shutting down and abandoning module PlacementMode (175)
[2015.09.07-13.13.02:998][247]LogModuleManager: Shutting down and abandoning module AutomationWorker (174)
[2015.09.07-13.13.02:998][247]LogModuleManager: Shutting down and abandoning module CharacterAI (173)
[2015.09.07-13.13.02:999][247]LogModuleManager: Shutting down and abandoning module SmartSnapping (172)
[2015.09.07-13.13.02:999][247]LogModuleManager: Shutting down and abandoning module ViewportSnapping (171)
[2015.09.07-13.13.02:999][247]LogModuleManager: Shutting down and abandoning module LogVisualizer (170)
[2015.09.07-13.13.02:999][247]LogModuleManager: Shutting down and abandoning module GameProjectGeneration (169)
[2015.09.07-13.13.03:000][247]LogModuleManager: Shutting down and abandoning module IntroTutorials (168)
[2015.09.07-13.13.03:000][247]LogModuleManager: Shutting down and abandoning module EditorLiveStreaming (167)
[2015.09.07-13.13.03:000][247]LogModuleManager: Shutting down and abandoning module IOSPlatformEditor (166)
[2015.09.07-13.13.03:000][247]LogModuleManager: Shutting down and abandoning module HTML5PlatformEditor (165)
[2015.09.07-13.13.03:000][247]LogModuleManager: Shutting down and abandoning module AndroidDeviceDetection (164)
[2015.09.07-13.13.03:528][247]LogModuleManager: Shutting down and abandoning module AndroidPlatformEditor (163)
[2015.09.07-13.13.03:529][247]LogModuleManager: Shutting down and abandoning module IOSRuntimeSettings (162)
[2015.09.07-13.13.03:530][247]LogModuleManager: Shutting down and abandoning module AndroidRuntimeSettings (161)
[2015.09.07-13.13.03:531][247]LogModuleManager: Shutting down and abandoning module MergeActors (160)
[2015.09.07-13.13.03:531][247]LogModuleManager: Shutting down and abandoning module SizeMap (159)
[2015.09.07-13.13.03:532][247]LogModuleManager: Shutting down and abandoning module TreeMap (158)
[2015.09.07-13.13.03:532][247]LogModuleManager: Shutting down and abandoning module ReferenceViewer (157)
[2015.09.07-13.13.03:533][247]LogModuleManager: Shutting down and abandoning module LocalizationDashboard (156)
[2015.09.07-13.13.03:534][247]LogModuleManager: Shutting down and abandoning module HardwareTargeting (155)
[2015.09.07-13.13.03:534][247]LogModuleManager: Shutting down and abandoning module DeviceProfileEditor (154)
[2015.09.07-13.13.03:535][247]LogModuleManager: Shutting down and abandoning module UndoHistory (153)
[2015.09.07-13.13.03:535][247]LogModuleManager: Shutting down and abandoning module GameplayTagsEditor (152)
[2015.09.07-13.13.03:536][247]LogModuleManager: Shutting down and abandoning module UserFeedback (151)
[2015.09.07-13.13.03:536][247]LogModuleManager: Shutting down and abandoning module XmlParser (150)
[2015.09.07-13.13.03:537][247]LogModuleManager: Shutting down and abandoning module Blutility (149)
[2015.09.07-13.13.03:537][247]LogModuleManager: Shutting down and abandoning module ProjectTargetPlatformEditor (148)
[2015.09.07-13.13.03:538][247]LogModuleManager: Shutting down and abandoning module ProjectSettingsViewer (147)
[2015.09.07-13.13.03:539][247]LogModuleManager: Shutting down and abandoning module InputBindingEditor (146)
[2015.09.07-13.13.03:539][247]LogModuleManager: Shutting down and abandoning module EditorSettingsViewer (145)
[2015.09.07-13.13.03:540][247]LogModuleManager: Shutting down and abandoning module SettingsEditor (144)
[2015.09.07-13.13.03:540][247]LogModuleManager: Shutting down and abandoning module ProjectLauncher (143)
[2015.09.07-13.13.03:541][247]LogModuleManager: Shutting down and abandoning module SessionFrontend (142)
[2015.09.07-13.13.03:542][247]LogModuleManager: Shutting down and abandoning module ProfilerClient (141)
[2015.09.07-13.13.03:542][247]LogModuleManager: Shutting down and abandoning module TargetDeviceServices (140)
[2015.09.07-13.13.03:543][247]LogModuleManager: Shutting down and abandoning module DeviceManager (139)
[2015.09.07-13.13.03:544][247]LogModuleManager: Shutting down and abandoning module AutomationController (138)
[2015.09.07-13.13.03:544][247]LogModuleManager: Shutting down and abandoning module AutomationWindow (137)
[2015.09.07-13.13.03:545][247]LogModuleManager: Shutting down and abandoning module Layers (136)
[2015.09.07-13.13.03:545][247]LogModuleManager: Shutting down and abandoning module ComponentVisualizers (135)
[2015.09.07-13.13.03:546][247]LogModuleManager: Shutting down and abandoning module DetailCustomizations (134)
[2015.09.07-13.13.03:546][247]LogModuleManager: Shutting down and abandoning module PackagesDialog (133)
[2015.09.07-13.13.03:547][247]LogModuleManager: Shutting down and abandoning module AssetRegistry (132)
[2015.09.07-13.13.03:600][247]LogModuleManager: Shutting down and abandoning module Persona (131)
[2015.09.07-13.13.03:600][247]LogModuleManager: Shutting down and abandoning module Kismet (130)
[2015.09.07-13.13.03:601][247]LogModuleManager: Shutting down and abandoning module GraphEditor (129)
[2015.09.07-13.13.03:601][247]LogModuleManager: Shutting down and abandoning module ClassViewer (128)
[2015.09.07-13.13.03:601][247]LogModuleManager: Shutting down and abandoning module Toolbox (127)
[2015.09.07-13.13.03:602][247]LogModuleManager: Shutting down and abandoning module ModuleUI (126)
[2015.09.07-13.13.03:602][247]LogModuleManager: Shutting down and abandoning module MovieSceneTools (125)
[2015.09.07-13.13.03:602][247]LogModuleManager: Shutting down and abandoning module OutputLog (124)
[2015.09.07-13.13.03:602][247]LogModuleManager: Shutting down and abandoning module GammaUI (123)
[2015.09.07-13.13.03:602][247]LogModuleManager: Shutting down and abandoning module Documentation (122)
[2015.09.07-13.13.03:603][247]LogModuleManager: Shutting down and abandoning module GameLiveStreaming (121)
[2015.09.07-13.13.03:603][247]LogModuleManager: Shutting down and abandoning module StreamingPauseRendering (120)
[2015.09.07-13.13.03:603][247]LogModuleManager: Shutting down and abandoning module AnalyticsET (119)
[2015.09.07-13.13.03:603][247]LogModuleManager: Shutting down and abandoning module Analytics (118)
[2015.09.07-13.13.03:604][247]LogModuleManager: Shutting down and abandoning module AITestSuite (117)
[2015.09.07-13.13.03:604][247]LogModuleManager: Shutting down and abandoning module GameplayDebugger (116)
[2015.09.07-13.13.03:604][247]LogModuleManager: Shutting down and abandoning module AIModule (115)
[2015.09.07-13.13.03:604][247]LogModuleManager: Shutting down and abandoning module ProfilerService (114)
[2015.09.07-13.13.03:722][247]LogModuleManager: Shutting down and abandoning module TaskGraph (113)
[2015.09.07-13.13.03:722][247]LogModuleManager: Shutting down and abandoning module SlateRemote (112)
[2015.09.07-13.13.03:722][247]LogModuleManager: Shutting down and abandoning module SteamVRController (111)
[2015.09.07-13.13.03:723][247]LogModuleManager: Shutting down and abandoning module SteamVR (110)
[2015.09.07-13.13.03:723][247]LogModuleManager: Shutting down and abandoning module ProceduralMeshComponent (109)
[2015.09.07-13.13.03:723][247]LogModuleManager: Shutting down and abandoning module OculusRift (108)
[2015.09.07-13.13.03:723][247]LogModuleManager: Shutting down and abandoning module LeapMotionController (107)
[2015.09.07-13.13.03:732][247]LogModuleManager: Shutting down and abandoning module CustomMeshComponent (106)
[2015.09.07-13.13.03:733][247]LogModuleManager: Shutting down and abandoning module CableComponent (105)
[2015.09.07-13.13.03:733][247]LogModuleManager: Shutting down and abandoning module MessagingDebugger (104)
[2015.09.07-13.13.03:733][247]LogModuleManager: Shutting down and abandoning module MediaPlayerEditor (103)
[2015.09.07-13.13.03:733][247]LogModuleManager: Shutting down and abandoning module SpeedTreeImporter (102)
[2015.09.07-13.13.03:733][247]LogModuleManager: Shutting down and abandoning module PluginBrowser (101)
[2015.09.07-13.13.03:734][247]LogModuleManager: Shutting down and abandoning module EpicSurvey (100)
[2015.09.07-13.13.03:734][247]LogModuleManager: Shutting down and abandoning module DesktopPlatform (99)
[2015.09.07-13.13.03:734][247]LogModuleManager: Shutting down and abandoning module VisualStudioSourceCodeAccess (98)
[2015.09.07-13.13.03:734][247]LogModuleManager: Shutting down and abandoning module UObjectPlugin (97)
[2015.09.07-13.13.03:735][247]LogModuleManager: Shutting down and abandoning module SubversionSourceControl (96)
[2015.09.07-13.13.03:735][247]LogModuleManager: Shutting down and abandoning module PerforceSourceControl (95)
[2015.09.07-13.13.03:735][247]LogModuleManager: Shutting down and abandoning module SourceControl (94)
[2015.09.07-13.13.03:735][247]LogModuleManager: Shutting down and abandoning module GitSourceControl (93)
[2015.09.07-13.13.03:736][247]LogModuleManager: Shutting down and abandoning module BlankPlugin (92)
[2015.09.07-13.13.03:736][247]LogModuleManager: Shutting down and abandoning module PaperTiledImporter (91)
[2015.09.07-13.13.03:736][247]LogModuleManager: Shutting down and abandoning module PaperSpriteSheetImporter (90)
[2015.09.07-13.13.03:736][247]LogModuleManager: Shutting down and abandoning module MeshPaint (89)
[2015.09.07-13.13.03:736][247]LogModuleManager: Shutting down and abandoning module SlateReflector (88)
[2015.09.07-13.13.03:737][247]LogModuleManager: Shutting down and abandoning module DirectoryWatcher (87)
[2015.09.07-13.13.03:737][247]LogModuleManager: Shutting down and abandoning module HotReload (86)
[2015.09.07-13.13.03:738][247]LogModuleManager: Shutting down and abandoning module MainFrame (85)
[2015.09.07-13.13.03:738][247]LogModuleManager: Shutting down and abandoning module LevelEditor (84)
[2015.09.07-13.13.03:739][247]LogModuleManager: Shutting down and abandoning module ContentBrowser (83)
[2015.09.07-13.13.03:740][247]LogModuleManager: Shutting down and abandoning module Paper2DEditor (82)
[2015.09.07-13.13.03:740][247]LogModuleManager: Shutting down and abandoning module Brain (81)
[2015.09.07-13.13.03:740][247]LogModuleManager: Shutting down and abandoning module UdpMessaging (80)
[2015.09.07-13.13.03:840][247]LogModuleManager: Shutting down and abandoning module Paper2D (79)
[2015.09.07-13.13.03:840][247]LogModuleManager: Shutting down and abandoning module WindowsMoviePlayer (78)
[2015.09.07-13.13.03:846][247]LogModuleManager: Shutting down and abandoning module Media (77)
[2015.09.07-13.13.03:847][247]LogModuleManager: Shutting down and abandoning module WmfMedia (76)
[2015.09.07-13.13.03:849][247]LogModuleManager: Shutting down and abandoning module OnlineBlueprintSupport (75)
[2015.09.07-13.13.03:850][247]LogModuleManager: Shutting down and abandoning module PropertyEditor (74)
[2015.09.07-13.13.03:851][247]LogModuleManager: Shutting down and abandoning module BehaviorTreeEditor (73)
[2015.09.07-13.13.03:852][247]LogModuleManager: Shutting down and abandoning module FunctionalTesting (72)
[2015.09.07-13.13.03:852][247]LogModuleManager: Shutting down and abandoning module CollisionAnalyzer (71)
[2015.09.07-13.13.03:853][247]LogModuleManager: Shutting down and abandoning module WorkspaceMenuStructure (70)
[2015.09.07-13.13.03:854][247]LogModuleManager: Shutting down and abandoning module MessageLog (69)
[2015.09.07-13.13.03:854][247]LogModuleManager: Shutting down and abandoning module Sequencer (68)
[2015.09.07-13.13.03:855][247]LogModuleManager: Shutting down and abandoning module AssetTools (67)
[2015.09.07-13.13.03:855][247]LogModuleManager: Shutting down and abandoning module UMGEditor (66)
[2015.09.07-13.13.03:856][247]LogModuleManager: Shutting down and abandoning module UMG (65)
[2015.09.07-13.13.03:857][247]LogModuleManager: Shutting down and abandoning module Slate (64)
[2015.09.07-13.13.03:857][247]LogModuleManager: Shutting down and abandoning module EditorStyle (63)
[2015.09.07-13.13.03:861][247]LogModuleManager: Shutting down and abandoning module SessionServices (62)
[2015.09.07-13.13.03:862][247]LogModuleManager: Shutting down and abandoning module SourceCodeAccess (61)
[2015.09.07-13.13.03:862][247]LogModuleManager: Shutting down and abandoning module HeadMountedDisplay (60)
[2015.09.07-13.13.03:862][247]LogModuleManager: Shutting down and abandoning module XAudio2 (59)
[2015.09.07-13.13.03:862][247]LogModuleManager: Shutting down and abandoning module Networking (57)
[2015.09.07-13.13.03:863][247]LogModuleManager: Shutting down and abandoning module Core (56)
[2015.09.07-13.13.03:863][247]LogModuleManager: Shutting down and abandoning module KismetCompiler (55)
[2015.09.07-13.13.03:863][247]LogModuleManager: Shutting down and abandoning module PhysXFormats (54)
[2015.09.07-13.13.03:863][247]LogModuleManager: Shutting down and abandoning module MeshUtilities (53)
[2015.09.07-13.13.03:864][247]LogModuleManager: Shutting down and abandoning module DerivedDataCache (52)
[2015.09.07-13.13.03:923][247]LogDerivedDataCache: Shutdown
[2015.09.07-13.13.03:924][247]LogModuleManager: Shutting down and abandoning module ShaderFormatOpenGL (51)
[2015.09.07-13.13.03:924][247]LogModuleManager: Shutting down and abandoning module ShaderFormatD3D (50)
[2015.09.07-13.13.03:924][247]LogModuleManager: Shutting down and abandoning module MetalShaderFormat (49)
[2015.09.07-13.13.03:925][247]LogModuleManager: Shutting down and abandoning module TextureFormatUncompressed (48)
[2015.09.07-13.13.03:925][247]LogModuleManager: Shutting down and abandoning module TextureFormatPVR (47)
[2015.09.07-13.13.03:925][247]LogModuleManager: Shutting down and abandoning module TextureFormatIntelISPCTexComp (46)
[2015.09.07-13.13.03:925][247]LogModuleManager: Shutting down and abandoning module TextureFormatDXT (45)
[2015.09.07-13.13.03:926][247]LogModuleManager: Shutting down and abandoning module ImageWrapper (44)
[2015.09.07-13.13.03:926][247]LogModuleManager: Shutting down and abandoning module TextureFormatASTC (43)
[2015.09.07-13.13.03:926][247]LogModuleManager: Shutting down and abandoning module TextureFormatAndroid (42)
[2015.09.07-13.13.03:926][247]LogModuleManager: Shutting down and abandoning module AudioFormatOpus (41)
[2015.09.07-13.13.03:926][247]LogModuleManager: Shutting down and abandoning module AudioFormatOgg (40)
[2015.09.07-13.13.03:927][247]LogModuleManager: Shutting down and abandoning module AudioFormatADPCM (39)
[2015.09.07-13.13.03:927][247]LogModuleManager: Shutting down and abandoning module LinuxTargetPlatform (38)
[2015.09.07-13.13.03:927][247]LogModuleManager: Shutting down and abandoning module LinuxServerTargetPlatform (37)
[2015.09.07-13.13.03:927][247]LogModuleManager: Shutting down and abandoning module LinuxNoEditorTargetPlatform (36)
[2015.09.07-13.13.03:928][247]LogModuleManager: Shutting down and abandoning module Messaging (35)
[2015.09.07-13.13.03:928][247]LogModuleManager: Shutting down and abandoning module IOSTargetPlatform (34)
[2015.09.07-13.13.03:928][247]LogModuleManager: Shutting down and abandoning module HTML5TargetPlatform (33)
[2015.09.07-13.13.03:928][247]LogModuleManager: Shutting down and abandoning module Android_PVRTCTargetPlatform (32)
[2015.09.07-13.13.03:928][247]LogModuleManager: Shutting down and abandoning module Android_ETC2TargetPlatform (31)
[2015.09.07-13.13.03:929][247]LogModuleManager: Shutting down and abandoning module Android_ETC1TargetPlatform (30)
[2015.09.07-13.13.03:929][247]LogModuleManager: Shutting down and abandoning module Android_DXTTargetPlatform (29)
[2015.09.07-13.13.03:929][247]LogModuleManager: Shutting down and abandoning module Android_ATCTargetPlatform (28)
[2015.09.07-13.13.03:929][247]LogModuleManager: Shutting down and abandoning module Android_ASTCTargetPlatform (27)
[2015.09.07-13.13.03:929][247]LogModuleManager: Shutting down and abandoning module AndroidTargetPlatform (26)
[2015.09.07-13.13.03:930][247]LogModuleManager: Shutting down and abandoning module WindowsTargetPlatform (25)
[2015.09.07-13.13.03:930][247]LogModuleManager: Shutting down and abandoning module WindowsServerTargetPlatform (24)
[2015.09.07-13.13.03:930][247]LogModuleManager: Shutting down and abandoning module WindowsNoEditorTargetPlatform (23)
[2015.09.07-13.13.03:930][247]LogModuleManager: Shutting down and abandoning module WindowsClientTargetPlatform (22)
[2015.09.07-13.13.03:930][247]LogModuleManager: Shutting down and abandoning module DesktopTargetPlatform (21)
[2015.09.07-13.13.03:931][247]LogModuleManager: Shutting down and abandoning module TargetPlatform (20)
[2015.09.07-13.13.03:931][247]LogModuleManager: Shutting down and abandoning module InputCore (19)
[2015.09.07-13.13.03:931][247]LogModuleManager: Shutting down and abandoning module Settings (18)
[2015.09.07-13.13.03:932][247]LogModuleManager: Shutting down and abandoning module OnlineSubsystem (16)
[2015.09.07-13.13.03:932][247]LogModuleManager: Shutting down and abandoning module HTTP (15)
[2015.09.07-13.13.03:933][247]LogModuleManager: Shutting down and abandoning module ExampleDeviceProfileSelector (14)
[2015.09.07-13.13.03:933][247]LogModuleManager: Shutting down and abandoning module TextureCompressor (13)
[2015.09.07-13.13.03:934][247]LogModuleManager: Shutting down and abandoning module ShaderCore (12)
[2015.09.07-13.13.03:934][247]LogModuleManager: Shutting down and abandoning module Landscape (11)
[2015.09.07-13.13.03:934][247]LogModuleManager: Shutting down and abandoning module SlateRHIRenderer (10)
[2015.09.07-13.13.03:936][247]LogModuleManager: Shutting down and abandoning module OpenGLDrv (9)
[2015.09.07-13.13.03:937][247]LogModuleManager: Shutting down and abandoning module D3D11RHI (8)
[2015.09.07-13.13.03:937][247]LogModuleManager: Shutting down and abandoning module Renderer (7)
[2015.09.07-13.13.03:937][247]LogModuleManager: Shutting down and abandoning module Engine (6)
[2015.09.07-13.13.03:937][247]LogModuleManager: Shutting down and abandoning module CoreUObject (5)
[2015.09.07-13.13.03:938][247]LogModuleManager: Shutting down and abandoning module NetworkFile (4)
[2015.09.07-13.13.03:938][247]LogModuleManager: Shutting down and abandoning module StreamingFile (3)
[2015.09.07-13.13.03:938][247]LogModuleManager: Shutting down and abandoning module SandboxFile (2)
[2015.09.07-13.13.03:938][247]LogModuleManager: Shutting down and abandoning module PakFile (1)
[2015.09.07-13.13.03:941][247]LogExit: Exiting.
[2015.09.07-13.13.03:943][247]Log file closed, 09/07/15 09:13:03
