[2015.09.07-01.17.06:851][  0]Log file open, 09/06/15 21:17:06
[2015.09.07-01.17.06:851][  0]LogInit:Display: Running engine for game: Brain
[2015.09.07-01.17.06:851][  0]LogInit:Display: RandInit(-2035445337) SRandInit(-2035445337).
[2015.09.07-01.17.06:852][  0]LogTaskGraph: Started task graph with 4 named threads and 7 total threads.
[2015.09.07-01.17.06:852][  0]LogStats: Stats thread started
[2015.09.07-01.17.06:852][  0]LogInit: Version: 4.8.3-2634408+++depot+UE4-Releases+4.8
[2015.09.07-01.17.06:853][  0]LogInit: API Version: 2579680
[2015.09.07-01.17.06:853][  0]LogInit: Compiled (64-bit): Jul 27 2015 16:24:33
[2015.09.07-01.17.06:853][  0]LogInit: Compiled with Visual C++: 18.00.21005.01
[2015.09.07-01.17.06:853][  0]LogInit: Build Configuration: Development
[2015.09.07-01.17.06:854][  0]LogInit: Branch Name: ++depot+UE4-Releases+4.8
[2015.09.07-01.17.06:854][  0]LogInit: Command line: 
[2015.09.07-01.17.06:854][  0]LogInit: Base directory: C:/Program Files/Epic Games/4.8/Engine/Binaries/Win64/
[2015.09.07-01.17.06:854][  0]LogInit: Rocket: 1
[2015.09.07-01.17.06:871][  0]LogInit: Using libcurl 7.41.0
[2015.09.07-01.17.06:871][  0]LogInit:  - built for x86_64-pc-win32
[2015.09.07-01.17.06:872][  0]LogInit:  - supports SSL with WinSSL
[2015.09.07-01.17.06:872][  0]LogInit:  - other features:
[2015.09.07-01.17.06:872][  0]LogInit:      CURL_VERSION_SSL
[2015.09.07-01.17.06:872][  0]LogInit:      CURL_VERSION_IPV6
[2015.09.07-01.17.06:873][  0]LogInit:      CURL_VERSION_ASYNCHDNS
[2015.09.07-01.17.06:873][  0]LogInit:      CURL_VERSION_LARGEFILE
[2015.09.07-01.17.06:873][  0]LogInit:      CURL_VERSION_IDN
[2015.09.07-01.17.06:873][  0]LogInit:  CurlRequestOptions (configurable via config and command line):
[2015.09.07-01.17.06:874][  0]LogInit:  - bVerifyPeer = true  - Libcurl will verify peer certificate
[2015.09.07-01.17.06:874][  0]LogInit:  - bUseHttpProxy = false  - Libcurl will NOT use HTTP proxy
[2015.09.07-01.17.06:874][  0]LogInit:  - bDontReuseConnections = false  - Libcurl will reuse connections
[2015.09.07-01.17.06:874][  0]LogInit:  - CertBundlePath = nullptr  - Libcurl will use whatever was configured at build time.
[2015.09.07-01.17.06:889][  0]LogOnline:Warning: No default platform service specified for OnlineSubsystem
[2015.09.07-01.17.06:924][  0]LogInit: Presizing for 0 objects not considered by GC, pre-allocating 0 bytes.
[2015.09.07-01.17.06:931][  0]LogInit: Object subsystem initialized
[2015.09.07-01.17.06:932][  0]LogConsoleResponse:Warning: Skipping Unknown console variable: 'TranslucentSortAxis = (X=0.000000,Y=-1.000000,Z=0.000000)'
[2015.09.07-01.17.06:933][  0]LogConsoleResponse:Warning:   Found in ini file 'C:/Users/frederic/Documents/Unreal Projects/Brain/Saved/Config/Windows/Engine.ini', in section '[/Script/Engine.RendererSettings]'
[2015.09.07-01.17.06:933][  0]LogConsoleResponse:Warning: Skipping Unknown console variable: 'UIScaleRule = ShortestSide'
[2015.09.07-01.17.06:933][  0]LogConsoleResponse:Warning:   Found in ini file 'C:/Users/frederic/Documents/Unreal Projects/Brain/Saved/Config/Windows/Engine.ini', in section '[/Script/Engine.RendererSettings]'
[2015.09.07-01.17.06:934][  0]LogConsoleResponse:Warning: Skipping Unknown console variable: 'UIScaleCurve = (EditorCurveData=(Keys=),ExternalCurve=None)'
[2015.09.07-01.17.06:934][  0]LogConsoleResponse:Warning:   Found in ini file 'C:/Users/frederic/Documents/Unreal Projects/Brain/Saved/Config/Windows/Engine.ini', in section '[/Script/Engine.RendererSettings]'
[2015.09.07-01.17.06:935][  0]LogInit: Selected Device Profile: [Windows]
[2015.09.07-01.17.06:935][  0]LogInit: Applying CVar settings loaded from the selected device profile: [Windows]
[2015.09.07-01.17.06:941][  0]LogInit: Computer: FREDERIC-PC
[2015.09.07-01.17.06:942][  0]LogInit: User: frederic
[2015.09.07-01.17.06:942][  0]LogInit: CPU Page size=4096, Cores=4
[2015.09.07-01.17.06:943][  0]LogInit: High frequency timer resolution =3.331250 MHz
[2015.09.07-01.17.06:943][  0]LogMemory: Memory total: Physical=15.9GB (16GB approx)
[2015.09.07-01.17.06:943][  0]LogMemory: Platform Memory Stats for Windows
[2015.09.07-01.17.06:943][  0]LogMemory: Process Physical Memory: 49.56 MB used, 49.56 MB peak
[2015.09.07-01.17.06:944][  0]LogMemory: Process Virtual Memory: 21.46 MB used, 22.30 MB peak
[2015.09.07-01.17.06:944][  0]LogMemory: Physical Memory: 7441.83 MB used, 16288.39 MB total
[2015.09.07-01.17.06:944][  0]LogMemory: Virtual Memory: 279.87 MB used, 8388608.00 MB total
[2015.09.07-01.17.07:019][  0]LogTextLocalizationManager: The requested culture ('fr_CA') has no localization data; falling back to 'en' for localization and internationalization data.
[2015.09.07-01.17.07:225][  0]LogTextLocalizationManager:Warning: Loaded localization resources contain conflicting entries for (Namespace:ContentBrowser, Key:ImportAssetToolTip):
Localization Resource: (C:/Program Files/Epic Games/4.8/Engine/Content/Localization/Editor/en/Editor.locres) Source String Hash: (-630476809) Localized String: (Import to {0}...)
Localization Resource: (C:/Program Files/Epic Games/4.8/Engine/Content/Localization/Editor/en/Editor.locres) Source String Hash: (1271782899) Localized String: (Imports an asset from file to this folder.)
[2015.09.07-01.17.07:706][  0]LogD3D11RHI: Found D3D11 adapter 0: NVIDIA GeForce GTX 970 (Feature Level 11_0)
[2015.09.07-01.17.07:707][  0]LogD3D11RHI: Adapter has 4008MB of dedicated video memory, 0MB of dedicated system memory, and 7888MB of shared system memory, 1 output[s]
[2015.09.07-01.17.07:715][  0]LogD3D11RHI: Found D3D11 adapter 1: Intel(R) HD Graphics 3000 (Feature Level 10_0)
[2015.09.07-01.17.07:716][  0]LogD3D11RHI: Adapter has 64MB of dedicated video memory, 0MB of dedicated system memory, and 1632MB of shared system memory, 0 output[s]
[2015.09.07-01.17.07:716][  0]LogD3D11RHI: Chosen D3D11 Adapter Id = 0
[2015.09.07-01.17.07:720][  0]LogD3D11RHI: InitD3DDevice
[2015.09.07-01.17.07:720][  0]LogD3D11RHI: !Direct3DDevice
[2015.09.07-01.17.07:721][  0]LogRHI: Texture pool is 1361 MB (70% of 1945 MB)
[2015.09.07-01.17.07:762][  0]LogD3D11RHI: Async texture creation enabled
[2015.09.07-01.17.07:777][  0]LogShaderCompilers:Display: Using Local Shader Compiler.
[2015.09.07-01.17.08:560][  0]LogTemp:Display: Loaded TP DesktopTargetPlatform
[2015.09.07-01.17.08:582][  0]LogTemp:Display: Loaded TP WindowsClientTargetPlatform
[2015.09.07-01.17.08:605][  0]LogTemp:Display: Loaded TP WindowsNoEditorTargetPlatform
[2015.09.07-01.17.08:628][  0]LogTemp:Display: Loaded TP WindowsServerTargetPlatform
[2015.09.07-01.17.08:653][  0]LogTemp:Display: Loaded TP WindowsTargetPlatform
[2015.09.07-01.17.08:670][  0]LogTemp:Display: Loaded TP AndroidTargetPlatform
[2015.09.07-01.17.08:687][  0]LogTemp:Display: Loaded TP Android_ASTCTargetPlatform
[2015.09.07-01.17.08:704][  0]LogTemp:Display: Loaded TP Android_ATCTargetPlatform
[2015.09.07-01.17.08:723][  0]LogTemp:Display: Loaded TP Android_DXTTargetPlatform
[2015.09.07-01.17.08:743][  0]LogTemp:Display: Loaded TP Android_ETC1TargetPlatform
[2015.09.07-01.17.08:761][  0]LogTemp:Display: Loaded TP Android_ETC2TargetPlatform
[2015.09.07-01.17.08:781][  0]LogTemp:Display: Loaded TP Android_PVRTCTargetPlatform
[2015.09.07-01.17.08:852][  0]LogTemp:Display: Loaded TP IOSTargetPlatform
[2015.09.07-01.17.08:868][  0]LogTemp:Display: Loaded TP LinuxNoEditorTargetPlatform
[2015.09.07-01.17.08:884][  0]LogTemp:Display: Loaded TP LinuxServerTargetPlatform
[2015.09.07-01.17.08:902][  0]LogTemp:Display: Loaded TP LinuxTargetPlatform
[2015.09.07-01.17.08:903][  0]LogTargetPlatformManager:Display: Building Assets For Windows
[2015.09.07-01.17.09:218][  0]LogDerivedDataCache:Display: Max Cache Size: 512 MB
[2015.09.07-01.17.09:288][  0]LogDerivedDataCache: Loaded boot cache 0.07s 85MB C:/Users/frederic/AppData/Local/UnrealEngine/4.8/DerivedDataCache/Boot.ddc.
[2015.09.07-01.17.09:289][  0]LogDerivedDataCache:Display: Loaded Boot cache: C:/Users/frederic/AppData/Local/UnrealEngine/4.8/DerivedDataCache/Boot.ddc
[2015.09.07-01.17.09:289][  0]LogDerivedDataCache: FDerivedDataBackendGraph:  Pak pak cache file ../../../../../../Users/frederic/Documents/Unreal Projects/Brain/DerivedDataCache/DDC.ddp not found, will not use a pak cache.
[2015.09.07-01.17.09:289][  0]LogDerivedDataCache: Unable to find inner node Pak for hierarchical cache Hierarchy.
[2015.09.07-01.17.09:290][  0]LogDerivedDataCache: FDerivedDataBackendGraph:  CompressedPak pak cache file ../../../../../../Users/frederic/Documents/Unreal Projects/Brain/DerivedDataCache/Compressed.ddp not found, will not use a pak cache.
[2015.09.07-01.17.09:290][  0]LogDerivedDataCache: Unable to find inner node CompressedPak for hierarchical cache Hierarchy.
[2015.09.07-01.17.09:436][  0]LogDerivedDataCache:Display: Pak cache opened for reading ../../../Engine/DerivedDataCache/Compressed.ddp.
[2015.09.07-01.17.09:448][  0]LogDerivedDataCache: Using Local data cache path C:/Users/frederic/AppData/Local/UnrealEngine/Common/DerivedDataCache: Writable
[2015.09.07-01.17.09:655][  0]LogInit: Selected Device Profile: [Windows]
[2015.09.07-01.17.09:662][  0]ImportText (ComponentSweepMultiTests): Missing closing parenthesis: (RootShapeAsset="/Engine/BasicShapes/Cube.Cube",ShapeType="TriggerCapsule",HitResult=(Time=0.50,Location=(X=-100.000015,Y=0.0,Z=100.000015),ImpactPoint=(X=-50.0,Y=0.0,Z=50.0),Normal=(X=-1.0,Y=-0.0,Z=0.0),ImpactNormal=(X=0.0,Y=0.0,Z=1.0),TraceStart=(X=-200.0,Y=0.0,Z=200.0),TraceEnd=(X=0.0,Y=0.0,Z=0.0))
[2015.09.07-01.17.09:663][  0]ImportText (LineTraceSingleByChannelTests): Missing closing parenthesis: (RootShapeAsset="/Engine/BasicShapes/Cube.Cube",HitResult=(Time=0.50,Location=(X=-100.000015,Y=0.0,Z=100.000015),ImpactPoint=(X=-50.0,Y=0.0,Z=50.0),Normal=(X=-1.0,Y=-0.0,Z=0.0),ImpactNormal=(X=0.0,Y=0.0,Z=1.0),TraceStart=(X=-200.0,Y=0.0,Z=200.0),TraceEnd=(X=0.0,Y=0.0,Z=0.0))
[2015.09.07-01.17.09:702][  0]LogMeshUtilities: No automatic mesh reduction module available
[2015.09.07-01.17.09:703][  0]LogMeshUtilities: No automatic mesh merging module available
[2015.09.07-01.17.10:104][  0]LogInit: WinSock: version 1.1 (2.2), MaxSocks=32767, MaxUdp=65467
[2015.09.07-01.17.11:287][  0]UdpMessaging: Initializing bridge on interface 0.0.0.0:0 to multicast group 230.0.0.1:6666.
[2015.09.07-01.17.12:119][  0]SourceControl: Info Source control is disabled
[2015.09.07-01.17.12:143][  0]SourceControl: Info Source control is disabled
[2015.09.07-01.17.12:163][  0]SourceControl: Info Source control is disabled
[2015.09.07-01.17.12:185][  0]SourceControl: Info Source control is disabled
[2015.09.07-01.17.12:526][  0]LogObj: 31314 objects as part of root set at end of initial load.
[2015.09.07-01.17.12:526][  0]LogUObjectAllocator: 7182784 out of 0 bytes used by permanent object pool.
[2015.09.07-01.17.12:617][  0]LogEngine: Initializing Engine...
[2015.09.07-01.17.12:620][  0]LogHMD: Can't find Oculus library dev build: is proper Runtime installed? Version: 0.6.0.0
[2015.09.07-01.17.12:625][  0]LogHMD:Warning: SteamVR failed to initialize.  Error: 110
[2015.09.07-01.17.12:788][  0]LogAIModule: Creating AISystem for world NewWorld
[2015.09.07-01.17.12:802][  0]LogInit: XAudio2 using 'Haut-parleurs (C-Media USB Audio Device   )' : 2 channels at 44.1 kHz using 16 bits per sample (channel mask 0x3)
[2015.09.07-01.17.12:827][  0]LogInit: FAudioDevice initialized.
[2015.09.07-01.17.12:867][  0]LogDerivedDataCache: Saved boot cache 0.04s 84MB C:/Users/frederic/AppData/Local/UnrealEngine/4.8/DerivedDataCache/Boot.ddc.
[2015.09.07-01.17.12:879][  0]LogInit: Texture streaming: Disabled
[2015.09.07-01.17.12:914][  0]LogAnalytics: Creating configured Analytics provider AnalyticsET
[2015.09.07-01.17.12:914][  0]LogAnalytics: [UEEditor.Rocket.Release] APIServer = http://et2.epicgames.com/ET2/. AppVersion = 4.8.3-2634408+++depot+UE4-Releases+4.8
[2015.09.07-01.17.12:915][  0]LogAnalytics: [UEEditor.Rocket.Release] SetUserId c8da8d664a36a98701fe659c10ae4ff8|70626fa7f476448fb82ad9618fbbb1ab|00e7fb16-00c3-4af4-a2a1-2cc8013aae38
[2015.09.07-01.17.12:915][  0]LogAnalytics: [UEEditor.Rocket.Release] AnalyticsET::StartSession
[2015.09.07-01.17.12:944][  0]LogInit: Transaction tracking system initialized
[2015.09.07-01.17.13:159][  0]BlueprintLog: New page: Editor Load
[2015.09.07-01.17.13:207][  0]LogAssetRegistry: FAssetRegistry took 0.0109 seconds to start up
[2015.09.07-01.17.13:208][  0]LogDirectoryWatcher:Warning: Failed to begin reading directory changes for ../../../Engine/Plugins/Experimental/CharacterAI/Content/. Error: 0
[2015.09.07-01.17.14:291][  0]LogConsoleManager:Warning: Console variable 'r.VSync' wasn't set ('GameSetting' has a lower priority than 'SystemSettingsIni')
[2015.09.07-01.17.14:291][  0]LogConsoleResponse:Display: 
[2015.09.07-01.17.14:392][  0]LogCook:Display: Done creating registry. It took  0.00s.
[2015.09.07-01.17.14:663][  0]SourceControl: Info Source control is disabled
[2015.09.07-01.17.14:664][  0]Cmd: MAP LOAD FILE="../../../../../../Users/frederic/Documents/Unreal Projects/Brain/Content/FirstPerson/Maps/FirstPersonExampleMap.umap" TEMPLATE=0 SHOWPROGRESS=1 FEATURELEVEL=3
[2015.09.07-01.17.14:664][  0]LightingResults: New page: Lighting Build
[2015.09.07-01.17.14:680][  0]MapCheck: New page: Map Check
[2015.09.07-01.17.14:680][  0]LightingResults: New page: Lighting Build
[2015.09.07-01.17.14:692][  0]LogParticles: Destroying 0 GPU particle simulations for FXSystem 0x000000001E9AA200
[2015.09.07-01.17.15:360][  0]LogAIModule: Creating AISystem for world FirstPersonExampleMap
[2015.09.07-01.17.15:371][  0]LogEditorServer: Finished looking for orphan Actors (0.000 secs)
[2015.09.07-01.17.16:440][  0]Cmd: MAP CHECKDEP NOCLEARLOG
[2015.09.07-01.17.16:480][  0]MapCheck: Info Map check complete: 0 Error(s), 0 Warning(s), took 39.164ms to complete.
[2015.09.07-01.17.16:481][  0]LogFileHelpers: Loading map 'FirstPersonExampleMap' took 1.817
[2015.09.07-01.17.16:598][  0]LogCollectionManager: Loaded 0 collections in 0.002005 seconds
[2015.09.07-01.17.16:606][  0]LogContentBrowser: Native class hierarchy populated in 0.0074 seconds. Added 1798 classes and 303 folders.
[2015.09.07-01.17.16:674][  0]LogContentBrowser: Native class hierarchy updated for 'WidgetCarousel' in 0.0014 seconds. Added 0 classes and 0 folders.
[2015.09.07-01.17.16:712][  0]LogContentBrowser: Native class hierarchy updated for 'AddContentDialog' in 0.0013 seconds. Added 0 classes and 0 folders.
[2015.09.07-01.17.16:742][  0]LogContentBrowser: Native class hierarchy updated for 'SceneOutliner' in 0.0014 seconds. Added 1 classes and 2 folders.
[2015.09.07-01.17.16:802][  0]LogCrashTracker: Crashtracker disabled due to settings.
[2015.09.07-01.17.16:804][  0]LogD3D11RHI: InitD3DDevice
[2015.09.07-01.17.16:808][  0]LogUObjectGlobals:Warning: Failed to find object 'Class None.'
[2015.09.07-01.17.16:831][  0]LogLoad: Full Startup: 11.93 seconds (BP compile: 0.28 seconds)
[2015.09.07-01.17.16:893][  0]LogContentStreaming: Texture pool size is 0.000000MB
[2015.09.07-01.17.16:936][  0]LogContentStreaming: Texture pool size now 1000 MB
[2015.09.07-01.17.17:055][  0]LogRenderer: Reallocating scene render targets to support 1208x560 (Frame:2).
[2015.09.07-01.17.17:544][  7]LogAssetRegistry: Asset discovery search completed in 4.3486 seconds
[2015.09.07-01.17.23:881][154]LogD3D11RHI: InitD3DDevice
[2015.09.07-01.17.24:779][260]LogPlayLevel: PIE:  No blueprints needed recompiling
[2015.09.07-01.17.24:782][260]PIE: New page: PIE session: FirstPersonExampleMap (Sep 6, 2015, 5:17:24 PM)
[2015.09.07-01.17.24:783][260]LogPlayLevel: Creating play world package: /Game/FirstPerson/Maps/UEDPIE_0_FirstPersonExampleMap
[2015.09.07-01.17.24:800][260]LogPlayLevel: PIE: StaticDuplicateObject took: (0.016941s)
[2015.09.07-01.17.24:802][260]LogAIModule: Creating AISystem for world FirstPersonExampleMap
[2015.09.07-01.17.24:803][260]LogPlayLevel: PIE: World Init took: (0.001670s)
[2015.09.07-01.17.24:803][260]LogPlayLevel: PIE: Created PIE world by copying editor world from /Game/FirstPerson/Maps/FirstPersonExampleMap.FirstPersonExampleMap to /Game/FirstPerson/Maps/UEDPIE_0_FirstPersonExampleMap.FirstPersonExampleMap (0.020309s)
[2015.09.07-01.17.24:803][260]LogActorComponent: UnregisterComponent: (/Engine/Transient.ProjectileComp) Not registered. Aborting.
[2015.09.07-01.17.24:804][260]LogActorComponent: UnregisterComponent: (/Engine/Transient.CharMoveComp) Not registered. Aborting.
[2015.09.07-01.17.24:844][260]LogInit: XAudio2 using 'Haut-parleurs (C-Media USB Audio Device   )' : 2 channels at 44.1 kHz using 16 bits per sample (channel mask 0x3)
[2015.09.07-01.17.24:850][260]LogInit: FAudioDevice initialized.
[2015.09.07-01.17.24:897][260]LogWorld: Game class is 'BrainGameMode'
[2015.09.07-01.17.24:904][260]LogWorld: Bringing World /Game/FirstPerson/Maps/UEDPIE_0_FirstPersonExampleMap.FirstPersonExampleMap up for play (max tick rate 0) at 2015.09.06-21.17.24
[2015.09.07-01.17.24:905][260]LogActor:Warning: GameSession /Game/FirstPerson/Maps/UEDPIE_0_FirstPersonExampleMap.FirstPersonExampleMap:PersistentLevel.GameSession_0 has natively added scene component(s), but none of them were set as the actor's RootComponent - picking one arbitrarily
[2015.09.07-01.17.24:906][260]LogActor:Warning: GameNetworkManager /Game/FirstPerson/Maps/UEDPIE_0_FirstPersonExampleMap.FirstPersonExampleMap:PersistentLevel.GameNetworkManager_0 has natively added scene component(s), but none of them were set as the actor's RootComponent - picking one arbitrarily
[2015.09.07-01.17.24:906][260]LogWorld: Bringing up level for play took: 0.006997
[2015.09.07-01.17.24:908][260]PIE: Info Play in editor start time for /Game/FirstPerson/Maps/UEDPIE_0_FirstPersonExampleMap -0.67
[2015.09.07-01.17.57:017][ 99]LogParticles: Destroying 0 GPU particle simulations for FXSystem 0x0000000011620EA0
[2015.09.07-01.18.10:444][704]LogPlayLevel: PIE:  No blueprints needed recompiling
[2015.09.07-01.18.10:444][704]PIE: New page: PIE session: FirstPersonExampleMap (Sep 6, 2015, 5:18:10 PM)
[2015.09.07-01.18.10:445][704]LogPlayLevel: Creating play world package: /Game/FirstPerson/Maps/UEDPIE_0_FirstPersonExampleMap
[2015.09.07-01.18.10:463][704]LogPlayLevel: PIE: StaticDuplicateObject took: (0.017663s)
[2015.09.07-01.18.10:464][704]LogAIModule: Creating AISystem for world FirstPersonExampleMap
[2015.09.07-01.18.10:465][704]LogPlayLevel: PIE: World Init took: (0.001856s)
[2015.09.07-01.18.10:466][704]LogPlayLevel: PIE: Created PIE world by copying editor world from /Game/FirstPerson/Maps/FirstPersonExampleMap.FirstPersonExampleMap to /Game/FirstPerson/Maps/UEDPIE_0_FirstPersonExampleMap.FirstPersonExampleMap (0.021178s)
[2015.09.07-01.18.10:492][704]LogInit: XAudio2 using 'Haut-parleurs (C-Media USB Audio Device   )' : 2 channels at 44.1 kHz using 16 bits per sample (channel mask 0x3)
[2015.09.07-01.18.10:498][704]LogInit: FAudioDevice initialized.
[2015.09.07-01.18.10:531][704]LogWorld: Game class is 'BrainGameMode'
[2015.09.07-01.18.10:538][704]LogWorld: Bringing World /Game/FirstPerson/Maps/UEDPIE_0_FirstPersonExampleMap.FirstPersonExampleMap up for play (max tick rate 0) at 2015.09.06-21.18.10
[2015.09.07-01.18.10:539][704]LogActor:Warning: GameSession /Game/FirstPerson/Maps/UEDPIE_0_FirstPersonExampleMap.FirstPersonExampleMap:PersistentLevel.GameSession_1 has natively added scene component(s), but none of them were set as the actor's RootComponent - picking one arbitrarily
[2015.09.07-01.18.10:540][704]LogActor:Warning: GameNetworkManager /Game/FirstPerson/Maps/UEDPIE_0_FirstPersonExampleMap.FirstPersonExampleMap:PersistentLevel.GameNetworkManager_1 has natively added scene component(s), but none of them were set as the actor's RootComponent - picking one arbitrarily
[2015.09.07-01.18.10:540][704]LogWorld: Bringing up level for play took: 0.006918
[2015.09.07-01.18.10:542][704]PIE: Info Play in editor start time for /Game/FirstPerson/Maps/UEDPIE_0_FirstPersonExampleMap 0.962
[2015.09.07-01.18.15:154][247]LogParticles: Destroying 0 GPU particle simulations for FXSystem 0x000000001639D3A0
[2015.09.07-01.18.23:144][658]LogActorComponent: UnregisterComponent: (/Engine/Transient.ProjectileComp) Not registered. Aborting.
[2015.09.07-01.18.23:145][658]LogActorComponent: UnregisterComponent: (/Engine/Transient.CharMoveComp) Not registered. Aborting.
[2015.09.07-01.18.23:453][659]Cmd: QUIT_EDITOR
[2015.09.07-01.18.23:739][659]LogExit: Preparing to exit.
[2015.09.07-01.18.24:385][659]LogExit: Editor shut down
[2015.09.07-01.18.24:386][659]LogExit: Transaction tracking system shut down
[2015.09.07-01.18.24:387][659]LogParticles: Destroying 0 GPU particle simulations for FXSystem 0x000000000C31BCE0
[2015.09.07-01.18.24:388][659]LogParticles: Destroying 0 GPU particle simulations for FXSystem 0x0000000012051E40
[2015.09.07-01.18.24:388][659]LogParticles: Destroying 0 GPU particle simulations for FXSystem 0x000000000EA0D260
[2015.09.07-01.18.24:562][659]LogExit: Object subsystem successfully closed.
[2015.09.07-01.18.24:576][659]LogD3D11RHI: Shutdown
[2015.09.07-01.18.24:576][659]LogD3D11RHI: CleanupD3DDevice
[2015.09.07-01.18.24:909][659]LogD3D11RHI: ~FD3D11DynamicRHI
[2015.09.07-01.18.24:925][659]LogModuleManager: Shutting down and abandoning module CrashTracker (189)
[2015.09.07-01.18.24:925][659]LogModuleManager: Shutting down and abandoning module SceneOutliner (188)
[2015.09.07-01.18.24:926][659]LogModuleManager: Shutting down and abandoning module SuperSearch (187)
[2015.09.07-01.18.24:926][659]LogModuleManager: Shutting down and abandoning module WidgetCarousel (186)
[2015.09.07-01.18.24:926][659]LogModuleManager: Shutting down and abandoning module AddContentDialog (185)
[2015.09.07-01.18.24:927][659]LogModuleManager: Shutting down and abandoning module EditorWidgets (184)
[2015.09.07-01.18.24:928][659]LogModuleManager: Shutting down and abandoning module CollectionManager (183)
[2015.09.07-01.18.24:928][659]LogModuleManager: Shutting down and abandoning module StatsViewer (182)
[2015.09.07-01.18.24:928][659]LogModuleManager: Shutting down and abandoning module FoliageEdit (181)
[2015.09.07-01.18.24:928][659]LogModuleManager: Shutting down and abandoning module LandscapeEditor (180)
[2015.09.07-01.18.24:929][659]LogModuleManager: Shutting down and abandoning module ActorPickerMode (179)
[2015.09.07-01.18.24:929][659]LogModuleManager: Shutting down and abandoning module GeometryMode (178)
[2015.09.07-01.18.24:929][659]LogModuleManager: Shutting down and abandoning module TextureAlignMode (177)
[2015.09.07-01.18.24:929][659]LogModuleManager: Shutting down and abandoning module BspMode (176)
[2015.09.07-01.18.24:930][659]LogModuleManager: Shutting down and abandoning module PlacementMode (175)
[2015.09.07-01.18.24:930][659]LogModuleManager: Shutting down and abandoning module AutomationWorker (174)
[2015.09.07-01.18.24:930][659]LogModuleManager: Shutting down and abandoning module CharacterAI (173)
[2015.09.07-01.18.24:930][659]LogModuleManager: Shutting down and abandoning module SmartSnapping (172)
[2015.09.07-01.18.24:930][659]LogModuleManager: Shutting down and abandoning module ViewportSnapping (171)
[2015.09.07-01.18.24:931][659]LogModuleManager: Shutting down and abandoning module LogVisualizer (170)
[2015.09.07-01.18.24:931][659]LogModuleManager: Shutting down and abandoning module GameProjectGeneration (169)
[2015.09.07-01.18.24:931][659]LogModuleManager: Shutting down and abandoning module IntroTutorials (168)
[2015.09.07-01.18.24:932][659]LogModuleManager: Shutting down and abandoning module EditorLiveStreaming (167)
[2015.09.07-01.18.24:932][659]LogModuleManager: Shutting down and abandoning module IOSPlatformEditor (166)
[2015.09.07-01.18.24:932][659]LogModuleManager: Shutting down and abandoning module HTML5PlatformEditor (165)
[2015.09.07-01.18.24:932][659]LogModuleManager: Shutting down and abandoning module AndroidDeviceDetection (164)
[2015.09.07-01.18.25:016][659]LogModuleManager: Shutting down and abandoning module AndroidPlatformEditor (163)
[2015.09.07-01.18.25:016][659]LogModuleManager: Shutting down and abandoning module IOSRuntimeSettings (162)
[2015.09.07-01.18.25:016][659]LogModuleManager: Shutting down and abandoning module AndroidRuntimeSettings (161)
[2015.09.07-01.18.25:017][659]LogModuleManager: Shutting down and abandoning module MergeActors (160)
[2015.09.07-01.18.25:017][659]LogModuleManager: Shutting down and abandoning module SizeMap (159)
[2015.09.07-01.18.25:017][659]LogModuleManager: Shutting down and abandoning module TreeMap (158)
[2015.09.07-01.18.25:017][659]LogModuleManager: Shutting down and abandoning module ReferenceViewer (157)
[2015.09.07-01.18.25:018][659]LogModuleManager: Shutting down and abandoning module LocalizationDashboard (156)
[2015.09.07-01.18.25:018][659]LogModuleManager: Shutting down and abandoning module HardwareTargeting (155)
[2015.09.07-01.18.25:018][659]LogModuleManager: Shutting down and abandoning module DeviceProfileEditor (154)
[2015.09.07-01.18.25:018][659]LogModuleManager: Shutting down and abandoning module UndoHistory (153)
[2015.09.07-01.18.25:019][659]LogModuleManager: Shutting down and abandoning module GameplayTagsEditor (152)
[2015.09.07-01.18.25:019][659]LogModuleManager: Shutting down and abandoning module UserFeedback (151)
[2015.09.07-01.18.25:019][659]LogModuleManager: Shutting down and abandoning module XmlParser (150)
[2015.09.07-01.18.25:019][659]LogModuleManager: Shutting down and abandoning module Blutility (149)
[2015.09.07-01.18.25:020][659]LogModuleManager: Shutting down and abandoning module ProjectTargetPlatformEditor (148)
[2015.09.07-01.18.25:020][659]LogModuleManager: Shutting down and abandoning module ProjectSettingsViewer (147)
[2015.09.07-01.18.25:020][659]LogModuleManager: Shutting down and abandoning module InputBindingEditor (146)
[2015.09.07-01.18.25:020][659]LogModuleManager: Shutting down and abandoning module EditorSettingsViewer (145)
[2015.09.07-01.18.25:021][659]LogModuleManager: Shutting down and abandoning module SettingsEditor (144)
[2015.09.07-01.18.25:021][659]LogModuleManager: Shutting down and abandoning module ProjectLauncher (143)
[2015.09.07-01.18.25:021][659]LogModuleManager: Shutting down and abandoning module SessionFrontend (142)
[2015.09.07-01.18.25:021][659]LogModuleManager: Shutting down and abandoning module ProfilerClient (141)
[2015.09.07-01.18.25:022][659]LogModuleManager: Shutting down and abandoning module TargetDeviceServices (140)
[2015.09.07-01.18.25:022][659]LogModuleManager: Shutting down and abandoning module DeviceManager (139)
[2015.09.07-01.18.25:022][659]LogModuleManager: Shutting down and abandoning module AutomationController (138)
[2015.09.07-01.18.25:022][659]LogModuleManager: Shutting down and abandoning module AutomationWindow (137)
[2015.09.07-01.18.25:023][659]LogModuleManager: Shutting down and abandoning module Layers (136)
[2015.09.07-01.18.25:023][659]LogModuleManager: Shutting down and abandoning module ComponentVisualizers (135)
[2015.09.07-01.18.25:023][659]LogModuleManager: Shutting down and abandoning module DetailCustomizations (134)
[2015.09.07-01.18.25:023][659]LogModuleManager: Shutting down and abandoning module PackagesDialog (133)
[2015.09.07-01.18.25:024][659]LogModuleManager: Shutting down and abandoning module AssetRegistry (132)
[2015.09.07-01.18.25:144][659]LogModuleManager: Shutting down and abandoning module Persona (131)
[2015.09.07-01.18.25:145][659]LogModuleManager: Shutting down and abandoning module Kismet (130)
[2015.09.07-01.18.25:145][659]LogModuleManager: Shutting down and abandoning module GraphEditor (129)
[2015.09.07-01.18.25:146][659]LogModuleManager: Shutting down and abandoning module ClassViewer (128)
[2015.09.07-01.18.25:146][659]LogModuleManager: Shutting down and abandoning module Toolbox (127)
[2015.09.07-01.18.25:146][659]LogModuleManager: Shutting down and abandoning module ModuleUI (126)
[2015.09.07-01.18.25:146][659]LogModuleManager: Shutting down and abandoning module MovieSceneTools (125)
[2015.09.07-01.18.25:147][659]LogModuleManager: Shutting down and abandoning module OutputLog (124)
[2015.09.07-01.18.25:147][659]LogModuleManager: Shutting down and abandoning module GammaUI (123)
[2015.09.07-01.18.25:147][659]LogModuleManager: Shutting down and abandoning module Documentation (122)
[2015.09.07-01.18.25:147][659]LogModuleManager: Shutting down and abandoning module GameLiveStreaming (121)
[2015.09.07-01.18.25:148][659]LogModuleManager: Shutting down and abandoning module StreamingPauseRendering (120)
[2015.09.07-01.18.25:148][659]LogModuleManager: Shutting down and abandoning module AnalyticsET (119)
[2015.09.07-01.18.25:148][659]LogModuleManager: Shutting down and abandoning module Analytics (118)
[2015.09.07-01.18.25:148][659]LogModuleManager: Shutting down and abandoning module AITestSuite (117)
[2015.09.07-01.18.25:149][659]LogModuleManager: Shutting down and abandoning module GameplayDebugger (116)
[2015.09.07-01.18.25:149][659]LogModuleManager: Shutting down and abandoning module AIModule (115)
[2015.09.07-01.18.25:149][659]LogModuleManager: Shutting down and abandoning module ProfilerService (114)
[2015.09.07-01.18.25:351][659]LogModuleManager: Shutting down and abandoning module TaskGraph (113)
[2015.09.07-01.18.25:352][659]LogModuleManager: Shutting down and abandoning module SlateRemote (112)
[2015.09.07-01.18.25:353][659]LogModuleManager: Shutting down and abandoning module SteamVRController (111)
[2015.09.07-01.18.25:354][659]LogModuleManager: Shutting down and abandoning module SteamVR (110)
[2015.09.07-01.18.25:355][659]LogModuleManager: Shutting down and abandoning module ProceduralMeshComponent (109)
[2015.09.07-01.18.25:355][659]LogModuleManager: Shutting down and abandoning module OculusRift (108)
[2015.09.07-01.18.25:356][659]LogModuleManager: Shutting down and abandoning module LeapMotionController (107)
[2015.09.07-01.18.25:372][659]LogModuleManager: Shutting down and abandoning module CustomMeshComponent (106)
[2015.09.07-01.18.25:372][659]LogModuleManager: Shutting down and abandoning module CableComponent (105)
[2015.09.07-01.18.25:373][659]LogModuleManager: Shutting down and abandoning module MessagingDebugger (104)
[2015.09.07-01.18.25:373][659]LogModuleManager: Shutting down and abandoning module MediaPlayerEditor (103)
[2015.09.07-01.18.25:373][659]LogModuleManager: Shutting down and abandoning module SpeedTreeImporter (102)
[2015.09.07-01.18.25:373][659]LogModuleManager: Shutting down and abandoning module PluginBrowser (101)
[2015.09.07-01.18.25:374][659]LogModuleManager: Shutting down and abandoning module EpicSurvey (100)
[2015.09.07-01.18.25:374][659]LogModuleManager: Shutting down and abandoning module DesktopPlatform (99)
[2015.09.07-01.18.25:374][659]LogModuleManager: Shutting down and abandoning module VisualStudioSourceCodeAccess (98)
[2015.09.07-01.18.25:374][659]LogModuleManager: Shutting down and abandoning module UObjectPlugin (97)
[2015.09.07-01.18.25:374][659]LogModuleManager: Shutting down and abandoning module SubversionSourceControl (96)
[2015.09.07-01.18.25:375][659]LogModuleManager: Shutting down and abandoning module PerforceSourceControl (95)
[2015.09.07-01.18.25:375][659]LogModuleManager: Shutting down and abandoning module SourceControl (94)
[2015.09.07-01.18.25:375][659]LogModuleManager: Shutting down and abandoning module GitSourceControl (93)
[2015.09.07-01.18.25:375][659]LogModuleManager: Shutting down and abandoning module BlankPlugin (92)
[2015.09.07-01.18.25:376][659]LogModuleManager: Shutting down and abandoning module PaperTiledImporter (91)
[2015.09.07-01.18.25:376][659]LogModuleManager: Shutting down and abandoning module PaperSpriteSheetImporter (90)
[2015.09.07-01.18.25:376][659]LogModuleManager: Shutting down and abandoning module MeshPaint (89)
[2015.09.07-01.18.25:376][659]LogModuleManager: Shutting down and abandoning module SlateReflector (88)
[2015.09.07-01.18.25:376][659]LogModuleManager: Shutting down and abandoning module DirectoryWatcher (87)
[2015.09.07-01.18.25:377][659]LogModuleManager: Shutting down and abandoning module HotReload (86)
[2015.09.07-01.18.25:377][659]LogModuleManager: Shutting down and abandoning module MainFrame (85)
[2015.09.07-01.18.25:378][659]LogModuleManager: Shutting down and abandoning module LevelEditor (84)
[2015.09.07-01.18.25:379][659]LogModuleManager: Shutting down and abandoning module ContentBrowser (83)
[2015.09.07-01.18.25:380][659]LogModuleManager: Shutting down and abandoning module Paper2DEditor (82)
[2015.09.07-01.18.25:380][659]LogModuleManager: Shutting down and abandoning module Brain (81)
[2015.09.07-01.18.25:380][659]LogModuleManager: Shutting down and abandoning module UdpMessaging (80)
[2015.09.07-01.18.25:480][659]LogModuleManager: Shutting down and abandoning module Paper2D (79)
[2015.09.07-01.18.25:480][659]LogModuleManager: Shutting down and abandoning module WindowsMoviePlayer (78)
[2015.09.07-01.18.25:483][659]LogModuleManager: Shutting down and abandoning module Media (77)
[2015.09.07-01.18.25:483][659]LogModuleManager: Shutting down and abandoning module WmfMedia (76)
[2015.09.07-01.18.25:484][659]LogModuleManager: Shutting down and abandoning module OnlineBlueprintSupport (75)
[2015.09.07-01.18.25:485][659]LogModuleManager: Shutting down and abandoning module PropertyEditor (74)
[2015.09.07-01.18.25:485][659]LogModuleManager: Shutting down and abandoning module BehaviorTreeEditor (73)
[2015.09.07-01.18.25:486][659]LogModuleManager: Shutting down and abandoning module FunctionalTesting (72)
[2015.09.07-01.18.25:486][659]LogModuleManager: Shutting down and abandoning module CollisionAnalyzer (71)
[2015.09.07-01.18.25:486][659]LogModuleManager: Shutting down and abandoning module WorkspaceMenuStructure (70)
[2015.09.07-01.18.25:486][659]LogModuleManager: Shutting down and abandoning module MessageLog (69)
[2015.09.07-01.18.25:486][659]LogModuleManager: Shutting down and abandoning module Sequencer (68)
[2015.09.07-01.18.25:487][659]LogModuleManager: Shutting down and abandoning module AssetTools (67)
[2015.09.07-01.18.25:487][659]LogModuleManager: Shutting down and abandoning module UMGEditor (66)
[2015.09.07-01.18.25:487][659]LogModuleManager: Shutting down and abandoning module UMG (65)
[2015.09.07-01.18.25:487][659]LogModuleManager: Shutting down and abandoning module Slate (64)
[2015.09.07-01.18.25:488][659]LogModuleManager: Shutting down and abandoning module EditorStyle (63)
[2015.09.07-01.18.25:490][659]LogModuleManager: Shutting down and abandoning module SessionServices (62)
[2015.09.07-01.18.25:490][659]LogModuleManager: Shutting down and abandoning module SourceCodeAccess (61)
[2015.09.07-01.18.25:490][659]LogModuleManager: Shutting down and abandoning module HeadMountedDisplay (60)
[2015.09.07-01.18.25:491][659]LogModuleManager: Shutting down and abandoning module XAudio2 (59)
[2015.09.07-01.18.25:491][659]LogModuleManager: Shutting down and abandoning module Networking (57)
[2015.09.07-01.18.25:491][659]LogModuleManager: Shutting down and abandoning module Core (56)
[2015.09.07-01.18.25:491][659]LogModuleManager: Shutting down and abandoning module KismetCompiler (55)
[2015.09.07-01.18.25:492][659]LogModuleManager: Shutting down and abandoning module PhysXFormats (54)
[2015.09.07-01.18.25:492][659]LogModuleManager: Shutting down and abandoning module MeshUtilities (53)
[2015.09.07-01.18.25:492][659]LogModuleManager: Shutting down and abandoning module DerivedDataCache (52)
[2015.09.07-01.18.25:950][659]LogDerivedDataCache: Shutdown
[2015.09.07-01.18.25:950][659]LogModuleManager: Shutting down and abandoning module ShaderFormatOpenGL (51)
[2015.09.07-01.18.25:951][659]LogModuleManager: Shutting down and abandoning module ShaderFormatD3D (50)
[2015.09.07-01.18.25:952][659]LogModuleManager: Shutting down and abandoning module MetalShaderFormat (49)
[2015.09.07-01.18.25:953][659]LogModuleManager: Shutting down and abandoning module TextureFormatUncompressed (48)
[2015.09.07-01.18.25:953][659]LogModuleManager: Shutting down and abandoning module TextureFormatPVR (47)
[2015.09.07-01.18.25:954][659]LogModuleManager: Shutting down and abandoning module TextureFormatIntelISPCTexComp (46)
[2015.09.07-01.18.25:955][659]LogModuleManager: Shutting down and abandoning module TextureFormatDXT (45)
[2015.09.07-01.18.25:955][659]LogModuleManager: Shutting down and abandoning module ImageWrapper (44)
[2015.09.07-01.18.25:956][659]LogModuleManager: Shutting down and abandoning module TextureFormatASTC (43)
[2015.09.07-01.18.25:956][659]LogModuleManager: Shutting down and abandoning module TextureFormatAndroid (42)
[2015.09.07-01.18.25:957][659]LogModuleManager: Shutting down and abandoning module AudioFormatOpus (41)
[2015.09.07-01.18.25:957][659]LogModuleManager: Shutting down and abandoning module AudioFormatOgg (40)
[2015.09.07-01.18.25:958][659]LogModuleManager: Shutting down and abandoning module AudioFormatADPCM (39)
[2015.09.07-01.18.25:959][659]LogModuleManager: Shutting down and abandoning module LinuxTargetPlatform (38)
[2015.09.07-01.18.25:959][659]LogModuleManager: Shutting down and abandoning module LinuxServerTargetPlatform (37)
[2015.09.07-01.18.25:960][659]LogModuleManager: Shutting down and abandoning module LinuxNoEditorTargetPlatform (36)
[2015.09.07-01.18.25:960][659]LogModuleManager: Shutting down and abandoning module Messaging (35)
[2015.09.07-01.18.25:961][659]LogModuleManager: Shutting down and abandoning module IOSTargetPlatform (34)
[2015.09.07-01.18.25:961][659]LogModuleManager: Shutting down and abandoning module HTML5TargetPlatform (33)
[2015.09.07-01.18.25:962][659]LogModuleManager: Shutting down and abandoning module Android_PVRTCTargetPlatform (32)
[2015.09.07-01.18.25:962][659]LogModuleManager: Shutting down and abandoning module Android_ETC2TargetPlatform (31)
[2015.09.07-01.18.25:963][659]LogModuleManager: Shutting down and abandoning module Android_ETC1TargetPlatform (30)
[2015.09.07-01.18.25:963][659]LogModuleManager: Shutting down and abandoning module Android_DXTTargetPlatform (29)
[2015.09.07-01.18.25:964][659]LogModuleManager: Shutting down and abandoning module Android_ATCTargetPlatform (28)
[2015.09.07-01.18.25:964][659]LogModuleManager: Shutting down and abandoning module Android_ASTCTargetPlatform (27)
[2015.09.07-01.18.25:965][659]LogModuleManager: Shutting down and abandoning module AndroidTargetPlatform (26)
[2015.09.07-01.18.25:966][659]LogModuleManager: Shutting down and abandoning module WindowsTargetPlatform (25)
[2015.09.07-01.18.25:966][659]LogModuleManager: Shutting down and abandoning module WindowsServerTargetPlatform (24)
[2015.09.07-01.18.25:967][659]LogModuleManager: Shutting down and abandoning module WindowsNoEditorTargetPlatform (23)
[2015.09.07-01.18.25:968][659]LogModuleManager: Shutting down and abandoning module WindowsClientTargetPlatform (22)
[2015.09.07-01.18.25:968][659]LogModuleManager: Shutting down and abandoning module DesktopTargetPlatform (21)
[2015.09.07-01.18.25:968][659]LogModuleManager: Shutting down and abandoning module TargetPlatform (20)
[2015.09.07-01.18.25:969][659]LogModuleManager: Shutting down and abandoning module InputCore (19)
[2015.09.07-01.18.25:969][659]LogModuleManager: Shutting down and abandoning module Settings (18)
[2015.09.07-01.18.25:969][659]LogModuleManager: Shutting down and abandoning module OnlineSubsystem (16)
[2015.09.07-01.18.25:974][659]LogModuleManager: Shutting down and abandoning module HTTP (15)
[2015.09.07-01.18.25:977][659]LogModuleManager: Shutting down and abandoning module ExampleDeviceProfileSelector (14)
[2015.09.07-01.18.25:977][659]LogModuleManager: Shutting down and abandoning module TextureCompressor (13)
[2015.09.07-01.18.25:978][659]LogModuleManager: Shutting down and abandoning module ShaderCore (12)
[2015.09.07-01.18.25:978][659]LogModuleManager: Shutting down and abandoning module Landscape (11)
[2015.09.07-01.18.25:979][659]LogModuleManager: Shutting down and abandoning module SlateRHIRenderer (10)
[2015.09.07-01.18.25:980][659]LogModuleManager: Shutting down and abandoning module OpenGLDrv (9)
[2015.09.07-01.18.25:981][659]LogModuleManager: Shutting down and abandoning module D3D11RHI (8)
[2015.09.07-01.18.25:981][659]LogModuleManager: Shutting down and abandoning module Renderer (7)
[2015.09.07-01.18.25:981][659]LogModuleManager: Shutting down and abandoning module Engine (6)
[2015.09.07-01.18.25:981][659]LogModuleManager: Shutting down and abandoning module CoreUObject (5)
[2015.09.07-01.18.25:982][659]LogModuleManager: Shutting down and abandoning module NetworkFile (4)
[2015.09.07-01.18.25:982][659]LogModuleManager: Shutting down and abandoning module StreamingFile (3)
[2015.09.07-01.18.25:982][659]LogModuleManager: Shutting down and abandoning module SandboxFile (2)
[2015.09.07-01.18.25:982][659]LogModuleManager: Shutting down and abandoning module PakFile (1)
[2015.09.07-01.18.25:985][659]LogExit: Exiting.
[2015.09.07-01.18.25:987][659]Log file closed, 09/06/15 21:18:25
