[2015.09.08-15.59.53:955][  0]Log file open, 09/08/15 11:59:53
[2015.09.08-15.59.53:955][  0]LogInit:Display: Running engine for game: Brain
[2015.09.08-15.59.53:956][  0]LogInit:Display: RandInit(1149909324) SRandInit(1149909324).
[2015.09.08-15.59.53:957][  0]LogTaskGraph: Started task graph with 4 named threads and 7 total threads.
[2015.09.08-15.59.53:957][  0]LogStats: Stats thread started
[2015.09.08-15.59.53:958][  0]LogInit: Version: 4.8.3-2634408+++depot+UE4-Releases+4.8
[2015.09.08-15.59.53:958][  0]LogInit: API Version: 2579680
[2015.09.08-15.59.53:958][  0]LogInit: Compiled (64-bit): Jul 27 2015 16:24:33
[2015.09.08-15.59.53:959][  0]LogInit: Compiled with Visual C++: 18.00.21005.01
[2015.09.08-15.59.53:959][  0]LogInit: Build Configuration: DebugGame
[2015.09.08-15.59.53:959][  0]LogInit: Branch Name: ++depot+UE4-Releases+4.8
[2015.09.08-15.59.53:960][  0]LogInit: Command line:  -debug
[2015.09.08-15.59.53:960][  0]LogInit: Base directory: C:/Program Files/Epic Games/4.8/Engine/Binaries/Win64/
[2015.09.08-15.59.53:960][  0]LogInit: Rocket: 1
[2015.09.08-15.59.53:990][  0]LogInit: Using libcurl 7.41.0
[2015.09.08-15.59.53:990][  0]LogInit:  - built for x86_64-pc-win32
[2015.09.08-15.59.53:991][  0]LogInit:  - supports SSL with WinSSL
[2015.09.08-15.59.53:991][  0]LogInit:  - other features:
[2015.09.08-15.59.53:991][  0]LogInit:      CURL_VERSION_SSL
[2015.09.08-15.59.53:992][  0]LogInit:      CURL_VERSION_IPV6
[2015.09.08-15.59.53:992][  0]LogInit:      CURL_VERSION_ASYNCHDNS
[2015.09.08-15.59.53:992][  0]LogInit:      CURL_VERSION_LARGEFILE
[2015.09.08-15.59.53:992][  0]LogInit:      CURL_VERSION_IDN
[2015.09.08-15.59.53:993][  0]LogInit:  CurlRequestOptions (configurable via config and command line):
[2015.09.08-15.59.53:993][  0]LogInit:  - bVerifyPeer = true  - Libcurl will verify peer certificate
[2015.09.08-15.59.53:993][  0]LogInit:  - bUseHttpProxy = false  - Libcurl will NOT use HTTP proxy
[2015.09.08-15.59.53:993][  0]LogInit:  - bDontReuseConnections = false  - Libcurl will reuse connections
[2015.09.08-15.59.53:993][  0]LogInit:  - CertBundlePath = nullptr  - Libcurl will use whatever was configured at build time.
[2015.09.08-15.59.54:008][  0]LogOnline:Warning: No default platform service specified for OnlineSubsystem
[2015.09.08-15.59.54:045][  0]LogInit: Presizing for 0 objects not considered by GC, pre-allocating 0 bytes.
[2015.09.08-15.59.54:052][  0]LogInit: Object subsystem initialized
[2015.09.08-15.59.54:054][  0]LogConsoleResponse:Warning: Skipping Unknown console variable: 'TranslucentSortAxis = (X=0.000000,Y=-1.000000,Z=0.000000)'
[2015.09.08-15.59.54:054][  0]LogConsoleResponse:Warning:   Found in ini file 'C:/Users/frederic/Documents/Unreal Projects/Brain/Saved/Config/Windows/Engine.ini', in section '[/Script/Engine.RendererSettings]'
[2015.09.08-15.59.54:054][  0]LogConsoleResponse:Warning: Skipping Unknown console variable: 'UIScaleRule = ShortestSide'
[2015.09.08-15.59.54:055][  0]LogConsoleResponse:Warning:   Found in ini file 'C:/Users/frederic/Documents/Unreal Projects/Brain/Saved/Config/Windows/Engine.ini', in section '[/Script/Engine.RendererSettings]'
[2015.09.08-15.59.54:055][  0]LogConsoleResponse:Warning: Skipping Unknown console variable: 'UIScaleCurve = (EditorCurveData=(Keys=),ExternalCurve=None)'
[2015.09.08-15.59.54:055][  0]LogConsoleResponse:Warning:   Found in ini file 'C:/Users/frederic/Documents/Unreal Projects/Brain/Saved/Config/Windows/Engine.ini', in section '[/Script/Engine.RendererSettings]'
[2015.09.08-15.59.54:056][  0]LogInit: Selected Device Profile: [Windows]
[2015.09.08-15.59.54:056][  0]LogInit: Applying CVar settings loaded from the selected device profile: [Windows]
[2015.09.08-15.59.54:062][  0]LogInit: Computer: FREDERIC-PC
[2015.09.08-15.59.54:063][  0]LogInit: User: frederic
[2015.09.08-15.59.54:063][  0]LogInit: CPU Page size=4096, Cores=4
[2015.09.08-15.59.54:063][  0]LogInit: High frequency timer resolution =3.331220 MHz
[2015.09.08-15.59.54:064][  0]LogMemory: Memory total: Physical=15.9GB (16GB approx)
[2015.09.08-15.59.54:064][  0]LogMemory: Platform Memory Stats for Windows
[2015.09.08-15.59.54:064][  0]LogMemory: Process Physical Memory: 54.60 MB used, 55.39 MB peak
[2015.09.08-15.59.54:065][  0]LogMemory: Process Virtual Memory: 27.59 MB used, 29.68 MB peak
[2015.09.08-15.59.54:065][  0]LogMemory: Physical Memory: 8712.07 MB used, 16288.39 MB total
[2015.09.08-15.59.54:065][  0]LogMemory: Virtual Memory: 285.87 MB used, 8388608.00 MB total
[2015.09.08-15.59.54:140][  0]LogTextLocalizationManager: The requested culture ('fr_CA') has no localization data; falling back to 'en' for localization and internationalization data.
[2015.09.08-15.59.54:356][  0]LogTextLocalizationManager:Warning: Loaded localization resources contain conflicting entries for (Namespace:ContentBrowser, Key:ImportAssetToolTip):
Localization Resource: (C:/Program Files/Epic Games/4.8/Engine/Content/Localization/Editor/en/Editor.locres) Source String Hash: (-630476809) Localized String: (Import to {0}...)
Localization Resource: (C:/Program Files/Epic Games/4.8/Engine/Content/Localization/Editor/en/Editor.locres) Source String Hash: (1271782899) Localized String: (Imports an asset from file to this folder.)
[2015.09.08-15.59.54:723][  0]LogD3D11RHI: Found D3D11 adapter 0: NVIDIA GeForce GTX 970 (Feature Level 11_0)
[2015.09.08-15.59.54:723][  0]LogD3D11RHI: Adapter has 4008MB of dedicated video memory, 0MB of dedicated system memory, and 7888MB of shared system memory, 1 output[s]
[2015.09.08-15.59.54:732][  0]LogD3D11RHI: Found D3D11 adapter 1: Intel(R) HD Graphics 3000 (Feature Level 10_0)
[2015.09.08-15.59.54:732][  0]LogD3D11RHI: Adapter has 64MB of dedicated video memory, 0MB of dedicated system memory, and 1632MB of shared system memory, 0 output[s]
[2015.09.08-15.59.54:732][  0]LogD3D11RHI: Chosen D3D11 Adapter Id = 0
[2015.09.08-15.59.54:737][  0]LogD3D11RHI: InitD3DDevice
[2015.09.08-15.59.54:737][  0]LogD3D11RHI: !Direct3DDevice
[2015.09.08-15.59.54:737][  0]LogRHI: Texture pool is 1361 MB (70% of 1945 MB)
[2015.09.08-15.59.54:784][  0]LogD3D11RHI: Async texture creation enabled
[2015.09.08-15.59.54:799][  0]LogShaderCompilers:Display: Using Local Shader Compiler.
[2015.09.08-15.59.55:610][  0]LogTemp:Display: Loaded TP DesktopTargetPlatform
[2015.09.08-15.59.55:633][  0]LogTemp:Display: Loaded TP WindowsClientTargetPlatform
[2015.09.08-15.59.55:656][  0]LogTemp:Display: Loaded TP WindowsNoEditorTargetPlatform
[2015.09.08-15.59.55:678][  0]LogTemp:Display: Loaded TP WindowsServerTargetPlatform
[2015.09.08-15.59.55:702][  0]LogTemp:Display: Loaded TP WindowsTargetPlatform
[2015.09.08-15.59.55:719][  0]LogTemp:Display: Loaded TP AndroidTargetPlatform
[2015.09.08-15.59.55:735][  0]LogTemp:Display: Loaded TP Android_ASTCTargetPlatform
[2015.09.08-15.59.55:751][  0]LogTemp:Display: Loaded TP Android_ATCTargetPlatform
[2015.09.08-15.59.55:771][  0]LogTemp:Display: Loaded TP Android_DXTTargetPlatform
[2015.09.08-15.59.55:789][  0]LogTemp:Display: Loaded TP Android_ETC1TargetPlatform
[2015.09.08-15.59.55:809][  0]LogTemp:Display: Loaded TP Android_ETC2TargetPlatform
[2015.09.08-15.59.55:828][  0]LogTemp:Display: Loaded TP Android_PVRTCTargetPlatform
[2015.09.08-15.59.55:901][  0]LogTemp:Display: Loaded TP IOSTargetPlatform
[2015.09.08-15.59.55:918][  0]LogTemp:Display: Loaded TP LinuxNoEditorTargetPlatform
[2015.09.08-15.59.55:934][  0]LogTemp:Display: Loaded TP LinuxServerTargetPlatform
[2015.09.08-15.59.55:955][  0]LogTemp:Display: Loaded TP LinuxTargetPlatform
[2015.09.08-15.59.55:955][  0]LogTargetPlatformManager:Display: Building Assets For Windows
[2015.09.08-15.59.56:263][  0]LogDerivedDataCache:Display: Max Cache Size: 512 MB
[2015.09.08-15.59.56:336][  0]LogDerivedDataCache: Loaded boot cache 0.07s 84MB C:/Users/frederic/AppData/Local/UnrealEngine/4.8/DerivedDataCache/Boot.ddc.
[2015.09.08-15.59.56:337][  0]LogDerivedDataCache:Display: Loaded Boot cache: C:/Users/frederic/AppData/Local/UnrealEngine/4.8/DerivedDataCache/Boot.ddc
[2015.09.08-15.59.56:337][  0]LogDerivedDataCache: FDerivedDataBackendGraph:  Pak pak cache file ../../../../../../Users/frederic/Documents/Unreal Projects/Brain/DerivedDataCache/DDC.ddp not found, will not use a pak cache.
[2015.09.08-15.59.56:338][  0]LogDerivedDataCache: Unable to find inner node Pak for hierarchical cache Hierarchy.
[2015.09.08-15.59.56:338][  0]LogDerivedDataCache: FDerivedDataBackendGraph:  CompressedPak pak cache file ../../../../../../Users/frederic/Documents/Unreal Projects/Brain/DerivedDataCache/Compressed.ddp not found, will not use a pak cache.
[2015.09.08-15.59.56:338][  0]LogDerivedDataCache: Unable to find inner node CompressedPak for hierarchical cache Hierarchy.
[2015.09.08-15.59.56:485][  0]LogDerivedDataCache:Display: Pak cache opened for reading ../../../Engine/DerivedDataCache/Compressed.ddp.
[2015.09.08-15.59.56:497][  0]LogDerivedDataCache: Using Local data cache path C:/Users/frederic/AppData/Local/UnrealEngine/Common/DerivedDataCache: Writable
[2015.09.08-15.59.56:691][  0]LogCollisionProfile:Warning: Profile (Trigger) - Custom Channel Name = 'Projectile' hasn't been found
[2015.09.08-15.59.56:707][  0]LogInit: Selected Device Profile: [Windows]
[2015.09.08-15.59.56:714][  0]ImportText (ComponentSweepMultiTests): Missing closing parenthesis: (RootShapeAsset="/Engine/BasicShapes/Cube.Cube",ShapeType="TriggerCapsule",HitResult=(Time=0.50,Location=(X=-100.000015,Y=0.0,Z=100.000015),ImpactPoint=(X=-50.0,Y=0.0,Z=50.0),Normal=(X=-1.0,Y=-0.0,Z=0.0),ImpactNormal=(X=0.0,Y=0.0,Z=1.0),TraceStart=(X=-200.0,Y=0.0,Z=200.0),TraceEnd=(X=0.0,Y=0.0,Z=0.0))
[2015.09.08-15.59.56:715][  0]ImportText (LineTraceSingleByChannelTests): Missing closing parenthesis: (RootShapeAsset="/Engine/BasicShapes/Cube.Cube",HitResult=(Time=0.50,Location=(X=-100.000015,Y=0.0,Z=100.000015),ImpactPoint=(X=-50.0,Y=0.0,Z=50.0),Normal=(X=-1.0,Y=-0.0,Z=0.0),ImpactNormal=(X=0.0,Y=0.0,Z=1.0),TraceStart=(X=-200.0,Y=0.0,Z=200.0),TraceEnd=(X=0.0,Y=0.0,Z=0.0))
[2015.09.08-15.59.56:753][  0]LogMeshUtilities: No automatic mesh reduction module available
[2015.09.08-15.59.56:753][  0]LogMeshUtilities: No automatic mesh merging module available
[2015.09.08-15.59.57:172][  0]LogInit: WinSock: version 1.1 (2.2), MaxSocks=32767, MaxUdp=65467
[2015.09.08-15.59.58:360][  0]UdpMessaging: Initializing bridge on interface 0.0.0.0:0 to multicast group 230.0.0.1:6666.
[2015.09.08-15.59.59:137][  0]SourceControl: Info Source control is disabled
[2015.09.08-15.59.59:168][  0]SourceControl: Info Source control is disabled
[2015.09.08-15.59.59:187][  0]SourceControl: Info Source control is disabled
[2015.09.08-15.59.59:207][  0]SourceControl: Info Source control is disabled
[2015.09.08-15.59.59:518][  0]LogObj: 31170 objects as part of root set at end of initial load.
[2015.09.08-15.59.59:519][  0]LogUObjectAllocator: 7108608 out of 0 bytes used by permanent object pool.
[2015.09.08-15.59.59:607][  0]LogEngine: Initializing Engine...
[2015.09.08-15.59.59:610][  0]LogHMD: Can't find Oculus library dev build: is proper Runtime installed? Version: 0.6.0.0
[2015.09.08-15.59.59:615][  0]LogHMD:Warning: SteamVR failed to initialize.  Error: 110
[2015.09.08-15.59.59:773][  0]LogAIModule: Creating AISystem for world NewWorld
[2015.09.08-15.59.59:785][  0]LogInit: XAudio2 using 'Haut-parleurs (Realtek High Definition Audio)' : 2 channels at 48 kHz using 32 bits per sample (channel mask 0x3)
[2015.09.08-15.59.59:802][  0]LogInit: FAudioDevice initialized.
[2015.09.08-15.59.59:841][  0]LogDerivedDataCache: Saved boot cache 0.04s 84MB C:/Users/frederic/AppData/Local/UnrealEngine/4.8/DerivedDataCache/Boot.ddc.
[2015.09.08-15.59.59:852][  0]LogInit: Texture streaming: Disabled
[2015.09.08-15.59.59:885][  0]LogAnalytics: Creating configured Analytics provider AnalyticsET
[2015.09.08-15.59.59:885][  0]LogAnalytics: [UEEditor.Rocket.Release] APIServer = http://et2.epicgames.com/ET2/. AppVersion = 4.8.3-2634408+++depot+UE4-Releases+4.8
[2015.09.08-15.59.59:885][  0]LogAnalytics: [UEEditor.Rocket.Release] SetUserId c8da8d664a36a98701fe659c10ae4ff8|70626fa7f476448fb82ad9618fbbb1ab|00e7fb16-00c3-4af4-a2a1-2cc8013aae38
[2015.09.08-15.59.59:886][  0]LogAnalytics: [UEEditor.Rocket.Release] AnalyticsET::StartSession
[2015.09.08-15.59.59:921][  0]LogInit: Transaction tracking system initialized
[2015.09.08-16.00.00:132][  0]BlueprintLog: New page: Editor Load
[2015.09.08-16.00.00:177][  0]LogAssetRegistry: FAssetRegistry took 0.0100 seconds to start up
[2015.09.08-16.00.00:178][  0]LogDirectoryWatcher:Warning: Failed to begin reading directory changes for ../../../Engine/Plugins/Experimental/CharacterAI/Content/. Error: 0
[2015.09.08-16.00.01:193][  0]LogConsoleManager:Warning: Console variable 'r.VSync' wasn't set ('GameSetting' has a lower priority than 'SystemSettingsIni')
[2015.09.08-16.00.01:194][  0]LogConsoleResponse:Display: 
[2015.09.08-16.00.01:290][  0]LogCook:Display: Done creating registry. It took  0.00s.
[2015.09.08-16.00.01:547][  0]SourceControl: Info Source control is disabled
[2015.09.08-16.00.01:548][  0]Cmd: MAP LOAD FILE="../../../../../../Users/frederic/Documents/Unreal Projects/Brain/Content/FirstPerson/Maps/FirstPersonExampleMap.umap" TEMPLATE=0 SHOWPROGRESS=1 FEATURELEVEL=3
[2015.09.08-16.00.01:548][  0]LightingResults: New page: Lighting Build
[2015.09.08-16.00.01:563][  0]MapCheck: New page: Map Check
[2015.09.08-16.00.01:564][  0]LightingResults: New page: Lighting Build
[2015.09.08-16.00.01:575][  0]LogParticles: Destroying 0 GPU particle simulations for FXSystem 0x000000001AEA68E0
[2015.09.08-16.00.02:214][  0]LogAIModule: Creating AISystem for world FirstPersonExampleMap
[2015.09.08-16.00.02:225][  0]LogEditorServer: Finished looking for orphan Actors (0.000 secs)
[2015.09.08-16.00.03:270][  0]Cmd: MAP CHECKDEP NOCLEARLOG
[2015.09.08-16.00.03:310][  0]MapCheck: Info Map check complete: 0 Error(s), 0 Warning(s), took 38.946ms to complete.
[2015.09.08-16.00.03:311][  0]LogFileHelpers: Loading map 'FirstPersonExampleMap' took 1.763
[2015.09.08-16.00.03:413][  0]LogCollectionManager: Loaded 0 collections in 0.001998 seconds
[2015.09.08-16.00.03:421][  0]LogContentBrowser: Native class hierarchy populated in 0.0071 seconds. Added 1800 classes and 303 folders.
[2015.09.08-16.00.03:484][  0]LogContentBrowser: Native class hierarchy updated for 'WidgetCarousel' in 0.0014 seconds. Added 0 classes and 0 folders.
[2015.09.08-16.00.03:521][  0]LogContentBrowser: Native class hierarchy updated for 'AddContentDialog' in 0.0014 seconds. Added 0 classes and 0 folders.
[2015.09.08-16.00.03:551][  0]LogContentBrowser: Native class hierarchy updated for 'SceneOutliner' in 0.0014 seconds. Added 1 classes and 2 folders.
[2015.09.08-16.00.03:637][  0]LogCrashTracker: Crashtracker disabled due to settings.
[2015.09.08-16.00.03:639][  0]LogD3D11RHI: InitD3DDevice
[2015.09.08-16.00.03:644][  0]LogUObjectGlobals:Warning: Failed to find object 'Class None.'
[2015.09.08-16.00.03:666][  0]LogLoad: Full Startup: 11.69 seconds (BP compile: 0.24 seconds)
[2015.09.08-16.00.03:734][  0]LogContentStreaming: Texture pool size is 0.000000MB
[2015.09.08-16.00.03:785][  0]LogContentStreaming: Texture pool size now 1000 MB
[2015.09.08-16.00.03:901][  0]LogRenderer: Reallocating scene render targets to support 1208x560 (Frame:2).
[2015.09.08-16.00.04:395][  6]LogAssetRegistry: Asset discovery search completed in 4.2281 seconds
[2015.09.08-16.00.09:540][610]LogD3D11RHI: InitD3DDevice
[2015.09.08-16.00.13:964][139]LogD3D11RHI: InitD3DDevice
[2015.09.08-16.00.19:631][817]LogD3D11RHI: InitD3DDevice
[2015.09.08-16.01.22:441][356]LogD3D11RHI: InitD3DDevice
[2015.09.08-16.01.23:122][435]LogD3D11RHI: InitD3DDevice
[2015.09.08-16.01.24:702][623]LogD3D11RHI: InitD3DDevice
[2015.09.08-16.01.24:736][624]LogD3D11RHI: InitD3DDevice
[2015.09.08-16.01.25:966][770]LogD3D11RHI: InitD3DDevice
[2015.09.08-16.02.07:764][173]LogD3D11RHI: InitD3DDevice
[2015.09.08-16.03.02:356][695]LogD3D11RHI: InitD3DDevice
[2015.09.08-16.03.03:474][828]LogD3D11RHI: InitD3DDevice
[2015.09.08-16.03.21:331][273]LogEditorViewport: Clicking on Actor (LMB): StaticMeshActor (Floor)
[2015.09.08-16.03.22:626][410]LogPlayLevel: PIE:  No blueprints needed recompiling
[2015.09.08-16.03.22:629][410]PIE: New page: PIE session: FirstPersonExampleMap (Sep 8, 2015, 8:03:22 AM)
[2015.09.08-16.03.22:630][410]LogPlayLevel: Creating play world package: /Game/FirstPerson/Maps/UEDPIE_0_FirstPersonExampleMap
[2015.09.08-16.03.22:648][410]LogPlayLevel: PIE: StaticDuplicateObject took: (0.017684s)
[2015.09.08-16.03.22:649][410]LogAIModule: Creating AISystem for world FirstPersonExampleMap
[2015.09.08-16.03.22:650][410]LogPlayLevel: PIE: World Init took: (0.001529s)
[2015.09.08-16.03.22:650][410]LogPlayLevel: PIE: Created PIE world by copying editor world from /Game/FirstPerson/Maps/FirstPersonExampleMap.FirstPersonExampleMap to /Game/FirstPerson/Maps/UEDPIE_0_FirstPersonExampleMap.FirstPersonExampleMap (0.020884s)
[2015.09.08-16.03.22:651][410]LogActorComponent: UnregisterComponent: (/Engine/Transient.CharMoveComp) Not registered. Aborting.
[2015.09.08-16.03.22:694][410]LogInit: XAudio2 using 'Haut-parleurs (Realtek High Definition Audio)' : 2 channels at 48 kHz using 32 bits per sample (channel mask 0x3)
[2015.09.08-16.03.22:707][410]LogInit: FAudioDevice initialized.
[2015.09.08-16.03.22:749][410]LogWorld: Game class is 'BrainGameMode'
[2015.09.08-16.03.22:756][410]LogWorld: Bringing World /Game/FirstPerson/Maps/UEDPIE_0_FirstPersonExampleMap.FirstPersonExampleMap up for play (max tick rate 0) at 2015.09.08-12.03.22
[2015.09.08-16.03.22:756][410]LogActor:Warning: GameSession /Game/FirstPerson/Maps/UEDPIE_0_FirstPersonExampleMap.FirstPersonExampleMap:PersistentLevel.GameSession_0 has natively added scene component(s), but none of them were set as the actor's RootComponent - picking one arbitrarily
[2015.09.08-16.03.22:757][410]LogActor:Warning: GameNetworkManager /Game/FirstPerson/Maps/UEDPIE_0_FirstPersonExampleMap.FirstPersonExampleMap:PersistentLevel.GameNetworkManager_0 has natively added scene component(s), but none of them were set as the actor's RootComponent - picking one arbitrarily
[2015.09.08-16.03.22:758][410]LogWorld: Bringing up level for play took: 0.005952
[2015.09.08-16.03.22:761][410]PIE: Info Play in editor start time for /Game/FirstPerson/Maps/UEDPIE_0_FirstPersonExampleMap 0.238
[2015.09.08-16.03.25:523][710]LogParticles: Destroying 0 GPU particle simulations for FXSystem 0x000000000F1C5260
[2015.09.08-16.03.27:203][908]LogEditorViewport: Clicking on Actor (LMB): BrainNormalInteractiveObject (BrainNormalInteractiveObject1)
[2015.09.08-16.04.14:253][143]LogPlayLevel: PIE:  No blueprints needed recompiling
[2015.09.08-16.04.14:254][143]PIE: New page: PIE session: FirstPersonExampleMap (Sep 8, 2015, 8:04:14 AM)
[2015.09.08-16.04.14:255][143]LogPlayLevel: Creating play world package: /Game/FirstPerson/Maps/UEDPIE_0_FirstPersonExampleMap
[2015.09.08-16.04.14:273][143]LogPlayLevel: PIE: StaticDuplicateObject took: (0.017370s)
[2015.09.08-16.04.14:274][143]LogAIModule: Creating AISystem for world FirstPersonExampleMap
[2015.09.08-16.04.14:275][143]LogPlayLevel: PIE: World Init took: (0.001503s)
[2015.09.08-16.04.14:275][143]LogPlayLevel: PIE: Created PIE world by copying editor world from /Game/FirstPerson/Maps/FirstPersonExampleMap.FirstPersonExampleMap to /Game/FirstPerson/Maps/UEDPIE_0_FirstPersonExampleMap.FirstPersonExampleMap (0.020536s)
[2015.09.08-16.04.14:304][143]LogInit: XAudio2 using 'Haut-parleurs (Realtek High Definition Audio)' : 2 channels at 48 kHz using 32 bits per sample (channel mask 0x3)
[2015.09.08-16.04.14:316][143]LogInit: FAudioDevice initialized.
[2015.09.08-16.04.14:346][143]LogWorld: Game class is 'BrainGameMode'
[2015.09.08-16.04.14:353][143]LogWorld: Bringing World /Game/FirstPerson/Maps/UEDPIE_0_FirstPersonExampleMap.FirstPersonExampleMap up for play (max tick rate 0) at 2015.09.08-12.04.14
[2015.09.08-16.04.14:353][143]LogActor:Warning: GameSession /Game/FirstPerson/Maps/UEDPIE_0_FirstPersonExampleMap.FirstPersonExampleMap:PersistentLevel.GameSession_1 has natively added scene component(s), but none of them were set as the actor's RootComponent - picking one arbitrarily
[2015.09.08-16.04.