[2015.09.07-12.51.43:719][  0]Log file open, 09/07/15 08:51:43
[2015.09.07-12.51.43:719][  0]LogInit:Display: Running engine for game: Brain
[2015.09.07-12.51.43:720][  0]LogInit:Display: RandInit(-1876699333) SRandInit(-1876699332).
[2015.09.07-12.51.43:720][  0]LogTaskGraph: Started task graph with 4 named threads and 7 total threads.
[2015.09.07-12.51.43:721][  0]LogStats: Stats thread started
[2015.09.07-12.51.43:722][  0]LogInit: Version: 4.8.3-2634408+++depot+UE4-Releases+4.8
[2015.09.07-12.51.43:722][  0]LogInit: API Version: 2579680
[2015.09.07-12.51.43:723][  0]LogInit: Compiled (64-bit): Jul 27 2015 16:24:33
[2015.09.07-12.51.43:723][  0]LogInit: Compiled with Visual C++: 18.00.21005.01
[2015.09.07-12.51.43:724][  0]LogInit: Build Configuration: Development
[2015.09.07-12.51.43:724][  0]LogInit: Branch Name: ++depot+UE4-Releases+4.8
[2015.09.07-12.51.43:725][  0]LogInit: Command line: 
[2015.09.07-12.51.43:725][  0]LogInit: Base directory: C:/Program Files/Epic Games/4.8/Engine/Binaries/Win64/
[2015.09.07-12.51.43:725][  0]LogInit: Rocket: 1
[2015.09.07-12.51.43:965][  0]LogInit: Using libcurl 7.41.0
[2015.09.07-12.51.43:965][  0]LogInit:  - built for x86_64-pc-win32
[2015.09.07-12.51.43:966][  0]LogInit:  - supports SSL with WinSSL
[2015.09.07-12.51.43:967][  0]LogInit:  - other features:
[2015.09.07-12.51.43:967][  0]LogInit:      CURL_VERSION_SSL
[2015.09.07-12.51.43:968][  0]LogInit:      CURL_VERSION_IPV6
[2015.09.07-12.51.43:968][  0]LogInit:      CURL_VERSION_ASYNCHDNS
[2015.09.07-12.51.43:969][  0]LogInit:      CURL_VERSION_LARGEFILE
[2015.09.07-12.51.43:969][  0]LogInit:      CURL_VERSION_IDN
[2015.09.07-12.51.43:970][  0]LogInit:  CurlRequestOptions (configurable via config and command line):
[2015.09.07-12.51.43:970][  0]LogInit:  - bVerifyPeer = true  - Libcurl will verify peer certificate
[2015.09.07-12.51.43:971][  0]LogInit:  - bUseHttpProxy = false  - Libcurl will NOT use HTTP proxy
[2015.09.07-12.51.43:971][  0]LogInit:  - bDontReuseConnections = false  - Libcurl will reuse connections
[2015.09.07-12.51.43:972][  0]LogInit:  - CertBundlePath = nullptr  - Libcurl will use whatever was configured at build time.
[2015.09.07-12.51.43:986][  0]LogOnline:Warning: No default platform service specified for OnlineSubsystem
[2015.09.07-12.51.44:022][  0]LogInit: Presizing for 0 objects not considered by GC, pre-allocating 0 bytes.
[2015.09.07-12.51.44:029][  0]LogInit: Object subsystem initialized
[2015.09.07-12.51.44:030][  0]LogConsoleResponse:Warning: Skipping Unknown console variable: 'TranslucentSortAxis = (X=0.000000,Y=-1.000000,Z=0.000000)'
[2015.09.07-12.51.44:031][  0]LogConsoleResponse:Warning:   Found in ini file 'C:/Users/frederic/Documents/Unreal Projects/Brain/Saved/Config/Windows/Engine.ini', in section '[/Script/Engine.RendererSettings]'
[2015.09.07-12.51.44:031][  0]LogConsoleResponse:Warning: Skipping Unknown console variable: 'UIScaleRule = ShortestSide'
[2015.09.07-12.51.44:031][  0]LogConsoleResponse:Warning:   Found in ini file 'C:/Users/frederic/Documents/Unreal Projects/Brain/Saved/Config/Windows/Engine.ini', in section '[/Script/Engine.RendererSettings]'
[2015.09.07-12.51.44:032][  0]LogConsoleResponse:Warning: Skipping Unknown console variable: 'UIScaleCurve = (EditorCurveData=(Keys=),ExternalCurve=None)'
[2015.09.07-12.51.44:032][  0]LogConsoleResponse:Warning:   Found in ini file 'C:/Users/frederic/Documents/Unreal Projects/Brain/Saved/Config/Windows/Engine.ini', in section '[/Script/Engine.RendererSettings]'
[2015.09.07-12.51.44:033][  0]LogInit: Selected Device Profile: [Windows]
[2015.09.07-12.51.44:033][  0]LogInit: Applying CVar settings loaded from the selected device profile: [Windows]
[2015.09.07-12.51.44:042][  0]LogInit: Computer: FREDERIC-PC
[2015.09.07-12.51.44:043][  0]LogInit: User: frederic
[2015.09.07-12.51.44:043][  0]LogInit: CPU Page size=4096, Cores=4
[2015.09.07-12.51.44:043][  0]LogInit: High frequency timer resolution =3.331259 MHz
[2015.09.07-12.51.44:044][  0]LogMemory: Memory total: Physical=15.9GB (16GB approx)
[2015.09.07-12.51.44:044][  0]LogMemory: Platform Memory Stats for Windows
[2015.09.07-12.51.44:044][  0]LogMemory: Process Physical Memory: 52.39 MB used, 52.39 MB peak
[2015.09.07-12.51.44:044][  0]LogMemory: Process Virtual Memory: 24.52 MB used, 24.52 MB peak
[2015.09.07-12.51.44:045][  0]LogMemory: Physical Memory: 6129.23 MB used, 16288.39 MB total
[2015.09.07-12.51.44:045][  0]LogMemory: Virtual Memory: 282.93 MB used, 8388608.00 MB total
[2015.09.07-12.51.44:114][  0]LogTextLocalizationManager: The requested culture ('fr_CA') has no localization data; falling back to 'en' for localization and internationalization data.
[2015.09.07-12.51.44:319][  0]LogTextLocalizationManager:Warning: Loaded localization resources contain conflicting entries for (Namespace:ContentBrowser, Key:ImportAssetToolTip):
Localization Resource: (C:/Program Files/Epic Games/4.8/Engine/Content/Localization/Editor/en/Editor.locres) Source String Hash: (-630476809) Localized String: (Import to {0}...)
Localization Resource: (C:/Program Files/Epic Games/4.8/Engine/Content/Localization/Editor/en/Editor.locres) Source String Hash: (1271782899) Localized String: (Imports an asset from file to this folder.)
[2015.09.07-12.51.44:956][  0]LogD3D11RHI: Found D3D11 adapter 0: NVIDIA GeForce GTX 970 (Feature Level 11_0)
[2015.09.07-12.51.44:956][  0]LogD3D11RHI: Adapter has 4008MB of dedicated video memory, 0MB of dedicated system memory, and 7888MB of shared system memory, 1 output[s]
[2015.09.07-12.51.44:963][  0]LogD3D11RHI: Found D3D11 adapter 1: Intel(R) HD Graphics 3000 (Feature Level 10_0)
[2015.09.07-12.51.44:963][  0]LogD3D11RHI: Adapter has 64MB of dedicated video memory, 0MB of dedicated system memory, and 1632MB of shared system memory, 0 output[s]
[2015.09.07-12.51.44:964][  0]LogD3D11RHI: Chosen D3D11 Adapter Id = 0
[2015.09.07-12.51.44:968][  0]LogD3D11RHI: InitD3DDevice
[2015.09.07-12.51.44:968][  0]LogD3D11RHI: !Direct3DDevice
[2015.09.07-12.51.44:968][  0]LogRHI: Texture pool is 1361 MB (70% of 1945 MB)
[2015.09.07-12.51.44:998][  0]LogD3D11RHI: Async texture creation enabled
[2015.09.07-12.51.45:556][  0]LogShaderCompilers:Display: Using Local Shader Compiler.
[2015.09.07-12.51.50:316][  0]LogTemp:Display: Loaded TP DesktopTargetPlatform
[2015.09.07-12.51.50:466][  0]LogTemp:Display: Loaded TP WindowsClientTargetPlatform
[2015.09.07-12.51.50:582][  0]LogTemp:Display: Loaded TP WindowsNoEditorTargetPlatform
[2015.09.07-12.51.50:634][  0]LogTemp:Display: Loaded TP WindowsServerTargetPlatform
[2015.09.07-12.51.50:800][  0]LogTemp:Display: Loaded TP WindowsTargetPlatform
[2015.09.07-12.51.50:892][  0]LogTemp:Display: Loaded TP AndroidTargetPlatform
[2015.09.07-12.51.50:914][  0]LogTemp:Display: Loaded TP Android_ASTCTargetPlatform
[2015.09.07-12.51.50:932][  0]LogTemp:Display: Loaded TP Android_ATCTargetPlatform
[2015.09.07-12.51.51:016][  0]LogTemp:Display: Loaded TP Android_DXTTargetPlatform
[2015.09.07-12.51.51:038][  0]LogTemp:Display: Loaded TP Android_ETC1TargetPlatform
[2015.09.07-12.51.51:117][  0]LogTemp:Display: Loaded TP Android_ETC2TargetPlatform
[2015.09.07-12.51.51:150][  0]LogTemp:Display: Loaded TP Android_PVRTCTargetPlatform
[2015.09.07-12.51.51:390][  0]LogTemp:Display: Loaded TP IOSTargetPlatform
[2015.09.07-12.51.51:407][  0]LogTemp:Display: Loaded TP LinuxNoEditorTargetPlatform
[2015.09.07-12.51.51:470][  0]LogTemp:Display: Loaded TP LinuxServerTargetPlatform
[2015.09.07-12.51.51:526][  0]LogTemp:Display: Loaded TP LinuxTargetPlatform
[2015.09.07-12.51.51:527][  0]LogTargetPlatformManager:Display: Building Assets For Windows
[2015.09.07-12.51.53:149][  0]LogDerivedDataCache:Display: Max Cache Size: 512 MB
[2015.09.07-12.51.54:471][  0]LogDerivedDataCache: Loaded boot cache 1.32s 82MB C:/Users/frederic/AppData/Local/UnrealEngine/4.8/DerivedDataCache/Boot.ddc.
[2015.09.07-12.51.54:473][  0]LogDerivedDataCache:Display: Loaded Boot cache: C:/Users/frederic/AppData/Local/UnrealEngine/4.8/DerivedDataCache/Boot.ddc
[2015.09.07-12.51.54:474][  0]LogDerivedDataCache: FDerivedDataBackendGraph:  Pak pak cache file ../../../../../../Users/frederic/Documents/Unreal Projects/Brain/DerivedDataCache/DDC.ddp not found, will not use a pak cache.
[2015.09.07-12.51.54:475][  0]LogDerivedDataCache: Unable to find inner node Pak for hierarchical cache Hierarchy.
[2015.09.07-12.51.54:476][  0]LogDerivedDataCache: FDerivedDataBackendGraph:  CompressedPak pak cache file ../../../../../../Users/frederic/Documents/Unreal Projects/Brain/DerivedDataCache/Compressed.ddp not found, will not use a pak cache.
[2015.09.07-12.51.54:476][  0]LogDerivedDataCache: Unable to find inner node CompressedPak for hierarchical cache Hierarchy.
[2015.09.07-12.51.54:694][  0]LogDerivedDataCache:Display: Pak cache opened for reading ../../../Engine/DerivedDataCache/Compressed.ddp.
[2015.09.07-12.51.54:706][  0]LogDerivedDataCache: Using Local data cache path C:/Users/frederic/AppData/Local/UnrealEngine/Common/DerivedDataCache: Writable
[2015.09.07-12.51.59:334][  0]LogInit: Selected Device Profile: [Windows]
[2015.09.07-12.51.59:447][  0]ImportText (ComponentSweepMultiTests): Missing closing parenthesis: (RootShapeAsset="/Engine/BasicShapes/Cube.Cube",ShapeType="TriggerCapsule",HitResult=(Time=0.50,Location=(X=-100.000015,Y=0.0,Z=100.000015),ImpactPoint=(X=-50.0,Y=0.0,Z=50.0),Normal=(X=-1.0,Y=-0.0,Z=0.0),ImpactNormal=(X=0.0,Y=0.0,Z=1.0),TraceStart=(X=-200.0,Y=0.0,Z=200.0),TraceEnd=(X=0.0,Y=0.0,Z=0.0))
[2015.09.07-12.51.59:449][  0]ImportText (LineTraceSingleByChannelTests): Missing closing parenthesis: (RootShapeAsset="/Engine/BasicShapes/Cube.Cube",HitResult=(Time=0.50,Location=(X=-100.000015,Y=0.0,Z=100.000015),ImpactPoint=(X=-50.0,Y=0.0,Z=50.0),Normal=(X=-1.0,Y=-0.0,Z=0.0),ImpactNormal=(X=0.0,Y=0.0,Z=1.0),TraceStart=(X=-200.0,Y=0.0,Z=200.0),TraceEnd=(X=0.0,Y=0.0,Z=0.0))
[2015.09.07-12.51.59:876][  0]LogMeshUtilities: No automatic mesh reduction module available
[2015.09.07-12.51.59:876][  0]LogMeshUtilities: No automatic mesh merging module available
[2015.09.07-12.52.03:856][  0]LogInit: WinSock: version 1.1 (2.2), MaxSocks=32767, MaxUdp=65467
[2015.09.07-12.52.18:204][  0]UdpMessaging: Initializing bridge on interface 0.0.0.0:0 to multicast group 230.0.0.1:6666.
[2015.09.07-12.52.23:367][  0]SourceControl: Info Source control is disabled
[2015.09.07-12.52.23:470][  0]SourceControl: Info Source control is disabled
[2015.09.07-12.52.23:527][  0]SourceControl: Info Source control is disabled
[2015.09.07-12.52.23:618][  0]SourceControl: Info Source control is disabled
[2015.09.07-12.52.24:943][  0]LogObj: 31314 objects as part of root set at end of initial load.
[2015.09.07-12.52.24:943][  0]LogUObjectAllocator: 7182784 out of 0 bytes used by permanent object pool.
[2015.09.07-12.52.25:419][  0]LogEngine: Initializing Engine...
[2015.09.07-12.52.25:447][  0]LogHMD: Can't find Oculus library dev build: is proper Runtime installed? Version: 0.6.0.0
[2015.09.07-12.52.25:577][  0]LogHMD:Warning: SteamVR failed to initialize.  Error: 110
[2015.09.07-12.52.26:284][  0]LogAIModule: Creating AISystem for world NewWorld
[2015.09.07-12.52.26:543][  0]LogInit: XAudio2 using 'Haut-parleurs (C-Media USB Audio Device   )' : 2 channels at 44.1 kHz using 16 bits per sample (channel mask 0x3)
[2015.09.07-12.52.26:565][  0]LogInit: FAudioDevice initialized.
[2015.09.07-12.52.26:625][  0]LogDerivedDataCache: Saved boot cache 0.06s 84MB C:/Users/frederic/AppData/Local/UnrealEngine/4.8/DerivedDataCache/Boot.ddc.
[2015.09.07-12.52.26:637][  0]LogInit: Texture streaming: Disabled
[2015.09.07-12.52.26:723][  0]LogAnalytics: Creating configured Analytics provider AnalyticsET
[2015.09.07-12.52.26:724][  0]LogAnalytics: [UEEditor.Rocket.Release] APIServer = http://et2.epicgames.com/ET2/. AppVersion = 4.8.3-2634408+++depot+UE4-Releases+4.8
[2015.09.07-12.52.26:725][  0]LogAnalytics: [UEEditor.Rocket.Release] SetUserId c8da8d664a36a98701fe659c10ae4ff8|70626fa7f476448fb82ad9618fbbb1ab|00e7fb16-00c3-4af4-a2a1-2cc8013aae38
[2015.09.07-12.52.26:726][  0]LogAnalytics: [UEEditor.Rocket.Release] AnalyticsET::StartSession
[2015.09.07-12.52.26:923][  0]LogInit: Transaction tracking system initialized
[2015.09.07-12.52.27:605][  0]BlueprintLog: New page: Editor Load
[2015.09.07-12.52.27:898][  0]LogAssetRegistry: FAssetRegistry took 0.0285 seconds to start up
[2015.09.07-12.52.27:900][  0]LogDirectoryWatcher:Warning: Failed to begin reading directory changes for ../../../Engine/Plugins/Experimental/CharacterAI/Content/. Error: 0
[2015.09.07-12.52.34:922][  0]LogConsoleManager:Warning: Console variable 'r.VSync' wasn't set ('GameSetting' has a lower priority than 'SystemSettingsIni')
[2015.09.07-12.52.34:923][  0]LogConsoleResponse:Display: 
[2015.09.07-12.52.35:810][  0]LogCook:Display: Done creating registry. It took  0.00s.
[2015.09.07-12.52.36:869][  0]SourceControl: Info Source control is disabled
[2015.09.07-12.52.36:870][  0]Cmd: MAP LOAD FILE="../../../../../../Users/frederic/Documents/Unreal Projects/Brain/Content/FirstPerson/Maps/FirstPersonExampleMap.umap" TEMPLATE=0 SHOWPROGRESS=1 FEATURELEVEL=3
[2015.09.07-12.52.36:938][  0]LightingResults: New page: Lighting Build
[2015.09.07-12.52.37:109][  0]MapCheck: New page: Map Check
[2015.09.07-12.52.37:110][  0]LightingResults: New page: Lighting Build
[2015.09.07-12.52.37:297][  0]LogParticles: Destroying 0 GPU particle simulations for FXSystem 0x0000000021A3A200
[2015.09.07-12.52.45:153][  0]LogAIModule: Creating AISystem for world FirstPersonExampleMap
[2015.09.07-12.52.45:604][  0]LogEditorServer: Finished looking for orphan Actors (0.000 secs)
[2015.09.07-12.52.47:239][  0]Cmd: MAP CHECKDEP NOCLEARLOG
[2015.09.07-12.52.47:280][  0]MapCheck: Info Map check complete: 0 Error(s), 0 Warning(s), took 40.074ms to complete.
[2015.09.07-12.52.47:281][  0]LogFileHelpers: Loading map 'FirstPersonExampleMap' took 10.411
[2015.09.07-12.52.47:875][  0]LogCollectionManager: Loaded 0 collections in 0.004791 seconds
[2015.09.07-12.52.47:968][  0]LogContentBrowser: Native class hierarchy populated in 0.0918 seconds. Added 1798 classes and 303 folders.
[2015.09.07-12.52.48:443][  0]LogContentBrowser: Native class hierarchy updated for 'WidgetCarousel' in 0.0138 seconds. Added 0 classes and 0 folders.
[2015.09.07-12.52.48:995][  0]LogContentBrowser: Native class hierarchy updated for 'AddContentDialog' in 0.0176 seconds. Added 0 classes and 0 folders.
[2015.09.07-12.52.49:251][  0]LogContentBrowser: Native class hierarchy updated for 'SceneOutliner' in 0.0074 seconds. Added 1 classes and 2 folders.
[2015.09.07-12.52.49:451][  0]LogCrashTracker: Crashtracker disabled due to settings.
[2015.09.07-12.52.49:501][  0]LogD3D11RHI: InitD3DDevice
[2015.09.07-12.52.49:519][  0]LogUObjectGlobals:Warning: Failed to find object 'Class None.'
[2015.09.07-12.52.49:548][  0]LogLoad: Full Startup: 68.43 seconds (BP compile: 0.60 seconds)
[2015.09.07-12.52.50:142][  0]LogContentStreaming: Texture pool size is 0.000000MB
[2015.09.07-12.52.50:292][  0]LogContentStreaming: Texture pool size now 1000 MB
[2015.09.07-12.52.50:801][  0]LogRenderer: Reallocating scene render targets to support 1208x560 (Frame:2).
[2015.09.07-12.52.53:634][  9]LogAssetRegistry: Asset discovery search completed in 25.7483 seconds
[2015.09.07-12.52.57:220][349]LogEditorViewport: Clicking on Actor (LMB): BrainCharacter_C (BrainCharacter)
[2015.09.07-12.52.59:539][567]Cmd: DELETE
[2015.09.07-12.52.59:540][567]Cmd: ACTOR DELETE
[2015.09.07-12.52.59:637][567]LogEditorActor: Deleted Actor: BrainCharacter_C
[2015.09.07-12.52.59:682][567]LogActorComponent: UnregisterComponent: (/Engine/Transient.CharMoveComp) Not registered. Aborting.
[2015.09.07-12.52.59:683][567]LogActorComponent: UnregisterComponent: (/Engine/Transient.ProjectileComp) Not registered. Aborting.
[2015.09.07-12.52.59:684][567]LogActorComponent: UnregisterComponent: (/Engine/Transient.CharacterMovementComponent_0) Not registered. Aborting.
[2015.09.07-12.52.59:768][567]LogEditorActor: Deleted 1 Actors (0.142 secs)
[2015.09.07-12.53.01:146][726]LogD3D11RHI: InitD3DDevice
[2015.09.07-12.53.02:491][867]LogD3D11RHI: InitD3DDevice
[2015.09.07-12.53.05:420][193]LogEditorViewport: Clicking on Actor (LMB): StaticMeshActor (Floor)
[2015.09.07-12.53.10:489][777]LogD3D11RHI: InitD3DDevice
[2015.09.07-12.53.10:560][777]LogActorComponent: UnregisterComponent: (/Engine/Transient.ProjectileComp) Not registered. Aborting.
[2015.09.07-12.53.10:561][777]LogActorComponent: UnregisterComponent: (/Engine/Transient.CharMoveComp) Not registered. Aborting.
[2015.09.07-12.53.10:562][777]LogActorComponent: UnregisterComponent: (/Engine/Transient.CharacterMovementComponent_1) Not registered. Aborting.
[2015.09.07-12.53.12:661][777]LogSavePackage: Save=2003.911743ms
[2015.09.07-12.53.12:661][777]LogSavePackage: Moving '../../../../../../Users/frederic/Documents/Unreal Projects/Brain/Saved/FirstPersonExampleMap2AD4AD3B4AEE33512D22498C158E4EA3.tmp' to '../../../../../../Users/frederic/Documents/Unreal Projects/Brain/Content/FirstPerson/Maps/FirstPersonExampleMap.umap'
[2015.09.07-12.53.14:674][  3]LogEditorViewport: Clicking on Actor (LMB): StaticMeshActor (BigWall)
[2015.09.07-12.53.16:398][206]LogEditorViewport: Clicking on Actor (LMB): FirstPersonCharacter_C (FirstPersonCharacter)
[2015.09.07-12.53.25:649][276]LogD3D11RHI: InitD3DDevice
[2015.09.07-12.53.25:702][276]LogD3D11RHI: InitD3DDevice
[2015.09.07-12.53.25:726][276]LogLinker:Warning: Asset '../../../Engine/Content/ArtTools/RenderToTexture/Macros/RenderToTextureMacros.uasset' has been saved with empty engine version. The asset will be loaded but may be incompatible.
[2015.09.07-12.53.25:823][276]LogLinker:Warning: Asset '../../../Engine/Content/ArtTools/RenderToTexture/Enums/RenderToTexture_Enum.uasset' has been saved with empty engine version. The asset will be loaded but may be incompatible.
[2015.09.07-12.53.31:658][666]LogD3D11RHI: InitD3DDevice
[2015.09.07-12.53.31:684][666]LogD3D11RHI: InitD3DDevice
[2015.09.07-12.53.33:197][761]LogRenderer: Reallocating scene render targets to support 1208x904 (Frame:4701).
[2015.09.07-12.53.56:517][629]LogActorComponent: UnregisterComponent: (/Engine/Transient.ProjectileComp) Not registered. Aborting.
[2015.09.07-12.53.56:518][629]LogActorComponent: UnregisterComponent: (/Engine/Transient.CharMoveComp) Not registered. Aborting.
[2015.09.07-12.53.56:519][629]LogActorComponent: UnregisterComponent: (/Engine/Transient.CharacterMovementComponent_2) Not registered. Aborting.
[2015.09.07-12.53.59:392][860]BlueprintLog: New page: Compile FirstPersonCharacter
[2015.09.07-12.53.59:537][860]LogActorComponent: UnregisterComponent: (/Engine/Transient.CharacterMovementComponent_3) Not registered. Aborting.
[2015.09.07-12.53.59:555][860]LogParticles: Destroying 0 GPU particle simulations for FXSystem 0x000000000C582D40
[2015.09.07-12.53.59:587][860]BlueprintEditorCompileResults: Info [0138.47] Compile of FirstPersonCharacter successful! [in 193 ms]
[2015.09.07-12.54.07:134][611]LogD3D11RHI: InitD3DDevice
[2015.09.07-12.54.08:019][705]LogD3D11RHI: InitD3DDevice
[2015.09.07-12.54.09:020][816]LogD3D11RHI: InitD3DDevice
[2015.09.07-12.54.09:079][816]LogSavePackage: Save=16.786446ms
[2015.09.07-12.54.09:080][816]LogSavePackage: Moving '../../../../../../Users/frederic/Documents/Unreal Projects/Brain/Saved/FirstPersonCharacterED55CE014DBE1D5EBAC8CB9E2EB38B26.tmp' to '../../../../../../Users/frederic/Documents/Unreal Projects/Brain/Content/FirstPerson/Blueprints/FirstPersonCharacter.uasset'
[2015.09.07-12.54.10:203][946]LogPlayLevel: PIE:  No blueprints needed recompiling
[2015.09.07-12.54.10:255][946]PIE: New page: PIE session: FirstPersonExampleMap (Sep 7, 2015, 4:54:10 AM)
[2015.09.07-12.54.10:256][946]LogPlayLevel: Creating play world package: /Game/FirstPerson/Maps/UEDPIE_0_FirstPersonExampleMap
[2015.09.07-12.54.10:307][946]LogPlayLevel: PIE: StaticDuplicateObject took: (0.049635s)
[2015.09.07-12.54.10:308][946]LogAIModule: Creating AISystem for world FirstPersonExampleMap
[2015.09.07-12.54.10:309][946]LogPlayLevel: PIE: World Init took: (0.001637s)
[2015.09.07-12.54.10:310][946]LogPlayLevel: PIE: Created PIE world by copying editor world from /Game/FirstPerson/Maps/FirstPersonExampleMap.FirstPersonExampleMap to /Game/FirstPerson/Maps/UEDPIE_0_FirstPersonExampleMap.FirstPersonExampleMap (0.053470s)
[2015.09.07-12.54.10:310][946]LogActorComponent: UnregisterComponent: (/Engine/Transient.CharMoveComp) Not registered. Aborting.
[2015.09.07-12.54.10:311][946]LogActorComponent: UnregisterComponent: (/Engine/Transient.ProjectileComp) Not registered. Aborting.
[2015.09.07-12.54.10:311][946]LogActorComponent: UnregisterComponent: (/Engine/Transient.CharacterMovementComponent_4) Not registered. Aborting.
[2015.09.07-12.54.10:346][946]LogInit: XAudio2 using 'Haut-parleurs (C-Media USB Audio Device   )' : 2 channels at 44.1 kHz using 16 bits per sample (channel mask 0x3)
[2015.09.07-12.54.10:354][946]LogInit: FAudioDevice initialized.
[2015.09.07-12.54.10:508][946]LogWorld: Game class is 'BrainGameMode'
[2015.09.07-12.54.10:591][946]LogWorld: Bringing World /Game/FirstPerson/Maps/UEDPIE_0_FirstPersonExampleMap.FirstPersonExampleMap up for play (max tick rate 0) at 2015.09.07-08.54.10
[2015.09.07-12.54.10:592][946]LogActor:Warning: GameSession /Game/FirstPerson/Maps/UEDPIE_0_FirstPersonExampleMap.FirstPersonExampleMap:PersistentLevel.GameSession_0 has natively added scene component(s), but none of them were set as the actor's RootComponent - picking one arbitrarily
[2015.09.07-12.54.10:604][946]LogActor:Warning: GameNetworkManager /Game/FirstPerson/Maps/UEDPIE_0_FirstPersonExampleMap.FirstPersonExampleMap:PersistentLevel.GameNetworkManager_0 has natively added scene component(s), but none of them were set as the actor's RootComponent - picking one arbitrarily
[2015.09.07-12.54.10:664][946]LogWorld: Bringing up level for play took: 0.083615
[2015.09.07-12.54.10:725][946]PIE: Info Play in editor start time for /Game/FirstPerson/Maps/UEDPIE_0_FirstPersonExampleMap 1.359
[2015.09.07-12.55.04:059][304]LogParticles: Destroying 0 GPU particle simulations for FXSystem 0x0000000029A78900
[2015.09.07-12.55.12:626][298]Cmd: DELETE
[2015.09.07-12.55.12:626][298]Cmd: ACTOR DELETE
[2015.09.07-12.55.12:627][298]LogEditorActor: Deleted Actor: FirstPersonCharacter_C
[2015.09.07-12.55.12:662][298]LogEditorActor: Deleted 1 Actors (0.035 secs)
[2015.09.07-12.55.18:581][996]LogD3D11RHI: InitD3DDevice
[2015.09.07-12.55.24:680][706]LogD3D11RHI: InitD3DDevice
[2015.09.07-12.55.24:699][706]LogActorComponent: UnregisterComponent: (/Engine/Transient.ProjectileComp) Not registered. Aborting.
[2015.09.07-12.55.24:699][706]LogActorComponent: UnregisterComponent: (/Engine/Transient.CharMoveComp) Not registered. Aborting.
[2015.09.07-12.55.24:700][706]LogActorComponent: UnregisterComponent: (/Engine/Transient.CharacterMovementComponent_5) Not registered. Aborting.
[2015.09.07-12.55.26:363][706]LogSavePackage: Save=1631.615845ms
[2015.09.07-12.55.26:364][706]LogSavePackage: Moving '../../../../../../Users/frederic/Documents/Unreal Projects/Brain/Saved/FirstPersonExampleMap6CEC44384809A0BE5E657780B2E5B77D.tmp' to '../../../../../../Users/frederic/Documents/Unreal Projects/Brain/Content/FirstPerson/Maps/FirstPersonExampleMap.umap'
[2015.09.07-12.55.28:269][881]Cmd: QUIT_EDITOR
[2015.09.07-12.55.28:507][881]LogExit: Preparing to exit.
[2015.09.07-12.55.29:716][881]LogExit: Editor shut down
[2015.09.07-12.55.29:717][881]LogExit: Transaction tracking system shut down
[2015.09.07-12.55.29:719][881]LogParticles: Destroying 0 GPU particle simulations for FXSystem 0x000000000C406660
[2015.09.07-12.55.29:719][881]LogParticles: Destroying 0 GPU particle simulations for FXSystem 0x000000000C406480
[2015.09.07-12.55.29:720][881]LogParticles: Destroying 0 GPU particle simulations for FXSystem 0x000000000BE3B240
[2015.09.07-12.55.29:720][881]LogParticles: Destroying 0 GPU particle simulations for FXSystem 0x0000000011D07BA0
[2015.09.07-12.55.29:721][881]LogParticles: Destroying 0 GPU particle simulations for FXSystem 0x0000000011C59BC0
[2015.09.07-12.55.29:722][881]LogParticles: Destroying 0 GPU particle simulations for FXSystem 0x000000002DA97EC0
[2015.09.07-12.55.29:724][881]LogParticles: Destroying 0 GPU particle simulations for FXSystem 0x000000006D885C60
[2015.09.07-12.55.30:067][881]LogExit: Object subsystem successfully closed.
[2015.09.07-12.55.30:228][881]LogD3D11RHI: Shutdown
[2015.09.07-12.55.30:228][881]LogD3D11RHI: CleanupD3DDevice
[2015.09.07-12.55.30:911][881]LogD3D11RHI: ~FD3D11DynamicRHI
[2015.09.07-12.55.30:927][881]LogModuleManager: Shutting down and abandoning module CrashTracker (189)
[2015.09.07-12.55.30:927][881]LogModuleManager: Shutting down and abandoning module SceneOutliner (188)
[2015.09.07-12.55.30:928][881]LogModuleManager: Shutting down and abandoning module SuperSearch (187)
[2015.09.07-12.55.30:928][881]LogModuleManager: Shutting down and abandoning module WidgetCarousel (186)
[2015.09.07-12.55.30:928][881]LogModuleManager: Shutting down and abandoning module AddContentDialog (185)
[2015.09.07-12.55.30:929][881]LogModuleManager: Shutting down and abandoning module EditorWidgets (184)
[2015.09.07-12.55.30:930][881]LogModuleManager: Shutting down and abandoning module CollectionManager (183)
[2015.09.07-12.55.30:930][881]LogModuleManager: Shutting down and abandoning module StatsViewer (182)
[2015.09.07-12.55.30:930][881]LogModuleManager: Shutting down and abandoning module FoliageEdit (181)
[2015.09.07-12.55.30:930][881]LogModuleManager: Shutting down and abandoning module LandscapeEditor (180)
[2015.09.07-12.55.30:931][881]LogModuleManager: Shutting down and abandoning module ActorPickerMode (179)
[2015.09.07-12.55.30:931][881]LogModuleManager: Shutting down and abandoning module GeometryMode (178)
[2015.09.07-12.55.30:931][881]LogModuleManager: Shutting down and abandoning module TextureAlignMode (177)
[2015.09.07-12.55.30:931][881]LogModuleManager: Shutting down and abandoning module BspMode (176)
[2015.09.07-12.55.30:932][881]LogModuleManager: Shutting down and abandoning module PlacementMode (175)
[2015.09.07-12.55.30:932][881]LogModuleManager: Shutting down and abandoning module AutomationWorker (174)
[2015.09.07-12.55.30:932][881]LogModuleManager: Shutting down and abandoning module CharacterAI (173)
[2015.09.07-12.55.30:932][881]LogModuleManager: Shutting down and abandoning module SmartSnapping (172)
[2015.09.07-12.55.30:932][881]LogModuleManager: Shutting down and abandoning module ViewportSnapping (171)
[2015.09.07-12.55.30:933][881]LogModuleManager: Shutting down and abandoning module LogVisualizer (170)
[2015.09.07-12.55.30:933][881]LogModuleManager: Shutting down and abandoning module GameProjectGeneration (169)
[2015.09.07-12.55.30:961][881]LogModuleManager: Shutting down and abandoning module IntroTutorials (168)
[2015.09.07-12.55.30:962][881]LogModuleManager: Shutting down and abandoning module EditorLiveStreaming (167)
[2015.09.07-12.55.30:962][881]LogModuleManager: Shutting down and abandoning module IOSPlatformEditor (166)
[2015.09.07-12.55.30:963][881]LogModuleManager: Shutting down and abandoning module HTML5PlatformEditor (165)
[2015.09.07-12.55.30:963][881]LogModuleManager: Shutting down and abandoning module AndroidDeviceDetection (164)
[2015.09.07-12.55.31:833][881]LogModuleManager: Shutting down and abandoning module AndroidPlatformEditor (163)
[2015.09.07-12.55.31:833][881]LogModuleManager: Shutting down and abandoning module IOSRuntimeSettings (162)
[2015.09.07-12.55.31:833][881]LogModuleManager: Shutting down and abandoning module AndroidRuntimeSettings (161)
[2015.09.07-12.55.31:834][881]LogModuleManager: Shutting down and abandoning module MergeActors (160)
[2015.09.07-12.55.31:834][881]LogModuleManager: Shutting down and abandoning module SizeMap (159)
[2015.09.07-12.55.31:834][881]LogModuleManager: Shutting down and abandoning module TreeMap (158)
[2015.09.07-12.55.31:834][881]LogModuleManager: Shutting down and abandoning module ReferenceViewer (157)
[2015.09.07-12.55.31:835][881]LogModuleManager: Shutting down and abandoning module LocalizationDashboard (156)
[2015.09.07-12.55.31:835][881]LogModuleManager: Shutting down and abandoning module HardwareTargeting (155)
[2015.09.07-12.55.31:835][881]LogModuleManager: Shutting down and abandoning module DeviceProfileEditor (154)
[2015.09.07-12.55.31:835][881]LogModuleManager: Shutting down and abandoning module UndoHistory (153)
[2015.09.07-12.55.31:836][881]LogModuleManager: Shutting down and abandoning module GameplayTagsEditor (152)
[2015.09.07-12.55.31:836][881]LogModuleManager: Shutting down and abandoning module UserFeedback (151)
[2015.09.07-12.55.31:836][881]LogModuleManager: Shutting down and abandoning module XmlParser (150)
[2015.09.07-12.55.31:836][881]LogModuleManager: Shutting down and abandoning module Blutility (149)
[2015.09.07-12.55.31:837][881]LogModuleManager: Shutting down and abandoning module ProjectTargetPlatformEditor (148)
[2015.09.07-12.55.31:837][881]LogModuleManager: Shutting down and abandoning module ProjectSettingsViewer (147)
[2015.09.07-12.55.31:837][881]LogModuleManager: Shutting down and abandoning module InputBindingEditor (146)
[2015.09.07-12.55.31:837][881]LogModuleManager: Shutting down and abandoning module EditorSettingsViewer (145)
[2015.09.07-12.55.31:838][881]LogModuleManager: Shutting down and abandoning module SettingsEditor (144)
[2015.09.07-12.55.31:838][881]LogModuleManager: Shutting down and abandoning module ProjectLauncher (143)
[2015.09.07-12.55.31:858][881]LogModuleManager: Shutting down and abandoning module SessionFrontend (142)
[2015.09.07-12.55.31:859][881]LogModuleManager: Shutting down and abandoning module ProfilerClient (141)
[2015.09.07-12.55.31:885][881]LogModuleManager: Shutting down and abandoning module TargetDeviceServices (140)
[2015.09.07-12.55.31:885][881]LogModuleManager: Shutting down and abandoning module DeviceManager (139)
[2015.09.07-12.55.31:886][881]LogModuleManager: Shutting down and abandoning module AutomationController (138)
[2015.09.07-12.55.31:886][881]LogModuleManager: Shutting down and abandoning module AutomationWindow (137)
[2015.09.07-12.55.31:910][881]LogModuleManager: Shutting down and abandoning module Layers (136)
[2015.09.07-12.55.32:096][881]LogModuleManager: Shutting down and abandoning module ComponentVisualizers (135)
[2015.09.07-12.55.32:097][881]LogModuleManager: Shutting down and abandoning module DetailCustomizations (134)
[2015.09.07-12.55.32:097][881]LogModuleManager: Shutting down and abandoning module PackagesDialog (133)
[2015.09.07-12.55.32:098][881]LogModuleManager: Shutting down and abandoning module AssetRegistry (132)
[2015.09.07-12.55.32:192][881]LogModuleManager: Shutting down and abandoning module Persona (131)
[2015.09.07-12.55.32:193][881]LogModuleManager: Shutting down and abandoning module Kismet (130)
[2015.09.07-12.55.32:193][881]LogModuleManager: Shutting down and abandoning module GraphEditor (129)
[2015.09.07-12.55.32:194][881]LogModuleManager: Shutting down and abandoning module ClassViewer (128)
[2015.09.07-12.55.32:194][881]LogModuleManager: Shutting down and abandoning module Toolbox (127)
[2015.09.07-12.55.32:194][881]LogModuleManager: Shutting down and abandoning module ModuleUI (126)
[2015.09.07-12.55.32:194][881]LogModuleManager: Shutting down and abandoning module MovieSceneTools (125)
[2015.09.07-12.55.32:195][881]LogModuleManager: Shutting down and abandoning module OutputLog (124)
[2015.09.07-12.55.32:195][881]LogModuleManager: Shutting down and abandoning module GammaUI (123)
[2015.09.07-12.55.32:195][881]LogModuleManager: Shutting down and abandoning module Documentation (122)
[2015.09.07-12.55.32:195][881]LogModuleManager: Shutting down and abandoning module GameLiveStreaming (121)
[2015.09.07-12.55.32:196][881]LogModuleManager: Shutting down and abandoning module StreamingPauseRendering (120)
[2015.09.07-12.55.32:196][881]LogModuleManager: Shutting down and abandoning module AnalyticsET (119)
[2015.09.07-12.55.32:196][881]LogModuleManager: Shutting down and abandoning module Analytics (118)
[2015.09.07-12.55.32:196][881]LogModuleManager: Shutting down and abandoning module AITestSuite (117)
[2015.09.07-12.55.32:196][881]LogModuleManager: Shutting down and abandoning module GameplayDebugger (116)
[2015.09.07-12.55.32:197][881]LogModuleManager: Shutting down and abandoning module AIModule (115)
[2015.09.07-12.55.32:197][881]LogModuleManager: Shutting down and abandoning module ProfilerService (114)
[2015.09.07-12.55.32:312][881]LogModuleManager: Shutting down and abandoning module TaskGraph (113)
[2015.09.07-12.55.32:312][881]LogModuleManager: Shutting down and abandoning module SlateRemote (112)
[2015.09.07-12.55.32:313][881]LogModuleManager: Shutting down and abandoning module SteamVRController (111)
[2015.09.07-12.55.32:313][881]LogModuleManager: Shutting down and abandoning module SteamVR (110)
[2015.09.07-12.55.32:313][881]LogModuleManager: Shutting down and abandoning module ProceduralMeshComponent (109)
[2015.09.07-12.55.32:313][881]LogModuleManager: Shutting down and abandoning module OculusRift (108)
[2015.09.07-12.55.32:313][881]LogModuleManager: Shutting down and abandoning module LeapMotionController (107)
[2015.09.07-12.55.32:322][881]LogModuleManager: Shutting down and abandoning module CustomMeshComponent (106)
[2015.09.07-12.55.32:323][881]LogModuleManager: Shutting down and abandoning module CableComponent (105)
[2015.09.07-12.55.32:323][881]LogModuleManager: Shutting down and abandoning module MessagingDebugger (104)
[2015.09.07-12.55.32:323][881]LogModuleManager: Shutting down and abandoning module MediaPlayerEditor (103)
[2015.09.07-12.55.32:323][881]LogModuleManager: Shutting down and abandoning module SpeedTreeImporter (102)
[2015.09.07-12.55.32:324][881]LogModuleManager: Shutting down and abandoning module PluginBrowser (101)
[2015.09.07-12.55.32:324][881]LogModuleManager: Shutting down and abandoning module EpicSurvey (100)
[2015.09.07-12.55.32:324][881]LogModuleManager: Shutting down and abandoning module DesktopPlatform (99)
[2015.09.07-12.55.32:324][881]LogModuleManager: Shutting down and abandoning module VisualStudioSourceCodeAccess (98)
[2015.09.07-12.55.32:325][881]LogModuleManager: Shutting down and abandoning module UObjectPlugin (97)
[2015.09.07-12.55.32:325][881]LogModuleManager: Shutting down and abandoning module SubversionSourceControl (96)
[2015.09.07-12.55.32:325][881]LogModuleManager: Shutting down and abandoning module PerforceSourceControl (95)
[2015.09.07-12.55.32:365][881]LogModuleManager: Shutting down and abandoning module SourceControl (94)
[2015.09.07-12.55.32:366][881]LogModuleManager: Shutting down and abandoning module GitSourceControl (93)
[2015.09.07-12.55.32:366][881]LogModuleManager: Shutting down and abandoning module BlankPlugin (92)
[2015.09.07-12.55.32:366][881]LogModuleManager: Shutting down and abandoning module PaperTiledImporter (91)
[2015.09.07-12.55.32:367][881]LogModuleManager: Shutting down and abandoning module PaperSpriteSheetImporter (90)
[2015.09.07-12.55.32:367][881]LogModuleManager: Shutting down and abandoning module MeshPaint (89)
[2015.09.07-12.55.32:367][881]LogModuleManager: Shutting down and abandoning module SlateReflector (88)
[2015.09.07-12.55.32:381][881]LogModuleManager: Shutting down and abandoning module DirectoryWatcher (87)
[2015.09.07-12.55.32:382][881]LogModuleManager: Shutting down and abandoning module HotReload (86)
[2015.09.07-12.55.32:383][881]LogModuleManager: Shutting down and abandoning module MainFrame (85)
[2015.09.07-12.55.32:383][881]LogModuleManager: Shutting down and abandoning module LevelEditor (84)
[2015.09.07-12.55.32:384][881]LogModuleManager: Shutting down and abandoning module ContentBrowser (83)
[2015.09.07-12.55.32:385][881]LogModuleManager: Shutting down and abandoning module Paper2DEditor (82)
[2015.09.07-12.55.32:385][881]LogModuleManager: Shutting down and abandoning module Brain (81)
[2015.09.07-12.55.32:385][881]LogModuleManager: Shutting down and abandoning module UdpMessaging (80)
[2015.09.07-12.55.32:486][881]LogModuleManager: Shutting down and abandoning module Paper2D (79)
[2015.09.07-12.55.32:487][881]LogModuleManager: Shutting down and abandoning module WindowsMoviePlayer (78)
[2015.09.07-12.55.32:493][881]LogModuleManager: Shutting down and abandoning module Media (77)
[2015.09.07-12.55.32:493][881]LogModuleManager: Shutting down and abandoning module WmfMedia (76)
[2015.09.07-12.55.32:496][881]LogModuleManager: Shutting down and abandoning module OnlineBlueprintSupport (75)
[2015.09.07-12.55.32:497][881]LogModuleManager: Shutting down and abandoning module PropertyEditor (74)
[2015.09.07-12.55.32:498][881]LogModuleManager: Shutting down and abandoning module BehaviorTreeEditor (73)
[2015.09.07-12.55.32:498][881]LogModuleManager: Shutting down and abandoning module FunctionalTesting (72)
[2015.09.07-12.55.32:499][881]LogModuleManager: Shutting down and abandoning module CollisionAnalyzer (71)
[2015.09.07-12.55.32:530][881]LogModuleManager: Shutting down and abandoning module WorkspaceMenuStructure (70)
[2015.09.07-12.55.32:531][881]LogModuleManager: Shutting down and abandoning module MessageLog (69)
[2015.09.07-12.55.32:531][881]LogModuleManager: Shutting down and abandoning module Sequencer (68)
[2015.09.07-12.55.32:532][881]LogModuleManager: Shutting down and abandoning module AssetTools (67)
[2015.09.07-12.55.32:533][881]LogModuleManager: Shutting down and abandoning module UMGEditor (66)
[2015.09.07-12.55.32:582][881]LogModuleManager: Shutting down and abandoning module UMG (65)
[2015.09.07-12.55.32:582][881]LogModuleManager: Shutting down and abandoning module Slate (64)
[2015.09.07-12.55.32:583][881]LogModuleManager: Shutting down and abandoning module EditorStyle (63)
[2015.09.07-12.55.32:585][881]LogModuleManager: Shutting down and abandoning module SessionServices (62)
[2015.09.07-12.55.32:586][881]LogModuleManager: Shutting down and abandoning module SourceCodeAccess (61)
[2015.09.07-12.55.32:586][881]LogModuleManager: Shutting down and abandoning module HeadMountedDisplay (60)
[2015.09.07-12.55.32:586][881]LogModuleManager: Shutting down and abandoning module XAudio2 (59)
[2015.09.07-12.55.32:586][881]LogModuleManager: Shutting down and abandoning module Networking (57)
[2015.09.07-12.55.32:587][881]LogModuleManager: Shutting down and abandoning module Core (56)
[2015.09.07-12.55.32:587][881]LogModuleManager: Shutting down and abandoning module KismetCompiler (55)
[2015.09.07-12.55.32:587][881]LogModuleManager: Shutting down and abandoning module PhysXFormats (54)
[2015.09.07-12.55.32:587][881]LogModuleManager: Shutting down and abandoning module MeshUtilities (53)
[2015.09.07-12.55.32:588][881]LogModuleManager: Shutting down and abandoning module DerivedDataCache (52)
[2015.09.07-12.55.32:622][881]LogDerivedDataCache: Shutdown
[2015.09.07-12.55.32:623][881]LogModuleManager: Shutting down and abandoning module ShaderFormatOpenGL (51)
[2015.09.07-12.55.32:623][881]LogModuleManager: Shutting down and abandoning module ShaderFormatD3D (50)
[2015.09.07-12.55.32:623][881]LogModuleManager: Shutting down and abandoning module MetalShaderFormat (49)
[2015.09.07-12.55.32:624][881]LogModuleManager: Shutting down and abandoning module TextureFormatUncompressed (48)
[2015.09.07-12.55.32:624][881]LogModuleManager: Shutting down and abandoning module TextureFormatPVR (47)
[2015.09.07-12.55.32:624][881]LogModuleManager: Shutting down and abandoning module TextureFormatIntelISPCTexComp (46)
[2015.09.07-12.55.32:624][881]LogModuleManager: Shutting down and abandoning module TextureFormatDXT (45)
[2015.09.07-12.55.32:625][881]LogModuleManager: Shutting down and abandoning module ImageWrapper (44)
[2015.09.07-12.55.32:625][881]LogModuleManager: Shutting down and abandoning module TextureFormatASTC (43)
[2015.09.07-12.55.32:625][881]LogModuleManager: Shutting down and abandoning module TextureFormatAndroid (42)
[2015.09.07-12.55.32:625][881]LogModuleManager: Shutting down and abandoning module AudioFormatOpus (41)
[2015.09.07-12.55.32:625][881]LogModuleManager: Shutting down and abandoning module AudioFormatOgg (40)
[2015.09.07-12.55.32:626][881]LogModuleManager: Shutting down and abandoning module AudioFormatADPCM (39)
[2015.09.07-12.55.32:626][881]LogModuleManager: Shutting down and abandoning module LinuxTargetPlatform (38)
[2015.09.07-12.55.32:626][881]LogModuleManager: Shutting down and abandoning module LinuxServerTargetPlatform (37)
[2015.09.07-12.55.32:626][881]LogModuleManager: Shutting down and abandoning module LinuxNoEditorTargetPlatform (36)
[2015.09.07-12.55.32:627][881]LogModuleManager: Shutting down and abandoning module Messaging (35)
[2015.09.07-12.55.32:627][881]LogModuleManager: Shutting down and abandoning module IOSTargetPlatform (34)
[2015.09.07-12.55.32:627][881]LogModuleManager: Shutting down and abandoning module HTML5TargetPlatform (33)
[2015.09.07-12.55.32:627][881]LogModuleManager: Shutting down and abandoning module Android_PVRTCTargetPlatform (32)
[2015.09.07-12.55.32:627][881]LogModuleManager: Shutting down and abandoning module Android_ETC2TargetPlatform (31)
[2015.09.07-12.55.32:628][881]LogModuleManager: Shutting down and abandoning module Android_ETC1TargetPlatform (30)
[2015.09.07-12.55.32:628][881]LogModuleManager: Shutting down and abandoning module Android_DXTTargetPlatform (29)
[2015.09.07-12.55.32:628][881]LogModuleManager: Shutting down and abandoning module Android_ATCTargetPlatform (28)
[2015.09.07-12.55.32:628][881]LogModuleManager: Shutting down and abandoning module Android_ASTCTargetPlatform (27)
[2015.09.07-12.55.32:628][881]LogModuleManager: Shutting down and abandoning module AndroidTargetPlatform (26)
[2015.09.07-12.55.32:629][881]LogModuleManager: Shutting down and abandoning module WindowsTargetPlatform (25)
[2015.09.07-12.55.32:629][881]LogModuleManager: Shutting down and abandoning module WindowsServerTargetPlatform (24)
[2015.09.07-12.55.32:629][881]LogModuleManager: Shutting down and abandoning module WindowsNoEditorTargetPlatform (23)
[2015.09.07-12.55.32:629][881]LogModuleManager: Shutting down and abandoning module WindowsClientTargetPlatform (22)
[2015.09.07-12.55.32:630][881]LogModuleManager: Shutting down and abandoning module DesktopTargetPlatform (21)
[2015.09.07-12.55.32:630][881]LogModuleManager: Shutting down and abandoning module TargetPlatform (20)
[2015.09.07-12.55.32:630][881]LogModuleManager: Shutting down and abandoning module InputCore (19)
[2015.09.07-12.55.32:630][881]LogModuleManager: Shutting down and abandoning module Settings (18)
[2015.09.07-12.55.32:630][881]LogModuleManager: Shutting down and abandoning module OnlineSubsystem (16)
[2015.09.07-12.55.32:631][881]LogModuleManager: Shutting down and abandoning module HTTP (15)
[2015.09.07-12.55.32:631][881]LogModuleManager: Shutting down and abandoning module ExampleDeviceProfileSelector (14)
[2015.09.07-12.55.32:632][881]LogModuleManager: Shutting down and abandoning module TextureCompressor (13)
[2015.09.07-12.55.32:632][881]LogModuleManager: Shutting down and abandoning module ShaderCore (12)
[2015.09.07-12.55.32:632][881]LogModuleManager: Shutting down and abandoning module Landscape (11)
[2015.09.07-12.55.32:633][881]LogModuleManager: Shutting down and abandoning module SlateRHIRenderer (10)
[2015.09.07-12.55.32:634][881]LogModuleManager: Shutting down and abandoning module OpenGLDrv (9)
[2015.09.07-12.55.32:635][881]LogModuleManager: Shutting down and abandoning module D3D11RHI (8)
[2015.09.07-12.55.32:635][881]LogModuleManager: Shutting down and abandoning module Renderer (7)
[2015.09.07-12.55.32:635][881]LogModuleManager: Shutting down and abandoning module Engine (6)
[2015.09.07-12.55.32:635][881]LogModuleManager: Shutting down and abandoning module CoreUObject (5)
[2015.09.07-12.55.32:636][881]LogModuleManager: Shutting down and abandoning module NetworkFile (4)
[2015.09.07-12.55.32:636][881]LogModuleManager: Shutting down and abandoning module StreamingFile (3)
[2015.09.07-12.55.32:636][881]LogModuleManager: Shutting down and abandoning module SandboxFile (2)
[2015.09.07-12.55.32:643][881]LogModuleManager: Shutting down and abandoning module PakFile (1)
[2015.09.07-12.55.32:647][881]LogExit: Exiting.
[2015.09.07-12.55.32:648][881]Log file closed, 09/07/15 08:55:32
