[2015.12.05-17.46.44:556][  0]Log file open, 12/05/15 12:46:44
[2015.12.05-17.46.44:556][  0]LogInit:Display: Running engine for game: Brain
[2015.12.05-17.46.44:556][  0]LogInit:Display: RandInit(-1396330819) SRandInit(-1396330819).
[2015.12.05-17.46.44:556][  0]LogTaskGraph: Started task graph with 4 named threads and 5 total threads.
[2015.12.05-17.46.44:556][  0]LogStats: Stats thread started
[2015.12.05-17.46.44:556][  0]LogInit: Version: 4.8.3-2634408+++depot+UE4-Releases+4.8
[2015.12.05-17.46.44:556][  0]LogInit: API Version: 2579680
[2015.12.05-17.46.44:556][  0]LogInit: Compiled (64-bit): Jul 27 2015 16:24:33
[2015.12.05-17.46.44:556][  0]LogInit: Compiled with Visual C++: 18.00.21005.01
[2015.12.05-17.46.44:556][  0]LogInit: Build Configuration: Development
[2015.12.05-17.46.44:556][  0]LogInit: Branch Name: ++depot+UE4-Releases+4.8
[2015.12.05-17.46.44:556][  0]LogInit: Command line:  
[2015.12.05-17.46.44:556][  0]LogInit: Base directory: C:/Program Files/Epic Games/4.8/Engine/Binaries/Win64/
[2015.12.05-17.46.44:556][  0]LogInit: Rocket: 1
[2015.12.05-17.46.44:582][  0]LogInit: Using libcurl 7.41.0
[2015.12.05-17.46.44:582][  0]LogInit:  - built for x86_64-pc-win32
[2015.12.05-17.46.44:582][  0]LogInit:  - supports SSL with WinSSL
[2015.12.05-17.46.44:582][  0]LogInit:  - other features:
[2015.12.05-17.46.44:582][  0]LogInit:      CURL_VERSION_SSL
[2015.12.05-17.46.44:582][  0]LogInit:      CURL_VERSION_IPV6
[2015.12.05-17.46.44:582][  0]LogInit:      CURL_VERSION_ASYNCHDNS
[2015.12.05-17.46.44:582][  0]LogInit:      CURL_VERSION_LARGEFILE
[2015.12.05-17.46.44:582][  0]LogInit:      CURL_VERSION_IDN
[2015.12.05-17.46.44:582][  0]LogInit:  CurlRequestOptions (configurable via config and command line):
[2015.12.05-17.46.44:582][  0]LogInit:  - bVerifyPeer = true  - Libcurl will verify peer certificate
[2015.12.05-17.46.44:582][  0]LogInit:  - bUseHttpProxy = false  - Libcurl will NOT use HTTP proxy
[2015.12.05-17.46.44:582][  0]LogInit:  - bDontReuseConnections = false  - Libcurl will reuse connections
[2015.12.05-17.46.44:582][  0]LogInit:  - CertBundlePath = nullptr  - Libcurl will use whatever was configured at build time.
[2015.12.05-17.46.44:607][  0]LogOnline:Warning: No default platform service specified for OnlineSubsystem
[2015.12.05-17.46.44:794][  0]LogInit: Presizing for 0 objects not considered by GC, pre-allocating 0 bytes.
[2015.12.05-17.46.44:807][  0]LogInit: Object subsystem initialized
[2015.12.05-17.46.44:809][  0]LogConsoleResponse:Warning: Skipping Unknown console variable: 'TranslucentSortAxis = (X=0.000000,Y=-1.000000,Z=0.000000)'
[2015.12.05-17.46.44:809][  0]LogConsoleResponse:Warning:   Found in ini file 'D:/UQAC/Séminaire en Informatique IV/Brain/Saved/Config/Windows/Engine.ini', in section '[/Script/Engine.RendererSettings]'
[2015.12.05-17.46.44:809][  0]LogConsoleResponse:Warning: Skipping Unknown console variable: 'UIScaleRule = ShortestSide'
[2015.12.05-17.46.44:809][  0]LogConsoleResponse:Warning:   Found in ini file 'D:/UQAC/Séminaire en Informatique IV/Brain/Saved/Config/Windows/Engine.ini', in section '[/Script/Engine.RendererSettings]'
[2015.12.05-17.46.44:809][  0]LogConsoleResponse:Warning: Skipping Unknown console variable: 'UIScaleCurve = (EditorCurveData=(Keys=),ExternalCurve=None)'
[2015.12.05-17.46.44:809][  0]LogConsoleResponse:Warning:   Found in ini file 'D:/UQAC/Séminaire en Informatique IV/Brain/Saved/Config/Windows/Engine.ini', in section '[/Script/Engine.RendererSettings]'
[2015.12.05-17.46.44:809][  0]LogInit: Selected Device Profile: [Windows]
[2015.12.05-17.46.44:809][  0]LogInit: Applying CVar settings loaded from the selected device profile: [Windows]
[2015.12.05-17.46.44:840][  0]LogInit: Computer: QUENTIN-WINDOWS
[2015.12.05-17.46.44:840][  0]LogInit: User: Quentin
[2015.12.05-17.46.44:840][  0]LogInit: CPU Page size=4096, Cores=2
[2015.12.05-17.46.44:840][  0]LogInit: High frequency timer resolution =2.241000 MHz
[2015.12.05-17.46.44:840][  0]LogMemory: Memory total: Physical=3.9GB (4GB approx)
[2015.12.05-17.46.44:840][  0]LogMemory: Platform Memory Stats for Windows
[2015.12.05-17.46.44:840][  0]LogMemory: Process Physical Memory: 52.79 MB used, 52.79 MB peak
[2015.12.05-17.46.44:840][  0]LogMemory: Process Virtual Memory: 22.98 MB used, 22.98 MB peak
[2015.12.05-17.46.44:840][  0]LogMemory: Physical Memory: 3156.31 MB used, 3999.99 MB total
[2015.12.05-17.46.44:841][  0]LogMemory: Virtual Memory: 310.37 MB used, 134217728.00 MB total
[2015.12.05-17.46.46:086][  0]LogTextLocalizationManager: The requested culture ('fr_FR') has no localization data; falling back to 'en' for localization and internationalization data.
[2015.12.05-17.46.46:658][  0]LogTextLocalizationManager:Warning: Loaded localization resources contain conflicting entries for (Namespace:ContentBrowser, Key:ImportAssetToolTip):
Localization Resource: (C:/Program Files/Epic Games/4.8/Engine/Content/Localization/Editor/en/Editor.locres) Source String Hash: (-630476809) Localized String: (Import to {0}...)
Localization Resource: (C:/Program Files/Epic Games/4.8/Engine/Content/Localization/Editor/en/Editor.locres) Source String Hash: (1271782899) Localized String: (Imports an asset from file to this folder.)
[2015.12.05-17.46.47:666][  0]LogD3D11RHI: Found D3D11 adapter 0: NVIDIA GeForce GT 555M     (Feature Level 11_0)
[2015.12.05-17.46.47:666][  0]LogD3D11RHI: Adapter has 1996MB of dedicated video memory, 0MB of dedicated system memory, and 1999MB of shared system memory, 1 output[s]
[2015.12.05-17.46.47:688][  0]LogD3D11RHI: Found D3D11 adapter 1: NVIDIA GeForce GT 555M     (Feature Level 11_0)
[2015.12.05-17.46.47:688][  0]LogD3D11RHI: Adapter has 1996MB of dedicated video memory, 0MB of dedicated system memory, and 1999MB of shared system memory, 0 output[s]
[2015.12.05-17.46.47:710][  0]LogD3D11RHI: Found D3D11 adapter 2: Microsoft Basic Render Driver (Feature Level 11_0)
[2015.12.05-17.46.47:710][  0]LogD3D11RHI: Adapter has 1996MB of dedicated video memory, 0MB of dedicated system memory, and 1999MB of shared system memory, 0 output[s]
[2015.12.05-17.46.47:710][  0]LogD3D11RHI: Chosen D3D11 Adapter Id = 0
[2015.12.05-17.46.47:724][  0]LogD3D11RHI: InitD3DDevice
[2015.12.05-17.46.47:724][  0]LogD3D11RHI: !Direct3DDevice
[2015.12.05-17.46.47:725][  0]LogRHI: Texture pool is 1361 MB (70% of 1945 MB)
[2015.12.05-17.46.47:740][  0]LogD3D11RHI: Async texture creation enabled
[2015.12.05-17.46.47:840][  0]LogShaderCompilers:Display: Using Local Shader Compiler.
[2015.12.05-17.46.53:125][  0]LogTemp:Display: Loaded TP DesktopTargetPlatform
[2015.12.05-17.46.53:198][  0]LogTemp:Display: Loaded TP WindowsClientTargetPlatform
[2015.12.05-17.46.53:274][  0]LogTemp:Display: Loaded TP WindowsNoEditorTargetPlatform
[2015.12.05-17.46.53:335][  0]LogTemp:Display: Loaded TP WindowsServerTargetPlatform
[2015.12.05-17.46.53:408][  0]LogTemp:Display: Loaded TP WindowsTargetPlatform
[2015.12.05-17.46.53:463][  0]LogTemp:Display: Loaded TP AndroidTargetPlatform
[2015.12.05-17.46.53:563][  0]LogTemp:Display: Loaded TP Android_ASTCTargetPlatform
[2015.12.05-17.46.53:621][  0]LogTemp:Display: Loaded TP Android_ATCTargetPlatform
[2015.12.05-17.46.53:664][  0]LogTemp:Display: Loaded TP Android_DXTTargetPlatform
[2015.12.05-17.46.53:734][  0]LogTemp:Display: Loaded TP Android_ETC1TargetPlatform
[2015.12.05-17.46.53:822][  0]LogTemp:Display: Loaded TP Android_ETC2TargetPlatform
[2015.12.05-17.46.53:881][  0]LogTemp:Display: Loaded TP Android_PVRTCTargetPlatform
[2015.12.05-17.46.54:082][  0]LogTemp:Display: Loaded TP IOSTargetPlatform
[2015.12.05-17.46.54:136][  0]LogTemp:Display: Loaded TP LinuxNoEditorTargetPlatform
[2015.12.05-17.46.54:199][  0]LogTemp:Display: Loaded TP LinuxServerTargetPlatform
[2015.12.05-17.46.54:271][  0]LogTemp:Display: Loaded TP LinuxTargetPlatform
[2015.12.05-17.46.54:271][  0]LogTargetPlatformManager:Display: Building Assets For Windows
[2015.12.05-17.46.55:807][  0]LogDerivedDataCache:Display: Max Cache Size: 512 MB
[2015.12.05-17.46.56:888][  0]LogDerivedDataCache: Loaded boot cache 1.06s 60MB C:/Users/Quentin/AppData/Local/UnrealEngine/4.8/DerivedDataCache/Boot.ddc.
[2015.12.05-17.46.56:888][  0]LogDerivedDataCache:Display: Loaded Boot cache: C:/Users/Quentin/AppData/Local/UnrealEngine/4.8/DerivedDataCache/Boot.ddc
[2015.12.05-17.46.56:888][  0]LogDerivedDataCache: FDerivedDataBackendGraph:  Pak pak cache file D:/UQAC/Séminaire en Informatique IV/Brain/DerivedDataCache/DDC.ddp not found, will not use a pak cache.
[2015.12.05-17.46.56:889][  0]LogDerivedDataCache: Unable to find inner node Pak for hierarchical cache Hierarchy.
[2015.12.05-17.46.56:889][  0]LogDerivedDataCache: FDerivedDataBackendGraph:  CompressedPak pak cache file D:/UQAC/Séminaire en Informatique IV/Brain/DerivedDataCache/Compressed.ddp not found, will not use a pak cache.
[2015.12.05-17.46.56:889][  0]LogDerivedDataCache: Unable to find inner node CompressedPak for hierarchical cache Hierarchy.
[2015.12.05-17.46.57:205][  0]LogDerivedDataCache:Display: Pak cache opened for reading ../../../Engine/DerivedDataCache/Compressed.ddp.
[2015.12.05-17.46.57:250][  0]LogDerivedDataCache: Using Local data cache path C:/Users/Quentin/AppData/Local/UnrealEngine/Common/DerivedDataCache: Writable
[2015.12.05-17.47.02:689][  0]LogCollisionProfile:Warning: Profile (Trigger) - Custom Channel Name = 'Projectile' hasn't been found
[2015.12.05-17.47.03:226][  0]LogInit: Selected Device Profile: [Windows]
[2015.12.05-17.47.03:481][  0]ImportText (ComponentSweepMultiTests): Missing closing parenthesis: (RootShapeAsset="/Engine/BasicShapes/Cube.Cube",ShapeType="TriggerCapsule",HitResult=(Time=0.50,Location=(X=-100.000015,Y=0.0,Z=100.000015),ImpactPoint=(X=-50.0,Y=0.0,Z=50.0),Normal=(X=-1.0,Y=-0.0,Z=0.0),ImpactNormal=(X=0.0,Y=0.0,Z=1.0),TraceStart=(X=-200.0,Y=0.0,Z=200.0),TraceEnd=(X=0.0,Y=0.0,Z=0.0))
[2015.12.05-17.47.03:482][  0]ImportText (LineTraceSingleByChannelTests): Missing closing parenthesis: (RootShapeAsset="/Engine/BasicShapes/Cube.Cube",HitResult=(Time=0.50,Location=(X=-100.000015,Y=0.0,Z=100.000015),ImpactPoint=(X=-50.0,Y=0.0,Z=50.0),Normal=(X=-1.0,Y=-0.0,Z=0.0),ImpactNormal=(X=0.0,Y=0.0,Z=1.0),TraceStart=(X=-200.0,Y=0.0,Z=200.0),TraceEnd=(X=0.0,Y=0.0,Z=0.0))
[2015.12.05-17.47.03:696][  0]LogMeshUtilities: No automatic mesh reduction module available
[2015.12.05-17.47.03:696][  0]LogMeshUtilities: No automatic mesh merging module available
[2015.12.05-17.47.06:683][  0]LogInit: WinSock: version 1.1 (2.2), MaxSocks=32767, MaxUdp=65467
[2015.12.05-17.47.33:868][  0]UdpMessaging: Initializing bridge on interface 0.0.0.0:0 to multicast group 230.0.0.1:6666.
[2015.12.05-17.47.34:115][  0]LogLinker:Warning: Can't find file '/Game/FirstPerson/Blueprints/BrainCharacter'
[2015.12.05-17.47.34:115][  0]LogLinker:Warning: Can't find file '/Game/FirstPerson/Blueprints/BrainCharacter'
[2015.12.05-17.47.34:115][  0]LogLinker:Warning: Can't find file '/Game/FirstPerson/Blueprints/BrainCharacter'
[2015.12.05-17.47.34:115][  0]LogUObjectGlobals:Warning: Failed to find object 'Class /Game/FirstPerson/Blueprints/BrainCharacter.BrainCharacter_C'
[2015.12.05-17.47.34:116][  0]Error: CDO Constructor (BrainGameMode): Failed to find /Game/FirstPerson/Blueprints/BrainCharacter.BrainCharacter_C

[2015.12.05-17.47.34:205][  0]LogUObjectBase:Warning: -------------- Default Property warnings and errors:
[2015.12.05-17.47.34:205][  0]LogUObjectBase:Warning: Error: CDO Constructor (BrainGameMode): Failed to find /Game/FirstPerson/Blueprints/BrainCharacter.BrainCharacter_C

[2015.12.05-17.49.41:207][  0]LogWindowsTextInputMethodSystem:Display: IME system now deactivated.
[2015.12.05-17.49.44:636][  0]SourceControl: Info Source control is disabled
[2015.12.05-17.49.46:303][  0]SourceControl: Info Source control is disabled
[2015.12.05-17.49.46:532][  0]SourceControl: Info Source control is disabled
[2015.12.05-17.49.46:633][  0]SourceControl: Info Source control is disabled
[2015.12.05-17.49.48:604][  0]LogObj: 26551 objects as part of root set at end of initial load.
[2015.12.05-17.49.48:604][  0]LogUObjectAllocator: 5495752 out of 0 bytes used by permanent object pool.
[2015.12.05-17.49.50:264][  0]LogAutomationTest:Warning: Smoke tests took > 1s to run: 1.12s
[2015.12.05-17.49.50:397][  0]LogEngine: Initializing Engine...
[2015.12.05-17.49.50:433][  0]LogHMD: Can't find Oculus library dev build: is proper Runtime installed? Version: 0.6.0.0
[2015.12.05-17.49.51:146][  0]LogHMD:Warning: SteamVR failed to initialize.  Error: 108
[2015.12.05-17.49.52:944][  0]LogAIModule: Creating AISystem for world NewWorld
[2015.12.05-17.49.53:438][  0]LogInit: XAudio2 using 'Haut-parleurs (Realtek High Definition Audio)' : 2 channels at 48 kHz using 32 bits per sample (channel mask 0x3)
[2015.12.05-17.49.53:621][  0]LogInit: FAudioDevice initialized.
[2015.12.05-17.49.53:667][  0]LogDerivedDataCache: Saved boot cache 0.05s 60MB C:/Users/Quentin/AppData/Local/UnrealEngine/4.8/DerivedDataCache/Boot.ddc.
[2015.12.05-17.49.53:721][  0]LogInit: Texture streaming: Disabled
[2015.12.05-17.49.54:330][  0]LogAnalytics: Creating configured Analytics provider AnalyticsET
[2015.12.05-17.49.54:330][  0]LogAnalytics: [UEEditor.Rocket.Release] APIServer = http://et2.epicgames.com/ET2/. AppVersion = 4.8.3-2634408+++depot+UE4-Releases+4.8
[2015.12.05-17.49.54:330][  0]LogAnalytics: [UEEditor.Rocket.Release] SetUserId 148c5c6642f68395c2a34183e8e7b9c3|0e9d1597697b4fcaaa11ed641c9e39a7|75275bf7-56c4-41b7-aeeb-75ea3d3b4f87
[2015.12.05-17.49.54:330][  0]LogAnalytics: [UEEditor.Rocket.Release] AnalyticsET::StartSession
[2015.12.05-17.49.57:668][  0]LogInit: Transaction tracking system initialized
[2015.12.05-17.50.01:215][  0]BlueprintLog: New page: Editor Load
[2015.12.05-17.50.05:134][  0]LogAssetRegistry: FAssetRegistry took 0.0108 seconds to start up
[2015.12.05-17.50.05:135][  0]LogDirectoryWatcher:Warning: Failed to begin reading directory changes for ../../../Engine/Plugins/Experimental/CharacterAI/Content/. Error: 0
[2015.12.05-17.50.20:339][  0]LogConsoleManager:Warning: Console variable 'r.VSync' wasn't set ('GameSetting' has a lower priority than 'SystemSettingsIni')
[2015.12.05-17.50.20:366][  0]LogConsoleResponse:Display: 
[2015.12.05-17.50.24:051][  0]LogCook:Display: Done creating registry. It took  0.00s.
[2015.12.05-17.50.27:335][  0]SourceControl: Info Source control is disabled
[2015.12.05-17.50.27:513][  0]Cmd: MAP LOAD FILE="D:/UQAC/Séminaire en Informatique IV/Brain/Content/FirstPerson/Maps/MainMenu.umap" TEMPLATE=0 SHOWPROGRESS=1 FEATURELEVEL=3
[2015.12.05-17.50.27:658][  0]LightingResults: New page: Lighting Build
[2015.12.05-17.50.28:547][  0]MapCheck: New page: Map Check
[2015.12.05-17.50.28:547][  0]LightingResults: New page: Lighting Build
[2015.12.05-17.50.29:987][  0]LogParticles: Destroying 0 GPU particle simulations for FXSystem 0x0000008A6EAE6160
[2015.12.05-17.50.31:151][  0]LogAIModule: Creating AISystem for world MainMenu
[2015.12.05-17.50.31:278][  0]LogEditorServer: Finished looking for orphan Actors (0.000 secs)
[2015.12.05-17.50.31:653][  0]Cmd: MAP CHECKDEP NOCLEARLOG
[2015.12.05-17.50.31:903][  0]MapCheck: Info Map check complete: 0 Error(s), 0 Warning(s), took 249.278ms to complete.
[2015.12.05-17.50.31:975][  0]LogFileHelpers: Loading map 'MainMenu' took 4.580
[2015.12.05-17.50.33:322][  0]LogWindowsTextInputMethodSystem:Display: IME system now deactivated.
[2015.12.05-17.50.36:041][  0]LogCollectionManager: Loaded 0 collections in 0.003534 seconds
[2015.12.05-17.50.36:069][  0]LogContentBrowser: Native class hierarchy populated in 0.0282 seconds. Added 1819 classes and 311 folders.
[2015.12.05-17.50.37:317][  0]LogContentBrowser: Native class hierarchy updated for 'WidgetCarousel' in 0.0067 seconds. Added 0 classes and 0 folders.
[2015.12.05-17.50.39:032][  0]LogContentBrowser: Native class hierarchy updated for 'AddContentDialog' in 0.0087 seconds. Added 0 classes and 0 folders.
[2015.12.05-17.50.39:465][  0]LogContentBrowser: Native class hierarchy updated for 'SceneOutliner' in 0.0080 seconds. Added 1 classes and 2 folders.
[2015.12.05-17.50.41:474][  0]LogCrashTracker: Crashtracker disabled due to settings.
[2015.12.05-17.50.41:477][  0]LogD3D11RHI: InitD3DDevice
[2015.12.05-17.50.41:815][  0]LogUObjectGlobals:Warning: Failed to find object 'Class None.'
[2015.12.05-17.50.41:882][  0]LogLoad: Full Startup: 243.45 seconds (BP compile: 1.78 seconds)
[2015.12.05-17.50.43:870][  0]LogContentStreaming: Texture pool size is 0.000000MB
[2015.12.05-17.50.44:249][  0]LogContentStreaming: Texture pool size now 1000 MB
[2015.12.05-17.50.45:748][  0]LogRenderer: Reallocating scene render targets to support 1008x456 (Frame:2).
[2015.12.05-17.50.52:304][209]LogAssetRegistry: Asset discovery search completed in 47.1805 seconds
[2015.12.05-17.51.15:682][609]LogD3D11RHI: InitD3DDevice
[2015.12.05-17.51.20:920][917]LogD3D11RHI: InitD3DDevice
[2015.12.05-17.51.21:644][917]LogLinker:Warning: Can't find file '/Game/FirstPerson/Meshes/CubeMesh'
[2015.12.05-17.51.21:644][917]LogLinker:Warning: Can't find file for asset '/Game/FirstPerson/Meshes/CubeMesh' while loading D:/UQAC/Séminaire en Informatique IV/Brain/Content/FirstPerson/Maps/Level1.umap.
[2015.12.05-17.51.21:644][917]LoadErrors:Error: Error /Game/FirstPerson/Maps/Level1 : Can't find file for asset. /Game/FirstPerson/Meshes/CubeMesh
[2015.12.05-17.51.21:645][917]LogLinker:Warning: Can't find file '/Game/FirstPerson/Meshes/plaque'
[2015.12.05-17.51.21:645][917]LogLinker:Warning: Can't find file for asset '/Game/FirstPerson/Meshes/plaque' while loading D:/UQAC/Séminaire en Informatique IV/Brain/Content/FirstPerson/Maps/Level1.umap.
[2015.12.05-17.51.21:645][917]LoadErrors:Error: Error /Game/FirstPerson/Maps/Level1 : Can't find file for asset. /Game/FirstPerson/Meshes/plaque
[2015.12.05-17.51.21:645][917]LogLinker:Warning: Can't find file '/Game/FirstPerson/Meshes/porte'
[2015.12.05-17.51.21:645][917]LogLinker:Warning: Can't find file for asset '/Game/FirstPerson/Meshes/porte' while loading D:/UQAC/Séminaire en Informatique IV/Brain/Content/FirstPerson/Maps/Level1.umap.
[2015.12.05-17.51.21:645][917]LoadErrors:Error: Error /Game/FirstPerson/Maps/Level1 : Can't find file for asset. /Game/FirstPerson/Meshes/porte
[2015.12.05-17.51.21:647][917]LogLinker:Warning: Can't find file '/Game/FirstPerson/Meshes/CubeMesh'
[2015.12.05-17.51.21:647][917]LogLinker:Warning: Can't find file for asset '/Game/FirstPerson/Meshes/CubeMesh' while loading D:/UQAC/Séminaire en Informatique IV/Brain/Content/FirstPerson/Maps/Level1.umap.
[2015.12.05-17.51.21:648][917]LogLinker:Warning: Can't find file '/Game/FirstPerson/Meshes/plaque'
[2015.12.05-17.51.21:648][917]LogLinker:Warning: Can't find file for asset '/Game/FirstPerson/Meshes/plaque' while loading D:/UQAC/Séminaire en Informatique IV/Brain/Content/FirstPerson/Maps/Level1.umap.
[2015.12.05-17.51.21:648][917]LogLinker:Warning: Can't find file '/Game/FirstPerson/Meshes/porte'
[2015.12.05-17.51.21:648][917]LogLinker:Warning: Can't find file for asset '/Game/FirstPerson/Meshes/porte' while loading D:/UQAC/Séminaire en Informatique IV/Brain/Content/FirstPerson/Maps/Level1.umap.
[2015.12.05-17.51.21:655][917]LogLinker:Warning: Can't find file '/Game/FirstPerson/Meshes/CubeMesh'
[2015.12.05-17.51.21:656][917]LogLinker:Warning: Can't find file for asset '/Game/FirstPerson/Meshes/CubeMesh' while loading NULL.
[2015.12.05-17.51.21:656][917]LogLinker:Warning: Can't find file '/Game/FirstPerson/Meshes/plaque'
[2015.12.05-17.51.21:656][917]LogLinker:Warning: Can't find file for asset '/Game/FirstPerson/Meshes/plaque' while loading NULL.
[2015.12.05-17.51.21:656][917]LogLinker:Warning: Can't find file '/Game/FirstPerson/Meshes/porte'
[2015.12.05-17.51.21:656][917]LogLinker:Warning: Can't find file for asset '/Game/FirstPerson/Meshes/porte' while loading NULL.
[2015.12.05-17.51.21:656][917]LogLinker:Warning: Can't find file '/Game/FirstPerson/Meshes/CubeMesh'
[2015.12.05-17.51.21:656][917]LogLinker:Warning: Can't find file for asset '/Game/FirstPerson/Meshes/CubeMesh' while loading NULL.
[2015.12.05-17.51.21:656][917]LogLinker:Warning: Can't find file '/Game/FirstPerson/Meshes/plaque'
[2015.12.05-17.51.21:657][917]LogLinker:Warning: Can't find file for asset '/Game/FirstPerson/Meshes/plaque' while loading NULL.
[2015.12.05-17.51.21:657][917]LogLinker:Warning: Can't find file '/Game/FirstPerson/Meshes/porte'
[2015.12.05-17.51.21:657][917]LogLinker:Warning: Can't find file for asset '/Game/FirstPerson/Meshes/porte' while loading NULL.
[2015.12.05-17.51.21:814][917]LogLinker:Warning: Can't find file '/Game/FirstPerson/Meshes/CubeMesh'
[2015.12.05-17.51.21:814][917]LoadErrors: Info Failed to load /Game/FirstPerson/Meshes/CubeMesh.CubeMesh Referenced by BrainNormalInteractiveObject_1
[2015.12.05-17.51.21:814][917]LogLinker:Warning: Can't find file for asset '/Game/FirstPerson/Meshes/CubeMesh' while loading NULL.
[2015.12.05-17.51.21:863][917]LogLinker:Warning: Can't find file '/Game/FirstPerson/Meshes/plaque'
[2015.12.05-17.51.21:863][917]LoadErrors: Info Failed to load /Game/FirstPerson/Meshes/plaque.plaque Referenced by plaque1
[2015.12.05-17.51.21:863][917]LogLinker:Warning: Can't find file for asset '/Game/FirstPerson/Meshes/plaque' while loading NULL.
[2015.12.05-17.51.21:864][917]LogLinker:Warning: Can't find file '/Game/FirstPerson/Meshes/plaque'
[2015.12.05-17.51.21:864][917]LoadErrors: Info Failed to load /Game/FirstPerson/Meshes/plaque.plaque Referenced by plaque2
[2015.12.05-17.51.21:864][917]LogLinker:Warning: Can't find file for asset '/Game/FirstPerson/Meshes/plaque' while loading NULL.
[2015.12.05-17.51.21:865][917]LogLinker:Warning: Can't find file '/Game/FirstPerson/Meshes/plaque'
[2015.12.05-17.51.21:865][917]LoadErrors: Info Failed to load /Game/FirstPerson/Meshes/plaque.plaque Referenced by plaque3_14
[2015.12.05-17.51.21:865][917]LogLinker:Warning: Can't find file for asset '/Game/FirstPerson/Meshes/plaque' while loading NULL.
[2015.12.05-17.51.21:865][917]LogLinker:Warning: Can't find file '/Game/FirstPerson/Meshes/plaque'
[2015.12.05-17.51.21:865][917]LoadErrors: Info Failed to load /Game/FirstPerson/Meshes/plaque.plaque Referenced by plaque4
[2015.12.05-17.51.21:865][917]LogLinker:Warning: Can't find file for asset '/Game/FirstPerson/Meshes/plaque' while loading NULL.
[2015.12.05-17.51.21:866][917]LogLinker:Warning: Can't find file '/Game/FirstPerson/Meshes/plaque'
[2015.12.05-17.51.21:866][917]LoadErrors: Info Failed to load /Game/FirstPerson/Meshes/plaque.plaque Referenced by plaque_49
[2015.12.05-17.51.21:866][917]LogLinker:Warning: Can't find file for asset '/Game/FirstPerson/Meshes/plaque' while loading NULL.
[2015.12.05-17.51.21:866][917]LogLinker:Warning: Can't find file '/Game/FirstPerson/Meshes/porte'
[2015.12.05-17.51.21:866][917]LoadErrors: Info Failed to load /Game/FirstPerson/Meshes/porte.porte Referenced by porte2_12
[2015.12.05-17.51.21:866][917]LogLinker:Warning: Can't find file for asset '/Game/FirstPerson/Meshes/porte' while loading NULL.
[2015.12.05-17.51.21:867][917]LogLinker:Warning: Can't find file '/Game/FirstPerson/Meshes/porte'
[2015.12.05-17.51.21:867][917]LoadErrors: Info Failed to load /Game/FirstPerson/Meshes/porte.porte Referenced by porte3
[2015.12.05-17.51.21:867][917]LogLinker:Warning: Can't find file for asset '/Game/FirstPerson/Meshes/porte' while loading NULL.
[2015.12.05-17.51.21:867][917]LogLinker:Warning: Can't find file '/Game/FirstPerson/Meshes/porte'
[2015.12.05-17.51.21:867][917]LoadErrors: Info Failed to load /Game/FirstPerson/Meshes/porte.porte Referenced by porte4
[2015.12.05-17.51.21:867][917]LogLinker:Warning: Can't find file for asset '/Game/FirstPerson/Meshes/porte' while loading NULL.
[2015.12.05-17.51.21:867][917]LogLinker:Warning: Can't find file '/Game/FirstPerson/Meshes/porte'
[2015.12.05-17.51.21:868][917]LoadErrors: Info Failed to load /Game/FirstPerson/Meshes/porte.porte Referenced by porte_46
[2015.12.05-17.51.21:868][917]LogLinker:Warning: Can't find file for asset '/Game/FirstPerson/Meshes/porte' while loading NULL.
[2015.12.05-17.51.21:900][917]LogMaterial: Missing cached shader map for material Blue, compiling. 
[2015.12.05-17.51.24:262][917]LogAIModule: Creating AISystem for world Level1
[2015.12.05-17.51.24:982][917]Cmd: MAP LOAD FILE="D:/UQAC/Séminaire en Informatique IV/Brain/Content/FirstPerson/Maps/Level1.umap" TEMPLATE=0 SHOWPROGRESS=1 FEATURELEVEL=3
[2015.12.05-17.51.24:984][917]LightingResults: New page: Lighting Build
[2015.12.05-17.51.25:031][917]LoadErrors: New page: Loading map: Level1.umap
[2015.12.05-17.51.25:032][917]MapCheck: New page: Map Check
[2015.12.05-17.51.25:032][917]LightingResults: New page: Lighting Build
[2015.12.05-17.51.25:138][917]LogParticles: Destroying 0 GPU particle simulations for FXSystem 0x0000008A742A80E0
[2015.12.05-17.51.25:483][917]LogLinker:Warning: Can't find file '/Game/FirstPerson/Meshes/CubeMesh'
[2015.12.05-17.51.25:483][917]LogLinker:Warning: Can't find file for asset '/Game/FirstPerson/Meshes/CubeMesh' while loading D:/UQAC/Séminaire en Informatique IV/Brain/Content/FirstPerson/Maps/Level1.umap.
[2015.12.05-17.51.25:483][917]LoadErrors:Error: Error /Game/FirstPerson/Maps/Level1 : Can't find file for asset. /Game/FirstPerson/Meshes/CubeMesh
[2015.12.05-17.51.25:484][917]LogLinker:Warning: Can't find file '/Game/FirstPerson/Meshes/plaque'
[2015.12.05-17.51.25:484][917]LogLinker:Warning: Can't find file for asset '/Game/FirstPerson/Meshes/plaque' while loading D:/UQAC/Séminaire en Informatique IV/Brain/Content/FirstPerson/Maps/Level1.umap.
[2015.12.05-17.51.25:484][917]LoadErrors:Error: Error /Game/FirstPerson/Maps/Level1 : Can't find file for asset. /Game/FirstPerson/Meshes/plaque
[2015.12.05-17.51.25:484][917]LogLinker:Warning: Can't find file '/Game/FirstPerson/Meshes/porte'
[2015.12.05-17.51.25:484][917]LogLinker:Warning: Can't find file for asset '/Game/FirstPerson/Meshes/porte' while loading D:/UQAC/Séminaire en Informatique IV/Brain/Content/FirstPerson/Maps/Level1.umap.
[2015.12.05-17.51.25:484][917]LoadErrors:Error: Error /Game/FirstPerson/Maps/Level1 : Can't find file for asset. /Game/FirstPerson/Meshes/porte
[2015.12.05-17.51.25:486][917]LogLinker:Warning: Can't find file '/Game/FirstPerson/Meshes/CubeMesh'
[2015.12.05-17.51.25:486][917]LogLinker:Warning: Can't find file for asset '/Game/FirstPerson/Meshes/CubeMesh' while loading D:/UQAC/Séminaire en Informatique IV/Brain/Content/FirstPerson/Maps/Level1.umap.
[2015.12.05-17.51.25:487][917]LogLinker:Warning: Can't find file '/Game/FirstPerson/Meshes/plaque'
[2015.12.05-17.51.25:487][917]LogLinker:Warning: Can't find file for asset '/Game/FirstPerson/Meshes/plaque' while loading D:/UQAC/Séminaire en Informatique IV/Brain/Content/FirstPerson/Maps/Level1.umap.
[2015.12.05-17.51.25:487][917]LogLinker:Warning: Can't find file '/Game/FirstPerson/Meshes/porte'
[2015.12.05-17.51.25:487][917]LogLinker:Warning: Can't find file for asset '/Game/FirstPerson/Meshes/porte' while loading D:/UQAC/Séminaire en Informatique IV/Brain/Content/FirstPerson/Maps/Level1.umap.
[2015.12.05-17.51.25:497][917]LogLinker:Warning: Can't find file '/Game/FirstPerson/Meshes/CubeMesh'
[2015.12.05-17.51.25:498][917]LogLinker:Warning: Can't find file for asset '/Game/FirstPerson/Meshes/CubeMesh' while loading NULL.
[2015.12.05-17.51.25:498][917]LogLinker:Warning: Can't find file '/Game/FirstPerson/Meshes/plaque'
[2015.12.05-17.51.25:498][917]LogLinker:Warning: Can't find file for asset '/Game/FirstPerson/Meshes/plaque' while loading NULL.
[2015.12.05-17.51.25:498][917]LogLinker:Warning: Can't find file '/Game/FirstPerson/Meshes/porte'
[2015.12.05-17.51.25:498][917]LogLinker:Warning: Can't find file for asset '/Game/FirstPerson/Meshes/porte' while loading NULL.
[2015.12.05-17.51.25:498][917]LogLinker:Warning: Can't find file '/Game/FirstPerson/Meshes/CubeMesh'
[2015.12.05-17.51.25:499][917]LogLinker:Warning: Can't find file for asset '/Game/FirstPerson/Meshes/CubeMesh' while loading NULL.
[2015.12.05-17.51.25:499][917]LogLinker:Warning: Can't find file '/Game/FirstPerson/Meshes/plaque'
[2015.12.05-17.51.25:499][917]LogLinker:Warning: Can't find file for asset '/Game/FirstPerson/Meshes/plaque' while loading NULL.
[2015.12.05-17.51.25:499][917]LogLinker:Warning: Can't find file '/Game/FirstPerson/Meshes/porte'
[2015.12.05-17.51.25:499][917]LogLinker:Warning: Can't find file for asset '/Game/FirstPerson/Meshes/porte' while loading NULL.
[2015.12.05-17.51.25:528][917]LogLinker:Warning: Can't find file '/Game/FirstPerson/Meshes/CubeMesh'
[2015.12.05-17.51.25:529][917]LoadErrors: Info Failed to load /Game/FirstPerson/Meshes/CubeMesh.CubeMesh Referenced by BrainNormalInteractiveObject_1
[2015.12.05-17.51.25:529][917]LogLinker:Warning: Can't find file for asset '/Game/FirstPerson/Meshes/CubeMesh' while loading NULL.
[2015.12.05-17.51.25:531][917]LogLinker:Warning: Can't find file '/Game/FirstPerson/Meshes/plaque'
[2015.12.05-17.51.25:531][917]LoadErrors: Info Failed to load /Game/FirstPerson/Meshes/plaque.plaque Referenced by plaque1
[2015.12.05-17.51.25:532][917]LogLinker:Warning: Can't find file for asset '/Game/FirstPerson/Meshes/plaque' while loading NULL.
[2015.12.05-17.51.25:532][917]LogLinker:Warning: Can't find file '/Game/FirstPerson/Meshes/plaque'
[2015.12.05-17.51.25:532][917]LoadErrors: Info Failed to load /Game/FirstPerson/Meshes/plaque.plaque Referenced by plaque2
[2015.12.05-17.51.25:532][917]LogLinker:Warning: Can't find file for asset '/Game/FirstPerson/Meshes/plaque' while loading NULL.
[2015.12.05-17.51.25:533][917]LogLinker:Warning: Can't find file '/Game/FirstPerson/Meshes/plaque'
[2015.12.05-17.51.25:533][917]LoadErrors: Info Failed to load /Game/FirstPerson/Meshes/plaque.plaque Referenced by plaque3_14
[2015.12.05-17.51.25:533][917]LogLinker:Warning: Can't find file for asset '/Game/FirstPerson/Meshes/plaque' while loading NULL.
[2015.12.05-17.51.25:533][917]LogLinker:Warning: Can't find file '/Game/FirstPerson/Meshes/plaque'
[2015.12.05-17.51.25:534][917]LoadErrors: Info Failed to load /Game/FirstPerson/Meshes/plaque.plaque Referenced by plaque4
[2015.12.05-17.51.25:534][917]LogLinker:Warning: Can't find file for asset '/Game/FirstPerson/Meshes/plaque' while loading NULL.
[2015.12.05-17.51.25:534][917]LogLinker:Warning: Can't find file '/Game/FirstPerson/Meshes/plaque'
[2015.12.05-17.51.25:534][917]LoadErrors: Info Failed to load /Game/FirstPerson/Meshes/plaque.plaque Referenced by plaque_49
[2015.12.05-17.51.25:535][917]LogLinker:Warning: Can't find file for asset '/Game/FirstPerson/Meshes/plaque' while loading NULL.
[2015.12.05-17.51.25:535][917]LogLinker:Warning: Can't find file '/Game/FirstPerson/Meshes/porte'
[2015.12.05-17.51.25:535][917]LoadErrors: Info Failed to load /Game/FirstPerson/Meshes/porte.porte Referenced by porte2_12
[2015.12.05-17.51.25:535][917]LogLinker:Warning: Can't find file for asset '/Game/FirstPerson/Meshes/porte' while loading NULL.
[2015.12.05-17.51.25:536][917]LogLinker:Warning: Can't find file '/Game/FirstPerson/Meshes/porte'
[2015.12.05-17.51.25:536][917]LoadErrors: Info Failed to load /Game/FirstPerson/Meshes/porte.porte Referenced by porte3
[2015.12.05-17.51.25:536][917]LogLinker:Warning: Can't find file for asset '/Game/FirstPerson/Meshes/porte' while loading NULL.
[2015.12.05-17.51.25:536][917]LogLinker:Warning: Can't find file '/Game/FirstPerson/Meshes/porte'
[2015.12.05-17.51.25:536][917]LoadErrors: Info Failed to load /Game/FirstPerson/Meshes/porte.porte Referenced by porte4
[2015.12.05-17.51.25:537][917]LogLinker:Warning: Can't find file for asset '/Game/FirstPerson/Meshes/porte' while loading NULL.
[2015.12.05-17.51.25:537][917]LogLinker:Warning: Can't find file '/Game/FirstPerson/Meshes/porte'
[2015.12.05-17.51.25:537][917]LoadErrors: Info Failed to load /Game/FirstPerson/Meshes/porte.porte Referenced by porte_46
[2015.12.05-17.51.25:537][917]LogLinker:Warning: Can't find file for asset '/Game/FirstPerson/Meshes/porte' while loading NULL.
[2015.12.05-17.51.25:560][917]LogAIModule: Creating AISystem for world Level1
[2015.12.05-17.51.25:724][917]LogEditorServer: Finished looking for orphan Actors (0.000 secs)
[2015.12.05-17.51.25:775][917]LogD3D11RHI: InitD3DDevice
[2015.12.05-17.51.25:837][917]Cmd: MAP CHECKDEP NOCLEARLOG
[2015.12.05-17.51.26:023][917]MapCheck:Warning: Warning BrainNormalInteractiveObject_3 StaticMeshComponent /Game/FirstPerson/Maps/Level1.Level1:PersistentLevel.BrainNormalInteractiveObject_3.Mesh : Externally referenced 
[2015.12.05-17.51.26:023][917]MapCheck:Warning: Warning BrainNormalInteractiveObject_2 StaticMeshComponent /Game/FirstPerson/Maps/Level1.Level1:PersistentLevel.BrainNormalInteractiveObject_2.Mesh : Externally referenced 
[2015.12.05-17.51.26:023][917]MapCheck:Warning: Warning BrainNormalInteractiveObject_1 StaticMeshComponent /Game/FirstPerson/Maps/Level1.Level1:PersistentLevel.BrainNormalInteractiveObject_1.Mesh : Externally referenced 
[2015.12.05-17.51.26:023][917]MapCheck:Warning: Warning BrainNormalInteractiveObject_0 StaticMeshComponent /Game/FirstPerson/Maps/Level1.Level1:PersistentLevel.BrainNormalInteractiveObject_0.Mesh : Externally referenced 
[2015.12.05-17.51.26:023][917]MapCheck:Warning: Warning porte_46 StaticMeshComponent /Game/FirstPerson/Maps/Level1.Level1:PersistentLevel.porte_46.StaticMeshComponent0 : Externally referenced 
[2015.12.05-17.51.26:024][917]MapCheck:Warning: Warning porte4 StaticMeshComponent /Game/FirstPerson/Maps/Level1.Level1:PersistentLevel.porte4.StaticMeshComponent0 : Externally referenced 
[2015.12.05-17.51.26:024][917]MapCheck:Warning: Warning porte3 StaticMeshComponent /Game/FirstPerson/Maps/Level1.Level1:PersistentLevel.porte3.StaticMeshComponent0 : Externally referenced 
[2015.12.05-17.51.26:024][917]MapCheck:Warning: Warning porte2_12 StaticMeshComponent /Game/FirstPerson/Maps/Level1.Level1:PersistentLevel.porte2_12.StaticMeshComponent0 : Externally referenced 
[2015.12.05-17.51.26:024][917]MapCheck:Warning: Warning BrainNormalInteractiveObject_5 StaticMeshComponent /Game/FirstPerson/Maps/Level1.Level1:PersistentLevel.BrainNormalInteractiveObject_5.Mesh : Externally referenced 
[2015.12.05-17.51.26:024][917]MapCheck:Warning: Warning BrainNormalInteractiveObject_4 StaticMeshComponent /Game/FirstPerson/Maps/Level1.Level1:PersistentLevel.BrainNormalInteractiveObject_4.Mesh : Externally referenced 
[2015.12.05-17.51.26:024][917]MapCheck:Warning: Warning plaque_49 StaticMeshComponent /Game/FirstPerson/Maps/Level1.Level1:PersistentLevel.plaque_49.StaticMeshComponent0 : Externally referenced 
[2015.12.05-17.51.26:024][917]MapCheck:Warning: Warning plaque4 StaticMeshComponent /Game/FirstPerson/Maps/Level1.Level1:PersistentLevel.plaque4.StaticMeshComponent0 : Externally referenced 
[2015.12.05-17.51.26:024][917]MapCheck:Warning: Warning plaque3_14 StaticMeshComponent /Game/FirstPerson/Maps/Level1.Level1:PersistentLevel.plaque3_14.StaticMeshComponent0 : Externally referenced 
[2015.12.05-17.51.26:025][917]MapCheck:Warning: Warning plaque2 StaticMeshComponent /Game/FirstPerson/Maps/Level1.Level1:PersistentLevel.plaque2.StaticMeshComponent0 : Externally referenced 
[2015.12.05-17.51.26:025][917]MapCheck:Warning: Warning plaque1 StaticMeshComponent /Game/FirstPerson/Maps/Level1.Level1:PersistentLevel.plaque1.StaticMeshComponent0 : Externally referenced 
[2015.12.05-17.51.26:025][917]MapCheck: Info Map check complete: 0 Error(s), 15 Warning(s), took 188.025ms to complete.
[2015.12.05-17.51.26:061][917]LogD3D11RHI: InitD3DDevice
[2015.12.05-17.51.26:064][917]LogFileHelpers: Loading map 'Level1' took 1.124
[2015.12.05-17.51.33:486][229]LogPlayLevel: PIE:  No blueprints needed recompiling
[2015.12.05-17.51.33:752][229]PIE: New page: PIE session: Level1 (Dec 5, 2015, 7:51:33 AM)
[2015.12.05-17.51.33:811][229]LogPlayLevel: Creating play world package: /Game/FirstPerson/Maps/UEDPIE_0_Level1
[2015.12.05-17.51.34:012][229]LogPlayLevel: PIE: StaticDuplicateObject took: (0.200691s)
[2015.12.05-17.51.34:013][229]LogAIModule: Creating AISystem for world Level1
[2015.12.05-17.51.34:014][229]LogPlayLevel: PIE: World Init took: (0.002109s)
[2015.12.05-17.51.34:048][229]LogPlayLevel: PIE: Created PIE world by copying editor world from /Game/FirstPerson/Maps/Level1.Level1 to /Game/FirstPerson/Maps/UEDPIE_0_Level1.Level1 (0.237302s)
[2015.12.05-17.51.34:187][229]LogInit: XAudio2 using 'Haut-parleurs (Realtek High Definition Audio)' : 2 channels at 48 kHz using 32 bits per sample (channel mask 0x3)
[2015.12.05-17.51.34:222][229]LogInit: FAu