[2015.09.07-02.45.03:028][  0]Log file open, 09/06/15 22:45:03
[2015.09.07-02.45.03:028][  0]LogInit:Display: Running engine for game: Brain
[2015.09.07-02.45.03:029][  0]LogInit:Display: RandInit(-1639404470) SRandInit(-1639404470).
[2015.09.07-02.45.03:029][  0]LogTaskGraph: Started task graph with 4 named threads and 7 total threads.
[2015.09.07-02.45.03:030][  0]LogStats: Stats thread started
[2015.09.07-02.45.03:030][  0]LogInit: Version: 4.8.3-2634408+++depot+UE4-Releases+4.8
[2015.09.07-02.45.03:030][  0]LogInit: API Version: 2579680
[2015.09.07-02.45.03:030][  0]LogInit: Compiled (64-bit): Jul 27 2015 16:24:33
[2015.09.07-02.45.03:031][  0]LogInit: Compiled with Visual C++: 18.00.21005.01
[2015.09.07-02.45.03:031][  0]LogInit: Build Configuration: Development
[2015.09.07-02.45.03:031][  0]LogInit: Branch Name: ++depot+UE4-Releases+4.8
[2015.09.07-02.45.03:032][  0]LogInit: Command line: 
[2015.09.07-02.45.03:032][  0]LogInit: Base directory: C:/Program Files/Epic Games/4.8/Engine/Binaries/Win64/
[2015.09.07-02.45.03:032][  0]LogInit: Rocket: 1
[2015.09.07-02.45.03:050][  0]LogInit: Using libcurl 7.41.0
[2015.09.07-02.45.03:050][  0]LogInit:  - built for x86_64-pc-win32
[2015.09.07-02.45.03:050][  0]LogInit:  - supports SSL with WinSSL
[2015.09.07-02.45.03:050][  0]LogInit:  - other features:
[2015.09.07-02.45.03:051][  0]LogInit:      CURL_VERSION_SSL
[2015.09.07-02.45.03:051][  0]LogInit:      CURL_VERSION_IPV6
[2015.09.07-02.45.03:051][  0]LogInit:      CURL_VERSION_ASYNCHDNS
[2015.09.07-02.45.03:051][  0]LogInit:      CURL_VERSION_LARGEFILE
[2015.09.07-02.45.03:052][  0]LogInit:      CURL_VERSION_IDN
[2015.09.07-02.45.03:052][  0]LogInit:  CurlRequestOptions (configurable via config and command line):
[2015.09.07-02.45.03:052][  0]LogInit:  - bVerifyPeer = true  - Libcurl will verify peer certificate
[2015.09.07-02.45.03:052][  0]LogInit:  - bUseHttpProxy = false  - Libcurl will NOT use HTTP proxy
[2015.09.07-02.45.03:053][  0]LogInit:  - bDontReuseConnections = false  - Libcurl will reuse connections
[2015.09.07-02.45.03:053][  0]LogInit:  - CertBundlePath = nullptr  - Libcurl will use whatever was configured at build time.
[2015.09.07-02.45.03:067][  0]LogOnline:Warning: No default platform service specified for OnlineSubsystem
[2015.09.07-02.45.03:101][  0]LogInit: Presizing for 0 objects not considered by GC, pre-allocating 0 bytes.
[2015.09.07-02.45.03:108][  0]LogInit: Object subsystem initialized
[2015.09.07-02.45.03:110][  0]LogConsoleResponse:Warning: Skipping Unknown console variable: 'TranslucentSortAxis = (X=0.000000,Y=-1.000000,Z=0.000000)'
[2015.09.07-02.45.03:110][  0]LogConsoleResponse:Warning:   Found in ini file 'C:/Users/frederic/Documents/Unreal Projects/Brain/Saved/Config/Windows/Engine.ini', in section '[/Script/Engine.RendererSettings]'
[2015.09.07-02.45.03:110][  0]LogConsoleResponse:Warning: Skipping Unknown console variable: 'UIScaleRule = ShortestSide'
[2015.09.07-02.45.03:111][  0]LogConsoleResponse:Warning:   Found in ini file 'C:/Users/frederic/Documents/Unreal Projects/Brain/Saved/Config/Windows/Engine.ini', in section '[/Script/Engine.RendererSettings]'
[2015.09.07-02.45.03:111][  0]LogConsoleResponse:Warning: Skipping Unknown console variable: 'UIScaleCurve = (EditorCurveData=(Keys=),ExternalCurve=None)'
[2015.09.07-02.45.03:111][  0]LogConsoleResponse:Warning:   Found in ini file 'C:/Users/frederic/Documents/Unreal Projects/Brain/Saved/Config/Windows/Engine.ini', in section '[/Script/Engine.RendererSettings]'
[2015.09.07-02.45.03:112][  0]LogInit: Selected Device Profile: [Windows]
[2015.09.07-02.45.03:112][  0]LogInit: Applying CVar settings loaded from the selected device profile: [Windows]
[2015.09.07-02.45.03:119][  0]LogInit: Computer: FREDERIC-PC
[2015.09.07-02.45.03:119][  0]LogInit: User: frederic
[2015.09.07-02.45.03:120][  0]LogInit: CPU Page size=4096, Cores=4
[2015.09.07-02.45.03:120][  0]LogInit: High frequency timer resolution =3.331250 MHz
[2015.09.07-02.45.03:120][  0]LogMemory: Memory total: Physical=15.9GB (16GB approx)
[2015.09.07-02.45.03:120][  0]LogMemory: Platform Memory Stats for Windows
[2015.09.07-02.45.03:121][  0]LogMemory: Process Physical Memory: 50.08 MB used, 50.08 MB peak
[2015.09.07-02.45.03:121][  0]LogMemory: Process Virtual Memory: 25.45 MB used, 25.45 MB peak
[2015.09.07-02.45.03:121][  0]LogMemory: Physical Memory: 5582.78 MB used, 16288.39 MB total
[2015.09.07-02.45.03:121][  0]LogMemory: Virtual Memory: 283.87 MB used, 8388608.00 MB total
[2015.09.07-02.45.03:194][  0]LogTextLocalizationManager: The requested culture ('fr_CA') has no localization data; falling back to 'en' for localization and internationalization data.
[2015.09.07-02.45.03:400][  0]LogTextLocalizationManager:Warning: Loaded localization resources contain conflicting entries for (Namespace:ContentBrowser, Key:ImportAssetToolTip):
Localization Resource: (C:/Program Files/Epic Games/4.8/Engine/Content/Localization/Editor/en/Editor.locres) Source String Hash: (-630476809) Localized String: (Import to {0}...)
Localization Resource: (C:/Program Files/Epic Games/4.8/Engine/Content/Localization/Editor/en/Editor.locres) Source String Hash: (1271782899) Localized String: (Imports an asset from file to this folder.)
[2015.09.07-02.45.03:876][  0]LogD3D11RHI: Found D3D11 adapter 0: NVIDIA GeForce GTX 970 (Feature Level 11_0)
[2015.09.07-02.45.03:877][  0]LogD3D11RHI: Adapter has 4008MB of dedicated video memory, 0MB of dedicated system memory, and 7888MB of shared system memory, 1 output[s]
[2015.09.07-02.45.03:883][  0]LogD3D11RHI: Found D3D11 adapter 1: Intel(R) HD Graphics 3000 (Feature Level 10_0)
[2015.09.07-02.45.03:884][  0]LogD3D11RHI: Adapter has 64MB of dedicated video memory, 0MB of dedicated system memory, and 1632MB of shared system memory, 0 output[s]
[2015.09.07-02.45.03:884][  0]LogD3D11RHI: Chosen D3D11 Adapter Id = 0
[2015.09.07-02.45.03:888][  0]LogD3D11RHI: InitD3DDevice
[2015.09.07-02.45.03:889][  0]LogD3D11RHI: !Direct3DDevice
[2015.09.07-02.45.03:889][  0]LogRHI: Texture pool is 1361 MB (70% of 1945 MB)
[2015.09.07-02.45.03:931][  0]LogD3D11RHI: Async texture creation enabled
[2015.09.07-02.45.03:945][  0]LogShaderCompilers:Display: Using Local Shader Compiler.
[2015.09.07-02.45.04:781][  0]LogTemp:Display: Loaded TP DesktopTargetPlatform
[2015.09.07-02.45.04:803][  0]LogTemp:Display: Loaded TP WindowsClientTargetPlatform
[2015.09.07-02.45.04:825][  0]LogTemp:Display: Loaded TP WindowsNoEditorTargetPlatform
[2015.09.07-02.45.04:847][  0]LogTemp:Display: Loaded TP WindowsServerTargetPlatform
[2015.09.07-02.45.04:874][  0]LogTemp:Display: Loaded TP WindowsTargetPlatform
[2015.09.07-02.45.04:891][  0]LogTemp:Display: Loaded TP AndroidTargetPlatform
[2015.09.07-02.45.04:907][  0]LogTemp:Display: Loaded TP Android_ASTCTargetPlatform
[2015.09.07-02.45.04:924][  0]LogTemp:Display: Loaded TP Android_ATCTargetPlatform
[2015.09.07-02.45.04:944][  0]LogTemp:Display: Loaded TP Android_DXTTargetPlatform
[2015.09.07-02.45.04:963][  0]LogTemp:Display: Loaded TP Android_ETC1TargetPlatform
[2015.09.07-02.45.04:982][  0]LogTemp:Display: Loaded TP Android_ETC2TargetPlatform
[2015.09.07-02.45.05:001][  0]LogTemp:Display: Loaded TP Android_PVRTCTargetPlatform
[2015.09.07-02.45.05:073][  0]LogTemp:Display: Loaded TP IOSTargetPlatform
[2015.09.07-02.45.05:089][  0]LogTemp:Display: Loaded TP LinuxNoEditorTargetPlatform
[2015.09.07-02.45.05:105][  0]LogTemp:Display: Loaded TP LinuxServerTargetPlatform
[2015.09.07-02.45.05:123][  0]LogTemp:Display: Loaded TP LinuxTargetPlatform
[2015.09.07-02.45.05:123][  0]LogTargetPlatformManager:Display: Building Assets For Windows
[2015.09.07-02.45.05:434][  0]LogDerivedDataCache:Display: Max Cache Size: 512 MB
[2015.09.07-02.45.05:485][  0]LogDerivedDataCache: Loaded boot cache 0.05s 60MB C:/Users/frederic/AppData/Local/UnrealEngine/4.8/DerivedDataCache/Boot.ddc.
[2015.09.07-02.45.05:486][  0]LogDerivedDataCache:Display: Loaded Boot cache: C:/Users/frederic/AppData/Local/UnrealEngine/4.8/DerivedDataCache/Boot.ddc
[2015.09.07-02.45.05:486][  0]LogDerivedDataCache: FDerivedDataBackendGraph:  Pak pak cache file ../../../../../../Users/frederic/Documents/Unreal Projects/Brain/DerivedDataCache/DDC.ddp not found, will not use a pak cache.
[2015.09.07-02.45.05:486][  0]LogDerivedDataCache: Unable to find inner node Pak for hierarchical cache Hierarchy.
[2015.09.07-02.45.05:487][  0]LogDerivedDataCache: FDerivedDataBackendGraph:  CompressedPak pak cache file ../../../../../../Users/frederic/Documents/Unreal Projects/Brain/DerivedDataCache/Compressed.ddp not found, will not use a pak cache.
[2015.09.07-02.45.05:487][  0]LogDerivedDataCache: Unable to find inner node CompressedPak for hierarchical cache Hierarchy.
[2015.09.07-02.45.05:634][  0]LogDerivedDataCache:Display: Pak cache opened for reading ../../../Engine/DerivedDataCache/Compressed.ddp.
[2015.09.07-02.45.05:646][  0]LogDerivedDataCache: Using Local data cache path C:/Users/frederic/AppData/Local/UnrealEngine/Common/DerivedDataCache: Writable
[2015.09.07-02.45.05:850][  0]LogInit: Selected Device Profile: [Windows]
[2015.09.07-02.45.05:858][  0]ImportText (ComponentSweepMultiTests): Missing closing parenthesis: (RootShapeAsset="/Engine/BasicShapes/Cube.Cube",ShapeType="TriggerCapsule",HitResult=(Time=0.50,Location=(X=-100.000015,Y=0.0,Z=100.000015),ImpactPoint=(X=-50.0,Y=0.0,Z=50.0),Normal=(X=-1.0,Y=-0.0,Z=0.0),ImpactNormal=(X=0.0,Y=0.0,Z=1.0),TraceStart=(X=-200.0,Y=0.0,Z=200.0),TraceEnd=(X=0.0,Y=0.0,Z=0.0))
[2015.09.07-02.45.05:859][  0]ImportText (LineTraceSingleByChannelTests): Missing closing parenthesis: (RootShapeAsset="/Engine/BasicShapes/Cube.Cube",HitResult=(Time=0.50,Location=(X=-100.000015,Y=0.0,Z=100.000015),ImpactPoint=(X=-50.0,Y=0.0,Z=50.0),Normal=(X=-1.0,Y=-0.0,Z=0.0),ImpactNormal=(X=0.0,Y=0.0,Z=1.0),TraceStart=(X=-200.0,Y=0.0,Z=200.0),TraceEnd=(X=0.0,Y=0.0,Z=0.0))
[2015.09.07-02.45.05:896][  0]LogMeshUtilities: No automatic mesh reduction module available
[2015.09.07-02.45.05:897][  0]LogMeshUtilities: No automatic mesh merging module available
[2015.09.07-02.45.06:300][  0]LogInit: WinSock: version 1.1 (2.2), MaxSocks=32767, MaxUdp=65467
[2015.09.07-02.45.07:484][  0]UdpMessaging: Initializing bridge on interface 0.0.0.0:0 to multicast group 230.0.0.1:6666.
[2015.09.07-02.45.08:071][  0]SourceControl: Info Source control is disabled
[2015.09.07-02.45.08:096][  0]SourceControl: Info Source control is disabled
[2015.09.07-02.45.08:116][  0]SourceControl: Info Source control is disabled
[2015.09.07-02.45.08:137][  0]SourceControl: Info Source control is disabled
[2015.09.07-02.45.08:459][  0]LogObj: 26559 objects as part of root set at end of initial load.
[2015.09.07-02.45.08:460][  0]LogUObjectAllocator: 5543584 out of 0 bytes used by permanent object pool.
[2015.09.07-02.45.08:548][  0]LogEngine: Initializing Engine...
[2015.09.07-02.45.08:551][  0]LogHMD: Can't find Oculus library dev build: is proper Runtime installed? Version: 0.6.0.0
[2015.09.07-02.45.08:555][  0]LogHMD:Warning: SteamVR failed to initialize.  Error: 110
[2015.09.07-02.45.08:713][  0]LogAIModule: Creating AISystem for world NewWorld
[2015.09.07-02.45.08:726][  0]LogInit: XAudio2 using 'Haut-parleurs (C-Media USB Audio Device   )' : 2 channels at 44.1 kHz using 16 bits per sample (channel mask 0x3)
[2015.09.07-02.45.08:750][  0]LogInit: FAudioDevice initialized.
[2015.09.07-02.45.08:779][  0]LogDerivedDataCache: Saved boot cache 0.03s 60MB C:/Users/frederic/AppData/Local/UnrealEngine/4.8/DerivedDataCache/Boot.ddc.
[2015.09.07-02.45.08:788][  0]LogInit: Texture streaming: Disabled
[2015.09.07-02.45.08:822][  0]LogAnalytics: Creating configured Analytics provider AnalyticsET
[2015.09.07-02.45.08:822][  0]LogAnalytics: [UEEditor.Rocket.Release] APIServer = http://et2.epicgames.com/ET2/. AppVersion = 4.8.3-2634408+++depot+UE4-Releases+4.8
[2015.09.07-02.45.08:822][  0]LogAnalytics: [UEEditor.Rocket.Release] SetUserId c8da8d664a36a98701fe659c10ae4ff8|70626fa7f476448fb82ad9618fbbb1ab|00e7fb16-00c3-4af4-a2a1-2cc8013aae38
[2015.09.07-02.45.08:823][  0]LogAnalytics: [UEEditor.Rocket.Release] AnalyticsET::StartSession
[2015.09.07-02.45.08:852][  0]LogInit: Transaction tracking system initialized
[2015.09.07-02.45.09:067][  0]BlueprintLog: New page: Editor Load
[2015.09.07-02.45.09:113][  0]LogAssetRegistry: FAssetRegistry took 0.0106 seconds to start up
[2015.09.07-02.45.09:114][  0]LogDirectoryWatcher:Warning: Failed to begin reading directory changes for ../../../Engine/Plugins/Experimental/CharacterAI/Content/. Error: 0
[2015.09.07-02.45.10:090][  0]LogConsoleManager:Warning: Console variable 'r.VSync' wasn't set ('GameSetting' has a lower priority than 'SystemSettingsIni')
[2015.09.07-02.45.10:090][  0]LogConsoleResponse:Display: 
[2015.09.07-02.45.10:188][  0]LogCook:Display: Done creating registry. It took  0.00s.
[2015.09.07-02.45.10:448][  0]SourceControl: Info Source control is disabled
[2015.09.07-02.45.10:449][  0]Cmd: MAP LOAD FILE="../../../../../../Users/frederic/Documents/Unreal Projects/Brain/Content/FirstPerson/Maps/FirstPersonExampleMap.umap" TEMPLATE=0 SHOWPROGRESS=1 FEATURELEVEL=3
[2015.09.07-02.45.10:450][  0]LightingResults: New page: Lighting Build
[2015.09.07-02.45.10:464][  0]MapCheck: New page: Map Check
[2015.09.07-02.45.10:464][  0]LightingResults: New page: Lighting Build
[2015.09.07-02.45.10:472][  0]LogParticles: Destroying 0 GPU particle simulations for FXSystem 0x00000000190256C0
[2015.09.07-02.45.11:422][  0]LogAIModule: Creating AISystem for world FirstPersonExampleMap
[2015.09.07-02.45.11:451][  0]LogEditorServer: Finished looking for orphan Actors (0.000 secs)
[2015.09.07-02.45.12:495][  0]Cmd: MAP CHECKDEP NOCLEARLOG
[2015.09.07-02.45.12:535][  0]MapCheck: Info Map check complete: 0 Error(s), 0 Warning(s), took 39.407ms to complete.
[2015.09.07-02.45.12:536][  0]LogFileHelpers: Loading map 'FirstPersonExampleMap' took 2.087
[2015.09.07-02.45.12:692][  0]LogCollectionManager: Loaded 0 collections in 0.002205 seconds
[2015.09.07-02.45.12:702][  0]LogContentBrowser: Native class hierarchy populated in 0.0095 seconds. Added 1798 classes and 303 folders.
[2015.09.07-02.45.12:826][  0]LogContentBrowser: Native class hierarchy updated for 'WidgetCarousel' in 0.0046 seconds. Added 0 classes and 0 folders.
[2015.09.07-02.45.12:892][  0]LogContentBrowser: Native class hierarchy updated for 'AddContentDialog' in 0.0045 seconds. Added 0 classes and 0 folders.
[2015.09.07-02.45.12:945][  0]LogContentBrowser: Native class hierarchy updated for 'SceneOutliner' in 0.0046 seconds. Added 1 classes and 2 folders.
[2015.09.07-02.45.13:000][  0]LogCrashTracker: Crashtracker disabled due to settings.
[2015.09.07-02.45.13:001][  0]LogD3D11RHI: InitD3DDevice
[2015.09.07-02.45.13:010][  0]LogUObjectGlobals:Warning: Failed to find object 'Class None.'
[2015.09.07-02.45.13:032][  0]LogLoad: Full Startup: 11.93 seconds (BP compile: 0.31 seconds)
[2015.09.07-02.45.13:091][  0]LogContentStreaming: Texture pool size is 0.000000MB
[2015.09.07-02.45.13:127][  0]LogContentStreaming: Texture pool size now 1000 MB
[2015.09.07-02.45.13:240][  0]LogRenderer: Reallocating scene render targets to support 1208x560 (Frame:2).
[2015.09.07-02.45.13:784][  7]LogAssetRegistry: Asset discovery search completed in 4.6820 seconds
[2015.09.07-02.45.15:825][238]LogD3D11RHI: InitD3DDevice
[2015.09.07-02.45.19:690][664]LogD3D11RHI: InitD3DDevice
[2015.09.07-02.45.19:712][664]LogD3D11RHI: InitD3DDevice
[2015.09.07-02.45.19:721][664]LogLinker:Warning: Asset '../../../Engine/Content/ArtTools/RenderToTexture/Macros/RenderToTextureMacros.uasset' has been saved with empty engine version. The asset will be loaded but may be incompatible.
[2015.09.07-02.45.19:800][664]LogLinker:Warning: Asset '../../../Engine/Content/ArtTools/RenderToTexture/Enums/RenderToTexture_Enum.uasset' has been saved with empty engine version. The asset will be loaded but may be incompatible.
[2015.09.07-02.45.22:155][801]LogD3D11RHI: InitD3DDevice
[2015.09.07-02.45.22:175][801]LogD3D11RHI: InitD3DDevice
[2015.09.07-02.45.23:582][911]LogRenderer: Reallocating scene render targets to support 1208x904 (Frame:1896).
[2015.09.07-02.45.35:871][142]LogEditorViewport: Clicking on Actor (LMB): StaticMeshActor (Floor)
[2015.09.07-02.45.36:461][208]LogEditorViewport: Clicking on Actor (LMB): FirstPersonCharacter_C (FirstPersonCharacter)
[2015.09.07-02.45.41:976][803]LogD3D11RHI: InitD3DDevice
[2015.09.07-02.45.49:758][694]LogEditorViewport: Clicking on Actor (LMB): FirstPersonCharacter_C (FirstPersonCharacter)
[2015.09.07-02.45.51:445][886]LogEditorViewport: Clicking on Actor (LMB): StaticMeshActor (Floor)
[2015.09.07-02.45.52:090][956]LogEditorViewport: Clicking on Actor (LMB): BrainCharacter_C (BrainCharacter)
[2015.09.07-02.45.59:881][883]LogEditorViewport: Clicking on Actor (LMB): FirstPersonCharacter_C (FirstPersonCharacter)
[2015.09.07-02.46.01:859][108]LogEditorViewport: Clicking on Actor (LMB): BrainCharacter_C (BrainCharacter)
[2015.09.07-02.46.12:132][264]LogEditorViewport: Clicking on Actor (LMB): FirstPersonCharacter_C (FirstPersonCharacter)
[2015.09.07-02.46.16:645][794]LogEditorViewport: Clicking on Actor (LMB): BrainCharacter_C (BrainCharacter)
[2015.09.07-02.46.18:723][ 34]LogD3D11RHI: InitD3DDevice
[2015.09.07-02.46.18:771][ 34]LogD3D11RHI: InitD3DDevice
[2015.09.07-02.46.28:066][141]LogEditorViewport: Clicking on Actor (LMB): FirstPersonCharacter_C (FirstPersonCharacter)
[2015.09.07-02.46.31:071][489]LogD3D11RHI: InitD3DDevice
[2015.09.07-02.46.35:947][ 63]LogEditorViewport: Clicking on Actor (LMB): BrainCharacter_C (BrainCharacter)
[2015.09.07-02.46.37:708][262]LogPlayLevel: PIE:  No blueprints needed recompiling
[2015.09.07-02.46.37:710][262]PIE: New page: PIE session: FirstPersonExampleMap (Sep 6, 2015, 6:46:37 PM)
[2015.09.07-02.46.37:711][262]LogPlayLevel: Creating play world package: /Game/FirstPerson/Maps/UEDPIE_0_FirstPersonExampleMap
[2015.09.07-02.46.37:729][262]LogPlayLevel: PIE: StaticDuplicateObject took: (0.017824s)
[2015.09.07-02.46.37:731][262]LogAIModule: Creating AISystem for world FirstPersonExampleMap
[2015.09.07-02.46.37:732][262]LogPlayLevel: PIE: World Init took: (0.002152s)
[2015.09.07-02.46.37:733][262]LogPlayLevel: PIE: Created PIE world by copying editor world from /Game/FirstPerson/Maps/FirstPersonExampleMap.FirstPersonExampleMap to /Game/FirstPerson/Maps/UEDPIE_0_FirstPersonExampleMap.FirstPersonExampleMap (0.021984s)
[2015.09.07-02.46.37:733][262]LogActorComponent: UnregisterComponent: (/Engine/Transient.CharMoveComp) Not registered. Aborting.
[2015.09.07-02.46.37:734][262]LogActorComponent: UnregisterComponent: (/Engine/Transient.ProjectileComp) Not registered. Aborting.
[2015.09.07-02.46.37:734][262]LogActorComponent: UnregisterComponent: (/Engine/Transient.CharacterMovementComponent_0) Not registered. Aborting.
[2015.09.07-02.46.37:759][262]LogParticles: Destroying 0 GPU particle simulations for FXSystem 0x0000000030713D80
[2015.09.07-02.46.37:815][262]LogInit: XAudio2 using 'Haut-parleurs (C-Media USB Audio Device   )' : 2 channels at 44.1 kHz using 16 bits per sample (channel mask 0x3)
[2015.09.07-02.46.37:821][262]LogInit: FAudioDevice initialized.
[2015.09.07-02.46.37:885][262]LogWorld: Game class is 'BrainGameMode'
[2015.09.07-02.46.37:893][262]LogWorld: Bringing World /Game/FirstPerson/Maps/UEDPIE_0_FirstPersonExampleMap.FirstPersonExampleMap up for play (max tick rate 0) at 2015.09.06-22.46.37
[2015.09.07-02.46.37:894][262]LogActor:Warning: GameSession /Game/FirstPerson/Maps/UEDPIE_0_FirstPersonExampleMap.FirstPersonExampleMap:PersistentLevel.GameSession_0 has natively added scene component(s), but none of them were set as the actor's RootComponent - picking one arbitrarily
[2015.09.07-02.46.37:894][262]LogActor:Warning: GameNetworkManager /Game/FirstPerson/Maps/UEDPIE_0_FirstPersonExampleMap.FirstPersonExampleMap:PersistentLevel.GameNetworkManager_0 has natively added scene component(s), but none of them were set as the actor's RootComponent - picking one arbitrarily
[2015.09.07-02.46.37:896][262]LogWorld: Bringing up level for play took: 0.008045
[2015.09.07-02.46.37:898][262]PIE: Info Play in editor start time for /Game/FirstPerson/Maps/UEDPIE_0_FirstPersonExampleMap 0.205
[2015.09.07-02.46.51:504][878]LogParticles: Destroying 0 GPU particle simulations for FXSystem 0x0000000021C23060
[2015.09.07-02.46.57:606][601]LogPlayLevel: PIE:  No blueprints needed recompiling
[2015.09.07-02.46.57:607][601]PIE: New page: PIE session: FirstPersonExampleMap (Sep 6, 2015, 6:46:57 PM)
[2015.09.07-02.46.57:607][601]LogPlayLevel: Creating play world package: /Game/FirstPerson/Maps/UEDPIE_0_FirstPersonExampleMap
[2015.09.07-02.46.57:626][601]LogPlayLevel: PIE: StaticDuplicateObject took: (0.017959s)
[2015.09.07-02.46.57:627][601]LogAIModule: Creating AISystem for world FirstPersonExampleMap
[2015.09.07-02.46.57:629][601]LogPlayLevel: PIE: World Init took: (0.002290s)
[2015.09.07-02.46.57:629][601]LogPlayLevel: PIE: Created PIE world by copying editor world from /Game/FirstPerson/Maps/FirstPersonExampleMap.FirstPersonExampleMap to /Game/FirstPerson/Maps/UEDPIE_0_FirstPersonExampleMap.FirstPersonExampleMap (0.022069s)
[2015.09.07-02.46.57:661][601]LogInit: XAudio2 using 'Haut-parleurs (C-Media USB Audio Device   )' : 2 channels at 44.1 kHz using 16 bits per sample (channel mask 0x3)
[2015.09.07-02.46.57:668][601]LogInit: FAudioDevice initialized.
[2015.09.07-02.46.57:703][601]LogWorld: Game class is 'BrainGameMode'
[2015.09.07-02.46.57:710][601]LogWorld: Bringing World /Game/FirstPerson/Maps/UEDPIE_0_FirstPersonExampleMap.FirstPersonExampleMap up for play (max tick rate 0) at 2015.09.06-22.46.57
[2015.09.07-02.46.57:710][601]LogActor:Warning: GameSession /Game/FirstPerson/Maps/UEDPIE_0_FirstPersonExampleMap.FirstPersonExampleMap:PersistentLevel.GameSession_1 has natively added scene component(s), but none of them were set as the actor's RootComponent - picking one arbitrarily
[2015.09.07-02.46.57:711][601]LogActor:Warning: GameNetworkManager /Game/FirstPerson/Maps/UEDPIE_0_FirstPersonExampleMap.FirstPersonExampleMap:PersistentLevel.GameNetworkManager_1 has natively added scene component(s), but none of them were set as the actor's RootComponent - picking one arbitrarily
[2015.09.07-02.46.57:712][601]LogWorld: Bringing up level for play took: 0.007359
[2015.09.07-02.46.57:714][601]PIE: Info Play in editor start time for /Game/FirstPerson/Maps/UEDPIE_0_FirstPersonExampleMap 0.021
[2015.09.07-02.47.02:877][202]LogParticles: Destroying 0 GPU particle simulations for FXSystem 0x0000000010681EE0
[2015.09.07-02.47.09:638][915]LogD3D11RHI: InitD3DDevice
[2015.09.07-02.47.09:658][915]LogD3D11RHI: InitD3DDevice
[2015.09.07-02.47.35:417][294]LogActorComponent: UnregisterComponent: (/Engine/Transient.ProjectileComp) Not registered. Aborting.
[2015.09.07-02.47.35:418][294]LogActorComponent: UnregisterComponent: (/Engine/Transient.CharMoveComp) Not registered. Aborting.
[2015.09.07-02.47.35:418][294]LogActorComponent: UnregisterComponent: (/Engine/Transient.CharacterMovementComponent_1) Not registered. Aborting.
[2015.09.07-02.47.39:501][712]LogPlayLevel: PIE:  No blueprints needed recompiling
[2015.09.07-02.47.39:502][712]PIE: New page: PIE session: FirstPersonExampleMap (Sep 6, 2015, 6:47:39 PM)
[2015.09.07-02.47.39:503][712]LogPlayLevel: Creating play world package: /Game/FirstPerson/Maps/UEDPIE_0_FirstPersonExampleMap
[2015.09.07-02.47.39:522][712]LogPlayLevel: PIE: StaticDuplicateObject took: (0.018826s)
[2015.09.07-02.47.39:524][712]LogAIModule: Creating AISystem for world FirstPersonExampleMap
[2015.09.07-02.47.39:525][712]LogPlayLevel: PIE: World Init took: (0.002299s)
[2015.09.07-02.47.39:526][712]LogPlayLevel: PIE: Created PIE world by copying editor world from /Game/FirstPerson/Maps/FirstPersonExampleMap.FirstPersonExampleMap to /Game/FirstPerson/Maps/UEDPIE_0_FirstPersonExampleMap.FirstPersonExampleMap (0.023052s)
[2015.09.07-02.47.39:526][712]LogActorComponent: UnregisterComponent: (/Engine/Transient.CharacterMovementComponent_2) Not registered. Aborting.
[2015.09.07-02.47.39:559][712]LogInit: XAudio2 using 'Haut-parleurs (C-Media USB Audio Device   )' : 2 channels at 44.1 kHz using 16 bits per sample (channel mask 0x3)
[2015.09.07-02.47.39:565][712]LogInit: FAudioDevice initialized.
[2015.09.07-02.47.39:603][712]LogWorld: Game class is 'BrainGameMode'
[2015.09.07-02.47.39:619][712]LogWorld: Bringing World /Game/FirstPerson/Maps/UEDPIE_0_FirstPersonExampleMap.FirstPersonExampleMap up for play (max tick rate 0) at 2015.09.06-22.47.39
[2015.09.07-02.47.39:621][712]LogActor:Warning: GameSession /Game/FirstPerson/Maps/UEDPIE_0_FirstPersonExampleMap.FirstPersonExampleMap:PersistentLevel.GameSession_2 has natively added scene component(s), but none of them were set as the actor's RootComponent - picking one arbitrarily
[2015.09.07-02.47.39:622][712]LogActor:Warning: GameNetworkManager /Game/FirstPerson/Maps/UEDPIE_0_FirstPersonExampleMap.FirstPersonExampleMap:PersistentLevel.GameNetworkManager_2 has natively added scene component(s), but none of them were set as the actor's RootComponent - picking one arbitrarily
[2015.09.07-02.47.39:624][712]LogWorld: Bringing up level for play took: 0.017095
[2015.09.07-02.47.39:628][712]PIE: Info Play in editor start time for /Game/FirstPerson/Maps/UEDPIE_0_FirstPersonExampleMap -0.065
[2015.09.07-02.47.49:045][827]LogParticles: Destroying 0 GPU particle simulations for FXSystem 0x000000006A581B20
[2015.09.07-02.47.54:265][333]LogActorComponent: UnregisterComponent: (/Engine/Transient.ProjectileComp) Not registered. Aborting.
[2015.09.07-02.47.54:266][333]LogActorComponent: UnregisterComponent: (/Engine/Transient.CharMoveComp) Not registered. Aborting.
[2015.09.07-02.47.54:266][333]LogActorComponent: UnregisterComponent: (/Engine/Transient.CharacterMovementComponent_3) Not registered. Aborting.
[2015.09.07-02.47.55:928][492]BlueprintLog: New page: Compile BrainCharacter
[2015.09.07-02.47.56:091][492]LogActorComponent: UnregisterComponent: (/Engine/Transient.CharacterMovementComponent_4) Not registered. Aborting.
[2015.09.07-02.47.56:130][492]BlueprintEditorCompileResults: Info [0175.03] Compile of BrainCharacter successful! [in 202 ms]
[2015.09.07-02.47.57:861][672]LogPlayLevel: PIE:  No blueprints needed recompiling
[2015.09.07-02.47.57:862][672]PIE: New page: PIE session: FirstPersonExampleMap (Sep 6, 2015, 6:47:57 PM)
[2015.09.07-02.47.57:863][672]LogPlayLevel: Creating play world package: /Game/FirstPerson/Maps/UEDPIE_0_FirstPersonExampleMap
[2015.09.07-02.47.57:883][672]LogPlayLevel: PIE: StaticDuplicateObject took: (0.020219s)
[2015.09.07-02.47.57:885][672]LogAIModule: Creating AISystem for world FirstPersonExampleMap
[2015.09.07-02.47.57:887][672]LogPlayLevel: PIE: World Init took: (0.002340s)
[2015.09.07-02.47.57:887][672]LogPlayLevel: PIE: Created PIE world by copying editor world from /Game/FirstPerson/Maps/FirstPersonExampleMap.FirstPersonExampleMap to /Game/FirstPerson/Maps/UEDPIE_0_FirstPersonExampleMap.FirstPersonExampleMap (0.024711s)
[2015.09.07-02.47.57:888][672]LogActorComponent: UnregisterComponent: (/Engine/Transient.CharMoveComp) Not registered. Aborting.
[2015.09.07-02.47.57:920][672]LogInit: XAudio2 using 'Haut-parleurs (C-Media USB Audio Device   )' : 2 channels at 44.1 kHz using 16 bits per sample (channel mask 0x3)
[2015.09.07-02.47.57:926][672]LogInit: FAudioDevice initialized.
[2015.09.07-02.47.57:957][672]LogWorld: Game class is 'BrainGameMode'
[2015.09.07-02.47.57:965][672]LogWorld: Bringing World /Game/FirstPerson/Maps/UEDPIE_0_FirstPersonExampleMap.FirstPersonExampleMap up for play (max tick rate 0) at 2015.09.06-22.47.57
[2015.09.07-02.47.57:965][672]LogActor:Warning: GameSession /Game/FirstPerson/Maps/UEDPIE_0_FirstPersonExampleMap.FirstPersonExampleMap:PersistentLevel.GameSession_3 has natively added scene component(s), but none of them were set as the actor's RootComponent - picking one arbitrarily
[2015.09.07-02.47.57:966][672]LogActor:Warning: GameNetworkManager /Game/FirstPerson/Maps/UEDPIE_0_FirstPersonExampleMap.FirstPersonExampleMap:PersistentLevel.GameNetworkManager_3 has natively added scene component(s), but none of them were set as the actor's RootComponent - picking one arbitrarily
[2015.09.07-02.47.57:967][672]LogWorld: Bringing up level for play took: 0.007401
[2015.09.07-02.47.57:968][672]PIE: Info Play in editor start time for /Game/FirstPerson/Maps/UEDPIE_0_FirstPersonExampleMap 0.275
[2015.09.07-02.48.08:742][937]LogParticles: Destroying 0 GPU particle simulations for FXSystem 0x000000002F5C4860
[2015.09.07-02.48.09:333][  2]LogD3D11RHI: InitD3DDevice
[2015.09.07-02.48.12:821][  3]Cmd: QUIT_EDITOR
[2015.09.07-02.48.13:123][  3]LogExit: Preparing to exit.
[2015.09.07-02.48.13:593][  3]LogExit: Editor shut down
[2015.09.07-02.48.13:593][  3]LogExit: Transaction tracking system shut down
[2015.09.07-02.48.13:595][  3]LogParticles: Destroying 0 GPU particle simulations for FXSystem 0x000000001FDE0680
[2015.09.07-02.48.13:595][  3]LogParticles: Destroying 0 GPU particle simulations for FXSystem 0x000000000E836DE0
[2015.09.07-02.48.13:596][  3]LogParticles: Destroying 0 GPU particle simulations for FXSystem 0x000000002F6E4E00
[2015.09.07-02.48.13:598][  3]LogParticles: Destroying 0 GPU particle simulations for FXSystem 0x0000000066F0CA40
[2015.09.07-02.48.13:598][  3]LogParticles: Destroying 0 GPU particle simulations for FXSystem 0x00000000670A1B20
[2015.09.07-02.48.13:599][  3]LogParticles: Destroying 0 GPU particle simulations for FXSystem 0x000000006CB81C60
[2015.09.07-02.48.13:600][  3]LogParticles: Destroying 0 GPU particle simulations for FXSystem 0x000000000EDB82C0
[2015.09.07-02.48.13:811][  3]LogParticles: Destroying 0 GPU particle simulations for FXSystem 0x000000000FF27880
[2015.09.07-02.48.13:812][  3]LogExit: Object subsystem successfully closed.
[2015.09.07-02.48.13:829][  3]LogD3D11RHI: Shutdown
[2015.09.07-02.48.13:829][  3]LogD3D11RHI: CleanupD3DDevice
[2015.09.07-02.48.14:700][  3]LogD3D11RHI: ~FD3D11DynamicRHI
[2015.09.07-02.48.14:715][  3]LogModuleManager: Shutting down and abandoning module CrashTracker (189)
[2015.09.07-02.48.14:716][  3]LogModuleManager: Shutting down and abandoning module SceneOutliner (188)
[2015.09.07-02.48.14:716][  3]LogModuleManager: Shutting down and abandoning module SuperSearch (187)
[2015.09.07-02.48.14:716][  3]LogModuleManager: Shutting down and abandoning module WidgetCarousel (186)
[2015.09.07-02.48.14:717][  3]LogModuleManager: Shutting down and abandoning module AddContentDialog (185)
[2015.09.07-02.48.14:718][  3]LogModuleManager: Shutting down and abandoning module EditorWidgets (184)
[2015.09.07-02.48.14:718][  3]LogModuleManager: Shutting down and abandoning module CollectionManager (183)
[2015.09.07-02.48.14:718][  3]LogModuleManager: Shutting down and abandoning module StatsViewer (182)
[2015.09.07-02.48.14:718][  3]LogModuleManager: Shutting down and abandoning module FoliageEdit (181)
[2015.09.07-02.48.14:719][  3]LogModuleManager: Shutting down and abandoning module LandscapeEditor (180)
[2015.09.07-02.48.14:719][  3]LogModuleManager: Shutting down and abandoning module ActorPickerMode (179)
[2015.09.07-02.48.14:719][  3]LogModuleManager: Shutting down and abandoning module GeometryMode (178)
[2015.09.07-02.48.14:719][  3]LogModuleManager: Shutting down and abandoning module TextureAlignMode (177)
[2015.09.07-02.48.14:720][  3]LogModuleManager: Shutting down and abandoning module BspMode (176)
[2015.09.07-02.48.14:720][  3]LogModuleManager: Shutting down and abandoning module PlacementMode (175)
[2015.09.07-02.48.14:720][  3]LogModuleManager: Shutting down and abandoning module AutomationWorker (174)
[2015.09.07-02.48.14:720][  3]LogModuleManager: Shutting down and abandoning module CharacterAI (173)
[2015.09.07-02.48.14:721][  3]LogModuleManager: Shutting down and abandoning module SmartSnapping (172)
[2015.09.07-02.48.14:721][  3]LogModuleManager: Shutting down and abandoning module ViewportSnapping (171)
[2015.09.07-02.48.14:721][  3]LogModuleManager: Shutting down and abandoning module LogVisualizer (170)
[2015.09.07-02.48.14:721][  3]LogModuleManager: Shutting down and abandoning module GameProjectGeneration (169)
[2015.09.07-02.48.14:722][  3]LogModuleManager: Shutting down and abandoning module IntroTutorials (168)
[2015.09.07-02.48.14:722][  3]LogModuleManager: Shutting down and abandoning module EditorLiveStreaming (167)
[2015.09.07-02.48.14:722][  3]LogModuleManager: Shutting down and abandoning module IOSPlatformEditor (166)
[2015.09.07-02.48.14:722][  3]LogModuleManager: Shutting down and abandoning module HTML5PlatformEditor (165)
[2015.09.07-02.48.14:723][  3]LogModuleManager: Shutting down and abandoning module AndroidDeviceDetection (164)
[2015.09.07-02.48.14:834][  3]LogModuleManager: Shutting down and abandoning module AndroidPlatformEditor (163)
[2015.09.07-02.48.14:835][  3]LogModuleManager: Shutting down and abandoning module IOSRuntimeSettings (162)
[2015.09.07-02.48.14:836][  3]LogModuleManager: Shutting down and abandoning module AndroidRuntimeSettings (161)
[2015.09.07-02.48.14:837][  3]LogModuleManager: Shutting down and abandoning module MergeActors (160)
[2015.09.07-02.48.14:837][  3]LogModuleManager: Shutting down and abandoning module SizeMap (159)
[2015.09.07-02.48.14:838][  3]LogModuleManager: Shutting down and abandoning module TreeMap (158)
[2015.09.07-02.48.14:839][  3]LogModuleManager: Shutting down and abandoning module ReferenceViewer (157)
[2015.09.07-02.48.14:839][  3]LogModuleManager: Shutting down and abandoning module LocalizationDashboard (156)
[2015.09.07-02.48.14:840][  3]LogModuleManager: Shutting down and abandoning module HardwareTargeting (155)
[2015.09.07-02.48.14:840][  3]LogModuleManager: Shutting down and abandoning module DeviceProfileEditor (154)
[2015.09.07-02.48.14:841][  3]LogModuleManager: Shutting down and abandoning module UndoHistory (153)
[2015.09.07-02.48.14:841][  3]LogModuleManager: Shutting down and abandoning module GameplayTagsEditor (152)
[2015.09.07-02.48.14:842][  3]LogModuleManager: Shutting down and abandoning module UserFeedback (151)
[2015.09.07-02.48.14:843][  3]LogModuleManager: Shutting down and abandoning module XmlParser (150)
[2015.09.07-02.48.14:843][  3]LogModuleManager: Shutting down and abandoning module Blutility (149)
[2015.09.07-02.48.14:844][  3]LogModuleManager: Shutting down and abandoning module ProjectTargetPlatformEditor (148)
[2015.09.07-02.48.14:844][  3]LogModuleManager: Shutting down and abandoning module ProjectSettingsViewer (147)
[2015.09.07-02.48.14:845][  3]LogModuleManager: Shutting down and abandoning module InputBindingEditor (146)
[2015.09.07-02.48.14:846][  3]LogModuleManager: Shutting down and abandoning module EditorSettingsViewer (145)
[2015.09.07-02.48.14:846][  3]LogModuleManager: Shutting down and abandoning module SettingsEditor (144)
[2015.09.07-02.48.14:847][  3]LogModuleManager: Shutting down and abandoning module ProjectLauncher (143)
[2015.09.07-02.48.14:847][  3]LogModuleManager: Shutting down and abandoning module SessionFrontend (142)
[2015.09.07-02.48.14:848][  3]LogModuleManager: Shutting down and abandoning module ProfilerClient (141)
[2015.09.07-02.48.14:848][  3]LogModuleManager: Shutting down and abandoning module TargetDeviceServices (140)
[2015.09.07-02.48.14:849][  3]LogModuleManager: Shutting down and abandoning module DeviceManager (139)
[2015.09.07-02.48.14:850][  3]LogModuleManager: Shutting down and abandoning module AutomationController (138)
[2015.09.07-02.48.14:850][  3]LogModuleManager: Shutting down and abandoning module AutomationWindow (137)
[2015.09.07-02.48.14:851][  3]LogModuleManager: Shutting down and abandoning module Layers (136)
[2015.09.07-02.48.14:851][  3]LogModuleManager: Shutting down and abandoning module ComponentVisualizers (135)
[2015.09.07-02.48.14:852][  3]LogModuleManager: Shutting down and abandoning module DetailCustomizations (134)
[2015.09.07-02.48.14:852][  3]LogModuleManager: Shutting down and abandoning module PackagesDialog (133)
[2015.09.07-02.48.14:853][  3]LogModuleManager: Shutting down and abandoning module AssetRegistry (132)
[2015.09.07-02.48.14:903][  3]LogModuleManager: Shutting down and abandoning module Persona (131)
[2015.09.07-02.48.14:904][  3]LogModuleManager: Shutting down and abandoning module Kismet (130)
[2015.09.07-02.48.14:904][  3]LogModuleManager: Shutting down and abandoning module GraphEditor (129)
[2015.09.07-02.48.14:904][  3]LogModuleManager: Shutting down and abandoning module ClassViewer (128)
[2015.09.07-02.48.14:906][  3]LogModuleManager: Shutting down and abandoning module Toolbox (127)
[2015.09.07-02.48.14:906][  3]LogModuleManager: Shutting down and abandoning module ModuleUI (126)
[2015.09.07-02.48.14:906][  3]LogModuleManager: Shutting down and abandoning module MovieSceneTools (125)
[2015.09.07-02.48.14:907][  3]LogModuleManager: Shutting down and abandoning module OutputLog (124)
[2015.09.07-02.48.14:907][  3]LogModuleManager: Shutting down and abandoning module GammaUI (123)
[2015.09.07-02.48.14:907][  3]LogModuleManager: Shutting down and abandoning module Documentation (122)
[2015.09.07-02.48.14:907][  3]LogModuleManager: Shutting down and abandoning module GameLiveStreaming (121)
[2015.09.07-02.48.14:907][  3]LogModuleManager: Shutting down and abandoning module StreamingPauseRendering (120)
[2015.09.07-02.48.14:908][  3]LogModuleManager: Shutting down and abandoning module AnalyticsET (119)
[2015.09.07-02.48.14:908][  3]LogModuleManager: Shutting down and abandoning module Analytics (118)
[2015.09.07-02.48.14:908][  3]LogModuleManager: Shutting down and abandoning module AITestSuite (117)
[2015.09.07-02.48.14:908][  3]LogModuleManager: Shutting down and abandoning module GameplayDebugger (116)
[2015.09.07-02.48.14:909][  3]LogModuleManager: Shutting down and abandoning module AIModule (115)
[2015.09.07-02.48.14:909][  3]LogModuleManager: Shutting down and abandoning module ProfilerService (114)
[2015.09.07-02.48.15:036][  3]LogModuleManager: Shutting down and abandoning module TaskGraph (113)
[2015.09.07-02.48.15:036][  3]LogModuleManager: Shutting down and abandoning module SlateRemote (112)
[2015.09.07-02.48.15:037][  3]LogModuleManager: Shutting down and abandoning module SteamVRController (111)
[2015.09.07-02.48.15:038][  3]LogModuleManager: Shutting down and abandoning module SteamVR (110)
[2015.09.07-02.48.15:039][  3]LogModuleManager: Shutting down and abandoning module ProceduralMeshComponent (109)
[2015.09.07-02.48.15:039][  3]LogModuleManager: Shutting down and abandoning module OculusRift (108)
[2015.09.07-02.48.15:040][  3]LogModuleManager: Shutting down and abandoning module LeapMotionController (107)
[2015.09.07-02.48.15:052][  3]LogModuleManager: Shutting down and abandoning module CustomMeshComponent (106)
[2015.09.07-02.48.15:053][  3]LogModuleManager: Shutting down and abandoning module CableComponent (105)
[2015.09.07-02.48.15:053][  3]LogModuleManager: Shutting down and abandoning module MessagingDebugger (104)
[2015.09.07-02.48.15:053][  3]LogModuleManager: Shutting down and abandoning module MediaPlayerEditor (103)
[2015.09.07-02.48.15:053][  3]LogModuleManager: Shutting down and abandoning module SpeedTreeImporter (102)
[2015.09.07-02.48.15:054][  3]LogModuleManager: Shutting down and abandoning module PluginBrowser (101)
[2015.09.07-02.48.15:054][  3]LogModuleManager: Shutting down and abandoning module EpicSurvey (100)
[2015.09.07-02.48.15:054][  3]LogModuleManager: Shutting down and abandoning module DesktopPlatform (99)
[2015.09.07-02.48.15:054][  3]LogModuleManager: Shutting down and abandoning module VisualStudioSourceCodeAccess (98)
[2015.09.07-02.48.15:055][  3]LogModuleManager: Shutting down and abandoning module UObjectPlugin (97)
[2015.09.07-02.48.15:055][  3]LogModuleManager: Shutting down and abandoning module SubversionSourceControl (96)
[2015.09.07-02.48.15:055][  3]LogModuleManager: Shutting down and abandoning module PerforceSourceControl (95)
[2015.09.07-02.48.15:055][  3]LogModuleManager: Shutting down and abandoning module SourceControl (94)
[2015.09.07-02.48.15:055][  3]LogModuleManager: Shutting down and abandoning module GitSourceControl (93)
[2015.09.07-02.48.15:056][  3]LogModuleManager: Shutting down and abandoning module BlankPlugin (92)
[2015.09.07-02.48.15:056][  3]LogModuleManager: Shutting down and abandoning module PaperTiledImporter (91)
[2015.09.07-02.48.15:056][  3]LogModuleManager: Shutting down and abandoning module PaperSpriteSheetImporter (90)
[2015.09.07-02.48.15:056][  3]LogModuleManager: Shutting down and abandoning module MeshPaint (89)
[2015.09.07-02.48.15:057][  3]LogModuleManager: Shutting down and abandoning module SlateReflector (88)
[2015.09.07-02.48.15:057][  3]LogModuleManager: Shutting down and abandoning module DirectoryWatcher (87)
[2015.09.07-02.48.15:057][  3]LogModuleManager: Shutting down and abandoning module HotReload (86)
[2015.09.07-02.48.15:058][  3]LogModuleManager: Shutting down and abandoning module MainFrame (85)
[2015.09.07-02.48.15:058][  3]LogModuleManager: Shutting down and abandoning module LevelEditor (84)
[2015.09.07-02.48.15:059][  3]LogModuleManager: Shutting down and abandoning module ContentBrowser (83)
[2015.09.07-02.48.15:060][  3]LogModuleManager: Shutting down and abandoning module Paper2DEditor (82)
[2015.09.07-02.48.15:060][  3]LogModuleManager: Shutting down and abandoning module Brain (81)
[2015.09.07-02.48.15:060][  3]LogModuleManager: Shutting down and abandoning module UdpMessaging (80)
[2015.09.07-02.48.15:160][  3]LogModuleManager: Shutting down and abandoning module Paper2D (79)
[2015.09.07-02.48.15:160][  3]LogModuleManager: Shutting down and abandoning module WindowsMoviePlayer (78)
[2015.09.07-02.48.15:163][  3]LogModuleManager: Shutting down and abandoning module Media (77)
[2015.09.07-02.48.15:163][  3]LogModuleManager: Shutting down and abandoning module WmfMedia (76)
[2015.09.07-02.48.15:165][  3]LogModuleManager: Shutting down and abandoning module OnlineBlueprintSupport (75)
[2015.09.07-02.48.15:165][  3]LogModuleManager: Shutting down and abandoning module PropertyEditor (74)
[2015.09.07-02.48.15:165][  3]LogModuleManager: Shutting down and abandoning module BehaviorTreeEditor (73)
[2015.09.07-02.48.15:166][  3]LogModuleManager: Shutting down and abandoning module FunctionalTesting (72)
[2015.09.07-02.48.15:166][  3]LogModuleManager: Shutting down and abandoning module CollisionAnalyzer (71)
[2015.09.07-02.48.15:166][  3]LogModuleManager: Shutting down and abandoning module WorkspaceMenuStructure (70)
[2015.09.07-02.48.15:166][  3]LogModuleManager: Shutting down and abandoning module MessageLog (69)
[2015.09.07-02.48.15:166][  3]LogModuleManager: Shutting down and abandoning module Sequencer (68)
[2015.09.07-02.48.15:167][  3]LogModuleManager: Shutting down and abandoning module AssetTools (67)
[2015.09.07-02.48.15:167][  3]LogModuleManager: Shutting down and abandoning module UMGEditor (66)
[2015.09.07-02.48.15:167][  3]LogModuleManager: Shutting down and abandoning module UMG (65)
[2015.09.07-02.48.15:167][  3]LogModuleManager: Shutting down and abandoning module Slate (64)
[2015.09.07-02.48.15:168][  3]LogModuleManager: Shutting down and abandoning module EditorStyle (63)
[2015.09.07-02.48.15:170][  3]LogModuleManager: Shutting down and abandoning module SessionServices (62)
[2015.09.07-02.48.15:170][  3]LogModuleManager: Shutting down and abandoning module SourceCodeAccess (61)
[2015.09.07-02.48.15:170][  3]LogModuleManager: Shutting down and abandoning module HeadMountedDisplay (60)
[2015.09.07-02.48.15:171][  3]LogModuleManager: Shutting down and abandoning module XAudio2 (59)
[2015.09.07-02.48.15:171][  3]LogModuleManager: Shutting down and abandoning module Networking (57)
[2015.09.07-02.48.15:171][  3]LogModuleManager: Shutting down and abandoning module Core (56)
[2015.09.07-02.48.15:171][  3]LogModuleManager: Shutting down and abandoning module KismetCompiler (55)
[2015.09.07-02.48.15:171][  3]LogModuleManager: Shutting down and abandoning module PhysXFormats (54)
[2015.09.07-02.48.15:172][  3]LogModuleManager: Shutting down and abandoning module MeshUtilities (53)
[2015.09.07-02.48.15:172][  3]LogModuleManager: Shutting down and abandoning module DerivedDataCache (52)
[2015.09.07-02.48.15:198][  3]LogDerivedDataCache: Shutdown
[2015.09.07-02.48.15:199][  3]LogModuleManager: Shutting down and abandoning module ShaderFormatOpenGL (51)
[2015.09.07-02.48.15:199][  3]LogModuleManager: Shutting down and abandoning module ShaderFormatD3D (50)
[2015.09.07-02.48.15:199][  3]LogModuleManager: Shutting down and abandoning module MetalShaderFormat (49)
[2015.09.07-02.48.15:200][  3]LogModuleManager: Shutting down and abandoning module TextureFormatUncompressed (48)
[2015.09.07-02.48.15:200][  3]LogModuleManager: Shutting down and abandoning module TextureFormatPVR (47)
[2015.09.07-02.48.15:200][  3]LogModuleManager: Shutting down and abandoning module TextureFormatIntelISPCTexComp (46)
[2015.09.07-02.48.15:200][  3]LogModuleManager: Shutting down and abandoning module TextureFormatDXT (45)
[2015.09.07-02.48.15:200][  3]LogModuleManager: Shutting down and abandoning module ImageWrapper (44)
[2015.09.07-02.48.15:201][  3]LogModuleManager: Shutting down and abandoning module TextureFormatASTC (43)
[2015.09.07-02.48.15:201][  3]LogModuleManager: Shutting down and abandoning module TextureFormatAndroid (42)
[2015.09.07-02.48.15:201][  3]LogModuleManager: Shutting down and abandoning module AudioFormatOpus (41)
[2015.09.07-02.48.15:202][  3]LogModuleManager: Shutting down and abandoning module AudioFormatOgg (40)
[2015.09.07-02.48.15:202][  3]LogModuleManager: Shutting down and abandoning module AudioFormatADPCM (39)
[2015.09.07-02.48.15:202][  3]LogModuleManager: Shutting down and abandoning module LinuxTargetPlatform (38)
[2015.09.07-02.48.15:202][  3]LogModuleManager: Shutting down and abandoning module LinuxServerTargetPlatform (37)
[2015.09.07-02.48.15:202][  3]LogModuleManager: Shutting down and abandoning module LinuxNoEditorTargetPlatform (36)
[2015.09.07-02.48.15:203][  3]LogModuleManager: Shutting down and abandoning module Messaging (35)
[2015.09.07-02.48.15:203][  3]LogModuleManager: Shutting down and abandoning module IOSTargetPlatform (34)
[2015.09.07-02.48.15:203][  3]LogModuleManager: Shutting down and abandoning module HTML5TargetPlatform (33)
[2015.09.07-02.48.15:203][  3]LogModuleManager: Shutting down and abandoning module Android_PVRTCTargetPlatform (32)
[2015.09.07-02.48.15:204][  3]LogModuleManager: Shutting down and abandoning module Android_ETC2TargetPlatform (31)
[2015.09.07-02.48.15:204][  3]LogModuleManager: Shutting down and abandoning module Android_ETC1TargetPlatform (30)
[2015.09.07-02.48.15:204][  3]LogModuleManager: Shutting down and abandoning module Android_DXTTargetPlatform (29)
[2015.09.07-02.48.15:204][  3]LogModuleManager: Shutting down and abandoning module Android_ATCTargetPlatform (28)
[2015.09.07-02.48.15:204][  3]LogModuleManager: Shutting down and abandoning module Android_ASTCTargetPlatform (27)
[2015.09.07-02.48.15:205][  3]LogModuleManager: Shutting down and abandoning module AndroidTargetPlatform (26)
[2015.09.07-02.48.15:205][  3]LogModuleManager: Shutting down and abandoning module WindowsTargetPlatform (25)
[2015.09.07-02.48.15:205][  3]LogModuleManager: Shutting down and abandoning module WindowsServerTargetPlatform (24)
[2015.09.07-02.48.15:205][  3]LogModuleManager: Shutting down and abandoning module WindowsNoEditorTargetPlatform (23)
[2015.09.07-02.48.15:206][  3]LogModuleManager: Shutting down and abandoning module WindowsClientTargetPlatform (22)
[2015.09.07-02.48.15:206][  3]LogModuleManager: Shutting down and abandoning module DesktopTargetPlatform (21)
[2015.09.07-02.48.15:206][  3]LogModuleManager: Shutting down and abandoning module TargetPlatform (20)
[2015.09.07-02.48.15:206][  3]LogModuleManager: Shutting down and abandoning module InputCore (19)
[2015.09.07-02.48.15:206][  3]LogModuleManager: Shutting down and abandoning module Settings (18)
[2015.09.07-02.48.15:207][  3]LogModuleManager: Shutting down and abandoning module OnlineSubsystem (16)
[2015.09.07-02.48.15:207][  3]LogModuleManager: Shutting down and abandoning module HTTP (15)
[2015.09.07-02.48.15:208][  3]LogModuleManager: Shutting down and abandoning module ExampleDeviceProfileSelector (14)
[2015.09.07-02.48.15:208][  3]LogModuleManager: Shutting down and abandoning module TextureCompressor (13)
[2015.09.07-02.48.15:208][  3]LogModuleManager: Shutting down and abandoning module ShaderCore (12)
[2015.09.07-02.48.15:209][  3]LogModuleManager: Shutting down and abandoning module Landscape (11)
[2015.09.07-02.48.15:209][  3]LogModuleManager: Shutting down and abandoning module SlateRHIRenderer (10)
[2015.09.07-02.48.15:211][  3]LogModuleManager: Shutting down and abandoning module OpenGLDrv (9)
[2015.09.07-02.48.15:212][  3]LogModuleManager: Shutting down and abandoning module D3D11RHI (8)
[2015.09.07-02.48.15:212][  3]LogModuleManager: Shutting down and abandoning module Renderer (7)
[2015.09.07-02.48.15:212][  3]LogModuleManager: Shutting down and abandoning module Engine (6)
[2015.09.07-02.48.15:212][  3]LogModuleManager: Shutting down and abandoning module CoreUObject (5)
[2015.09.07-02.48.15:212][  3]LogModuleManager: Shutting down and abandoning module NetworkFile (4)
[2015.09.07-02.48.15:213][  3]LogModuleManager: Shutting down and abandoning module StreamingFile (3)
[2015.09.07-02.48.15:213][  3]LogModuleManager: Shutting down and abandoning module SandboxFile (2)
[2015.09.07-02.48.15:213][  3]LogModuleManager: Shutting down and abandoning module PakFile (1)
[2015.09.07-02.48.15:216][  3]LogExit: Exiting.
[2015.09.07-02.48.15:217][  3]Log file closed, 09/06/15 22:48:15
