[2015.09.07-19.24.43:999][  0]Log file open, 09/07/15 15:24:43
[2015.09.07-19.24.43:999][  0]LogInit:Display: Running engine for game: Brain
[2015.09.07-19.24.43:999][  0]LogInit:Display: RandInit(1059954274) SRandInit(1059954274).
[2015.09.07-19.24.44:000][  0]LogTaskGraph: Started task graph with 4 named threads and 7 total threads.
[2015.09.07-19.24.44:000][  0]LogStats: Stats thread started
[2015.09.07-19.24.44:000][  0]LogInit: Version: 4.8.3-2634408+++depot+UE4-Releases+4.8
[2015.09.07-19.24.44:001][  0]LogInit: API Version: 2579680
[2015.09.07-19.24.44:001][  0]LogInit: Compiled (64-bit): Jul 27 2015 16:24:33
[2015.09.07-19.24.44:001][  0]LogInit: Compiled with Visual C++: 18.00.21005.01
[2015.09.07-19.24.44:001][  0]LogInit: Build Configuration: Development
[2015.09.07-19.24.44:002][  0]LogInit: Branch Name: ++depot+UE4-Releases+4.8
[2015.09.07-19.24.44:002][  0]LogInit: Command line: 
[2015.09.07-19.24.44:002][  0]LogInit: Base directory: C:/Program Files/Epic Games/4.8/Engine/Binaries/Win64/
[2015.09.07-19.24.44:003][  0]LogInit: Rocket: 1
[2015.09.07-19.24.44:029][  0]LogInit: Using libcurl 7.41.0
[2015.09.07-19.24.44:029][  0]LogInit:  - built for x86_64-pc-win32
[2015.09.07-19.24.44:030][  0]LogInit:  - supports SSL with WinSSL
[2015.09.07-19.24.44:030][  0]LogInit:  - other features:
[2015.09.07-19.24.44:030][  0]LogInit:      CURL_VERSION_SSL
[2015.09.07-19.24.44:031][  0]LogInit:      CURL_VERSION_IPV6
[2015.09.07-19.24.44:031][  0]LogInit:      CURL_VERSION_ASYNCHDNS
[2015.09.07-19.24.44:031][  0]LogInit:      CURL_VERSION_LARGEFILE
[2015.09.07-19.24.44:031][  0]LogInit:      CURL_VERSION_IDN
[2015.09.07-19.24.44:032][  0]LogInit:  CurlRequestOptions (configurable via config and command line):
[2015.09.07-19.24.44:032][  0]LogInit:  - bVerifyPeer = true  - Libcurl will verify peer certificate
[2015.09.07-19.24.44:032][  0]LogInit:  - bUseHttpProxy = false  - Libcurl will NOT use HTTP proxy
[2015.09.07-19.24.44:032][  0]LogInit:  - bDontReuseConnections = false  - Libcurl will reuse connections
[2015.09.07-19.24.44:033][  0]LogInit:  - CertBundlePath = nullptr  - Libcurl will use whatever was configured at build time.
[2015.09.07-19.24.44:048][  0]LogOnline:Warning: No default platform service specified for OnlineSubsystem
[2015.09.07-19.24.44:084][  0]LogInit: Presizing for 0 objects not considered by GC, pre-allocating 0 bytes.
[2015.09.07-19.24.44:091][  0]LogInit: Object subsystem initialized
[2015.09.07-19.24.44:092][  0]LogConsoleResponse:Warning: Skipping Unknown console variable: 'TranslucentSortAxis = (X=0.000000,Y=-1.000000,Z=0.000000)'
[2015.09.07-19.24.44:093][  0]LogConsoleResponse:Warning:   Found in ini file 'C:/Users/frederic/Documents/Unreal Projects/Brain/Saved/Config/Windows/Engine.ini', in section '[/Script/Engine.RendererSettings]'
[2015.09.07-19.24.44:093][  0]LogConsoleResponse:Warning: Skipping Unknown console variable: 'UIScaleRule = ShortestSide'
[2015.09.07-19.24.44:093][  0]LogConsoleResponse:Warning:   Found in ini file 'C:/Users/frederic/Documents/Unreal Projects/Brain/Saved/Config/Windows/Engine.ini', in section '[/Script/Engine.RendererSettings]'
[2015.09.07-19.24.44:093][  0]LogConsoleResponse:Warning: Skipping Unknown console variable: 'UIScaleCurve = (EditorCurveData=(Keys=),ExternalCurve=None)'
[2015.09.07-19.24.44:094][  0]LogConsoleResponse:Warning:   Found in ini file 'C:/Users/frederic/Documents/Unreal Projects/Brain/Saved/Config/Windows/Engine.ini', in section '[/Script/Engine.RendererSettings]'
[2015.09.07-19.24.44:094][  0]LogInit: Selected Device Profile: [Windows]
[2015.09.07-19.24.44:095][  0]LogInit: Applying CVar settings loaded from the selected device profile: [Windows]
[2015.09.07-19.24.44:101][  0]LogInit: Computer: FREDERIC-PC
[2015.09.07-19.24.44:102][  0]LogInit: User: frederic
[2015.09.07-19.24.44:102][  0]LogInit: CPU Page size=4096, Cores=4
[2015.09.07-19.24.44:102][  0]LogInit: High frequency timer resolution =3.331269 MHz
[2015.09.07-19.24.44:103][  0]LogMemory: Memory total: Physical=15.9GB (16GB approx)
[2015.09.07-19.24.44:103][  0]LogMemory: Platform Memory Stats for Windows
[2015.09.07-19.24.44:103][  0]LogMemory: Process Physical Memory: 52.80 MB used, 52.80 MB peak
[2015.09.07-19.24.44:103][  0]LogMemory: Process Virtual Memory: 24.59 MB used, 27.49 MB peak
[2015.09.07-19.24.44:104][  0]LogMemory: Physical Memory: 5770.05 MB used, 16288.39 MB total
[2015.09.07-19.24.44:104][  0]LogMemory: Virtual Memory: 283.00 MB used, 8388608.00 MB total
[2015.09.07-19.24.44:183][  0]LogTextLocalizationManager: The requested culture ('fr_CA') has no localization data; falling back to 'en' for localization and internationalization data.
[2015.09.07-19.24.44:394][  0]LogTextLocalizationManager:Warning: Loaded localization resources contain conflicting entries for (Namespace:ContentBrowser, Key:ImportAssetToolTip):
Localization Resource: (C:/Program Files/Epic Games/4.8/Engine/Content/Localization/Editor/en/Editor.locres) Source String Hash: (-630476809) Localized String: (Import to {0}...)
Localization Resource: (C:/Program Files/Epic Games/4.8/Engine/Content/Localization/Editor/en/Editor.locres) Source String Hash: (1271782899) Localized String: (Imports an asset from file to this folder.)
[2015.09.07-19.24.44:862][  0]LogD3D11RHI: Found D3D11 adapter 0: NVIDIA GeForce GTX 970 (Feature Level 11_0)
[2015.09.07-19.24.44:862][  0]LogD3D11RHI: Adapter has 4008MB of dedicated video memory, 0MB of dedicated system memory, and 7888MB of shared system memory, 1 output[s]
[2015.09.07-19.24.44:869][  0]LogD3D11RHI: Found D3D11 adapter 1: Intel(R) HD Graphics 3000 (Feature Level 10_0)
[2015.09.07-19.24.44:870][  0]LogD3D11RHI: Adapter has 64MB of dedicated video memory, 0MB of dedicated system memory, and 1632MB of shared system memory, 0 output[s]
[2015.09.07-19.24.44:870][  0]LogD3D11RHI: Chosen D3D11 Adapter Id = 0
[2015.09.07-19.24.44:874][  0]LogD3D11RHI: InitD3DDevice
[2015.09.07-19.24.44:875][  0]LogD3D11RHI: !Direct3DDevice
[2015.09.07-19.24.44:875][  0]LogRHI: Texture pool is 1361 MB (70% of 1945 MB)
[2015.09.07-19.24.44:917][  0]LogD3D11RHI: Async texture creation enabled
[2015.09.07-19.24.44:932][  0]LogShaderCompilers:Display: Using Local Shader Compiler.
[2015.09.07-19.24.45:774][  0]LogTemp:Display: Loaded TP DesktopTargetPlatform
[2015.09.07-19.24.45:797][  0]LogTemp:Display: Loaded TP WindowsClientTargetPlatform
[2015.09.07-19.24.45:820][  0]LogTemp:Display: Loaded TP WindowsNoEditorTargetPlatform
[2015.09.07-19.24.45:842][  0]LogTemp:Display: Loaded TP WindowsServerTargetPlatform
[2015.09.07-19.24.45:866][  0]LogTemp:Display: Loaded TP WindowsTargetPlatform
[2015.09.07-19.24.45:884][  0]LogTemp:Display: Loaded TP AndroidTargetPlatform
[2015.09.07-19.24.45:901][  0]LogTemp:Display: Loaded TP Android_ASTCTargetPlatform
[2015.09.07-19.24.45:917][  0]LogTemp:Display: Loaded TP Android_ATCTargetPlatform
[2015.09.07-19.24.45:938][  0]LogTemp:Display: Loaded TP Android_DXTTargetPlatform
[2015.09.07-19.24.45:956][  0]LogTemp:Display: Loaded TP Android_ETC1TargetPlatform
[2015.09.07-19.24.45:976][  0]LogTemp:Display: Loaded TP Android_ETC2TargetPlatform
[2015.09.07-19.24.45:995][  0]LogTemp:Display: Loaded TP Android_PVRTCTargetPlatform
[2015.09.07-19.24.46:072][  0]LogTemp:Display: Loaded TP IOSTargetPlatform
[2015.09.07-19.24.46:089][  0]LogTemp:Display: Loaded TP LinuxNoEditorTargetPlatform
[2015.09.07-19.24.46:106][  0]LogTemp:Display: Loaded TP LinuxServerTargetPlatform
[2015.09.07-19.24.46:124][  0]LogTemp:Display: Loaded TP LinuxTargetPlatform
[2015.09.07-19.24.46:124][  0]LogTargetPlatformManager:Display: Building Assets For Windows
[2015.09.07-19.24.46:446][  0]LogDerivedDataCache:Display: Max Cache Size: 512 MB
[2015.09.07-19.24.46:498][  0]LogDerivedDataCache: Loaded boot cache 0.05s 60MB C:/Users/frederic/AppData/Local/UnrealEngine/4.8/DerivedDataCache/Boot.ddc.
[2015.09.07-19.24.46:498][  0]LogDerivedDataCache:Display: Loaded Boot cache: C:/Users/frederic/AppData/Local/UnrealEngine/4.8/DerivedDataCache/Boot.ddc
[2015.09.07-19.24.46:499][  0]LogDerivedDataCache: FDerivedDataBackendGraph:  Pak pak cache file ../../../../../../Users/frederic/Documents/Unreal Projects/Brain/DerivedDataCache/DDC.ddp not found, will not use a pak cache.
[2015.09.07-19.24.46:499][  0]LogDerivedDataCache: Unable to find inner node Pak for hierarchical cache Hierarchy.
[2015.09.07-19.24.46:499][  0]LogDerivedDataCache: FDerivedDataBackendGraph:  CompressedPak pak cache file ../../../../../../Users/frederic/Documents/Unreal Projects/Brain/DerivedDataCache/Compressed.ddp not found, will not use a pak cache.
[2015.09.07-19.24.46:500][  0]LogDerivedDataCache: Unable to find inner node CompressedPak for hierarchical cache Hierarchy.
[2015.09.07-19.24.46:645][  0]LogDerivedDataCache:Display: Pak cache opened for reading ../../../Engine/DerivedDataCache/Compressed.ddp.
[2015.09.07-19.24.46:658][  0]LogDerivedDataCache: Using Local data cache path C:/Users/frederic/AppData/Local/UnrealEngine/Common/DerivedDataCache: Writable
[2015.09.07-19.24.46:864][  0]LogInit: Selected Device Profile: [Windows]
[2015.09.07-19.24.46:872][  0]ImportText (ComponentSweepMultiTests): Missing closing parenthesis: (RootShapeAsset="/Engine/BasicShapes/Cube.Cube",ShapeType="TriggerCapsule",HitResult=(Time=0.50,Location=(X=-100.000015,Y=0.0,Z=100.000015),ImpactPoint=(X=-50.0,Y=0.0,Z=50.0),Normal=(X=-1.0,Y=-0.0,Z=0.0),ImpactNormal=(X=0.0,Y=0.0,Z=1.0),TraceStart=(X=-200.0,Y=0.0,Z=200.0),TraceEnd=(X=0.0,Y=0.0,Z=0.0))
[2015.09.07-19.24.46:872][  0]ImportText (LineTraceSingleByChannelTests): Missing closing parenthesis: (RootShapeAsset="/Engine/BasicShapes/Cube.Cube",HitResult=(Time=0.50,Location=(X=-100.000015,Y=0.0,Z=100.000015),ImpactPoint=(X=-50.0,Y=0.0,Z=50.0),Normal=(X=-1.0,Y=-0.0,Z=0.0),ImpactNormal=(X=0.0,Y=0.0,Z=1.0),TraceStart=(X=-200.0,Y=0.0,Z=200.0),TraceEnd=(X=0.0,Y=0.0,Z=0.0))
[2015.09.07-19.24.46:911][  0]LogMeshUtilities: No automatic mesh reduction module available
[2015.09.07-19.24.46:911][  0]LogMeshUtilities: No automatic mesh merging module available
[2015.09.07-19.24.47:324][  0]LogInit: WinSock: version 1.1 (2.2), MaxSocks=32767, MaxUdp=65467
[2015.09.07-19.24.48:512][  0]UdpMessaging: Initializing bridge on interface 0.0.0.0:0 to multicast group 230.0.0.1:6666.
[2015.09.07-19.24.49:302][  0]SourceControl: Info Source control is disabled
[2015.09.07-19.24.49:327][  0]SourceControl: Info Source control is disabled
[2015.09.07-19.24.49:356][  0]SourceControl: Info Source control is disabled
[2015.09.07-19.24.49:377][  0]SourceControl: Info Source control is disabled
[2015.09.07-19.24.49:712][  0]LogObj: 31160 objects as part of root set at end of initial load.
[2015.09.07-19.24.49:713][  0]LogUObjectAllocator: 7104560 out of 0 bytes used by permanent object pool.
[2015.09.07-19.24.49:802][  0]LogEngine: Initializing Engine...
[2015.09.07-19.24.49:805][  0]LogHMD: Can't find Oculus library dev build: is proper Runtime installed? Version: 0.6.0.0
[2015.09.07-19.24.49:810][  0]LogHMD:Warning: SteamVR failed to initialize.  Error: 110
[2015.09.07-19.24.49:973][  0]LogAIModule: Creating AISystem for world NewWorld
[2015.09.07-19.24.49:986][  0]LogInit: XAudio2 using 'Haut-parleurs (C-Media USB Audio Device   )' : 2 channels at 44.1 kHz using 16 bits per sample (channel mask 0x3)
[2015.09.07-19.24.49:997][  0]LogInit: FAudioDevice initialized.
[2015.09.07-19.24.50:030][  0]LogDerivedDataCache: Saved boot cache 0.03s 60MB C:/Users/frederic/AppData/Local/UnrealEngine/4.8/DerivedDataCache/Boot.ddc.
[2015.09.07-19.24.50:038][  0]LogInit: Texture streaming: Disabled
[2015.09.07-19.24.50:079][  0]LogAnalytics: Creating configured Analytics provider AnalyticsET
[2015.09.07-19.24.50:079][  0]LogAnalytics: [UEEditor.Rocket.Release] APIServer = http://et2.epicgames.com/ET2/. AppVersion = 4.8.3-2634408+++depot+UE4-Releases+4.8
[2015.09.07-19.24.50:079][  0]LogAnalytics: [UEEditor.Rocket.Release] SetUserId c8da8d664a36a98701fe659c10ae4ff8|70626fa7f476448fb82ad9618fbbb1ab|00e7fb16-00c3-4af4-a2a1-2cc8013aae38
[2015.09.07-19.24.50:080][  0]LogAnalytics: [UEEditor.Rocket.Release] AnalyticsET::StartSession
[2015.09.07-19.24.50:113][  0]LogInit: Transaction tracking system initialized
[2015.09.07-19.24.50:343][  0]BlueprintLog: New page: Editor Load
[2015.09.07-19.24.50:389][  0]LogAssetRegistry: FAssetRegistry took 0.0105 seconds to start up
[2015.09.07-19.24.50:390][  0]LogDirectoryWatcher:Warning: Failed to begin reading directory changes for ../../../Engine/Plugins/Experimental/CharacterAI/Content/. Error: 0
[2015.09.07-19.24.51:435][  0]LogConsoleManager:Warning: Console variable 'r.VSync' wasn't set ('GameSetting' has a lower priority than 'SystemSettingsIni')
[2015.09.07-19.24.51:435][  0]LogConsoleResponse:Display: 
[2015.09.07-19.24.51:531][  0]LogCook:Display: Done creating registry. It took  0.00s.
[2015.09.07-19.24.51:801][  0]SourceControl: Info Source control is disabled
[2015.09.07-19.24.51:802][  0]Cmd: MAP LOAD FILE="../../../../../../Users/frederic/Documents/Unreal Projects/Brain/Content/FirstPerson/Maps/FirstPersonExampleMap.umap" TEMPLATE=0 SHOWPROGRESS=1 FEATURELEVEL=3
[2015.09.07-19.24.51:803][  0]LightingResults: New page: Lighting Build
[2015.09.07-19.24.51:818][  0]MapCheck: New page: Map Check
[2015.09.07-19.24.51:818][  0]LightingResults: New page: Lighting Build
[2015.09.07-19.24.51:830][  0]LogParticles: Destroying 0 GPU particle simulations for FXSystem 0x000000001F99AF20
[2015.09.07-19.24.52:058][  0]LogUObjectGlobals:Warning: Class which was marked abstract was trying to be loaded.  It will be nulled out on save. BrainInteractiveObject_1 BrainInteractiveObject
[2015.09.07-19.25.12:463][  0]LogAIModule: Creating AISystem for world FirstPersonExampleMap
[2015.09.07-19.25.12:475][  0]LogEditorServer: Finished looking for orphan Actors (0.000 secs)
[2015.09.07-19.25.13:571][  0]Cmd: MAP CHECKDEP NOCLEARLOG
[2015.09.07-19.25.13:572][  0]MapCheck:Warning: Warning BrainInteractiveObject_1 BrainInteractiveObject_1 : Obsolete and must be removed! (Class is abstract) 
[2015.09.07-19.25.13:614][  0]MapCheck: Info Map check complete: 0 Error(s), 1 Warning(s), took 42.49ms to complete.
[2015.09.07-19.25.13:620][  0]LogD3D11RHI: InitD3DDevice
[2015.09.07-19.25.13:621][  0]LogFileHelpers: Loading map 'FirstPersonExampleMap' took 21.819
[2015.09.07-19.25.13:740][  0]LogCollectionManager: Loaded 0 collections in 0.002056 seconds
[2015.09.07-19.25.13:748][  0]LogContentBrowser: Native class hierarchy populated in 0.0075 seconds. Added 1799 classes and 303 folders.
[2015.09.07-19.25.13:816][  0]LogContentBrowser: Native class hierarchy updated for 'WidgetCarousel' in 0.0015 seconds. Added 0 classes and 0 folders.
[2015.09.07-19.25.13:854][  0]LogContentBrowser: Native class hierarchy updated for 'AddContentDialog' in 0.0015 seconds. Added 0 classes and 0 folders.
[2015.09.07-19.25.13:884][  0]LogContentBrowser: Native class hierarchy updated for 'SceneOutliner' in 0.0015 seconds. Added 1 classes and 2 folders.
[2015.09.07-19.25.13:939][  0]LogCrashTracker: Crashtracker disabled due to settings.
[2015.09.07-19.25.13:941][  0]LogD3D11RHI: InitD3DDevice
[2015.09.07-19.25.13:945][  0]LogUObjectGlobals:Warning: Failed to find object 'Class None.'
[2015.09.07-19.25.13:968][  0]LogLoad: Full Startup: 31.96 seconds (BP compile: 0.24 seconds)
[2015.09.07-19.25.14:030][  0]LogContentStreaming: Texture pool size is 0.000000MB
[2015.09.07-19.25.14:066][  0]LogContentStreaming: Texture pool size now 1000 MB
[2015.09.07-19.25.14:166][  0]LogRenderer: Reallocating scene render targets to support 1208x560 (Frame:2).
[2015.09.07-19.25.14:705][  7]LogAssetRegistry: Asset discovery search completed in 24.3265 seconds
[2015.09.07-19.25.21:541][794]LogD3D11RHI: InitD3DDevice
[2015.09.07-19.25.34:448][337]LogEditorActor: Deleted Actor: BrainInteractiveObject
[2015.09.07-19.25.34:448][337]LogActorComponent: UnregisterComponent: (/Engine/Transient.CharMoveComp) Not registered. Aborting.
[2015.09.07-19.25.34:481][337]LogEditorActor: Deleted 1 Actors (0.035 secs)
[2015.09.07-19.25.43:022][361]LogD3D11RHI: InitD3DDevice
[2015.09.07-19.25.44:763][361]LogSavePackage: Save=1685.686157ms
[2015.09.07-19.25.44:764][361]LogSavePackage: Moving '../../../../../../Users/frederic/Documents/Unreal Projects/Brain/Saved/FirstPersonExampleMap1C4B9AAE4430D28C3ECF60A629C2DCE4.tmp' to '../../../../../../Users/frederic/Documents/Unreal Projects/Brain/Content/FirstPerson/Maps/FirstPersonExampleMap.umap'
[2015.09.07-19.25.46:057][512]LogD3D11RHI: InitD3DDevice
[2015.09.07-19.26.13:419][793]LogD3D11RHI: InitD3DDevice
[2015.09.07-19.26.13:465][793]LogD3D11RHI: InitD3DDevice
[2015.09.07-19.27.39:612][ 99]LogD3D11RHI: InitD3DDevice
[2015.09.07-19.27.39:727][ 99]Running C:/Program Files/Epic Games/4.8/Engine/Binaries/DotNET/UnrealBuildTool.exe Brain Win64 Development -editorrecompile "C:/Users/frederic/Documents/Unreal Projects/Brain/Brain.uproject" -invalidatemakefilesonly -rocket
[2015.09.07-19.27.40:160][ 99]Invalidating makefiles only in this run.
[2015.09.07-19.27.40:288][ 99]LogD3D11RHI: InitD3DDevice
[2015.09.07-19.27.40:289][ 99]Recompiling Brain...
[2015.09.07-19.27.40:290][ 99]Launching UnrealBuildTool... [C:/Program Files/Epic Games/4.8/Engine/Binaries/DotNET/UnrealBuildTool.exe Brain -ModuleWithSuffix Brain 5317 Win64 Development -editorrecompile -canskiplink "C:/Users/frederic/Documents/Unreal Projects/Brain/Brain.uproject" -rocket  -rocket]
[2015.09.07-19.27.57:601][ 99]CompilerResultsLog: New page: Compilation - Sep 7, 2015, 11:27:57 AM
[2015.09.07-19.27.57:604][ 99]CompilerResultsLog: Info Compiling game modules for hot reload
[2015.09.07-19.27.57:605][ 99]CompilerResultsLog: Info Parsing headers for BrainEditor
[2015.09.07-19.27.57:605][ 99]CompilerResultsLog: Info Reflection code generated for BrainEditor
[2015.09.07-19.27.57:605][ 99]CompilerResultsLog: Info Performing 3 actions (4 in parallel)
[2015.09.07-19.27.57:605][ 99]CompilerResultsLog: Info Brain.generated.cpp
[2015.09.07-19.27.57:606][ 99]CompilerResultsLog: Info BrainNormalInteractiveObject.cpp
[2015.09.07-19.27.57:606][ 99]CompilerResultsLog: Info [3/3] Link UE4Editor-Brain-5317.dll
[2015.09.07-19.27.57:606][ 99]CompilerResultsLog: Info    Cr?ation de la biblioth?que C:\Users\frederic\Documents\Unreal Projects\Brain\Intermediate/Build/Win64\UE4Editor\Development\UE4Editor-Brain-5317.lib et de l'objet C:\Users\frederic\Documents\Unreal Projects\Brain\Intermediate/Build/Win64\UE4Editor\Development\UE4Editor-Brain-5317.exp
[2015.09.07-19.27.57:607][ 99]CompilerResultsLog: Info -------- End Detailed Actions Stats -----------------------------------------------------------
[2015.09.07-19.27.57:607][ 99]CompilerResultsLog: Info Total build time: 17,16 seconds
[2015.09.07-19.27.57:607][ 99]LogMainFrame: MainFrame: Module compiling took 17.323 seconds
[2015.09.07-19.27.57:648][ 99]LogClass: Could not find existing class BrainNormalInteractiveObject in package /Script/Brain for HotReload, assuming new class
[2015.09.07-19.27.57:658][ 99]LogContentBrowser: Native class hierarchy updated for 'Brain' in 0.0015 seconds. Added 8 classes and 2 folders.
[2015.09.07-19.27.57:660][ 99]Warning: HotReload successful (3 functions remapped  0 scriptstructs remapped)
[2015.09.07-19.27.57:678][ 99]LogContentBrowser: Native class hierarchy populated in 0.0079 seconds. Added 1801 classes and 305 folders.
[2015.09.07-19.27.57:679][ 99]Warning: HotReload operation took 17.4s.
[2015.09.07-19.27.57:683][ 99]LogD3D11RHI: InitD3DDevice
[2015.09.07-19.27.57:759][ 99]LogVSAccessor:Warning: Couldn't goto line number '0' in 'C:/Users/frederic/Documents/Unreal Projects/Brain/Source/Brain/BrainNormalInteractiveObject.h'
[2015.09.07-19.27.57:822][ 99]LogVSAccessor:Warning: Couldn't goto line number '0' in 'C:/Users/frederic/Documents/Unreal Projects/Brain/Source/Brain/BrainNormalInteractiveObject.cpp'
[2015.09.07-19.27.57:837][ 99]LogHotReload: New module detected: UE4Editor-Brain-5317.dll
[2015.09.07-19.27.57:862][100]LogHotReload: Starting Hot-Reload from IDE
[2015.09.07-19.27.57:865][100]LogD3D11RHI: InitD3DDevice
[2015.09.07-19.27.57:911][100]LogContentBrowser: Native class hierarchy updated for 'Brain' in 0.0015 seconds. Added 8 classes and 2 folders.
[2015.09.07-19.27.57:913][100]Warning: HotReload successful (0 functions remapped  0 scriptstructs remapped)
[2015.09.07-19.27.58:042][100]LogContentBrowser: Native class hierarchy populated in 0.0080 seconds. Added 1801 classes and 305 folders.
[2015.09.07-19.27.58:045][100]LogD3D11RHI: InitD3DDevice
[2015.09.07-19.28.10:554][689]Cmd: QUIT_EDITOR
[2015.09.07-19.28.10:781][689]LogExit: Preparing to exit.
[2015.09.07-19.28.11:084][689]LogExit: Editor shut down
[2015.09.07-19.28.11:085][689]LogExit: Transaction tracking system shut down
[2015.09.07-19.28.11:086][689]LogParticles: Destroying 0 GPU particle simulations for FXSystem 0x000000001FF2F380
[2015.09.07-19.28.11:087][689]LogParticles: Destroying 0 GPU particle simulations for FXSystem 0x0000000019D63380
[2015.09.07-19.28.11:088][689]LogParticles: Destroying 0 GPU particle simulations for FXSystem 0x0000000018520C20
[2015.09.07-19.28.11:088][689]LogParticles: Destroying 0 GPU particle simulations for FXSystem 0x000000000E3C2DE0
[2015.09.07-19.28.11:088][689]LogParticles: Destroying 0 GPU particle simulations for FXSystem 0x000000000E3C20C0
[2015.09.07-19.28.11:284][689]LogExit: Object subsystem successfully closed.
[2015.09.07-19.28.11:301][689]LogD3D11RHI: Shutdown
[2015.09.07-19.28.11:301][689]LogD3D11RHI: CleanupD3DDevice
[2015.09.07-19.28.11:538][689]LogD3D11RHI: ~FD3D11DynamicRHI
[2015.09.07-19.28.11:554][689]LogModuleManager: Shutting down and abandoning module CrashTracker (189)
[2015.09.07-19.28.11:554][689]LogModuleManager: Shutting down and abandoning module SceneOutliner (188)
[2015.09.07-19.28.11:555][689]LogModuleManager: Shutting down and abandoning module SuperSearch (187)
[2015.09.07-19.28.11:555][689]LogModuleManager: Shutting down and abandoning module WidgetCarousel (186)
[2015.09.07-19.28.11:555][689]LogModuleManager: Shutting down and abandoning module AddContentDialog (185)
[2015.09.07-19.28.11:556][689]LogModuleManager: Shutting down and abandoning module EditorWidgets (184)
[2015.09.07-19.28.11:557][689]LogModuleManager: Shutting down and abandoning module CollectionManager (183)
[2015.09.07-19.28.11:557][689]LogModuleManager: Shutting down and abandoning module StatsViewer (182)
[2015.09.07-19.28.11:557][689]LogModuleManager: Shutting down and abandoning module FoliageEdit (181)
[2015.09.07-19.28.11:558][689]LogModuleManager: Shutting down and abandoning module LandscapeEditor (180)
[2015.09.07-19.28.11:558][689]LogModuleManager: Shutting down and abandoning module ActorPickerMode (179)
[2015.09.07-19.28.11:558][689]LogModuleManager: Shutting down and abandoning module GeometryMode (178)
[2015.09.07-19.28.11:558][689]LogModuleManager: Shutting down and abandoning module TextureAlignMode (177)
[2015.09.07-19.28.11:559][689]LogModuleManager: Shutting down and abandoning module BspMode (176)
[2015.09.07-19.28.11:559][689]LogModuleManager: Shutting down and abandoning module PlacementMode (175)
[2015.09.07-19.28.11:559][689]LogModuleManager: Shutting down and abandoning module AutomationWorker (174)
[2015.09.07-19.28.11:559][689]LogModuleManager: Shutting down and abandoning module CharacterAI (173)
[2015.09.07-19.28.11:560][689]LogModuleManager: Shutting down and abandoning module SmartSnapping (172)
[2015.09.07-19.28.11:560][689]LogModuleManager: Shutting down and abandoning module ViewportSnapping (171)
[2015.09.07-19.28.11:560][689]LogModuleManager: Shutting down and abandoning module LogVisualizer (170)
[2015.09.07-19.28.11:561][689]LogModuleManager: Shutting down and abandoning module GameProjectGeneration (169)
[2015.09.07-19.28.11:561][689]LogModuleManager: Shutting down and abandoning module IntroTutorials (168)
[2015.09.07-19.28.11:561][689]LogModuleManager: Shutting down and abandoning module EditorLiveStreaming (167)
[2015.09.07-19.28.11:561][689]LogModuleManager: Shutting down and abandoning module IOSPlatformEditor (166)
[2015.09.07-19.28.11:562][689]LogModuleManager: Shutting down and abandoning module HTML5PlatformEditor (165)
[2015.09.07-19.28.11:562][689]LogModuleManager: Shutting down and abandoning module AndroidDeviceDetection (164)
[2015.09.07-19.28.11:995][689]LogModuleManager: Shutting down and abandoning module AndroidPlatformEditor (163)
[2015.09.07-19.28.11:995][689]LogModuleManager: Shutting down and abandoning module IOSRuntimeSettings (162)
[2015.09.07-19.28.11:995][689]LogModuleManager: Shutting down and abandoning module AndroidRuntimeSettings (161)
[2015.09.07-19.28.11:996][689]LogModuleManager: Shutting down and abandoning module MergeActors (160)
[2015.09.07-19.28.11:996][689]LogModuleManager: Shutting down and abandoning module SizeMap (159)
[2015.09.07-19.28.11:996][689]LogModuleManager: Shutting down and abandoning module TreeMap (158)
[2015.09.07-19.28.11:996][689]LogModuleManager: Shutting down and abandoning module ReferenceViewer (157)
[2015.09.07-19.28.11:997][689]LogModuleManager: Shutting down and abandoning module LocalizationDashboard (156)
[2015.09.07-19.28.11:997][689]LogModuleManager: Shutting down and abandoning module HardwareTargeting (155)
[2015.09.07-19.28.11:997][689]LogModuleManager: Shutting down and abandoning module DeviceProfileEditor (154)
[2015.09.07-19.28.11:997][689]LogModuleManager: Shutting down and abandoning module UndoHistory (153)
[2015.09.07-19.28.11:998][689]LogModuleManager: Shutting down and abandoning module GameplayTagsEditor (152)
[2015.09.07-19.28.11:998][689]LogModuleManager: Shutting down and abandoning module UserFeedback (151)
[2015.09.07-19.28.11:998][689]LogModuleManager: Shutting down and abandoning module XmlParser (150)
[2015.09.07-19.28.11:998][689]LogModuleManager: Shutting down and abandoning module Blutility (149)
[2015.09.07-19.28.11:999][689]LogModuleManager: Shutting down and abandoning module ProjectTargetPlatformEditor (148)
[2015.09.07-19.28.11:999][689]LogModuleManager: Shutting down and abandoning module ProjectSettingsViewer (147)
[2015.09.07-19.28.11:999][689]LogModuleManager: Shutting down and abandoning module InputBindingEditor (146)
[2015.09.07-19.28.11:999][689]LogModuleManager: Shutting down and abandoning module EditorSettingsViewer (145)
[2015.09.07-19.28.12:000][689]LogModuleManager: Shutting down and abandoning module SettingsEditor (144)
[2015.09.07-19.28.12:000][689]LogModuleManager: Shutting down and abandoning module ProjectLauncher (143)
[2015.09.07-19.28.12:000][689]LogModuleManager: Shutting down and abandoning module SessionFrontend (142)
[2015.09.07-19.28.12:000][689]LogModuleManager: Shutting down and abandoning module ProfilerClient (141)
[2015.09.07-19.28.12:001][689]LogModuleManager: Shutting down and abandoning module TargetDeviceServices (140)
[2015.09.07-19.28.12:001][689]LogModuleManager: Shutting down and abandoning module DeviceManager (139)
[2015.09.07-19.28.12:001][689]LogModuleManager: Shutting down and abandoning module AutomationController (138)
[2015.09.07-19.28.12:001][689]LogModuleManager: Shutting down and abandoning module AutomationWindow (137)
[2015.09.07-19.28.12:002][689]LogModuleManager: Shutting down and abandoning module Layers (136)
[2015.09.07-19.28.12:002][689]LogModuleManager: Shutting down and abandoning module ComponentVisualizers (135)
[2015.09.07-19.28.12:002][689]LogModuleManager: Shutting down and abandoning module DetailCustomizations (134)
[2015.09.07-19.28.12:002][689]LogModuleManager: Shutting down and abandoning module PackagesDialog (133)
[2015.09.07-19.28.12:003][689]LogModuleManager: Shutting down and abandoning module AssetRegistry (132)
[2015.09.07-19.28.12:029][689]LogModuleManager: Shutting down and abandoning module Persona (131)
[2015.09.07-19.28.12:029][689]LogModuleManager: Shutting down and abandoning module Kismet (130)
[2015.09.07-19.28.12:030][689]LogModuleManager: Shutting down and abandoning module GraphEditor (129)
[2015.09.07-19.28.12:030][689]LogModuleManager: Shutting down and abandoning module ClassViewer (128)
[2015.09.07-19.28.12:031][689]LogModuleManager: Shutting down and abandoning module Toolbox (127)
[2015.09.07-19.28.12:031][689]LogModuleManager: Shutting down and abandoning module ModuleUI (126)
[2015.09.07-19.28.12:032][689]LogModuleManager: Shutting down and abandoning module MovieSceneTools (125)
[2015.09.07-19.28.12:032][689]LogModuleManager: Shutting down and abandoning module OutputLog (124)
[2015.09.07-19.28.12:032][689]LogModuleManager: Shutting down and abandoning module GammaUI (123)
[2015.09.07-19.28.12:033][689]LogModuleManager: Shutting down and abandoning module Documentation (122)
[2015.09.07-19.28.12:033][689]LogModuleManager: Shutting down and abandoning module GameLiveStreaming (121)
[2015.09.07-19.28.12:033][689]LogModuleManager: Shutting down and abandoning module StreamingPauseRendering (120)
[2015.09.07-19.28.12:033][689]LogModuleManager: Shutting down and abandoning module AnalyticsET (119)
[2015.09.07-19.28.12:034][689]LogModuleManager: Shutting down and abandoning module Analytics (118)
[2015.09.07-19.28.12:034][689]LogModuleManager: Shutting down and abandoning module AITestSuite (117)
[2015.09.07-19.28.12:034][689]LogModuleManager: Shutting down and abandoning module GameplayDebugger (116)
[2015.09.07-19.28.12:034][689]LogModuleManager: Shutting down and abandoning module AIModule (115)
[2015.09.07-19.28.12:035][689]LogModuleManager: Shutting down and abandoning module ProfilerService (114)
[2015.09.07-19.28.12:245][689]LogModuleManager: Shutting down and abandoning module TaskGraph (113)
[2015.09.07-19.28.12:245][689]LogModuleManager: Shutting down and abandoning module SlateRemote (112)
[2015.09.07-19.28.12:245][689]LogModuleManager: Shutting down and abandoning module SteamVRController (111)
[2015.09.07-19.28.12:246][689]LogModuleManager: Shutting down and abandoning module SteamVR (110)
[2015.09.07-19.28.12:246][689]LogModuleManager: Shutting down and abandoning module ProceduralMeshComponent (109)
[2015.09.07-19.28.12:246][689]LogModuleManager: Shutting down and abandoning module OculusRift (108)
[2015.09.07-19.28.12:246][689]LogModuleManager: Shutting down and abandoning module LeapMotionController (107)
[2015.09.07-19.28.12:255][689]LogModuleManager: Shutting down and abandoning module CustomMeshComponent (106)
[2015.09.07-19.28.12:256][689]LogModuleManager: Shutting down and abandoning module CableComponent (105)
[2015.09.07-19.28.12:256][689]LogModuleManager: Shutting down and abandoning module MessagingDebugger (104)
[2015.09.07-19.28.12:256][689]LogModuleManager: Shutting down and abandoning module MediaPlayerEditor (103)
[2015.09.07-19.28.12:257][689]LogModuleManager: Shutting down and abandoning module SpeedTreeImporter (102)
[2015.09.07-19.28.12:257][689]LogModuleManager: Shutting down and abandoning module PluginBrowser (101)
[2015.09.07-19.28.12:257][689]LogModuleManager: Shutting down and abandoning module EpicSurvey (100)
[2015.09.07-19.28.12:257][689]LogModuleManager: Shutting down and abandoning module DesktopPlatform (99)
[2015.09.07-19.28.12:258][689]LogModuleManager: Shutting down and abandoning module VisualStudioSourceCodeAccess (98)
[2015.09.07-19.28.12:258][689]LogModuleManager: Shutting down and abandoning module UObjectPlugin (97)
[2015.09.07-19.28.12:258][689]LogModuleManager: Shutting down and abandoning module SubversionSourceControl (96)
[2015.09.07-19.28.12:258][689]LogModuleManager: Shutting down and abandoning module PerforceSourceControl (95)
[2015.09.07-19.28.12:259][689]LogModuleManager: Shutting down and abandoning module SourceControl (94)
[2015.09.07-19.28.12:259][689]LogModuleManager: Shutting down and abandoning module GitSourceControl (93)
[2015.09.07-19.28.12:259][689]LogModuleManager: Shutting down and abandoning module BlankPlugin (92)
[2015.09.07-19.28.12:259][689]LogModuleManager: Shutting down and abandoning module PaperTiledImporter (91)
[2015.09.07-19.28.12:259][689]LogModuleManager: Shutting down and abandoning module PaperSpriteSheetImporter (90)
[2015.09.07-19.28.12:260][689]LogModuleManager: Shutting down and abandoning module MeshPaint (89)
[2015.09.07-19.28.12:260][689]LogModuleManager: Shutting down and abandoning module SlateReflector (88)
[2015.09.07-19.28.12:260][689]LogModuleManager: Shutting down and abandoning module DirectoryWatcher (87)
[2015.09.07-19.28.12:261][689]LogModuleManager: Shutting down and abandoning module HotReload (86)
[2015.09.07-19.28.12:261][689]LogModuleManager: Shutting down and abandoning module MainFrame (85)
[2015.09.07-19.28.12:261][689]LogModuleManager: Shutting down and abandoning module LevelEditor (84)
[2015.09.07-19.28.12:262][689]LogModuleManager: Shutting down and abandoning module ContentBrowser (83)
[2015.09.07-19.28.12:263][689]LogModuleManager: Shutting down and abandoning module Paper2DEditor (82)
[2015.09.07-19.28.12:264][689]LogModuleManager: Shutting down and abandoning module Brain (81)
[2015.09.07-19.28.12:264][689]LogModuleManager: Shutting down and abandoning module UdpMessaging (80)
[2015.09.07-19.28.12:364][689]LogModuleManager: Shutting down and abandoning module Paper2D (79)
[2015.09.07-19.28.12:364][689]LogModuleManager: Shutting down and abandoning module WindowsMoviePlayer (78)
[2015.09.07-19.28.12:367][689]LogModuleManager: Shutting down and abandoning module Media (77)
[2015.09.07-19.28.12:367][689]LogModuleManager: Shutting down and abandoning module WmfMedia (76)
[2015.09.07-19.28.12:369][689]LogModuleManager: Shutting down and abandoning module OnlineBlueprintSupport (75)
[2015.09.07-19.28.12:369][689]LogModuleManager: Shutting down and abandoning module PropertyEditor (74)
[2015.09.07-19.28.12:370][689]LogModuleManager: Shutting down and abandoning module BehaviorTreeEditor (73)
[2015.09.07-19.28.12:370][689]LogModuleManager: Shutting down and abandoning module FunctionalTesting (72)
[2015.09.07-19.28.12:370][689]LogModuleManager: Shutting down and abandoning module CollisionAnalyzer (71)
[2015.09.07-19.28.12:370][689]LogModuleManager: Shutting down and abandoning module WorkspaceMenuStructure (70)
[2015.09.07-19.28.12:371][689]LogModuleManager: Shutting down and abandoning module MessageLog (69)
[2015.09.07-19.28.12:371][689]LogModuleManager: Shutting down and abandoning module Sequencer (68)
[2015.09.07-19.28.12:371][689]LogModuleManager: Shutting down and abandoning module AssetTools (67)
[2015.09.07-19.28.12:371][689]LogModuleManager: Shutting down and abandoning module UMGEditor (66)
[2015.09.07-19.28.12:372][689]LogModuleManager: Shutting down and abandoning module UMG (65)
[2015.09.07-19.28.12:372][689]LogModuleManager: Shutting down and abandoning module Slate (64)
[2015.09.07-19.28.12:372][689]LogModuleManager: Shutting down and abandoning module EditorStyle (63)
[2015.09.07-19.28.12:374][689]LogModuleManager: Shutting down and abandoning module SessionServices (62)
[2015.09.07-19.28.12:375][689]LogModuleManager: Shutting down and abandoning module SourceCodeAccess (61)
[2015.09.07-19.28.12:375][689]LogModuleManager: Shutting down and abandoning module HeadMountedDisplay (60)
[2015.09.07-19.28.12:375][689]LogModuleManager: Shutting down and abandoning module XAudio2 (59)
[2015.09.07-19.28.12:375][689]LogModuleManager: Shutting down and abandoning module Networking (57)
[2015.09.07-19.28.12:375][689]LogModuleManager: Shutting down and abandoning module Core (56)
[2015.09.07-19.28.12:376][689]LogModuleManager: Shutting down and abandoning module KismetCompiler (55)
[2015.09.07-19.28.12:376][689]LogModuleManager: Shutting down and abandoning module PhysXFormats (54)
[2015.09.07-19.28.12:376][689]LogModuleManager: Shutting down and abandoning module MeshUtilities (53)
[2015.09.07-19.28.12:376][689]LogModuleManager: Shutting down and abandoning module DerivedDataCache (52)
[2015.09.07-19.28.12:398][689]LogDerivedDataCache: Shutdown
[2015.09.07-19.28.12:399][689]LogModuleManager: Shutting down and abandoning module ShaderFormatOpenGL (51)
[2015.09.07-19.28.12:399][689]LogModuleManager: Shutting down and abandoning module ShaderFormatD3D (50)
[2015.09.07-19.28.12:399][689]LogModuleManager: Shutting down and abandoning module MetalShaderFormat (49)
[2015.09.07-19.28.12:399][689]LogModuleManager: Shutting down and abandoning module TextureFormatUncompressed (48)
[2015.09.07-19.28.12:400][689]LogModuleManager: Shutting down and abandoning module TextureFormatPVR (47)
[2015.09.07-19.28.12:400][689]LogModuleManager: Shutting down and abandoning module TextureFormatIntelISPCTexComp (46)
[2015.09.07-19.28.12:400][689]LogModuleManager: Shutting down and abandoning module TextureFormatDXT (45)
[2015.09.07-19.28.12:400][689]LogModuleManager: Shutting down and abandoning module ImageWrapper (44)
[2015.09.07-19.28.12:401][689]LogModuleManager: Shutting down and abandoning module TextureFormatASTC (43)
[2015.09.07-19.28.12:401][689]LogModuleManager: Shutting down and abandoning module TextureFormatAndroid (42)
[2015.09.07-19.28.12:401][689]LogModuleManager: Shutting down and abandoning module AudioFormatOpus (41)
[2015.09.07-19.28.12:401][689]LogModuleManager: Shutting down and abandoning module AudioFormatOgg (40)
[2015.09.07-19.28.12:402][689]LogModuleManager: Shutting down and abandoning module AudioFormatADPCM (39)
[2015.09.07-19.28.12:402][689]LogModuleManager: Shutting down and abandoning module LinuxTargetPlatform (38)
[2015.09.07-19.28.12:402][689]LogModuleManager: Shutting down and abandoning module LinuxServerTargetPlatform (37)
[2015.09.07-19.28.12:402][689]LogModuleManager: Shutting down and abandoning module LinuxNoEditorTargetPlatform (36)
[2015.09.07-19.28.12:402][689]LogModuleManager: Shutting down and abandoning module Messaging (35)
[2015.09.07-19.28.12:403][689]LogModuleManager: Shutting down and abandoning module IOSTargetPlatform (34)
[2015.09.07-19.28.12:403][689]LogModuleManager: Shutting down and abandoning module HTML5TargetPlatform (33)
[2015.09.07-19.28.12:403][689]LogModuleManager: Shutting down and abandoning module Android_PVRTCTargetPlatform (32)
[2015.09.07-19.28.12:403][689]LogModuleManager: Shutting down and abandoning module Android_ETC2TargetPlatform (31)
[2015.09.07-19.28.12:404][689]LogModuleManager: Shutting down and abandoning module Android_ETC1TargetPlatform (30)
[2015.09.07-19.28.12:404][689]LogModuleManager: Shutting down and abandoning module Android_DXTTargetPlatform (29)
[2015.09.07-19.28.12:404][689]LogModuleManager: Shutting down and abandoning module Android_ATCTargetPlatform (28)
[2015.09.07-19.28.12:404][689]LogModuleManager: Shutting down and abandoning module Android_ASTCTargetPlatform (27)
[2015.09.07-19.28.12:404][689]LogModuleManager: Shutting down and abandoning module AndroidTargetPlatform (26)
[2015.09.07-19.28.12:405][689]LogModuleManager: Shutting down and abandoning module WindowsTargetPlatform (25)
[2015.09.07-19.28.12:405][689]LogModuleManager: Shutting down and abandoning module WindowsServerTargetPlatform (24)
[2015.09.07-19.28.12:405][689]LogModuleManager: Shutting down and abandoning module WindowsNoEditorTargetPlatform (23)
[2015.09.07-19.28.12:405][689]LogModuleManager: Shutting down and abandoning module WindowsClientTargetPlatform (22)
[2015.09.07-19.28.12:406][689]LogModuleManager: Shutting down and abandoning module DesktopTargetPlatform (21)
[2015.09.07-19.28.12:406][689]LogModuleManager: Shutting down and abandoning module TargetPlatform (20)
[2015.09.07-19.28.12:406][689]LogModuleManager: Shutting down and abandoning module InputCore (19)
[2015.09.07-19.28.12:406][689]LogModuleManager: Shutting down and abandoning module Settings (18)
[2015.09.07-19.28.12:407][689]LogModuleManager: Shutting down and abandoning module OnlineSubsystem (16)
[2015.09.07-19.28.12:407][689]LogModuleManager: Shutting down and abandoning module HTTP (15)
[2015.09.07-19.28.12:407][689]LogModuleManager: Shutting down and abandoning module ExampleDeviceProfileSelector (14)
[2015.09.07-19.28.12:408][689]LogModuleManager: Shutting down and abandoning module TextureCompressor (13)
[2015.09.07-19.28.12:408][689]LogModuleManager: Shutting down and abandoning module ShaderCore (12)
[2015.09.07-19.28.12:409][689]LogModuleManager: Shutting down and abandoning module Landscape (11)
[2015.09.07-19.28.12:409][689]LogModuleManager: Shutting down and abandoning module SlateRHIRenderer (10)
[2015.09.07-19.28.12:410][689]LogModuleManager: Shutting down and abandoning module OpenGLDrv (9)
[2015.09.07-19.28.12:411][689]LogModuleManager: Shutting down and abandoning module D3D11RHI (8)
[2015.09.07-19.28.12:411][689]LogModuleManager: Shutting down and abandoning module Renderer (7)
[2015.09.07-19.28.12:412][689]LogModuleManager: Shutting down and abandoning module Engine (6)
[2015.09.07-19.28.12:412][689]LogModuleManager: Shutting down and abandoning module CoreUObject (5)
[2015.09.07-19.28.12:412][689]LogModuleManager: Shutting down and abandoning module NetworkFile (4)
[2015.09.07-19.28.12:412][689]LogModuleManager: Shutting down and abandoning module StreamingFile (3)
[2015.09.07-19.28.12:412][689]LogModuleManager: Shutting down and abandoning module SandboxFile (2)
[2015.09.07-19.28.12:413][689]LogModuleManager: Shutting down and abandoning module PakFile (1)
[2015.09.07-19.28.12:415][689]LogExit: Exiting.
[2015.09.07-19.28.12:417][689]Log file closed, 09/07/15 15:28:12
