[2015.09.07-02.39.52:615][  0]Log file open, 09/06/15 22:39:52
[2015.09.07-02.39.52:615][  0]LogInit:Display: Running engine for game: Brain
[2015.09.07-02.39.52:616][  0]LogInit:Display: RandInit(1621535919) SRandInit(1621535919).
[2015.09.07-02.39.52:616][  0]LogTaskGraph: Started task graph with 4 named threads and 7 total threads.
[2015.09.07-02.39.52:616][  0]LogStats: Stats thread started
[2015.09.07-02.39.52:617][  0]LogInit: Version: 4.8.3-2634408+++depot+UE4-Releases+4.8
[2015.09.07-02.39.52:617][  0]LogInit: API Version: 2579680
[2015.09.07-02.39.52:617][  0]LogInit: Compiled (64-bit): Jul 27 2015 16:24:33
[2015.09.07-02.39.52:617][  0]LogInit: Compiled with Visual C++: 18.00.21005.01
[2015.09.07-02.39.52:618][  0]LogInit: Build Configuration: Development
[2015.09.07-02.39.52:618][  0]LogInit: Branch Name: ++depot+UE4-Releases+4.8
[2015.09.07-02.39.52:618][  0]LogInit: Command line: 
[2015.09.07-02.39.52:619][  0]LogInit: Base directory: C:/Program Files/Epic Games/4.8/Engine/Binaries/Win64/
[2015.09.07-02.39.52:619][  0]LogInit: Rocket: 1
[2015.09.07-02.39.52:637][  0]LogInit: Using libcurl 7.41.0
[2015.09.07-02.39.52:637][  0]LogInit:  - built for x86_64-pc-win32
[2015.09.07-02.39.52:637][  0]LogInit:  - supports SSL with WinSSL
[2015.09.07-02.39.52:638][  0]LogInit:  - other features:
[2015.09.07-02.39.52:638][  0]LogInit:      CURL_VERSION_SSL
[2015.09.07-02.39.52:638][  0]LogInit:      CURL_VERSION_IPV6
[2015.09.07-02.39.52:638][  0]LogInit:      CURL_VERSION_ASYNCHDNS
[2015.09.07-02.39.52:639][  0]LogInit:      CURL_VERSION_LARGEFILE
[2015.09.07-02.39.52:639][  0]LogInit:      CURL_VERSION_IDN
[2015.09.07-02.39.52:639][  0]LogInit:  CurlRequestOptions (configurable via config and command line):
[2015.09.07-02.39.52:639][  0]LogInit:  - bVerifyPeer = true  - Libcurl will verify peer certificate
[2015.09.07-02.39.52:640][  0]LogInit:  - bUseHttpProxy = false  - Libcurl will NOT use HTTP proxy
[2015.09.07-02.39.52:640][  0]LogInit:  - bDontReuseConnections = false  - Libcurl will reuse connections
[2015.09.07-02.39.52:640][  0]LogInit:  - CertBundlePath = nullptr  - Libcurl will use whatever was configured at build time.
[2015.09.07-02.39.52:654][  0]LogOnline:Warning: No default platform service specified for OnlineSubsystem
[2015.09.07-02.39.52:688][  0]LogInit: Presizing for 0 objects not considered by GC, pre-allocating 0 bytes.
[2015.09.07-02.39.52:695][  0]LogInit: Object subsystem initialized
[2015.09.07-02.39.52:697][  0]LogConsoleResponse:Warning: Skipping Unknown console variable: 'TranslucentSortAxis = (X=0.000000,Y=-1.000000,Z=0.000000)'
[2015.09.07-02.39.52:697][  0]LogConsoleResponse:Warning:   Found in ini file 'C:/Users/frederic/Documents/Unreal Projects/Brain/Saved/Config/Windows/Engine.ini', in section '[/Script/Engine.RendererSettings]'
[2015.09.07-02.39.52:698][  0]LogConsoleResponse:Warning: Skipping Unknown console variable: 'UIScaleRule = ShortestSide'
[2015.09.07-02.39.52:698][  0]LogConsoleResponse:Warning:   Found in ini file 'C:/Users/frederic/Documents/Unreal Projects/Brain/Saved/Config/Windows/Engine.ini', in section '[/Script/Engine.RendererSettings]'
[2015.09.07-02.39.52:698][  0]LogConsoleResponse:Warning: Skipping Unknown console variable: 'UIScaleCurve = (EditorCurveData=(Keys=),ExternalCurve=None)'
[2015.09.07-02.39.52:698][  0]LogConsoleResponse:Warning:   Found in ini file 'C:/Users/frederic/Documents/Unreal Projects/Brain/Saved/Config/Windows/Engine.ini', in section '[/Script/Engine.RendererSettings]'
[2015.09.07-02.39.52:699][  0]LogInit: Selected Device Profile: [Windows]
[2015.09.07-02.39.52:699][  0]LogInit: Applying CVar settings loaded from the selected device profile: [Windows]
[2015.09.07-02.39.52:706][  0]LogInit: Computer: FREDERIC-PC
[2015.09.07-02.39.52:706][  0]LogInit: User: frederic
[2015.09.07-02.39.52:706][  0]LogInit: CPU Page size=4096, Cores=4
[2015.09.07-02.39.52:707][  0]LogInit: High frequency timer resolution =3.331250 MHz
[2015.09.07-02.39.52:707][  0]LogMemory: Memory total: Physical=15.9GB (16GB approx)
[2015.09.07-02.39.52:707][  0]LogMemory: Platform Memory Stats for Windows
[2015.09.07-02.39.52:708][  0]LogMemory: Process Physical Memory: 51.40 MB used, 51.40 MB peak
[2015.09.07-02.39.52:708][  0]LogMemory: Process Virtual Memory: 23.64 MB used, 23.64 MB peak
[2015.09.07-02.39.52:708][  0]LogMemory: Physical Memory: 5622.86 MB used, 16288.39 MB total
[2015.09.07-02.39.52:708][  0]LogMemory: Virtual Memory: 281.93 MB used, 8388608.00 MB total
[2015.09.07-02.39.52:781][  0]LogTextLocalizationManager: The requested culture ('fr_CA') has no localization data; falling back to 'en' for localization and internationalization data.
[2015.09.07-02.39.52:986][  0]LogTextLocalizationManager:Warning: Loaded localization resources contain conflicting entries for (Namespace:ContentBrowser, Key:ImportAssetToolTip):
Localization Resource: (C:/Program Files/Epic Games/4.8/Engine/Content/Localization/Editor/en/Editor.locres) Source String Hash: (-630476809) Localized String: (Import to {0}...)
Localization Resource: (C:/Program Files/Epic Games/4.8/Engine/Content/Localization/Editor/en/Editor.locres) Source String Hash: (1271782899) Localized String: (Imports an asset from file to this folder.)
[2015.09.07-02.39.53:340][  0]LogD3D11RHI: Found D3D11 adapter 0: NVIDIA GeForce GTX 970 (Feature Level 11_0)
[2015.09.07-02.39.53:340][  0]LogD3D11RHI: Adapter has 4008MB of dedicated video memory, 0MB of dedicated system memory, and 7888MB of shared system memory, 1 output[s]
[2015.09.07-02.39.53:347][  0]LogD3D11RHI: Found D3D11 adapter 1: Intel(R) HD Graphics 3000 (Feature Level 10_0)
[2015.09.07-02.39.53:347][  0]LogD3D11RHI: Adapter has 64MB of dedicated video memory, 0MB of dedicated system memory, and 1632MB of shared system memory, 0 output[s]
[2015.09.07-02.39.53:348][  0]LogD3D11RHI: Chosen D3D11 Adapter Id = 0
[2015.09.07-02.39.53:352][  0]LogD3D11RHI: InitD3DDevice
[2015.09.07-02.39.53:352][  0]LogD3D11RHI: !Direct3DDevice
[2015.09.07-02.39.53:352][  0]LogRHI: Texture pool is 1361 MB (70% of 1945 MB)
[2015.09.07-02.39.53:394][  0]LogD3D11RHI: Async texture creation enabled
[2015.09.07-02.39.53:409][  0]LogShaderCompilers:Display: Using Local Shader Compiler.
[2015.09.07-02.39.54:234][  0]LogTemp:Display: Loaded TP DesktopTargetPlatform
[2015.09.07-02.39.54:256][  0]LogTemp:Display: Loaded TP WindowsClientTargetPlatform
[2015.09.07-02.39.54:279][  0]LogTemp:Display: Loaded TP WindowsNoEditorTargetPlatform
[2015.09.07-02.39.54:301][  0]LogTemp:Display: Loaded TP WindowsServerTargetPlatform
[2015.09.07-02.39.54:325][  0]LogTemp:Display: Loaded TP WindowsTargetPlatform
[2015.09.07-02.39.54:342][  0]LogTemp:Display: Loaded TP AndroidTargetPlatform
[2015.09.07-02.39.54:358][  0]LogTemp:Display: Loaded TP Android_ASTCTargetPlatform
[2015.09.07-02.39.54:375][  0]LogTemp:Display: Loaded TP Android_ATCTargetPlatform
[2015.09.07-02.39.54:395][  0]LogTemp:Display: Loaded TP Android_DXTTargetPlatform
[2015.09.07-02.39.54:413][  0]LogTemp:Display: Loaded TP Android_ETC1TargetPlatform
[2015.09.07-02.39.54:433][  0]LogTemp:Display: Loaded TP Android_ETC2TargetPlatform
[2015.09.07-02.39.54:451][  0]LogTemp:Display: Loaded TP Android_PVRTCTargetPlatform
[2015.09.07-02.39.54:521][  0]LogTemp:Display: Loaded TP IOSTargetPlatform
[2015.09.07-02.39.54:537][  0]LogTemp:Display: Loaded TP LinuxNoEditorTargetPlatform
[2015.09.07-02.39.54:552][  0]LogTemp:Display: Loaded TP LinuxServerTargetPlatform
[2015.09.07-02.39.54:570][  0]LogTemp:Display: Loaded TP LinuxTargetPlatform
[2015.09.07-02.39.54:570][  0]LogTargetPlatformManager:Display: Building Assets For Windows
[2015.09.07-02.39.54:876][  0]LogDerivedDataCache:Display: Max Cache Size: 512 MB
[2015.09.07-02.39.54:927][  0]LogDerivedDataCache: Loaded boot cache 0.05s 60MB C:/Users/frederic/AppData/Local/UnrealEngine/4.8/DerivedDataCache/Boot.ddc.
[2015.09.07-02.39.54:928][  0]LogDerivedDataCache:Display: Loaded Boot cache: C:/Users/frederic/AppData/Local/UnrealEngine/4.8/DerivedDataCache/Boot.ddc
[2015.09.07-02.39.54:928][  0]LogDerivedDataCache: FDerivedDataBackendGraph:  Pak pak cache file ../../../../../../Users/frederic/Documents/Unreal Projects/Brain/DerivedDataCache/DDC.ddp not found, will not use a pak cache.
[2015.09.07-02.39.54:929][  0]LogDerivedDataCache: Unable to find inner node Pak for hierarchical cache Hierarchy.
[2015.09.07-02.39.54:929][  0]LogDerivedDataCache: FDerivedDataBackendGraph:  CompressedPak pak cache file ../../../../../../Users/frederic/Documents/Unreal Projects/Brain/DerivedDataCache/Compressed.ddp not found, will not use a pak cache.
[2015.09.07-02.39.54:929][  0]LogDerivedDataCache: Unable to find inner node CompressedPak for hierarchical cache Hierarchy.
[2015.09.07-02.39.55:075][  0]LogDerivedDataCache:Display: Pak cache opened for reading ../../../Engine/DerivedDataCache/Compressed.ddp.
[2015.09.07-02.39.55:088][  0]LogDerivedDataCache: Using Local data cache path C:/Users/frederic/AppData/Local/UnrealEngine/Common/DerivedDataCache: Writable
[2015.09.07-02.39.55:294][  0]LogInit: Selected Device Profile: [Windows]
[2015.09.07-02.39.55:301][  0]ImportText (ComponentSweepMultiTests): Missing closing parenthesis: (RootShapeAsset="/Engine/BasicShapes/Cube.Cube",ShapeType="TriggerCapsule",HitResult=(Time=0.50,Location=(X=-100.000015,Y=0.0,Z=100.000015),ImpactPoint=(X=-50.0,Y=0.0,Z=50.0),Normal=(X=-1.0,Y=-0.0,Z=0.0),ImpactNormal=(X=0.0,Y=0.0,Z=1.0),TraceStart=(X=-200.0,Y=0.0,Z=200.0),TraceEnd=(X=0.0,Y=0.0,Z=0.0))
[2015.09.07-02.39.55:302][  0]ImportText (LineTraceSingleByChannelTests): Missing closing parenthesis: (RootShapeAsset="/Engine/BasicShapes/Cube.Cube",HitResult=(Time=0.50,Location=(X=-100.000015,Y=0.0,Z=100.000015),ImpactPoint=(X=-50.0,Y=0.0,Z=50.0),Normal=(X=-1.0,Y=-0.0,Z=0.0),ImpactNormal=(X=0.0,Y=0.0,Z=1.0),TraceStart=(X=-200.0,Y=0.0,Z=200.0),TraceEnd=(X=0.0,Y=0.0,Z=0.0))
[2015.09.07-02.39.55:340][  0]LogMeshUtilities: No automatic mesh reduction module available
[2015.09.07-02.39.55:341][  0]LogMeshUtilities: No automatic mesh merging module available
[2015.09.07-02.39.55:749][  0]LogInit: WinSock: version 1.1 (2.2), MaxSocks=32767, MaxUdp=65467
[2015.09.07-02.39.56:919][  0]UdpMessaging: Initializing bridge on interface 0.0.0.0:0 to multicast group 230.0.0.1:6666.
[2015.09.07-02.39.57:506][  0]SourceControl: Info Source control is disabled
[2015.09.07-02.39.57:528][  0]SourceControl: Info Source control is disabled
[2015.09.07-02.39.57:546][  0]SourceControl: Info Source control is disabled
[2015.09.07-02.39.57:566][  0]SourceControl: Info Source control is disabled
[2015.09.07-02.39.57:872][  0]LogObj: 26559 objects as part of root set at end of initial load.
[2015.09.07-02.39.57:872][  0]LogUObjectAllocator: 5543584 out of 0 bytes used by permanent object pool.
[2015.09.07-02.39.57:959][  0]LogEngine: Initializing Engine...
[2015.09.07-02.39.57:962][  0]LogHMD: Can't find Oculus library dev build: is proper Runtime installed? Version: 0.6.0.0
[2015.09.07-02.39.57:965][  0]LogHMD:Warning: SteamVR failed to initialize.  Error: 110
[2015.09.07-02.39.58:121][  0]LogAIModule: Creating AISystem for world NewWorld
[2015.09.07-02.39.58:134][  0]LogInit: XAudio2 using 'Haut-parleurs (C-Media USB Audio Device   )' : 2 channels at 44.1 kHz using 16 bits per sample (channel mask 0x3)
[2015.09.07-02.39.58:159][  0]LogInit: FAudioDevice initialized.
[2015.09.07-02.39.58:190][  0]LogDerivedDataCache: Saved boot cache 0.03s 60MB C:/Users/frederic/AppData/Local/UnrealEngine/4.8/DerivedDataCache/Boot.ddc.
[2015.09.07-02.39.58:198][  0]LogInit: Texture streaming: Disabled
[2015.09.07-02.39.58:230][  0]LogAnalytics: Creating configured Analytics provider AnalyticsET
[2015.09.07-02.39.58:231][  0]LogAnalytics: [UEEditor.Rocket.Release] APIServer = http://et2.epicgames.com/ET2/. AppVersion = 4.8.3-2634408+++depot+UE4-Releases+4.8
[2015.09.07-02.39.58:231][  0]LogAnalytics: [UEEditor.Rocket.Release] SetUserId c8da8d664a36a98701fe659c10ae4ff8|70626fa7f476448fb82ad9618fbbb1ab|00e7fb16-00c3-4af4-a2a1-2cc8013aae38
[2015.09.07-02.39.58:231][  0]LogAnalytics: [UEEditor.Rocket.Release] AnalyticsET::StartSession
[2015.09.07-02.39.58:259][  0]LogInit: Transaction tracking system initialized
[2015.09.07-02.39.58:466][  0]BlueprintLog: New page: Editor Load
[2015.09.07-02.39.58:511][  0]LogAssetRegistry: FAssetRegistry took 0.0105 seconds to start up
[2015.09.07-02.39.58:512][  0]LogDirectoryWatcher:Warning: Failed to begin reading directory changes for ../../../Engine/Plugins/Experimental/CharacterAI/Content/. Error: 0
[2015.09.07-02.39.59:482][  0]LogConsoleManager:Warning: Console variable 'r.VSync' wasn't set ('GameSetting' has a lower priority than 'SystemSettingsIni')
[2015.09.07-02.39.59:483][  0]LogConsoleResponse:Display: 
[2015.09.07-02.39.59:579][  0]LogCook:Display: Done creating registry. It took  0.00s.
[2015.09.07-02.39.59:841][  0]SourceControl: Info Source control is disabled
[2015.09.07-02.39.59:842][  0]Cmd: MAP LOAD FILE="../../../../../../Users/frederic/Documents/Unreal Projects/Brain/Content/FirstPerson/Maps/FirstPersonExampleMap.umap" TEMPLATE=0 SHOWPROGRESS=1 FEATURELEVEL=3
[2015.09.07-02.39.59:842][  0]LightingResults: New page: Lighting Build
[2015.09.07-02.39.59:857][  0]MapCheck: New page: Map Check
[2015.09.07-02.39.59:857][  0]LightingResults: New page: Lighting Build
[2015.09.07-02.39.59:865][  0]LogParticles: Destroying 0 GPU particle simulations for FXSystem 0x000000001FE256C0
[2015.09.07-02.40.00:810][  0]LogAIModule: Creating AISystem for world FirstPersonExampleMap
[2015.09.07-02.40.00:835][  0]LogEditorServer: Finished looking for orphan Actors (0.000 secs)
[2015.09.07-02.40.01:884][  0]Cmd: MAP CHECKDEP NOCLEARLOG
[2015.09.07-02.40.01:926][  0]MapCheck: Info Map check complete: 0 Error(s), 0 Warning(s), took 40.977ms to complete.
[2015.09.07-02.40.01:927][  0]LogFileHelpers: Loading map 'FirstPersonExampleMap' took 2.085
[2015.09.07-02.40.02:044][  0]LogCollectionManager: Loaded 0 collections in 0.001915 seconds
[2015.09.07-02.40.02:052][  0]LogContentBrowser: Native class hierarchy populated in 0.0072 seconds. Added 1798 classes and 303 folders.
[2015.09.07-02.40.02:117][  0]LogContentBrowser: Native class hierarchy updated for 'WidgetCarousel' in 0.0013 seconds. Added 0 classes and 0 folders.
[2015.09.07-02.40.02:154][  0]LogContentBrowser: Native class hierarchy updated for 'AddContentDialog' in 0.0013 seconds. Added 0 classes and 0 folders.
[2015.09.07-02.40.02:183][  0]LogContentBrowser: Native class hierarchy updated for 'SceneOutliner' in 0.0014 seconds. Added 1 classes and 2 folders.
[2015.09.07-02.40.02:234][  0]LogCrashTracker: Crashtracker disabled due to settings.
[2015.09.07-02.40.02:235][  0]LogD3D11RHI: InitD3DDevice
[2015.09.07-02.40.02:238][  0]LogUObjectGlobals:Warning: Failed to find object 'Class None.'
[2015.09.07-02.40.02:259][  0]LogLoad: Full Startup: 11.56 seconds (BP compile: 0.31 seconds)
[2015.09.07-02.40.02:326][  0]LogContentStreaming: Texture pool size is 0.000000MB
[2015.09.07-02.40.02:362][  0]LogContentStreaming: Texture pool size now 1000 MB
[2015.09.07-02.40.02:475][  0]LogRenderer: Reallocating scene render targets to support 1208x560 (Frame:2).
[2015.09.07-02.40.02:978][  6]LogAssetRegistry: Asset discovery search completed in 4.4777 seconds
[2015.09.07-02.40.03:103][  9]LogD3D11RHI: InitD3DDevice
[2015.09.07-02.40.04:373][147]LogPlayLevel: PIE:  No blueprints needed recompiling
[2015.09.07-02.40.04:375][147]PIE: New page: PIE session: FirstPersonExampleMap (Sep 6, 2015, 6:40:04 PM)
[2015.09.07-02.40.04:376][147]LogPlayLevel: Creating play world package: /Game/FirstPerson/Maps/UEDPIE_0_FirstPersonExampleMap
[2015.09.07-02.40.04:394][147]LogPlayLevel: PIE: StaticDuplicateObject took: (0.017498s)
[2015.09.07-02.40.04:396][147]LogAIModule: Creating AISystem for world FirstPersonExampleMap
[2015.09.07-02.40.04:397][147]LogPlayLevel: PIE: World Init took: (0.001882s)
[2015.09.07-02.40.04:397][147]LogPlayLevel: PIE: Created PIE world by copying editor world from /Game/FirstPerson/Maps/FirstPersonExampleMap.FirstPersonExampleMap to /Game/FirstPerson/Maps/UEDPIE_0_FirstPersonExampleMap.FirstPersonExampleMap (0.021085s)
[2015.09.07-02.40.04:398][147]LogActorComponent: UnregisterComponent: (/Engine/Transient.ProjectileComp) Not registered. Aborting.
[2015.09.07-02.40.04:398][147]LogActorComponent: UnregisterComponent: (/Engine/Transient.CharMoveComp) Not registered. Aborting.
[2015.09.07-02.40.04:398][147]LogActorComponent: UnregisterComponent: (/Engine/Transient.CharacterMovementComponent_0) Not registered. Aborting.
[2015.09.07-02.40.04:463][147]LogInit: XAudio2 using 'Haut-parleurs (C-Media USB Audio Device   )' : 2 channels at 44.1 kHz using 16 bits per sample (channel mask 0x3)
[2015.09.07-02.40.04:469][147]LogInit: FAudioDevice initialized.
[2015.09.07-02.40.04:518][147]LogWorld: Game class is 'BrainGameMode'
[2015.09.07-02.40.04:525][147]LogWorld: Bringing World /Game/FirstPerson/Maps/UEDPIE_0_FirstPersonExampleMap.FirstPersonExampleMap up for play (max tick rate 0) at 2015.09.06-22.40.04
[2015.09.07-02.40.04:526][147]LogActor:Warning: GameSession /Game/FirstPerson/Maps/UEDPIE_0_FirstPersonExampleMap.FirstPersonExampleMap:PersistentLevel.GameSession_0 has natively added scene component(s), but none of them were set as the actor's RootComponent - picking one arbitrarily
[2015.09.07-02.40.04:527][147]LogActor:Warning: GameNetworkManager /Game/FirstPerson/Maps/UEDPIE_0_FirstPersonExampleMap.FirstPersonExampleMap:PersistentLevel.GameNetworkManager_0 has natively added scene component(s), but none of them were set as the actor's RootComponent - picking one arbitrarily
[2015.09.07-02.40.04:527][147]LogWorld: Bringing up level for play took: 0.006801
[2015.09.07-02.40.04:529][147]PIE: Info Play in editor start time for /Game/FirstPerson/Maps/UEDPIE_0_FirstPersonExampleMap 0.845
[2015.09.07-02.40.05:673][278]LogSelection:Warning: PIE object was selected: "StaticMeshActor /Game/FirstPerson/Maps/UEDPIE_0_FirstPersonExampleMap.FirstPersonExampleMap:PersistentLevel.BigWall"
[2015.09.07-02.40.35:031][776]LogParticles: Destroying 0 GPU particle simulations for FXSystem 0x0000000053CDCCC0
[2015.09.07-02.40.42:005][584]LogEditorViewport: Clicking on Actor (LMB): StaticMeshActor (BigWall)
[2015.09.07-02.40.49:959][521]LogEditorViewport: Clicking on Actor (LMB): StaticMeshActor (BigWall)
[2015.09.07-02.40.52:971][877]Cmd: TRANSACTION UNDO
[2015.09.07-02.40.52:972][877]LogEditorTransaction: Undo Clicking on Actors
[2015.09.07-02.40.52:975][877]LogD3D11RHI: InitD3DDevice
[2015.09.07-02.40.53:406][913]Cmd: TRANSACTION UNDO
[2015.09.07-02.40.53:407][913]LogEditorTransaction: Undo Clicking on Actors
[2015.09.07-02.40.53:721][947]Cmd: TRANSACTION UNDO
[2015.09.07-02.40.53:721][947]LogEditorTransaction: Undo Clicking on Actors
[2015.09.07-02.40.59:105][589]LogPlayLevel: PIE:  No blueprints needed recompiling
[2015.09.07-02.40.59:106][589]PIE: New page: PIE session: FirstPersonExampleMap (Sep 6, 2015, 6:40:59 PM)
[2015.09.07-02.40.59:107][589]LogPlayLevel: Creating play world package: /Game/FirstPerson/Maps/UEDPIE_0_FirstPersonExampleMap
[2015.09.07-02.40.59:125][589]LogPlayLevel: PIE: StaticDuplicateObject took: (0.017629s)
[2015.09.07-02.40.59:126][589]LogAIModule: Creating AISystem for world FirstPersonExampleMap
[2015.09.07-02.40.59:128][589]LogPlayLevel: PIE: World Init took: (0.001996s)
[2015.09.07-02.40.59:128][589]LogPlayLevel: PIE: Created PIE world by copying editor world from /Game/FirstPerson/Maps/FirstPersonExampleMap.FirstPersonExampleMap to /Game/FirstPerson/Maps/UEDPIE_0_FirstPersonExampleMap.FirstPersonExampleMap (0.021381s)
[2015.09.07-02.40.59:155][589]LogInit: XAudio2 using 'Haut-parleurs (C-Media USB Audio Device   )' : 2 channels at 44.1 kHz using 16 bits per sample (channel mask 0x3)
[2015.09.07-02.40.59:161][589]LogInit: FAudioDevice initialized.
[2015.09.07-02.40.59:191][589]LogWorld: Game class is 'BrainGameMode'
[2015.09.07-02.40.59:198][589]LogWorld: Bringing World /Game/FirstPerson/Maps/UEDPIE_0_FirstPersonExampleMap.FirstPersonExampleMap up for play (max tick rate 0) at 2015.09.06-22.40.59
[2015.09.07-02.40.59:199][589]LogActor:Warning: GameSession /Game/FirstPerson/Maps/UEDPIE_0_FirstPersonExampleMap.FirstPersonExampleMap:PersistentLevel.GameSession_1 has natively added scene component(s), but none of them were set as the actor's RootComponent - picking one arbitrarily
[2015.09.07-02.40.59:199][589]LogActor:Warning: GameNetworkManager /Game/FirstPerson/Maps/UEDPIE_0_FirstPersonExampleMap.FirstPersonExampleMap:PersistentLevel.GameNetworkManager_1 has natively added scene component(s), but none of them were set as the actor's RootComponent - picking one arbitrarily
[2015.09.07-02.40.59:200][589]LogWorld: Bringing up level for play took: 0.006700
[2015.09.07-02.40.59:201][589]PIE: Info Play in editor start time for /Game/FirstPerson/Maps/UEDPIE_0_FirstPersonExampleMap -0.483
[2015.09.07-02.41.04:684][219]LogParticles: Destroying 0 GPU particle simulations for FXSystem 0x00000000106C2DE0
[2015.09.07-02.41.06:401][391]LogD3D11RHI: InitD3DDevice
[2015.09.07-02.41.06:428][391]LogD3D11RHI: InitD3DDevice
[2015.09.07-02.41.06:438][391]LogLinker:Warning: Asset '../../../Engine/Content/ArtTools/RenderToTexture/Macros/RenderToTextureMacros.uasset' has been saved with empty engine version. The asset will be loaded but may be incompatible.
[2015.09.07-02.41.06:521][391]LogLinker:Warning: Asset '../../../Engine/Content/ArtTools/RenderToTexture/Enums/RenderToTexture_Enum.uasset' has been saved with empty engine version. The asset will be loaded but may be incompatible.
[2015.09.07-02.41.09:130][528]LogD3D11RHI: InitD3DDevice
[2015.09.07-02.41.09:160][528]LogD3D11RHI: InitD3DDevice
[2015.09.07-02.41.10:966][645]LogRenderer: Reallocating scene render targets to support 1208x904 (Frame:8298).
[2015.09.07-02.41.21:021][453]BlueprintLog: New page: Compile BrainCharacter
[2015.09.07-02.41.21:099][453]LogActorComponent: UnregisterComponent: (/Engine/Transient.ProjectileComp) Not registered. Aborting.
[2015.09.07-02.41.21:100][453]LogActorComponent: UnregisterComponent: (/Engine/Transient.CharMoveComp) Not registered. Aborting.
[2015.09.07-02.41.21:101][453]LogActorComponent: UnregisterComponent: (/Engine/Transient.CharacterMovementComponent_1) Not registered. Aborting.
[2015.09.07-02.41.21:118][453]LogParticles: Destroying 0 GPU particle simulations for FXSystem 0x000000000FF894E0
[2015.09.07-02.41.21:146][453]BlueprintEditorCompileResults: Info [0090.45] Compile of BrainCharacter successful! [in 123 ms]
[2015.09.07-02.41.24:009][759]LogPlayLevel: PIE:  No blueprints needed recompiling
[2015.09.07-02.41.24:009][759]PIE: New page: PIE session: FirstPersonExampleMap (Sep 6, 2015, 6:41:24 PM)
[2015.09.07-02.41.24:010][759]LogPlayLevel: Creating play world package: /Game/FirstPerson/Maps/UEDPIE_0_FirstPersonExampleMap
[2015.09.07-02.41.24:029][759]LogPlayLevel: PIE: StaticDuplicateObject took: (0.018218s)
[2015.09.07-02.41.24:030][759]LogAIModule: Creating AISystem for world FirstPersonExampleMap
[2015.09.07-02.41.24:031][759]LogPlayLevel: PIE: World Init took: (0.001580s)
[2015.09.07-02.41.24:032][759]LogPlayLevel: PIE: Created PIE world by copying editor world from /Game/FirstPerson/Maps/FirstPersonExampleMap.FirstPersonExampleMap to /Game/FirstPerson/Maps/UEDPIE_0_FirstPersonExampleMap.FirstPersonExampleMap (0.021529s)
[2015.09.07-02.41.24:032][759]LogActorComponent: UnregisterComponent: (/Engine/Transient.CharMoveComp) Not registered. Aborting.
[2015.09.07-02.41.24:065][759]LogInit: XAudio2 using 'Haut-parleurs (C-Media USB Audio Device   )' : 2 channels at 44.1 kHz using 16 bits per sample (channel mask 0x3)
[2015.09.07-02.41.24:072][759]LogInit: FAudioDevice initialized.
[2015.09.07-02.41.24:105][759]LogWorld: Game class is 'BrainGameMode'
[2015.09.07-02.41.24:118][759]LogWorld: Bringing World /Game/FirstPerson/Maps/UEDPIE_0_FirstPersonExampleMap.FirstPersonExampleMap up for play (max tick rate 0) at 2015.09.06-22.41.24
[2015.09.07-02.41.24:119][759]LogActor:Warning: GameSession /Game/FirstPerson/Maps/UEDPIE_0_FirstPersonExampleMap.FirstPersonExampleMap:PersistentLevel.GameSession_2 has natively added scene component(s), but none of them were set as the actor's RootComponent - picking one arbitrarily
[2015.09.07-02.41.24:121][759]LogActor:Warning: GameNetworkManager /Game/FirstPerson/Maps/UEDPIE_0_FirstPersonExampleMap.FirstPersonExampleMap:PersistentLevel.GameNetworkManager_2 has natively added scene component(s), but none of them were set as the actor's RootComponent - picking one arbitrarily
[2015.09.07-02.41.24:122][759]LogWorld: Bringing up level for play took: 0.014854
[2015.09.07-02.41.24:126][759]PIE: Info Play in editor start time for /Game/FirstPerson/Maps/UEDPIE_0_FirstPersonExampleMap 0.44
[2015.09.07-02.41.32:409][738]LogParticles: Destroying 0 GPU particle simulations for FXSystem 0x000000000C3E44A0
[2015.09.07-02.41.43:966][ 67]LogD3D11RHI: InitD3DDevice
[2015.09.07-02.41.52:936][117]Cmd: DELETE
[2015.09.07-02.41.52:937][117]Cmd: ACTOR DELETE
[2015.09.07-02.41.52:938][117]LogEditorActor: Deleted Actor: BrainCharacter_C
[2015.09.07-02.41.52:945][117]LogActorComponent: UnregisterComponent: (/Engine/Transient.ProjectileComp) Not registered. Aborting.
[2015.09.07-02.41.52:946][117]LogActorComponent: UnregisterComponent: (/Engine/Transient.CharMoveComp) Not registered. Aborting.
[2015.09.07-02.41.52:946][117]LogActorComponent: UnregisterComponent: (/Engine/Transient.CharacterMovementComponent_2) Not registered. Aborting.
[2015.09.07-02.41.52:972][117]LogEditorActor: Deleted 1 Actors (0.035 secs)
[2015.09.07-02.41.55:402][408]LogEditorViewport: Clicking on Actor (LMB): StaticMeshActor (Floor)
[2015.09.07-02.41.56:096][486]LogEditorViewport: Clicking on Actor (LMB): FirstPersonCharacter_C (FirstPersonCharacter)
[2015.09.07-02.42.05:896][637]Cmd: DELETE
[2015.09.07-02.42.05:896][637]Cmd: ACTOR DELETE
[2015.09.07-02.42.05:897][637]LogEditorActor: Deleted Actor: FirstPersonCharacter_C
[2015.09.07-02.42.05:953][637]LogEditorActor: Deleted 1 Actors (0.056 secs)
[2015.09.07-02.42.08:263][906]LogD3D11RHI: InitD3DDevice
[2015.09.07-02.42.10:862][206]LogPlayLevel: PIE:  No blueprints needed recompiling
[2015.09.07-02.42.10:863][206]PIE: New page: PIE session: FirstPersonExampleMap (Sep 6, 2015, 6:42:10 PM)
[2015.09.07-02.42.10:864][206]LogPlayLevel: Creating play world package: /Game/FirstPerson/Maps/UEDPIE_0_FirstPersonExampleMap
[2015.09.07-02.42.10:882][206]LogPlayLevel: PIE: StaticDuplicateObject took: (0.018014s)
[2015.09.07-02.42.10:884][206]LogAIModule: Creating AISystem for world FirstPersonExampleMap
[2015.09.07-02.42.10:884][206]LogPlayLevel: PIE: World Init took: (0.001431s)
[2015.09.07-02.42.10:885][206]LogPlayLevel: PIE: Created PIE world by copying editor world from /Game/FirstPerson/Maps/FirstPersonExampleMap.FirstPersonExampleMap to /Game/FirstPerson/Maps/UEDPIE_0_FirstPersonExampleMap.FirstPersonExampleMap (0.020971s)
[2015.09.07-02.42.10:885][206]LogActorComponent: UnregisterComponent: (/Engine/Transient.ProjectileComp) Not registered. Aborting.
[2015.09.07-02.42.10:885][206]LogActorComponent: UnregisterComponent: (/Engine/Transient.CharMoveComp) Not registered. Aborting.
[2015.09.07-02.42.10:886][206]LogActorComponent: UnregisterComponent: (/Engine/Transient.CharacterMovementComponent_3) Not registered. Aborting.
[2015.09.07-02.42.10:919][206]LogInit: XAudio2 using 'Haut-parleurs (C-Media USB Audio Device   )' : 2 channels at 44.1 kHz using 16 bits per sample (channel mask 0x3)
[2015.09.07-02.42.10:925][206]LogInit: FAudioDevice initialized.
[2015.09.07-02.42.10:959][206]LogWorld: Game class is 'BrainGameMode'
[2015.09.07-02.42.10:966][206]LogWorld: Bringing World /Game/FirstPerson/Maps/UEDPIE_0_FirstPersonExampleMap.FirstPersonExampleMap up for play (max tick rate 0) at 2015.09.06-22.42.10
[2015.09.07-02.42.10:966][206]LogActor:Warning: GameSession /Game/FirstPerson/Maps/UEDPIE_0_FirstPersonExampleMap.FirstPersonExampleMap:PersistentLevel.GameSession_3 has natively added scene component(s), but none of them were set as the actor's RootComponent - picking one arbitrarily
[2015.09.07-02.42.10:967][206]LogActor:Warning: GameNetworkManager /Game/FirstPerson/Maps/UEDPIE_0_FirstPersonExampleMap.FirstPersonExampleMap:PersistentLevel.GameNetworkManager_3 has natively added scene component(s), but none of them were set as the actor's RootComponent - picking one arbitrarily
[2015.09.07-02.42.10:968][206]LogWorld: Bringing up level for play took: 0.006782
[2015.09.07-02.42.10:971][206]PIE: Info Play in editor start time for /Game/FirstPerson/Maps/UEDPIE_0_FirstPersonExampleMap -0.715
[2015.09.07-02.42.28:911][343]LogParticles: Destroying 0 GPU particle simulations for FXSystem 0x000000006CD832E0
[2015.09.07-02.42.41:169][431]LogActorComponent: UnregisterComponent: (/Engine/Transient.ProjectileComp) Not registered. Aborting.
[2015.09.07-02.42.41:170][431]LogActorComponent: UnregisterComponent: (/Engine/Transient.CharMoveComp) Not registered. Aborting.
[2015.09.07-02.42.41:170][431]LogActorComponent: UnregisterComponent: (/Engine/Transient.CharacterMovementComponent_4) Not registered. Aborting.
[2015.09.07-02.42.43:628][626]BlueprintLog: New page: Compile BrainCharacter
[2015.09.07-02.42.43:776][626]LogActorComponent: UnregisterComponent: (/Engine/Transient.CharacterMovementComponent_5) Not registered. Aborting.
[2015.09.07-02.42.43:814][626]BlueprintEditorCompileResults: Info [0173.11] Compile of BrainCharacter successful! [in 185 ms]
[2015.09.07-02.42.44:659][707]LogPlayLevel: PIE:  No blueprints needed recompiling
[2015.09.07-02.42.44:660][707]PIE: New page: PIE session: FirstPersonExampleMap (Sep 6, 2015, 6:42:44 PM)
[2015.09.07-02.42.44:661][707]LogPlayLevel: Creating play world package: /Game/FirstPerson/Maps/UEDPIE_0_FirstPersonExampleMap
[2015.09.07-02.42.44:681][707]LogPlayLevel: PIE: StaticDuplicateObject took: (0.019579s)
[2015.09.07-02.42.44:687][707]LogAIModule: Creating AISystem for world FirstPersonExampleMap
[2015.09.07-02.42.44:688][707]LogPlayLevel: PIE: World Init took: (0.006936s)
[2015.09.07-02.42.44:689][707]LogPlayLevel: PIE: Created PIE world by copying editor world from /Game/FirstPerson/Maps/FirstPersonExampleMap.FirstPersonExampleMap to /Game/FirstPerson/Maps/UEDPIE_0_FirstPersonExampleMap.FirstPersonExampleMap (0.028048s)
[2015.09.07-02.42.44:689][707]LogActorComponent: UnregisterComponent: (/Engine/Transient.CharMoveComp) Not registered. Aborting.
[2015.09.07-02.42.44:724][707]LogInit: XAudio2 using 'Haut-parleurs (C-Media USB Audio Device   )' : 2 channels at 44.1 kHz using 16 bits per sample (channel mask 0x3)
[2015.09.07-02.42.44:731][707]LogInit: FAudioDevice initialized.
[2015.09.07-02.42.44:764][707]LogWorld: Game class is 'BrainGameMode'
[2015.09.07-02.42.44:791][707]LogWorld: Bringing World /Game/FirstPerson/Maps/UEDPIE_0_FirstPersonExampleMap.FirstPersonExampleMap up for play (max tick rate 0) at 2015.09.06-22.42.44
[2015.09.07-02.42.44:792][707]LogActor:Warning: GameSession /Game/FirstPerson/Maps/UEDPIE_0_FirstPersonExampleMap.FirstPersonExampleMap:PersistentLevel.GameSession_4 has natively added scene component(s), but none of them were set as the actor's RootComponent - picking one arbitrarily
[2015.09.07-02.42.44:794][707]LogActor:Warning: GameNetworkManager /Game/FirstPerson/Maps/UEDPIE_0_FirstPersonExampleMap.FirstPersonExampleMap:PersistentLevel.GameNetworkManager_4 has natively added scene component(s), but none of them were set as the actor's RootComponent - picking one arbitrarily
[2015.09.07-02.42.44:798][707]LogWorld: Bringing up level for play took: 0.032027
[2015.09.07-02.42.44:805][707]PIE: Info Play in editor start time for /Game/FirstPerson/Maps/UEDPIE_0_FirstPersonExampleMap 1.118
[2015.09.07-02.42.49:521][215]LogParticles: Destroying 0 GPU particle simulations for FXSystem 0x00000000687D7560
[2015.09.07-02.42.53:445][662]LogPlayLevel: PIE:  No blueprints needed recompiling
[2015.09.07-02.42.53:446][662]PIE: New page: PIE session: FirstPersonExampleMap (Sep 6, 2015, 6:42:53 PM)
[2015.09.07-02.42.53:446][662]LogPlayLevel: Creating play world package: /Game/FirstPerson/Maps/UEDPIE_0_FirstPersonExampleMap
[2015.09.07-02.42.53:465][662]LogPlayLevel: PIE: StaticDuplicateObject took: (0.018969s)
[2015.09.07-02.42.53:467][662]LogAIModule: Creating AISystem for world FirstPersonExampleMap
[2015.09.07-02.42.53:468][662]LogPlayLevel: PIE: World Init took: (0.001774s)
[2015.09.07-02.42.53:469][662]LogPlayLevel: PIE: Created PIE world by copying editor world from /Game/FirstPerson/Maps/FirstPersonExampleMap.FirstPersonExampleMap to /Game/FirstPerson/Maps/UEDPIE_0_FirstPersonExampleMap.FirstPersonExampleMap (0.022552s)
[2015.09.07-02.42.53:503][662]LogInit: XAudio2 using 'Haut-parleurs (C-Media USB Audio Device   )' : 2 channels at 44.1 kHz using 16 bits per sample (channel mask 0x3)
[2015.09.07-02.42.53:509][662]LogInit: FAudioDevice initialized.
[2015.09.07-02.42.53:550][662]LogWorld: Game class is 'BrainGameMode'
[2015.09.07-02.42.53:566][662]LogWorld: Bringing World /Game/FirstPerson/Maps/UEDPIE_0_FirstPersonExampleMap.FirstPersonExampleMap up for play (max tick rate 0) at 2015.09.06-22.42.53
[2015.09.07-02.42.53:567][662]LogActor:Warning: GameSession /Game/FirstPerson/Maps/UEDPIE_0_FirstPersonExampleMap.FirstPersonExampleMap:PersistentLevel.GameSession_5 has natively added scene component(s), but none of them were set as the actor's RootComponent - picking one arbitrarily
[2015.09.07-02.42.53:569][662]LogActor:Warning: GameNetworkManager /Game/FirstPerson/Maps/UEDPIE_0_FirstPersonExampleMap.FirstPersonExampleMap:PersistentLevel.GameNetworkManager_5 has natively added scene component(s), but none of them were set as the actor's RootComponent - picking one arbitrarily
[2015.09.07-02.42.53:571][662]LogWorld: Bringing up level for play took: 0.015612
[2015.09.07-02.42.53:576][662]PIE: Info Play in editor start time for /Game/FirstPerson/Maps/UEDPIE_0_FirstPersonExampleMap -0.111
[2015.09.07-02.43.02:576][723]LogParticles: Destroying 0 GPU particle simulations for FXSystem 0x00000000693CE160
[2015.09.07-02.43.10:343][630]LogPlayLevel: PIE:  No blueprints needed recompiling
[2015.09.07-02.43.10:344][630]PIE: New page: PIE session: FirstPersonExampleMap (Sep 6, 2015, 6:43:10 PM)
[2015.09.07-02.43.10:345][630]LogPlayLevel: Creating play world package: /Game/FirstPerson/Maps/UEDPIE_0_FirstPersonExampleMap
[2015.09.07-02.43.10:364][630]LogPlayLevel: PIE: StaticDuplicateObject took: (0.018906s)
[2015.09.07-02.43.10:365][630]LogAIModule: Creating AISystem for world FirstPersonExampleMap
[2015.09.07-02.43.10:366][630]LogPlayLevel: PIE: World Init took: (0.001552s)
[2015.09.07-02.43.10:367][630]LogPlayLevel: PIE: Created PIE world by copying editor world from /Game/FirstPerson/Maps/FirstPersonExampleMap.FirstPersonExampleMap to /Game/FirstPerson/Maps/UEDPIE_0_FirstPersonExampleMap.FirstPersonExampleMap (0.022262s)
[2015.09.07-02.43.10:401][630]LogInit: XAudio2 using 'Haut-parleurs (C-Media USB Audio Device   )' : 2 channels at 44.1 kHz using 16 bits per sample (channel mask 0x3)
[2015.09.07-02.43.10:407][630]LogInit: FAudioDevice initialized.
[2015.09.07-02.43.10:443][630]LogWorld: Game class is 'BrainGameMode'
[2015.09.07-02.43.10:450][630]LogWorld: Bringing World /Game/FirstPerson/Maps/UEDPIE_0_FirstPersonExampleMap.FirstPersonExampleMap up for play (max tick rate 0) at 2015.09.06-22.43.10
[2015.09.07-02.43.10:450][630]LogActor:Warning: GameSession /Game/FirstPerson/Maps/UEDPIE_0_FirstPersonExampleMap.FirstPersonExampleMap:PersistentLevel.GameSession_6 has natively added scene component(s), but none of them were set as the actor's RootComponent - picking one arbitrarily
[2015.09.07-02.43.10:451][630]LogActor:Warning: GameNetworkManager /Game/FirstPerson/Maps/UEDPIE_0_FirstPersonExampleMap.FirstPersonExampleMap:PersistentLevel.GameNetworkManager_6 has natively added scene component(s), but none of them were set as the actor's RootComponent - picking one arbitrarily
[2015.09.07-02.43.10:452][630]LogWorld: Bringing up level for play took: 0.006877
[2015.09.07-02.43.10:455][630]PIE: Info Play in editor start time for /Game/FirstPerson/Maps/UEDPIE_0_FirstPersonExampleMap 0.767
[2015.09.07-02.43.15:748][246]LogParticles: Destroying 0 GPU particle simulations for FXSystem 0x000000002BB42980
[2015.09.07-02.43.37:117][979]LogActorComponent: UnregisterComponent: (/Engine/Transient.ProjectileComp) Not registered. Aborting.
[2015.09.07-02.43.37:117][979]LogActorComponent: UnregisterComponent: (/Engine/Transient.CharMoveComp) Not registered. Aborting.
[2015.09.07-02.43.37:118][979]LogActorComponent: UnregisterComponent: (/Engine/Transient.CharacterMovementComponent_6) Not registered. Aborting.
[2015.09.07-02.43.39:795][170]LogPlayLevel: PIE:  No blueprints needed recompiling
[2015.09.07-02.43.39:796][170]PIE: New page: PIE session: FirstPersonExampleMap (Sep 6, 2015, 6:43:39 PM)
[2015.09.07-02.43.39:796][170]LogPlayLevel: Creating play world package: /Game/FirstPerson/Maps/UEDPIE_0_FirstPersonExampleMap
[2015.09.07-02.43.39:819][170]LogPlayLevel: PIE: StaticDuplicateObject took: (0.021798s)
[2015.09.07-02.43.39:820][170]LogAIModule: Creating AISystem for world FirstPersonExampleMap
[2015.09.07-02.43.39:821][170]LogPlayLevel: PIE: World Init took: (0.001804s)
[2015.09.07-02.43.39:822][170]LogPlayLevel: PIE: Created PIE world by copying editor world from /Game/FirstPerson/Maps/FirstPersonExampleMap.FirstPersonExampleMap to /Game/FirstPerson/Maps/UEDPIE_0_FirstPersonExampleMap.FirstPersonExampleMap (0.025424s)
[2015.09.07-02.43.39:822][170]LogActorComponent: UnregisterComponent: (/Engine/Transient.CharacterMovementComponent_7) Not registered. Aborting.
[2015.09.07-02.43.39:863][170]LogInit: XAudio2 using 'Haut-parleurs (C-Media USB Audio Device   )' : 2 channels at 44.1 kHz using 16 bits per sample (channel mask 0x3)
[2015.09.07-02.43.39:869][170]LogInit: FAudioDevice initialized.
[2015.09.07-02.43.39:905][170]LogWorld: Game class is 'BrainGameMode'
[2015.09.07-02.43.39:912][170]LogWorld: Bringing World /Game/FirstPerson/Maps/UEDPIE_0_FirstPersonExampleMap.FirstPersonExampleMap up for play (max tick rate 0) at 2015.09.06-22.43.39
[2015.09.07-02.43.39:913][170]LogActor:Warning: GameSession /Game/FirstPerson/Maps/UEDPIE_0_FirstPersonExampleMap.FirstPersonExampleMap:PersistentLevel.GameSession_7 has natively added scene component(s), but none of them were set as the actor's RootComponent - picking one arbitrarily
[2015.09.07-02.43.39:913][170]LogActor:Warning: GameNetworkManager /Game/FirstPerson/Maps/UEDPIE_0_FirstPersonExampleMap.FirstPersonExampleMap:PersistentLevel.GameNetworkManager_7 has natively added scene component(s), but none of them were set as the actor's RootComponent - picking one arbitrarily
[2015.09.07-02.43.39:914][170]LogWorld: Bringing up level for play took: 0.007024
[2015.09.07-02.43.39:917][170]PIE: Info Play in editor start time for /Game/FirstPerson/Maps/UEDPIE_0_FirstPersonExampleMap 0.229
[2015.09.07-02.43.45:353][730]LogParticles: Destroying 0 GPU particle simulations for FXSystem 0x000000006BE0EFC0
[2015.09.07-02.44.06:386][551]LogActorComponent: UnregisterComponent: (/Engine/Transient.ProjectileComp) Not registered. Aborting.
[2015.09.07-02.44.06:387][551]LogActorComponent: UnregisterComponent: (/Engine/Transient.CharMoveComp) Not registered. Aborting.
[2015.09.07-02.44.06:387][551]LogActorComponent: UnregisterComponent: (/Engine/Transient.CharacterMovementComponent_8) Not registered. Aborting.
[2015.09.07-02.44.08:531][719]BlueprintLog: New page: Compile BrainCharacter
[2015.09.07-02.44.08:677][719]LogActorComponent: UnregisterComponent: (/Engine/Transient.CharacterMovementComponent_9) Not registered. Aborting.
[2015.09.07-02.44.08:716][719]BlueprintEditorCompileResults: Info [0258.01] Compile of BrainCharacter successful! [in 184 ms]
[2015.09.07-02.44.11:773][ 38]LogPlayLevel: PIE:  No blueprints needed recompiling
[2015.09.07-02.44.11:774][ 38]PIE: New page: PIE session: FirstPersonExampleMap (Sep 6, 2015, 6:44:11 PM)
[2015.09.07-02.44.11:774][ 38]LogPlayLevel: Creating play world package: /Game/FirstPerson/Maps/UEDPIE_0_FirstPersonExampleMap
[2015.09.07-02.44.11:794][ 38]LogPlayLevel: PIE: StaticDuplicateObject took: (0.019246s)
[2015.09.07-02.44.11:795][ 38]LogAIModule: Creating AISystem for world FirstPersonExampleMap
[2015.09.07-02.44.11:796][ 38]LogPlayLevel: PIE: World Init took: (0.001613s)
[2015.09.07-02.44.11:797][ 38]LogPlayLevel: PIE: Created PIE world by copying editor world from /Game/FirstPerson/Maps/FirstPersonExampleMap.FirstPersonExampleMap to /Game/FirstPerson/Maps/UEDPIE_0_FirstPersonExampleMap.FirstPersonExampleMap (0.022594s)
[2015.09.07-02.44.11:797][ 38]LogActorComponent: UnregisterComponent: (/Engine/Transient.CharMoveComp) Not registered. Aborting.
[2015.09.07-02.44.11:833][ 38]LogInit: XAudio2 using 'Haut-parleurs (C-Media USB Audio Device   )' : 2 channels at 44.1 kHz using 16 bits per sample (channel mask 0x3)
[2015.09.07-02.44.11:838][ 38]LogInit: FAudioDevice initialized.
[2015.09.07-02.44.11:869][ 38]LogWorld: Game class is 'BrainGameMode'
[2015.09.07-02.44.11:876][ 38]LogWorld: Bringing World /Game/FirstPerson/Maps/UEDPIE_0_FirstPersonExampleMap.FirstPersonExampleMap up for play (max tick rate 0) at 2015.09.06-22.44.11
[2015.09.07-02.44.11:876][ 38]LogActor:Warning: GameSession /Game/FirstPerson/Maps/UEDPIE_0_FirstPersonExampleMap.FirstPersonExampleMap:PersistentLevel.GameSession_8 has natively added scene component(s), but none of them were set as the actor's RootComponent - picking one arbitrarily
[2015.09.07-02.44.11:877][ 38]LogActor:Warning: GameNetworkManager /Game/FirstPerson/Maps/UEDPIE_0_FirstPersonExampleMap.FirstPersonExampleMap:PersistentLevel.GameNetworkManager_8 has natively added scene component(s), but none of them were set as the actor's RootComponent - picking one arbitrarily
[2015.09.07-02.44.11:878][ 38]LogWorld: Bringing up level for play took: 0.006548
[2015.09.07-02.44.11:880][ 38]PIE: Info Play in editor start time for /Game/FirstPerson/Maps/UEDPIE_0_FirstPersonExampleMap 0.191
[2015.09.07-02.44.32:144][453]LogParticles: Destroying 0 GPU particle simulations for FXSystem 0x000000006C7BF7E0
[2015.09.07-02.44.40:297][396]LogD3D11RHI: InitD3DDevice
[2015.09.07-02.44.42:021][531]LogD3D11RHI: InitD3DDevice
[2015.09.07-02.44.47:019][926]LogActorComponent: UnregisterComponent: (/Engine/Transient.EditorFloorComp) Not registered. Aborting.
[2015.09.07-02.44.49:304][170]LogActorComponent: UnregisterComponent: (/Engine/Transient.ProjectileComp) Not registered. Aborting.
[2015.09.07-02.44.49:304][170]LogActorComponent: UnregisterComponent: (/Engine/Transient.CharMoveComp) Not registered. Aborting.
[2015.09.07-02.44.49:305][170]LogActorComponent: UnregisterComponent: (/Engine/Transient.CharacterMovementComponent_10) Not registered. Aborting.
[2015.09.07-02.44.49:322][170]LogParticles: Destroying 0 GPU particle simulations for FXSystem 0x0000000026836160
[2015.09.07-02.44.49:323][170]LogParticles: Destroying 0 GPU particle simulations for FXSystem 0x000000006CD80540
[2015.09.07-02.44.49:337][170]LogD3D11RHI: InitD3DDevice
[2015.09.07-02.44.50:661][171]Cmd: QUIT_EDITOR
[2015.09.07-02.44.50:938][171]LogExit: Preparing to exit.
[2015.09.07-02.44.52:004][171]LogExit: Editor shut down
[2015.09.07-02.44.52:005][171]LogExit: Transaction tracking system shut down
[2015.09.07-02.44.52:007][171]LogParticles: Destroying 0 GPU particle simulations for FXSystem 0x000000000C47F920
[2015.09.07-02.44.52:008][171]LogParticles: Destroying 0 GPU particle simulations for FXSystem 0x000000000C47F6A0
[2015.09.07-02.44.52:008][171]LogParticles: Destroying 0 GPU particle simulations for FXSystem 0x000000000E493A60
[2015.09.07-02.44.52:009][171]LogParticles: Destroying 0 GPU particle simulations for FXSystem 0x000000001C86F9C0
[2015.09.07-02.44.52:009][171]LogParticles: Destroying 0 GPU particle simulations for FXSystem 0x000000000EC53060
[2015.09.07-02.44.52:011][171]LogParticles: Destroying 0 GPU particle simulations for FXSystem 0x000000006CE323E0
[2015.09.07-02.44.52:012][171]LogParticles: Destroying 0 GPU particle simulations for FXSystem 0x0000000069198A40
[2015.09.07-02.44.52:224][171]LogExit: Object subsystem successfully closed.
[2015.09.07-02.44.52:241][171]LogD3D11RHI: Shutdown
[2015.09.07-02.44.52:242][171]LogD3D11RHI: CleanupD3DDevice
[2015.09.07-02.44.53:156][171]LogD3D11RHI: ~FD3D11DynamicRHI
[2015.09.07-02.44.53:171][171]LogModuleManager: Shutting down and abandoning module CrashTracker (189)
[2015.09.07-02.44.53:172][171]LogModuleManager: Shutting down and abandoning module SceneOutliner (188)
[2015.09.07-02.44.53:172][171]LogModuleManager: Shutting down and abandoning module SuperSearch (187)
[2015.09.07-02.44.53:172][171]LogModuleManager: Shutting down and abandoning module WidgetCarousel (186)
[2015.09.07-02.44.53:173][171]LogModuleManager: Shutting down and abandoning module AddContentDialog (185)
[2015.09.07-02.44.53:174][171]LogModuleManager: Shutting down and abandoning module EditorWidgets (184)
[2015.09.07-02.44.53:174][171]LogModuleManager: Shutting down and abandoning module CollectionManager (183)
[2015.09.07-02.44.53:174][171]LogModuleManager: Shutting down and abandoning module StatsViewer (182)
[2015.09.07-02.44.53:174][171]LogModuleManager: Shutting down and abandoning module FoliageEdit (181)
[2015.09.07-02.44.53:175][171]LogModuleManager: Shutting down and abandoning module LandscapeEditor (180)
[2015.09.07-02.44.53:175][171]LogModuleManager: Shutting down and abandoning module ActorPickerMode (179)
[2015.09.07-02.44.53:175][171]LogModuleManager: Shutting down and abandoning module GeometryMode (178)
[2015.09.07-02.44.53:175][171]LogModuleManager: Shutting down and abandoning module TextureAlignMode (177)
[2015.09.07-02.44.53:176][171]LogModuleManager: Shutting down and abandoning module BspMode (176)
[2015.09.07-02.44.53:176][171]LogModuleManager: Shutting down and abandoning module PlacementMode (175)
[2015.09.07-02.44.53:176][171]LogModuleManager: Shutting down and abandoning module AutomationWorker (174)
[2015.09.07-02.44.53:176][171]LogModuleManager: Shutting down and abandoning module CharacterAI (173)
[2015.09.07-02.44.53:177][171]LogModuleManager: Shutting down and abandoning module SmartSnapping (172)
[2015.09.07-02.44.53:177][171]LogModuleManager: Shutting down and abandoning module ViewportSnapping (171)
[2015.09.07-02.44.53:177][171]LogModuleManager: Shutting down and abandoning module LogVisualizer (170)
[2015.09.07-02.44.53:177][171]LogModuleManager: Shutting down and abandoning module GameProjectGeneration (169)
[2015.09.07-02.44.53:178][171]LogModuleManager: Shutting down and abandoning module IntroTutorials (168)
[2015.09.07-02.44.53:178][171]LogModuleManager: Shutting down and abandoning module EditorLiveStreaming (167)
[2015.09.07-02.44.53:178][171]LogModuleManager: Shutting down and abandoning module IOSPlatformEditor (166)
[2015.09.07-02.44.53:178][171]LogModuleManager: Shutting down and abandoning module HTML5PlatformEditor (165)
[2015.09.07-02.44.53:178][171]LogModuleManager: Shutting down and abandoning module AndroidDeviceDetection (164)
[2015.09.07-02.44.53:233][171]LogModuleManager: Shutting down and abandoning module AndroidPlatformEditor (163)
[2015.09.07-02.44.53:234][171]LogModuleManager: Shutting down and abandoning module IOSRuntimeSettings (162)
[2015.09.07-02.44.53:234][171]LogModuleManager: Shutting down and abandoning module AndroidRuntimeSettings (161)
[2015.09.07-02.44.53:234][171]LogModuleManager: Shutting down and abandoning module MergeActors (160)
[2015.09.07-02.44.53:235][171]LogModuleManager: Shutting down and abandoning module SizeMap (159)
[2015.09.07-02.44.53:235][171]LogModuleManager: Shutting down and abandoning module TreeMap (158)
[2015.09.07-02.44.53:235][171]LogModuleManager: Shutting down and abandoning module ReferenceViewer (157)
[2015.09.07-02.44.53:235][171]LogModuleManager: Shutting down and abandoning module LocalizationDashboard (156)
[2015.09.07-02.44.53:236][171]LogModuleManager: Shutting down and abandoning module HardwareTargeting (155)
[2015.09.07-02.44.53:236][171]LogModuleManager: Shutting down and abandoning module DeviceProfileEditor (154)
[2015.09.07-02.44.53:236][171]LogModuleManager: Shutting down and abandoning module UndoHistory (153)
[2015.09.07-02.44.53:236][171]LogModuleManager: Shutting down and abandoning module GameplayTagsEditor (152)
[2015.09.07-02.44.53:237][171]LogModuleManager: Shutting down and abandoning module UserFeedback (151)
[2015.09.07-02.44.53:237][171]LogModuleManager: Shutting down and abandoning module XmlParser (150)
[2015.09.07-02.44.53:237][171]LogModuleManager: Shutting down and abandoning module Blutility (149)
[2015.09.07-02.44.53:237][171]LogModuleManager: Shutting down and abandoning module ProjectTargetPlatformEditor (148)
[2015.09.07-02.44.53:238][171]LogModuleManager: Shutting down and abandoning module ProjectSettingsViewer (147)
[2015.09.07-02.44.53:238][171]LogModuleManager: Shutting down and abandoning module InputBindingEditor (146)
[2015.09.07-02.44.53:238][171]LogModuleManager: Shutting down and abandoning module EditorSettingsViewer (145)
[2015.09.07-02.44.53:238][171]LogModuleManager: Shutting down and abandoning module SettingsEditor (144)
[2015.09.07-02.44.53:239][171]LogModuleManager: Shutting down and abandoning module ProjectLauncher (143)
[2015.09.07-02.44.53:239][171]LogModuleManager: Shutting down and abandoning module SessionFrontend (142)
[2015.09.07-02.44.53:239][171]LogModuleManager: Shutting down and abandoning module ProfilerClient (141)
[2015.09.07-02.44.53:239][171]LogModuleManager: Shutting down and abandoning module TargetDeviceServices (140)
[2015.09.07-02.44.53:240][171]LogModuleManager: Shutting down and abandoning module DeviceManager (139)
[2015.09.07-02.44.53:240][171]LogModuleManager: Shutting down and abandoning module AutomationController (138)
[2015.09.07-02.44.53:240][171]LogModuleManager: Shutting down and abandoning module AutomationWindow (137)
[2015.09.07-02.44.53:241][171]LogModuleManager: Shutting down and abandoning module Layers (136)
[2015.09.07-02.44.53:241][171]LogModuleManager: Shutting down and abandoning module ComponentVisualizers (135)
[2015.09.07-02.44.53:241][171]LogModuleManager: Shutting down and abandoning module DetailCustomizations (134)
[2015.09.07-02.44.53:241][171]LogModuleManager: Shutting down and abandoning module PackagesDialog (133)
[2015.09.07-02.44.53:242][171]LogModuleManager: Shutting down and abandoning module AssetRegistry (132)
[2015.09.07-02.44.53:299][171]LogModuleManager: Shutting down and abandoning module Persona (131)
[2015.09.07-02.44.53:299][171]LogModuleManager: Shutting down and abandoning module Kismet (130)
[2015.09.07-02.44.53:300][171]LogModuleManager: Shutting down and abandoning module GraphEditor (129)
[2015.09.07-02.44.53:300][171]LogModuleManager: Shutting down and abandoning module ClassViewer (128)
[2015.09.07-02.44.53:300][171]LogModuleManager: Shutting down and abandoning module Toolbox (127)
[2015.09.07-02.44.53:301][171]LogModuleManager: Shutting down and abandoning module ModuleUI (126)
[2015.09.07-02.44.53:301][171]LogModuleManager: Shutting down and abandoning module MovieSceneTools (125)
[2015.09.07-02.44.53:301][171]LogModuleManager: Shutting down and abandoning module OutputLog (124)
[2015.09.07-02.44.53:301][171]LogModuleManager: Shutting down and abandoning module GammaUI (123)
[2015.09.07-02.44.53:302][171]LogModuleManager: Shutting down and abandoning module Documentation (122)
[2015.09.07-02.44.53:302][171]LogModuleManager: Shutting down and abandoning module GameLiveStreaming (121)
[2015.09.07-02.44.53:302][171]LogModuleManager: Shutting down and abandoning module StreamingPauseRendering (120)
[2015.09.07-02.44.53:302][171]LogModuleManager: Shutting down and abandoning module AnalyticsET (119)
[2015.09.07-02.44.53:303][171]LogModuleManager: Shutting down and abandoning module Analytics (118)
[2015.09.07-02.44.53:303][171]LogModuleManager: Shutting down and abandoning module AITestSuite (117)
[2015.09.07-02.44.53:303][171]LogModuleManager: Shutting down and abandoning module GameplayDebugger (116)
[2015.09.07-02.44.53:303][171]LogModuleManager: Shutting down and abandoning module AIModule (115)
[2015.09.07-02.44.53:303][171]LogModuleManager: Shutting down and abandoning module ProfilerService (114)
[2015.09.07-02.44.53:472][171]LogModuleManager: Shutting down and abandoning module TaskGraph (113)
[2015.09.07-02.44.53:473][171]LogModuleManager: Shutting down and abandoning module SlateRemote (112)
[2015.09.07-02.44.53:474][171]LogModuleManager: Shutting down and abandoning module SteamVRController (111)
[2015.09.07-02.44.53:475][171]LogModuleManager: Shutting down and abandoning module SteamVR (110)
[2015.09.07-02.44.53:475][171]LogModuleManager: Shutting down and abandoning module ProceduralMeshComponent (109)
[2015.09.07-02.44.53:476][171]LogModuleManager: Shutting down and abandoning module OculusRift (108)
[2015.09.07-02.44.53:477][171]LogModuleManager: Shutting down and abandoning module LeapMotionController (107)
[2015.09.07-02.44.53:497][171]LogModuleManager: Shutting down and abandoning module CustomMeshComponent (106)
[2015.09.07-02.44.53:497][171]LogModuleManager: Shutting down and abandoning module CableComponent (105)
[2015.09.07-02.44.53:498][171]LogModuleManager: Shutting down and abandoning module MessagingDebugger (104)
[2015.09.07-02.44.53:499][171]LogModuleManager: Shutting down and abandoning module MediaPlayerEditor (103)
[2015.09.07-02.44.53:499][171]LogModuleManager: Shutting down and abandoning module SpeedTreeImporter (102)
[2015.09.07-02.44.53:500][171]LogModuleManager: Shutting down and abandoning module PluginBrowser (101)
[2015.09.07-02.44.53:500][171]LogModuleManager: Shutting down and abandoning module EpicSurvey (100)
[2015.09.07-02.44.53:501][171]LogModuleManager: Shutting down and abandoning module DesktopPlatform (99)
[2015.09.07-02.44.53:501][171]LogModuleManager: Shutting down and abandoning module VisualStudioSourceCodeAccess (98)
[2015.09.07-02.44.53:502][171]LogModuleManager: Shutting down and abandoning module UObjectPlugin (97)
[2015.09.07-02.44.53:502][171]LogModuleManager: Shutting down and abandoning module SubversionSourceControl (96)
[2015.09.07-02.44.53:503][171]LogModuleManager: Shutting down and abandoning module PerforceSourceControl (95)
[2015.09.07-02.44.53:504][171]LogModuleManager: Shutting down and abandoning module SourceControl (94)
[2015.09.07-02.44.53:504][171]LogModuleManager: Shutting down and abandoning module GitSourceControl (93)
[2015.09.07-02.44.53:505][171]LogModuleManager: Shutting down and abandoning module BlankPlugin (92)
[2015.09.07-02.44.53:505][171]LogModuleManager: Shutting down and abandoning module PaperTiledImporter (91)
[2015.09.07-02.44.53:506][171]LogModuleManager: Shutting down and abandoning module PaperSpriteSheetImporter (90)
[2015.09.07-02.44.53:506][171]LogModuleManager: Shutting down and abandoning module MeshPaint (89)
[2015.09.07-02.44.53:507][171]LogModuleManager: Shutting down and abandoning module SlateReflector (88)
[2015.09.07-02.44.53:507][171]LogModuleManager: Shutting down and abandoning module DirectoryWatcher (87)
[2015.09.07-02.44.53:508][171]LogModuleManager: Shutting down and abandoning module HotReload (86)
[2015.09.07-02.44.53:508][171]LogModuleManager: Shutting down and abandoning module MainFrame (85)
[2015.09.07-02.44.53:509][171]LogModuleManager: Shutting down and abandoning module LevelEditor (84)
[2015.09.07-02.44.53:510][171]LogModuleManager: Shutting down and abandoning module ContentBrowser (83)
[2015.09.07-02.44.53:510][171]LogModuleManager: Shutting down and abandoning module Paper2DEditor (82)
[2015.09.07-02.44.53:511][171]LogModuleManager: Shutting down and abandoning module Brain (81)
[2015.09.07-02.44.53:511][171]LogModuleManager: Shutting down and abandoning module UdpMessaging (80)
[2015.09.07-02.44.53:611][171]LogModuleManager: Shutting down and abandoning module Paper2D (79)
[2015.09.07-02.44.53:612][171]LogModuleManager: Shutting down and abandoning module WindowsMoviePlayer (78)
[2015.09.07-02.44.53:617][171]LogModuleManager: Shutting down and abandoning module Media (77)
[2015.09.07-02.44.53:618][171]LogModuleManager: Shutting down and abandoning module WmfMedia (76)
[2015.09.07-02.44.53:620][171]LogModuleManager: Shutting down and abandoning module OnlineBlueprintSupport (75)
[2015.09.07-02.44.53:622][171]LogModuleManager: Shutting down and abandoning module PropertyEditor (74)
[2015.09.07-02.44.53:623][171]LogModuleManager: Shutting down and abandoning module BehaviorTreeEditor (73)
[2015.09.07-02.44.53:623][171]LogModuleManager: Shutting down and abandoning module FunctionalTesting (72)
[2015.09.07-02.44.53:624][171]LogModuleManager: Shutting down and abandoning module CollisionAnalyzer (71)
[2015.09.07-02.44.53:624][171]LogModuleManager: Shutting down and abandoning module WorkspaceMenuStructure (70)
[2015.09.07-02.44.53:625][171]LogModuleManager: Shutting down and abandoning module MessageLog (69)
[2015.09.07-02.44.53:625][171]LogModuleManager: Shutting down and abandoning module Sequencer (68)
[2015.09.07-02.44.53:626][171]LogModuleManager: Shutting down and abandoning module AssetTools (67)
[2015.09.07-02.44.53:627][171]LogModuleManager: Shutting down and abandoning module UMGEditor (66)
[2015.09.07-02.44.53:627][171]LogModuleManager: Shutting down and abandoning module UMG (65)
[2015.09.07-02.44.53:628][171]LogModuleManager: Shutting down and abandoning module Slate (64)
[2015.09.07-02.44.53:628][171]LogModuleManager: Shutting down and abandoning module EditorStyle (63)
[2015.09.07-02.44.53:630][171]LogModuleManager: Shutting down and abandoning module SessionServices (62)
[2015.09.07-02.44.53:630][171]LogModuleManager: Shutting down and abandoning module SourceCodeAccess (61)
[2015.09.07-02.44.53:631][171]LogModuleManager: Shutting down and abandoning module HeadMountedDisplay (60)
[2015.09.07-02.44.53:631][171]LogModuleManager: Shutting down and abandoning module XAudio2 (59)
[2015.09.07-02.44.53:631][171]LogModuleManager: Shutting down and abandoning module Networking (57)
[2015.09.07-02.44.53:631][171]LogModuleManager: Shutting down and abandoning module Core (56)
[2015.09.07-02.44.53:631][171]LogModuleManager: Shutting down and abandoning module KismetCompiler (55)
[2015.09.07-02.44.53:632][171]LogModuleManager: Shutting down and abandoning module PhysXFormats (54)
[2015.09.07-02.44.53:632][171]LogModuleManager: Shutting down and abandoning module MeshUtilities (53)
[2015.09.07-02.44.53:632][171]LogModuleManager: Shutting down and abandoning module DerivedDataCache (52)
[2015.09.07-02.44.53:708][171]LogDerivedDataCache: Shutdown
[2015.09.07-02.44.53:709][171]LogModuleManager: Shutting down and abandoning module ShaderFormatOpenGL (51)
[2015.09.07-02.44.53:710][171]LogModuleManager: Shutting down and abandoning module ShaderFormatD3D (50)
[2015.09.07-02.44.53:711][171]LogModuleManager: Shutting down and abandoning module MetalShaderFormat (49)
[2015.09.07-02.44.53:711][171]LogModuleManager: Shutting down and abandoning module TextureFormatUncompressed (48)
[2015.09.07-02.44.53:712][171]LogModuleManager: Shutting down and abandoning module TextureFormatPVR (47)
[2015.09.07-02.44.53:712][171]LogModuleManager: Shutting down and abandoning module TextureFormatIntelISPCTexComp (46)
[2015.09.07-02.44.53:713][171]LogModuleManager: Shutting down and abandoning module TextureFormatDXT (45)
[2015.09.07-02.44.53:713][171]LogModuleManager: Shutting down and abandoning module ImageWrapper (44)
[2015.09.07-02.44.53:714][171]LogModuleManager: Shutting down and abandoning module TextureFormatASTC (43)
[2015.09.07-02.44.53:715][171]LogModuleManager: Shutting down and abandoning module TextureFormatAndroid (42)
[2015.09.07-02.44.53:715][171]LogModuleManager: Shutting down and abandoning module AudioFormatOpus (41)
[2015.09.07-02.44.53:716][171]LogModuleManager: Shutting down and abandoning module AudioFormatOgg (40)
[2015.09.07-02.44.53:716][171]LogModuleManager: Shutting down and abandoning module AudioFormatADPCM (39)
[2015.09.07-02.44.53:717][171]LogModuleManager: Shutting down and abandoning module LinuxTargetPlatform (38)
[2015.09.07-02.44.53:717][171]LogModuleManager: Shutting down and abandoning module LinuxServerTargetPlatform (37)
[2015.09.07-02.44.53:718][171]LogModuleManager: Shutting down and abandoning module LinuxNoEditorTargetPlatform (36)
[2015.09.07-02.44.53:718][171]LogModuleManager: Shutting down and abandoning module Messaging (35)
[2015.09.07-02.44.53:719][171]LogModuleManager: Shutting down and abandoning module IOSTargetPlatform (34)
[2015.09.07-02.44.53:719][171]LogModuleManager: Shutting down and abandoning module HTML5TargetPlatform (33)
[2015.09.07-02.44.53:720][171]LogModuleManager: Shutting down and abandoning module Android_PVRTCTargetPlatform (32)
[2015.09.07-02.44.53:720][171]LogModuleManager: Shutting down and abandoning module Android_ETC2TargetPlatform (31)
[2015.09.07-02.44.53:721][171]LogModuleManager: Shutting down and abandoning module Android_ETC1TargetPlatform (30)
[2015.09.07-02.44.53:721][171]LogModuleManager: Shutting down and abandoning module Android_DXTTargetPlatform (29)
[2015.09.07-02.44.53:722][171]LogModuleManager: Shutting down and abandoning module Android_ATCTargetPlatform (28)
[2015.09.07-02.44.53:722][171]LogModuleManager: Shutting down and abandoning module Android_ASTCTargetPlatform (27)
[2015.09.07-02.44.53:723][171]LogModuleManager: Shutting down and abandoning module AndroidTargetPlatform (26)
[2015.09.07-02.44.53:723][171]LogModuleManager: Shutting down and abandoning module WindowsTargetPlatform (25)
[2015.09.07-02.44.53:724][171]LogModuleManager: Shutting down and abandoning module WindowsServerTargetPlatform (24)
[2015.09.07-02.44.53:724][171]LogModuleManager: Shutting down and abandoning module WindowsNoEditorTargetPlatform (23)
[2015.09.07-02.44.53:725][171]LogModuleManager: Shutting down and abandoning module WindowsClientTargetPlatform (22)
[2015.09.07-02.44.53:725][171]LogModuleManager: Shutting down and abandoning module DesktopTargetPlatform (21)
[2015.09.07-02.44.53:726][171]LogModuleManager: Shutting down and abandoning module TargetPlatform (20)
[2015.09.07-02.44.53:726][171]LogModuleManager: Shutting down and abandoning module InputCore (19)
[2015.09.07-02.44.53:727][171]LogModuleManager: Shutting down and abandoning module Settings (18)
[2015.09.07-02.44.53:727][171]LogModuleManager: Shutting down and abandoning module OnlineSubsystem (16)
[2015.09.07-02.44.53:728][171]LogModuleManager: Shutting down and abandoning module HTTP (15)
[2015.09.07-02.44.53:729][171]LogModuleManager: Shutting down and abandoning module ExampleDeviceProfileSelector (14)
[2015.09.07-02.44.53:730][171]LogModuleManager: Shutting down and abandoning module TextureCompressor (13)
[2015.09.07-02.44.53:731][171]LogModuleManager: Shutting down and abandoning module ShaderCore (12)
[2015.09.07-02.44.53:732][171]LogModuleManager: Shutting down and abandoning module Landscape (11)
[2015.09.07-02.44.53:732][171]LogModuleManager: Shutting down and abandoning module SlateRHIRenderer (10)
[2015.09.07-02.44.53:737][171]LogModuleManager: Shutting down and abandoning module OpenGLDrv (9)
[2015.09.07-02.44.53:738][171]LogModuleManager: Shutting down and abandoning module D3D11RHI (8)
[2015.09.07-02.44.53:739][171]LogModuleManager: Shutting down and abandoning module Renderer (7)
[2015.09.07-02.44.53:739][171]LogModuleManager: Shutting down and abandoning module Engine (6)
[2015.09.07-02.44.53:740][171]LogModuleManager: Shutting down and abandoning module CoreUObject (5)
[2015.09.07-02.44.53:741][171]LogModuleManager: Shutting down and abandoning module NetworkFile (4)
[2015.09.07-02.44.53:741][171]LogModuleManager: Shutting down and abandoning module StreamingFile (3)
[2015.09.07-02.44.53:742][171]LogModuleManager: Shutting down and abandoning module SandboxFile (2)
[2015.09.07-02.44.53:743][171]LogModuleManager: Shutting down and abandoning module PakFile (1)
[2015.09.07-02.44.53:749][171]LogExit: Exiting.
[2015.09.07-02.44.53:752][171]Log file closed, 09/06/15 22:44:53
