[2015.12.09-16.58.53:678][  0]Log file open, 12/09/15 11:58:53
[2015.12.09-16.58.53:678][  0]LogInit:Display: Running engine for game: Brain
[2015.12.09-16.58.53:678][  0]LogInit:Display: RandInit(1523064677) SRandInit(1523064677).
[2015.12.09-16.58.53:678][  0]LogTaskGraph: Started task graph with 4 named threads and 7 total threads.
[2015.12.09-16.58.53:678][  0]LogStats: Stats thread started
[2015.12.09-16.58.53:678][  0]LogInit: Version: 4.8.3-2634408+++depot+UE4-Releases+4.8
[2015.12.09-16.58.53:678][  0]LogInit: API Version: 2579680
[2015.12.09-16.58.53:678][  0]LogInit: Compiled (64-bit): Jul 27 2015 16:24:33
[2015.12.09-16.58.53:678][  0]LogInit: Compiled with Visual C++: 18.00.21005.01
[2015.12.09-16.58.53:678][  0]LogInit: Build Configuration: Development
[2015.12.09-16.58.53:678][  0]LogInit: Branch Name: ++depot+UE4-Releases+4.8
[2015.12.09-16.58.53:678][  0]LogInit: Command line:  
[2015.12.09-16.58.53:678][  0]LogInit: Base directory: C:/Program Files/Epic Games/4.8/Engine/Binaries/Win64/
[2015.12.09-16.58.53:678][  0]LogInit: Rocket: 1
[2015.12.09-16.58.53:700][  0]LogInit: Using libcurl 7.41.0
[2015.12.09-16.58.53:700][  0]LogInit:  - built for x86_64-pc-win32
[2015.12.09-16.58.53:700][  0]LogInit:  - supports SSL with WinSSL
[2015.12.09-16.58.53:700][  0]LogInit:  - other features:
[2015.12.09-16.58.53:700][  0]LogInit:      CURL_VERSION_SSL
[2015.12.09-16.58.53:700][  0]LogInit:      CURL_VERSION_IPV6
[2015.12.09-16.58.53:700][  0]LogInit:      CURL_VERSION_ASYNCHDNS
[2015.12.09-16.58.53:700][  0]LogInit:      CURL_VERSION_LARGEFILE
[2015.12.09-16.58.53:700][  0]LogInit:      CURL_VERSION_IDN
[2015.12.09-16.58.53:700][  0]LogInit:  CurlRequestOptions (configurable via config and command line):
[2015.12.09-16.58.53:700][  0]LogInit:  - bVerifyPeer = true  - Libcurl will verify peer certificate
[2015.12.09-16.58.53:700][  0]LogInit:  - bUseHttpProxy = false  - Libcurl will NOT use HTTP proxy
[2015.12.09-16.58.53:700][  0]LogInit:  - bDontReuseConnections = false  - Libcurl will reuse connections
[2015.12.09-16.58.53:700][  0]LogInit:  - CertBundlePath = nullptr  - Libcurl will use whatever was configured at build time.
[2015.12.09-16.58.53:723][  0]LogOnline:Warning: No default platform service specified for OnlineSubsystem
[2015.12.09-16.58.53:749][  0]LogInit: Presizing for 0 objects not considered by GC, pre-allocating 0 bytes.
[2015.12.09-16.58.53:767][  0]LogInit: Object subsystem initialized
[2015.12.09-16.58.53:770][  0]LogConsoleResponse:Warning: Skipping Unknown console variable: 'TranslucentSortAxis = (X=0.000000,Y=-1.000000,Z=0.000000)'
[2015.12.09-16.58.53:770][  0]LogConsoleResponse:Warning:   Found in ini file 'C:/Users/Sullivan/Documents/Brain-new/Saved/Config/Windows/Engine.ini', in section '[/Script/Engine.RendererSettings]'
[2015.12.09-16.58.53:770][  0]LogConsoleResponse:Warning: Skipping Unknown console variable: 'UIScaleRule = ShortestSide'
[2015.12.09-16.58.53:770][  0]LogConsoleResponse:Warning:   Found in ini file 'C:/Users/Sullivan/Documents/Brain-new/Saved/Config/Windows/Engine.ini', in section '[/Script/Engine.RendererSettings]'
[2015.12.09-16.58.53:770][  0]LogConsoleResponse:Warning: Skipping Unknown console variable: 'UIScaleCurve = (EditorCurveData=(Keys=),ExternalCurve=None)'
[2015.12.09-16.58.53:770][  0]LogConsoleResponse:Warning:   Found in ini file 'C:/Users/Sullivan/Documents/Brain-new/Saved/Config/Windows/Engine.ini', in section '[/Script/Engine.RendererSettings]'
[2015.12.09-16.58.53:771][  0]LogInit: Selected Device Profile: [Windows]
[2015.12.09-16.58.53:771][  0]LogInit: Applying CVar settings loaded from the selected device profile: [Windows]
[2015.12.09-16.58.53:789][  0]LogInit: Computer: SULLI
[2015.12.09-16.58.53:789][  0]LogInit: User: Sullivan
[2015.12.09-16.58.53:789][  0]LogInit: CPU Page size=4096, Cores=4
[2015.12.09-16.58.53:789][  0]LogInit: High frequency timer resolution =2.241004 MHz
[2015.12.09-16.58.53:789][  0]LogMemory: Memory total: Physical=8.0GB (8GB approx)
[2015.12.09-16.58.53:789][  0]LogMemory: Platform Memory Stats for Windows
[2015.12.09-16.58.53:789][  0]LogMemory: Process Physical Memory: 48.17 MB used, 48.17 MB peak
[2015.12.09-16.58.53:789][  0]LogMemory: Process Virtual Memory: 22.47 MB used, 22.47 MB peak
[2015.12.09-16.58.53:789][  0]LogMemory: Physical Memory: 2997.65 MB used, 8151.90 MB total
[2015.12.09-16.58.53:789][  0]LogMemory: Virtual Memory: 296.06 MB used, 134217728.00 MB total
[2015.12.09-16.58.53:839][  0]LogTextLocalizationManager: The requested culture ('fr_FR') has no localization data; falling back to 'en' for localization and internationalization data.
[2015.12.09-16.58.54:207][  0]LogTextLocalizationManager:Warning: Loaded localization resources contain conflicting entries for (Namespace:ContentBrowser, Key:ImportAssetToolTip):
Localization Resource: (C:/Program Files/Epic Games/4.8/Engine/Content/Localization/Editor/en/Editor.locres) Source String Hash: (-630476809) Localized String: (Import to {0}...)
Localization Resource: (C:/Program Files/Epic Games/4.8/Engine/Content/Localization/Editor/en/Editor.locres) Source String Hash: (1271782899) Localized String: (Imports an asset from file to this folder.)
[2015.12.09-16.58.54:902][  0]LogD3D11RHI: Found D3D11 adapter 0: NVIDIA GeForce GTX 670M (Feature Level 11_0)
[2015.12.09-16.58.54:902][  0]LogD3D11RHI: Adapter has 3003MB of dedicated video memory, 0MB of dedicated system memory, and 4075MB of shared system memory, 1 output[s]
[2015.12.09-16.58.54:903][  0]LogD3D11RHI: Found D3D11 adapter 1: Microsoft Basic Render Driver (Feature Level 11_0)
[2015.12.09-16.58.54:903][  0]LogD3D11RHI: Adapter has 0MB of dedicated video memory, 0MB of dedicated system memory, and 256MB of shared system memory, 0 output[s]
[2015.12.09-16.58.54:903][  0]LogD3D11RHI: Chosen D3D11 Adapter Id = 0
[2015.12.09-16.58.54:907][  0]LogD3D11RHI: InitD3DDevice
[2015.12.09-16.58.54:907][  0]LogD3D11RHI: !Direct3DDevice
[2015.12.09-16.58.54:907][  0]LogRHI: Texture pool is 1361 MB (70% of 1945 MB)
[2015.12.09-16.58.54:917][  0]LogD3D11RHI: Async texture creation enabled
[2015.12.09-16.58.54:937][  0]LogShaderCompilers:Display: Using Local Shader Compiler.
[2015.12.09-16.58.56:364][  0]LogTemp:Display: Loaded TP DesktopTargetPlatform
[2015.12.09-16.58.56:394][  0]LogTemp:Display: Loaded TP WindowsClientTargetPlatform
[2015.12.09-16.58.56:418][  0]LogTemp:Display: Loaded TP WindowsNoEditorTargetPlatform
[2015.12.09-16.58.56:441][  0]LogTemp:Display: Loaded TP WindowsServerTargetPlatform
[2015.12.09-16.58.56:470][  0]LogTemp:Display: Loaded TP WindowsTargetPlatform
[2015.12.09-16.58.56:493][  0]LogTemp:Display: Loaded TP AndroidTargetPlatform
[2015.12.09-16.58.56:513][  0]LogTemp:Display: Loaded TP Android_ASTCTargetPlatform
[2015.12.09-16.58.56:536][  0]LogTemp:Display: Loaded TP Android_ATCTargetPlatform
[2015.12.09-16.58.56:556][  0]LogTemp:Display: Loaded TP Android_DXTTargetPlatform
[2015.12.09-16.58.56:578][  0]LogTemp:Display: Loaded TP Android_ETC1TargetPlatform
[2015.12.09-16.58.56:601][  0]LogTemp:Display: Loaded TP Android_ETC2TargetPlatform
[2015.12.09-16.58.56:621][  0]LogTemp:Display: Loaded TP Android_PVRTCTargetPlatform
[2015.12.09-16.58.56:700][  0]LogTemp:Display: Loaded TP IOSTargetPlatform
[2015.12.09-16.58.56:720][  0]LogTemp:Display: Loaded TP LinuxNoEditorTargetPlatform
[2015.12.09-16.58.56:742][  0]LogTemp:Display: Loaded TP LinuxServerTargetPlatform
[2015.12.09-16.58.56:766][  0]LogTemp:Display: Loaded TP LinuxTargetPlatform
[2015.12.09-16.58.56:766][  0]LogTargetPlatformManager:Display: Building Assets For Windows
[2015.12.09-16.58.57:193][  0]LogDerivedDataCache:Display: Max Cache Size: 512 MB
[2015.12.09-16.58.58:197][  0]LogDerivedDataCache: Loaded boot cache 1.00s 60MB C:/Users/Sullivan/AppData/Local/UnrealEngine/4.8/DerivedDataCache/Boot.ddc.
[2015.12.09-16.58.58:197][  0]LogDerivedDataCache:Display: Loaded Boot cache: C:/Users/Sullivan/AppData/Local/UnrealEngine/4.8/DerivedDataCache/Boot.ddc
[2015.12.09-16.58.58:197][  0]LogDerivedDataCache: FDerivedDataBackendGraph:  Pak pak cache file ../../../../../../Users/Sullivan/Documents/Brain-new/DerivedDataCache/DDC.ddp not found, will not use a pak cache.
[2015.12.09-16.58.58:198][  0]LogDerivedDataCache: Unable to find inner node Pak for hierarchical cache Hierarchy.
[2015.12.09-16.58.58:198][  0]LogDerivedDataCache: FDerivedDataBackendGraph:  CompressedPak pak cache file ../../../../../../Users/Sullivan/Documents/Brain-new/DerivedDataCache/Compressed.ddp not found, will not use a pak cache.
[2015.12.09-16.58.58:198][  0]LogDerivedDataCache: Unable to find inner node CompressedPak for hierarchical cache Hierarchy.
[2015.12.09-16.58.58:437][  0]LogDerivedDataCache:Display: Pak cache opened for reading ../../../Engine/DerivedDataCache/Compressed.ddp.
[2015.12.09-16.58.58:449][  0]LogDerivedDataCache: Using Local data cache path C:/Users/Sullivan/AppData/Local/UnrealEngine/Common/DerivedDataCache: Writable
[2015.12.09-16.58.58:816][  0]LogCollisionProfile:Warning: Profile (Trigger) - Custom Channel Name = 'Projectile' hasn't been found
[2015.12.09-16.58.58:856][  0]LogInit: Selected Device Profile: [Windows]
[2015.12.09-16.58.59:001][  0]ImportText (ComponentSweepMultiTests): Missing closing parenthesis: (RootShapeAsset="/Engine/BasicShapes/Cube.Cube",ShapeType="TriggerCapsule",HitResult=(Time=0.50,Location=(X=-100.000015,Y=0.0,Z=100.000015),ImpactPoint=(X=-50.0,Y=0.0,Z=50.0),Normal=(X=-1.0,Y=-0.0,Z=0.0),ImpactNormal=(X=0.0,Y=0.0,Z=1.0),TraceStart=(X=-200.0,Y=0.0,Z=200.0),TraceEnd=(X=0.0,Y=0.0,Z=0.0))
[2015.12.09-16.58.59:002][  0]ImportText (LineTraceSingleByChannelTests): Missing closing parenthesis: (RootShapeAsset="/Engine/BasicShapes/Cube.Cube",HitResult=(Time=0.50,Location=(X=-100.000015,Y=0.0,Z=100.000015),ImpactPoint=(X=-50.0,Y=0.0,Z=50.0),Normal=(X=-1.0,Y=-0.0,Z=0.0),ImpactNormal=(X=0.0,Y=0.0,Z=1.0),TraceStart=(X=-200.0,Y=0.0,Z=200.0),TraceEnd=(X=0.0,Y=0.0,Z=0.0))
[2015.12.09-16.58.59:052][  0]LogMeshUtilities: No automatic mesh reduction module available
[2015.12.09-16.58.59:052][  0]LogMeshUtilities: No automatic mesh merging module available
[2015.12.09-16.58.59:700][  0]LogInit: WinSock: version 1.1 (2.2), MaxSocks=32767, MaxUdp=65467
[2015.12.09-16.59.11:692][  0]LogWmfMedia: Failed to load mf.dll
[2015.12.09-16.59.11:692][  0]LogWmfMedia: Failed to load required Windows Media Foundation libraries
[2015.12.09-16.59.11:714][  0]LogWindowsMoviePlayer:Warning: Could not load mf.dll
[2015.12.09-16.59.11:716][  0]LogWindowsMoviePlayer:Warning: Could not load mfplat.dll
[2015.12.09-16.59.11:718][  0]LogWindowsMoviePlayer:Warning: Could not load mfplay.dll
[2015.12.09-16.59.11:936][  0]UdpMessaging: Initializing bridge on interface 0.0.0.0:0 to multicast group 230.0.0.1:6666.
[2015.12.09-16.59.13:406][  0]SourceControl: Info Source control is disabled
[2015.12.09-16.59.13:407][  0]SourceControl: Info Source control is disabled
[2015.12.09-16.59.13:424][  0]SourceControl: Info Source control is disabled
[2015.12.09-16.59.13:442][  0]SourceControl: Info Source control is disabled
[2015.12.09-16.59.14:433][  0]LogObj: 31403 objects as part of root set at end of initial load.
[2015.12.09-16.59.14:433][  0]LogUObjectAllocator: 7163536 out of 0 bytes used by permanent object pool.
[2015.12.09-16.59.14:602][  0]LogEngine: Initializing Engine...
[2015.12.09-16.59.14:607][  0]LogHMD: Can't find Oculus library dev build: is proper Runtime installed? Version: 0.6.0.0
[2015.12.09-16.59.14:655][  0]LogHMD:Warning: SteamVR failed to initialize.  Error: 108
[2015.12.09-16.59.14:930][  0]LogAIModule: Creating AISystem for world NewWorld
[2015.12.09-16.59.14:936][  0]LogInit: XAudio2 using 'Casque (5- Périphérique High Definition Audio)' : 2 channels at 44.1 kHz using 16 bits per sample (channel mask 0x3)
[2015.12.09-16.59.14:970][  0]LogInit: FAudioDevice initialized.
[2015.12.09-16.59.15:037][  0]LogDerivedDataCache: Saved boot cache 0.07s 60MB C:/Users/Sullivan/AppData/Local/UnrealEngine/4.8/DerivedDataCache/Boot.ddc.
[2015.12.09-16.59.15:046][  0]LogInit: Texture streaming: Disabled
[2015.12.09-16.59.15:090][  0]LogAnalytics: Creating configured Analytics provider AnalyticsET
[2015.12.09-16.59.15:090][  0]LogAnalytics: [UEEditor.Rocket.Release] APIServer = http://et2.epicgames.com/ET2/. AppVersion = 4.8.3-2634408+++depot+UE4-Releases+4.8
[2015.12.09-16.59.15:090][  0]LogAnalytics: [UEEditor.Rocket.Release] SetUserId ad541df74db84af293f9b0a60160a0cf|46a40cfda58c4237b68f593a66e52ede|5c8738c5-c9ae-49ff-8b11-2d4ad6d2f4c4
[2015.12.09-16.59.15:090][  0]LogAnalytics: [UEEditor.Rocket.Release] AnalyticsET::StartSession
[2015.12.09-16.59.15:136][  0]LogInit: Transaction tracking system initialized
[2015.12.09-16.59.15:366][  0]BlueprintLog: New page: Editor Load
[2015.12.09-16.59.15:423][  0]LogAssetRegistry: FAssetRegistry took 0.0114 seconds to start up
[2015.12.09-16.59.15:424][  0]LogDirectoryWatcher:Warning: Failed to begin reading directory changes for ../../../Engine/Plugins/Experimental/CharacterAI/Content/. Error: 0
[2015.12.09-16.59.16:844][  0]LogConsoleManager:Warning: Console variable 'r.VSync' wasn't set ('GameSetting' has a lower priority than 'SystemSettingsIni')
[2015.12.09-16.59.16:845][  0]LogConsoleResponse:Display: 
[2015.12.09-16.59.17:120][  0]LogCook:Display: Done creating registry. It took  0.00s.
[2015.12.09-16.59.17:781][  0]SourceControl: Info Source control is disabled
[2015.12.09-16.59.17:781][  0]Cmd: MAP LOAD FILE="../../../../../../Users/Sullivan/Documents/Brain-new/Content/FirstPerson/Maps/MainMenu.umap" TEMPLATE=0 SHOWPROGRESS=1 FEATURELEVEL=3
[2015.12.09-16.59.17:782][  0]LightingResults: New page: Lighting Build
[2015.12.09-16.59.17:807][  0]MapCheck: New page: Map Check
[2015.12.09-16.59.17:807][  0]LightingResults: New page: Lighting Build
[2015.12.09-16.59.17:826][  0]LogParticles: Destroying 0 GPU particle simulations for FXSystem 0x00000081C708A3E0
[2015.12.09-16.59.17:846][  0]LogAIModule: Creating AISystem for world MainMenu
[2015.12.09-16.59.17:848][  0]LogEditorServer: Finished looking for orphan Actors (0.000 secs)
[2015.12.09-16.59.17:849][  0]Cmd: MAP CHECKDEP NOCLEARLOG
[2015.12.09-16.59.17:926][  0]MapCheck: Info Map check complete: 0 Error(s), 0 Warning(s), took 76.991ms to complete.
[2015.12.09-16.59.17:926][  0]LogFileHelpers: Loading map 'MainMenu' took 0.146
[2015.12.09-16.59.18:149][  0]LogCollectionManager: Loaded 0 collections in 0.004270 seconds
[2015.12.09-16.59.18:172][  0]LogContentBrowser: Native class hierarchy populated in 0.0227 seconds. Added 1819 classes and 311 folders.
[2015.12.09-16.59.18:316][  0]LogContentBrowser: Native class hierarchy updated for 'WidgetCarousel' in 0.0099 seconds. Added 0 classes and 0 folders.
[2015.12.09-16.59.18:439][  0]LogContentBrowser: Native class hierarchy updated for 'AddContentDialog' in 0.0076 seconds. Added 0 classes and 0 folders.
[2015.12.09-16.59.18:496][  0]LogContentBrowser: Native class hierarchy updated for 'SceneOutliner' in 0.0129 seconds. Added 1 classes and 2 folders.
[2015.12.09-16.59.18:559][  0]LogCrashTracker: Crashtracker disabled due to settings.
[2015.12.09-16.59.18:560][  0]LogD3D11RHI: InitD3DDevice
[2015.12.09-16.59.18:566][  0]LogUObjectGlobals:Warning: Failed to find object 'Class None.'
[2015.12.09-16.59.18:588][  0]LogLoad: Full Startup: 28.18 seconds (BP compile: 0.19 seconds)
[2015.12.09-16.59.19:056][  0]LogContentStreaming: Texture pool size is 0.000000MB
[2015.12.09-16.59.19:116][  0]LogContentStreaming: Texture pool size now 1000 MB
[2015.12.09-16.59.19:483][  0]LogRenderer: Reallocating scene render targets to support 1208x576 (Frame:2).
[2015.12.09-16.59.22:337][  9]LogAssetRegistry: Asset discovery search completed in 6.9249 seconds
[2015.12.09-17.00.48:327][267]LogHotReload: New module detected: UE4Editor-Brain-9684-Win64-DebugGame.dll
[2015.12.09-17.00.49:670][272]LogHotReload: Starting Hot-Reload from IDE
[2015.12.09-17.00.49:680][272]LogD3D11RHI: InitD3DDevice
[2015.12.09-17.00.49:844][272]LogClass: Could not find existing class BrainObserver in package /Script/Brain for HotReload, assuming new class
[2015.12.09-17.00.49:856][272]LogClass: EObserverEvent HotReload.
[2015.12.09-17.00.49:856][272]LogClass: EAction HotReload.
[2015.12.09-17.00.49:856][272]LogClass: ShearPlan HotReload.
[2015.12.09-17.00.49:857][272]LogClass: TransformationType HotReload.
[2015.12.09-17.00.49:857][272]LogClass: BrainCharacterSaveData HotReload.
[2015.12.09-17.00.49:857][272]LogClass: BrainCameraSaveData HotReload.
[2015.12.09-17.00.49:857][272]LogClass: BrainNIOSaveData HotReload.
[2015.12.09-17.00.49:857][272]LogClass: BrainTIOSaveData HotReload.
[2015.12.09-17.00.49:857][272]LogClass: BrainTransformSaveData HotReload.
[2015.12.09-17.00.49:857][272]LogClass: BrainSaveData HotReload.
[2015.12.09-17.00.49:857][272]LogClass: ObjectAction HotReload.
[2015.12.09-17.00.49:857][272]LogClass: Transformation HotReload.
[2015.12.09-17.00.49:862][272]LogHotReload: Re-instancing BrainSaveManager after hot-reload.
[2015.12.09-17.00.49:920][272]LogHotReload: Re-instancing BrainObserver after hot-reload.
[2015.12.09-17.00.49:960][272]LogContentBrowser: Native class hierarchy updated for 'Brain' in 0.0085 seconds. Added 27 classes and 10 folders.
[2015.12.09-17.00.49:962][272]Warning: HotReload successful (52 functions remapped  8 scriptstructs remapped)
[2015.12.09-17.00.50:005][272]LogContentBrowser: Native class hierarchy populated in 0.0207 seconds. Added 1820 classes and 313 folders.
[2015.12.09-17.00.50:007][272]LogD3D11RHI: InitD3DDevice
[2015.12.09-17.01.00:323][302]LogWindowsTextInputMethodSystem:Display: IME system now deactivated.
[2015.12.09-17.01.01:201][303]Cmd: QUIT_EDITOR
[2015.12.09-17.01.01:818][303]LogExit: Preparing to exit.
[2015.12.09-17.01.03:257][303]LogActorComponent: UnregisterComponent: (None.None) Not registered. Aborting.
[2015.12.09-17.01.03:257][303]LogActorComponent: UnregisterComponent: (None.None) Not registered. Aborting.
[2015.12.09-17.01.03:257][303]LogActorComponent: UnregisterComponent: (None.None) Not registered. Aborting.
[2015.12.09-17.01.03:257][303]LogActorComponent: UnregisterComponent: (None.None) Not registered. Aborting.
[2015.12.09-17.01.03:257][303]LogActorComponent: UnregisterComponent: (None.None) Not registered. Aborting.
[2015.12.09-17.01.03:257][303]LogActorComponent: UnregisterComponent: (None.None) Not registered. Aborting.
[2015.12.09-17.01.03:367][303]LogParticles: Destroying 0 GPU particle simulations for FXSystem 0x00000081BCA339C0
[2015.12.09-17.01.03:382][303]LogExit: Editor shut down
[2015.12.09-17.01.03:382][303]LogExit: Transaction tracking system shut down
[2015.12.09-17.01.03:383][303]LogParticles: Destroying 0 GPU particle simulations for FXSystem 0x00000081B83567A0
[2015.12.09-17.01.05:053][303]LogExit: Object subsystem successfully closed.
[2015.12.09-17.01.05:310][303]LogD3D11RHI: Shutdown
[2015.12.09-17.01.05:310][303]LogD3D11RHI: CleanupD3DDevice
[2015.12.09-17.01.05:407][303]LogD3D11RHI: ~FD3D11DynamicRHI
[2015.12.09-17.01.05:554][303]LogModuleManager: Shutting down and abandoning module CrashTracker (189)
[2015.12.09-17.01.05:554][303]LogModuleManager: Shutting down and abandoning module SceneOutliner (188)
[2015.12.09-17.01.05:555][303]LogModuleManager: Shutting down and abandoning module SuperSearch (187)
[2015.12.09-17.01.05:555][303]LogModuleManager: Shutting down and abandoning module WidgetCarousel (186)
[2015.12.09-17.01.05:577][303]LogModuleManager: Shutting down and abandoning module AddContentDialog (185)
[2015.12.09-17.01.05:593][303]LogModuleManager: Shutting down and abandoning module EditorWidgets (184)
[2015.12.09-17.01.05:593][303]LogModuleManager: Shutting down and abandoning module CollectionManager (183)
[2015.12.09-17.01.05:604][303]LogModuleManager: Shutting down and abandoning module StatsViewer (182)
[2015.12.09-17.01.05:623][303]LogModuleManager: Shutting down and abandoning module FoliageEdit (181)
[2015.12.09-17.01.05:631][303]LogModuleManager: Shutting down and abandoning module LandscapeEditor (180)
[2015.12.09-17.01.05:648][303]LogModuleManager: Shutting down and abandoning module ActorPickerMode (179)
[2015.12.09-17.01.05:648][303]LogModuleManager: Shutting down and abandoning module GeometryMode (178)
[2015.12.09-17.01.05:648][303]LogModuleManager: Shutting down and abandoning module TextureAlignMode (177)
[2015.12.09-17.01.05:648][303]LogModuleManager: Shutting down and abandoning module BspMode (176)
[2015.12.09-17.01.05:648][303]LogModuleManager: Shutting down and abandoning module PlacementMode (175)
[2015.12.09-17.01.05:661][303]LogModuleManager: Shutting down and abandoning module AutomationWorker (174)
[2015.12.09-17.01.05:661][303]LogModuleManager: Shutting down and abandoning module CharacterAI (173)
[2015.12.09-17.01.05:661][303]LogModuleManager: Shutting down and abandoning module SmartSnapping (172)
[2015.12.09-17.01.05:661][303]LogModuleManager: Shutting down and abandoning module ViewportSnapping (171)
[2015.12.09-17.01.05:661][303]LogModuleManager: Shutting down and abandoning module LogVisualizer (170)
[2015.12.09-17.01.05:697][303]LogModuleManager: Shutting down and abandoning module GameProjectGeneration (169)
[2015.12.09-17.01.05:723][303]LogModuleManager: Shutting down and abandoning module IntroTutorials (168)
[2015.12.09-17.01.05:759][303]LogModuleManager: Shutting down and abandoning module EditorLiveStreaming (167)
[2015.12.09-17.01.05:759][303]LogModuleManager: Shutting down and abandoning module IOSPlatformEditor (166)
[2015.12.09-17.01.05:780][303]LogModuleManager: Shutting down and abandoning module HTML5PlatformEditor (165)
[2015.12.09-17.01.05:780][303]LogModuleManager: Shutting down and abandoning module AndroidDeviceDetection (164)
[2015.12.09-17.01.06:466][303]LogModuleManager: Shutting down and abandoning module AndroidPlatformEditor (163)
[2015.12.09-17.01.06:466][303]LogModuleManager: Shutting down and abandoning module IOSRuntimeSettings (162)
[2015.12.09-17.01.06:466][303]LogModuleManager: Shutting down and abandoning module AndroidRuntimeSettings (161)
[2015.12.09-17.01.06:466][303]LogModuleManager: Shutting down and abandoning module MergeActors (160)
[2015.12.09-17.01.06:478][303]LogModuleManager: Shutting down and abandoning module SizeMap (159)
[2015.12.09-17.01.06:478][303]LogModuleManager: Shutting down and abandoning module TreeMap (158)
[2015.12.09-17.01.06:492][303]LogModuleManager: Shutting down and abandoning module ReferenceViewer (157)
[2015.12.09-17.01.06:492][303]LogModuleManager: Shutting down and abandoning module LocalizationDashboard (156)
[2015.12.09-17.01.06:506][303]LogModuleManager: Shutting down and abandoning module HardwareTargeting (155)
[2015.12.09-17.01.06:506][303]LogModuleManager: Shutting down and abandoning module DeviceProfileEditor (154)
[2015.12.09-17.01.06:517][303]LogModuleManager: Shutting down and abandoning module UndoHistory (153)
[2015.12.09-17.01.06:530][303]LogModuleManager: Shutting down and abandoning module GameplayTagsEditor (152)
[2015.12.09-17.01.06:543][303]LogModuleManager: Shutting down and abandoning module UserFeedback (151)
[2015.12.09-17.01.06:543][303]LogModuleManager: Shutting down and abandoning module XmlParser (150)
[2015.12.09-17.01.06:556][303]LogModuleManager: Shutting down and abandoning module Blutility (149)
[2015.12.09-17.01.06:556][303]LogModuleManager: Shutting down and abandoning module ProjectTargetPlatformEditor (148)
[2015.12.09-17.01.06:556][303]LogModuleManager: Shutting down and abandoning module ProjectSettingsViewer (147)
[2015.12.09-17.01.06:557][303]LogModuleManager: Shutting down and abandoning module InputBindingEditor (146)
[2015.12.09-17.01.06:574][303]LogModuleManager: Shutting down and abandoning module EditorSettingsViewer (145)
[2015.12.09-17.01.06:574][303]LogModuleManager: Shutting down and abandoning module SettingsEditor (144)
[2015.12.09-17.01.06:600][303]LogModuleManager: Shutting down and abandoning module ProjectLauncher (143)
[2015.12.09-17.01.06:623][303]LogModuleManager: Shutting down and abandoning module SessionFrontend (142)
[2015.12.09-17.01.06:634][303]LogModuleManager: Shutting down and abandoning module ProfilerClient (141)
[2015.12.09-17.01.06:644][303]LogModuleManager: Shutting down and abandoning module TargetDeviceServices (140)
[2015.12.09-17.01.06:655][303]LogModuleManager: Shutting down and abandoning module DeviceManager (139)
[2015.12.09-17.01.06:671][303]LogModuleManager: Shutting down and abandoning module AutomationController (138)
[2015.12.09-17.01.06:687][303]LogModuleManager: Shutting down and abandoning module AutomationWindow (137)
[2015.12.09-17.01.06:698][303]LogModuleManager: Shutting down and abandoning module Layers (136)
[2015.12.09-17.01.06:717][303]LogModuleManager: Shutting down and abandoning module ComponentVisualizers (135)
[2015.12.09-17.01.06:717][303]LogModuleManager: Shutting down and abandoning module DetailCustomizations (134)
[2015.12.09-17.01.06:718][303]LogModuleManager: Shutting down and abandoning module PackagesDialog (133)
[2015.12.09-17.01.06:719][303]LogModuleManager: Shutting down and abandoning module AssetRegistry (132)
[2015.12.09-17.01.06:817][303]LogModuleManager: Shutting down and abandoning module Persona (131)
[2015.12.09-17.01.06:848][303]LogModuleManager: Shutting down and abandoning module Kismet (130)
[2015.12.09-17.01.06:866][303]LogModuleManager: Shutting down and abandoning module GraphEditor (129)
[2015.12.09-17.01.06:898][303]LogModuleManager: Shutting down and abandoning module ClassViewer (128)
[2015.12.09-17.01.06:910][303]LogModuleManager: Shutting down and abandoning module Toolbox (127)
[2015.12.09-17.01.06:910][303]LogModuleManager: Shutting down and abandoning module ModuleUI (126)
[2015.12.09-17.01.06:921][303]LogModuleManager: Shutting down and abandoning module MovieSceneTools (125)
[2015.12.09-17.01.06:961][303]LogModuleManager: Shutting down and abandoning module OutputLog (124)
[2015.12.09-17.01.06:961][303]LogModuleManager: Shutting down and abandoning module GammaUI (123)
[2015.12.09-17.01.06:976][303]LogModuleManager: Shutting down and abandoning module Documentation (122)
[2015.12.09-17.01.06:976][303]LogModuleManager: Shutting down and abandoning module GameLiveStreaming (121)
[2015.12.09-17.01.06:981][303]LogModuleManager: Shutting down and abandoning module StreamingPauseRendering (120)
[2015.12.09-17.01.06:981][303]LogModuleManager: Shutting down and abandoning module AnalyticsET (119)
[2015.12.09-17.01.06:981][303]LogModuleManager: Shutting down and abandoning module Analytics (118)
[2015.12.09-17.01.06:981][303]LogModuleManager: Shutting down and abandoning module AITestSuite (117)
[2015.12.09-17.01.06:993][303]LogModuleManager: Shutting down and abandoning module GameplayDebugger (116)
[2015.12.09-17.01.06:993][303]LogModuleManager: Shutting down and abandoning module AIModule (115)
[2015.12.09-17.01.06:993][303]LogModuleManager: Shutting down and abandoning module ProfilerService (114)
[2015.12.09-17.01.07:081][303]LogModuleManager: Shutting down and abandoning module TaskGraph (113)
[2015.12.09-17.01.07:102][303]LogModuleManager: Shutting down and abandoning module SlateRemote (112)
[2015.12.09-17.01.07:102][303]LogModuleManager: Shutting down and abandoning module SteamVRController (111)
[2015.12.09-17.01.07:102][303]LogModuleManager: Shutting down and abandoning module SteamVR (110)
[2015.12.09-17.01.07:102][303]LogModuleManager: Shutting down and abandoning module ProceduralMeshComponent (109)
[2015.12.09-17.01.07:102][303]LogModuleManager: Shutting down and abandoning module OculusRift (108)
[2015.12.09-17.01.07:102][303]LogModuleManager: Shutting down and abandoning module LeapMotionController (107)
[2015.12.09-17.01.07:148][303]LogModuleManager: Shutting down and abandoning module CustomMeshComponent (106)
[2015.12.09-17.01.07:148][303]LogModuleManager: Shutting down and abandoning module CableComponent (105)
[2015.12.09-17.01.07:167][303]LogModuleManager: Shutting down and abandoning module MessagingDebugger (104)
[2015.12.09-17.01.07:188][303]LogModuleManager: Shutting down and abandoning module MediaPlayerEditor (103)
[2015.12.09-17.01.07:206][303]LogModuleManager: Shutting down and abandoning module SpeedTreeImporter (102)
[2015.12.09-17.01.07:206][303]LogModuleManager: Shutting down and abandoning module PluginBrowser (101)
[2015.12.09-17.01.07:219][303]LogModuleManager: Shutting down and abandoning module EpicSurvey (100)
[2015.12.09-17.01.07:232][303]LogModuleManager: Shutting down and abandoning module DesktopPlatform (99)
[2015.12.09-17.01.07:245][303]LogModuleManager: Shutting down and abandoning module VisualStudioSourceCodeAccess (98)
[2015.12.09-17.01.07:257][303]LogModuleManager: Shutting down and abandoning module UObjectPlugin (97)
[2015.12.09-17.01.07:257][303]LogModuleManager: Shutting down and abandoning module SubversionSourceControl (96)
[2015.12.09-17.01.07:273][303]LogModuleManager: Shutting down and abandoning module PerforceSourceControl (95)
[2015.12.09-17.01.07:285][303]LogModuleManager: Shutting down and abandoning module SourceControl (94)
[2015.12.09-17.01.07:306][303]LogModuleManager: Shutting down and abandoning module GitSourceControl (93)
[2015.12.09-17.01.07:323][303]LogModuleManager: Shutting down and abandoning module BlankPlugin (92)
[2015.12.09-17.01.07:323][303]LogModuleManager: Shutting down and abandoning module PaperTiledImporter (91)
[2015.12.09-17.01.07:323][303]LogModuleManager: Shutting down and abandoning module PaperSpriteSheetImporter (90)
[2015.12.09-17.01.07:323][303]LogModuleManager: Shutting down and abandoning module MeshPaint (89)
[2015.12.09-17.01.07:332][303]LogModuleManager: Shutting down and abandoning module SlateReflector (88)
[2015.12.09-17.01.07:350][303]LogModuleManager: Shutting down and abandoning module DirectoryWatcher (87)
[2015.12.09-17.01.07:350][303]LogModuleManager: Shutting down and abandoning module HotReload (86)
[2015.12.09-17.01.07:351][303]LogModuleManager: Shutting down and abandoning module MainFrame (85)
[2015.12.09-17.01.07:351][303]LogModuleManager: Shutting down and abandoning module LevelEditor (84)
[2015.12.09-17.01.07:371][303]LogModuleManager: Shutting down and abandoning module ContentBrowser (83)
[2015.12.09-17.01.07:372][303]LogModuleManager: Shutting down and abandoning module Paper2DEditor (82)
[2015.12.09-17.01.07:393][303]LogModuleManager: Shutting down and abandoning module Brain (81)
[2015.12.09-17.01.07:393][303]LogModuleManager: Shutting down and abandoning module UdpMessaging (80)
[2015.12.09-17.01.07:494][303]LogModuleManager: Shutting down and abandoning module Paper2D (79)
[2015.12.09-17.01.07:506][303]LogModuleManager: Shutting down and abandoning module WindowsMoviePlayer (78)
[2015.12.09-17.01.07:506][303]LogModuleManager: Shutting down and abandoning module Media (77)
[2015.12.09-17.01.07:516][303]LogModuleManager: Shutting down and abandoning module WmfMedia (76)
[2015.12.09-17.01.07:524][303]LogModuleManager: Shutting down and abandoning module OnlineBlueprintSupport (75)
[2015.12.09-17.01.07:524][303]LogModuleManager: Shutting down and abandoning module PropertyEditor (74)
[2015.12.09-17.01.07:524][303]LogModuleManager: Shutting down and abandoning module BehaviorTreeEditor (73)
[2015.12.09-17.01.07:546][303]LogModuleManager: Shutting down and abandoning module FunctionalTesting (72)
[2015.12.09-17.01.07:554][303]LogModuleManager: Shutting down and abandoning module CollisionAnalyzer (71)
[2015.12.09-17.01.07:567][303]LogModuleManager: Shutting down and abandoning module WorkspaceMenuStructure (70)
[2015.12.09-17.01.07:567][303]LogModuleManager: Shutting down and abandoning module MessageLog (69)
[2015.12.09-17.01.07:567][303]LogModuleManager: Shutting down and abandoning module Sequencer (68)
[2015.12.09-17.01.07:599][303]LogModuleManager: Shutting down and abandoning module AssetTools (67)
[2015.12.09-17.01.07:620][303]LogModuleManager: Shutting down and abandoning module UMGEditor (66)
[2015.12.09-17.01.07:645][303]LogModuleManager: Shutting down and abandoning module UMG (65)
[2015.12.09-17.01.07:646][303]LogModuleManager: Shutting down and abandoning module Slate (64)
[2015.12.09-17.01.07:646][303]LogModuleManager: Shutting down and abandoning module EditorStyle (63)
[2015.12.09-17.01.07:649][303]LogModuleManager: Shutting down and abandoning module SessionServices (62)
[2015.12.09-17.01.07:649][303]LogModuleManager: Shutting down and abandoning module SourceCodeAccess (61)
[2015.12.09-17.01.07:649][303]LogModuleManager: Shutting down and abandoning module HeadMountedDisplay (60)
[2015.12.09-17.01.07:649][303]LogModuleManager: Shutting down and abandoning module XAudio2 (59)
[2015.12.09-17.01.07:649][303]LogModuleManager: Shutting down and abandoning module Networking (57)
[2015.12.09-17.01.07:649][303]LogModuleManager: Shutting down and abandoning module Core (56)
[2015.12.09-17.01.07:649][303]LogModuleManager: Shutting down and abandoning module KismetCompiler (55)
[2015.12.09-17.01.07:661][303]LogModuleManager: Shutting down and abandoning module PhysXFormats (54)
[2015.12.09-17.01.07:674][303]LogModuleManager: Shutting down and abandoning module MeshUtilities (53)
[2015.12.09-17.01.07:692][303]LogModuleManager: Shutting down and abandoning module DerivedDataCache (52)
[2015.12.09-17.01.07:793][303]LogDerivedDataCache: Shutdown
[2015.12.09-17.01.07:793][303]LogModuleManager: Shutting down and abandoning module ShaderFormatOpenGL (51)
[2015.12.09-17.01.07:810][303]LogModuleManager: Shutting down and abandoning module ShaderFormatD3D (50)
[2015.12.09-17.01.07:820][303]LogModuleManager: Shutting down and abandoning module MetalShaderFormat (49)
[2015.12.09-17.01.07:832][303]LogModuleManager: Shutting down and abandoning module TextureFormatUncompressed (48)
[2015.12.09-17.01.07:832][303]LogModuleManager: Shutting down and abandoning module TextureFormatPVR (47)
[2015.12.09-17.01.07:844][303]LogModuleManager: Shutting down and abandoning module TextureFormatIntelISPCTexComp (46)
[2015.12.09-17.01.07:852][303]LogModuleManager: Shutting down and abandoning module TextureFormatDXT (45)
[2015.12.09-17.01.07:858][303]LogModuleManager: Shutting down and abandoning module ImageWrapper (44)
[2015.12.09-17.01.07:858][303]LogModuleManager: Shutting down and abandoning module TextureFormatASTC (43)
[2015.12.09-17.01.07:858][303]LogModuleManager: Shutting down and abandoning module TextureFormatAndroid (42)
[2015.12.09-17.01.07:858][303]LogModuleManager: Shutting down and abandoning module AudioFormatOpus (41)
[2015.12.09-17.01.07:879][303]LogModuleManager: Shutting down and abandoning module AudioFormatOgg (40)
[2015.12.09-17.01.07:882][303]LogModuleManager: Shutting down and abandoning module AudioFormatADPCM (39)
[2015.12.09-17.01.07:882][303]LogModuleManager: Shutting down and abandoning module LinuxTargetPlatform (38)
[2015.12.09-17.01.07:882][303]LogModuleManager: Shutting down and abandoning module LinuxServerTargetPlatform (37)
[2015.12.09-17.01.07:908][303]LogModuleManager: Shutting down and abandoning module LinuxNoEditorTargetPlatform (36)
[2015.12.09-17.01.07:943][303]LogModuleManager: Shutting down and abandoning module Messaging (35)
[2015.12.09-17.01.07:943][303]LogModuleManager: Shutting down and abandoning module IOSTargetPlatform (34)
[2015.12.09-17.01.07:943][303]LogModuleManager: Shutting down and abandoning module HTML5TargetPlatform (33)
[2015.12.09-17.01.07:943][303]LogModuleManager: Shutting down and abandoning module Android_PVRTCTargetPlatform (32)
[2015.12.09-17.01.07:943][303]LogModuleManager: Shutting down and abandoning module Android_ETC2TargetPlatform (31)
[2015.12.09-17.01.07:943][303]LogModuleManager: Shutting down and abandoning module Android_ETC1TargetPlatform (30)
[2015.12.09-17.01.07:943][303]LogModuleManager: Shutting down and abandoning module Android_DXTTargetPlatform (29)
[2015.12.09-17.01.07:943][303]LogModuleManager: Shutting down and abandoning module Android_ATCTargetPlatform (28)
[2015.12.09-17.01.07:943][303]LogModuleManager: Shutting down and abandoning module Android_ASTCTargetPlatform (27)
[2015.12.09-17.01.07:943][303]LogModuleManager: Shutting down and abandoning module AndroidTargetPlatform (26)
[2015.12.09-17.01.07:943][303]LogModuleManager: Shutting down and abandoning module WindowsTargetPlatform (25)
[2015.12.09-17.01.07:943][303]LogModuleManager: Shutting down and abandoning module WindowsServerTargetPlatform (24)
[2015.12.09-17.01.07:943][303]LogModuleManager: Shutting down and abandoning module WindowsNoEditorTargetPlatform (23)
[2015.12.09-17.01.07:943][303]LogModuleManager: Shutting down and abandoning module WindowsClientTargetPlatform (22)
[2015.12.09-17.01.07:943][303]LogModuleManager: Shutting down and abandoning module DesktopTargetPlatform (21)
[2015.12.09-17.01.07:943][303]LogModuleManager: Shutting down and abandoning module TargetPlatform (20)
[2015.12.09-17.01.07:943][303]LogModuleManager: Shutting down and abandoning module InputCore (19)
[2015.12.09-17.01.07:943][303]LogModuleManager: Shutting down and abandoning module Settings (18)
[2015.12.09-17.01.07:943][303]LogModuleManager: Shutting down and abandoning module OnlineSubsystem (16)
[2015.12.09-17.01.07:943][303]LogModuleManager: Shutting down and abandoning module HTTP (15)
[2015.12.09-17.01.07:944][303]LogModuleManager: Shutting down and abandoning module ExampleDeviceProfileSelector (14)
[2015.12.09-17.01.07:944][303]LogModuleManager: Shutting down and abandoning module TextureCompressor (13)
[2015.12.09-17.01.07:944][303]LogModuleManager: Shutting down and abandoning module ShaderCore (12)
[2015.12.09-17.01.07:944][303]LogModuleManager: Shutting down and abandoning module Landscape (11)
[2015.12.09-17.01.07:944][303]LogModuleManager: Shutting down and abandoning module SlateRHIRenderer (10)
[2015.12.09-17.01.07:975][303]LogModuleManager: Shutting down and abandoning module OpenGLDrv (9)
[2015.12.09-17.01.07:989][303]LogModuleManager: Shutting down and abandoning module D3D11RHI (8)
[2015.12.09-17.01.07:989][303]LogModuleManager: Shutting down and abandoning module Renderer (7)
[2015.12.09-17.01.07:989][303]LogModuleManager: Shutting down and abandoning module Engine (6)
[2015.12.09-17.01.07:990][303]LogModuleManager: Shutting down and abandoning module CoreUObject (5)
[2015.12.09-17.01.07:990][303]LogModuleManager: Shutting down and abandoning module NetworkFile (4)
[2015.12.09-17.01.08:000][303]LogModuleManager: Shutting down and abandoning module StreamingFile (3)
[2015.12.09-17.01.08:000][303]LogModuleManager: Shutting down and abandoning module SandboxFile (2)
[2015.12.09-17.01.08:009][303]LogModuleManager: Shutting down and abandoning module PakFile (1)
[2015.12.09-17.01.08:028][303]LogExit: Exiting.
[2015.12.09-17.01.08:034][303]Log file closed, 12/09/15 12:01:08
