[2015.09.07-01.47.45:874][  0]Log file open, 09/06/15 21:47:45
[2015.09.07-01.47.45:874][  0]LogInit:Display: Running engine for game: Brain
[2015.09.07-01.47.45:874][  0]LogInit:Display: RandInit(-204399141) SRandInit(-204399140).
[2015.09.07-01.47.45:875][  0]LogTaskGraph: Started task graph with 4 named threads and 7 total threads.
[2015.09.07-01.47.45:875][  0]LogStats: Stats thread started
[2015.09.07-01.47.45:875][  0]LogInit: Version: 4.8.3-2634408+++depot+UE4-Releases+4.8
[2015.09.07-01.47.45:876][  0]LogInit: API Version: 2579680
[2015.09.07-01.47.45:876][  0]LogInit: Compiled (64-bit): Jul 27 2015 16:24:33
[2015.09.07-01.47.45:876][  0]LogInit: Compiled with Visual C++: 18.00.21005.01
[2015.09.07-01.47.45:877][  0]LogInit: Build Configuration: Development
[2015.09.07-01.47.45:877][  0]LogInit: Branch Name: ++depot+UE4-Releases+4.8
[2015.09.07-01.47.45:878][  0]LogInit: Command line: 
[2015.09.07-01.47.45:878][  0]LogInit: Base directory: C:/Program Files/Epic Games/4.8/Engine/Binaries/Win64/
[2015.09.07-01.47.45:878][  0]LogInit: Rocket: 1
[2015.09.07-01.47.45:896][  0]LogInit: Using libcurl 7.41.0
[2015.09.07-01.47.45:896][  0]LogInit:  - built for x86_64-pc-win32
[2015.09.07-01.47.45:897][  0]LogInit:  - supports SSL with WinSSL
[2015.09.07-01.47.45:897][  0]LogInit:  - other features:
[2015.09.07-01.47.45:897][  0]LogInit:      CURL_VERSION_SSL
[2015.09.07-01.47.45:897][  0]LogInit:      CURL_VERSION_IPV6
[2015.09.07-01.47.45:898][  0]LogInit:      CURL_VERSION_ASYNCHDNS
[2015.09.07-01.47.45:898][  0]LogInit:      CURL_VERSION_LARGEFILE
[2015.09.07-01.47.45:898][  0]LogInit:      CURL_VERSION_IDN
[2015.09.07-01.47.45:898][  0]LogInit:  CurlRequestOptions (configurable via config and command line):
[2015.09.07-01.47.45:899][  0]LogInit:  - bVerifyPeer = true  - Libcurl will verify peer certificate
[2015.09.07-01.47.45:899][  0]LogInit:  - bUseHttpProxy = false  - Libcurl will NOT use HTTP proxy
[2015.09.07-01.47.45:899][  0]LogInit:  - bDontReuseConnections = false  - Libcurl will reuse connections
[2015.09.07-01.47.45:899][  0]LogInit:  - CertBundlePath = nullptr  - Libcurl will use whatever was configured at build time.
[2015.09.07-01.47.45:913][  0]LogOnline:Warning: No default platform service specified for OnlineSubsystem
[2015.09.07-01.47.45:948][  0]LogInit: Presizing for 0 objects not considered by GC, pre-allocating 0 bytes.
[2015.09.07-01.47.45:955][  0]LogInit: Object subsystem initialized
[2015.09.07-01.47.45:956][  0]LogConsoleResponse:Warning: Skipping Unknown console variable: 'TranslucentSortAxis = (X=0.000000,Y=-1.000000,Z=0.000000)'
[2015.09.07-01.47.45:957][  0]LogConsoleResponse:Warning:   Found in ini file 'C:/Users/frederic/Documents/Unreal Projects/Brain/Saved/Config/Windows/Engine.ini', in section '[/Script/Engine.RendererSettings]'
[2015.09.07-01.47.45:957][  0]LogConsoleResponse:Warning: Skipping Unknown console variable: 'UIScaleRule = ShortestSide'
[2015.09.07-01.47.45:958][  0]LogConsoleResponse:Warning:   Found in ini file 'C:/Users/frederic/Documents/Unreal Projects/Brain/Saved/Config/Windows/Engine.ini', in section '[/Script/Engine.RendererSettings]'
[2015.09.07-01.47.45:958][  0]LogConsoleResponse:Warning: Skipping Unknown console variable: 'UIScaleCurve = (EditorCurveData=(Keys=),ExternalCurve=None)'
[2015.09.07-01.47.45:958][  0]LogConsoleResponse:Warning:   Found in ini file 'C:/Users/frederic/Documents/Unreal Projects/Brain/Saved/Config/Windows/Engine.ini', in section '[/Script/Engine.RendererSettings]'
[2015.09.07-01.47.45:959][  0]LogInit: Selected Device Profile: [Windows]
[2015.09.07-01.47.45:959][  0]LogInit: Applying CVar settings loaded from the selected device profile: [Windows]
[2015.09.07-01.47.45:966][  0]LogInit: Computer: FREDERIC-PC
[2015.09.07-01.47.45:966][  0]LogInit: User: frederic
[2015.09.07-01.47.45:966][  0]LogInit: CPU Page size=4096, Cores=4
[2015.09.07-01.47.45:967][  0]LogInit: High frequency timer resolution =3.331250 MHz
[2015.09.07-01.47.45:967][  0]LogMemory: Memory total: Physical=15.9GB (16GB approx)
[2015.09.07-01.47.45:967][  0]LogMemory: Platform Memory Stats for Windows
[2015.09.07-01.47.45:968][  0]LogMemory: Process Physical Memory: 49.77 MB used, 49.77 MB peak
[2015.09.07-01.47.45:968][  0]LogMemory: Process Virtual Memory: 25.46 MB used, 25.46 MB peak
[2015.09.07-01.47.45:968][  0]LogMemory: Physical Memory: 6575.09 MB used, 16288.39 MB total
[2015.09.07-01.47.45:968][  0]LogMemory: Virtual Memory: 283.87 MB used, 8388608.00 MB total
[2015.09.07-01.47.46:048][  0]LogTextLocalizationManager: The requested culture ('fr_CA') has no localization data; falling back to 'en' for localization and internationalization data.
[2015.09.07-01.47.46:253][  0]LogTextLocalizationManager:Warning: Loaded localization resources contain conflicting entries for (Namespace:ContentBrowser, Key:ImportAssetToolTip):
Localization Resource: (C:/Program Files/Epic Games/4.8/Engine/Content/Localization/Editor/en/Editor.locres) Source String Hash: (-630476809) Localized String: (Import to {0}...)
Localization Resource: (C:/Program Files/Epic Games/4.8/Engine/Content/Localization/Editor/en/Editor.locres) Source String Hash: (1271782899) Localized String: (Imports an asset from file to this folder.)
[2015.09.07-01.47.46:690][  0]LogD3D11RHI: Found D3D11 adapter 0: NVIDIA GeForce GTX 970 (Feature Level 11_0)
[2015.09.07-01.47.46:690][  0]LogD3D11RHI: Adapter has 4008MB of dedicated video memory, 0MB of dedicated system memory, and 7888MB of shared system memory, 1 output[s]
[2015.09.07-01.47.46:699][  0]LogD3D11RHI: Found D3D11 adapter 1: Intel(R) HD Graphics 3000 (Feature Level 10_0)
[2015.09.07-01.47.46:700][  0]LogD3D11RHI: Adapter has 64MB of dedicated video memory, 0MB of dedicated system memory, and 1632MB of shared system memory, 0 output[s]
[2015.09.07-01.47.46:700][  0]LogD3D11RHI: Chosen D3D11 Adapter Id = 0
[2015.09.07-01.47.46:704][  0]LogD3D11RHI: InitD3DDevice
[2015.09.07-01.47.46:705][  0]LogD3D11RHI: !Direct3DDevice
[2015.09.07-01.47.46:705][  0]LogRHI: Texture pool is 1361 MB (70% of 1945 MB)
[2015.09.07-01.47.46:747][  0]LogD3D11RHI: Async texture creation enabled
[2015.09.07-01.47.46:762][  0]LogShaderCompilers:Display: Using Local Shader Compiler.
[2015.09.07-01.47.47:548][  0]LogTemp:Display: Loaded TP DesktopTargetPlatform
[2015.09.07-01.47.47:571][  0]LogTemp:Display: Loaded TP WindowsClientTargetPlatform
[2015.09.07-01.47.47:594][  0]LogTemp:Display: Loaded TP WindowsNoEditorTargetPlatform
[2015.09.07-01.47.47:616][  0]LogTemp:Display: Loaded TP WindowsServerTargetPlatform
[2015.09.07-01.47.47:640][  0]LogTemp:Display: Loaded TP WindowsTargetPlatform
[2015.09.07-01.47.47:657][  0]LogTemp:Display: Loaded TP AndroidTargetPlatform
[2015.09.07-01.47.47:674][  0]LogTemp:Display: Loaded TP Android_ASTCTargetPlatform
[2015.09.07-01.47.47:691][  0]LogTemp:Display: Loaded TP Android_ATCTargetPlatform
[2015.09.07-01.47.47:710][  0]LogTemp:Display: Loaded TP Android_DXTTargetPlatform
[2015.09.07-01.47.47:729][  0]LogTemp:Display: Loaded TP Android_ETC1TargetPlatform
[2015.09.07-01.47.47:747][  0]LogTemp:Display: Loaded TP Android_ETC2TargetPlatform
[2015.09.07-01.47.47:766][  0]LogTemp:Display: Loaded TP Android_PVRTCTargetPlatform
[2015.09.07-01.47.47:835][  0]LogTemp:Display: Loaded TP IOSTargetPlatform
[2015.09.07-01.47.47:851][  0]LogTemp:Display: Loaded TP LinuxNoEditorTargetPlatform
[2015.09.07-01.47.47:866][  0]LogTemp:Display: Loaded TP LinuxServerTargetPlatform
[2015.09.07-01.47.47:884][  0]LogTemp:Display: Loaded TP LinuxTargetPlatform
[2015.09.07-01.47.47:884][  0]LogTargetPlatformManager:Display: Building Assets For Windows
[2015.09.07-01.47.48:192][  0]LogDerivedDataCache:Display: Max Cache Size: 512 MB
[2015.09.07-01.47.48:251][  0]LogDerivedDataCache: Loaded boot cache 0.06s 84MB C:/Users/frederic/AppData/Local/UnrealEngine/4.8/DerivedDataCache/Boot.ddc.
[2015.09.07-01.47.48:252][  0]LogDerivedDataCache:Display: Loaded Boot cache: C:/Users/frederic/AppData/Local/UnrealEngine/4.8/DerivedDataCache/Boot.ddc
[2015.09.07-01.47.48:252][  0]LogDerivedDataCache: FDerivedDataBackendGraph:  Pak pak cache file ../../../../../../Users/frederic/Documents/Unreal Projects/Brain/DerivedDataCache/DDC.ddp not found, will not use a pak cache.
[2015.09.07-01.47.48:253][  0]LogDerivedDataCache: Unable to find inner node Pak for hierarchical cache Hierarchy.
[2015.09.07-01.47.48:253][  0]LogDerivedDataCache: FDerivedDataBackendGraph:  CompressedPak pak cache file ../../../../../../Users/frederic/Documents/Unreal Projects/Brain/DerivedDataCache/Compressed.ddp not found, will not use a pak cache.
[2015.09.07-01.47.48:253][  0]LogDerivedDataCache: Unable to find inner node CompressedPak for hierarchical cache Hierarchy.
[2015.09.07-01.47.48:400][  0]LogDerivedDataCache:Display: Pak cache opened for reading ../../../Engine/DerivedDataCache/Compressed.ddp.
[2015.09.07-01.47.48:413][  0]LogDerivedDataCache: Using Local data cache path C:/Users/frederic/AppData/Local/UnrealEngine/Common/DerivedDataCache: Writable
[2015.09.07-01.47.48:621][  0]LogInit: Selected Device Profile: [Windows]
[2015.09.07-01.47.48:628][  0]ImportText (ComponentSweepMultiTests): Missing closing parenthesis: (RootShapeAsset="/Engine/BasicShapes/Cube.Cube",ShapeType="TriggerCapsule",HitResult=(Time=0.50,Location=(X=-100.000015,Y=0.0,Z=100.000015),ImpactPoint=(X=-50.0,Y=0.0,Z=50.0),Normal=(X=-1.0,Y=-0.0,Z=0.0),ImpactNormal=(X=0.0,Y=0.0,Z=1.0),TraceStart=(X=-200.0,Y=0.0,Z=200.0),TraceEnd=(X=0.0,Y=0.0,Z=0.0))
[2015.09.07-01.47.48:629][  0]ImportText (LineTraceSingleByChannelTests): Missing closing parenthesis: (RootShapeAsset="/Engine/BasicShapes/Cube.Cube",HitResult=(Time=0.50,Location=(X=-100.000015,Y=0.0,Z=100.000015),ImpactPoint=(X=-50.0,Y=0.0,Z=50.0),Normal=(X=-1.0,Y=-0.0,Z=0.0),ImpactNormal=(X=0.0,Y=0.0,Z=1.0),TraceStart=(X=-200.0,Y=0.0,Z=200.0),TraceEnd=(X=0.0,Y=0.0,Z=0.0))
[2015.09.07-01.47.48:666][  0]LogMeshUtilities: No automatic mesh reduction module available
[2015.09.07-01.47.48:667][  0]LogMeshUtilities: No automatic mesh merging module available
[2015.09.07-01.47.49:064][  0]LogInit: WinSock: version 1.1 (2.2), MaxSocks=32767, MaxUdp=65467
[2015.09.07-01.47.50:242][  0]UdpMessaging: Initializing bridge on interface 0.0.0.0:0 to multicast group 230.0.0.1:6666.
[2015.09.07-01.47.51:130][  0]SourceControl: Info Source control is disabled
[2015.09.07-01.47.51:151][  0]SourceControl: Info Source control is disabled
[2015.09.07-01.47.51:170][  0]SourceControl: Info Source control is disabled
[2015.09.07-01.47.51:190][  0]SourceControl: Info Source control is disabled
[2015.09.07-01.47.51:500][  0]LogObj: 31314 objects as part of root set at end of initial load.
[2015.09.07-01.47.51:501][  0]LogUObjectAllocator: 7182784 out of 0 bytes used by permanent object pool.
[2015.09.07-01.47.51:589][  0]LogEngine: Initializing Engine...
[2015.09.07-01.47.51:592][  0]LogHMD: Can't find Oculus library dev build: is proper Runtime installed? Version: 0.6.0.0
[2015.09.07-01.47.51:596][  0]LogHMD:Warning: SteamVR failed to initialize.  Error: 110
[2015.09.07-01.47.51:755][  0]LogAIModule: Creating AISystem for world NewWorld
[2015.09.07-01.47.51:767][  0]LogInit: XAudio2 using 'Haut-parleurs (C-Media USB Audio Device   )' : 2 channels at 44.1 kHz using 16 bits per sample (channel mask 0x3)
[2015.09.07-01.47.51:791][  0]LogInit: FAudioDevice initialized.
[2015.09.07-01.47.51:822][  0]LogDerivedDataCache: Saved boot cache 0.03s 61MB C:/Users/frederic/AppData/Local/UnrealEngine/4.8/DerivedDataCache/Boot.ddc.
[2015.09.07-01.47.51:830][  0]LogInit: Texture streaming: Disabled
[2015.09.07-01.47.51:864][  0]LogAnalytics: Creating configured Analytics provider AnalyticsET
[2015.09.07-01.47.51:864][  0]LogAnalytics: [UEEditor.Rocket.Release] APIServer = http://et2.epicgames.com/ET2/. AppVersion = 4.8.3-2634408+++depot+UE4-Releases+4.8
[2015.09.07-01.47.51:864][  0]LogAnalytics: [UEEditor.Rocket.Release] SetUserId c8da8d664a36a98701fe659c10ae4ff8|70626fa7f476448fb82ad9618fbbb1ab|00e7fb16-00c3-4af4-a2a1-2cc8013aae38
[2015.09.07-01.47.51:865][  0]LogAnalytics: [UEEditor.Rocket.Release] AnalyticsET::StartSession
[2015.09.07-01.47.51:892][  0]LogInit: Transaction tracking system initialized
[2015.09.07-01.47.52:101][  0]BlueprintLog: New page: Editor Load
[2015.09.07-01.47.52:147][  0]LogAssetRegistry: FAssetRegistry took 0.0106 seconds to start up
[2015.09.07-01.47.52:148][  0]LogDirectoryWatcher:Warning: Failed to begin reading directory changes for ../../../Engine/Plugins/Experimental/CharacterAI/Content/. Error: 0
[2015.09.07-01.47.53:161][  0]LogConsoleManager:Warning: Console variable 'r.VSync' wasn't set ('GameSetting' has a lower priority than 'SystemSettingsIni')
[2015.09.07-01.47.53:162][  0]LogConsoleResponse:Display: 
[2015.09.07-01.47.53:257][  0]LogCook:Display: Done creating registry. It took  0.00s.
[2015.09.07-01.47.53:520][  0]SourceControl: Info Source control is disabled
[2015.09.07-01.47.53:520][  0]Cmd: MAP LOAD FILE="../../../../../../Users/frederic/Documents/Unreal Projects/Brain/Content/FirstPerson/Maps/FirstPersonExampleMap.umap" TEMPLATE=0 SHOWPROGRESS=1 FEATURELEVEL=3
[2015.09.07-01.47.53:521][  0]LightingResults: New page: Lighting Build
[2015.09.07-01.47.53:536][  0]MapCheck: New page: Map Check
[2015.09.07-01.47.53:536][  0]LightingResults: New page: Lighting Build
[2015.09.07-01.47.53:546][  0]LogParticles: Destroying 0 GPU particle simulations for FXSystem 0x0000000020122200
[2015.09.07-01.47.54:176][  0]LogAIModule: Creating AISystem for world FirstPersonExampleMap
[2015.09.07-01.47.54:195][  0]LogEditorServer: Finished looking for orphan Actors (0.000 secs)
[2015.09.07-01.47.55:293][  0]Cmd: MAP CHECKDEP NOCLEARLOG
[2015.09.07-01.47.55:333][  0]MapCheck: Info Map check complete: 0 Error(s), 0 Warning(s), took 39.359ms to complete.
[2015.09.07-01.47.55:334][  0]LogFileHelpers: Loading map 'FirstPersonExampleMap' took 1.814
[2015.09.07-01.47.55:466][  0]LogCollectionManager: Loaded 0 collections in 0.001981 seconds
[2015.09.07-01.47.55:476][  0]LogContentBrowser: Native class hierarchy populated in 0.0095 seconds. Added 1798 classes and 303 folders.
[2015.09.07-01.47.55:635][  0]LogContentBrowser: Native class hierarchy updated for 'WidgetCarousel' in 0.0075 seconds. Added 0 classes and 0 folders.
[2015.09.07-01.47.55:724][  0]LogContentBrowser: Native class hierarchy updated for 'AddContentDialog' in 0.0074 seconds. Added 0 classes and 0 folders.
[2015.09.07-01.47.55:797][  0]LogContentBrowser: Native class hierarchy updated for 'SceneOutliner' in 0.0074 seconds. Added 1 classes and 2 folders.
[2015.09.07-01.47.55:876][  0]LogCrashTracker: Crashtracker disabled due to settings.
[2015.09.07-01.47.55:878][  0]LogD3D11RHI: InitD3DDevice
[2015.09.07-01.47.55:883][  0]LogUObjectGlobals:Warning: Failed to find object 'Class None.'
[2015.09.07-01.47.55:905][  0]LogLoad: Full Startup: 11.99 seconds (BP compile: 0.27 seconds)
[2015.09.07-01.47.55:968][  0]LogContentStreaming: Texture pool size is 0.000000MB
[2015.09.07-01.47.56:016][  0]LogContentStreaming: Texture pool size now 1000 MB
[2015.09.07-01.47.56:132][  0]LogRenderer: Reallocating scene render targets to support 1208x560 (Frame:2).
[2015.09.07-01.47.56:627][  7]LogAssetRegistry: Asset discovery search completed in 4.4911 seconds
[2015.09.07-01.47.57:704][111]LogD3D11RHI: InitD3DDevice
[2015.09.07-01.47.58:509][206]LogD3D11RHI: InitD3DDevice
[2015.09.07-01.47.58:531][206]LogD3D11RHI: InitD3DDevice
[2015.09.07-01.47.58:540][206]LogLinker:Warning: Asset '../../../Engine/Content/ArtTools/RenderToTexture/Macros/RenderToTextureMacros.uasset' has been saved with empty engine version. The asset will be loaded but may be incompatible.
[2015.09.07-01.47.58:621][206]LogLinker:Warning: Asset '../../../Engine/Content/ArtTools/RenderToTexture/Enums/RenderToTexture_Enum.uasset' has been saved with empty engine version. The asset will be loaded but may be incompatible.
[2015.09.07-01.48.05:095][796]LogD3D11RHI: InitD3DDevice
[2015.09.07-01.48.05:113][796]LogD3D11RHI: InitD3DDevice
[2015.09.07-01.48.23:472][605]LogRenderer: Reallocating scene render targets to support 1208x904 (Frame:3767).
[2015.09.07-01.48.40:174][215]BlueprintLog: New page: Compile FirstPersonCharacter
[2015.09.07-01.48.40:266][215]LogActorComponent: UnregisterComponent: (/Engine/Transient.ProjectileComp) Not registered. Aborting.
[2015.09.07-01.48.40:266][215]LogActorComponent: UnregisterComponent: (/Engine/Transient.CharMoveComp) Not registered. Aborting.
[2015.09.07-01.48.40:288][215]LogParticles: Destroying 0 GPU particle simulations for FXSystem 0x000000000F598860
[2015.09.07-01.48.40:327][215]BlueprintEditorCompileResults: Info [0056.41] Compile of FirstPersonCharacter successful! [in 152 ms]
[2015.09.07-01.49.18:538][974]LogActorComponent: UnregisterComponent: (/Engine/Transient.CharMoveComp) Not registered. Aborting.
[2015.09.07-01.49.21:493][256]BlueprintLog: New page: Compile FirstPersonCharacter
[2015.09.07-01.49.21:580][256]LogActorComponent: UnregisterComponent: (/Engine/Transient.CharacterMovementComponent_0) Not registered. Aborting.
[2015.09.07-01.49.21:618][256]BlueprintEditorCompileResults: Info [0097.70] Compile of FirstPersonCharacter successful! [in 123 ms]
[2015.09.07-01.49.22:401][345]LogPlayLevel: PIE:  No blueprints needed recompiling
[2015.09.07-01.49.22:403][345]PIE: New page: PIE session: FirstPersonExampleMap (Sep 6, 2015, 5:49:22 PM)
[2015.09.07-01.49.22:404][345]LogPlayLevel: Creating play world package: /Game/FirstPerson/Maps/UEDPIE_0_FirstPersonExampleMap
[2015.09.07-01.49.22:423][345]LogPlayLevel: PIE: StaticDuplicateObject took: (0.019104s)
[2015.09.07-01.49.22:425][345]LogAIModule: Creating AISystem for world FirstPersonExampleMap
[2015.09.07-01.49.22:426][345]LogPlayLevel: PIE: World Init took: (0.001564s)
[2015.09.07-01.49.22:426][345]LogPlayLevel: PIE: Created PIE world by copying editor world from /Game/FirstPerson/Maps/FirstPersonExampleMap.FirstPersonExampleMap to /Game/FirstPerson/Maps/UEDPIE_0_FirstPersonExampleMap.FirstPersonExampleMap (0.022307s)
[2015.09.07-01.49.22:426][345]LogActorComponent: UnregisterComponent: (/Engine/Transient.CharMoveComp) Not registered. Aborting.
[2015.09.07-01.49.22:461][345]LogInit: XAudio2 using 'Haut-parleurs (C-Media USB Audio Device   )' : 2 channels at 44.1 kHz using 16 bits per sample (channel mask 0x3)
[2015.09.07-01.49.22:467][345]LogInit: FAudioDevice initialized.
[2015.09.07-01.49.22:529][345]LogWorld: Game class is 'BrainGameMode'
[2015.09.07-01.49.22:536][345]LogWorld: Bringing World /Game/FirstPerson/Maps/UEDPIE_0_FirstPersonExampleMap.FirstPersonExampleMap up for play (max tick rate 0) at 2015.09.06-21.49.22
[2015.09.07-01.49.22:537][345]LogActor:Warning: GameSession /Game/FirstPerson/Maps/UEDPIE_0_FirstPersonExampleMap.FirstPersonExampleMap:PersistentLevel.GameSession_0 has natively added scene component(s), but none of them were set as the actor's RootComponent - picking one arbitrarily
[2015.09.07-01.49.22:537][345]LogActor:Warning: GameNetworkManager /Game/FirstPerson/Maps/UEDPIE_0_FirstPersonExampleMap.FirstPersonExampleMap:PersistentLevel.GameNetworkManager_0 has natively added scene component(s), but none of them were set as the actor's RootComponent - picking one arbitrarily
[2015.09.07-01.49.22:538][345]LogWorld: Bringing up level for play took: 0.006555
[2015.09.07-01.49.22:540][345]PIE: Info Play in editor start time for /Game/FirstPerson/Maps/UEDPIE_0_FirstPersonExampleMap 0.92
[2015.09.07-01.49.31:536][404]LogParticles: Destroying 0 GPU particle simulations for FXSystem 0x000000005445C900
[2015.09.07-01.49.32:916][565]LogPlayLevel: PIE:  No blueprints needed recompiling
[2015.09.07-01.49.32:917][565]PIE: New page: PIE session: FirstPersonExampleMap (Sep 6, 2015, 5:49:32 PM)
[2015.09.07-01.49.32:917][565]LogPlayLevel: Creating play world package: /Game/FirstPerson/Maps/UEDPIE_0_FirstPersonExampleMap
[2015.09.07-01.49.32:935][565]LogPlayLevel: PIE: StaticDuplicateObject took: (0.017015s)
[2015.09.07-01.49.32:936][565]LogAIModule: Creating AISystem for world FirstPersonExampleMap
[2015.09.07-01.49.32:937][565]LogPlayLevel: PIE: World Init took: (0.001577s)
[2015.09.07-01.49.32:938][565]LogPlayLevel: PIE: Created PIE world by copying editor world from /Game/FirstPerson/Maps/FirstPersonExampleMap.FirstPersonExampleMap to /Game/FirstPerson/Maps/UEDPIE_0_FirstPersonExampleMap.FirstPersonExampleMap (0.020334s)
[2015.09.07-01.49.32:972][565]LogInit: XAudio2 using 'Haut-parleurs (C-Media USB Audio Device   )' : 2 channels at 44.1 kHz using 16 bits per sample (channel mask 0x3)
[2015.09.07-01.49.32:978][565]LogInit: FAudioDevice initialized.
[2015.09.07-01.49.33:013][565]LogWorld: Game class is 'BrainGameMode'
[2015.09.07-01.49.33:020][565]LogWorld: Bringing World /Game/FirstPerson/Maps/UEDPIE_0_FirstPersonExampleMap.FirstPersonExampleMap up for play (max tick rate 0) at 2015.09.06-21.49.33
[2015.09.07-01.49.33:021][565]LogActor:Warning: GameSession /Game/FirstPerson/Maps/UEDPIE_0_FirstPersonExampleMap.FirstPersonExampleMap:PersistentLevel.GameSession_1 has natively added scene component(s), but none of them were set as the actor's RootComponent - picking one arbitrarily
[2015.09.07-01.49.33:021][565]LogActor:Warning: GameNetworkManager /Game/FirstPerson/Maps/UEDPIE_0_FirstPersonExampleMap.FirstPersonExampleMap:PersistentLevel.GameNetworkManager_1 has natively added scene component(s), but none of them were set as the actor's RootComponent - picking one arbitrarily
[2015.09.07-01.49.33:022][565]LogWorld: Bringing up level for play took: 0.006537
[2015.09.07-01.49.33:024][565]PIE: Info Play in editor start time for /Game/FirstPerson/Maps/UEDPIE_0_FirstPersonExampleMap -0.596
[2015.09.07-01.49.34:926][782]LogParticles: Destroying 0 GPU particle simulations for FXSystem 0x00000000129AC400
[2015.09.07-01.50.02:827][124]LogD3D11RHI: InitD3DDevice
[2015.09.07-01.50.05:605][125]Cmd: QUIT_EDITOR
[2015.09.07-01.50.05:898][125]LogExit: Preparing to exit.
[2015.09.07-01.50.06:348][125]LogExit: Editor shut down
[2015.09.07-01.50.06:349][125]LogExit: Transaction tracking system shut down
[2015.09.07-01.50.06:350][125]LogParticles: Destroying 0 GPU particle simulations for FXSystem 0x000000000ECD3920
[2015.09.07-01.50.06:351][125]LogParticles: Destroying 0 GPU particle simulations for FXSystem 0x0000000054655DA0
[2015.09.07-01.50.06:351][125]LogParticles: Destroying 0 GPU particle simulations for FXSystem 0x000000005445D1C0
[2015.09.07-01.50.06:353][125]LogParticles: Destroying 0 GPU particle simulations for FXSystem 0x000000006A184C20
[2015.09.07-01.50.06:353][125]LogParticles: Destroying 0 GPU particle simulations for FXSystem 0x0000000019425D00
[2015.09.07-01.50.06:355][125]LogParticles: Destroying 0 GPU particle simulations for FXSystem 0x0000000054657EC0
[2015.09.07-01.50.06:567][125]LogExit: Object subsystem successfully closed.
[2015.09.07-01.50.06:579][125]LogD3D11RHI: Shutdown
[2015.09.07-01.50.06:579][125]LogD3D11RHI: CleanupD3DDevice
[2015.09.07-01.50.07:099][125]LogD3D11RHI: ~FD3D11DynamicRHI
[2015.09.07-01.50.07:114][125]LogModuleManager: Shutting down and abandoning module CrashTracker (189)
[2015.09.07-01.50.07:115][125]LogModuleManager: Shutting down and abandoning module SceneOutliner (188)
[2015.09.07-01.50.07:115][125]LogModuleManager: Shutting down and abandoning module SuperSearch (187)
[2015.09.07-01.50.07:115][125]LogModuleManager: Shutting down and abandoning module WidgetCarousel (186)
[2015.09.07-01.50.07:116][125]LogModuleManager: Shutting down and abandoning module AddContentDialog (185)
[2015.09.07-01.50.07:117][125]LogModuleManager: Shutting down and abandoning module EditorWidgets (184)
[2015.09.07-01.50.07:117][125]LogModuleManager: Shutting down and abandoning module CollectionManager (183)
[2015.09.07-01.50.07:117][125]LogModuleManager: Shutting down and abandoning module StatsViewer (182)
[2015.09.07-01.50.07:117][125]LogModuleManager: Shutting down and abandoning module FoliageEdit (181)
[2015.09.07-01.50.07:118][125]LogModuleManager: Shutting down and abandoning module LandscapeEditor (180)
[2015.09.07-01.50.07:118][125]LogModuleManager: Shutting down and abandoning module ActorPickerMode (179)
[2015.09.07-01.50.07:118][125]LogModuleManager: Shutting down and abandoning module GeometryMode (178)
[2015.09.07-01.50.07:118][125]LogModuleManager: Shutting down and abandoning module TextureAlignMode (177)
[2015.09.07-01.50.07:119][125]LogModuleManager: Shutting down and abandoning module BspMode (176)
[2015.09.07-01.50.07:119][125]LogModuleManager: Shutting down and abandoning module PlacementMode (175)
[2015.09.07-01.50.07:119][125]LogModuleManager: Shutting down and abandoning module AutomationWorker (174)
[2015.09.07-01.50.07:119][125]LogModuleManager: Shutting down and abandoning module CharacterAI (173)
[2015.09.07-01.50.07:120][125]LogModuleManager: Shutting down and abandoning module SmartSnapping (172)
[2015.09.07-01.50.07:120][125]LogModuleManager: Shutting down and abandoning module ViewportSnapping (171)
[2015.09.07-01.50.07:120][125]LogModuleManager: Shutting down and abandoning module LogVisualizer (170)
[2015.09.07-01.50.07:120][125]LogModuleManager: Shutting down and abandoning module GameProjectGeneration (169)
[2015.09.07-01.50.07:121][125]LogModuleManager: Shutting down and abandoning module IntroTutorials (168)
[2015.09.07-01.50.07:121][125]LogModuleManager: Shutting down and abandoning module EditorLiveStreaming (167)
[2015.09.07-01.50.07:121][125]LogModuleManager: Shutting down and abandoning module IOSPlatformEditor (166)
[2015.09.07-01.50.07:121][125]LogModuleManager: Shutting down and abandoning module HTML5PlatformEditor (165)
[2015.09.07-01.50.07:122][125]LogModuleManager: Shutting down and abandoning module AndroidDeviceDetection (164)
[2015.09.07-01.50.07:903][125]LogModuleManager: Shutting down and abandoning module AndroidPlatformEditor (163)
[2015.09.07-01.50.07:903][125]LogModuleManager: Shutting down and abandoning module IOSRuntimeSettings (162)
[2015.09.07-01.50.07:903][125]LogModuleManager: Shutting down and abandoning module AndroidRuntimeSettings (161)
[2015.09.07-01.50.07:904][125]LogModuleManager: Shutting down and abandoning module MergeActors (160)
[2015.09.07-01.50.07:904][125]LogModuleManager: Shutting down and abandoning module SizeMap (159)
[2015.09.07-01.50.07:904][125]LogModuleManager: Shutting down and abandoning module TreeMap (158)
[2015.09.07-01.50.07:905][125]LogModuleManager: Shutting down and abandoning module ReferenceViewer (157)
[2015.09.07-01.50.07:905][125]LogModuleManager: Shutting down and abandoning module LocalizationDashboard (156)
[2015.09.07-01.50.07:905][125]LogModuleManager: Shutting down and abandoning module HardwareTargeting (155)
[2015.09.07-01.50.07:905][125]LogModuleManager: Shutting down and abandoning module DeviceProfileEditor (154)
[2015.09.07-01.50.07:905][125]LogModuleManager: Shutting down and abandoning module UndoHistory (153)
[2015.09.07-01.50.07:906][125]LogModuleManager: Shutting down and abandoning module GameplayTagsEditor (152)
[2015.09.07-01.50.07:906][125]LogModuleManager: Shutting down and abandoning module UserFeedback (151)
[2015.09.07-01.50.07:906][125]LogModuleManager: Shutting down and abandoning module XmlParser (150)
[2015.09.07-01.50.07:906][125]LogModuleManager: Shutting down and abandoning module Blutility (149)
[2015.09.07-01.50.07:907][125]LogModuleManager: Shutting down and abandoning module ProjectTargetPlatformEditor (148)
[2015.09.07-01.50.07:907][125]LogModuleManager: Shutting down and abandoning module ProjectSettingsViewer (147)
[2015.09.07-01.50.07:907][125]LogModuleManager: Shutting down and abandoning module InputBindingEditor (146)
[2015.09.07-01.50.07:907][125]LogModuleManager: Shutting down and abandoning module EditorSettingsViewer (145)
[2015.09.07-01.50.07:908][125]LogModuleManager: Shutting down and abandoning module SettingsEditor (144)
[2015.09.07-01.50.07:908][125]LogModuleManager: Shutting down and abandoning module ProjectLauncher (143)
[2015.09.07-01.50.07:909][125]LogModuleManager: Shutting down and abandoning module SessionFrontend (142)
[2015.09.07-01.50.07:909][125]LogModuleManager: Shutting down and abandoning module ProfilerClient (141)
[2015.09.07-01.50.07:910][125]LogModuleManager: Shutting down and abandoning module TargetDeviceServices (140)
[2015.09.07-01.50.07:911][125]LogModuleManager: Shutting down and abandoning module DeviceManager (139)
[2015.09.07-01.50.07:911][125]LogModuleManager: Shutting down and abandoning module AutomationController (138)
[2015.09.07-01.50.07:912][125]LogModuleManager: Shutting down and abandoning module AutomationWindow (137)
[2015.09.07-01.50.07:912][125]LogModuleManager: Shutting down and abandoning module Layers (136)
[2015.09.07-01.50.07:913][125]LogModuleManager: Shutting down and abandoning module ComponentVisualizers (135)
[2015.09.07-01.50.07:914][125]LogModuleManager: Shutting down and abandoning module DetailCustomizations (134)
[2015.09.07-01.50.07:914][125]LogModuleManager: Shutting down and abandoning module PackagesDialog (133)
[2015.09.07-01.50.07:915][125]LogModuleManager: Shutting down and abandoning module AssetRegistry (132)
[2015.09.07-01.50.07:958][125]LogModuleManager: Shutting down and abandoning module Persona (131)
[2015.09.07-01.50.07:959][125]LogModuleManager: Shutting down and abandoning module Kismet (130)
[2015.09.07-01.50.07:959][125]LogModuleManager: Shutting down and abandoning module GraphEditor (129)
[2015.09.07-01.50.07:959][125]LogModuleManager: Shutting down and abandoning module ClassViewer (128)
[2015.09.07-01.50.07:959][125]LogModuleManager: Shutting down and abandoning module Toolbox (127)
[2015.09.07-01.50.07:960][125]LogModuleManager: Shutting down and abandoning module ModuleUI (126)
[2015.09.07-01.50.07:960][125]LogModuleManager: Shutting down and abandoning module MovieSceneTools (125)
[2015.09.07-01.50.07:960][125]LogModuleManager: Shutting down and abandoning module OutputLog (124)
[2015.09.07-01.50.07:960][125]LogModuleManager: Shutting down and abandoning module GammaUI (123)
[2015.09.07-01.50.07:961][125]LogModuleManager: Shutting down and abandoning module Documentation (122)
[2015.09.07-01.50.07:961][125]LogModuleManager: Shutting down and abandoning module GameLiveStreaming (121)
[2015.09.07-01.50.07:961][125]LogModuleManager: Shutting down and abandoning module StreamingPauseRendering (120)
[2015.09.07-01.50.07:961][125]LogModuleManager: Shutting down and abandoning module AnalyticsET (119)
[2015.09.07-01.50.07:962][125]LogModuleManager: Shutting down and abandoning module Analytics (118)
[2015.09.07-01.50.07:962][125]LogModuleManager: Shutting down and abandoning module AITestSuite (117)
[2015.09.07-01.50.07:962][125]LogModuleManager: Shutting down and abandoning module GameplayDebugger (116)
[2015.09.07-01.50.07:962][125]LogModuleManager: Shutting down and abandoning module AIModule (115)
[2015.09.07-01.50.07:963][125]LogModuleManager: Shutting down and abandoning module ProfilerService (114)
[2015.09.07-01.50.08:065][125]LogModuleManager: Shutting down and abandoning module TaskGraph (113)
[2015.09.07-01.50.08:066][125]LogModuleManager: Shutting down and abandoning module SlateRemote (112)
[2015.09.07-01.50.08:067][125]LogModuleManager: Shutting down and abandoning module SteamVRController (111)
[2015.09.07-01.50.08:068][125]LogModuleManager: Shutting down and abandoning module SteamVR (110)
[2015.09.07-01.50.08:069][125]LogModuleManager: Shutting down and abandoning module ProceduralMeshComponent (109)
[2015.09.07-01.50.08:069][125]LogModuleManager: Shutting down and abandoning module OculusRift (108)
[2015.09.07-01.50.08:070][125]LogModuleManager: Shutting down and abandoning module LeapMotionController (107)
[2015.09.07-01.50.08:089][125]LogModuleManager: Shutting down and abandoning module CustomMeshComponent (106)
[2015.09.07-01.50.08:089][125]LogModuleManager: Shutting down and abandoning module CableComponent (105)
[2015.09.07-01.50.08:089][125]LogModuleManager: Shutting down and abandoning module MessagingDebugger (104)
[2015.09.07-01.50.08:090][125]LogModuleManager: Shutting down and abandoning module MediaPlayerEditor (103)
[2015.09.07-01.50.08:090][125]LogModuleManager: Shutting down and abandoning module SpeedTreeImporter (102)
[2015.09.07-01.50.08:090][125]LogModuleManager: Shutting down and abandoning module PluginBrowser (101)
[2015.09.07-01.50.08:090][125]LogModuleManager: Shutting down and abandoning module EpicSurvey (100)
[2015.09.07-01.50.08:091][125]LogModuleManager: Shutting down and abandoning module DesktopPlatform (99)
[2015.09.07-01.50.08:091][125]LogModuleManager: Shutting down and abandoning module VisualStudioSourceCodeAccess (98)
[2015.09.07-01.50.08:091][125]LogModuleManager: Shutting down and abandoning module UObjectPlugin (97)
[2015.09.07-01.50.08:091][125]LogModuleManager: Shutting down and abandoning module SubversionSourceControl (96)
[2015.09.07-01.50.08:091][125]LogModuleManager: Shutting down and abandoning module PerforceSourceControl (95)
[2015.09.07-01.50.08:092][125]LogModuleManager: Shutting down and abandoning module SourceControl (94)
[2015.09.07-01.50.08:092][125]LogModuleManager: Shutting down and abandoning module GitSourceControl (93)
[2015.09.07-01.50.08:092][125]LogModuleManager: Shutting down and abandoning module BlankPlugin (92)
[2015.09.07-01.50.08:092][125]LogModuleManager: Shutting down and abandoning module PaperTiledImporter (91)
[2015.09.07-01.50.08:093][125]LogModuleManager: Shutting down and abandoning module PaperSpriteSheetImporter (90)
[2015.09.07-01.50.08:093][125]LogModuleManager: Shutting down and abandoning module MeshPaint (89)
[2015.09.07-01.50.08:093][125]LogModuleManager: Shutting down and abandoning module SlateReflector (88)
[2015.09.07-01.50.08:093][125]LogModuleManager: Shutting down and abandoning module DirectoryWatcher (87)
[2015.09.07-01.50.08:094][125]LogModuleManager: Shutting down and abandoning module HotReload (86)
[2015.09.07-01.50.08:094][125]LogModuleManager: Shutting down and abandoning module MainFrame (85)
[2015.09.07-01.50.08:094][125]LogModuleManager: Shutting down and abandoning module LevelEditor (84)
[2015.09.07-01.50.08:095][125]LogModuleManager: Shutting down and abandoning module ContentBrowser (83)
[2015.09.07-01.50.08:096][125]LogModuleManager: Shutting down and abandoning module Paper2DEditor (82)
[2015.09.07-01.50.08:096][125]LogModuleManager: Shutting down and abandoning module Brain (81)
[2015.09.07-01.50.08:097][125]LogModuleManager: Shutting down and abandoning module UdpMessaging (80)
[2015.09.07-01.50.08:197][125]LogModuleManager: Shutting down and abandoning module Paper2D (79)
[2015.09.07-01.50.08:197][125]LogModuleManager: Shutting down and abandoning module WindowsMoviePlayer (78)
[2015.09.07-01.50.08:200][125]LogModuleManager: Shutting down and abandoning module Media (77)
[2015.09.07-01.50.08:201][125]LogModuleManager: Shutting down and abandoning module WmfMedia (76)
[2015.09.07-01.50.08:202][125]LogModuleManager: Shutting down and abandoning module OnlineBlueprintSupport (75)
[2015.09.07-01.50.08:202][125]LogModuleManager: Shutting down and abandoning module PropertyEditor (74)
[2015.09.07-01.50.08:202][125]LogModuleManager: Shutting down and abandoning module BehaviorTreeEditor (73)
[2015.09.07-01.50.08:203][125]LogModuleManager: Shutting down and abandoning module FunctionalTesting (72)
[2015.09.07-01.50.08:203][125]LogModuleManager: Shutting down and abandoning module CollisionAnalyzer (71)
[2015.09.07-01.50.08:203][125]LogModuleManager: Shutting down and abandoning module WorkspaceMenuStructure (70)
[2015.09.07-01.50.08:203][125]LogModuleManager: Shutting down and abandoning module MessageLog (69)
[2015.09.07-01.50.08:204][125]LogModuleManager: Shutting down and abandoning module Sequencer (68)
[2015.09.07-01.50.08:204][125]LogModuleManager: Shutting down and abandoning module AssetTools (67)
[2015.09.07-01.50.08:204][125]LogModuleManager: Shutting down and abandoning module UMGEditor (66)
[2015.09.07-01.50.08:204][125]LogModuleManager: Shutting down and abandoning module UMG (65)
[2015.09.07-01.50.08:205][125]LogModuleManager: Shutting down and abandoning module Slate (64)
[2015.09.07-01.50.08:205][125]LogModuleManager: Shutting down and abandoning module EditorStyle (63)
[2015.09.07-01.50.08:207][125]LogModuleManager: Shutting down and abandoning module SessionServices (62)
[2015.09.07-01.50.08:208][125]LogModuleManager: Shutting down and abandoning module SourceCodeAccess (61)
[2015.09.07-01.50.08:208][125]LogModuleManager: Shutting down and abandoning module HeadMountedDisplay (60)
[2015.09.07-01.50.08:208][125]LogModuleManager: Shutting down and abandoning module XAudio2 (59)
[2015.09.07-01.50.08:208][125]LogModuleManager: Shutting down and abandoning module Networking (57)
[2015.09.07-01.50.08:209][125]LogModuleManager: Shutting down and abandoning module Core (56)
[2015.09.07-01.50.08:209][125]LogModuleManager: Shutting down and abandoning module KismetCompiler (55)
[2015.09.07-01.50.08:209][125]LogModuleManager: Shutting down and abandoning module PhysXFormats (54)
[2015.09.07-01.50.08:209][125]LogModuleManager: Shutting down and abandoning module MeshUtilities (53)
[2015.09.07-01.50.08:210][125]LogModuleManager: Shutting down and abandoning module DerivedDataCache (52)
[2015.09.07-01.50.08:219][125]LogDerivedDataCache: Shutdown
[2015.09.07-01.50.08:220][125]LogModuleManager: Shutting down and abandoning module ShaderFormatOpenGL (51)
[2015.09.07-01.50.08:220][125]LogModuleManager: Shutting down and abandoning module ShaderFormatD3D (50)
[2015.09.07-01.50.08:220][125]LogModuleManager: Shutting down and abandoning module MetalShaderFormat (49)
[2015.09.07-01.50.08:220][125]LogModuleManager: Shutting down and abandoning module TextureFormatUncompressed (48)
[2015.09.07-01.50.08:221][125]LogModuleManager: Shutting down and abandoning module TextureFormatPVR (47)
[2015.09.07-01.50.08:221][125]LogModuleManager: Shutting down and abandoning module TextureFormatIntelISPCTexComp (46)
[2015.09.07-01.50.08:221][125]LogModuleManager: Shutting down and abandoning module TextureFormatDXT (45)
[2015.09.07-01.50.08:221][125]LogModuleManager: Shutting down and abandoning module ImageWrapper (44)
[2015.09.07-01.50.08:222][125]LogModuleManager: Shutting down and abandoning module TextureFormatASTC (43)
[2015.09.07-01.50.08:222][125]LogModuleManager: Shutting down and abandoning module TextureFormatAndroid (42)
[2015.09.07-01.50.08:222][125]LogModuleManager: Shutting down and abandoning module AudioFormatOpus (41)
[2015.09.07-01.50.08:222][125]LogModuleManager: Shutting down and abandoning module AudioFormatOgg (40)
[2015.09.07-01.50.08:222][125]LogModuleManager: Shutting down and abandoning module AudioFormatADPCM (39)
[2015.09.07-01.50.08:223][125]LogModuleManager: Shutting down and abandoning module LinuxTargetPlatform (38)
[2015.09.07-01.50.08:223][125]LogModuleManager: Shutting down and abandoning module LinuxServerTargetPlatform (37)
[2015.09.07-01.50.08:223][125]LogModuleManager: Shutting down and abandoning module LinuxNoEditorTargetPlatform (36)
[2015.09.07-01.50.08:223][125]LogModuleManager: Shutting down and abandoning module Messaging (35)
[2015.09.07-01.50.08:224][125]LogModuleManager: Shutting down and abandoning module IOSTargetPlatform (34)
[2015.09.07-01.50.08:224][125]LogModuleManager: Shutting down and abandoning module HTML5TargetPlatform (33)
[2015.09.07-01.50.08:224][125]LogModuleManager: Shutting down and abandoning module Android_PVRTCTargetPlatform (32)
[2015.09.07-01.50.08:224][125]LogModuleManager: Shutting down and abandoning module Android_ETC2TargetPlatform (31)
[2015.09.07-01.50.08:224][125]LogModuleManager: Shutting down and abandoning module Android_ETC1TargetPlatform (30)
[2015.09.07-01.50.08:225][125]LogModuleManager: Shutting down and abandoning module Android_DXTTargetPlatform (29)
[2015.09.07-01.50.08:225][125]LogModuleManager: Shutting down and abandoning module Android_ATCTargetPlatform (28)
[2015.09.07-01.50.08:225][125]LogModuleManager: Shutting down and abandoning module Android_ASTCTargetPlatform (27)
[2015.09.07-01.50.08:225][125]LogModuleManager: Shutting down and abandoning module AndroidTargetPlatform (26)
[2015.09.07-01.50.08:226][125]LogModuleManager: Shutting down and abandoning module WindowsTargetPlatform (25)
[2015.09.07-01.50.08:226][125]LogModuleManager: Shutting down and abandoning module WindowsServerTargetPlatform (24)
[2015.09.07-01.50.08:226][125]LogModuleManager: Shutting down and abandoning module WindowsNoEditorTargetPlatform (23)
[2015.09.07-01.50.08:226][125]LogModuleManager: Shutting down and abandoning module WindowsClientTargetPlatform (22)
[2015.09.07-01.50.08:226][125]LogModuleManager: Shutting down and abandoning module DesktopTargetPlatform (21)
[2015.09.07-01.50.08:227][125]LogModuleManager: Shutting down and abandoning module TargetPlatform (20)
[2015.09.07-01.50.08:227][125]LogModuleManager: Shutting down and abandoning module InputCore (19)
[2015.09.07-01.50.08:227][125]LogModuleManager: Shutting down and abandoning module Settings (18)
[2015.09.07-01.50.08:227][125]LogModuleManager: Shutting down and abandoning module OnlineSubsystem (16)
[2015.09.07-01.50.08:228][125]LogModuleManager: Shutting down and abandoning module HTTP (15)
[2015.09.07-01.50.08:228][125]LogModuleManager: Shutting down and abandoning module ExampleDeviceProfileSelector (14)
[2015.09.07-01.50.08:229][125]LogModuleManager: Shutting down and abandoning module TextureCompressor (13)
[2015.09.07-01.50.08:229][125]LogModuleManager: Shutting down and abandoning module ShaderCore (12)
[2015.09.07-01.50.08:229][125]LogModuleManager: Shutting down and abandoning module Landscape (11)
[2015.09.07-01.50.08:230][125]LogModuleManager: Shutting down and abandoning module SlateRHIRenderer (10)
[2015.09.07-01.50.08:231][125]LogModuleManager: Shutting down and abandoning module OpenGLDrv (9)
[2015.09.07-01.50.08:232][125]LogModuleManager: Shutting down and abandoning module D3D11RHI (8)
[2015.09.07-01.50.08:232][125]LogModuleManager: Shutting down and abandoning module Renderer (7)
[2015.09.07-01.50.08:232][125]LogModuleManager: Shutting down and abandoning module Engine (6)
[2015.09.07-01.50.08:232][125]LogModuleManager: Shutting down and abandoning module CoreUObject (5)
[2015.09.07-01.50.08:233][125]LogModuleManager: Shutting down and abandoning module NetworkFile (4)
[2015.09.07-01.50.08:233][125]LogModuleManager: Shutting down and abandoning module StreamingFile (3)
[2015.09.07-01.50.08:233][125]LogModuleManager: Shutting down and abandoning module SandboxFile (2)
[2015.09.07-01.50.08:233][125]LogModuleManager: Shutting down and abandoning module PakFile (1)
[2015.09.07-01.50.08:236][125]LogExit: Exiting.
[2015.09.07-01.50.08:237][125]Log file closed, 09/06/15 21:50:08
