[2015.09.08-17.26.17:564][  0]Log file open, 09/08/15 13:26:17
[2015.09.08-17.26.17:564][  0]LogInit:Display: Running engine for game: Brain
[2015.09.08-17.26.17:565][  0]LogInit:Display: RandInit(-1845330356) SRandInit(-1845330356).
[2015.09.08-17.26.17:565][  0]LogTaskGraph: Started task graph with 4 named threads and 7 total threads.
[2015.09.08-17.26.17:566][  0]LogStats: Stats thread started
[2015.09.08-17.26.17:566][  0]LogInit: Version: 4.8.3-2634408+++depot+UE4-Releases+4.8
[2015.09.08-17.26.17:566][  0]LogInit: API Version: 2579680
[2015.09.08-17.26.17:566][  0]LogInit: Compiled (64-bit): Jul 27 2015 16:24:33
[2015.09.08-17.26.17:566][  0]LogInit: Compiled with Visual C++: 18.00.21005.01
[2015.09.08-17.26.17:567][  0]LogInit: Build Configuration: DebugGame
[2015.09.08-17.26.17:567][  0]LogInit: Branch Name: ++depot+UE4-Releases+4.8
[2015.09.08-17.26.17:567][  0]LogInit: Command line:  -debug
[2015.09.08-17.26.17:567][  0]LogInit: Base directory: C:/Program Files/Epic Games/4.8/Engine/Binaries/Win64/
[2015.09.08-17.26.17:567][  0]LogInit: Rocket: 1
[2015.09.08-17.26.17:595][  0]LogInit: Using libcurl 7.41.0
[2015.09.08-17.26.17:596][  0]LogInit:  - built for x86_64-pc-win32
[2015.09.08-17.26.17:596][  0]LogInit:  - supports SSL with WinSSL
[2015.09.08-17.26.17:596][  0]LogInit:  - other features:
[2015.09.08-17.26.17:597][  0]LogInit:      CURL_VERSION_SSL
[2015.09.08-17.26.17:597][  0]LogInit:      CURL_VERSION_IPV6
[2015.09.08-17.26.17:597][  0]LogInit:      CURL_VERSION_ASYNCHDNS
[2015.09.08-17.26.17:597][  0]LogInit:      CURL_VERSION_LARGEFILE
[2015.09.08-17.26.17:598][  0]LogInit:      CURL_VERSION_IDN
[2015.09.08-17.26.17:598][  0]LogInit:  CurlRequestOptions (configurable via config and command line):
[2015.09.08-17.26.17:598][  0]LogInit:  - bVerifyPeer = true  - Libcurl will verify peer certificate
[2015.09.08-17.26.17:598][  0]LogInit:  - bUseHttpProxy = false  - Libcurl will NOT use HTTP proxy
[2015.09.08-17.26.17:598][  0]LogInit:  - bDontReuseConnections = false  - Libcurl will reuse connections
[2015.09.08-17.26.17:599][  0]LogInit:  - CertBundlePath = nullptr  - Libcurl will use whatever was configured at build time.
[2015.09.08-17.26.17:613][  0]LogOnline:Warning: No default platform service specified for OnlineSubsystem
[2015.09.08-17.26.17:648][  0]LogInit: Presizing for 0 objects not considered by GC, pre-allocating 0 bytes.
[2015.09.08-17.26.17:655][  0]LogInit: Object subsystem initialized
[2015.09.08-17.26.17:657][  0]LogConsoleResponse:Warning: Skipping Unknown console variable: 'TranslucentSortAxis = (X=0.000000,Y=-1.000000,Z=0.000000)'
[2015.09.08-17.26.17:657][  0]LogConsoleResponse:Warning:   Found in ini file 'C:/Users/frederic/Documents/Unreal Projects/Brain/Saved/Config/Windows/Engine.ini', in section '[/Script/Engine.RendererSettings]'
[2015.09.08-17.26.17:658][  0]LogConsoleResponse:Warning: Skipping Unknown console variable: 'UIScaleRule = ShortestSide'
[2015.09.08-17.26.17:658][  0]LogConsoleResponse:Warning:   Found in ini file 'C:/Users/frederic/Documents/Unreal Projects/Brain/Saved/Config/Windows/Engine.ini', in section '[/Script/Engine.RendererSettings]'
[2015.09.08-17.26.17:658][  0]LogConsoleResponse:Warning: Skipping Unknown console variable: 'UIScaleCurve = (EditorCurveData=(Keys=),ExternalCurve=None)'
[2015.09.08-17.26.17:658][  0]LogConsoleResponse:Warning:   Found in ini file 'C:/Users/frederic/Documents/Unreal Projects/Brain/Saved/Config/Windows/Engine.ini', in section '[/Script/Engine.RendererSettings]'
[2015.09.08-17.26.17:659][  0]LogInit: Selected Device Profile: [Windows]
[2015.09.08-17.26.17:659][  0]LogInit: Applying CVar settings loaded from the selected device profile: [Windows]
[2015.09.08-17.26.17:666][  0]LogInit: Computer: FREDERIC-PC
[2015.09.08-17.26.17:666][  0]LogInit: User: frederic
[2015.09.08-17.26.17:666][  0]LogInit: CPU Page size=4096, Cores=4
[2015.09.08-17.26.17:667][  0]LogInit: High frequency timer resolution =3.331220 MHz
[2015.09.08-17.26.17:667][  0]LogMemory: Memory total: Physical=15.9GB (16GB approx)
[2015.09.08-17.26.17:667][  0]LogMemory: Platform Memory Stats for Windows
[2015.09.08-17.26.17:667][  0]LogMemory: Process Physical Memory: 54.64 MB used, 55.60 MB peak
[2015.09.08-17.26.17:668][  0]LogMemory: Process Virtual Memory: 27.63 MB used, 29.71 MB peak
[2015.09.08-17.26.17:668][  0]LogMemory: Physical Memory: 4497.02 MB used, 16288.39 MB total
[2015.09.08-17.26.17:668][  0]LogMemory: Virtual Memory: 286.06 MB used, 8388608.00 MB total
[2015.09.08-17.26.17:740][  0]LogTextLocalizationManager: The requested culture ('fr_CA') has no localization data; falling back to 'en' for localization and internationalization data.
[2015.09.08-17.26.17:947][  0]LogTextLocalizationManager:Warning: Loaded localization resources contain conflicting entries for (Namespace:ContentBrowser, Key:ImportAssetToolTip):
Localization Resource: (C:/Program Files/Epic Games/4.8/Engine/Content/Localization/Editor/en/Editor.locres) Source String Hash: (-630476809) Localized String: (Import to {0}...)
Localization Resource: (C:/Program Files/Epic Games/4.8/Engine/Content/Localization/Editor/en/Editor.locres) Source String Hash: (1271782899) Localized String: (Imports an asset from file to this folder.)
[2015.09.08-17.26.18:396][  0]LogD3D11RHI: Found D3D11 adapter 0: NVIDIA GeForce GTX 970 (Feature Level 11_0)
[2015.09.08-17.26.18:396][  0]LogD3D11RHI: Adapter has 4008MB of dedicated video memory, 0MB of dedicated system memory, and 7888MB of shared system memory, 1 output[s]
[2015.09.08-17.26.18:403][  0]LogD3D11RHI: Found D3D11 adapter 1: Intel(R) HD Graphics 3000 (Feature Level 10_0)
[2015.09.08-17.26.18:404][  0]LogD3D11RHI: Adapter has 64MB of dedicated video memory, 0MB of dedicated system memory, and 1632MB of shared system memory, 0 output[s]
[2015.09.08-17.26.18:404][  0]LogD3D11RHI: Chosen D3D11 Adapter Id = 0
[2015.09.08-17.26.18:408][  0]LogD3D11RHI: InitD3DDevice
[2015.09.08-17.26.18:409][  0]LogD3D11RHI: !Direct3DDevice
[2015.09.08-17.26.18:409][  0]LogRHI: Texture pool is 1361 MB (70% of 1945 MB)
[2015.09.08-17.26.18:454][  0]LogD3D11RHI: Async texture creation enabled
[2015.09.08-17.26.18:469][  0]LogShaderCompilers:Display: Using Local Shader Compiler.
[2015.09.08-17.26.19:272][  0]LogTemp:Display: Loaded TP DesktopTargetPlatform
[2015.09.08-17.26.19:294][  0]LogTemp:Display: Loaded TP WindowsClientTargetPlatform
[2015.09.08-17.26.19:317][  0]LogTemp:Display: Loaded TP WindowsNoEditorTargetPlatform
[2015.09.08-17.26.19:340][  0]LogTemp:Display: Loaded TP WindowsServerTargetPlatform
[2015.09.08-17.26.19:364][  0]LogTemp:Display: Loaded TP WindowsTargetPlatform
[2015.09.08-17.26.19:381][  0]LogTemp:Display: Loaded TP AndroidTargetPlatform
[2015.09.08-17.26.19:398][  0]LogTemp:Display: Loaded TP Android_ASTCTargetPlatform
[2015.09.08-17.26.19:415][  0]LogTemp:Display: Loaded TP Android_ATCTargetPlatform
[2015.09.08-17.26.19:435][  0]LogTemp:Display: Loaded TP Android_DXTTargetPlatform
[2015.09.08-17.26.19:454][  0]LogTemp:Display: Loaded TP Android_ETC1TargetPlatform
[2015.09.08-17.26.19:474][  0]LogTemp:Display: Loaded TP Android_ETC2TargetPlatform
[2015.09.08-17.26.19:493][  0]LogTemp:Display: Loaded TP Android_PVRTCTargetPlatform
[2015.09.08-17.26.19:565][  0]LogTemp:Display: Loaded TP IOSTargetPlatform
[2015.09.08-17.26.19:581][  0]LogTemp:Display: Loaded TP LinuxNoEditorTargetPlatform
[2015.09.08-17.26.19:597][  0]LogTemp:Display: Loaded TP LinuxServerTargetPlatform
[2015.09.08-17.26.19:616][  0]LogTemp:Display: Loaded TP LinuxTargetPlatform
[2015.09.08-17.26.19:616][  0]LogTargetPlatformManager:Display: Building Assets For Windows
[2015.09.08-17.26.19:927][  0]LogDerivedDataCache:Display: Max Cache Size: 512 MB
[2015.09.08-17.26.20:906][  0]LogDerivedDataCache: Loaded boot cache 0.98s 60MB C:/Users/frederic/AppData/Local/UnrealEngine/4.8/DerivedDataCache/Boot.ddc.
[2015.09.08-17.26.20:908][  0]LogDerivedDataCache:Display: Loaded Boot cache: C:/Users/frederic/AppData/Local/UnrealEngine/4.8/DerivedDataCache/Boot.ddc
[2015.09.08-17.26.20:909][  0]LogDerivedDataCache: FDerivedDataBackendGraph:  Pak pak cache file ../../../../../../Users/frederic/Documents/Unreal Projects/Brain/DerivedDataCache/DDC.ddp not found, will not use a pak cache.
[2015.09.08-17.26.20:909][  0]LogDerivedDataCache: Unable to find inner node Pak for hierarchical cache Hierarchy.
[2015.09.08-17.26.20:910][  0]LogDerivedDataCache: FDerivedDataBackendGraph:  CompressedPak pak cache file ../../../../../../Users/frederic/Documents/Unreal Projects/Brain/DerivedDataCache/Compressed.ddp not found, will not use a pak cache.
[2015.09.08-17.26.20:911][  0]LogDerivedDataCache: Unable to find inner node CompressedPak for hierarchical cache Hierarchy.
[2015.09.08-17.26.21:066][  0]LogDerivedDataCache:Display: Pak cache opened for reading ../../../Engine/DerivedDataCache/Compressed.ddp.
[2015.09.08-17.26.21:078][  0]LogDerivedDataCache: Using Local data cache path C:/Users/frederic/AppData/Local/UnrealEngine/Common/DerivedDataCache: Writable
[2015.09.08-17.26.21:268][  0]LogCollisionProfile:Warning: Profile (Trigger) - Custom Channel Name = 'Projectile' hasn't been found
[2015.09.08-17.26.21:284][  0]LogInit: Selected Device Profile: [Windows]
[2015.09.08-17.26.21:292][  0]ImportText (ComponentSweepMultiTests): Missing closing parenthesis: (RootShapeAsset="/Engine/BasicShapes/Cube.Cube",ShapeType="TriggerCapsule",HitResult=(Time=0.50,Location=(X=-100.000015,Y=0.0,Z=100.000015),ImpactPoint=(X=-50.0,Y=0.0,Z=50.0),Normal=(X=-1.0,Y=-0.0,Z=0.0),ImpactNormal=(X=0.0,Y=0.0,Z=1.0),TraceStart=(X=-200.0,Y=0.0,Z=200.0),TraceEnd=(X=0.0,Y=0.0,Z=0.0))
[2015.09.08-17.26.21:292][  0]ImportText (LineTraceSingleByChannelTests): Missing closing parenthesis: (RootShapeAsset="/Engine/BasicShapes/Cube.Cube",HitResult=(Time=0.50,Location=(X=-100.000015,Y=0.0,Z=100.000015),ImpactPoint=(X=-50.0,Y=0.0,Z=50.0),Normal=(X=-1.0,Y=-0.0,Z=0.0),ImpactNormal=(X=0.0,Y=0.0,Z=1.0),TraceStart=(X=-200.0,Y=0.0,Z=200.0),TraceEnd=(X=0.0,Y=0.0,Z=0.0))
[2015.09.08-17.26.21:331][  0]LogMeshUtilities: No automatic mesh reduction module available
[2015.09.08-17.26.21:331][  0]LogMeshUtilities: No automatic mesh merging module available
[2015.09.08-17.26.21:749][  0]LogInit: WinSock: version 1.1 (2.2), MaxSocks=32767, MaxUdp=65467
[2015.09.08-17.26.22:941][  0]UdpMessaging: Initializing bridge on interface 0.0.0.0:0 to multicast group 230.0.0.1:6666.
[2015.09.08-17.26.23:869][  0]SourceControl: Info Source control is disabled
[2015.09.08-17.26.23:959][  0]SourceControl: Info Source control is disabled
[2015.09.08-17.26.23:978][  0]SourceControl: Info Source control is disabled
[2015.09.08-17.26.23:999][  0]SourceControl: Info Source control is disabled
[2015.09.08-17.26.24:336][  0]LogObj: 31170 objects as part of root set at end of initial load.
[2015.09.08-17.26.24:337][  0]LogUObjectAllocator: 7108608 out of 0 bytes used by permanent object pool.
[2015.09.08-17.26.24:424][  0]LogEngine: Initializing Engine...
[2015.09.08-17.26.24:427][  0]LogHMD: Can't find Oculus library dev build: is proper Runtime installed? Version: 0.6.0.0
[2015.09.08-17.26.24:432][  0]LogHMD:Warning: SteamVR failed to initialize.  Error: 110
[2015.09.08-17.26.24:591][  0]LogAIModule: Creating AISystem for world NewWorld
[2015.09.08-17.26.24:604][  0]LogInit: XAudio2 using 'Haut-parleurs (Realtek High Definition Audio)' : 2 channels at 48 kHz using 32 bits per sample (channel mask 0x3)
[2015.09.08-17.26.24:620][  0]LogInit: FAudioDevice initialized.
[2015.09.08-17.26.24:648][  0]LogDerivedDataCache: Saved boot cache 0.03s 60MB C:/Users/frederic/AppData/Local/UnrealEngine/4.8/DerivedDataCache/Boot.ddc.
[2015.09.08-17.26.24:656][  0]LogInit: Texture streaming: Disabled
[2015.09.08-17.26.24:689][  0]LogAnalytics: Creating configured Analytics provider AnalyticsET
[2015.09.08-17.26.24:690][  0]LogAnalytics: [UEEditor.Rocket.Release] APIServer = http://et2.epicgames.com/ET2/. AppVersion = 4.8.3-2634408+++depot+UE4-Releases+4.8
[2015.09.08-17.26.24:690][  0]LogAnalytics: [UEEditor.Rocket.Release] SetUserId c8da8d664a36a98701fe659c10ae4ff8|70626fa7f476448fb82ad9618fbbb1ab|00e7fb16-00c3-4af4-a2a1-2cc8013aae38
[2015.09.08-17.26.24:691][  0]LogAnalytics: [UEEditor.Rocket.Release] AnalyticsET::StartSession
[2015.09.08-17.26.24:726][  0]LogInit: Transaction tracking system initialized
[2015.09.08-17.26.24:939][  0]BlueprintLog: New page: Editor Load
[2015.09.08-17.26.24:985][  0]LogAssetRegistry: FAssetRegistry took 0.0105 seconds to start up
[2015.09.08-17.26.24:986][  0]LogDirectoryWatcher:Warning: Failed to begin reading directory changes for ../../../Engine/Plugins/Experimental/CharacterAI/Content/. Error: 0
[2015.09.08-17.26.26:005][  0]LogConsoleManager:Warning: Console variable 'r.VSync' wasn't set ('GameSetting' has a lower priority than 'SystemSettingsIni')
[2015.09.08-17.26.26:006][  0]LogConsoleResponse:Display: 
[2015.09.08-17.26.26:103][  0]LogCook:Display: Done creating registry. It took  0.00s.
[2015.09.08-17.26.26:366][  0]SourceControl: Info Source control is disabled
[2015.09.08-17.26.26:367][  0]Cmd: MAP LOAD FILE="../../../../../../Users/frederic/Documents/Unreal Projects/Brain/Content/FirstPerson/Maps/FirstPersonExampleMap.umap" TEMPLATE=0 SHOWPROGRESS=1 FEATURELEVEL=3
[2015.09.08-17.26.26:376][  0]LightingResults: New page: Lighting Build
[2015.09.08-17.26.26:391][  0]MapCheck: New page: Map Check
[2015.09.08-17.26.26:391][  0]LightingResults: New page: Lighting Build
[2015.09.08-17.26.26:401][  0]LogParticles: Destroying 0 GPU particle simulations for FXSystem 0x000000002002A8E0
[2015.09.08-17.26.30:424][  0]LogAIModule: Creating AISystem for world FirstPersonExampleMap
[2015.09.08-17.26.30:433][  0]LogEditorServer: Finished looking for orphan Actors (0.000 secs)
[2015.09.08-17.26.31:737][  0]Cmd: MAP CHECKDEP NOCLEARLOG
[2015.09.08-17.26.31:776][  0]MapCheck: Info Map check complete: 0 Error(s), 0 Warning(s), took 38.151ms to complete.
[2015.09.08-17.26.31:776][  0]LogFileHelpers: Loading map 'FirstPersonExampleMap' took 5.410
[2015.09.08-17.26.31:895][  0]LogCollectionManager: Loaded 0 collections in 0.001909 seconds
[2015.09.08-17.26.31:903][  0]LogContentBrowser: Native class hierarchy populated in 0.0071 seconds. Added 1800 classes and 303 folders.
[2015.09.08-17.26.31:967][  0]LogContentBrowser: Native class hierarchy updated for 'WidgetCarousel' in 0.0014 seconds. Added 0 classes and 0 folders.
[2015.09.08-17.26.32:004][  0]LogContentBrowser: Native class hierarchy updated for 'AddContentDialog' in 0.0013 seconds. Added 0 classes and 0 folders.
[2015.09.08-17.26.32:034][  0]LogContentBrowser: Native class hierarchy updated for 'SceneOutliner' in 0.0014 seconds. Added 1 classes and 2 folders.
[2015.09.08-17.26.32:089][  0]LogCrashTracker: Crashtracker disabled due to settings.
[2015.09.08-17.26.32:090][  0]LogD3D11RHI: InitD3DDevice
[2015.09.08-17.26.32:094][  0]LogUObjectGlobals:Warning: Failed to find object 'Class None.'
[2015.09.08-17.26.32:117][  0]LogLoad: Full Startup: 16.55 seconds (BP compile: 0.25 seconds)
[2015.09.08-17.26.32:185][  0]LogContentStreaming: Texture pool size is 0.000000MB
[2015.09.08-17.26.32:243][  0]LogContentStreaming: Texture pool size now 1000 MB
[2015.09.08-17.26.32:359][  0]LogRenderer: Reallocating scene render targets to support 1208x560 (Frame:2).
[2015.09.08-17.26.32:799][  6]LogAssetRegistry: Asset discovery search completed in 7.8251 seconds
[2015.09.08-17.26.34:031][139]LogD3D11RHI: InitD3DDevice
[2015.09.08-17.26.34:336][174]LogPlayLevel: PIE:  No blueprints needed recompiling
[2015.09.08-17.26.34:338][174]PIE: New page: PIE session: FirstPersonExampleMap (Sep 8, 2015, 9:26:34 AM)
[2015.09.08-17.26.34:339][174]LogPlayLevel: Creating play world package: /Game/FirstPerson/Maps/UEDPIE_0_FirstPersonExampleMap
[2015.09.08-17.26.34:356][174]LogPlayLevel: PIE: StaticDuplicateObject took: (0.016870s)
[2015.09.08-17.26.34:358][174]LogAIModule: Creating AISystem for world FirstPersonExampleMap
[2015.09.08-17.26.34:360][174]LogPlayLevel: PIE: World Init took: (0.002629s)
[2015.09.08-17.26.34:360][174]LogPlayLevel: PIE: Created PIE world by copying editor world from /Game/FirstPerson/Maps/FirstPersonExampleMap.FirstPersonExampleMap to /Game/FirstPerson/Maps/UEDPIE_0_FirstPersonExampleMap.FirstPersonExampleMap (0.021329s)
[2015.09.08-17.26.34:361][174]LogActorComponent: UnregisterComponent: (/Engine/Transient.CharMoveComp) Not registered. Aborting.
[2015.09.08-17.26.34:402][174]LogInit: XAudio2 using 'Haut-parleurs (Realtek High Definition Audio)' : 2 channels at 48 kHz using 32 bits per sample (channel mask 0x3)
[2015.09.08-17.26.34:414][174]LogInit: FAudioDevice initialized.
[2015.09.08-17.26.34:457][174]LogWorld: Game class is 'BrainGameMode'
[2015.09.08-17.26.34:463][174]LogWorld: Bringing World /Game/FirstPerson/Maps/UEDPIE_0_FirstPersonExampleMap.FirstPersonExampleMap up for play (max tick rate 0) at 2015.09.08-13.26.34
[2015.09.08-17.26.34:464][174]LogActor:Warning: GameSession /Game/FirstPerson/Maps/UEDPIE_0_FirstPersonExampleMap.FirstPersonExampleMap:PersistentLevel.GameSession_0 has natively added scene component(s), but none of them were set as the actor's RootComponent - picking one arbitrarily
[2015.09.08-17.26.34:465][174]LogActor:Warning: GameNetworkManager /Game/FirstPerson/Maps/UEDPIE_0_FirstPersonExampleMap.FirstPersonExampleMap:PersistentLevel.GameNetworkManager_0 has natively added scene component(s), but none of them were set as the actor's RootComponent - picking one arbitrarily
[2015.09.08-17.26.34:465][174]LogWorld: Bringing up level for play took: 0.005988
[2015.09.08-17.26.34:468][174]PIE: Info Play in editor start time for /Game/FirstPerson/Maps/UEDPIE_0_FirstPersonExampleMap 0.115
[2015.09.08-17.27.09:028][305]LogParticles: Destroying 0 GPU particle simulations for FXSystem 0x00000000036D9760
[2015.09.08-17.27.10:265][414]Cmd: QUIT_EDITOR
[2015.09.08-17.27.10:503][414]LogExit: Preparing to exit.
[2015.09.08-17.27.11:024][414]LogExit: Editor shut down
[2015.09.08-17.27.11:026][414]LogExit: Transaction tracking system shut down
[2015.09.08-17.27.11:027][414]LogParticles: Destroying 0 GPU particle simulations for FXSystem 0x000000001035FBA0
[2015.09.08-17.27.11:027][414]LogParticles: Destroying 0 GPU particle simulations for FXSystem 0x00000000549D2C00
[2015.09.08-17.27.11:028][414]LogParticles: Destroying 0 GPU particle simulations for FXSystem 0x0000000054A0BCE0
[2015.09.08-17.27.11:028][414]LogParticles: Destroying 0 GPU particle simulations for FXSystem 0x00000000270731A0
[2015.09.08-17.27.11:028][414]LogParticles: Destroying 0 GPU particle simulations for FXSystem 0x000000000F2B0860
[2015.09.08-17.27.11:202][414]LogExit: Object subsystem successfully closed.
[2015.09.08-17.27.11:219][414]LogD3D11RHI: Shutdown
[2015.09.08-17.27.11:220][414]LogD3D11RHI: CleanupD3DDevice
[2015.09.08-17.27.11:485][414]LogD3D11RHI: ~FD3D11DynamicRHI
[2015.09.08-17.27.11:500][414]LogModuleManager: Shutting down and abandoning module CrashTracker (189)
[2015.09.08-17.27.11:500][414]LogModuleManager: Shutting down and abandoning module SceneOutliner (188)
[2015.09.08-17.27.11:501][414]LogModuleManager: Shutting down and abandoning module SuperSearch (187)
[2015.09.08-17.27.11:501][414]LogModuleManager: Shutting down and abandoning module WidgetCarousel (186)
[2015.09.08-17.27.11:501][414]LogModuleManager: Shutting down and abandoning module AddContentDialog (185)
[2015.09.08-17.27.11:502][414]LogModuleManager: Shutting down and abandoning module EditorWidgets (184)
[2015.09.08-17.27.11:502][414]LogModuleManager: Shutting down and abandoning module CollectionManager (183)
[2015.09.08-17.27.11:503][414]LogModuleManager: Shutting down and abandoning module StatsViewer (182)
[2015.09.08-17.27.11:503][414]LogModuleManager: Shutting down and abandoning module FoliageEdit (181)
[2015.09.08-17.27.11:503][414]LogModuleManager: Shutting down and abandoning module LandscapeEditor (180)
[2015.09.08-17.27.11:503][414]LogModuleManager: Shutting down and abandoning module ActorPickerMode (179)
[2015.09.08-17.27.11:504][414]LogModuleManager: Shutting down and abandoning module GeometryMode (178)
[2015.09.08-17.27.11:504][414]LogModuleManager: Shutting down and abandoning module TextureAlignMode (177)
[2015.09.08-17.27.11:504][414]LogModuleManager: Shutting down and abandoning module BspMode (176)
[2015.09.08-17.27.11:504][414]LogModuleManager: Shutting down and abandoning module PlacementMode (175)
[2015.09.08-17.27.11:505][414]LogModuleManager: Shutting down and abandoning module AutomationWorker (174)
[2015.09.08-17.27.11:505][414]LogModuleManager: Shutting down and abandoning module CharacterAI (173)
[2015.09.08-17.27.11:505][414]LogModuleManager: Shutting down and abandoning module SmartSnapping (172)
[2015.09.08-17.27.11:505][414]LogModuleManager: Shutting down and abandoning module ViewportSnapping (171)
[2015.09.08-17.27.11:506][414]LogModuleManager: Shutting down and abandoning module LogVisualizer (170)
[2015.09.08-17.27.11:506][414]LogModuleManager: Shutting down and abandoning module GameProjectGeneration (169)
[2015.09.08-17.27.11:506][414]LogModuleManager: Shutting down and abandoning module IntroTutorials (168)
[2015.09.08-17.27.11:506][414]LogModuleManager: Shutting down and abandoning module EditorLiveStreaming (167)
[2015.09.08-17.27.11:507][414]LogModuleManager: Shutting down and abandoning module IOSPlatformEditor (166)
[2015.09.08-17.27.11:507][414]LogModuleManager: Shutting down and abandoning module HTML5PlatformEditor (165)
[2015.09.08-17.27.11:507][414]LogModuleManager: Shutting down and abandoning module AndroidDeviceDetection (164)
[2015.09.08-17.27.11:730][414]LogModuleManager: Shutting down and abandoning module AndroidPlatformEditor (163)
[2015.09.08-17.27.11:731][414]LogModuleManager: Shutting down and abandoning module IOSRuntimeSettings (162)
[2015.09.08-17.27.11:732][414]LogModuleManager: Shutting down and abandoning module AndroidRuntimeSettings (161)
[2015.09.08-17.27.11:733][414]LogModuleManager: Shutting down and abandoning module MergeActors (160)
[2015.09.08-17.27.11:733][414]LogModuleManager: Shutting down and abandoning module SizeMap (159)
[2015.09.08-17.27.11:734][414]LogModuleManager: Shutting down and abandoning module TreeMap (158)
[2015.09.08-17.27.11:735][414]LogModuleManager: Shutting down and abandoning module ReferenceViewer (157)
[2015.09.08-17.27.11:735][414]LogModuleManager: Shutting down and abandoning module LocalizationDashboard (156)
[2015.09.08-17.27.11:736][414]LogModuleManager: Shutting down and abandoning module HardwareTargeting (155)
[2015.09.08-17.27.11:736][414]LogModuleManager: Shutting down and abandoning module DeviceProfileEditor (154)
[2015.09.08-17.27.11:737][414]LogModuleManager: Shutting down and abandoning module UndoHistory (153)
[2015.09.08-17.27.11:737][414]LogModuleManager: Shutting down and abandoning module GameplayTagsEditor (152)
[2015.09.08-17.27.11:738][414]LogModuleManager: Shutting down and abandoning module UserFeedback (151)
[2015.09.08-17.27.11:739][414]LogModuleManager: Shutting down and abandoning module XmlParser (150)
[2015.09.08-17.27.11:739][414]LogModuleManager: Shutting down and abandoning module Blutility (149)
[2015.09.08-17.27.11:740][414]LogModuleManager: Shutting down and abandoning module ProjectTargetPlatformEditor (148)
[2015.09.08-17.27.11:740][414]LogModuleManager: Shutting down and abandoning module ProjectSettingsViewer (147)
[2015.09.08-17.27.11:741][414]LogModuleManager: Shutting down and abandoning module InputBindingEditor (146)
[2015.09.08-17.27.11:742][414]LogModuleManager: Shutting down and abandoning module EditorSettingsViewer (145)
[2015.09.08-17.27.11:742][414]LogModuleManager: Shutting down and abandoning module SettingsEditor (144)
[2015.09.08-17.27.11:743][414]LogModuleManager: Shutting down and abandoning module ProjectLauncher (143)
[2015.09.08-17.27.11:743][414]LogModuleManager: Shutting down and abandoning module SessionFrontend (142)
[2015.09.08-17.27.11:744][414]LogModuleManager: Shutting down and abandoning module ProfilerClient (141)
[2015.09.08-17.27.11:744][414]LogModuleManager: Shutting down and abandoning module TargetDeviceServices (140)
[2015.09.08-17.27.11:745][414]LogModuleManager: Shutting down and abandoning module DeviceManager (139)
[2015.09.08-17.27.11:746][414]LogModuleManager: Shutting down and abandoning module AutomationController (138)
[2015.09.08-17.27.11:746][414]LogModuleManager: Shutting down and abandoning module AutomationWindow (137)
[2015.09.08-17.27.11:747][414]LogModuleManager: Shutting down and abandoning module Layers (136)
[2015.09.08-17.27.11:747][414]LogModuleManager: Shutting down and abandoning module ComponentVisualizers (135)
[2015.09.08-17.27.11:748][414]LogModuleManager: Shutting down and abandoning module DetailCustomizations (134)
[2015.09.08-17.27.11:748][414]LogModuleManager: Shutting down and abandoning module PackagesDialog (133)
[2015.09.08-17.27.11:749][414]LogModuleManager: Shutting down and abandoning module AssetRegistry (132)
[2015.09.08-17.27.11:843][414]LogModuleManager: Shutting down and abandoning module Persona (131)
[2015.09.08-17.27.11:843][414]LogModuleManager: Shutting down and abandoning module Kismet (130)
[2015.09.08-17.27.11:844][414]LogModuleManager: Shutting down and abandoning module GraphEditor (129)
[2015.09.08-17.27.11:844][414]LogModuleManager: Shutting down and abandoning module ClassViewer (128)
[2015.09.08-17.27.11:844][414]LogModuleManager: Shutting down and abandoning module Toolbox (127)
[2015.09.08-17.27.11:845][414]LogModuleManager: Shutting down and abandoning module ModuleUI (126)
[2015.09.08-17.27.11:845][414]LogModuleManager: Shutting down and abandoning module MovieSceneTools (125)
[2015.09.08-17.27.11:845][414]LogModuleManager: Shutting down and abandoning module OutputLog (124)
[2015.09.08-17.27.11:845][414]LogModuleManager: Shutting down and abandoning module GammaUI (123)
[2015.09.08-17.27.11:845][414]LogModuleManager: Shutting down and abandoning module Documentation (122)
[2015.09.08-17.27.11:846][414]LogModuleManager: Shutting down and abandoning module GameLiveStreaming (121)
[2015.09.08-17.27.11:846][414]LogModuleManager: Shutting down and abandoning module StreamingPauseRendering (120)
[2015.09.08-17.27.11:846][414]LogModuleManager: Shutting down and abandoning module AnalyticsET (119)
[2015.09.08-17.27.11:846][414]LogModuleManager: Shutting down and abandoning module Analytics (118)
[2015.09.08-17.27.11:847][414]LogModuleManager: Shutting down and abandoning module AITestSuite (117)
[2015.09.08-17.27.11:847][414]LogModuleManager: Shutting down and abandoning module GameplayDebugger (116)
[2015.09.08-17.27.11:847][414]LogModuleManager: Shutting down and abandoning module AIModule (115)
[2015.09.08-17.27.11:847][414]LogModuleManager: Shutting down and abandoning module ProfilerService (114)
[2015.09.08-17.27.11:885][414]LogModuleManager: Shutting down and abandoning module TaskGraph (113)
[2015.09.08-17.27.11:886][414]LogModuleManager: Shutting down and abandoning module SlateRemote (112)
[2015.09.08-17.27.11:886][414]LogModuleManager: Shutting down and abandoning module SteamVRController (111)
[2015.09.08-17.27.11:887][414]LogModuleManager: Shutting down and abandoning module SteamVR (110)
[2015.09.08-17.27.11:887][414]LogModuleManager: Shutting down and abandoning module ProceduralMeshComponent (109)
[2015.09.08-17.27.11:887][414]LogModuleManager: Shutting down and abandoning module OculusRift (108)
[2015.09.08-17.27.11:887][414]LogModuleManager: Shutting down and abandoning module LeapMotionController (107)
[2015.09.08-17.27.11:896][414]LogModuleManager: Shutting down and abandoning module CustomMeshComponent (106)
[2015.09.08-17.27.11:896][414]LogModuleManager: Shutting down and abandoning module CableComponent (105)
[2015.09.08-17.27.11:896][414]LogModuleManager: Shutting down and abandoning module MessagingDebugger (104)
[2015.09.08-17.27.11:896][414]LogModuleManager: Shutting down and abandoning module MediaPlayerEditor (103)
[2015.09.08-17.27.11:897][414]LogModuleManager: Shutting down and abandoning module SpeedTreeImporter (102)
[2015.09.08-17.27.11:897][414]LogModuleManager: Shutting down and abandoning module PluginBrowser (101)
[2015.09.08-17.27.11:897][414]LogModuleManager: Shutting down and abandoning module EpicSurvey (100)
[2015.09.08-17.27.11:897][414]LogModuleManager: Shutting down and abandoning module DesktopPlatform (99)
[2015.09.08-17.27.11:898][414]LogModuleManager: Shutting down and abandoning module VisualStudioSourceCodeAccess (98)
[2015.09.08-17.27.11:898][414]LogModuleManager: Shutting down and abandoning module UObjectPlugin (97)
[2015.09.08-17.27.11:898][414]LogModuleManager: Shutting down and abandoning module SubversionSourceControl (96)
[2015.09.08-17.27.11:898][414]LogModuleManager: Shutting down and abandoning module PerforceSourceControl (95)
[2015.09.08-17.27.11:899][414]LogModuleManager: Shutting down and abandoning module SourceControl (94)
[2015.09.08-17.27.11:899][414]LogModuleManager: Shutting down and abandoning module GitSourceControl (93)
[2015.09.08-17.27.11:899][414]LogModuleManager: Shutting down and abandoning module BlankPlugin (92)
[2015.09.08-17.27.11:899][414]LogModuleManager: Shutting down and abandoning module PaperTiledImporter (91)
[2015.09.08-17.27.11:899][414]LogModuleManager: Shutting down and abandoning module PaperSpriteSheetImporter (90)
[2015.09.08-17.27.11:900][414]LogModuleManager: Shutting down and abandoning module MeshPaint (89)
[2015.09.08-17.27.11:900][414]LogModuleManager: Shutting down and abandoning module SlateReflector (88)
[2015.09.08-17.27.11:900][414]LogModuleManager: Shutting down and abandoning module DirectoryWatcher (87)
[2015.09.08-17.27.11:901][414]LogModuleManager: Shutting down and abandoning module HotReload (86)
[2015.09.08-17.27.11:901][414]LogModuleManager: Shutting down and abandoning module MainFrame (85)
[2015.09.08-17.27.11:901][414]LogModuleManager: Shutting down and abandoning module LevelEditor (84)
[2015.09.08-17.27.11:902][414]LogModuleManager: Shutting down and abandoning module ContentBrowser (83)
[2015.09.08-17.27.11:903][414]LogModuleManager: Shutting down and abandoning module Paper2DEditor (82)
[2015.09.08-17.27.11:903][414]LogModuleManager: Shutting down and abandoning module Brain (81)
[2015.09.08-17.27.11:903][414]LogModuleManager: Shutting down and abandoning module UdpMessaging (80)
[2015.09.08-17.27.12:004][414]LogModuleManager: Shutting down and abandoning module Paper2D (79)
[2015.09.08-17.27.12:005][414]LogModuleManager: Shutting down and abandoning module WindowsMoviePlayer (78)
[2015.09.08-17.27.12:010][414]LogModuleManager: Shutting down and abandoning module Media (77)
[2015.09.08-17.27.12:011][414]LogModuleManager: Shutting down and abandoning module WmfMedia (76)
[2015.09.08-17.27.12:013][414]LogModuleManager: Shutting down and abandoning module OnlineBlueprintSupport (75)
[2015.09.08-17.27.12:014][414]LogModuleManager: Shutting down and abandoning module PropertyEditor (74)
[2015.09.08-17.27.12:015][414]LogModuleManager: Shutting down and abandoning module BehaviorTreeEditor (73)
[2015.09.08-17.27.12:016][414]LogModuleManager: Shutting down and abandoning module FunctionalTesting (72)
[2015.09.08-17.27.12:016][414]LogModuleManager: Shutting down and abandoning module CollisionAnalyzer (71)
[2015.09.08-17.27.12:017][414]LogModuleManager: Shutting down and abandoning module WorkspaceMenuStructure (70)
[2015.09.08-17.27.12:018][414]LogModuleManager: Shutting down and abandoning module MessageLog (69)
[2015.09.08-17.27.12:018][414]LogModuleManager: Shutting down and abandoning module Sequencer (68)
[2015.09.08-17.27.12:019][414]LogModuleManager: Shutting down and abandoning module AssetTools (67)
[2015.09.08-17.27.12:019][414]LogModuleManager: Shutting down and abandoning module UMGEditor (66)
[2015.09.08-17.27.12:020][414]LogModuleManager: Shutting down and abandoning module UMG (65)
[2015.09.08-17.27.12:020][414]LogModuleManager: Shutting down and abandoning module Slate (64)
[2015.09.08-17.27.12:021][414]LogModuleManager: Shutting down and abandoning module EditorStyle (63)
[2015.09.08-17.27.12:026][414]LogModuleManager: Shutting down and abandoning module SessionServices (62)
[2015.09.08-17.27.12:027][414]LogModuleManager: Shutting down and abandoning module SourceCodeAccess (61)
[2015.09.08-17.27.12:028][414]LogModuleManager: Shutting down and abandoning module HeadMountedDisplay (60)
[2015.09.08-17.27.12:029][414]LogModuleManager: Shutting down and abandoning module XAudio2 (59)
[2015.09.08-17.27.12:029][414]LogModuleManager: Shutting down and abandoning module Networking (57)
[2015.09.08-17.27.12:030][414]LogModuleManager: Shutting down and abandoning module Core (56)
[2015.09.08-17.27.12:030][414]LogModuleManager: Shutting down and abandoning module KismetCompiler (55)
[2015.09.08-17.27.12:031][414]LogModuleManager: Shutting down and abandoning module PhysXFormats (54)
[2015.09.08-17.27.12:032][414]LogModuleManager: Shutting down and abandoning module MeshUtilities (53)
[2015.09.08-17.27.12:032][414]LogModuleManager: Shutting down and abandoning module DerivedDataCache (52)
[2015.09.08-17.27.12:096][414]LogDerivedDataCache: Shutdown
[2015.09.08-17.27.12:097][414]LogModuleManager: Shutting down and abandoning module ShaderFormatOpenGL (51)
[2015.09.08-17.27.12:098][414]LogModuleManager: Shutting down and abandoning module ShaderFormatD3D (50)
[2015.09.08-17.27.12:099][414]LogModuleManager: Shutting down and abandoning module MetalShaderFormat (49)
[2015.09.08-17.27.12:099][414]LogModuleManager: Shutting down and abandoning module TextureFormatUncompressed (48)
[2015.09.08-17.27.12:100][414]LogModuleManager: Shutting down and abandoning module TextureFormatPVR (47)
[2015.09.08-17.27.12:100][414]LogModuleManager: Shutting down and abandoning module TextureFormatIntelISPCTexComp (46)
[2015.09.08-17.27.12:101][414]LogModuleManager: Shutting down and abandoning module TextureFormatDXT (45)
[2015.09.08-17.27.12:101][414]LogModuleManager: Shutting down and abandoning module ImageWrapper (44)
[2015.09.08-17.27.12:102][414]LogModuleManager: Shutting down and abandoning module TextureFormatASTC (43)
[2015.09.08-17.27.12:102][414]LogModuleManager: Shutting down and abandoning module TextureFormatAndroid (42)
[2015.09.08-17.27.12:103][414]LogModuleManager: Shutting down and abandoning module AudioFormatOpus (41)
[2015.09.08-17.27.12:103][414]LogModuleManager: Shutting down and abandoning module AudioFormatOgg (40)
[2015.09.08-17.27.12:104][414]LogModuleManager: Shutting down and abandoning module AudioFormatADPCM (39)
[2015.09.08-17.27.12:105][414]LogModuleManager: Shutting down and abandoning module LinuxTargetPlatform (38)
[2015.09.08-17.27.12:105][414]LogModuleManager: Shutting down and abandoning module LinuxServerTargetPlatform (37)
[2015.09.08-17.27.12:106][414]LogModuleManager: Shutting down and abandoning module LinuxNoEditorTargetPlatform (36)
[2015.09.08-17.27.12:106][414]LogModuleManager: Shutting down and abandoning module Messaging (35)
[2015.09.08-17.27.12:107][414]LogModuleManager: Shutting down and abandoning module IOSTargetPlatform (34)
[2015.09.08-17.27.12:107][414]LogModuleManager: Shutting down and abandoning module HTML5TargetPlatform (33)
[2015.09.08-17.27.12:108][414]LogModuleManager: Shutting down and abandoning module Android_PVRTCTargetPlatform (32)
[2015.09.08-17.27.12:108][414]LogModuleManager: Shutting down and abandoning module Android_ETC2TargetPlatform (31)
[2015.09.08-17.27.12:109][414]LogModuleManager: Shutting down and abandoning module Android_ETC1TargetPlatform (30)
[2015.09.08-17.27.12:109][414]LogModuleManager: Shutting down and abandoning module Android_DXTTargetPlatform (29)
[2015.09.08-17.27.12:110][414]LogModuleManager: Shutting down and abandoning module Android_ATCTargetPlatform (28)
[2015.09.08-17.27.12:111][414]LogModuleManager: Shutting down and abandoning module Android_ASTCTargetPlatform (27)
[2015.09.08-17.27.12:111][414]LogModuleManager: Shutting down and abandoning module AndroidTargetPlatform (26)
[2015.09.08-17.27.12:112][414]LogModuleManager: Shutting down and abandoning module WindowsTargetPlatform (25)
[2015.09.08-17.27.12:112][414]LogModuleManager: Shutting down and abandoning module WindowsServerTargetPlatform (24)
[2015.09.08-17.27.12:113][414]LogModuleManager: Shutting down and abandoning module WindowsNoEditorTargetPlatform (23)
[2015.09.08-17.27.12:113][414]LogModuleManager: Shutting down and abandoning module WindowsClientTargetPlatform (22)
[2015.09.08-17.27.12:114][414]LogModuleManager: Shutting down and abandoning module DesktopTargetPlatform (21)
[2015.09.08-17.27.12:114][414]LogModuleManager: Shutting down and abandoning module TargetPlatform (20)
[2015.09.08-17.27.12:115][414]LogModuleManager: Shutting down and abandoning module InputCore (19)
[2015.09.08-17.27.12:115][414]LogModuleManager: Shutting down and abandoning module Settings (18)
[2015.09.08-17.27.12:116][414]LogModuleManager: Shutting down and abandoning module OnlineSubsystem (16)
[2015.09.08-17.27.12:116][414]LogModuleManager: Shutting down and abandoning module HTTP (15)
[2015.09.08-17.27.12:118][414]LogModuleManager: Shutting down and abandoning module ExampleDeviceProfileSelector (14)
[2015.09.08-17.27.12:118][414]LogModuleManager: Shutting down and abandoning module TextureCompressor (13)
[2015.09.08-17.27.12:119][414]LogModuleManager: Shutting down and abandoning module ShaderCore (12)
[2015.09.08-17.27.12:120][414]LogModuleManager: Shutting down and abandoning module Landscape (11)
[2015.09.08-17.27.12:120][414]LogModuleManager: Shutting down and abandoning module SlateRHIRenderer (10)
[2015.09.08-17.27.12:123][414]LogModuleManager: Shutting down and abandoning module OpenGLDrv (9)
[2015.09.08-17.27.12:124][414]LogModuleManager: Shutting down and abandoning module D3D11RHI (8)
[2015.09.08-17.27.12:124][414]LogModuleManager: Shutting down and abandoning module Renderer (7)
[2015.09.08-17.27.12:125][414]LogModuleManager: Shutting down and abandoning module Engine (6)
[2015.09.08-17.27.12:125][414]LogModuleManager: Shutting down and abandoning module CoreUObject (5)
[2015.09.08-17.27.12:126][414]LogModuleManager: Shutting down and abandoning module NetworkFile (4)
[2015.09.08-17.27.12:126][414]LogModuleManager: Shutting down and abandoning module StreamingFile (3)
[2015.09.08-17.27.12:127][414]LogModuleManager: Shutting down and abandoning module SandboxFile (2)
[2015.09.08-17.27.12:128][414]LogModuleManager: Shutting down and abandoning module PakFile (1)
[2015.09.08-17.27.12:134][414]LogExit: Exiting.
[2015.09.08-17.27.12:138][414]Log file closed, 09/08/15 13:27:12
