[2015.09.08-15.56.50:071][  0]Log file open, 09/08/15 11:56:50
[2015.09.08-15.56.50:071][  0]LogInit:Display: Running engine for game: Brain
[2015.09.08-15.56.50:072][  0]LogInit:Display: RandInit(537155754) SRandInit(537155754).
[2015.09.08-15.56.50:072][  0]LogTaskGraph: Started task graph with 4 named threads and 7 total threads.
[2015.09.08-15.56.50:073][  0]LogStats: Stats thread started
[2015.09.08-15.56.50:073][  0]LogInit: Version: 4.8.3-2634408+++depot+UE4-Releases+4.8
[2015.09.08-15.56.50:073][  0]LogInit: API Version: 2579680
[2015.09.08-15.56.50:074][  0]LogInit: Compiled (64-bit): Jul 27 2015 16:24:33
[2015.09.08-15.56.50:074][  0]LogInit: Compiled with Visual C++: 18.00.21005.01
[2015.09.08-15.56.50:074][  0]LogInit: Build Configuration: DebugGame
[2015.09.08-15.56.50:075][  0]LogInit: Branch Name: ++depot+UE4-Releases+4.8
[2015.09.08-15.56.50:075][  0]LogInit: Command line:  -debug
[2015.09.08-15.56.50:075][  0]LogInit: Base directory: C:/Program Files/Epic Games/4.8/Engine/Binaries/Win64/
[2015.09.08-15.56.50:076][  0]LogInit: Rocket: 1
[2015.09.08-15.56.50:105][  0]LogInit: Using libcurl 7.41.0
[2015.09.08-15.56.50:105][  0]LogInit:  - built for x86_64-pc-win32
[2015.09.08-15.56.50:106][  0]LogInit:  - supports SSL with WinSSL
[2015.09.08-15.56.50:106][  0]LogInit:  - other features:
[2015.09.08-15.56.50:106][  0]LogInit:      CURL_VERSION_SSL
[2015.09.08-15.56.50:107][  0]LogInit:      CURL_VERSION_IPV6
[2015.09.08-15.56.50:107][  0]LogInit:      CURL_VERSION_ASYNCHDNS
[2015.09.08-15.56.50:107][  0]LogInit:      CURL_VERSION_LARGEFILE
[2015.09.08-15.56.50:107][  0]LogInit:      CURL_VERSION_IDN
[2015.09.08-15.56.50:108][  0]LogInit:  CurlRequestOptions (configurable via config and command line):
[2015.09.08-15.56.50:108][  0]LogInit:  - bVerifyPeer = true  - Libcurl will verify peer certificate
[2015.09.08-15.56.50:108][  0]LogInit:  - bUseHttpProxy = false  - Libcurl will NOT use HTTP proxy
[2015.09.08-15.56.50:109][  0]LogInit:  - bDontReuseConnections = false  - Libcurl will reuse connections
[2015.09.08-15.56.50:109][  0]LogInit:  - CertBundlePath = nullptr  - Libcurl will use whatever was configured at build time.
[2015.09.08-15.56.50:131][  0]LogOnline:Warning: No default platform service specified for OnlineSubsystem
[2015.09.08-15.56.50:167][  0]LogInit: Presizing for 0 objects not considered by GC, pre-allocating 0 bytes.
[2015.09.08-15.56.50:175][  0]LogInit: Object subsystem initialized
[2015.09.08-15.56.50:177][  0]LogConsoleResponse:Warning: Skipping Unknown console variable: 'TranslucentSortAxis = (X=0.000000,Y=-1.000000,Z=0.000000)'
[2015.09.08-15.56.50:177][  0]LogConsoleResponse:Warning:   Found in ini file 'C:/Users/frederic/Documents/Unreal Projects/Brain/Saved/Config/Windows/Engine.ini', in section '[/Script/Engine.RendererSettings]'
[2015.09.08-15.56.50:177][  0]LogConsoleResponse:Warning: Skipping Unknown console variable: 'UIScaleRule = ShortestSide'
[2015.09.08-15.56.50:177][  0]LogConsoleResponse:Warning:   Found in ini file 'C:/Users/frederic/Documents/Unreal Projects/Brain/Saved/Config/Windows/Engine.ini', in section '[/Script/Engine.RendererSettings]'
[2015.09.08-15.56.50:178][  0]LogConsoleResponse:Warning: Skipping Unknown console variable: 'UIScaleCurve = (EditorCurveData=(Keys=),ExternalCurve=None)'
[2015.09.08-15.56.50:178][  0]LogConsoleResponse:Warning:   Found in ini file 'C:/Users/frederic/Documents/Unreal Projects/Brain/Saved/Config/Windows/Engine.ini', in section '[/Script/Engine.RendererSettings]'
[2015.09.08-15.56.50:179][  0]LogInit: Selected Device Profile: [Windows]
[2015.09.08-15.56.50:179][  0]LogInit: Applying CVar settings loaded from the selected device profile: [Windows]
[2015.09.08-15.56.50:186][  0]LogInit: Computer: FREDERIC-PC
[2015.09.08-15.56.50:186][  0]LogInit: User: frederic
[2015.09.08-15.56.50:187][  0]LogInit: CPU Page size=4096, Cores=4
[2015.09.08-15.56.50:187][  0]LogInit: High frequency timer resolution =3.331220 MHz
[2015.09.08-15.56.50:187][  0]LogMemory: Memory total: Physical=15.9GB (16GB approx)
[2015.09.08-15.56.50:187][  0]LogMemory: Platform Memory Stats for Windows
[2015.09.08-15.56.50:188][  0]LogMemory: Process Physical Memory: 54.91 MB used, 54.91 MB peak
[2015.09.08-15.56.50:188][  0]LogMemory: Process Virtual Memory: 26.72 MB used, 30.62 MB peak
[2015.09.08-15.56.50:188][  0]LogMemory: Physical Memory: 7334.27 MB used, 16288.39 MB total
[2015.09.08-15.56.50:188][  0]LogMemory: Virtual Memory: 285.00 MB used, 8388608.00 MB total
[2015.09.08-15.56.50:274][  0]LogTextLocalizationManager: The requested culture ('fr_CA') has no localization data; falling back to 'en' for localization and internationalization data.
[2015.09.08-15.56.50:483][  0]LogTextLocalizationManager:Warning: Loaded localization resources contain conflicting entries for (Namespace:ContentBrowser, Key:ImportAssetToolTip):
Localization Resource: (C:/Program Files/Epic Games/4.8/Engine/Content/Localization/Editor/en/Editor.locres) Source String Hash: (-630476809) Localized String: (Import to {0}...)
Localization Resource: (C:/Program Files/Epic Games/4.8/Engine/Content/Localization/Editor/en/Editor.locres) Source String Hash: (1271782899) Localized String: (Imports an asset from file to this folder.)
[2015.09.08-15.56.50:829][  0]LogD3D11RHI: Found D3D11 adapter 0: NVIDIA GeForce GTX 970 (Feature Level 11_0)
[2015.09.08-15.56.50:830][  0]LogD3D11RHI: Adapter has 4008MB of dedicated video memory, 0MB of dedicated system memory, and 7888MB of shared system memory, 1 output[s]
[2015.09.08-15.56.50:839][  0]LogD3D11RHI: Found D3D11 adapter 1: Intel(R) HD Graphics 3000 (Feature Level 10_0)
[2015.09.08-15.56.50:839][  0]LogD3D11RHI: Adapter has 64MB of dedicated video memory, 0MB of dedicated system memory, and 1632MB of shared system memory, 0 output[s]
[2015.09.08-15.56.50:839][  0]LogD3D11RHI: Chosen D3D11 Adapter Id = 0
[2015.09.08-15.56.50:844][  0]LogD3D11RHI: InitD3DDevice
[2015.09.08-15.56.50:844][  0]LogD3D11RHI: !Direct3DDevice
[2015.09.08-15.56.50:845][  0]LogRHI: Texture pool is 1361 MB (70% of 1945 MB)
[2015.09.08-15.56.50:891][  0]LogD3D11RHI: Async texture creation enabled
[2015.09.08-15.56.50:907][  0]LogShaderCompilers:Display: Using Local Shader Compiler.
[2015.09.08-15.56.51:689][  0]LogTemp:Display: Loaded TP DesktopTargetPlatform
[2015.09.08-15.56.51:711][  0]LogTemp:Display: Loaded TP WindowsClientTargetPlatform
[2015.09.08-15.56.51:733][  0]LogTemp:Display: Loaded TP WindowsNoEditorTargetPlatform
[2015.09.08-15.56.51:756][  0]LogTemp:Display: Loaded TP WindowsServerTargetPlatform
[2015.09.08-15.56.51:780][  0]LogTemp:Display: Loaded TP WindowsTargetPlatform
[2015.09.08-15.56.51:797][  0]LogTemp:Display: Loaded TP AndroidTargetPlatform
[2015.09.08-15.56.51:815][  0]LogTemp:Display: Loaded TP Android_ASTCTargetPlatform
[2015.09.08-15.56.51:833][  0]LogTemp:Display: Loaded TP Android_ATCTargetPlatform
[2015.09.08-15.56.51:853][  0]LogTemp:Display: Loaded TP Android_DXTTargetPlatform
[2015.09.08-15.56.51:872][  0]LogTemp:Display: Loaded TP Android_ETC1TargetPlatform
[2015.09.08-15.56.51:891][  0]LogTemp:Display: Loaded TP Android_ETC2TargetPlatform
[2015.09.08-15.56.51:910][  0]LogTemp:Display: Loaded TP Android_PVRTCTargetPlatform
[2015.09.08-15.56.51:981][  0]LogTemp:Display: Loaded TP IOSTargetPlatform
[2015.09.08-15.56.51:997][  0]LogTemp:Display: Loaded TP LinuxNoEditorTargetPlatform
[2015.09.08-15.56.52:013][  0]LogTemp:Display: Loaded TP LinuxServerTargetPlatform
[2015.09.08-15.56.52:031][  0]LogTemp:Display: Loaded TP LinuxTargetPlatform
[2015.09.08-15.56.52:031][  0]LogTargetPlatformManager:Display: Building Assets For Windows
[2015.09.08-15.56.52:340][  0]LogDerivedDataCache:Display: Max Cache Size: 512 MB
[2015.09.08-15.56.52:392][  0]LogDerivedDataCache: Loaded boot cache 0.05s 60MB C:/Users/frederic/AppData/Local/UnrealEngine/4.8/DerivedDataCache/Boot.ddc.
[2015.09.08-15.56.52:393][  0]LogDerivedDataCache:Display: Loaded Boot cache: C:/Users/frederic/AppData/Local/UnrealEngine/4.8/DerivedDataCache/Boot.ddc
[2015.09.08-15.56.52:393][  0]LogDerivedDataCache: FDerivedDataBackendGraph:  Pak pak cache file ../../../../../../Users/frederic/Documents/Unreal Projects/Brain/DerivedDataCache/DDC.ddp not found, will not use a pak cache.
[2015.09.08-15.56.52:394][  0]LogDerivedDataCache: Unable to find inner node Pak for hierarchical cache Hierarchy.
[2015.09.08-15.56.52:394][  0]LogDerivedDataCache: FDerivedDataBackendGraph:  CompressedPak pak cache file ../../../../../../Users/frederic/Documents/Unreal Projects/Brain/DerivedDataCache/Compressed.ddp not found, will not use a pak cache.
[2015.09.08-15.56.52:394][  0]LogDerivedDataCache: Unable to find inner node CompressedPak for hierarchical cache Hierarchy.
[2015.09.08-15.56.52:541][  0]LogDerivedDataCache:Display: Pak cache opened for reading ../../../Engine/DerivedDataCache/Compressed.ddp.
[2015.09.08-15.56.52:554][  0]LogDerivedDataCache: Using Local data cache path C:/Users/frederic/AppData/Local/UnrealEngine/Common/DerivedDataCache: Writable
[2015.09.08-15.56.52:747][  0]LogCollisionProfile:Warning: Profile (Trigger) - Custom Channel Name = 'Projectile' hasn't been found
[2015.09.08-15.56.52:763][  0]LogInit: Selected Device Profile: [Windows]
[2015.09.08-15.56.52:770][  0]ImportText (ComponentSweepMultiTests): Missing closing parenthesis: (RootShapeAsset="/Engine/BasicShapes/Cube.Cube",ShapeType="TriggerCapsule",HitResult=(Time=0.50,Location=(X=-100.000015,Y=0.0,Z=100.000015),ImpactPoint=(X=-50.0,Y=0.0,Z=50.0),Normal=(X=-1.0,Y=-0.0,Z=0.0),ImpactNormal=(X=0.0,Y=0.0,Z=1.0),TraceStart=(X=-200.0,Y=0.0,Z=200.0),TraceEnd=(X=0.0,Y=0.0,Z=0.0))
[2015.09.08-15.56.52:771][  0]ImportText (LineTraceSingleByChannelTests): Missing closing parenthesis: (RootShapeAsset="/Engine/BasicShapes/Cube.Cube",HitResult=(Time=0.50,Location=(X=-100.000015,Y=0.0,Z=100.000015),ImpactPoint=(X=-50.0,Y=0.0,Z=50.0),Normal=(X=-1.0,Y=-0.0,Z=0.0),ImpactNormal=(X=0.0,Y=0.0,Z=1.0),TraceStart=(X=-200.0,Y=0.0,Z=200.0),TraceEnd=(X=0.0,Y=0.0,Z=0.0))
[2015.09.08-15.56.52:809][  0]LogMeshUtilities: No automatic mesh reduction module available
[2015.09.08-15.56.52:810][  0]LogMeshUtilities: No automatic mesh merging module available
[2015.09.08-15.56.53:227][  0]LogInit: WinSock: version 1.1 (2.2), MaxSocks=32767, MaxUdp=65467
[2015.09.08-15.56.54:409][  0]UdpMessaging: Initializing bridge on interface 0.0.0.0:0 to multicast group 230.0.0.1:6666.
[2015.09.08-15.56.55:204][  0]SourceControl: Info Source control is disabled
[2015.09.08-15.56.55:228][  0]SourceControl: Info Source control is disabled
[2015.09.08-15.56.55:246][  0]SourceControl: Info Source control is disabled
[2015.09.08-15.56.55:266][  0]SourceControl: Info Source control is disabled
[2015.09.08-15.56.55:575][  0]LogObj: 31170 objects as part of root set at end of initial load.
[2015.09.08-15.56.55:576][  0]LogUObjectAllocator: 7108608 out of 0 bytes used by permanent object pool.
[2015.09.08-15.56.55:664][  0]LogEngine: Initializing Engine...
[2015.09.08-15.56.55:667][  0]LogHMD: Can't find Oculus library dev build: is proper Runtime installed? Version: 0.6.0.0
[2015.09.08-15.56.55:671][  0]LogHMD:Warning: SteamVR failed to initialize.  Error: 110
[2015.09.08-15.56.55:829][  0]LogAIModule: Creating AISystem for world NewWorld
[2015.09.08-15.56.55:842][  0]LogInit: XAudio2 using 'Haut-parleurs (Realtek High Definition Audio)' : 2 channels at 48 kHz using 32 bits per sample (channel mask 0x3)
[2015.09.08-15.56.55:858][  0]LogInit: FAudioDevice initialized.
[2015.09.08-15.56.55:886][  0]LogDerivedDataCache: Saved boot cache 0.03s 60MB C:/Users/frederic/AppData/Local/UnrealEngine/4.8/DerivedDataCache/Boot.ddc.
[2015.09.08-15.56.55:895][  0]LogInit: Texture streaming: Disabled
[2015.09.08-15.56.55:928][  0]LogAnalytics: Creating configured Analytics provider AnalyticsET
[2015.09.08-15.56.55:928][  0]LogAnalytics: [UEEditor.Rocket.Release] APIServer = http://et2.epicgames.com/ET2/. AppVersion = 4.8.3-2634408+++depot+UE4-Releases+4.8
[2015.09.08-15.56.55:928][  0]LogAnalytics: [UEEditor.Rocket.Release] SetUserId c8da8d664a36a98701fe659c10ae4ff8|70626fa7f476448fb82ad9618fbbb1ab|00e7fb16-00c3-4af4-a