[2015.12.06-01.53.48:934][  0]Log file open, 12/05/15 20:53:48
[2015.12.06-01.53.48:934][  0]LogInit:Display: Running engine for game: Brain
[2015.12.06-01.53.48:934][  0]LogInit:Display: RandInit(-330253704) SRandInit(-330253704).
[2015.12.06-01.53.48:934][  0]LogTaskGraph: Started task graph with 4 named threads and 5 total threads.
[2015.12.06-01.53.48:934][  0]LogStats: Stats thread started
[2015.12.06-01.53.48:934][  0]LogInit: Version: 4.8.3-2634408+++depot+UE4-Releases+4.8
[2015.12.06-01.53.48:934][  0]LogInit: API Version: 2579680
[2015.12.06-01.53.48:934][  0]LogInit: Compiled (64-bit): Jul 27 2015 16:24:33
[2015.12.06-01.53.48:934][  0]LogInit: Compiled with Visual C++: 18.00.21005.01
[2015.12.06-01.53.48:934][  0]LogInit: Build Configuration: Development
[2015.12.06-01.53.48:934][  0]LogInit: Branch Name: ++depot+UE4-Releases+4.8
[2015.12.06-01.53.48:934][  0]LogInit: Command line:  
[2015.12.06-01.53.48:934][  0]LogInit: Base directory: C:/Program Files/Epic Games/4.8/Engine/Binaries/Win64/
[2015.12.06-01.53.48:934][  0]LogInit: Rocket: 1
[2015.12.06-01.53.48:962][  0]LogInit: Using libcurl 7.41.0
[2015.12.06-01.53.48:962][  0]LogInit:  - built for x86_64-pc-win32
[2015.12.06-01.53.48:962][  0]LogInit:  - supports SSL with WinSSL
[2015.12.06-01.53.48:962][  0]LogInit:  - other features:
[2015.12.06-01.53.48:962][  0]LogInit:      CURL_VERSION_SSL
[2015.12.06-01.53.48:962][  0]LogInit:      CURL_VERSION_IPV6
[2015.12.06-01.53.48:962][  0]LogInit:      CURL_VERSION_ASYNCHDNS
[2015.12.06-01.53.48:962][  0]LogInit:      CURL_VERSION_LARGEFILE
[2015.12.06-01.53.48:962][  0]LogInit:      CURL_VERSION_IDN
[2015.12.06-01.53.48:962][  0]LogInit:  CurlRequestOptions (configurable via config and command line):
[2015.12.06-01.53.48:962][  0]LogInit:  - bVerifyPeer = true  - Libcurl will verify peer certificate
[2015.12.06-01.53.48:962][  0]LogInit:  - bUseHttpProxy = false  - Libcurl will NOT use HTTP proxy
[2015.12.06-01.53.48:962][  0]LogInit:  - bDontReuseConnections = false  - Libcurl will reuse connections
[2015.12.06-01.53.48:962][  0]LogInit:  - CertBundlePath = nullptr  - Libcurl will use whatever was configured at build time.
[2015.12.06-01.53.48:986][  0]LogOnline:Warning: No default platform service specified for OnlineSubsystem
[2015.12.06-01.53.49:147][  0]LogInit: Presizing for 0 objects not considered by GC, pre-allocating 0 bytes.
[2015.12.06-01.53.49:157][  0]LogInit: Object subsystem initialized
[2015.12.06-01.53.49:159][  0]LogConsoleResponse:Warning: Skipping Unknown console variable: 'TranslucentSortAxis = (X=0.000000,Y=-1.000000,Z=0.000000)'
[2015.12.06-01.53.49:159][  0]LogConsoleResponse:Warning:   Found in ini file 'D:/UQAC/Séminaire en Informatique IV/Brain/Saved/Config/Windows/Engine.ini', in section '[/Script/Engine.RendererSettings]'
[2015.12.06-01.53.49:159][  0]LogConsoleResponse:Warning: Skipping Unknown console variable: 'UIScaleRule = ShortestSide'
[2015.12.06-01.53.49:159][  0]LogConsoleResponse:Warning:   Found in ini file 'D:/UQAC/Séminaire en Informatique IV/Brain/Saved/Config/Windows/Engine.ini', in section '[/Script/Engine.RendererSettings]'
[2015.12.06-01.53.49:159][  0]LogConsoleResponse:Warning: Skipping Unknown console variable: 'UIScaleCurve = (EditorCurveData=(Keys=),ExternalCurve=None)'
[2015.12.06-01.53.49:159][  0]LogConsoleResponse:Warning:   Found in ini file 'D:/UQAC/Séminaire en Informatique IV/Brain/Saved/Config/Windows/Engine.ini', in section '[/Script/Engine.RendererSettings]'
[2015.12.06-01.53.49:160][  0]LogInit: Selected Device Profile: [Windows]
[2015.12.06-01.53.49:160][  0]LogInit: Applying CVar settings loaded from the selected device profile: [Windows]
[2015.12.06-01.53.49:222][  0]LogInit: Computer: QUENTIN-WINDOWS
[2015.12.06-01.53.49:222][  0]LogInit: User: Quentin
[2015.12.06-01.53.49:222][  0]LogInit: CPU Page size=4096, Cores=2
[2015.12.06-01.53.49:222][  0]LogInit: High frequency timer resolution =2.241000 MHz
[2015.12.06-01.53.49:223][  0]LogMemory: Memory total: Physical=3.9GB (4GB approx)
[2015.12.06-01.53.49:223][  0]LogMemory: Platform Memory Stats for Windows
[2015.12.06-01.53.49:223][  0]LogMemory: Process Physical Memory: 52.21 MB used, 52.21 MB peak
[2015.12.06-01.53.49:223][  0]LogMemory: Process Virtual Memory: 22.95 MB used, 24.79 MB peak
[2015.12.06-01.53.49:223][  0]LogMemory: Physical Memory: 3060.79 MB used, 3999.99 MB total
[2015.12.06-01.53.49:223][  0]LogMemory: Virtual Memory: 309.90 MB used, 134217728.00 MB total
[2015.12.06-01.53.50:054][  0]LogTextLocalizationManager: The requested culture ('fr_FR') has no localization data; falling back to 'en' for localization and internationalization data.
[2015.12.06-01.53.50:632][  0]LogTextLocalizationManager:Warning: Loaded localization resources contain conflicting entries for (Namespace:ContentBrowser, Key:ImportAssetToolTip):
Localization Resource: (C:/Program Files/Epic Games/4.8/Engine/Content/Localization/Editor/en/Editor.locres) Source String Hash: (-630476809) Localized String: (Import to {0}...)
Localization Resource: (C:/Program Files/Epic Games/4.8/Engine/Content/Localization/Editor/en/Editor.locres) Source String Hash: (1271782899) Localized String: (Imports an asset from file to this folder.)
[2015.12.06-01.53.52:297][  0]LogD3D11RHI: Found D3D11 adapter 0: NVIDIA GeForce GT 555M     (Feature Level 11_0)
[2015.12.06-01.53.52:297][  0]LogD3D11RHI: Adapter has 1996MB of dedicated video memory, 0MB of dedicated system memory, and 1999MB of shared system memory, 1 output[s]
[2015.12.06-01.53.52:320][  0]LogD3D11RHI: Found D3D11 adapter 1: NVIDIA GeForce GT 555M     (Feature Level 11_0)
[2015.12.06-01.53.52:320][  0]LogD3D11RHI: Adapter has 1996MB of dedicated video memory, 0MB of dedicated system memory, and 1999MB of shared system memory, 0 output[s]
[2015.12.06-01.53.52:393][  0]LogD3D11RHI: Found D3D11 adapter 2: Microsoft Basic Render Driver (Feature Level 11_0)
[2015.12.06-01.53.52:393][  0]LogD3D11RHI: Adapter has 1996MB of dedicated video memory, 0MB of dedicated system memory, and 1999MB of shared system memory, 0 output[s]
[2015.12.06-01.53.52:393][  0]LogD3D11RHI: Chosen D3D11 Adapter Id = 0
[2015.12.06-01.53.52:420][  0]LogD3D11RHI: InitD3DDevice
[2015.12.06-01.53.52:420][  0]LogD3D11RHI: !Direct3DDevice
[2015.12.06-01.53.52:420][  0]LogRHI: Texture pool is 1361 MB (70% of 1945 MB)
[2015.12.06-01.53.52:437][  0]LogD3D11RHI: Async texture creation enabled
[2015.12.06-01.53.52:456][  0]LogShaderCompilers:Display: Using Local Shader Compiler.
[2015.12.06-01.53.58:588][  0]LogTemp:Display: Loaded TP DesktopTargetPlatform
[2015.12.06-01.53.58:632][  0]LogTemp:Display: Loaded TP WindowsClientTargetPlatform
[2015.12.06-01.53.58:672][  0]LogTemp:Display: Loaded TP WindowsNoEditorTargetPlatform
[2015.12.06-01.53.58:744][  0]LogTemp:Display: Loaded TP WindowsServerTargetPlatform
[2015.12.06-01.53.58:841][  0]LogTemp:Display: Loaded TP WindowsTargetPlatform
[2015.12.06-01.53.58:962][  0]LogTemp:Display: Loaded TP AndroidTargetPlatform
[2015.12.06-01.53.59:003][  0]LogTemp:Display: Loaded TP Android_ASTCTargetPlatform
[2015.12.06-01.53.59:034][  0]LogTemp:Display: Loaded TP Android_ATCTargetPlatform
[2015.12.06-01.53.59:069][  0]LogTemp:Display: Loaded TP Android_DXTTargetPlatform
[2015.12.06-01.53.59:108][  0]LogTemp:Display: Loaded TP Android_ETC1TargetPlatform
[2015.12.06-01.53.59:131][  0]LogTemp:Display: Loaded TP Android_ETC2TargetPlatform
[2015.12.06-01.53.59:170][  0]LogTemp:Display: Loaded TP Android_PVRTCTargetPlatform
[2015.12.06-01.53.59:359][  0]LogTemp:Display: Loaded TP IOSTargetPlatform
[2015.12.06-01.53.59:432][  0]LogTemp:Display: Loaded TP LinuxNoEditorTargetPlatform
[2015.12.06-01.53.59:480][  0]LogTemp:Display: Loaded TP LinuxServerTargetPlatform
[2015.12.06-01.53.59:548][  0]LogTemp:Display: Loaded TP LinuxTargetPlatform
[2015.12.06-01.53.59:548][  0]LogTargetPlatformManager:Display: Building Assets For Windows
[2015.12.06-01.54.00:841][  0]LogDerivedDataCache:Display: Max Cache Size: 512 MB
[2015.12.06-01.54.01:557][  0]LogDerivedDataCache: Loaded boot cache 0.72s 53MB C:/Users/Quentin/AppData/Local/UnrealEngine/4.8/DerivedDataCache/Boot.ddc.
[2015.12.06-01.54.01:557][  0]LogDerivedDataCache:Display: Loaded Boot cache: C:/Users/Quentin/AppData/Local/UnrealEngine/4.8/DerivedDataCache/Boot.ddc
[2015.12.06-01.54.01:557][  0]LogDerivedDataCache: FDerivedDataBackendGraph:  Pak pak cache file D:/UQAC/Séminaire en Informatique IV/Brain/DerivedDataCache/DDC.ddp not found, will not use a pak cache.
[2015.12.06-01.54.01:557][  0]LogDerivedDataCache: Unable to find inner node Pak for hierarchical cache Hierarchy.
[2015.12.06-01.54.01:557][  0]LogDerivedDataCache: FDerivedDataBackendGraph:  CompressedPak pak cache file D:/UQAC/Séminaire en Informatique IV/Brain/DerivedDataCache/Compressed.ddp not found, will not use a pak cache.
[2015.12.06-01.54.01:557][  0]LogDerivedDataCache: Unable to find inner node CompressedPak for hierarchical cache Hierarchy.
[2015.12.06-01.54.01:818][  0]LogDerivedDataCache:Display: Pak cache opened for reading ../../../Engine/DerivedDataCache/Compressed.ddp.
[2015.12.06-01.54.01:831][  0]LogDerivedDataCache: Using Local data cache path C:/Users/Quentin/AppData/Local/UnrealEngine/Common/DerivedDataCache: Writable
[2015.12.06-01.54.06:883][  0]LogCollisionProfile:Warning: Profile (Trigger) - Custom Channel Name = 'Projectile' hasn't been found
[2015.12.06-01.54.06:914][  0]LogInit: Selected Device Profile: [Windows]
[2015.12.06-01.54.07:038][  0]ImportText (ComponentSweepMultiTests): Missing closing parenthesis: (RootShapeAsset="/Engine/BasicShapes/Cube.Cube",ShapeType="TriggerCapsule",HitResult=(Time=0.50,Location=(X=-100.000015,Y=0.0,Z=100.000015),ImpactPoint=(X=-50.0,Y=0.0,Z=50.0),Normal=(X=-1.0,Y=-0.0,Z=0.0),ImpactNormal=(X=0.0,Y=0.0,Z=1.0),TraceStart=(X=-200.0,Y=0.0,Z=200.0),TraceEnd=(X=0.0,Y=0.0,Z=0.0))
[2015.12.06-01.54.07:039][  0]ImportText (LineTraceSingleByChannelTests): Missing closing parenthesis: (RootShapeAsset="/Engine/BasicShapes/Cube.Cube",HitResult=(Time=0.50,Location=(X=-100.000015,Y=0.0,Z=100.000015),ImpactPoint=(X=-50.0,Y=0.0,Z=50.0),Normal=(X=-1.0,Y=-0.0,Z=0.0),ImpactNormal=(X=0.0,Y=0.0,Z=1.0),TraceStart=(X=-200.0,Y=0.0,Z=200.0),TraceEnd=(X=0.0,Y=0.0,Z=0.0))
[2015.12.06-01.54.07:103][  0]LogMeshUtilities: No automatic mesh reduction module available
[2015.12.06-01.54.07:103][  0]LogMeshUtilities: No automatic mesh merging module available
[2015.12.06-01.54.07:790][  0]LogInit: WinSock: version 1.1 (2.2), MaxSocks=32767, MaxUdp=65467
[2015.12.06-01.54.31:309][  0]UdpMessaging: Initializing bridge on interface 0.0.0.0:0 to multicast group 230.0.0.1:6666.
[2015.12.06-01.54.34:440][  0]SourceControl: Info Source control is disabled
[2015.12.06-01.54.34:940][  0]SourceControl: Info Source control is disabled
[2015.12.06-01.54.34:987][  0]SourceControl: Info Source control is disabled
[2015.12.06-01.54.35:041][  0]SourceControl: Info Source control is disabled
[2015.12.06-01.54.36:037][  0]LogObj: 31397 objects as part of root set at end of initial load.
[2015.12.06-01.54.36:037][  0]LogUObjectAllocator: 7162512 out of 0 bytes used by permanent object pool.
[2015.12.06-01.54.36:238][  0]LogEngine: Initializing Engine...
[2015.12.06-01.54.36:242][  0]LogHMD: Can't find Oculus library dev build: is proper Runtime installed? Version: 0.6.0.0
[2015.12.06-01.54.37:140][  0]LogHMD:Warning: SteamVR failed to initialize.  Error: 108
[2015.12.06-01.54.37:500][  0]LogAIModule: Creating AISystem for world NewWorld
[2015.12.06-01.54.37:531][  0]LogInit: XAudio2 using 'Haut-parleurs (Realtek High Definition Audio)' : 2 channels at 48 kHz using 32 bits per sample (channel mask 0x3)
[2015.12.06-01.54.37:605][  0]LogInit: FAudioDevice initialized.
[2015.12.06-01.54.37:656][  0]LogDerivedDataCache: Saved boot cache 0.05s 60MB C:/Users/Quentin/AppData/Local/UnrealEngine/4.8/DerivedDataCache/Boot.ddc.
[2015.12.06-01.54.37:672][  0]LogInit: Texture streaming: Disabled
[2015.12.06-01.54.37:744][  0]LogAnalytics: Creating configured Analytics provider AnalyticsET
[2015.12.06-01.54.37:744][  0]LogAnalytics: [UEEditor.Rocket.Release] APIServer = http://et2.epicgames.com/ET2/. AppVersion = 4.8.3-2634408+++depot+UE4-Releases+4.8
[2015.12.06-01.54.37:744][  0]LogAnalytics: [UEEditor.Rocket.Release] SetUserId 148c5c6642f68395c2a34183e8e7b9c3|0e9d1597697b4fcaaa11ed641c9e39a7|75275bf7-56c4-41b7-aeeb-75ea3d3b4f87
[2015.12.06-01.54.37:744][  0]LogAnalytics: [UEEditor.Rocket.Release] AnalyticsET::StartSession
[2015.12.06-01.54.38:018][  0]LogInit: Transaction tracking system initialized
[2015.12.06-01.54.38:532][  0]BlueprintLog: New page: Editor Load
[2015.12.06-01.54.38:632][  0]LogAssetRegistry: FAssetRegistry took 0.0111 seconds to start up
[2015.12.06-01.54.38:633][  0]LogDirectoryWatcher:Warning: Failed to begin reading directory changes for ../../../Engine/Plugins/Experimental/CharacterAI/Content/. Error: 0
[2015.12.06-01.54.46:458][  0]LogConsoleManager:Warning: Console variable 'r.VSync' wasn't set ('GameSetting' has a lower priority than 'SystemSettingsIni')
[2015.12.06-01.54.46:459][  0]LogConsoleResponse:Display: 
[2015.12.06-01.54.46:927][  0]LogCook:Display: Done creating registry. It took  0.00s.
[2015.12.06-01.54.48:686][  0]SourceControl: Info Source control is disabled
[2015.12.06-01.54.48:686][  0]Cmd: MAP LOAD FILE="D:/UQAC/Séminaire en Informatique IV/Brain/Content/FirstPerson/Maps/MainMenu.umap" TEMPLATE=0 SHOWPROGRESS=1 FEATURELEVEL=3
[2015.12.06-01.54.48:686][  0]LightingResults: New page: Lighting Build
[2015.12.06-01.54.48:717][  0]MapCheck: New page: Map Check
[2015.12.06-01.54.48:717][  0]LightingResults: New page: Lighting Build
[2015.12.06-01.54.48:761][  0]LogParticles: Destroying 0 GPU particle simulations for FXSystem 0x00000035B98E2200
[2015.12.06-01.54.48:792][  0]LogAIModule: Creating AISystem for world MainMenu
[2015.12.06-01.54.48:794][  0]LogEditorServer: Finished looking for orphan Actors (0.000 secs)
[2015.12.06-01.54.48:796][  0]Cmd: MAP CHECKDEP NOCLEARLOG
[2015.12.06-01.54.49:009][  0]MapCheck: Info Map check complete: 0 Error(s), 0 Warning(s), took 212.94ms to complete.
[2015.12.06-01.54.49:009][  0]LogFileHelpers: Loading map 'MainMenu' took 0.324
[2015.12.06-01.54.49:526][  0]LogCollectionManager: Loaded 0 collections in 0.004181 seconds
[2015.12.06-01.54.49:550][  0]LogContentBrowser: Native class hierarchy populated in 0.0235 seconds. Added 1819 classes and 311 folders.
[2015.12.06-01.54.50:032][  0]LogContentBrowser: Native class hierarchy updated for 'WidgetCarousel' in 0.0092 seconds. Added 0 classes and 0 folders.
[2015.12.06-01.54.51:523][  0]LogContentBrowser: Native class hierarchy updated for 'AddContentDialog' in 0.0078 seconds. Added 0 classes and 0 folders.
[2015.12.06-01.54.51:629][  0]LogContentBrowser: Native class hierarchy updated for 'SceneOutliner' in 0.0067 seconds. Added 1 classes and 2 folders.
[2015.12.06-01.54.51:747][  0]LogCrashTracker: Crashtracker disabled due to settings.
[2015.12.06-01.54.51:748][  0]LogD3D11RHI: InitD3DDevice
[2015.12.06-01.54.51:754][  0]LogUObjectGlobals:Warning: Failed to find object 'Class None.'
[2015.12.06-01.54.51:777][  0]LogLoad: Full Startup: 69.53 seconds (BP compile: 0.59 seconds)
[2015.12.06-01.54.52:225][  0]LogContentStreaming: Texture pool size is 0.000000MB
[2015.12.06-01.54.52:279][  0]LogContentStreaming: Texture pool size now 1000 MB
[2015.12.06-01.54.52:456][  0]LogRenderer: Reallocating scene render targets to support 1008x456 (Frame:2).
[2015.12.06-01.54.56:139][  9]LogAssetRegistry: Asset discovery search completed in 17.5179 seconds
[2015.12.06-01.56.11:581][318]LogD3D11RHI: InitD3DDevice
[2015.12.06-01.56.15:137][504]LogD3D11RHI: InitD3DDevice
[2015.12.06-01.56.15:170][504]LogActorComponent: UnregisterComponent: (/Engine/Transient.CharMoveComp) Not registered. Aborting.
[2015.12.06-01.56.15:634][504]Cmd: MAP LOAD FILE="D:/UQAC/Séminaire en Informatique IV/Brain/Content/FirstPerson/Maps/MainMenu.umap" TEMPLATE=0 SHOWPROGRESS=1 FEATURELEVEL=3
[2015.12.06-01.56.15:637][504]LightingResults: New page: Lighting Build
[2015.12.06-01.56.15:696][504]LoadErrors: New page: Loading map: MainMenu.umap
[2015.12.06-01.56.15:696][504]MapCheck: New page: Map Check
[2015.12.06-01.56.15:696][504]LightingResults: New page: Lighting Build
[2015.12.06-01.56.15:834][504]LogParticles: Destroying 0 GPU particle simulations for FXSystem 0x00000035A6DB9620
[2015.12.06-01.56.15:840][504]LogAIModule: Creating AISystem for world MainMenu
[2015.12.06-01.56.15:907][504]LogEditorServer: Finished looking for orphan Actors (0.000 secs)
[2015.12.06-01.56.16:015][504]Cmd: MAP CHECKDEP NOCLEARLOG
[2015.12.06-01.56.16:124][504]MapCheck: Info Map check complete: 0 Error(s), 0 Warning(s), took 108.681ms to complete.
[2015.12.06-01.56.16:131][504]LogFileHelpers: Loading map 'MainMenu' took 0.537
[2015.12.06-01.56.20:487][664]LogD3D11RHI: InitD3DDevice
[2015.12.06-01.56.21:067][664]LogLinker:Warning: Can't find file '/Game/FirstPerson/Meshes/CubeMaterial'
[2015.12.06-01.56.21:085][664]LogLinker:Warning: Can't find file for asset '/Game/FirstPerson/Meshes/CubeMaterial' while loading D:/UQAC/Séminaire en Informatique IV/Brain/Content/FirstPerson/Meshes/CubeMesh.uasset.
[2015.12.06-01.56.21:085][664]LoadErrors:Error: Error /Game/FirstPerson/Meshes/CubeMesh : Can't find file for asset. /Game/FirstPerson/Meshes/CubeMaterial
[2015.12.06-01.56.21:085][664]LogLinker:Warning: Can't find file '/Game/FirstPerson/Meshes/CubeMaterial'
[2015.12.06-01.56.21:085][664]LogLinker:Warning: Can't find file for asset '/Game/FirstPerson/Meshes/CubeMaterial' while loading D:/UQAC/Séminaire en Informatique IV/Brain/Content/FirstPerson/Meshes/CubeMesh.uasset.
[2015.12.06-01.56.21:087][664]LogLinker:Warning: Can't find file '/Game/FirstPerson/Meshes/Material'
[2015.12.06-01.56.21:087][664]LogLinker:Warning: Can't find file for asset '/Game/FirstPerson/Meshes/Material' while loading D:/UQAC/Séminaire en Informatique IV/Brain/Content/FirstPerson/Meshes/plaque.uasset.
[2015.12.06-01.56.21:087][664]LoadErrors:Error: Error /Game/FirstPerson/Meshes/plaque : Can't find file for asset. /Game/FirstPerson/Meshes/Material
[2015.12.06-01.56.21:087][664]LogLinker:Warning: Can't find file '/Game/FirstPerson/Meshes/Material'
[2015.12.06-01.56.21:088][664]LogLinker:Warning: Can't find file for asset '/Game/FirstPerson/Meshes/Material' while loading D:/UQAC/Séminaire en Informatique IV/Brain/Content/FirstPerson/Meshes/plaque.uasset.
[2015.12.06-01.56.21:089][664]LogLinker:Warning: Can't find file '/Game/FirstPerson/Meshes/Material'
[2015.12.06-01.56.21:089][664]LogLinker:Warning: Can't find file for asset '/Game/FirstPerson/Meshes/Material' while loading D:/UQAC/Séminaire en Informatique IV/Brain/Content/FirstPerson/Meshes/porte.uasset.
[2015.12.06-01.56.21:089][664]LoadErrors:Error: Error /Game/FirstPerson/Meshes/porte : Can't find file for asset. /Game/FirstPerson/Meshes/Material
[2015.12.06-01.56.21:089][664]LogLinker:Warning: Can't find file '/Game/FirstPerson/Meshes/Material'
[2015.12.06-01.56.21:089][664]LogLinker:Warning: Can't find file for asset '/Game/FirstPerson/Meshes/Material' while loading D:/UQAC/Séminaire en Informatique IV/Brain/Content/FirstPerson/Meshes/porte.uasset.
[2015.12.06-01.56.21:124][664]LogLinker:Warning: Can't find file '/Game/FirstPerson/Meshes/Material'
[2015.12.06-01.56.21:134][664]LoadErrors: Info Failed to load /Game/FirstPerson/Meshes/Material.Material Referenced by porte
[2015.12.06-01.56.21:134][664]LogLinker:Warning: Can't find file for asset '/Game/FirstPerson/Meshes/Material' while loading NULL.
[2015.12.06-01.56.21:149][664]LogLinker:Warning: Can't find file '/Game/FirstPerson/Meshes/Material'
[2015.12.06-01.56.21:149][664]LoadErrors: Info Failed to load /Game/FirstPerson/Meshes/Material.Material Referenced by plaque
[2015.12.06-01.56.21:149][664]LogLinker:Warning: Can't find file for asset '/Game/FirstPerson/Meshes/Material' while loading NULL.
[2015.12.06-01.56.21:149][664]LogLinker:Warning: Can't find file '/Game/FirstPerson/Meshes/CubeMaterial'
[2015.12.06-01.56.21:149][664]LoadErrors: Info Failed to load /Game/FirstPerson/Meshes/CubeMaterial.CubeMaterial Referenced by CubeMesh
[2015.12.06-01.56.21:149][664]LogLinker:Warning: Can't find file for asset '/Game/FirstPerson/Meshes/CubeMaterial' while loading NULL.
[2015.12.06-01.56.22:124][664]LogAIModule: Creating AISystem for world Level1
[2015.12.06-01.56.22:630][664]LogActorComponent: UnregisterComponent: (/Engine/Transient.CharMoveComp) Not registered. Aborting.
[2015.12.06-01.56.22:801][664]Cmd: MAP LOAD FILE="D:/UQAC/Séminaire en Informatique IV/Brain/Content/FirstPerson/Maps/Level1.umap" TEMPLATE=0 SHOWPROGRESS=1 FEATURELEVEL=3
[2015.12.06-01.56.22:801][664]LightingResults: New page: Lighting Build
[2015.12.06-01.56.22:831][664]LoadErrors: New page: Loading map: Level1.umap
[2015.12.06-01.56.22:832][664]MapCheck: New page: Map Check
[2015.12.06-01.56.22:832][664]LightingResults: New page: Lighting Build
[2015.12.06-01.56.22:885][664]LogParticles: Destroying 0 GPU particle simulations for FXSystem 0x00000035A8BA8360
[2015.12.06-01.56.23:244][664]LogAIModule: Creating AISystem for world Level1
[2015.12.06-01.56.23:461][664]LogEditorServer: Finished looking for orphan Actors (0.000 secs)
[2015.12.06-01.56.23:556][664]Cmd: MAP CHECKDEP NOCLEARLOG
[2015.12.06-01.56.23:717][664]MapCheck:Warning: Warning BrainNormalInteractiveObject_3 StaticMeshComponent /Game/FirstPerson/Maps/Level1.Level1:PersistentLevel.BrainNormalInteractiveObject_3.Mesh : Externally referenced 
[2015.12.06-01.56.23:717][664]MapCheck:Warning: Warning BrainNormalInteractiveObject_2 StaticMeshComponent /Game/FirstPerson/Maps/Level1.Level1:PersistentLevel.BrainNormalInteractiveObject_2.Mesh : Externally referenced 
[2015.12.06-01.56.23:717][664]MapCheck:Warning: Warning BrainNormalInteractiveObject_1 StaticMeshComponent /Game/FirstPerson/Maps/Level1.Level1:PersistentLevel.BrainNormalInteractiveObject_1.Mesh : Externally referenced 
[2015.12.06-01.56.23:717][664]MapCheck:Warning: Warning BrainNormalInteractiveObject_0 StaticMeshComponent /Game/FirstPerson/Maps/Level1.Level1:PersistentLevel.BrainNormalInteractiveObject_0.Mesh : Externally referenced 
[2015.12.06-01.56.23:717][664]MapCheck:Warning: Warning porte_46 StaticMeshComponent /Game/FirstPerson/Maps/Level1.Level1:PersistentLevel.porte_46.StaticMeshComponent0 : Externally referenced 
[2015.12.06-01.56.23:717][664]MapCheck:Warning: Warning porte4 StaticMeshComponent /Game/FirstPerson/Maps/Level1.Level1:PersistentLevel.porte4.StaticMeshComponent0 : Externally referenced 
[2015.12.06-01.56.23:717][664]MapCheck:Warning: Warning porte3 StaticMeshComponent /Game/FirstPerson/Maps/Level1.Level1:PersistentLevel.porte3.StaticMeshComponent0 : Externally referenced 
[2015.12.06-01.56.23:717][664]MapCheck:Warning: Warning porte2_12 StaticMeshComponent /Game/FirstPerson/Maps/Level1.Level1:PersistentLevel.porte2_12.StaticMeshComponent0 : Externally referenced 
[2015.12.06-01.56.23:718][664]MapCheck:Warning: Warning BrainNormalInteractiveObject_5 StaticMeshComponent /Game/FirstPerson/Maps/Level1.Level1:PersistentLevel.BrainNormalInteractiveObject_5.Mesh : Externally referenced 
[2015.12.06-01.56.23:718][664]MapCheck:Warning: Warning BrainNormalInteractiveObject_4 StaticMeshComponent /Game/FirstPerson/Maps/Level1.Level1:PersistentLevel.BrainNormalInteractiveObject_4.Mesh : Externally referenced 
[2015.12.06-01.56.23:718][664]MapCheck:Warning: Warning plaque_49 StaticMeshComponent /Game/FirstPerson/Maps/Level1.Level1:PersistentLevel.plaque_49.StaticMeshComponent0 : Externally referenced 
[2015.12.06-01.56.23:718][664]MapCheck:Warning: Warning plaque4 StaticMeshComponent /Game/FirstPerson/Maps/Level1.Level1:PersistentLevel.plaque4.StaticMeshComponent0 : Externally referenced 
[2015.12.06-01.56.23:718][664]MapCheck:Warning: Warning plaque3_14 StaticMeshComponent /Game/FirstPerson/Maps/Level1.Level1:PersistentLevel.plaque3_14.StaticMeshComponent0 : Externally referenced 
[2015.12.06-01.56.23:718][664]MapCheck:Warning: Warning plaque2 StaticMeshComponent /Game/FirstPerson/Maps/Level1.Level1:PersistentLevel.plaque2.StaticMeshComponent0 : Externally referenced 
[2015.12.06-01.56.23:718][664]MapCheck:Warning: Warning plaque1 StaticMeshComponent /Game/FirstPerson/Maps/Level1.Level1:PersistentLevel.plaque1.StaticMeshComponent0 : Externally referenced 
[2015.12.06-01.56.23:718][664]MapCheck:Warning: Warning BrainNormalInteractiveObject_1 StaticMeshComponent /Game/FirstPerson/Maps/Level1.Level1:PersistentLevel.BrainNormalInteractiveObject_1.Mesh : Externally referenced 
[2015.12.06-01.56.23:718][664]MapCheck:Warning: Warning plaque_49 StaticMeshComponent /Game/FirstPerson/Maps/Level1.Level1:PersistentLevel.plaque_49.StaticMeshComponent0 : Externally referenced 
[2015.12.06-01.56.23:718][664]MapCheck:Warning: Warning plaque4 StaticMeshComponent /Game/FirstPerson/Maps/Level1.Level1:PersistentLevel.plaque4.StaticMeshComponent0 : Externally referenced 
[2015.12.06-01.56.23:718][664]MapCheck:Warning: Warning plaque3_14 StaticMeshComponent /Game/FirstPerson/Maps/Level1.Level1:PersistentLevel.plaque3_14.StaticMeshComponent0 : Externally referenced 
[2015.12.06-01.56.23:718][664]MapCheck:Warning: Warning plaque2 StaticMeshComponent /Game/FirstPerson/Maps/Level1.Level1:PersistentLevel.plaque2.StaticMeshComponent0 : Externally referenced 
[2015.12.06-01.56.23:718][664]MapCheck:Warning: Warning plaque1 StaticMeshComponent /Game/FirstPerson/Maps/Level1.Level1:PersistentLevel.plaque1.StaticMeshComponent0 : Externally referenced 
[2015.12.06-01.56.23:718][664]MapCheck:Warning: Warning porte_46 StaticMeshComponent /Game/FirstPerson/Maps/Level1.Level1:PersistentLevel.porte_46.StaticMeshComponent0 : Externally referenced 
[2015.12.06-01.56.23:719][664]MapCheck:Warning: Warning porte4 StaticMeshComponent /Game/FirstPerson/Maps/Level1.Level1:PersistentLevel.porte4.StaticMeshComponent0 : Externally referenced 
[2015.12.06-01.56.23:719][664]MapCheck:Warning: Warning porte3 StaticMeshComponent /Game/FirstPerson/Maps/Level1.Level1:PersistentLevel.porte3.StaticMeshComponent0 : Externally referenced 
[2015.12.06-01.56.23:719][664]MapCheck:Warning: Warning porte2_12 StaticMeshComponent /Game/FirstPerson/Maps/Level1.Level1:PersistentLevel.porte2_12.StaticMeshComponent0 : Externally referenced 
[2015.12.06-01.56.23:719][664]MapCheck: Info Map check complete: 0 Error(s), 25 Warning(s), took 163.245ms to complete.
[2015.12.06-01.56.23:723][664]LogD3D11RHI: InitD3DDevice
[2015.12.06-01.56.23:757][664]LogD3D11RHI: InitD3DDevice
[2015.12.06-01.56.23:774][664]LogFileHelpers: Loading map 'Level1' took 0.975
[2015.12.06-01.57.24:933][470]LogEditorViewport: Clicking on Actor (context menu): StaticMeshActor (plaque3)
[2015.12.06-01.57.25:709][470]LogD3D11RHI: InitD3DDevice
[2015.12.06-01.57.25:783][470]LogEditorViewport: Clicking on Actor (LMB): StaticMeshActor (plaque3)
[2015.12.06-01.57.27:729][539]LogEditorViewport: Clicking on Actor (LMB): StaticMeshActor (Floor)
[2015.12.06-01.58.06:825][ 92]LogEditorViewport: Clicking on Actor (context menu): StaticMeshActor (Floor)
[2015.12.06-01.58.06:834][ 92]LogD3D11RHI: InitD3DDevice
[2015.12.06-01.58.07:494][129]LogEditorViewport: Clicking on Actor (context menu): BrainNormalInteractiveObject (Cube)
[2015.12.06-01.58.07:558][129]LogD3D11RHI: InitD3DDevice
[2015.12.06-01.58.08:824][198]LogEditorViewport: Clicking on Actor (LMB): StaticMeshActor (Floor)
[2015.12.06-01.58.09:607][238]LogEditorViewport: Clicking on Actor (LMB): BrainNormalInteractiveObject (Cube)
[2015.12.06-01.58.10:574][291]Cmd: CAMERA ALIGN ACTIVEVIEWPORTONLY
[2015.12.06-03.22.12:672][847]LogPlayLevel: PIE:  No blueprints needed recompiling
[2015.12.06-03.22.13:065][847]PIE: New page: PIE session: Level1 (Dec 5, 2015, 5:22:12 PM)
[2015.12.06-03.22.13:119][847]LogPlayLevel: Creating play world package: /Game/FirstPerson/Maps/UEDPIE_0_Level1
[2015.12.06-03.22.13:430][847]LogPlayLevel: PIE: StaticDuplicateObject took: (0.311056s)
[2015.12.06-03.22.13:436][847]LogAIModule: Creating AISystem for world Level1
[2015.12.06-03.22.13:438][847]LogPlayLevel: PIE: World Init took: (0.007693s)
[2015.12.06-03.22.13:451][847]LogPlayLevel: PIE: Created PIE world by copying editor world from /Game/FirstPerson/Maps/Level1.Level1 to /Game/FirstPerson/Maps/UEDPIE_0_Level1.Level1 (0.331706s)
[2015.12.06-03.22.13:451][847]LogActorComponent: UnregisterComponent: (/Engine/Transient.CharMoveComp) Not registered. Aborting.
[2015.12.06-03.22.13:634][847]LogInit: XAudio2 using 'Haut-parleurs (Realtek High Definition Audio)' : 2 channels at 48 kHz using 32 bits per sample (channel mask 0x3)
[2015.12.06-03.22.13:660][847]LogInit: FAudioDevice initialized.
[2015.12.06-03.22.14:217][847]LogWorld: Game class is 'BrainGameMode'
[2015.12.06-03.22.14:620][847]LogWorld: Bringing World /Game/FirstPerson/Maps/UEDPIE_0_Level1.Level1 up for play (max tick rate 60) at 2015.12.05-22.22.14
[2015.12.06-03.22.14:620][847]LogActor:Warning: GameSession /Game/FirstPerson/Maps/UEDPIE_0_Level1.Level1:PersistentLevel.GameSession_0 has natively added scene component(s), but none of them were set as the actor's RootComponent - picking one arbitrarily
[2015.12.06-03.22.14:655][847]LogActor:Warning: GameNetworkManager /Game/FirstPerson/Maps/UEDPIE_0_Level1.Level1:PersistentLevel.GameNetworkManager_0 has natively added scene component(s), but none of them were set as the actor's RootComponent - picking one arbitrarily
[2015.12.06-03.22.14:746][847]LogWorld: Bringing up level for play took: 0.156744
[2015.12.06-03.22.16:292][847]LogAssetRegistry: ScanPathsSynchronous completed scanning '/Game/FirstPerson/Textures/Actions' to find 8 assets in 0.0178 seconds
[2015.12.06-03.22.16:600][847]PIE: Info Play in editor start time for /Game/FirstPerson/Maps/UEDPIE_0_Level1 3.515
[2015.12.06-03.22.30:024][ 75]LogParticles: Destroying 0 GPU particle simulations for FXSystem 0x00000035A86A44A0
[2015.12.06-03.22.31:770][160]LogPlayLevel: PIE:  No blueprints needed recompiling
[2015.12.06-03.22.31:770][160]PIE: New page: PIE session: Level1 (Dec 5, 2015, 5:22:31 PM)
[2015.12.06-03.22.31:770][160]LogPlayLevel: Creating play world package: /Game/FirstPerson/Maps/UEDPIE_0_Level1
[2015.12.06-03.22.31:810][160]LogPlayLevel: PIE: StaticDuplicateObject took: (0.039224s)
[2015.12.06-03.22.31:811][160]LogAIModule: Creating AISystem for world Level1
[2015.12.06-03.22.31:813][160]LogPlayLevel: PIE: World Init took: (0.002772s)
[2015.12.06-03.22.31:813][160]LogPlayLevel: PIE: Created PIE world by copying editor world from /Game/FirstPerson/Maps/Level1.Level1 to /Game/FirstPerson/Maps/UEDPIE_0_Level1.Level1 (0.042356s)
[2015.12.06-03.22.31:914][160]LogInit: XAudio2 using 'Haut-parleurs (Realtek High Definition Audio)' : 2 channels at 48 kHz using 32 bits per sample (channel mask 0x3)
[2015.12.06-03.22.31:942][160]LogInit: FAudioDevice initialized.
[2015.12.06-03.22.31:982][160]LogWorld: Game class is 'BrainGameMode'
[2015.12.06-03.22.31:995][160]LogWorld: Bringing World /Game/FirstPerson/Maps/UEDPIE_0_Level1.Level1 up for play (max tick rate 60) at 2015.12.05-22.22.31
[2015.12.06-03.22.31:995][160]LogActor:Warning: GameSession /Game/FirstPerson/Maps/UEDPIE_0_Level1.Level1:PersistentLevel.GameSession_1 has natively added scene component(s), but none of them were set as the actor's RootComponent - picking one arbitrarily
[2015.12.06-03.22.31:996][160]LogActor:Warning: GameNetworkManager /Game/FirstPerson/Maps/UEDPIE_0_Level1.Level1:PersistentLevel.GameNetworkManager_1 has natively added scene component(s), but none of them were set as the actor's RootComponent - picking one arbitrarily
[2015.12.06-03.22.31:996][160]LogWorld: Bringing up level for play took: 0.013006
[2015.12.06-03.22.32:016][160]PIE: Info Play in editor start time for /Game/FirstPerson/Maps/UEDPIE_0_Level1 0.931
[2015.12.06-03.22.38:900][395]LogParticles: Destroying 0 GPU particle simulations for FXSystem 0x00000035D2D45300
[2015.12.06-03.22.47:099][834]LogEditorViewport: Clicking on Actor (context menu): StaticMeshActor (Floor)
[2015.12.06-03.22.47:143][834]LogD3D11RHI: InitD3DDevice
[2015.12.06-03.22.49:356][953]LogEditorViewport: Clicking on Actor (LMB): StaticMeshActor (Floor)
[2015.12.06-03.22.52:862][161]LogEditorViewport: Clicking on Actor (context menu): BrainNormalInteractiveObject (Cube)
[2015.12.06-03.22.52:897][161]LogD3D11RHI: InitD3DDevice
[2015.12.06-03.22.54:533][251]LogEditorViewport: Clicking on Actor (LMB): BrainNormalInteractiveObject (Cube)
[2015.12.06-03.23.10:990][215]LogPlayLevel: PIE:  No blueprints needed recompiling
[2015.12.06-03.23.10:990][215]PIE: New page: PIE session: Level1 (Dec 5, 2015, 5:23:10 PM)
[2015.12.06-03.23.10:991][215]LogPlayLevel: Creating play world package: /Game/FirstPerson/Maps/UEDPIE_0_Level1
[2015.12.06-03.23.11:025][215]LogPlayLevel: PIE: StaticDuplicateObject took: (0.034444s)
[2015.12.06-03.23.11:027][215]LogAIModule: Creating AISystem for world Level1
[2015.12.06-03.23.11:028][215]LogPlayLevel: PIE: World Init took: (0.002635s)
[2015.12.06-03.23.11:028][215]LogPlayLevel: PIE: Created PIE world by copying editor world from /Game/FirstPerson/Maps/Level1.Level1 to /Game/FirstPerson/Maps/UEDPIE_0_Level1.Level1 (0.037421s)
[2015.12.06-03.23.11:086][215]LogInit: XAudio2 using 'Haut-parleurs (Realtek High Definition Audio)' : 2 channels at 48 kHz using 32 bits per sample (channel mask 0x3)
[2015.12.06-03.23.11:113][215]LogInit: FAudioDevice initialized.
[2015.12.06-03.23.11:154][215]LogWorld: Game class is 'BrainGameMode'
[2015.12.06-03.23.11:168][215]LogWorld: Bringing World /Game/FirstPerson/Maps/UEDPIE_0_Level1.Level1 up for play (max tick rate 60) at 2015.12.05-22.23.11
[2015.12.06-03.23.11:168][215]LogActor:Warning: GameSession /Game/FirstPerson/Maps/UEDPIE_0_Level1.Level1:PersistentLevel.GameSession_2 has natively added scene component(s), but none of them were set as the actor's RootComponent - picking one arbitrarily
[2015.12.06-03.23.11:169][215]LogActor:Warning: GameNetworkManager /Game/FirstPerson/Maps/UEDPIE_0_Level1.Level1:PersistentLevel.GameNetworkManager_2 has natively added scene component(s), but none of them were set as the actor's RootComponent - picking one arbitrarily
[2015.12.06-03.23.11:169][215]LogWorld: Bringing up level for play took: 0.013599
[2015.12.06-03.23.11:180][215]PIE: Info Play in editor start time for /Game/FirstPerson/Maps/UEDPIE_0_Level1 0.094
[2015.12.06-03.23.23:198][636]LogParticles: Destroying 0 GPU particle simulations for FXSystem 0x00000035D2D44900
[2015.12.06-03.23.24:438][708]LogEditorViewport: Clicking on Actor (LMB): BrainNormalInteractiveObject (Cube)
[2015.12.06-03.23.37:712][365]LogPlayLevel: PIE:  No blueprints needed recompiling
[2015.12.06-03.23.37:712][365]PIE: New page: PIE session: Level1 (Dec 5, 2015, 5:23:37 PM)
[2015.12.06-03.23.37:712][365]LogPlayLevel: Creating play world package: /Game/FirstPerson/Maps/UEDPIE_0_Level1
[2015.12.06-03.23.37:750][365]LogPlayLevel: PIE: StaticDuplicateObject took: (0.037939s)
[2015.12.06-03.23.37:752][365]LogAIModule: Creating AISystem for world Level1
[2015.12.06-03.23.37:753][365]LogPlayLevel: PIE: World Init took: (0.002877s)
[2015.12.06-03.23.37:754][365]LogPlayLevel: PIE: Created PIE world by copying editor world from /Game/FirstPerson/Maps/Level1.Level1 to /Game/FirstPerson/Maps/UEDPIE_0_Level1.Level1 (0.041276s)
[2015.12.06-03.23.37:808][365]LogInit: XAudio2 using 'Haut-parleurs (Realtek High Definition Audio)' : 2 channels at 48 kHz using 32 bits per sample (channel mask 0x3)
[2015.12.06-03.23.37:835][365]LogInit: FAudioDevice initialized.
[2015.12.06-03.23.37:877][365]LogWorld: Game class is 'BrainGameMode'
[2015.12.06-03.23.37:890][365]LogWorld: Bringing World /Game/FirstPerson/Maps/UEDPIE_0_Level1.Level1 up for play (max tick rate 60) at 2015.12.05-22.23.37
[2015.12.06-03.23.37:890][365]LogActor:Warning: GameSession /Game/FirstPerson/Maps/UEDPIE_0_Level1.Level1:PersistentLevel.GameSession_3 has natively added scene component(s), but none of them were set as the actor's RootComponent - picking one arbitrarily
[2015.12.06-03.23.37:891][365]LogActor:Warning: GameNetworkManager /Game/FirstPerson/Maps/UEDPIE_0_Level1.Level1:PersistentLevel.GameNetworkManager_3 has natively added scene component(s), but none of them were set as the actor's RootComponent - picking one arbitrarily
[2015.12.06-03.23.37:891][365]LogWorld: Bringing up level for play took: 0.012493
[2015.12.06-03.23.37:899][365]PIE: Info Play in editor start time for /Game/FirstPerson/Maps/UEDPIE_0_Level1 0.814
[2015.12.06-03.23.51:575][835]LogParticles: Destroying 0 GPU particle simulations for FXSystem 0x00000035D2D44B80
[2015.12.06-03.24.10:417][934]LogPlayLevel: PIE:  No blueprints needed recompiling
[2015.12.06-03.24.10:417][934]PIE: New page: PIE session: Level1 (Dec 5, 2015, 5:24:10 PM)
[2015.12.06-03.24.10:418][934]LogPlayLevel: Creating play world package: /Game/FirstPerson/Maps/UEDPIE_0_Level1
[2015.12.06-03.24.10:455][934]LogPlayLevel: PIE: StaticDuplicateObject took: (0.037264s)
[2015.12.06-03.24.10:457][934]LogAIModule: Creating AISystem for world Level1
[2015.12.06-03.24.10:458][934]LogPlayLevel: PIE: World Init took: (0.002704s)
[2015.12.06-03.24.10:458][934]LogPlayLevel: PIE: Created PIE world by copying editor world from /Game/FirstPerson/Maps/Level1.Level1 to /Game/FirstPerson/Maps/UEDPIE_0_Level1.Level1 (0.040411s)
[2015.12.06-03.24.10:515][934]LogInit: XAudio2 using 'Haut-parleurs (Realtek High Definition Audio)' : 2 channels at 48 kHz using 32 bits per sample (channel mask 0x3)
[2015.12.06-03.24.10:538][934]LogInit: FAudioDevice initialized.
[2015.12.06-03.24.10:579][934]LogWorld: Game class is 'BrainGameMode'
[2015.12.06-03.24.10:593][934]LogWorld: Bringing World /Game/FirstPerson/Maps/UEDPIE_0_Level1.Level1 up for play (max tick rate 60) at 2015.12.05-22.24.10
[2015.12.06-03.24.10:593][934]LogActor:Warning: GameSession /Game/FirstPerson/Maps/UEDPIE_0_Level1.Level1:PersistentLevel.GameSession_4 has natively added scene component(s), but none of them were set as the actor's RootComponent - picking one arbitrarily
[2015.12.06-03.24.10:594][934]LogActor:Warning: GameNetworkManager /Game/FirstPerson/Maps/UEDPIE_0_Level1.Level1:PersistentLevel.GameNetworkManager_4 has natively added scene component(s), but none of them were set as the actor's RootComponent - picking one arbitrarily
[2015.12.06-03.24.10:594][934]LogWorld: Bringing up level for play took: 0.013399
[2015.12.06-03.24.10:601][934]PIE: Info Play in editor start time for /Game/FirstPerson/Maps/UEDPIE_0_Level1 -0.483
[2015.12.06-03.24.25:390][457]Cmd: EnableGDT
[2015.12.06-03.24.25:516][457]LogGameplayDebugger:Warning: Got from client: 
[2015.12.06-03.24.25:550][457]LogGameplayDebugger:Warning: - Client: INVALID
[2015.12.06-03.24.30:424][624]LogParticles: Destroying 0 GPU particle simulations for FXSystem 0x00000035D2CB68E0
[2015.12.06-03.24.39:333][137]LogPlayLevel: PIE:  No blueprints needed recompiling
[2015.12.06-03.24.39:334][137]PIE: New page: PIE session: Level1 (Dec 5, 2015, 5:24:39 PM)
[2015.12.06-03.24.39:334][137]LogPlayLevel: Creating play world package: /Game/FirstPerson/Maps/UEDPIE_0_Level1
[2015.12.06-03.24.39:371][137]LogPlayLevel: PIE: StaticDuplicateObject took: (0.036744s)
[2015.12.06-03.24.39:373][137]LogAIModule: Creating AISystem for world Level1
[2015.12.06-03.24.39:374][137]LogPlayLevel: PIE: World Init took: (0.003000s)
[2015.12.06-03.24.39:374][137]LogPlayLevel: PIE: Created PIE world by copying editor world from /Game/FirstPerson/Maps/Level1.Level1 to /Game/FirstPerson/Maps/UEDPIE_0_Level1.Level1 (0.040162s)
[2015.12.06-03.24.39:433][137]LogInit: XAudio2 using 'Haut-parleurs (Realtek High Definition Audio)' : 2 channels at 48 kHz using 32 bits per sample (channel mask 0x3)
[2015.12.06-03.24.39:461][137]LogInit: FAudioDevice initialized.
[2015.12.06-03.24.39:510][137]LogWorld: Game class is 'BrainGameMode'
[2015.12.06-03.24.39:527][137]LogWorld: Bringing World /Game/FirstPerson/Maps/UEDPIE_0_Level1.Level1 up for play (max tick rate 60) at 2015.12.05-22.24.39
[2015.12.06-03.24.39:528][137]LogActor:Warning: GameSession /Game/FirstPerson/Maps/UEDPIE_0_Level1.Level1:PersistentLevel.GameSession_5 has natively added scene component(s), but none of them were set as the actor's RootComponent - picking one arbitrarily
[2015.12.06-03.24.39:528][137]LogActor:Warning: GameNetworkManager /Game/FirstPerson/Maps/UEDPIE_0_Level1.Level1:PersistentLevel.GameNetworkManager_5 has natively added scene component(s), but none of them were set as the actor's RootComponent - picking one arbitrarily
[2015.12.06-03.24.39:529][137]LogWorld: Bringing up level for play took: 0.015942
[2015.12.06-03.24.39:539][137]PIE: Info Play in editor start time for /Game/FirstPerson/Maps/UEDPIE_0_Level1 0.454
[2015.12.06-03.24.46:513][376]LogParticles: Destroying 0 GPU particle simulations for FXSystem 0x00000035B9B67380
[2015.12.06-03.24.48:913][507]LogD3D11RHI: InitD3DDevice
[2015.12.06-03.24.48:997][507]Cmd: OBJ SAVEPACKAGE PACKAGE="/Game/FirstPerson/Maps/Level1" FILE="D:/UQAC/Séminaire en Informatique IV/Brain/Content/FirstPerson/Maps/Level1.umap" SILENT=true AUTOSAVING=false KEEPDIRTY=false
[2015.12.06-03.24.49:846][507]LogSavePackage: Save=753.468079ms
[2015.12.06-03.24.49:846][507]LogSavePackage: Moving 'D:/UQAC/Séminaire en Informatique IV/Brain/Saved/Level1FB421A9945F4FEE4E148CAA10BB58E12.tmp' to 'D:/UQAC/Séminaire en Informatique IV/Brain/Content/FirstPerson/Maps/Level1.umap'
[2015.12.06-03.24.49:846][507]LogFileManager:Warning: DeleteFile was unable to delete 'D:/UQAC/Séminaire en Informatique IV/Brain/Content/FirstPerson/Maps/Level1.umap', retrying in .5s...
[2015.12.06-03.24.50:349][507]LogFileManager:Warning: DeleteFile recovered during retry!
[2015.12.06-03.24.54:384][704]LogEditorViewport: Clicking on Actor (context menu): BrainNormalInteractiveObject (Cube1)
[2015.12.06-03.24.54:420][704]LogD3D11RHI: InitD3DDevice
[2015.12.06-03.24.55:320][752]LogEditorViewport: Clicking on Actor (LMB): BrainNormalInteractiveObject (Cube1)
[2015.12.06-03.24.59:647][970]LogEditorViewport: Clicking on Actor (context menu): BrainNormalInteractiveObject (Cube2)
[2015.12.06-03.24.59:683][970]LogD3D11RHI: InitD3DDevice
[2015.12.06-03.25.01:304][ 62]LogEditorViewport: Clicking on Actor (context menu): StaticMeshActor (plaque3)
[2015.12.06-03.25.01:348][ 62]LogD3D11RHI: InitD3DDevice
[2015.12.06-03.25.02:311][115]LogEditorViewport: Clicking on Actor (context menu): StaticMeshActor (Floor)
[2015.12.06-03.25.02:343][115]LogD3D11RHI: InitD3DDevice
[2015.12.06-03.25.10:554][520]LogEditorViewport: Clicking on Actor (context menu): BrainNormalInteractiveObject (Cube3)
[2015.12.06-03.25.10:586][520]LogD3D11RHI: InitD3DDevice
[2015.12.06-03.25.11:735][578]LogEditorViewport: Clicking on Actor (LMB): BrainNormalInteractiveObject (Cube3)
[2015.12.06-03.25.14:851][758]LogPlayLevel: PIE:  No blueprints needed recompiling
[2015.12.06-03.25.14:851][758]PIE: New page: PIE session: Level1 (Dec 5, 2015, 5:25:14 PM)
[2015.12.06-03.25.14:852][758]LogPlayLevel: Creating play world package: /Game/FirstPerson/Maps/UEDPIE_0_Level1
[2015.12.06-03.25.14:887][758]LogPlayLevel: PIE: StaticDuplicateObject took: (0.035746s)
[2015.12.06-03.25.14:889][758]LogAIModule: Creating AISystem for world Level1
[2015.12.06-03.25.14:890][758]LogPlayLevel: PIE: World Init took: (0.002319s)
[2015.12.06-03.25.14:890][758]LogPlayLevel: PIE: Created PIE world by copying editor world from /Game/FirstPerson/Maps/Level1.Level1 to /Game/FirstPerson/Maps/UEDPIE_0_Level1.Level1 (0.038490s)
[2015.12.06-03.25.14:952][758]LogInit: XAudio2 using 'Haut-parleurs (Realtek High Definition Audio)' : 2 channels at 48 kHz using 32 bits per sample (channel mask 0x3)
[2015.12.06-03.25.14:978][758]LogInit: FAudioDevice initialized.
[2015.12.06-03.25.15:017][758]LogWorld: Game class is 'BrainGameMode'
[2015.12.06-03.25.15:030][758]LogWorld: Bringing World /Game/FirstPerson/Maps/UEDPIE_0_Level1.Level1 up for play (max tick rate 60) at 2015.12.05-22.25.15
[2015.12.06-03.25.15:030][758]LogActor:Warning: GameSession /Game/FirstPerson/Maps/UEDPIE_0_Level1.Level1:PersistentLevel.GameSession_6 has natively added scene component(s), but none of them were set as the actor's RootComponent - picking one arbitrarily
[2015.12.06-03.25.15:031][758]LogActor:Warning: GameNetworkManager /Game/FirstPerson/Maps/UEDPIE_0_Level1.Level1:PersistentLevel.GameNetworkManager_6 has natively added scene component(s), but none of them were set as the actor's RootComponent - picking one arbitrarily
[2015.12.06-03.25.15:031][758]LogWorld: Bringing up level for play took: 0.012504
[2015.12.06-03.25.15:040][758]PIE: Info Play in editor start time for /Game/FirstPerson/Maps/UEDPIE_0_Level1 -0.045
[2015.12.06-03.26.30:171][427]LogTemp:Warning: Begin !
[2015.12.06-03.26.40:281][790]LogTemp:Warning: Begin !
[2015.12.06-03.26.43:934][916]LogTemp:Warning: Begin !
[2015.12.06-03.26.44:672][943]LogTemp:Warning: Begin !
[2015.12.06-03.26.44:899][951]LogTemp:Warning: End !
[2015.12.06-03.26.45:044][956]LogTemp:Warning: Begin !
[2015.12.06-03.26.45:187][961]LogTemp:Warning: End !
[2015.12.06-03.27.03:570][609]LogParticles: Destroying 0 GPU particle simulations for FXSystem 0x00000035AD1AF600
[2015.12.06-03.27.21:939][451]LogD3D11RHI: InitD3DDevice
[2015.12.06-03.27.31:940][686]Cmd: TRANSACTION UNDO
[2015.12.06-03.27.31:960][686]LogEditorTransaction: Undo Edit Static Mesh
[2015.12.06-03.27.31:978][686]LogD3D11RHI: InitD3DDevice
[2015.12.06-03.27.33:493][719]LogD3D11RHI: InitD3DDevice
[2015.12.06-03.27.50:144][218]Cmd: TRANSACTION UNDO
[2015.12.06-03.27.50:144][218]LogEditorTransaction: Undo Set actor scale
[2015.12.06-03.27.50:159][218]LogD3D11RHI: InitD3DDevice
[2015.12.06-03.27.50:470][225]Cmd: TRANSACTION UNDO
[2015.12.06-03.27.50:470][225]LogEditorTransaction: Undo Set actor scale
[2015.12.06-03.27.50:708][229]Cmd: TRANSACTION UNDO
[2015.12.06-03.27.50:708][229]LogEditorTransaction: Undo Set actor scale
[2015.12.06-03.27.51:059][237]Cmd: TRANSACTION UNDO
[2015.12.06-03.27.51:059][237]LogEditorTransaction: Undo Edit Static Mesh
[2015.12.06-03.28.14:519][112]LogD3D11RHI: InitD3DDevice
[2015.12.06-03.28.33:672][729]Cmd: TRANSACTION UNDO
[2015.12.06-03.28.33:672][729]LogEditorTransaction: Undo Set actor scale
[2015.12.06-03.28.33:676][729]LogD3D11RHI: InitD3DDevice
[2015.12.06-03.28.34:023][746]Cmd: TRANSACTION UNDO
[2015.12.06-03.28.34:023][746]LogEditorTransaction: Undo Set actor scale
[2015.12.06-03.28.34:351][761]Cmd: TRANSACTION UNDO
[2015.12.06-03.28.34:351][761]LogEditorTransaction: Undo Set actor scale
[2015.12.06-03.28.34:722][782]Cmd: TRANSACTION UNDO
[2015.12.06-03.28.34:722][782]LogEditorTransaction: Undo Edit Static Mesh
[2015.12.06-03.28.40:800][ 33]LogD3D11RHI: InitD3DDevice
[2015.12.06-03.29.20:030][368]LogPlayLevel: PIE:  No blueprints needed recompiling
[2015.12.06-03.29.20:030][368]PIE: New page: PIE session: Level1 (Dec 5, 2015, 5:29:20 PM)
[2015.12.06-03.29.20:031][368]LogPlayLevel: Creating play world package: /Game/FirstPerson/Maps/UEDPIE_0_Level1
[2015.12.06-03.29.20:071][368]LogPlayLevel: PIE: StaticDuplicateObject took: (0.039788s)
[2015.12.06-03.29.20:073][368]LogAIModule: Creating AISystem for world Level1
[2015.12.06-03.29.20:075][368]LogPlayLevel: PIE: World Init took: (0.003358s)
[2015.12.06-03.29.20:075][368]LogPlayLevel: PIE: Created PIE world by copying editor world from /Game/FirstPerson/Maps/Level1.Level1 to /Game/FirstPerson/Maps/UEDPIE_0_Level1.Level1 (0.043589s)
[2015.12.06-03.29.20:141][368]LogInit: XAudio2 using 'Haut-parleurs (Realtek High Definition Audio)' : 2 channels at 48 kHz using 32 bits per sample (channel mask 0x3)
[2015.12.06-03.29.20:165][368]LogInit: FAudioDevice initialized.
[2015.12.06-03.29.20:209][368]LogWorld: Game class is 'BrainGameMode'
[2015.12.06-03.29.20:224][368]LogWorld: Bringing World /Game/FirstPerson/Maps/UEDPIE_0_Level1.Level1 up for play (max tick rate 60) at 2015.12.05-22.29.20
[2015.12.06-03.29.20:224][368]LogActor:Warning: GameSession /Game/FirstPerson/Maps/UEDPIE_0_Level1.Level1:PersistentLevel.GameSession_7 has natively added scene component(s), but none of them were set as the actor's RootComponent - picking one arbitrarily
[2015.12.06-03.29.20:224][368]LogActor:Warning: GameNetworkManager /Game/FirstPerson/Maps/UEDPIE_0_Level1.Level1:PersistentLevel.GameNetworkManager_7 has natively added scene component(s), but none of them were set as the actor's RootComponent - picking one arbitrarily
[2015.12.06-03.29.20:225][368]LogWorld: Bringing up level for play took: 0.013326
[2015.12.06-03.29.20:232][368]PIE: Info Play in editor start time for /Game/FirstPerson/Maps/UEDPIE_0_Level1 1.147
[2015.12.06-03.29.23:482][480]LogTemp:Warning: Begin !
[2015.12.06-03.29.31:809][777]LogTemp:Warning: Begin !
[2015.12.06-03.29.35:132][894]LogTemp:Warning: Begin !
[2015.12.06-03.29.35:901][921]LogTemp:Warning: Begin !
[2015.12.06-03.29.36:329][936]LogTemp:Warning: End !
[2015.12.06-03.29.54:317][564]LogParticles: Destroying 0 GPU particle simulations for FXSystem 0x00000035AD0FC540
[2015.12.06-03.29.56:208][667]LogD3D11RHI: InitD3DDevice
[2015.12.06-03.29.58:873][667]LogWindowsTextInputMethodSystem:Display: IME system now deactivated.
[2015.12.06-03.29.59:575][668]Cmd: QUIT_EDITOR
[2015.12.06-03.30.01:183][668]LogExit: Preparing to exit.
[2015.12.06-03.30.05:099][668]LogExit: Editor shut down
[2015.12.06-03.30.05:103][668]LogExit: Transaction tracking system shut down
[2015.12.06-03.30.05:104][668]LogParticles: Destroying 0 GPU particle simulations for FXSystem 0x00000035D2D237E0
[2015.12.06-03.30.05:105][668]LogParticles: Destroying 0 GPU particle simulations for FXSystem 0x00000035A8A22660
[2015.12.06-03.30.05:105][668]LogParticles: Destroying 0 GPU particle simulations for FXSystem 0x00000035A88AFA60
[2015.12.06-03.30.05:105][668]LogParticles: Destroying 0 GPU particle simulations for FXSystem 0x00000035D2D20720
[2015.12.06-03.30.05:109][668]LogParticles: Destroying 0 GPU particle simulations for FXSystem 0x00000035A8418C20
[2015.12.06-03.30.08:396][668]LogExit: Object subsystem successfully closed.
[2015.12.06-03.30.09:257][668]LogD3D11RHI: Shutdown
[2015.12.06-03.30.09:257][668]LogD3D11RHI: CleanupD3DDevice
[2015.12.06-03.30.09:617][668]LogD3D11RHI: ~FD3D11DynamicRHI
[2015.12.06-03.30.12:272][668]LogModuleManager: Shutting down and abandoning module CrashTracker (189)
[2015.12.06-03.30.12:273][668]LogModuleManager: Shutting down and abandoning module SceneOutliner (188)
[2015.12.06-03.30.12:273][668]LogModuleManager: Shutting down and abandoning module SuperSearch (187)
[2015.12.06-03.30.12:273][668]LogModuleManager: Shutting down and abandoning module WidgetCarousel (186)
[2015.12.06-03.30.12:323][668]LogModuleManager: Shutting down and abandoning module AddContentDialog (185)
[2015.12.06-03.30.12:376][668]LogModuleManager: Shutting down and abandoning module EditorWidgets (184)
[2015.12.06-03.30.12:376][668]LogModuleManager: Shutting down and abandoning module CollectionManager (183)
[2015.12.06-03.30.12:410][668]LogModuleManager: Shutting down and abandoning module StatsViewer (182)
[2015.12.06-03.30.12:450][668]LogModuleManager: Shutting down and abandoning module FoliageEdit (181)
[2015.12.06-03.30.12:484][668]LogModuleManager: Shutting down and abandoning module LandscapeEditor (180)
[2015.12.06-03.30.12:559][668]LogModuleManager: Shutting down and abandoning module ActorPickerMode (179)
[2015.12.06-03.30.12:559][668]LogModuleManager: Shutting down and abandoning module GeometryMode (178)
[2015.12.06-03.30.12:559][668]LogModuleManager: Shutting down and abandoning module TextureAlignMode (177)
[2015.12.06-03.30.12:559][668]LogModuleManager: Shutting down and abandoning module BspMode (176)
[2015.12.06-03.30.12:559][668]LogModuleManager: Shutting down and abandoning module PlacementMode (175)
[2015.12.06-03.30.12:572][668]LogModuleManager: Shutting down and abandoning module AutomationWorker (174)
[2015.12.06-03.30.12:572][668]LogModuleManager: Shutting down and abandoning module CharacterAI (173)
[2015.12.06-03.30.12:572][668]LogModuleManager: Shutting down and abandoning module SmartSnapping (172)
[2015.12.06-03.30.12:572][668]LogModuleManager: Shutting down and abandoning module ViewportSnapping (171)
[2015.12.06-03.30.12:572][668]LogModuleManager: Shutting down and abandoning module LogVisualizer (170)
[2015.12.06-03.30.12:685][668]LogModuleManager: Shutting down and abandoning module GameProjectGeneration (169)
[2015.12.06-03.30.12:744][668]LogModuleManager: Shutting down and abandoning module IntroTutorials (168)
[2015.12.06-03.30.12:826][668]LogModuleManager: Shutting down and abandoning module EditorLiveStreaming (167)
[2015.12.06-03.30.12:826][668]LogModuleManager: Shutting down and abandoning module IOSPlatformEditor (166)
[2015.12.06-03.30.12:856][668]LogModuleManager: Shutting down and abandoning module HTML5PlatformEditor (165)
[2015.12.06-03.30.12:856][668]LogModuleManager: Shutting down and abandoning module AndroidDeviceDetection (164)
[2015.12.06-03.30.13:335][668]LogModuleManager: Shutting down and abandoning module AndroidPlatformEditor (163)
[2015.12.06-03.30.13:335][668]LogModuleManager: Shutting down and abandoning module IOSRuntimeSettings (162)
[2015.12.06-03.30.13:335][668]LogModuleManager: Shutting down and abandoning module AndroidRuntimeSettings (161)
[2015.12.06-03.30.13:335][668]LogModuleManager: Shutting down and abandoning module MergeActors (160)
[2015.12.06-03.30.13:384][668]LogModuleManager: Shutting down and abandoning module SizeMap (159)
[2015.12.06-03.30.13:384][668]LogModuleManager: Shutting down and abandoning module TreeMap (158)
[2015.12.06-03.30.13:453][668]LogModuleManager: Shutting down and abandoning module ReferenceViewer (157)
[2015.12.06-03.30.13:453][668]LogModuleManager: Shutting down and abandoning module LocalizationDashboard (156)
[2015.12.06-03.30.13:467][668]LogModuleManager: Shutting down and abandoning module HardwareTargeting (155)
[2015.12.06-03.30.13:467][668]LogModuleManager: Shutting down and abandoning module DeviceProfileEditor (154)
[2015.12.06-03.30.13:501][668]LogModuleManager: Shutting down and abandoning module UndoHistory (153)
[2015.12.06-03.30.13:521][668]LogModuleManager: Shutting down and abandoning module GameplayTagsEditor (152)
[2015.12.06-03.30.13:564][668]LogModuleManager: Shutting down and abandoning module UserFeedback (151)
[2015.12.06-03.30.13:564][668]LogModuleManager: Shutting down and abandoning module XmlParser (150)
[2015.12.06-03.30.13:580][668]LogModuleManager: Shutting down and abandoning module Blutility (149)
[2015.12.06-03.30.13:580][668]LogModuleManager: Shutting down and abandoning module ProjectTargetPlatformEditor (148)
[2015.12.06-03.30.13:581][668]LogModuleManager: Shutting down and abandoning module ProjectSettingsViewer (147)
[2015.12.06-03.30.13:581][668]LogModuleManager: Shutting down and abandoning module InputBindingEditor (146)
[2015.12.06-03.30.13:666][668]LogModuleManager: Shutting down and abandoning module EditorSettingsViewer (145)
[2015.12.06-03.30.13:666][668]LogModuleManager: Shutting down and abandoning module SettingsEditor (144)
[2015.12.06-03.30.13:726][668]LogModuleManager: Shutting down and abandoning module ProjectLauncher (143)
[2015.12.06-03.30.13:749][668]LogModuleManager: Shutting down and abandoning module SessionFrontend (142)
[2015.12.06-03.30.13:776][668]LogModuleManager: Shutting down and abandoning module ProfilerClient (141)
[2015.12.06-03.30.13:793][668]LogModuleManager: Shutting down and abandoning module TargetDeviceServices (140)
[2015.12.06-03.30.13:815][668]LogModuleManager: Shutting down and abandoning module DeviceManager (139)
[2015.12.06-03.30.13:842][668]LogModuleManager: Shutting down and abandoning module AutomationController (138)
[2015.12.06-03.30.13:860][668]LogModuleManager: Shutting down and abandoning module AutomationWindow (137)
[2015.12.06-03.30.13:876][668]LogModuleManager: Shutting down and abandoning module Layers (136)
[2015.12.06-03.30.13:968][668]LogModuleManager: Shutting down and abandoning module ComponentVisualizers (135)
[2015.12.06-03.30.13:968][668]LogModuleManager: Shutting down and abandoning module DetailCustomizations (134)
[2015.12.06-03.30.13:968][668]LogModuleManager: Shutting down and abandoning module PackagesDialog (133)
[2015.12.06-03.30.13:968][668]LogModuleManager: Shutting down and abandoning module AssetRegistry (132)
[2015.12.06-03.30.14:121][668]LogModuleManager: Shutting down and abandoning module Persona (131)
[2015.12.06-03.30.14:199][668]LogModuleManager: Shutting down and abandoning module Kismet (130)
[2015.12.06-03.30.14:238][668]LogModuleManager: Shutting down and abandoning module GraphEditor (129)
[2015.12.06-03.30.14:358][668]LogModuleManager: Shutting down and abandoning module ClassViewer (128)
[2015.12.06-03.30.14:373][668]LogModuleManager: Shutting down and abandoning module Toolbox (127)
[2015.12.06-03.30.14:373][668]LogModuleManager: Shutting down and abandoning module ModuleUI (126)
[2015.12.06-03.30.14:389][668]LogModuleManager: Shutting down and abandoning module MovieSceneTools (125)
[2015.12.06-03.30.14:465][668]LogModuleManager: Shutting down and abandoning module OutputLog (124)
[2015.12.06-03.30.14:466][668]LogModuleManager: Shutting down and abandoning module GammaUI (123)
[2015.12.06-03.30.14:482][668]LogModuleManager: Shutting down and abandoning module Documentation (122)
[2015.12.06-03.30.14:482][668]LogModuleManager: Shutting down and abandoning module GameLiveStreaming (121)
[2015.12.06-03.30.14:524][668]LogModuleManager: Shutting down and abandoning module StreamingPauseRendering (120)
[2015.12.06-03.30.14:524][668]LogModuleManager: Shutting down and abandoning module AnalyticsET (119)
[2015.12.06-03.30.14:524][668]LogModuleManager: Shutting down and abandoning module Analytics (118)
[2015.12.06-03.30.14:524][668]LogModuleManager: Shutting down and abandoning module AITestSuite (117)
[2015.12.06-03.30.14:541][668]LogModuleManager: Shutting down and abandoning module GameplayDebugger (116)
[2015.12.06-03.30.14:541][668]LogModuleManager: Shutting down and abandoning module AIModule (115)
[2015.12.06-03.30.14:541][668]LogModuleManager: Shutting down and abandoning module ProfilerService (114)
[2015.12.06-03.30.14:820][668]LogModuleManager: Shutting down and abandoning module TaskGraph (113)
[2015.12.06-03.30.14:943][668]LogModuleManager: Shutting down and abandoning module SlateRemote (112)
[2015.12.06-03.30.14:943][668]LogModuleManager: Shutting down and abandoning module SteamVRController (111)
[2015.12.06-03.30.14:943][668]LogModuleManager: Shutting down and abandoning module SteamVR (110)
[2015.12.06-03.30.14:943][668]LogModuleManager: Shutting down and abandoning module ProceduralMeshComponent (109)
[2015.12.06-03.30.14:943][668]LogModuleManager: Shutting down and abandoning module OculusRift (108)
[2015.12.06-03.30.14:943][668]LogModuleManager: Shutting down and abandoning module LeapMotionController (107)
[2015.12.06-03.30.15:118][668]LogModuleManager: Shutting down and abandoning module CustomMeshComponent (106)
[2015.12.06-03.30.15:118][668]LogModuleManager: Shutting down and abandoning module CableComponent (105)
[2015.12.06-03.30.15:160][668]LogModuleManager: Shutting down and abandoning module MessagingDebugger (104)
[2015.12.06-03.30.15:679][668]LogModuleManager: Shutting down and abandoning module MediaPlayerEditor (103)
[2015.12.06-03.30.15:755][668]LogModuleManager: Shutting down and abandoning module SpeedTreeImporter (102)
[2015.12.06-03.30.15:755][668]LogModuleManager: Shutting down and abandoning module PluginBrowser (101)
[2015.12.06-03.30.15:774][668]LogModuleManager: Shutting down and abandoning module EpicSurvey (100)
[2015.12.06-03.30.15:790][668]LogModuleManager: Shutting down and abandoning module DesktopPlatform (99)
[2015.12.06-03.30.15:814][668]LogModuleManager: Shutting down and abandoning module VisualStudioSourceCodeAccess (98)
[2015.12.06-03.30.15:830][668]LogModuleManager: Shutting down and abandoning module UObjectPlugin (97)
[2015.12.06-03.30.15:830][668]LogModuleManager: Shutting down and abandoning module SubversionSourceControl (96)
[2015.12.06-03.30.15:858][668]LogModuleManager: Shutting down and abandoning module PerforceSourceControl (95)
[2015.12.06-03.30.15:897][668]LogModuleManager: Shutting down and abandoning module SourceControl (94)
[2015.12.06-03.30.15:942][668]LogModuleManager: Shutting down and abandoning module GitSourceControl (93)
[2015.12.06-03.30.15:955][668]LogModuleManager: Shutting down and abandoning module BlankPlugin (92)
[2015.12.06-03.30.15:955][668]LogModuleManager: Shutting down and abandoning module PaperTiledImporter (91)
[2015.12.06-03.30.15:955][668]LogModuleManager: Shutting down and abandoning module PaperSpriteSheetImporter (90)
[2015.12.06-03.30.15:955][668]LogModuleManager: Shutting down and abandoning module MeshPaint (89)
[2015.12.06-03.30.15:989][668]LogModuleManager: Shutting down and abandoning module SlateReflector (88)
[2015.12.06-03.30.16:022][668]LogModuleManager: Shutting down and abandoning module DirectoryWatcher (87)
[2015.12.06-03.30.16:027][668]LogModuleManager: Shutting down and abandoning module HotReload (86)
[2015.12.06-03.30.16:040][668]LogModuleManager: Shutting down and abandoning module MainFrame (85)
[2015.12.06-03.30.16:040][668]LogModuleManager: Shutting down and abandoning module LevelEditor (84)
[2015.12.06-03.30.16:061][668]LogModuleManager: Shutting down and abandoning module ContentBrowser (83)
[2015.12.06-03.30.16:064][668]LogModuleManager: Shutting down and abandoning module Paper2DEditor (82)
[2015.12.06-03.30.16:101][668]LogModuleManager: Shutting down and abandoning module Brain (81)
[2015.12.06-03.30.16:101][668]LogModuleManager: Shutting down and abandoning module UdpMessaging (80)
[2015.12.06-03.30.16:201][668]LogModuleManager: Shutting down and abandoning module Paper2D (79)
[2015.12.06-03.30.16:300][668]LogModuleManager: Shutting down and abandoning module WindowsMoviePlayer (78)
[2015.12.06-03.30.16:313][668]LogModuleManager: Shutting down and abandoning module Media (77)
[2015.12.06-03.30.16:313][668]LogModuleManager: Shutting down and abandoning module WmfMedia (76)
[2015.12.06-03.30.16:329][668]LogModuleManager: Shutting down and abandoning module OnlineBlueprintSupport (75)
[2015.12.06-03.30.16:329][668]LogModuleManager: Shutting down and abandoning module PropertyEditor (74)
[2015.12.06-03.30.16:329][668]LogModuleManager: Shutting down and abandoning module BehaviorTreeEditor (73)
[2015.12.06-03.30.16:353][668]LogModuleManager: Shutting down and abandoning module FunctionalTesting (72)
[2015.12.06-03.30.16:359][668]LogModuleManager: Shutting down and abandoning module CollisionAnalyzer (71)
[2015.12.06-03.30.16:375][668]LogModuleManager: Shutting down and abandoning module WorkspaceMenuStructure (70)
[2015.12.06-03.30.16:376][668]LogModuleManager: Shutting down and abandoning module MessageLog (69)
[2015.12.06-03.30.16:376][668]LogModuleManager: Shutting down and abandoning module Sequencer (68)
[2015.12.06-03.30.16:391][668]LogModuleManager: Shutting down and abandoning module AssetTools (67)
[2015.12.06-03.30.16:448][668]LogModuleManager: Shutting down and abandoning module UMGEditor (66)
[2015.12.06-03.30.16:474][668]LogModuleManager: Shutting down and abandoning module UMG (65)
[2015.12.06-03.30.16:475][668]LogModuleManager: Shutting down and abandoning module Slate (64)
[2015.12.06-03.30.16:475][668]LogModuleManager: Shutting down and abandoning module EditorStyle (63)
[2015.12.06-03.30.16:489][668]LogModuleManager: Shutting down and abandoning module SessionServices (62)
[2015.12.06-03.30.16:489][668]LogModuleManager: Shutting down and abandoning module SourceCodeAccess (61)
[2015.12.06-03.30.16:489][668]LogModuleManager: Shutting down and abandoning module HeadMountedDisplay (60)
[2015.12.06-03.30.16:489][668]LogModuleManager: Shutting down and abandoning module XAudio2 (59)
[2015.12.06-03.30.16:489][668]LogModuleManager: Shutting down and abandoning module Networking (57)
[2015.12.06-03.30.16:489][668]LogModuleManager: Shutting down and abandoning module Core (56)
[2015.12.06-03.30.16:489][668]LogModuleManager: Shutting down and abandoning module KismetCompiler (55)
[2015.12.06-03.30.16:504][668]LogModuleManager: Shutting down and abandoning module PhysXFormats (54)
[2015.12.06-03.30.16:515][668]LogModuleManager: Shutting down and abandoning module MeshUtilities (53)
[2015.12.06-03.30.16:536][668]LogModuleManager: Shutting down and abandoning module DerivedDataCache (52)
[2015.12.06-03.30.16:579][668]LogDerivedDataCache: Shutdown
[2015.12.06-03.30.16:579][668]LogModuleManager: Shutting down and abandoning module ShaderFormatOpenGL (51)
[2015.12.06-03.30.16:627][668]LogModuleManager: Shutting down and abandoning module ShaderFormatD3D (50)
[2015.12.06-03.30.16:652][668]LogModuleManager: Shutting down and abandoning module MetalShaderFormat (49)
[2015.12.06-03.30.16:675][668]LogModuleManager: Shutting down and abandoning module TextureFormatUncompressed (48)
[2015.12.06-03.30.16:675][668]LogModuleManager: Shutting down and abandoning module TextureFormatPVR (47)
[2015.12.06-03.30.16:700][668]LogModuleManager: Shutting down and abandoning module TextureFormatIntelISPCTexComp (46)
[2015.12.06-03.30.16:708][668]LogModuleManager: Shutting down and abandoning module TextureFormatDXT (45)
[2015.12.06-03.30.16:721][668]LogModuleManager: Shutting down and abandoning module ImageWrapper (44)
[2015.12.06-03.30.16:721][668]LogModuleManager: Shutting down and abandoning module TextureFormatASTC (43)
[2015.12.06-03.30.16:721][668]LogModuleManager: Shutting down and abandoning module TextureFormatAndroid (42)
[2015.12.06-03.30.16:721][668]LogModuleManager: Shutting down and abandoning module AudioFormatOpus (41)
[2015.12.06-03.30.16:744][668]LogModuleManager: Shutting down and abandoning module AudioFormatOgg (40)
[2015.12.06-03.30.16:781][668]LogModuleManager: Shutting down and abandoning module AudioFormatADPCM (39)
[2015.12.06-03.30.16:781][668]LogModuleManager: Shutting down and abandoning module LinuxTargetPlatform (38)
[2015.12.06-03.30.16:781][668]LogModuleManager: Shutting down and abandoning module LinuxServerTargetPlatform (37)
[2015.12.06-03.30.16:794][668]LogModuleManager: Shutting down and abandoning module LinuxNoEditorTargetPlatform (36)
[2015.12.06-03.30.16:800][668]LogModuleManager: Shutting down and abandoning module Messaging (35)
[2015.12.06-03.30.16:800][668]LogModuleManager: Shutting down and abandoning module IOSTargetPlatform (34)
[2015.12.06-03.30.16:800][668]LogModuleManager: Shutting down and abandoning module HTML5TargetPlatform (33)
[2015.12.06-03.30.16:800][668]LogModuleManager: Shutting down and abandoning module Android_PVRTCTargetPlatform (32)
[2015.12.06-03.30.16:800][668]LogModuleManager: Shutting down and abandoning module Android_ETC2TargetPlatform (31)
[2015.12.06-03.30.16:800][668]LogModuleManager: Shutting down and abandoning module Android_ETC1TargetPlatform (30)
[2015.12.06-03.30.16:800][668]LogModuleManager: Shutting down and abandoning module Android_DXTTargetPlatform (29)
[2015.12.06-03.30.16:800][668]LogModuleManager: Shutting down and abandoning module Android_ATCTargetPlatform (28)
[2015.12.06-03.30.16:800][668]LogModuleManager: Shutting down and abandoning module Android_ASTCTargetPlatform (27)
[2015.12.06-03.30.16:800][668]LogModuleManager: Shutting down and abandoning module AndroidTargetPlatform (26)
[2015.12.06-03.30.16:800][668]LogModuleManager: Shutting down and abandoning module WindowsTargetPlatform (25)
[2015.12.06-03.30.16:801][668]LogModuleManager: Shutting down and abandoning module WindowsServerTargetPlatform (24)
[2015.12.06-03.30.16:801][668]LogModuleManager: Shutting down and abandoning module WindowsNoEditorTargetPlatform (23)
[2015.12.06-03.30.16:801][668]LogModuleManager: Shutting down and abandoning module WindowsClientTargetPlatform (22)
[2015.12.06-03.30.16:801][668]LogModuleManager: Shutting down and abandoning module DesktopTargetPlatform (21)
[2015.12.06-03.30.16:801][668]LogModuleManager: Shutting down and abandoning module TargetPlatform (20)
[2015.12.06-03.30.16:801][668]LogModuleManager: Shutting down and abandoning module InputCore (19)
[2015.12.06-03.30.16:801][668]LogModuleManager: Shutting down and abandoning module Settings (18)
[2015.12.06-03.30.16:801][668]LogModuleManager: Shutting down and abandoning module OnlineSubsystem (16)
[2015.12.06-03.30.16:801][668]LogModuleManager: Shutting down and abandoning module HTTP (15)
[2015.12.06-03.30.16:802][668]LogModuleManager: Shutting down and abandoning module ExampleDeviceProfileSelector (14)
[2015.12.06-03.30.16:802][668]LogModuleManager: Shutting down and abandoning module TextureCompressor (13)
[2015.12.06-03.30.16:807][668]LogModuleManager: Shutting down and abandoning module ShaderCore (12)
[2015.12.06-03.30.16:807][668]LogModuleManager: Shutting down and abandoning module Landscape (11)
[2015.12.06-03.30.16:807][668]LogModuleManager: Shutting down and abandoning module SlateRHIRenderer (10)
[2015.12.06-03.30.16:877][668]LogModuleManager: Shutting down and abandoning module OpenGLDrv (9)
[2015.12.06-03.30.16:898][668]LogModuleManager: Shutting down and abandoning module D3D11RHI (8)
[2015.12.06-03.30.16:898][668]LogModuleManager: Shutting down and abandoning module Renderer (7)
[2015.12.06-03.30.16:898][668]LogModuleManager: Shutting down and abandoning module Engine (6)
[2015.12.06-03.30.16:899][668]LogModuleManager: Shutting down and abandoning module CoreUObject (5)
[2015.12.06-03.30.16:899][668]LogModuleManager: Shutting down and abandoning module NetworkFile (4)
[2015.12.06-03.30.16:903][668]LogModuleManager: Shutting down and abandoning module StreamingFile (3)
[2015.12.06-03.30.16:913][668]LogModuleManager: Shutting down and abandoning module SandboxFile (2)
[2015.12.06-03.30.16:933][668]LogModuleManager: Shutting down and abandoning module PakFile (1)
[2015.12.06-03.30.16:947][668]LogExit: Exiting.
[2015.12.06-03.30.16:967][668]Log file closed, 12/05/15 22:30:16
