[2015.09.07-14.27.34:922][  0]Log file open, 09/07/15 10:27:34
[2015.09.07-14.27.34:922][  0]LogInit:Display: Running engine for game: Brain
[2015.09.07-14.27.34:922][  0]LogInit:Display: RandInit(103668858) SRandInit(103668858).
[2015.09.07-14.27.34:922][  0]LogTaskGraph: Started task graph with 4 named threads and 7 total threads.
[2015.09.07-14.27.34:922][  0]LogStats: Stats thread started
[2015.09.07-14.27.34:922][  0]LogInit: Version: 4.8.3-2634408+++depot+UE4-Releases+4.8
[2015.09.07-14.27.34:922][  0]LogInit: API Version: 2579680
[2015.09.07-14.27.34:922][  0]LogInit: Compiled (64-bit): Jul 27 2015 16:24:33
[2015.09.07-14.27.34:922][  0]LogInit: Compiled with Visual C++: 18.00.21005.01
[2015.09.07-14.27.34:922][  0]LogInit: Build Configuration: Development
[2015.09.07-14.27.34:922][  0]LogInit: Branch Name: ++depot+UE4-Releases+4.8
[2015.09.07-14.27.34:922][  0]LogInit: Command line: 
[2015.09.07-14.27.34:922][  0]LogInit: Base directory: C:/Program Files/Epic Games/4.8/Engine/Binaries/Win64/
[2015.09.07-14.27.34:922][  0]LogInit: Rocket: 1
[2015.09.07-14.27.34:942][  0]LogInit: Using libcurl 7.41.0
[2015.09.07-14.27.34:942][  0]LogInit:  - built for x86_64-pc-win32
[2015.09.07-14.27.34:942][  0]LogInit:  - supports SSL with WinSSL
[2015.09.07-14.27.34:942][  0]LogInit:  - other features:
[2015.09.07-14.27.34:952][  0]LogInit:      CURL_VERSION_SSL
[2015.09.07-14.27.34:952][  0]LogInit:      CURL_VERSION_IPV6
[2015.09.07-14.27.34:952][  0]LogInit:      CURL_VERSION_ASYNCHDNS
[2015.09.07-14.27.34:952][  0]LogInit:      CURL_VERSION_LARGEFILE
[2015.09.07-14.27.34:952][  0]LogInit:      CURL_VERSION_IDN
[2015.09.07-14.27.34:952][  0]LogInit:  CurlRequestOptions (configurable via config and command line):
[2015.09.07-14.27.34:952][  0]LogInit:  - bVerifyPeer = true  - Libcurl will verify peer certificate
[2015.09.07-14.27.34:952][  0]LogInit:  - bUseHttpProxy = false  - Libcurl will NOT use HTTP proxy
[2015.09.07-14.27.34:952][  0]LogInit:  - bDontReuseConnections = false  - Libcurl will reuse connections
[2015.09.07-14.27.34:952][  0]LogInit:  - CertBundlePath = nullptr  - Libcurl will use whatever was configured at build time.
[2015.09.07-14.27.34:962][  0]LogOnline:Warning: No default platform service specified for OnlineSubsystem
[2015.09.07-14.27.35:002][  0]LogInit: Presizing for 0 objects not considered by GC, pre-allocating 0 bytes.
[2015.09.07-14.27.35:002][  0]LogInit: Object subsystem initialized
[2015.09.07-14.27.35:002][  0]LogConsoleResponse:Warning: Skipping Unknown console variable: 'TranslucentSortAxis = (X=0.000000,Y=-1.000000,Z=0.000000)'
[2015.09.07-14.27.35:002][  0]LogConsoleResponse:Warning:   Found in ini file 'C:/Users/frederic/Documents/Unreal Projects/Brain/Saved/Config/Windows/Engine.ini', in section '[/Script/Engine.RendererSettings]'
[2015.09.07-14.27.35:012][  0]LogConsoleResponse:Warning: Skipping Unknown console variable: 'UIScaleRule = ShortestSide'
[2015.09.07-14.27.35:012][  0]LogConsoleResponse:Warning:   Found in ini file 'C:/Users/frederic/Documents/Unreal Projects/Brain/Saved/Config/Windows/Engine.ini', in section '[/Script/Engine.RendererSettings]'
[2015.09.07-14.27.35:012][  0]LogConsoleResponse:Warning: Skipping Unknown console variable: 'UIScaleCurve = (EditorCurveData=(Keys=),ExternalCurve=None)'
[2015.09.07-14.27.35:012][  0]LogConsoleResponse:Warning:   Found in ini file 'C:/Users/frederic/Documents/Unreal Projects/Brain/Saved/Config/Windows/Engine.ini', in section '[/Script/Engine.RendererSettings]'
[2015.09.07-14.27.35:012][  0]LogInit: Selected Device Profile: [Windows]
[2015.09.07-14.27.35:012][  0]LogInit: Applying CVar settings loaded from the selected device profile: [Windows]
[2015.09.07-14.27.35:012][  0]LogInit: Computer: FREDERIC-PC
[2015.09.07-14.27.35:012][  0]LogInit: User: frederic
[2015.09.07-14.27.35:012][  0]LogInit: CPU Page size=4096, Cores=4
[2015.09.07-14.27.35:012][  0]LogInit: High frequency timer resolution =3.331259 MHz
[2015.09.07-14.27.35:012][  0]LogMemory: Memory total: Physical=15.9GB (16GB approx)
[2015.09.07-14.27.35:012][  0]LogMemory: Platform Memory Stats for Windows
[2015.09.07-14.27.35:012][  0]LogMemory: Process Physical Memory: 53.67 MB used, 53.67 MB peak
[2015.09.07-14.27.35:022][  0]LogMemory: Process Virtual Memory: 25.52 MB used, 29.43 MB peak
[2015.09.07-14.27.35:022][  0]LogMemory: Physical Memory: 6165.22 MB used, 16288.39 MB total
[2015.09.07-14.27.35:022][  0]LogMemory: Virtual Memory: 283.93 MB used, 8388608.00 MB total
[2015.09.07-14.27.35:094][  0]LogTextLocalizationManager: The requested culture ('fr_CA') has no localization data; falling back to 'en' for localization and internationalization data.
[2015.09.07-14.27.35:299][  0]LogTextLocalizationManager:Warning: Loaded localization resources contain conflicting entries for (Namespace:ContentBrowser, Key:ImportAssetToolTip):
Localization Resource: (C:/Program Files/Epic Games/4.8/Engine/Content/Localization/Editor/en/Editor.locres) Source String Hash: (-630476809) Localized String: (Import to {0}...)
Localization Resource: (C:/Program Files/Epic Games/4.8/Engine/Content/Localization/Editor/en/Editor.locres) Source String Hash: (1271782899) Localized String: (Imports an asset from file to this folder.)
[2015.09.07-14.27.35:742][  0]LogD3D11RHI: Found D3D11 adapter 0: NVIDIA GeForce GTX 970 (Feature Level 11_0)
[2015.09.07-14.27.35:743][  0]LogD3D11RHI: Adapter has 4008MB of dedicated video memory, 0MB of dedicated system memory, and 7888MB of shared system memory, 1 output[s]
[2015.09.07-14.27.35:750][  0]LogD3D11RHI: Found D3D11 adapter 1: Intel(R) HD Graphics 3000 (Feature Level 10_0)
[2015.09.07-14.27.35:750][  0]LogD3D11RHI: Adapter has 64MB of dedicated video memory, 0MB of dedicated system memory, and 1632MB of shared system memory, 0 output[s]
[2015.09.07-14.27.35:750][  0]LogD3D11RHI: Chosen D3D11 Adapter Id = 0
[2015.09.07-14.27.35:754][  0]LogD3D11RHI: InitD3DDevice
[2015.09.07-14.27.35:755][  0]LogD3D11RHI: !Direct3DDevice
[2015.09.07-14.27.35:755][  0]LogRHI: Texture pool is 1361 MB (70% of 1945 MB)
[2015.09.07-14.27.35:796][  0]LogD3D11RHI: Async texture creation enabled
[2015.09.07-14.27.35:811][  0]LogShaderCompilers:Display: Using Local Shader Compiler.
[2015.09.07-14.27.36:594][  0]LogTemp:Display: Loaded TP DesktopTargetPlatform
[2015.09.07-14.27.36:615][  0]LogTemp:Display: Loaded TP WindowsClientTargetPlatform
[2015.09.07-14.27.36:638][  0]LogTemp:Display: Loaded TP WindowsNoEditorTargetPlatform
[2015.09.07-14.27.36:660][  0]LogTemp:Display: Loaded TP WindowsServerTargetPlatform
[2015.09.07-14.27.36:685][  0]LogTemp:Display: Loaded TP WindowsTargetPlatform
[2015.09.07-14.27.36:702][  0]LogTemp:Display: Loaded TP AndroidTargetPlatform
[2015.09.07-14.27.36:718][  0]LogTemp:Display: Loaded TP Android_ASTCTargetPlatform
[2015.09.07-14.27.36:735][  0]LogTemp:Display: Loaded TP Android_ATCTargetPlatform
[2015.09.07-14.27.36:755][  0]LogTemp:Display: Loaded TP Android_DXTTargetPlatform
[2015.09.07-14.27.36:774][  0]LogTemp:Display: Loaded TP Android_ETC1TargetPlatform
[2015.09.07-14.27.36:794][  0]LogTemp:Display: Loaded TP Android_ETC2TargetPlatform
[2015.09.07-14.27.36:812][  0]LogTemp:Display: Loaded TP Android_PVRTCTargetPlatform
[2015.09.07-14.27.36:882][  0]LogTemp:Display: Loaded TP IOSTargetPlatform
[2015.09.07-14.27.36:898][  0]LogTemp:Display: Loaded TP LinuxNoEditorTargetPlatform
[2015.09.07-14.27.36:914][  0]LogTemp:Display: Loaded TP LinuxServerTargetPlatform
[2015.09.07-14.27.36:931][  0]LogTemp:Display: Loaded TP LinuxTargetPlatform
[2015.09.07-14.27.36:931][  0]LogTargetPlatformManager:Display: Building Assets For Windows
[2015.09.07-14.27.37:242][  0]LogDerivedDataCache:Display: Max Cache Size: 512 MB
[2015.09.07-14.27.37:295][  0]LogDerivedDataCache: Loaded boot cache 0.05s 60MB C:/Users/frederic/AppData/Local/UnrealEngine/4.8/DerivedDataCache/Boot.ddc.
[2015.09.07-14.27.37:295][  0]LogDerivedDataCache:Display: Loaded Boot cache: C:/Users/frederic/AppData/Local/UnrealEngine/4.8/DerivedDataCache/Boot.ddc
[2015.09.07-14.27.37:296][  0]LogDerivedDataCache: FDerivedDataBackendGraph:  Pak pak cache file ../../../../../../Users/frederic/Documents/Unreal Projects/Brain/DerivedDataCache/DDC.ddp not found, will not use a pak cache.
[2015.09.07-14.27.37:296][  0]LogDerivedDataCache: Unable to find inner node Pak for hierarchical cache Hierarchy.
[2015.09.07-14.27.37:296][  0]LogDerivedDataCache: FDerivedDataBackendGraph:  CompressedPak pak cache file ../../../../../../Users/frederic/Documents/Unreal Projects/Brain/DerivedDataCache/Compressed.ddp not found, will not use a pak cache.
[2015.09.07-14.27.37:297][  0]LogDerivedDataCache: Unable to find inner node CompressedPak for hierarchical cache Hierarchy.
[2015.09.07-14.27.37:443][  0]LogDerivedDataCache:Display: Pak cache opened for reading ../../../Engine/DerivedDataCache/Compressed.ddp.
[2015.09.07-14.27.37:455][  0]LogDerivedDataCache: Using Local data cache path C:/Users/frederic/AppData/Local/UnrealEngine/Common/DerivedDataCache: Writable
[2015.09.07-14.27.37:661][  0]LogInit: Selected Device Profile: [Windows]
[2015.09.07-14.27.37:668][  0]ImportText (ComponentSweepMultiTests): Missing closing parenthesis: (RootShapeAsset="/Engine/BasicShapes/Cube.Cube",ShapeType="TriggerCapsule",HitResult=(Time=0.50,Location=(X=-100.000015,Y=0.0,Z=100.000015),ImpactPoint=(X=-50.0,Y=0.0,Z=50.0),Normal=(X=-1.0,Y=-0.0,Z=0.0),ImpactNormal=(X=0.0,Y=0.0,Z=1.0),TraceStart=(X=-200.0,Y=0.0,Z=200.0),TraceEnd=(X=0.0,Y=0.0,Z=0.0))
[2015.09.07-14.27.37:669][  0]ImportText (LineTraceSingleByChannelTests): Missing closing parenthesis: (RootShapeAsset="/Engine/BasicShapes/Cube.Cube",HitResult=(Time=0.50,Location=(X=-100.000015,Y=0.0,Z=100.000015),ImpactPoint=(X=-50.0,Y=0.0,Z=50.0),Normal=(X=-1.0,Y=-0.0,Z=0.0),ImpactNormal=(X=0.0,Y=0.0,Z=1.0),TraceStart=(X=-200.0,Y=0.0,Z=200.0),TraceEnd=(X=0.0,Y=0.0,Z=0.0))
[2015.09.07-14.27.37:707][  0]LogMeshUtilities: No automatic mesh reduction module available
[2015.09.07-14.27.37:707][  0]LogMeshUtilities: No automatic mesh merging module available
[2015.09.07-14.27.38:114][  0]LogInit: WinSock: version 1.1 (2.2), MaxSocks=32767, MaxUdp=65467
[2015.09.07-14.27.39:294][  0]UdpMessaging: Initializing bridge on interface 0.0.0.0:0 to multicast group 230.0.0.1:6666.
[2015.09.07-14.27.40:087][  0]SourceControl: Info Source control is disabled
[2015.09.07-14.27.40:111][  0]SourceControl: Info Source control is disabled
[2015.09.07-14.27.40:130][  0]SourceControl: Info Source control is disabled
[2015.09.07-14.27.40:151][  0]SourceControl: Info Source control is disabled
[2015.09.07-14.27.40:472][  0]LogObj: 31152 objects as part of root set at end of initial load.
[2015.09.07-14.27.40:472][  0]LogUObjectAllocator: 7101040 out of 0 bytes used by permanent object pool.
[2015.09.07-14.27.40:560][  0]LogEngine: Initializing Engine...
[2015.09.07-14.27.40:563][  0]LogHMD: Can't find Oculus library dev build: is proper Runtime installed? Version: 0.6.0.0
[2015.09.07-14.27.40:568][  0]LogHMD:Warning: SteamVR failed to initialize.  Error: 110
[2015.09.07-14.27.40:728][  0]LogAIModule: Creating AISystem for world NewWorld
[2015.09.07-14.27.40:742][  0]LogInit: XAudio2 using 'Haut-parleurs (C-Media USB Audio Device   )' : 2 channels at 44.1 kHz using 16 bits per sample (channel mask 0x3)
[2015.09.07-14.27.40:751][  0]LogInit: FAudioDevice initialized.
[2015.09.07-14.27.40:780][  0]LogDerivedDataCache: Saved boot cache 0.03s 60MB C:/Users/frederic/AppData/Local/UnrealEngine/4.8/DerivedDataCache/Boot.ddc.
[2015.09.07-14.27.40:788][  0]LogInit: Texture streaming: Disabled
[2015.09.07-14.27.40:820][  0]LogAnalytics: Creating configured Analytics provider AnalyticsET
[2015.09.07-14.27.40:820][  0]LogAnalytics: [UEEditor.Rocket.Release] APIServer = http://et2.epicgames.com/ET2/. AppVersion = 4.8.3-2634408+++depot+UE4-Releases+4.8
[2015.09.07-14.27.40:821][  0]LogAnalytics: [UEEditor.Rocket.Release] SetUserId c8da8d664a36a98701fe659c10ae4ff8|70626fa7f476448fb82ad9618fbbb1ab|00e7fb16-00c3-4af4-a2a1-2cc8013aae38
[2015.09.07-14.27.40:821][  0]LogAnalytics: [UEEditor.Rocket.Release] AnalyticsET::StartSession
[2015.09.07-14.27.40:852][  0]LogInit: Transaction tracking system initialized
[2015.09.07-14.27.41:052][  0]BlueprintLog: New page: Editor Load
[2015.09.07-14.27.41:098][  0]LogAssetRegistry: FAssetRegistry took 0.0108 seconds to start up
[2015.09.07-14.27.41:099][  0]LogDirectoryWatcher:Warning: Failed to begin reading directory changes for ../../../Engine/Plugins/Experimental/CharacterAI/Content/. Error: 0
[2015.09.07-14.27.42:095][  0]LogConsoleManager:Warning: Console variable 'r.VSync' wasn't set ('GameSetting' has a lower priority than 'SystemSettingsIni')
[2015.09.07-14.27.42:096][  0]LogConsoleResponse:Display: 
[2015.09.07-14.27.42:192][  0]LogCook:Display: Done creating registry. It took  0.00s.
[2015.09.07-14.27.42:450][  0]SourceControl: Info Source control is disabled
[2015.09.07-14.27.42:451][  0]Cmd: MAP LOAD FILE="../../../../../../Users/frederic/Documents/Unreal Projects/Brain/Content/FirstPerson/Maps/FirstPersonExampleMap.umap" TEMPLATE=0 SHOWPROGRESS=1 FEATURELEVEL=3
[2015.09.07-14.27.42:452][  0]LightingResults: New page: Lighting Build
[2015.09.07-14.27.42:467][  0]MapCheck: New page: Map Check
[2015.09.07-14.27.42:467][  0]LightingResults: New page: Lighting Build
[2015.09.07-14.27.42:477][  0]LogParticles: Destroying 0 GPU particle simulations for FXSystem 0x000000001FDDC9A0
[2015.09.07-14.27.43:100][  0]LogAIModule: Creating AISystem for world FirstPersonExampleMap
[2015.09.07-14.27.43:109][  0]LogEditorServer: Finished looking for orphan Actors (0.000 secs)
[2015.09.07-14.27.44:180][  0]Cmd: MAP CHECKDEP NOCLEARLOG
[2015.09.07-14.27.44:220][  0]MapCheck: Info Map check complete: 0 Error(s), 0 Warning(s), took 38.863ms to complete.
[2015.09.07-14.27.44:220][  0]LogFileHelpers: Loading map 'FirstPersonExampleMap' took 1.769
[2015.09.07-14.27.44:350][  0]LogCollectionManager: Loaded 0 collections in 0.001996 seconds
[2015.09.07-14.27.44:358][  0]LogContentBrowser: Native class hierarchy populated in 0.0077 seconds. Added 1798 classes and 303 folders.
[2015.09.07-14.27.44:436][  0]LogContentBrowser: Native class hierarchy updated for 'WidgetCarousel' in 0.0020 seconds. Added 0 classes and 0 folders.
[2015.09.07-14.27.44:482][  0]LogContentBrowser: Native class hierarchy updated for 'AddContentDialog' in 0.0024 seconds. Added 0 classes and 0 folders.
[2015.09.07-14.27.44:519][  0]LogContentBrowser: Native class hierarchy updated for 'SceneOutliner' in 0.0024 seconds. Added 1 classes and 2 folders.
[2015.09.07-14.27.44:576][  0]LogCrashTracker: Crashtracker disabled due to settings.
[2015.09.07-14.27.44:578][  0]LogD3D11RHI: InitD3DDevice
[2015.09.07-14.27.44:581][  0]LogUObjectGlobals:Warning: Failed to find object 'Class None.'
[2015.09.07-14.27.44:603][  0]LogLoad: Full Startup: 11.64 seconds (BP compile: 0.24 seconds)
[2015.09.07-14.27.44:675][  0]LogContentStreaming: Texture pool size is 0.000000MB
[2015.09.07-14.27.44:713][  0]LogContentStreaming: Texture pool size now 1000 MB
[2015.09.07-14.27.44:831][  0]LogRenderer: Reallocating scene render targets to support 1208x560 (Frame:2).
[2015.09.07-14.27.45:281][  6]LogAssetRegistry: Asset discovery search completed in 4.1939 seconds
[2015.09.07-14.27.45:326][  7]LogD3D11RHI: InitD3DDevice
[2015.09.07-14.27.46:547][146]LogPlayLevel: PIE:  No blueprints needed recompiling
[2015.09.07-14.27.46:549][146]PIE: New page: PIE session: FirstPersonExampleMap (Sep 7, 2015, 6:27:46 AM)
[2015.09.07-14.27.46:550][146]LogPlayLevel: Creating play world package: /Game/FirstPerson/Maps/UEDPIE_0_FirstPersonExampleMap
[2015.09.07-14.27.46:567][146]LogPlayLevel: PIE: StaticDuplicateObject took: (0.016575s)
[2015.09.07-14.27.46:568][146]LogAIModule: Creating AISystem for world FirstPersonExampleMap
[2015.09.07-14.27.46:569][146]LogPlayLevel: PIE: World Init took: (0.001872s)
[2015.09.07-14.27.46:570][146]LogPlayLevel: PIE: Created PIE world by copying editor world from /Game/FirstPerson/Maps/FirstPersonExampleMap.FirstPersonExampleMap to /Game/FirstPerson/Maps/UEDPIE_0_FirstPersonExampleMap.FirstPersonExampleMap (0.020111s)
[2015.09.07-14.27.46:570][146]