[2015.09.07-17.18.28:579][  0]Log file open, 09/07/15 13:18:28
[2015.09.07-17.18.28:579][  0]LogInit:Display: Running engine for game: Brain
[2015.09.07-17.18.28:579][  0]LogInit:Display: RandInit(1594735808) SRandInit(1594735808).
[2015.09.07-17.18.28:579][  0]LogTaskGraph: Started task graph with 4 named threads and 7 total threads.
[2015.09.07-17.18.28:579][  0]LogStats: Stats thread started
[2015.09.07-17.18.28:579][  0]LogInit: Version: 4.8.3-2634408+++depot+UE4-Releases+4.8
[2015.09.07-17.18.28:579][  0]LogInit: API Version: 2579680
[2015.09.07-17.18.28:579][  0]LogInit: Compiled (64-bit): Jul 27 2015 16:24:33
[2015.09.07-17.18.28:579][  0]LogInit: Compiled with Visual C++: 18.00.21005.01
[2015.09.07-17.18.28:579][  0]LogInit: Build Configuration: Development
[2015.09.07-17.18.28:579][  0]LogInit: Branch Name: ++depot+UE4-Releases+4.8
[2015.09.07-17.18.28:579][  0]LogInit: Command line: 
[2015.09.07-17.18.28:579][  0]LogInit: Base directory: C:/Program Files/Epic Games/4.8/Engine/Binaries/Win64/
[2015.09.07-17.18.28:579][  0]LogInit: Rocket: 1
[2015.09.07-17.18.28:609][  0]LogInit: Using libcurl 7.41.0
[2015.09.07-17.18.28:609][  0]LogInit:  - built for x86_64-pc-win32
[2015.09.07-17.18.28:609][  0]LogInit:  - supports SSL with WinSSL
[2015.09.07-17.18.28:609][  0]LogInit:  - other features:
[2015.09.07-17.18.28:609][  0]LogInit:      CURL_VERSION_SSL
[2015.09.07-17.18.28:609][  0]LogInit:      CURL_VERSION_IPV6
[2015.09.07-17.18.28:609][  0]LogInit:      CURL_VERSION_ASYNCHDNS
[2015.09.07-17.18.28:609][  0]LogInit:      CURL_VERSION_LARGEFILE
[2015.09.07-17.18.28:609][  0]LogInit:      CURL_VERSION_IDN
[2015.09.07-17.18.28:609][  0]LogInit:  CurlRequestOptions (configurable via config and command line):
[2015.09.07-17.18.28:609][  0]LogInit:  - bVerifyPeer = true  - Libcurl will verify peer certificate
[2015.09.07-17.18.28:609][  0]LogInit:  - bUseHttpProxy = false  - Libcurl will NOT use HTTP proxy
[2015.09.07-17.18.28:609][  0]LogInit:  - bDontReuseConnections = false  - Libcurl will reuse connections
[2015.09.07-17.18.28:609][  0]LogInit:  - CertBundlePath = nullptr  - Libcurl will use whatever was configured at build time.
[2015.09.07-17.18.28:629][  0]LogOnline:Warning: No default platform service specified for OnlineSubsystem
[2015.09.07-17.18.28:659][  0]LogInit: Presizing for 0 objects not considered by GC, pre-allocating 0 bytes.
[2015.09.07-17.18.28:669][  0]LogInit: Object subsystem initialized
[2015.09.07-17.18.28:669][  0]LogConsoleResponse:Warning: Skipping Unknown console variable: 'TranslucentSortAxis = (X=0.000000,Y=-1.000000,Z=0.000000)'
[2015.09.07-17.18.28:669][  0]LogConsoleResponse:Warning:   Found in ini file 'C:/Users/frederic/Documents/Unreal Projects/Brain/Saved/Config/Windows/Engine.ini', in section '[/Script/Engine.RendererSettings]'
[2015.09.07-17.18.28:669][  0]LogConsoleResponse:Warning: Skipping Unknown console variable: 'UIScaleRule = ShortestSide'
[2015.09.07-17.18.28:669][  0]LogConsoleResponse:Warning:   Found in ini file 'C:/Users/frederic/Documents/Unreal Projects/Brain/Saved/Config/Windows/Engine.ini', in section '[/Script/Engine.RendererSettings]'
[2015.09.07-17.18.28:669][  0]LogConsoleResponse:Warning: Skipping Unknown console variable: 'UIScaleCurve = (EditorCurveData=(Keys=),ExternalCurve=None)'
[2015.09.07-17.18.28:669][  0]LogConsoleResponse:Warning:   Found in ini file 'C:/Users/frederic/Documents/Unreal Projects/Brain/Saved/Config/Windows/Engine.ini', in section '[/Script/Engine.RendererSettings]'
[2015.09.07-17.18.28:669][  0]LogInit: Selected Device Profile: [Windows]
[2015.09.07-17.18.28:669][  0]LogInit: Applying CVar settings loaded from the selected device profile: [Windows]
[2015.09.07-17.18.28:679][  0]LogInit: Computer: FREDERIC-PC
[2015.09.07-17.18.28:679][  0]LogInit: User: frederic
[2015.09.07-17.18.28:679][  0]LogInit: CPU Page size=4096, Cores=4
[2015.09.07-17.18.28:679][  0]LogInit: High frequency timer resolution =3.331269 MHz
[2015.09.07-17.18.28:679][  0]LogMemory: Memory total: Physical=15.9GB (16GB approx)
[2015.09.07-17.18.28:679][  0]LogMemory: Platform Memory Stats for Windows
[2015.09.07-17.18.28:679][  0]LogMemory: Process Physical Memory: 56.00 MB used, 56.00 MB peak
[2015.09.07-17.18.28:679][  0]LogMemory: Process Virtual Memory: 27.82 MB used, 27.82 MB peak
[2015.09.07-17.18.28:679][  0]LogMemory: Physical Memory: 7942.71 MB used, 16288.39 MB total
[2015.09.07-17.18.28:679][  0]LogMemory: Virtual Memory: 286.06 MB used, 8388608.00 MB total
[2015.09.07-17.18.28:758][  0]LogTextLocalizationManager: The requested culture ('fr_CA') has no localization data; falling back to 'en' for localization and internationalization data.
[2015.09.07-17.18.28:963][  0]LogTextLocalizationManager:Warning: Loaded localization resources contain conflicting entries for (Namespace:ContentBrowser, Key:ImportAssetToolTip):
Localization Resource: (C:/Program Files/Epic Games/4.8/Engine/Content/Localization/Editor/en/Editor.locres) Source String Hash: (-630476809) Localized String: (Import to {0}...)
Localization Resource: (C:/Program Files/Epic Games/4.8/Engine/Content/Localization/Editor/en/Editor.locres) Source String Hash: (1271782899) Localized String: (Imports an asset from file to this folder.)
[2015.09.07-17.18.29:426][  0]LogD3D11RHI: Found D3D11 adapter 0: NVIDIA GeForce GTX 970 (Feature Level 11_0)
[2015.09.07-17.18.29:426][  0]LogD3D11RHI: Adapter has 4008MB of dedicated video memory, 0MB of dedicated system memory, and 7888MB of shared system memory, 1 output[s]
[2015.09.07-17.18.29:433][  0]LogD3D11RHI: Found D3D11 adapter 1: Intel(R) HD Graphics 3000 (Feature Level 10_0)
[2015.09.07-17.18.29:433][  0]LogD3D11RHI: Adapter has 64MB of dedicated video memory, 0MB of dedicated system memory, and 1632MB of shared system memory, 0 output[s]
[2015.09.07-17.18.29:434][  0]LogD3D11RHI: Chosen D3D11 Adapter Id = 0
[2015.09.07-17.18.29:438][  0]LogD3D11RHI: InitD3DDevice
[2015.09.07-17.18.29:438][  0]LogD3D11RHI: !Direct3DDevice
[2015.09.07-17.18.29:439][  0]LogRHI: Texture pool is 1361 MB (70% of 1945 MB)
[2015.09.07-17.18.29:480][  0]LogD3D11RHI: Async texture creation enabled
[2015.09.07-17.18.29:495][  0]LogShaderCompilers:Display: Using Local Shader Compiler.
[2015.09.07-17.18.30:292][  0]LogTemp:Display: Loaded TP DesktopTargetPlatform
[2015.09.07-17.18.30:313][  0]LogTemp:Display: Loaded TP WindowsClientTargetPlatform
[2015.09.07-17.18.30:336][  0]LogTemp:Display: Loaded TP WindowsNoEditorTargetPlatform
[2015.09.07-17.18.30:358][  0]LogTemp:Display: Loaded TP WindowsServerTargetPlatform
[2015.09.07-17.18.30:382][  0]LogTemp:Display: Loaded TP WindowsTargetPlatform
[2015.09.07-17.18.30:399][  0]LogTemp:Display: Loaded TP AndroidTargetPlatform
[2015.09.07-17.18.30:415][  0]LogTemp:Display: Loaded TP Android_ASTCTargetPlatform
[2015.09.07-17.18.30:432][  0]LogTemp:Display: Loaded TP Android_ATCTargetPlatform
[2015.09.07-17.18.30:452][  0]LogTemp:Display: Loaded TP Android_DXTTargetPlatform
[2015.09.07-17.18.30:470][  0]LogTemp:Display: Loaded TP Android_ETC1TargetPlatform
[2015.09.07-17.18.30:490][  0]LogTemp:Display: Loaded TP Android_ETC2TargetPlatform
[2015.09.07-17.18.30:509][  0]LogTemp:Display: Loaded TP Android_PVRTCTargetPlatform
[2015.09.07-17.18.30:580][  0]LogTemp:Display: Loaded TP IOSTargetPlatform
[2015.09.07-17.18.30:596][  0]LogTemp:Display: Loaded TP LinuxNoEditorTargetPlatform
[2015.09.07-17.18.30:612][  0]LogTemp:Display: Loaded TP LinuxServerTargetPlatform
[2015.09.07-17.18.30:630][  0]LogTemp:Display: Loaded TP LinuxTargetPlatform
[2015.09.07-17.18.30:631][  0]LogTargetPlatformManager:Display: Building Assets For Windows
[2015.09.07-17.18.30:947][  0]LogDerivedDataCache:Display: Max Cache Size: 512 MB
[2015.09.07-17.18.31:016][  0]LogDerivedDataCache: Loaded boot cache 0.07s 84MB C:/Users/frederic/AppData/Local/UnrealEngine/4.8/DerivedDataCache/Boot.ddc.
[2015.09.07-17.18.31:017][  0]LogDerivedDataCache:Display: Loaded Boot cache: C:/Users/frederic/AppData/Local/UnrealEngine/4.8/DerivedDataCache/Boot.ddc
[2015.09.07-17.18.31:017][  0]LogDerivedDataCache: FDerivedDataBackendGraph:  Pak pak cache file ../../../../../../Users/frederic/Documents/Unreal Projects/Brain/DerivedDataCache/DDC.ddp not found, will not use a pak cache.
[2015.09.07-17.18.31:018][  0]LogDerivedDataCache: Unable to find inner node Pak for hierarchical cache Hierarchy.
[2015.09.07-17.18.31:018][  0]LogDerivedDataCache: FDerivedDataBackendGraph:  CompressedPak pak cache file ../../../../../../Users/frederic/Documents/Unreal Projects/Brain/DerivedDataCache/Compressed.ddp not found, will not use a pak cache.
[2015.09.07-17.18.31:018][  0]LogDerivedDataCache: Unable to find inner node CompressedPak for hierarchical cache Hierarchy.
[2015.09.07-17.18.31:164][  0]LogDerivedDataCache:Display: Pak cache opened for reading ../../../Engine/DerivedDataCache/Compressed.ddp.
[2015.09.07-17.18.31:176][  0]LogDerivedDataCache: Using Local data cache path C:/Users/frederic/AppData/Local/UnrealEngine/Common/DerivedDataCache: Writable
[2015.09.07-17.18.31:386][  0]LogInit: Selected Device Profile: [Windows]
[2015.09.07-17.18.31:394][  0]ImportText (ComponentSweepMultiTests): Missing closing parenthesis: (RootShapeAsset="/Engine/BasicShapes/Cube.Cube",ShapeType="TriggerCapsule",HitResult=(Time=0.50,Location=(X=-100.000015,Y=0.0,Z=100.000015),ImpactPoint=(X=-50.0,Y=0.0,Z=50.0),Normal=(X=-1.0,Y=-0.0,Z=0.0),ImpactNormal=(X=0.0,Y=0.0,Z=1.0),TraceStart=(X=-200.0,Y=0.0,Z=200.0),TraceEnd=(X=0.0,Y=0.0,Z=0.0))
[2015.09.07-17.18.31:395][  0]ImportText (LineTraceSingleByChannelTests): Missing closing parenthesis: (RootShapeAsset="/Engine/BasicShapes/Cube.Cube",HitResult=(Time=0.50,Location=(X=-100.000015,Y=0.0,Z=100.000015),ImpactPoint=(X=-50.0,Y=0.0,Z=50.0),Normal=(X=-1.0,Y=-0.0,Z=0.0),ImpactNormal=(X=0.0,Y=0.0,Z=1.0),TraceStart=(X=-200.0,Y=0.0,Z=200.0),TraceEnd=(X=0.0,Y=0.0,Z=0.0))
[2015.09.07-17.18.31:433][  0]LogMeshUtilities: No automatic mesh reduction module available
[2015.09.07-17.18.31:433][  0]LogMeshUtilities: No automatic mesh merging module available
[2015.09.07-17.18.31:850][  0]LogInit: WinSock: version 1.1 (2.2), MaxSocks=32767, MaxUdp=65467
[2015.09.07-17.18.33:037][  0]UdpMessaging: Initializing bridge on interface 0.0.0.0:0 to multicast group 230.0.0.1:6666.
[2015.09.07-17.18.33:842][  0]SourceControl: Info Source control is disabled
[2015.09.07-17.18.33:865][  0]SourceControl: Info Source control is disabled
[2015.09.07-17.18.33:884][  0]SourceControl: Info Source control is disabled
[2015.09.07-17.18.33:905][  0]SourceControl: Info Source control is disabled
[2015.09.07-17.18.34:219][  0]LogObj: 31157 objects as part of root set at end of initial load.
[2015.09.07-17.18.34:220][  0]LogUObjectAllocator: 7104000 out of 0 bytes used by permanent object pool.
[2015.09.07-17.18.34:308][  0]LogEngine: Initializing Engine...
[2015.09.07-17.18.34:311][  0]LogHMD: Can't find Oculus library dev build: is proper Runtime installed? Version: 0.6.0.0
[2015.09.07-17.18.34:315][  0]LogHMD:Warning: SteamVR failed to initialize.  Error: 110
[2015.09.07-17.18.34:472][  0]LogAIModule: Creating AISystem for world NewWorld
[2015.09.07-17.18.34:485][  0]LogInit: XAudio2 using 'Haut-parleurs (C-Media USB Audio Device   )' : 2 channels at 44.1 kHz using 16 bits per sample (channel mask 0x3)
[2015.09.07-17.18.34:495][  0]LogInit: FAudioDevice initialized.
[2015.09.07-17.18.34:534][  0]LogDerivedDataCache: Saved boot cache 0.04s 84MB C:/Users/frederic/AppData/Local/UnrealEngine/4.8/DerivedDataCache/Boot.ddc.
[2015.09.07-17.18.34:545][  0]LogInit: Texture streaming: Disabled
[2015.09.07-17.18.34:579][  0]LogAnalytics: Creating configured Analytics provider AnalyticsET
[2015.09.07-17.18.34:579][  0]LogAnalytics: [UEEditor.Rocket.Release] APIServer = http://et2.epicgames.com/ET2/. AppVersion = 4.8.3-2634408+++depot+UE4-Releases+4.8
[2015.09.07-17.18.34:580][  0]LogAnalytics: [UEEditor.Rocket.Release] SetUserId c8da8d664a36a98701fe659c10ae4ff8|70626fa7f476448fb82ad9618fbbb1ab|00e7fb16-00c3-4af4-a2a1-2cc8013aae38
[2015.09.07-17.18.34:580][  0]LogAnalytics: [UEEditor.Rocket.Release] AnalyticsET::StartSession
[2015.09.07-17.18.34:613][  0]LogInit: Transaction tracking system initialized
[2015.09.07-17.18.34:821][  0]BlueprintLog: New page: Editor Load
[2015.09.07-17.18.34:868][  0]LogAssetRegistry: FAssetRegistry took 0.0102 seconds to start up
[2015.09.07-17.18.34:869][  0]LogDirectoryWatcher:Warning: Failed to begin reading directory changes for ../../../Engine/Plugins/Experimental/CharacterAI/Content/. Error: 0
[2015.09.07-17.18.35:885][  0]LogConsoleManager:Warning: Console variable 'r.VSync' wasn't set ('GameSetting' has a lower priority than 'SystemSettingsIni')
[2015.09.07-17.18.35:885][  0]LogConsoleResponse:Display: 
[2015.09.07-17.18.35:982][  0]LogCook:Display: Done creating registry. It took  0.00s.
[2015.09.07-17.18.36:240][  0]SourceControl: Info Source control is disabled
[2015.09.07-17.18.36:241][  0]Cmd: MAP LOAD FILE="../../../../../../Users/frederic/Documents/Unreal Projects/Brain/Content/FirstPerson/Maps/FirstPersonExampleMap.umap" TEMPLATE=0 SHOWPROGRESS=1 FEATURELEVEL=3
[2015.09.07-17.18.36:242][  0]LightingResults: New page: Lighting Build
[2015.09.07-17.18.36:257][  0]MapCheck: New page: Map Check
[2015.09.07-17.18.36:257][  0]LightingResults: New page: Lighting Build
[2015.09.07-17.18.36:267][  0]LogParticles: Destroying 0 GPU particle simulations for FXSystem 0x0000000021A339C0
[2015.09.07-17.18.36:899][  0]LogAIModule: Creating AISystem for world FirstPersonExampleMap
[2015.09.07-17.18.36:908][  0]LogEditorServer: Finished looking for orphan Actors (0.000 secs)
[2015.09.07-17.18.37:937][  0]Cmd: MAP CHECKDEP NOCLEARLOG
[2015.09.07-17.18.37:975][  0]MapCheck: Info Map check complete: 0 Error(s), 0 Warning(s), took 37.881ms to complete.
[2015.09.07-17.18.37:976][  0]LogFileHelpers: Loading map 'FirstPersonExampleMap' took 1.735
[2015.09.07-17.18.38:109][  0]LogCollectionManager: Loaded 0 collections in 0.001934 seconds
[2015.09.07-17.18.38:117][  0]LogContentBrowser: Native class hierarchy populated in 0.0073 seconds. Added 1799 classes and 303 folders.
[2015.09.07-17.18.38:181][  0]LogContentBrowser: Native class hierarchy updated for 'WidgetCarousel' in 0.0014 seconds. Added 0 classes and 0 folders.
[2015.09.07-17.18.38:217][  0]LogContentBrowser: Native class hierarchy updated for 'AddContentDialog' in 0.0013 seconds. Added 0 classes and 0 folders.
[2015.09.07-17.18.38:246][  0]LogContentBrowser: Native class hierarchy updated for 'SceneOutliner' in 0.0013 seconds. Added 1 classes and 2 folders.
[2015.09.07-17.18.38:351][  0]LogCrashTracker: Crashtracker disabled due to settings.
[2015.09.07-17.18.38:354][  0]LogD3D11RHI: InitD3DDevice
[2015.09.07-17.18.38:361][  0]LogUObjectGlobals:Warning: Failed to find object 'Class None.'
[2015.09.07-17.18.38:384][  0]LogLoad: Full Startup: 11.80 seconds (BP compile: 0.25 seconds)
[2015.09.07-17.18.38:484][  0]LogContentStreaming: Texture pool size is 0.000000MB
[2015.09.07-17.18.38:527][  0]LogContentStreaming: Texture pool size now 1000 MB
[2015.09.07-17.18.38:642][  0]LogRenderer: Reallocating scene render targets to support 1208x560 (Frame:2).
[2015.09.07-17.18.39:095][  7]LogAssetRegistry: Asset discovery search completed in 4.2375 seconds
[2015.09.07-17.18.40:346][148]LogEditorViewport: Clicking on Actor (LMB): StaticMeshActor (EditorCube21)
[2015.09.07-17.18.40:964][215]LogD3D11RHI: InitD3DDevice
[2015.09.07-17.19.02:761][803]LogD3D11RHI: InitD3DDevice
[2015.09.07-17.19.02:874][816]LogEditor: Attempting to add actor of class 'BrainInteractiveObject' to level at 570.00,760.00,360.00
[2015.09.07-17.19.03:658][908]LogEditor: Attempting to add actor of class 'BrainInteractiveObject' to level at -340.00,-280.00,140.00
[2015.09.07-17.19.17:184][524]LogD3D11RHI: InitD3DDevice
[2015.09.07-17.19.53:207][835]LogD3D11RHI: InitD3DDevice
[2015.09.07-17.19.53:231][835]LogActorComponent: UnregisterComponent: (/Engine/Transient.CharMoveComp) Not registered. Aborting.
[2015.09.07-17.19.54:848][835]LogSavePackage: Save=1559.357422ms
[2015.09.07-17.19.54:848][835]LogSavePackage: Moving '../../../../../../Users/frederic/Documents/Unreal Projects/Brain/Saved/FirstPersonExampleMap24517CC749EE351C1C3C89B300D3880E.tmp' to '../../../../../../Users/frederic/Documents/Unreal Projects/Brain/Content/FirstPerson/Maps/FirstPersonExampleMap.umap'
[2015.09.07-17.19.59:764][420]LogPlayLevel: PIE:  No blueprints needed recompiling
[2015.09.07-17.19.59:776][420]PIE: New page: PIE session: FirstPersonExampleMap (Sep 7, 2015, 9:19:59 AM)
[2015.09.07-17.19.59:777][420]LogPlayLevel: Creating play world package: /Game/FirstPerson/Maps/UEDPIE_0_FirstPersonExampleMap
[2015.09.07-17.19.59:794][420]LogPlayLevel: PIE: StaticDuplicateObject took: (0.016479s)
[2015.09.07-17.19.59:795][420]LogAIModule: Creating AISystem for world FirstPersonExampleMap
[2015.09.07-17.19.59:796][420]LogPlayLevel: PIE: World Init took: (0.001594s)
[2015.09.07-17.19.59:797][420]LogPlayLevel: PIE: Created PIE world by copying editor world from /Game/FirstPerson/Maps/FirstPersonExampleMap.FirstPersonExampleMap to /Game/FirstPerson/Maps/UEDPIE_0_FirstPersonExampleMap.FirstPersonExampleMap (0.019815s)
[2015.09.07-17.19.59:824][420]LogInit: XAudio2 using 'Haut-parleurs (C-Media USB Audio Device   )' : 2 channels at 44.1 kHz using 16 bits per sample (channel mask 0x3)
[2015.09.07-17.19.59:830][420]LogInit: FAudioDevice initialized.
[2015.09.07-17.19.59:886][420]LogWorld: Game class is 'BrainGameMode'
[2015.09.07-17.19.59:893][420]LogWorld: Bringing World /Game/FirstPerson/Maps/UEDPIE_0_FirstPersonExampleMap.FirstPersonExampleMap up for play (max tick rate 0) at 2015.09.07-13.19.59
[2015.09.07-17.19.59:893][420]LogActor:Warning: GameSession /Game/FirstPerson/Maps/UEDPIE_0_FirstPersonExampleMap.FirstPersonExampleMap:PersistentLevel.GameSession_0 has natively added scene component(s), but none of them were set as the actor's RootComponent - picking one arbitrarily
[2015.09.07-17.19.59:894][420]LogActor:Warning: GameNetworkManager /Game/FirstPerson/Maps/UEDPIE_0_FirstPersonExampleMap.FirstPersonExampleMap:PersistentLevel.GameNetworkManager_0 has natively added scene component(s), but none of them were set as the actor's RootComponent - picking one arbitrarily
[2015.09.07-17.19.59:894][420]LogWorld: Bringing up level for play took: 0.005841
[2015.09.07-17.19.59:897][420]PIE: Info Play in editor start time for /Game/FirstPerson/Maps/UEDPIE_0_FirstPersonExampleMap 0.469
[2015.09.07-17.20.09:129][497]LogParticles: Destroying 0 GPU particle simulations for FXSystem 0x000000001381C540
[2015.09.07-17.20.22:235][  0]LogD3D11RHI: InitD3DDevice
[2015.09.07-17.20.24:324][  0]LogSavePackage: Save=2060.786133ms
[2015.09.07-17.20.24:325][  0]LogSavePackage: Moving '../../../../../../Users/frederic/Documents/Unreal Projects/Brain/Saved/FirstPersonExampleMapA6CC981F4A2E2F3B2E891AB156132CC0.tmp' to '../../../../../../Users/frederic/Documents/Unreal Projects/Brain/Content/FirstPerson/Maps/FirstPersonExampleMap.umap'
[2015.09.07-17.20.24:855][ 59]LogPlayLevel: PIE:  No blueprints needed recompiling
[2015.09.07-17.20.24:855][ 59]PIE: New page: PIE session: FirstPersonExampleMap (Sep 7, 2015, 9:20:24 AM)
[2015.09.07-17.20.24:856][ 59]LogPlayLevel: Creating play world package: /Game/FirstPerson/Maps/UEDPIE_0_FirstPersonExampleMap
[2015.09.07-17.20.24:873][ 59]LogPlayLevel: PIE: StaticDuplicateObject took: (0.016608s)
[2015.09.07-17.20.24:874][ 59]LogAIModule: Creating AISystem for world FirstPersonExampleMap
[2015.09.07-17.20.24:875][ 59]LogPlayLevel: PIE: World Init took: (0.001397s)
[2015.09.07-17.20.24:876][ 59]LogPlayLevel: PIE: Created PIE world by copying editor world from /Game/FirstPerson/Maps/FirstPersonExampleMap.FirstPersonExampleMap to /Game/FirstPerson/Maps/UEDPIE_0_FirstPersonExampleMap.FirstPersonExampleMap (0.019612s)
[2015.09.07-17.20.24:904][ 59]LogInit: XAudio2 using 'Haut-parleurs (C-Media USB Audio Device   )' : 2 channels at 44.1 kHz using 16 bits per sample (channel mask 0x3)
[2015.09.07-17.20.24:911][ 59]LogInit: FAudioDevice initialized.
[2015.09.07-17.20.24:943][ 59]LogWorld: Game class is 'BrainGameMode'
[2015.09.07-17.20.24:950][ 59]LogWorld: Bringing World /Game/FirstPerson/Maps/UEDPIE_0_Firs