[2015.09.07-01.43.19:461][  0]Log file open, 09/06/15 21:43:19
[2015.09.07-01.43.19:461][  0]LogInit:Display: Running engine for game: Brain
[2015.09.07-01.43.19:462][  0]LogInit:Display: RandInit(-1092121659) SRandInit(-1092121659).
[2015.09.07-01.43.19:463][  0]LogTaskGraph: Started task graph with 4 named threads and 7 total threads.
[2015.09.07-01.43.19:463][  0]LogStats: Stats thread started
[2015.09.07-01.43.19:463][  0]LogInit: Version: 4.8.3-2634408+++depot+UE4-Releases+4.8
[2015.09.07-01.43.19:464][  0]LogInit: API Version: 2579680
[2015.09.07-01.43.19:464][  0]LogInit: Compiled (64-bit): Jul 27 2015 16:24:33
[2015.09.07-01.43.19:464][  0]LogInit: Compiled with Visual C++: 18.00.21005.01
[2015.09.07-01.43.19:464][  0]LogInit: Build Configuration: Development
[2015.09.07-01.43.19:465][  0]LogInit: Branch Name: ++depot+UE4-Releases+4.8
[2015.09.07-01.43.19:465][  0]LogInit: Command line: 
[2015.09.07-01.43.19:465][  0]LogInit: Base directory: C:/Program Files/Epic Games/4.8/Engine/Binaries/Win64/
[2015.09.07-01.43.19:465][  0]LogInit: Rocket: 1
[2015.09.07-01.43.19:483][  0]LogInit: Using libcurl 7.41.0
[2015.09.07-01.43.19:483][  0]LogInit:  - built for x86_64-pc-win32
[2015.09.07-01.43.19:484][  0]LogInit:  - supports SSL with WinSSL
[2015.09.07-01.43.19:484][  0]LogInit:  - other features:
[2015.09.07-01.43.19:484][  0]LogInit:      CURL_VERSION_SSL
[2015.09.07-01.43.19:485][  0]LogInit:      CURL_VERSION_IPV6
[2015.09.07-01.43.19:485][  0]LogInit:      CURL_VERSION_ASYNCHDNS
[2015.09.07-01.43.19:485][  0]LogInit:      CURL_VERSION_LARGEFILE
[2015.09.07-01.43.19:485][  0]LogInit:      CURL_VERSION_IDN
[2015.09.07-01.43.19:486][  0]LogInit:  CurlRequestOptions (configurable via config and command line):
[2015.09.07-01.43.19:486][  0]LogInit:  - bVerifyPeer = true  - Libcurl will verify peer certificate
[2015.09.07-01.43.19:486][  0]LogInit:  - bUseHttpProxy = false  - Libcurl will NOT use HTTP proxy
[2015.09.07-01.43.19:486][  0]LogInit:  - bDontReuseConnections = false  - Libcurl will reuse connections
[2015.09.07-01.43.19:487][  0]LogInit:  - CertBundlePath = nullptr  - Libcurl will use whatever was configured at build time.
[2015.09.07-01.43.19:502][  0]LogOnline:Warning: No default platform service specified for OnlineSubsystem
[2015.09.07-01.43.19:538][  0]LogInit: Presizing for 0 objects not considered by GC, pre-allocating 0 bytes.
[2015.09.07-01.43.19:551][  0]LogInit: Object subsystem initialized
[2015.09.07-01.43.19:553][  0]LogConsoleResponse:Warning: Skipping Unknown console variable: 'TranslucentSortAxis = (X=0.000000,Y=-1.000000,Z=0.000000)'
[2015.09.07-01.43.19:554][  0]LogConsoleResponse:Warning:   Found in ini file 'C:/Users/frederic/Documents/Unreal Projects/Brain/Saved/Config/Windows/Engine.ini', in section '[/Script/Engine.RendererSettings]'
[2015.09.07-01.43.19:554][  0]LogConsoleResponse:Warning: Skipping Unknown console variable: 'UIScaleRule = ShortestSide'
[2015.09.07-01.43.19:554][  0]LogConsoleResponse:Warning:   Found in ini file 'C:/Users/frederic/Documents/Unreal Projects/Brain/Saved/Config/Windows/Engine.ini', in section '[/Script/Engine.RendererSettings]'
[2015.09.07-01.43.19:554][  0]LogConsoleResponse:Warning: Skipping Unknown console variable: 'UIScaleCurve = (EditorCurveData=(Keys=),ExternalCurve=None)'
[2015.09.07-01.43.19:555][  0]LogConsoleResponse:Warning:   Found in ini file 'C:/Users/frederic/Documents/Unreal Projects/Brain/Saved/Config/Windows/Engine.ini', in section '[/Script/Engine.RendererSettings]'
[2015.09.07-01.43.19:556][  0]LogInit: Selected Device Profile: [Windows]
[2015.09.07-01.43.19:556][  0]LogInit: Applying CVar settings loaded from the selected device profile: [Windows]
[2015.09.07-01.43.19:564][  0]LogInit: Computer: FREDERIC-PC
[2015.09.07-01.43.19:565][  0]LogInit: User: frederic
[2015.09.07-01.43.19:565][  0]LogInit: CPU Page size=4096, Cores=4
[2015.09.07-01.43.19:566][  0]LogInit: High frequency timer resolution =3.331250 MHz
[2015.09.07-01.43.19:566][  0]LogMemory: Memory total: Physical=15.9GB (16GB approx)
[2015.09.07-01.43.19:566][  0]LogMemory: Platform Memory Stats for Windows
[2015.09.07-01.43.19:566][  0]LogMemory: Process Physical Memory: 49.90 MB used, 49.90 MB peak
[2015.09.07-01.43.19:567][  0]LogMemory: Process Virtual Memory: 25.60 MB used, 25.60 MB peak
[2015.09.07-01.43.19:567][  0]LogMemory: Physical Memory: 6588.13 MB used, 16288.39 MB total
[2015.09.07-01.43.19:567][  0]LogMemory: Virtual Memory: 283.87 MB used, 8388608.00 MB total
[2015.09.07-01.43.19:658][  0]LogTextLocalizationManager: The requested culture ('fr_CA') has no localization data; falling back to 'en' for localization and internationalization data.
[2015.09.07-01.43.19:875][  0]LogTextLocalizationManager:Warning: Loaded localization resources contain conflicting entries for (Namespace:ContentBrowser, Key:ImportAssetToolTip):
Localization Resource: (C:/Program Files/Epic Games/4.8/Engine/Content/Localization/Editor/en/Editor.locres) Source String Hash: (-630476809) Localized String: (Import to {0}...)
Localization Resource: (C:/Program Files/Epic Games/4.8/Engine/Content/Localization/Editor/en/Editor.locres) Source String Hash: (1271782899) Localized String: (Imports an asset from file to this folder.)
[2015.09.07-01.43.20:340][  0]LogD3D11RHI: Found D3D11 adapter 0: NVIDIA GeForce GTX 970 (Feature Level 11_0)
[2015.09.07-01.43.20:341][  0]LogD3D11RHI: Adapter has 4008MB of dedicated video memory, 0MB of dedicated system memory, and 7888MB of shared system memory, 1 output[s]
[2015.09.07-01.43.20:348][  0]LogD3D11RHI: Found D3D11 adapter 1: Intel(R) HD Graphics 3000 (Feature Level 10_0)
[2015.09.07-01.43.20:348][  0]LogD3D11RHI: Adapter has 64MB of dedicated video memory, 0MB of dedicated system memory, and 1632MB of shared system memory, 0 output[s]
[2015.09.07-01.43.20:348][  0]LogD3D11RHI: Chosen D3D11 Adapter Id = 0
[2015.09.07-01.43.20:353][  0]LogD3D11RHI: InitD3DDevice
[2015.09.07-01.43.20:354][  0]LogD3D11RHI: !Direct3DDevice
[2015.09.07-01.43.20:354][  0]LogRHI: Texture pool is 1361 MB (70% of 1945 MB)
[2015.09.07-01.43.20:396][  0]LogD3D11RHI: Async texture creation enabled
[2015.09.07-01.43.20:411][  0]LogShaderCompilers:Display: Using Local Shader Compiler.
[2015.09.07-01.43.21:260][  0]LogTemp:Display: Loaded TP DesktopTargetPlatform
[2015.09.07-01.43.21:286][  0]LogTemp:Display: Loaded TP WindowsClientTargetPlatform
[2015.09.07-01.43.21:309][  0]LogTemp:Display: Loaded TP WindowsNoEditorTargetPlatform
[2015.09.07-01.43.21:332][  0]LogTemp:Display: Loaded TP WindowsServerTargetPlatform
[2015.09.07-01.43.21:356][  0]LogTemp:Display: Loaded TP WindowsTargetPlatform
[2015.09.07-01.43.21:373][  0]LogTemp:Display: Loaded TP AndroidTargetPlatform
[2015.09.07-01.43.21:390][  0]LogTemp:Display: Loaded TP Android_ASTCTargetPlatform
[2015.09.07-01.43.21:407][  0]LogTemp:Display: Loaded TP Android_ATCTargetPlatform
[2015.09.07-01.43.21:427][  0]LogTemp:Display: Loaded TP Android_DXTTargetPlatform
[2015.09.07-01.43.21:445][  0]LogTemp:Display: Loaded TP Android_ETC1TargetPlatform
[2015.09.07-01.43.21:465][  0]LogTemp:Display: Loaded TP Android_ETC2TargetPlatform
[2015.09.07-01.43.21:484][  0]LogTemp:Display: Loaded TP Android_PVRTCTargetPlatform
[2015.09.07-01.43.21:556][  0]LogTemp:Display: Loaded TP IOSTargetPlatform
[2015.09.07-01.43.21:572][  0]LogTemp:Display: Loaded TP LinuxNoEditorTargetPlatform
[2015.09.07-01.43.21:588][  0]LogTemp:Display: Loaded TP LinuxServerTargetPlatform
[2015.09.07-01.43.21:605][  0]LogTemp:Display: Loaded TP LinuxTargetPlatform
[2015.09.07-01.43.21:606][  0]LogTargetPlatformManager:Display: Building Assets For Windows
[2015.09.07-01.43.21:919][  0]LogDerivedDataCache:Display: Max Cache Size: 512 MB
[2015.09.07-01.43.21:997][  0]LogDerivedDataCache: Loaded boot cache 0.08s 84MB C:/Users/frederic/AppData/Local/UnrealEngine/4.8/DerivedDataCache/Boot.ddc.
[2015.09.07-01.43.21:997][  0]LogDerivedDataCache:Display: Loaded Boot cache: C:/Users/frederic/AppData/Local/UnrealEngine/4.8/DerivedDataCache/Boot.ddc
[2015.09.07-01.43.21:998][  0]LogDerivedDataCache: FDerivedDataBackendGraph:  Pak pak cache file ../../../../../../Users/frederic/Documents/Unreal Projects/Brain/DerivedDataCache/DDC.ddp not found, will not use a pak cache.
[2015.09.07-01.43.21:998][  0]LogDerivedDataCache: Unable to find inner node Pak for hierarchical cache Hierarchy.
[2015.09.07-01.43.21:998][  0]LogDerivedDataCache: FDerivedDataBackendGraph:  CompressedPak pak cache file ../../../../../../Users/frederic/Documents/Unreal Projects/Brain/DerivedDataCache/Compressed.ddp not found, will not use a pak cache.
[2015.09.07-01.43.21:999][  0]LogDerivedDataCache: Unable to find inner node CompressedPak for hierarchical cache Hierarchy.
[2015.09.07-01.43.22:145][  0]LogDerivedDataCache:Display: Pak cache opened for reading ../../../Engine/DerivedDataCache/Compressed.ddp.
[2015.09.07-01.43.22:157][  0]LogDerivedDataCache: Using Local data cache path C:/Users/frederic/AppData/Local/UnrealEngine/Common/DerivedDataCache: Writable
[2015.09.07-01.43.22:372][  0]LogInit: Selected Device Profile: [Windows]
[2015.09.07-01.43.22:380][  0]ImportText (ComponentSweepMultiTests): Missing closing parenthesis: (RootShapeAsset="/Engine/BasicShapes/Cube.Cube",ShapeType="TriggerCapsule",HitResult=(Time=0.50,Location=(X=-100.000015,Y=0.0,Z=100.000015),ImpactPoint=(X=-50.0,Y=0.0,Z=50.0),Normal=(X=-1.0,Y=-0.0,Z=0.0),ImpactNormal=(X=0.0,Y=0.0,Z=1.0),TraceStart=(X=-200.0,Y=0.0,Z=200.0),TraceEnd=(X=0.0,Y=0.0,Z=0.0))
[2015.09.07-01.43.22:380][  0]ImportText (LineTraceSingleByChannelTests): Missing closing parenthesis: (RootShapeAsset="/Engine/BasicShapes/Cube.Cube",HitResult=(Time=0.50,Location=(X=-100.000015,Y=0.0,Z=100.000015),ImpactPoint=(X=-50.0,Y=0.0,Z=50.0),Normal=(X=-1.0,Y=-0.0,Z=0.0),ImpactNormal=(X=0.0,Y=0.0,Z=1.0),TraceStart=(X=-200.0,Y=0.0,Z=200.0),TraceEnd=(X=0.0,Y=0.0,Z=0.0))
[2015.09.07-01.43.22:418][  0]LogMeshUtilities: No automatic mesh reduction module available
[2015.09.07-01.43.22:418][  0]LogMeshUtilities: No automatic mesh merging module available
[2015.09.07-01.43.22:820][  0]LogInit: WinSock: version 1.1 (2.2), MaxSocks=32767, MaxUdp=65467
[2015.09.07-01.43.24:016][  0]UdpMessaging: Initializing bridge on interface 0.0.0.0:0 to multicast group 230.0.0.1:6666.
[2015.09.07-01.43.24:850][  0]SourceControl: Info Source control is disabled
[2015.09.07-01.43.24:876][  0]SourceControl: Info Source control is disabled
[2015.09.07-01.43.24:895][  0]SourceControl: Info Source control is disabled
[2015.09.07-01.43.24:915][  0]SourceControl: Info Source control is disabled
[2015.09.07-01.43.25:227][  0]LogObj: 31314 objects as part of root set at end of initial load.
[2015.09.07-01.43.25:228][  0]LogUObjectAllocator: 7182784 out of 0 bytes used by permanent object pool.
[2015.09.07-01.43.25:317][  0]LogEngine: Initializing Engine...
[2015.09.07-01.43.25:320][  0]LogHMD: Can't find Oculus library dev build: is proper Runtime installed? Version: 0.6.0.0
[2015.09.07-01.43.25:325][  0]LogHMD:Warning: SteamVR failed to initialize.  Error: 110
[2015.09.07-01.43.25:486][  0]LogAIModule: Creating AISystem for world NewWorld
[2015.09.07-01.43.25:500][  0]LogInit: XAudio2 using 'Haut-parleurs (C-Media USB Audio Device   )' : 2 channels at 44.1 kHz using 16 bits per sample (channel mask 0x3)
[2015.09.07-01.43.25:524][  0]LogInit: FAudioDevice initialized.
[2015.09.07-01.43.25:564][  0]LogDerivedDataCache: Saved boot cache 0.04s 84MB C:/Users/frederic/AppData/Local/UnrealEngine/4.8/DerivedDataCache/Boot.ddc.
[2015.09.07-01.43.25:575][  0]LogInit: Texture streaming: Disabled
[2015.09.07-01.43.25:609][  0]LogAnalytics: Creating configured Analytics provider AnalyticsET
[2015.09.07-01.43.25:609][  0]LogAnalytics: [UEEditor.Rocket.Release] APIServer = http://et2.epicgames.com/ET2/. AppVersion = 4.8.3-2634408+++depot+UE4-Releases+4.8
[2015.09.07-01.43.25:610][  0]LogAnalytics: [UEEditor.Rocket.Release] SetUserId c8da8d664a36a98701fe659c10ae4ff8|70626fa7f476448fb82ad9618fbbb1ab|00e7fb16-00c3-4af4-a2a1-2cc8013aae38
[2015.09.07-01.43.25:610][  0]LogAnalytics: [UEEditor.Rocket.Release] AnalyticsET::StartSession
[2015.09.07-01.43.25:637][  0]LogInit: Transaction tracking system initialized
[2015.09.07-01.43.25:845][  0]BlueprintLog: New page: Editor Load
[2015.09.07-01.43.25:891][  0]LogAssetRegistry: FAssetRegistry took 0.0101 seconds to start up
[2015.09.07-01.43.25:892][  0]LogDirectoryWatcher:Warning: Failed to begin reading directory changes for ../../../Engine/Plugins/Experimental/CharacterAI/Content/. Error: 0
[2015.09.07-01.43.26:910][  0]LogConsoleManager:Warning: Console variable 'r.VSync' wasn't set ('GameSetting' has a lower priority than 'SystemSettingsIni')
[2015.09.07-01.43.26:910][  0]LogConsoleResponse:Display: 
[2015.09.07-01.43.27:007][  0]LogCook:Display: Done creating registry. It took  0.00s.
[2015.09.07-01.43.27:273][  0]SourceControl: Info Source control is disabled
[2015.09.07-01.43.27:273][  0]Cmd: MAP LOAD FILE="../../../../../../Users/frederic/Documents/Unreal Projects/Brain/Content/FirstPerson/Maps/FirstPersonExampleMap.umap" TEMPLATE=0 SHOWPROGRESS=1 FEATURELEVEL=3
[2015.09.07-01.43.27:274][  0]LightingResults: New page: Lighting Build
[2015.09.07-01.43.27:294][  0]MapCheck: New page: Map Check
[2015.09.07-01.43.27:294][  0]LightingResults: New page: Lighting Build
[2015.09.07-01.43.27:307][  0]LogParticles: Destroying 0 GPU particle simulations for FXSystem 0x0000000021602200
[2015.09.07-01.43.27:974][  0]LogAIModule: Creating AISystem for world FirstPersonExampleMap
[2015.09.07-01.43.27:999][  0]LogEditorServer: Finished looking for orphan Actors (0.000 secs)
[2015.09.07-01.43.29:038][  0]Cmd: MAP CHECKDEP NOCLEARLOG
[2015.09.07-01.43.29:079][  0]MapCheck: Info Map check complete: 0 Error(s), 0 Warning(s), took 39.596ms to complete.
[2015.09.07-01.43.29:080][  0]LogFileHelpers: Loading map 'FirstPersonExampleMap' took 1.806
[2015.09.07-01.43.29:186][  0]LogCollectionManager: Loaded 0 collections in 0.001946 seconds
[2015.09.07-01.43.29:194][  0]LogContentBrowser: Native class hierarchy populated in 0.0072 seconds. Added 1798 classes and 303 folders.
[2015.09.07-01.43.29:260][  0]LogContentBrowser: Native class hierarchy updated for 'WidgetCarousel' in 0.0014 seconds. Added 0 classes and 0 folders.
[2015.09.07-01.43.29:298][  0]LogContentBrowser: Native class hierarchy updated for 'AddContentDialog' in 0.0013 seconds. Added 0 classes and 0 folders.
[2015.09.07-01.43.29:327][  0]LogContentBrowser: Native class hierarchy updated for 'SceneOutliner' in 0.0013 seconds. Added 1 classes and 2 folders.
[2015.09.07-01.43.29:386][  0]LogCrashTracker: Crashtracker disabled due to settings.
[2015.09.07-01.43.29:388][  0]LogD3D11RHI: InitD3DDevice
[2015.09.07-01.43.29:392][  0]LogUObjectGlobals:Warning: Failed to find object 'Class None.'
[2015.09.07-01.43.29:414][  0]LogLoad: Full Startup: 11.99 seconds (BP compile: 0.29 seconds)
[2015.09.07-01.43.29:472][  0]LogContentStreaming: Texture pool size is 0.000000MB
[2015.09.07-01.43.29:513][  0]LogContentStreaming: Texture pool size now 1000 MB
[2015.09.07-01.43.29:630][  0]LogRenderer: Reallocating scene render targets to support 1208x560 (Frame:2).
[2015.09.07-01.43.30:152][  7]LogAssetRegistry: Asset discovery search completed in 4.2715 seconds
[2015.09.07-01.43.30:402][ 13]LogD3D11RHI: InitD3DDevice
[2015.09.07-01.43.31:512][134]LogD3D11RHI: InitD3DDevice
[2015.09.07-01.43.31:533][134]LogD3D11RHI: InitD3DDevice
[2015.09.07-01.43.31:544][134]LogLinker:Warning: Asset '../../../Engine/Content/ArtTools/RenderToTexture/Macros/RenderToTextureMacros.uasset' has been saved with empty engine version. The asset will be loaded but may be incompatible.
[2015.09.07-01.43.31:635][134]LogLinker:Warning: Asset '../../../Engine/Content/ArtTools/RenderToTexture/Enums/RenderToTexture_Enum.uasset' has been saved with empty engine version. The asset will be loaded but may be incompatible.
[2015.09.07-01.43.33:988][261]LogD3D11RHI: InitD3DDevice
[2015.09.07-01.43.34:013][261]LogD3D11RHI: InitD3DDevice
[2015.09.07-01.43.35:541][379]LogRenderer: Reallocating scene render targets to support 1208x904 (Frame:580).
[2015.09.07-01.44.05:759][302]LogActorComponent: UnregisterComponent: (/Engine/Transient.ProjectileComp) Not registered. Aborting.
[2015.09.07-01.44.05:760][302]LogActorComponent: UnregisterComponent: (/Engine/Transient.CharMoveComp) Not registered. Aborting.
[2015.09.07-01.44.05:781][302]LogParticles: Destroying 0 GPU particle simulations for FXSystem 0x0000000011E39120
[2015.09.07-01.44.05:783][302]LogParticles: Destroying 0 GPU particle simulations for FXSystem 0x000000006CE5D1C0
[2015.09.07-01.44.06:098][303]Cmd: QUIT_EDITOR
[2015.09.07-01.44.06:385][303]LogExit: Preparing to exit.
[2015.09.07-01.44.07:148][303]LogExit: Editor shut down
[2015.09.07-01.44.07:149][303]LogExit: Transaction tracking system shut down
[2015.09.07-01.44.07:150][303]LogParticles: Destroying 0 GPU particle simulations for FXSystem 0x0000000011747C40
[2015.09.07-01.44.07:151][303]LogParticles: Destroying 0 GPU particle simulations for FXSystem 0x000000000EE0DDA0
[2015.09.07-01.44.07:151][303]LogParticles: Destroying 0 GPU particle simulations for FXSystem 0x00000000115451C0
[2015.09.07-01.44.07:153][303]LogParticles: Destroying 0 GPU particle simulations for FXSystem 0x000000000E3A37E0
[2015.09.07-01.44.07:154][303]LogParticles: Destroying 0 GPU particle simulations for FXSystem 0x000000000E3A0900
[2015.09.07-01.44.07:355][303]LogExit: Object subsystem successfully closed.
[2015.09.07-01.44.07:369][303]LogD3D11RHI: Shutdown
[2015.09.07-01.44.07:369][303]LogD3D11RHI: CleanupD3DDevice
[2015.09.07-01.44.07:840][303]LogD3D11RHI: ~FD3D11DynamicRHI
[2015.09.07-01.44.07:855][303]LogModuleManager: Shutting down and abandoning module CrashTracker (189)
[2015.09.07-01.44.07:856][303]LogModuleManager: Shutting down and abandoning module SceneOutliner (188)
[2015.09.07-01.44.07:856][303]LogModuleManager: Shutting down and abandoning module SuperSearch (187)
[2015.09.07-01.44.07:856][303]LogModuleManager: Shutting down and abandoning module WidgetCarousel (186)
[2015.09.07-01.44.07:857][303]LogModuleManager: Shutting down and abandoning module AddContentDialog (185)
[2015.09.07-01.44.07:858][303]LogModuleManager: Shutting down and abandoning module EditorWidgets (184)
[2015.09.07-01.44.07:858][303]LogModuleManager: Shutting down and abandoning module CollectionManager (183)
[2015.09.07-01.44.07:858][303]LogModuleManager: Shutting down and abandoning module StatsViewer (182)
[2015.09.07-01.44.07:858][303]LogModuleManager: Shutting down and abandoning module FoliageEdit (181)
[2015.09.07-01.44.07:859][303]LogModuleManager: Shutting down and abandoning module LandscapeEditor (180)
[2015.09.07-01.44.07:859][303]LogModuleManager: Shutting down and abandoning module ActorPickerMode (179)
[2015.09.07-01.44.07:859][303]LogModuleManager: Shutting down and abandoning module GeometryMode (178)
[2015.09.07-01.44.07:859][303]LogModuleManager: Shutting down and abandoning module TextureAlignMode (177)
[2015.09.07-01.44.07:860][303]LogModuleManager: Shutting down and abandoning module BspMode (176)
[2015.09.07-01.44.07:860][303]LogModuleManager: Shutting down and abandoning module PlacementMode (175)
[2015.09.07-01.44.07:860][303]LogModuleManager: Shutting down and abandoning module AutomationWorker (174)
[2015.09.07-01.44.07:860][303]LogModuleManager: Shutting down and abandoning module CharacterAI (173)
[2015.09.07-01.44.07:861][303]LogModuleManager: Shutting down and abandoning module SmartSnapping (172)
[2015.09.07-01.44.07:861][303]LogModuleManager: Shutting down and abandoning module ViewportSnapping (171)
[2015.09.07-01.44.07:861][303]LogModuleManager: Shutting down and abandoning module LogVisualizer (170)
[2015.09.07-01.44.07:861][303]LogModuleManager: Shutting down and abandoning module GameProjectGeneration (169)
[2015.09.07-01.44.07:861][303]LogModuleManager: Shutting down and abandoning module IntroTutorials (168)
[2015.09.07-01.44.07:862][303]LogModuleManager: Shutting down and abandoning module EditorLiveStreaming (167)
[2015.09.07-01.44.07:862][303]LogModuleManager: Shutting down and abandoning module IOSPlatformEditor (166)
[2015.09.07-01.44.07:862][303]LogModuleManager: Shutting down and abandoning module HTML5PlatformEditor (165)
[2015.09.07-01.44.07:863][303]LogModuleManager: Shutting down and abandoning module AndroidDeviceDetection (164)
[2015.09.07-01.44.08:646][303]LogModuleManager: Shutting down and abandoning module AndroidPlatformEditor (163)
[2015.09.07-01.44.08:647][303]LogModuleManager: Shutting down and abandoning module IOSRuntimeSettings (162)
[2015.09.07-01.44.08:648][303]LogModuleManager: Shutting down and abandoning module AndroidRuntimeSettings (161)
[2015.09.07-01.44.08:649][303]LogModuleManager: Shutting down and abandoning module MergeActors (160)
[2015.09.07-01.44.08:649][303]LogModuleManager: Shutting down and abandoning module SizeMap (159)
[2015.09.07-01.44.08:650][303]LogModuleManager: Shutting down and abandoning module TreeMap (158)
[2015.09.07-01.44.08:651][303]LogModuleManager: Shutting down and abandoning module ReferenceViewer (157)
[2015.09.07-01.44.08:651][303]LogModuleManager: Shutting down and abandoning module LocalizationDashboard (156)
[2015.09.07-01.44.08:652][303]LogModuleManager: Shutting down and abandoning module HardwareTargeting (155)
[2015.09.07-01.44.08:652][303]LogModuleManager: Shutting down and abandoning module DeviceProfileEditor (154)
[2015.09.07-01.44.08:653][303]LogModuleManager: Shutting down and abandoning module UndoHistory (153)
[2015.09.07-01.44.08:653][303]LogModuleManager: Shutting down and abandoning module GameplayTagsEditor (152)
[2015.09.07-01.44.08:654][303]LogModuleManager: Shutting down and abandoning module UserFeedback (151)
[2015.09.07-01.44.08:654][303]LogModuleManager: Shutting down and abandoning module XmlParser (150)
[2015.09.07-01.44.08:655][303]LogModuleManager: Shutting down and abandoning module Blutility (149)
[2015.09.07-01.44.08:655][303]LogModuleManager: Shutting down and abandoning module ProjectTargetPlatformEditor (148)
[2015.09.07-01.44.08:656][303]LogModuleManager: Shutting down and abandoning module ProjectSettingsViewer (147)
[2015.09.07-01.44.08:656][303]LogModuleManager: Shutting down and abandoning module InputBindingEditor (146)
[2015.09.07-01.44.08:657][303]LogModuleManager: Shutting down and abandoning module EditorSettingsViewer (145)
[2015.09.07-01.44.08:657][303]LogModuleManager: Shutting down and abandoning module SettingsEditor (144)
[2015.09.07-01.44.08:657][303]LogModuleManager: Shutting down and abandoning module ProjectLauncher (143)
[2015.09.07-01.44.08:658][303]LogModuleManager: Shutting down and abandoning module SessionFrontend (142)
[2015.09.07-01.44.08:658][303]LogModuleManager: Shutting down and abandoning module ProfilerClient (141)
[2015.09.07-01.44.08:658][303]LogModuleManager: Shutting down and abandoning module TargetDeviceServices (140)
[2015.09.07-01.44.08:658][303]LogModuleManager: Shutting down and abandoning module DeviceManager (139)
[2015.09.07-01.44.08:659][303]LogModuleManager: Shutting down and abandoning module AutomationController (138)
[2015.09.07-01.44.08:659][303]LogModuleManager: Shutting down and abandoning module AutomationWindow (137)
[2015.09.07-01.44.08:659][303]LogModuleManager: Shutting down and abandoning module Layers (136)
[2015.09.07-01.44.08:659][303]LogModuleManager: Shutting down and abandoning module ComponentVisualizers (135)
[2015.09.07-01.44.08:659][303]LogModuleManager: Shutting down and abandoning module DetailCustomizations (134)
[2015.09.07-01.44.08:660][303]LogModuleManager: Shutting down and abandoning module PackagesDialog (133)
[2015.09.07-01.44.08:660][303]LogModuleManager: Shutting down and abandoning module AssetRegistry (132)
[2015.09.07-01.44.08:700][303]LogModuleManager: Shutting down and abandoning module Persona (131)
[2015.09.07-01.44.08:701][303]LogModuleManager: Shutting down and abandoning module Kismet (130)
[2015.09.07-01.44.08:701][303]LogModuleManager: Shutting down and abandoning module GraphEditor (129)
[2015.09.07-01.44.08:701][303]LogModuleManager: Shutting down and abandoning module ClassViewer (128)
[2015.09.07-01.44.08:701][303]LogModuleManager: Shutting down and abandoning module Toolbox (127)
[2015.09.07-01.44.08:702][303]LogModuleManager: Shutting down and abandoning module ModuleUI (126)
[2015.09.07-01.44.08:702][303]LogModuleManager: Shutting down and abandoning module MovieSceneTools (125)
[2015.09.07-01.44.08:702][303]LogModuleManager: Shutting down and abandoning module OutputLog (124)
[2015.09.07-01.44.08:702][303]LogModuleManager: Shutting down and abandoning module GammaUI (123)
[2015.09.07-01.44.08:703][303]LogModuleManager: Shutting down and abandoning module Documentation (122)
[2015.09.07-01.44.08:703][303]LogModuleManager: Shutting down and abandoning module GameLiveStreaming (121)
[2015.09.07-01.44.08:703][303]LogModuleManager: Shutting down and abandoning module StreamingPauseRendering (120)
[2015.09.07-01.44.08:703][303]LogModuleManager: Shutting down and abandoning module AnalyticsET (119)
[2015.09.07-01.44.08:704][303]LogModuleManager: Shutting down and abandoning module Analytics (118)
[2015.09.07-01.44.08:704][303]LogModuleManager: Shutting down and abandoning module AITestSuite (117)
[2015.09.07-01.44.08:704][303]LogModuleManager: Shutting down and abandoning module GameplayDebugger (116)
[2015.09.07-01.44.08:704][303]LogModuleManager: Shutting down and abandoning module AIModule (115)
[2015.09.07-01.44.08:704][303]LogModuleManager: Shutting down and abandoning module ProfilerService (114)
[2015.09.07-01.44.08:787][303]LogModuleManager: Shutting down and abandoning module TaskGraph (113)
[2015.09.07-01.44.08:788][303]LogModuleManager: Shutting down and abandoning module SlateRemote (112)
[2015.09.07-01.44.08:789][303]LogModuleManager: Shutting down and abandoning module SteamVRController (111)
[2015.09.07-01.44.08:790][303]LogModuleManager: Shutting down and abandoning module SteamVR (110)
[2015.09.07-01.44.08:790][303]LogModuleManager: Shutting down and abandoning module ProceduralMeshComponent (109)
[2015.09.07-01.44.08:791][303]LogModuleManager: Shutting down and abandoning module OculusRift (108)
[2015.09.07-01.44.08:791][303]LogModuleManager: Shutting down and abandoning module LeapMotionController (107)
[2015.09.07-01.44.08:810][303]LogModuleManager: Shutting down and abandoning module CustomMeshComponent (106)
[2015.09.07-01.44.08:810][303]LogModuleManager: Shutting down and abandoning module CableComponent (105)
[2015.09.07-01.44.08:810][303]LogModuleManager: Shutting down and abandoning module MessagingDebugger (104)
[2015.09.07-01.44.08:811][303]LogModuleManager: Shutting down and abandoning module MediaPlayerEditor (103)
[2015.09.07-01.44.08:811][303]LogModuleManager: Shutting down and abandoning module SpeedTreeImporter (102)
[2015.09.07-01.44.08:811][303]LogModuleManager: Shutting down and abandoning module PluginBrowser (101)
[2015.09.07-01.44.08:811][303]LogModuleManager: Shutting down and abandoning module EpicSurvey (100)
[2015.09.07-01.44.08:812][303]LogModuleManager: Shutting down and abandoning module DesktopPlatform (99)
[2015.09.07-01.44.08:812][303]LogModuleManager: Shutting down and abandoning module VisualStudioSourceCodeAccess (98)
[2015.09.07-01.44.08:812][303]LogModuleManager: Shutting down and abandoning module UObjectPlugin (97)
[2015.09.07-01.44.08:812][303]LogModuleManager: Shutting down and abandoning module SubversionSourceControl (96)
[2015.09.07-01.44.08:812][303]LogModuleManager: Shutting down and abandoning module PerforceSourceControl (95)
[2015.09.07-01.44.08:813][303]LogModuleManager: Shutting down and abandoning module SourceControl (94)
[2015.09.07-01.44.08:813][303]LogModuleManager: Shutting down and abandoning module GitSourceControl (93)
[2015.09.07-01.44.08:813][303]LogModuleManager: Shutting down and abandoning module BlankPlugin (92)
[2015.09.07-01.44.08:813][303]LogModuleManager: Shutting down and abandoning module PaperTiledImporter (91)
[2015.09.07-01.44.08:814][303]LogModuleManager: Shutting down and abandoning module PaperSpriteSheetImporter (90)
[2015.09.07-01.44.08:814][303]LogModuleManager: Shutting down and abandoning module MeshPaint (89)
[2015.09.07-01.44.08:814][303]LogModuleManager: Shutting down and abandoning module SlateReflector (88)
[2015.09.07-01.44.08:814][303]LogModuleManager: Shutting down and abandoning module DirectoryWatcher (87)
[2015.09.07-01.44.08:815][303]LogModuleManager: Shutting down and abandoning module HotReload (86)
[2015.09.07-01.44.08:815][303]LogModuleManager: Shutting down and abandoning module MainFrame (85)
[2015.09.07-01.44.08:815][303]LogModuleManager: Shutting down and abandoning module LevelEditor (84)
[2015.09.07-01.44.08:816][303]LogModuleManager: Shutting down and abandoning module ContentBrowser (83)
[2015.09.07-01.44.08:817][303]LogModuleManager: Shutting down and abandoning module Paper2DEditor (82)
[2015.09.07-01.44.08:817][303]LogModuleManager: Shutting down and abandoning module Brain (81)
[2015.09.07-01.44.08:818][303]LogModuleManager: Shutting down and abandoning module UdpMessaging (80)
[2015.09.07-01.44.08:918][303]LogModuleManager: Shutting down and abandoning module Paper2D (79)
[2015.09.07-01.44.08:919][303]LogModuleManager: Shutting down and abandoning module WindowsMoviePlayer (78)
[2015.09.07-01.44.08:924][303]LogModuleManager: Shutting down and abandoning module Media (77)
[2015.09.07-01.44.08:925][303]LogModuleManager: Shutting down and abandoning module WmfMedia (76)
[2015.09.07-01.44.08:927][303]LogModuleManager: Shutting down and abandoning module OnlineBlueprintSupport (75)
[2015.09.07-01.44.08:929][303]LogModuleManager: Shutting down and abandoning module PropertyEditor (74)
[2015.09.07-01.44.08:929][303]LogModuleManager: Shutting down and abandoning module BehaviorTreeEditor (73)
[2015.09.07-01.44.08:930][303]LogModuleManager: Shutting down and abandoning module FunctionalTesting (72)
[2015.09.07-01.44.08:930][303]LogModuleManager: Shutting down and abandoning module CollisionAnalyzer (71)
[2015.09.07-01.44.08:931][303]LogModuleManager: Shutting down and abandoning module WorkspaceMenuStructure (70)
[2015.09.07-01.44.08:932][303]LogModuleManager: Shutting down and abandoning module MessageLog (69)
[2015.09.07-01.44.08:932][303]LogModuleManager: Shutting down and abandoning module Sequencer (68)
[2015.09.07-01.44.08:933][303]LogModuleManager: Shutting down and abandoning module AssetTools (67)
[2015.09.07-01.44.08:933][303]LogModuleManager: Shutting down and abandoning module UMGEditor (66)
[2015.09.07-01.44.08:934][303]LogModuleManager: Shutting down and abandoning module UMG (65)
[2015.09.07-01.44.08:934][303]LogModuleManager: Shutting down and abandoning module Slate (64)
[2015.09.07-01.44.08:935][303]LogModuleManager: Shutting down and abandoning module EditorStyle (63)
[2015.09.07-01.44.08:940][303]LogModuleManager: Shutting down and abandoning module SessionServices (62)
[2015.09.07-01.44.08:941][303]LogModuleManager: Shutting down and abandoning module SourceCodeAccess (61)
[2015.09.07-01.44.08:942][303]LogModuleManager: Shutting down and abandoning module HeadMountedDisplay (60)
[2015.09.07-01.44.08:943][303]LogModuleManager: Shutting down and abandoning module XAudio2 (59)
[2015.09.07-01.44.08:943][303]LogModuleManager: Shutting down and abandoning module Networking (57)
[2015.09.07-01.44.08:944][303]LogModuleManager: Shutting down and abandoning module Core (56)
[2015.09.07-01.44.08:945][303]LogModuleManager: Shutting down and abandoning module KismetCompiler (55)
[2015.09.07-01.44.08:945][303]LogModuleManager: Shutting down and abandoning module PhysXFormats (54)
[2015.09.07-01.44.08:946][303]LogModuleManager: Shutting down and abandoning module MeshUtilities (53)
[2015.09.07-01.44.08:946][303]LogModuleManager: Shutting down and abandoning module DerivedDataCache (52)
[2015.09.07-01.44.09:163][303]LogDerivedDataCache: Shutdown
[2015.09.07-01.44.09:164][303]LogModuleManager: Shutting down and abandoning module ShaderFormatOpenGL (51)
[2015.09.07-01.44.09:164][303]LogModuleManager: Shutting down and abandoning module ShaderFormatD3D (50)
[2015.09.07-01.44.09:165][303]LogModuleManager: Shutting down and abandoning module MetalShaderFormat (49)
[2015.09.07-01.44.09:166][303]LogModuleManager: Shutting down and abandoning module TextureFormatUncompressed (48)
[2015.09.07-01.44.09:166][303]LogModuleManager: Shutting down and abandoning module TextureFormatPVR (47)
[2015.09.07-01.44.09:167][303]LogModuleManager: Shutting down and abandoning module TextureFormatIntelISPCTexComp (46)
[2015.09.07-01.44.09:168][303]LogModuleManager: Shutting down and abandoning module TextureFormatDXT (45)
[2015.09.07-01.44.09:168][303]LogModuleManager: Shutting down and abandoning module ImageWrapper (44)
[2015.09.07-01.44.09:169][303]LogModuleManager: Shutting down and abandoning module TextureFormatASTC (43)
[2015.09.07-01.44.09:169][303]LogModuleManager: Shutting down and abandoning module TextureFormatAndroid (42)
[2015.09.07-01.44.09:170][303]LogModuleManager: Shutting down and abandoning module AudioFormatOpus (41)
[2015.09.07-01.44.09:170][303]LogModuleManager: Shutting down and abandoning module AudioFormatOgg (40)
[2015.09.07-01.44.09:171][303]LogModuleManager: Shutting down and abandoning module AudioFormatADPCM (39)
[2015.09.07-01.44.09:171][303]LogModuleManager: Shutting down and abandoning module LinuxTargetPlatform (38)
[2015.09.07-01.44.09:172][303]LogModuleManager: Shutting down and abandoning module LinuxServerTargetPlatform (37)
[2015.09.07-01.44.09:172][303]LogModuleManager: Shutting down and abandoning module LinuxNoEditorTargetPlatform (36)
[2015.09.07-01.44.09:173][303]LogModuleManager: Shutting down and abandoning module Messaging (35)
[2015.09.07-01.44.09:173][303]LogModuleManager: Shutting down and abandoning module IOSTargetPlatform (34)
[2015.09.07-01.44.09:174][303]LogModuleManager: Shutting down and abandoning module HTML5TargetPlatform (33)
[2015.09.07-01.44.09:174][303]LogModuleManager: Shutting down and abandoning module Android_PVRTCTargetPlatform (32)
[2015.09.07-01.44.09:175][303]LogModuleManager: Shutting down and abandoning module Android_ETC2TargetPlatform (31)
[2015.09.07-01.44.09:175][303]LogModuleManager: Shutting down and abandoning module Android_ETC1TargetPlatform (30)
[2015.09.07-01.44.09:176][303]LogModuleManager: Shutting down and abandoning module Android_DXTTargetPlatform (29)
[2015.09.07-01.44.09:176][303]LogModuleManager: Shutting down and abandoning module Android_ATCTargetPlatform (28)
[2015.09.07-01.44.09:177][303]LogModuleManager: Shutting down and abandoning module Android_ASTCTargetPlatform (27)
[2015.09.07-01.44.09:177][303]LogModuleManager: Shutting down and abandoning module AndroidTargetPlatform (26)
[2015.09.07-01.44.09:178][303]LogModuleManager: Shutting down and abandoning module WindowsTargetPlatform (25)
[2015.09.07-01.44.09:178][303]LogModuleManager: Shutting down and abandoning module WindowsServerTargetPlatform (24)
[2015.09.07-01.44.09:179][303]LogModuleManager: Shutting down and abandoning module WindowsNoEditorTargetPlatform (23)
[2015.09.07-01.44.09:179][303]LogModuleManager: Shutting down and abandoning module WindowsClientTargetPlatform (22)
[2015.09.07-01.44.09:180][303]LogModuleManager: Shutting down and abandoning module DesktopTargetPlatform (21)
[2015.09.07-01.44.09:180][303]LogModuleManager: Shutting down and abandoning module TargetPlatform (20)
[2015.09.07-01.44.09:181][303]LogModuleManager: Shutting down and abandoning module InputCore (19)
[2015.09.07-01.44.09:181][303]LogModuleManager: Shutting down and abandoning module Settings (18)
[2015.09.07-01.44.09:182][303]LogModuleManager: Shutting down and abandoning module OnlineSubsystem (16)
[2015.09.07-01.44.09:182][303]LogModuleManager: Shutting down and abandoning module HTTP (15)
[2015.09.07-01.44.09:184][303]LogModuleManager: Shutting down and abandoning module ExampleDeviceProfileSelector (14)
[2015.09.07-01.44.09:184][303]LogModuleManager: Shutting down and abandoning module TextureCompressor (13)
[2015.09.07-01.44.09:186][303]LogModuleManager: Shutting down and abandoning module ShaderCore (12)
[2015.09.07-01.44.09:186][303]LogModuleManager: Shutting down and abandoning module Landscape (11)
[2015.09.07-01.44.09:187][303]LogModuleManager: Shutting down and abandoning module SlateRHIRenderer (10)
[2015.09.07-01.44.09:190][303]LogModuleManager: Shutting down and abandoning module OpenGLDrv (9)
[2015.09.07-01.44.09:190][303]LogModuleManager: Shutting down and abandoning module D3D11RHI (8)
[2015.09.07-01.44.09:191][303]LogModuleManager: Shutting down and abandoning module Renderer (7)
[2015.09.07-01.44.09:192][303]LogModuleManager: Shutting down and abandoning module Engine (6)
[2015.09.07-01.44.09:192][303]LogModuleManager: Shutting down and abandoning module CoreUObject (5)
[2015.09.07-01.44.09:193][303]LogModuleManager: Shutting down and abandoning module NetworkFile (4)
[2015.09.07-01.44.09:193][303]LogModuleManager: Shutting down and abandoning module StreamingFile (3)
[2015.09.07-01.44.09:194][303]LogModuleManager: Shutting down and abandoning module SandboxFile (2)
[2015.09.07-01.44.09:195][303]LogModuleManager: Shutting down and abandoning module PakFile (1)
[2015.09.07-01.44.09:198][303]LogExit: Exiting.
[2015.09.07-01.44.09:199][303]Log file closed, 09/06/15 21:44:09
