[2015.12.09-14.52.17:286][  0]Log file open, 12/09/15 09:52:17
[2015.12.09-14.52.17:286][  0]LogInit:Display: Running engine for game: Brain
[2015.12.09-14.52.17:286][  0]LogInit:Display: RandInit(1674458167) SRandInit(1674458167).
[2015.12.09-14.52.17:286][  0]LogTaskGraph: Started task graph with 4 named threads and 7 total threads.
[2015.12.09-14.52.17:286][  0]LogStats: Stats thread started
[2015.12.09-14.52.17:286][  0]LogInit: Version: 4.8.3-2634408+++depot+UE4-Releases+4.8
[2015.12.09-14.52.17:286][  0]LogInit: API Version: 2579680
[2015.12.09-14.52.17:286][  0]LogInit: Compiled (64-bit): Jul 27 2015 16:24:33
[2015.12.09-14.52.17:286][  0]LogInit: Compiled with Visual C++: 18.00.21005.01
[2015.12.09-14.52.17:286][  0]LogInit: Build Configuration: Development
[2015.12.09-14.52.17:286][  0]LogInit: Branch Name: ++depot+UE4-Releases+4.8
[2015.12.09-14.52.17:286][  0]LogInit: Command line:  
[2015.12.09-14.52.17:286][  0]LogInit: Base directory: C:/Program Files/Epic Games/4.8/Engine/Binaries/Win64/
[2015.12.09-14.52.17:286][  0]LogInit: Rocket: 1
[2015.12.09-14.52.17:306][  0]LogInit: Using libcurl 7.41.0
[2015.12.09-14.52.17:306][  0]LogInit:  - built for x86_64-pc-win32
[2015.12.09-14.52.17:306][  0]LogInit:  - supports SSL with WinSSL
[2015.12.09-14.52.17:306][  0]LogInit:  - other features:
[2015.12.09-14.52.17:306][  0]LogInit:      CURL_VERSION_SSL
[2015.12.09-14.52.17:306][  0]LogInit:      CURL_VERSION_IPV6
[2015.12.09-14.52.17:306][  0]LogInit:      CURL_VERSION_ASYNCHDNS
[2015.12.09-14.52.17:306][  0]LogInit:      CURL_VERSION_LARGEFILE
[2015.12.09-14.52.17:306][  0]LogInit:      CURL_VERSION_IDN
[2015.12.09-14.52.17:306][  0]LogInit:  CurlRequestOptions (configurable via config and command line):
[2015.12.09-14.52.17:306][  0]LogInit:  - bVerifyPeer = true  - Libcurl will verify peer certificate
[2015.12.09-14.52.17:306][  0]LogInit:  - bUseHttpProxy = false  - Libcurl will NOT use HTTP proxy
[2015.12.09-14.52.17:306][  0]LogInit:  - bDontReuseConnections = false  - Libcurl will reuse connections
[2015.12.09-14.52.17:306][  0]LogInit:  - CertBundlePath = nullptr  - Libcurl will use whatever was configured at build time.
[2015.12.09-14.52.17:325][  0]LogOnline:Warning: No default platform service specified for OnlineSubsystem
[2015.12.09-14.52.17:436][  0]LogInit: Presizing for 0 objects not considered by GC, pre-allocating 0 bytes.
[2015.12.09-14.52.17:447][  0]LogInit: Object subsystem initialized
[2015.12.09-14.52.17:448][  0]LogConsoleResponse:Warning: Skipping Unknown console variable: 'TranslucentSortAxis = (X=0.000000,Y=-1.000000,Z=0.000000)'
[2015.12.09-14.52.17:448][  0]LogConsoleResponse:Warning:   Found in ini file 'C:/Users/Sullivan/Documents/Brain-new/Saved/Config/Windows/Engine.ini', in section '[/Script/Engine.RendererSettings]'
[2015.12.09-14.52.17:448][  0]LogConsoleResponse:Warning: Skipping Unknown console variable: 'UIScaleRule = ShortestSide'
[2015.12.09-14.52.17:448][  0]LogConsoleResponse:Warning:   Found in ini file 'C:/Users/Sullivan/Documents/Brain-new/Saved/Config/Windows/Engine.ini', in section '[/Script/Engine.RendererSettings]'
[2015.12.09-14.52.17:448][  0]LogConsoleResponse:Warning: Skipping Unknown console variable: 'UIScaleCurve = (EditorCurveData=(Keys=),ExternalCurve=None)'
[2015.12.09-14.52.17:448][  0]LogConsoleResponse:Warning:   Found in ini file 'C:/Users/Sullivan/Documents/Brain-new/Saved/Config/Windows/Engine.ini', in section '[/Script/Engine.RendererSettings]'
[2015.12.09-14.52.17:467][  0]LogInit: Selected Device Profile: [Windows]
[2015.12.09-14.52.17:467][  0]LogInit: Applying CVar settings loaded from the selected device profile: [Windows]
[2015.12.09-14.52.17:532][  0]LogInit: Computer: SULLI
[2015.12.09-14.52.17:532][  0]LogInit: User: Sullivan
[2015.12.09-14.52.17:532][  0]LogInit: CPU Page size=4096, Cores=4
[2015.12.09-14.52.17:532][  0]LogInit: High frequency timer resolution =2.241004 MHz
[2015.12.09-14.52.17:532][  0]LogMemory: Memory total: Physical=8.0GB (8GB approx)
[2015.12.09-14.52.17:532][  0]LogMemory: Platform Memory Stats for Windows
[2015.12.09-14.52.17:532][  0]LogMemory: Process Physical Memory: 48.08 MB used, 48.08 MB peak
[2015.12.09-14.52.17:532][  0]LogMemory: Process Virtual Memory: 24.37 MB used, 24.37 MB peak
[2015.12.09-14.52.17:532][  0]LogMemory: Physical Memory: 3434.83 MB used, 8151.90 MB total
[2015.12.09-14.52.17:532][  0]LogMemory: Virtual Memory: 298.00 MB used, 134217728.00 MB total
[2015.12.09-14.52.18:008][  0]LogTextLocalizationManager: The requested culture ('fr_FR') has no localization data; falling back to 'en' for localization and internationalization data.
[2015.12.09-14.52.18:356][  0]LogTextLocalizationManager:Warning: Loaded localization resources contain conflicting entries for (Namespace:ContentBrowser, Key:ImportAssetToolTip):
Localization Resource: (C:/Program Files/Epic Games/4.8/Engine/Content/Localization/Editor/en/Editor.locres) Source String Hash: (-630476809) Localized String: (Import to {0}...)
Localization Resource: (C:/Program Files/Epic Games/4.8/Engine/Content/Localization/Editor/en/Editor.locres) Source String Hash: (1271782899) Localized String: (Imports an asset from file to this folder.)
[2015.12.09-14.52.19:073][  0]LogD3D11RHI: Found D3D11 adapter 0: NVIDIA GeForce GTX 670M (Feature Level 11_0)
[2015.12.09-14.52.19:073][  0]LogD3D11RHI: Adapter has 3003MB of dedicated video memory, 0MB of dedicated system memory, and 4075MB of shared system memory, 1 output[s]
[2015.12.09-14.52.19:074][  0]LogD3D11RHI: Found D3D11 adapter 1: Microsoft Basic Render Driver (Feature Level 11_0)
[2015.12.09-14.52.19:074][  0]LogD3D11RHI: Adapter has 0MB of dedicated video memory, 0MB of dedicated system memory, and 256MB of shared system memory, 0 output[s]
[2015.12.09-14.52.19:074][  0]LogD3D11RHI: Chosen D3D11 Adapter Id = 0
[2015.12.09-14.52.19:078][  0]LogD3D11RHI: InitD3DDevice
[2015.12.09-14.52.19:078][  0]LogD3D11RHI: !Direct3DDevice
[2015.12.09-14.52.19:078][  0]LogRHI: Texture pool is 1361 MB (70% of 1945 MB)
[2015.12.09-14.52.19:090][  0]LogD3D11RHI: Async texture creation enabled
[2015.12.09-14.52.19:109][  0]LogShaderCompilers:Display: Using Local Shader Compiler.
[2015.12.09-14.52.22:242][  0]LogTemp:Display: Loaded TP DesktopTargetPlatform
[2015.12.09-14.52.22:264][  0]LogTemp:Display: Loaded TP WindowsClientTargetPlatform
[2015.12.09-14.52.22:286][  0]LogTemp:Display: Loaded TP WindowsNoEditorTargetPlatform
[2015.12.09-14.52.22:369][  0]LogTemp:Display: Loaded TP WindowsServerTargetPlatform
[2015.12.09-14.52.22:399][  0]LogTemp:Display: Loaded TP WindowsTargetPlatform
[2015.12.09-14.52.22:436][  0]LogTemp:Display: Loaded TP AndroidTargetPlatform
[2015.12.09-14.52.22:463][  0]LogTemp:Display: Loaded TP Android_ASTCTargetPlatform
[2015.12.09-14.52.22:483][  0]LogTemp:Display: Loaded TP Android_ATCTargetPlatform
[2015.12.09-14.52.22:510][  0]LogTemp:Display: Loaded TP Android_DXTTargetPlatform
[2015.12.09-14.52.22:530][  0]LogTemp:Display: Loaded TP Android_ETC1TargetPlatform
[2015.12.09-14.52.22:558][  0]LogTemp:Display: Loaded TP Android_ETC2TargetPlatform
[2015.12.09-14.52.22:578][  0]LogTemp:Display: Loaded TP Android_PVRTCTargetPlatform
[2015.12.09-14.52.22:748][  0]LogTemp:Display: Loaded TP IOSTargetPlatform
[2015.12.09-14.52.22:767][  0]LogTemp:Display: Loaded TP LinuxNoEditorTargetPlatform
[2015.12.09-14.52.22:788][  0]LogTemp:Display: Loaded TP LinuxServerTargetPlatform
[2015.12.09-14.52.22:844][  0]LogTemp:Display: Loaded TP LinuxTargetPlatform
[2015.12.09-14.52.22:844][  0]LogTargetPlatformManager:Display: Building Assets For Windows
[2015.12.09-14.52.24:062][  0]LogDerivedDataCache:Display: Max Cache Size: 512 MB
[2015.12.09-14.52.25:535][  0]LogDerivedDataCache: Loaded boot cache 1.47s 60MB C:/Users/Sullivan/AppData/Local/UnrealEngine/4.8/DerivedDataCache/Boot.ddc.
[2015.12.09-14.52.25:535][  0]LogDerivedDataCache:Display: Loaded Boot cache: C:/Users/Sullivan/AppData/Local/UnrealEngine/4.8/DerivedDataCache/Boot.ddc
[2015.12.09-14.52.25:535][  0]LogDerivedDataCache: FDerivedDataBackendGraph:  Pak pak cache file ../../../../../../Users/Sullivan/Documents/Brain-new/DerivedDataCache/DDC.ddp not found, will not use a pak cache.
[2015.12.09-14.52.25:536][  0]LogDerivedDataCache: Unable to find inner node Pak for hierarchical cache Hierarchy.
[2015.12.09-14.52.25:536][  0]LogDerivedDataCache: FDerivedDataBackendGraph:  CompressedPak pak cache file ../../../../../../Users/Sullivan/Documents/Brain-new/DerivedDataCache/Compressed.ddp not found, will not use a pak cache.
[2015.12.09-14.52.25:536][  0]LogDerivedDataCache: Unable to find inner node CompressedPak for hierarchical cache Hierarchy.
[2015.12.09-14.52.25:823][  0]LogDerivedDataCache:Display: Pak cache opened for reading ../../../Engine/DerivedDataCache/Compressed.ddp.
[2015.12.09-14.52.25:835][  0]LogDerivedDataCache: Using Local data cache path C:/Users/Sullivan/AppData/Local/UnrealEngine/Common/DerivedDataCache: Writable
[2015.12.09-14.52.36:514][  0]LogCollisionProfile:Warning: Profile (Trigger) - Custom Channel Name = 'Projectile' hasn't been found
[2015.12.09-14.52.36:899][  0]LogInit: Selected Device Profile: [Windows]
[2015.12.09-14.52.37:847][  0]ImportText (ComponentSweepMultiTests): Missing closing parenthesis: (RootShapeAsset="/Engine/BasicShapes/Cube.Cube",ShapeType="TriggerCapsule",HitResult=(Time=0.50,Location=(X=-100.000015,Y=0.0,Z=100.000015),ImpactPoint=(X=-50.0,Y=0.0,Z=50.0),Normal=(X=-1.0,Y=-0.0,Z=0.0),ImpactNormal=(X=0.0,Y=0.0,Z=1.0),TraceStart=(X=-200.0,Y=0.0,Z=200.0),TraceEnd=(X=0.0,Y=0.0,Z=0.0))
[2015.12.09-14.52.37:847][  0]ImportText (LineTraceSingleByChannelTests): Missing closing parenthesis: (RootShapeAsset="/Engine/BasicShapes/Cube.Cube",HitResult=(Time=0.50,Location=(X=-100.000015,Y=0.0,Z=100.000015),ImpactPoint=(X=-50.0,Y=0.0,Z=50.0),Normal=(X=-1.0,Y=-0.0,Z=0.0),ImpactNormal=(X=0.0,Y=0.0,Z=1.0),TraceStart=(X=-200.0,Y=0.0,Z=200.0),TraceEnd=(X=0.0,Y=0.0,Z=0.0))
[2015.12.09-14.52.38:030][  0]LogMeshUtilities: No automatic mesh reduction module available
[2015.12.09-14.52.38:030][  0]LogMeshUtilities: No automatic mesh merging module available
[2015.12.09-14.52.41:063][  0]LogInit: WinSock: version 1.1 (2.2), MaxSocks=32767, MaxUdp=65467
[2015.12.09-14.53.05:196][  0]LogWmfMedia: Failed to load mf.dll
[2015.12.09-14.53.05:196][  0]LogWmfMedia: Failed to load required Windows Media Foundation libraries
[2015.12.09-14.53.05:217][  0]LogWindowsMoviePlayer:Warning: Could not load mf.dll
[2015.12.09-14.53.05:218][  0]LogWindowsMoviePlayer:Warning: Could not load mfplat.dll
[2015.12.09-14.53.05:220][  0]LogWindowsMoviePlayer:Warning: Could not load mfplay.dll
[2015.12.09-14.53.05:607][  0]UdpMessaging: Initializing bridge on interface 0.0.0.0:0 to multicast group 230.0.0.1:6666.
[2015.12.09-14.53.09:183][  0]SourceControl: Info Source control is disabled
[2015.12.09-14.53.09:184][  0]SourceControl: Info Source control is disabled
[2015.12.09-14.53.09:270][  0]SourceControl: Info Source control is disabled
[2015.12.09-14.53.09:304][  0]SourceControl: Info Source control is disabled
[2015.12.09-14.53.10:497][  0]LogObj: 31402 objects as part of root set at end of initial load.
[2015.12.09-14.53.10:497][  0]LogUObjectAllocator: 7163344 out of 0 bytes used by permanent object pool.
[2015.12.09-14.53.11:427][  0]LogEngine: Initializing Engine...
[2015.12.09-14.53.11:447][  0]LogHMD: Can't find Oculus library dev build: is proper Runtime installed? Version: 0.6.0.0
[2015.12.09-14.53.12:080][  0]LogHMD:Warning: SteamVR failed to initialize.  Error: 108
[2015.12.09-14.53.12:921][  0]LogAIModule: Creating AISystem for world NewWorld
[2015.12.09-14.53.12:958][  0]LogInit: XAudio2 using 'Haut-parleurs (5- Périphérique High Definition Audio)' : 2 channels at 44.1 kHz using 16 bits per sample (channel mask 0x3)
[2015.12.09-14.53.13:025][  0]LogInit: FAudioDevice initialized.
[2015.12.09-14.53.13:069][  0]LogDerivedDataCache: Saved boot cache 0.04s 60MB C:/Users/Sullivan/AppData/Local/UnrealEngine/4.8/DerivedDataCache/Boot.ddc.
[2015.12.09-14.53.13:076][  0]LogInit: Texture streaming: Disabled
[2015.12.09-14.53.13:132][  0]LogAnalytics: Creating configured Analytics provider AnalyticsET
[2015.12.09-14.53.13:132][  0]LogAnalytics: [UEEditor.Rocket.Release] APIServer = http://et2.epicgames.com/ET2/. AppVersion = 4.8.3-2634408+++depot+UE4-Releases+4.8
[2015.12.09-14.53.13:132][  0]LogAnalytics: [UEEditor.Rocket.Release] SetUserId ad541df74db84af293f9b0a60160a0cf|46a40cfda58c4237b68f593a66e52ede|5c8738c5-c9ae-49ff-8b11-2d4ad6d2f4c4
[2015.12.09-14.53.13:132][  0]LogAnalytics: [UEEditor.Rocket.Release] AnalyticsET::StartSession
[2015.12.09-14.53.13:406][  0]LogInit: Transaction tracking system initialized
[2015.12.09-14.53.13:868][  0]BlueprintLog: New page: Editor Load
[2015.12.09-14.53.13:979][  0]LogAssetRegistry: FAssetRegistry took 0.0112 seconds to start up
[2015.12.09-14.53.13:992][  0]LogDirectoryWatcher:Warning: Failed to begin reading directory changes for ../../../Engine/Plugins/Experimental/CharacterAI/Content/. Error: 0
[2015.12.09-14.53.17:669][  0]LogConsoleManager:Warning: Console variable 'r.VSync' wasn't set ('GameSetting' has a lower priority than 'SystemSettingsIni')
[2015.12.09-14.53.17:669][  0]LogConsoleResponse:Display: 
[2015.12.09-14.53.19:534][  0]LogCook:Display: Done creating registry. It took  0.00s.
[2015.12.09-14.53.20:898][  0]SourceControl: Info Source control is disabled
[2015.12.09-14.53.20:916][  0]Cmd: MAP LOAD FILE="../../../../../../Users/Sullivan/Documents/Brain-new/Content/FirstPerson/Maps/MainMenu.umap" TEMPLATE=0 SHOWPROGRESS=1 FEATURELEVEL=3
[2015.12.09-14.53.20:925][  0]LightingResults: New page: Lighting Build
[2015.12.09-14.53.20:975][  0]MapCheck: New page: Map Check
[2015.12.09-14.53.20:975][  0]LightingResults: New page: Lighting Build
[2015.12.09-14.53.20:989][  0]LogParticles: Destroying 0 GPU particle simulations for FXSystem 0x0000008A011FA3E0
[2015.12.09-14.53.21:018][  0]LogAIModule: Creating AISystem for world MainMenu
[2015.12.09-14.53.21:019][  0]LogEditorServer: Finished looking for orphan Actors (0.000 secs)
[2015.12.09-14.53.21:020][  0]Cmd: MAP CHECKDEP NOCLEARLOG
[2015.12.09-14.53.21:079][  0]MapCheck: Info Map check complete: 0 Error(s), 0 Warning(s), took 58.632ms to complete.
[2015.12.09-14.53.21:079][  0]LogFileHelpers: Loading map 'MainMenu' took 0.164
[2015.12.09-14.53.21:944][  0]LogCollectionManager: Loaded 0 collections in 0.003202 seconds
[2015.12.09-14.53.21:967][  0]LogContentBrowser: Native class hierarchy populated in 0.0211 seconds. Added 1819 classes and 311 folders.
[2015.12.09-14.53.22:239][  0]LogContentBrowser: Native class hierarchy updated for 'WidgetCarousel' in 0.0073 seconds. Added 0 classes and 0 folders.
[2015.12.09-14.53.22:832][  0]LogContentBrowser: Native class hierarchy updated for 'AddContentDialog' in 0.0075 seconds. Added 0 classes and 0 folders.
[2015.12.09-14.53.22:955][  0]LogContentBrowser: Native class hierarchy updated for 'SceneOutliner' in 0.0074 seconds. Added 1 classes and 2 folders.
[2015.12.09-14.53.23:426][  0]LogCrashTracker: Crashtracker disabled due to settings.
[2015.12.09-14.53.23:494][  0]LogD3D11RHI: InitD3DDevice
[2015.12.09-14.53.23:526][  0]LogUObjectGlobals:Warning: Failed to find object 'Class None.'
[2015.12.09-14.53.23:583][  0]LogLoad: Full Startup: 71.88 seconds (BP compile: 0.69 seconds)
[2015.12.09-14.53.24:414][  0]LogContentStreaming: Texture pool size is 0.000000MB
[2015.12.09-14.53.24:554][  0]LogContentStreaming: Texture pool size now 1000 MB
[2015.12.09-14.53.25:257][  0]LogRenderer: Reallocating scene render targets to support 1208x576 (Frame:2).
[2015.12.09-14.53.25:830][  8]LogAssetRegistry: Asset discovery search completed in 11.8619 seconds
[2015.12.09-14.55.25:641][551]LogD3D11RHI: InitD3DDevice
[2015.12.09-14.55.35:808][157]LogPlayLevel: PIE:  No blueprints needed recompiling
[2015.12.09-14.55.35:967][157]PIE: New page: PIE session: MainMenu (Dec 9, 2015, 4:55:35 AM)
[2015.12.09-14.55.35:980][157]LogPlayLevel: Creating play world package: /Game/FirstPerson/Maps/UEDPIE_0_MainMenu
[2015.12.09-14.55.35:981][157]LogPlayLevel: PIE: StaticDuplicateObject took: (0.000723s)
[2015.12.09-14.55.35:982][157]LogAIModule: Creating AISystem for world MainMenu
[2015.12.09-14.55.35:983][157]LogPlayLevel: PIE: World Init took: (0.001784s)
[2015.12.09-14.55.35:983][157]LogPlayLevel: PIE: Created PIE world by copying editor world from /Game/FirstPerson/Maps/MainMenu.MainMenu to /Game/FirstPerson/Maps/UEDPIE_0_MainMenu.MainMenu (0.002925s)
[2015.12.09-14.55.36:026][157]LogInit: XAudio2 using 'Haut-parleurs (5- Périphérique High Definition Audio)' : 2 channels at 44.1 kHz using 16 bits per sample (channel mask 0x3)
[2015.12.09-14.55.36:034][157]LogInit: FAudioDevice initialized.
[2015.12.09-14.55.36:171][157]LogWorld: Game class is 'BrainGameMode'
[2015.12.09-14.55.36:204][157]LogWorld: Bringing World /Game/FirstPerson/Maps/UEDPIE_0_MainMenu.MainMenu up for play (max tick rate 60) at 2015.12.09-09.55.36
[2015.12.09-14.55.36:204][157]LogActor:Warning: GameSession /Game/FirstPerson/Maps/UEDPIE_0_MainMenu.MainMenu:PersistentLevel.GameSession_0 has natively added scene component(s), but none of them were set as the actor's RootComponent - picking one arbitrarily
[2015.12.09-14.55.36:205][157]LogActor:Warning: GameNetworkManager /Game/FirstPerson/Maps/UEDPIE_0_MainMenu.MainMenu:PersistentLevel.GameNetworkManager_0 has natively added scene component(s), but none of them were set as the actor's RootComponent - picking one arbitrarily
[2015.12.09-14.55.36:205][157]LogWorld: Bringing up level for play took: 0.001615
[2015.12.09-14.55.37:071][157]PIE: Info Play in editor start time for /Game/FirstPerson/Maps/UEDPIE_0_MainMenu 0.296
[2015.12.09-14.55.42:166][447]LogPackageName: SearchForPackageOnDisk took   0.090s to resolve Level1.umap
[2015.12.09-14.55.42:251][447]LogPackageName: SearchForPackageOnDisk took   0.084s to resolve Level1.umap
[2015.12.09-14.55.42:251][447]LogNet: Browse: /Game/FirstPerson/Maps/Level1
[2015.12.09-14.55.42:251][447]LogLoad: LoadMap: /Game/FirstPerson/Maps/Level1
[2015.12.09-14.55.42:273][447]LogParticles: Destroying 0 GPU particle simulations for FXSystem 0x0000008A7507C360
[2015.12.09-14.55.42:351][447]Cmd: MEM
[2015.12.09-14.55.42:373][447]LogMemory: Platform Memory Stats for Windows
[2015.12.09-14.55.42:373][447]LogMemory: Process Physical Memory: 473.18 MB used, 491.46 MB peak
[2015.12.09-14.55.42:373][447]LogMemory: Process Virtual Memory: 368.13 MB used, 397.84 MB peak
[2015.12.09-14.55.42:373][447]LogMemory: Physical Memory: 3823.36 MB used, 8151.90 MB total
[2015.12.09-14.55.42:373][447]LogMemory: Virtual Memory: 964.90 MB used, 134217728.00 MB total
[2015.12.09-14.55.42:373][447]LogMemory: 
[2015.12.09-14.55.42:373][447]Allocator Stats for TBB: (not implemented)
[2015.12.09-14.55.44:475][447]LogAIModule: Creating AISystem for world Level1
[2015.12.09-14.55.44:478][447]LogWorld: Game class is 'BrainGameMode'
[2015.12.09-14.55.44:493][447]LogWorld: Bringing World /Game/FirstPerson/Maps/UEDPIE_0_Level1.Level1 up for play (max tick rate 60) at 2015.12.09-09.55.44
[2015.12.09-14.55.44:494][447]LogActor:Warning: GameSession /Game/FirstPerson/Maps/UEDPIE_0_Level1.Level1:PersistentLevel.GameSession_1 has natively added scene component(s), but none of them were set as the actor's RootComponent - picking one arbitrarily
[2015.12.09-14.55.44:494][447]LogActor:Warning: GameNetworkManager /Game/FirstPerson/Maps/UEDPIE_0_Level1.Level1:PersistentLevel.GameNetworkManager_1 has natively added scene component(s), but none of them were set as the actor's RootComponent - picking one arbitrarily
[2015.12.09-14.55.44:495][447]LogWorld: Bringing up level for play took: 0.013917
[2015.12.09-14.55.44:868][447]LogAssetRegistry: ScanPathsSynchronous completed scanning '/Game/FirstPerson/Textures/Actions' to find 8 assets in 0.0430 seconds
[2015.12.09-14.55.47:155][570]LogTemp:Warning: End !
[2015.12.09-14.55.50:940][796]LogWindowsTextInputMethodSystem:Display: IME system now deactivated.
[2015.12.09-14.55.50:940][796]LogWindowsTextInputMethodSystem:Display: IME system now deactivated.
[2015.12.09-14.55.51:573][834]LogTemp:Warning: Begin !
[2015.12.09-14.55.52:320][878]LogTemp:Warning: End !
[2015.12.09-14.55.57:224][144]LogPackageName: SearchForPackageOnDisk took   0.086s to resolve Level1.umap
[2015.12.09-14.55.57:310][144]LogPackageName: SearchForPackageOnDisk took   0.085s to resolve Level1.umap
[2015.12.09-14.55.57:310][144]LogNet: Browse: /Game/FirstPerson/Maps/Level1
[2015.12.09-14.55.57:310][144]LogLoad: LoadMap: /Game/FirstPerson/Maps/Level1
[2015.12.09-14.55.57:341][144]LogParticles: Destroying 0 GPU particle simulations for FXSystem 0x0000008A7B8BEFC0
[2015.12.09-14.55.57:419][144]Cmd: MEM
[2015.12.09-14.55.57:441][144]LogMemory: Platform Memory Stats for Windows
[2015.12.09-14.55.57:441][144]LogMemory: Process Physical Memory: 553.51 MB used, 585.05 MB peak
[2015.12.09-14.55.57:441][144]LogMemory: Process Virtual Memory: 443.32 MB used, 481.55 MB peak
[2015.12.09-14.55.57:442][144]LogMemory: Physical Memory: 3906.20 MB used, 8151.90 MB total
[2015.12.09-14.55.57:442][144]LogMemory: Virtual Memory: 1055.77 MB used, 134217728.00 MB total
[2015.12.09-14.55.57:442][144]LogMemory: 
[2015.12.09-14.55.57:442][144]Allocator Stats for TBB: (not implemented)
[2015.12.09-14.55.57:566][144]LogAIModule: Creating AISystem for world Level1
[2015.12.09-14.55.57:567][144]LogWorld: Game class is 'BrainGameMode'
[2015.12.09-14.55.57:582][144]LogWorld: Bringing World /Game/FirstPerson/Maps/UEDPIE_0_Level1.Level1 up for play (max tick rate 60) at 2015.12.09-09.55.57
[2015.12.09-14.55.57:582][144]LogActor:Warning: GameSession /Game/FirstPerson/Maps/UEDPIE_0_Level1.Level1:PersistentLevel.GameSession_2 has natively added scene component(s), but none of them were set as the actor's RootComponent - picking one arbitrarily
[2015.12.09-14.55.57:583][144]LogActor:Warning: GameNetworkManager /Game/FirstPerson/Maps/UEDPIE_0_Level1.Level1:PersistentLevel.GameNetworkManager_2 has natively added scene component(s), but none of them were set as the actor's RootComponent - picking one arbitrarily
[2015.12.09-14.55.57:584][144]LogWorld: Bringing up level for play took: 0.013220
[2015.12.09-14.56.00:722][327]LogTemp:Warning: Begin !
[2015.12.09-14.56.06:410][667]LogTemp:Warning: End !
[2015.12.09-14.56.09:500][846]LogPackageName: SearchForPackageOnDisk took   0.088s to resolve Level1.umap
[2015.12.09-14.56.09:587][846]LogPackageName: SearchForPackageOnDisk took   0.087s to resolve Level1.umap
[2015.12.09-14.56.09:587][846]LogNet: Browse: /Game/FirstPerson/Maps/Level1
[2015.12.09-14.56.09:588][846]LogLoad: LoadMap: /Game/FirstPerson/Maps/Level1
[2015.12.09-14.56.09:622][846]LogParticles: Destroying 0 GPU particle simulations for FXSystem 0x0000008A083FE8E0
[2015.12.09-14.56.09:622][846]Cmd: MEM
[2015.12.09-14.56.09:643][846]LogMemory: Platform Memory Stats for Windows
[2015.12.09-14.56.09:643][846]LogMemory: Process Physical Memory: 556.13 MB used, 585.05 MB peak
[2015.12.09-14.56.09:643][846]LogMemory: Process Virtual Memory: 444.91 MB used, 481.55 MB peak
[2015.12.09-14.56.09:643][846]LogMemory: Physical Memory: 3904.80 MB used, 8151.90 MB total
[2015.12.09-14.56.09:643][846]LogMemory: Virtual Memory: 1054.13 MB used, 134217728.00 MB total
[2015.12.09-14.56.09:643][846]LogMemory: 
[2015.12.09-14.56.09:644][846]Allocator Stats for TBB: (not implemented)
[2015.12.09-14.56.09:767][846]LogAIModule: Creating AISystem for world Level1
[2015.12.09-14.56.09:769][846]LogWorld: Game class is 'BrainGameMode'
[2015.12.09-14.56.09:784][846]LogWorld: Bringing World /Game/FirstPerson/Maps/UEDPIE_0_Level1.Level1 up for play (max tick rate 60) at 2015.12.09-09.56.09
[2015.12.09-14.56.09:784][846]LogActor:Warning: GameSession /Game/FirstPerson/Maps/UEDPIE_0_Level1.Level1:PersistentLevel.GameSession_3 has natively added scene component(s), but none of them were set as the actor's RootComponent - picking one arbitrarily
[2015.12.09-14.56.09:785][846]LogActor:Warning: GameNetworkManager /Game/FirstPerson/Maps/UEDPIE_0_Level1.Level1:PersistentLevel.GameNetworkManager_3 has natively added scene component(s), but none of them were set as the actor's RootComponent - picking one arbitrarily
[2015.12.09-14.56.09:786][846]LogWorld: Bringing up level for play took: 0.013591
[2015.12.09-14.56.10:697][892]LogTemp:Warning: End !
[2015.12.09-14.56.16:528][158]LogParticles: Destroying 0 GPU particle simulations for FXSystem 0x0000008A083FDEE0
[2015.12.09-14.56.24:254][620]LogD3D11RHI: InitD3DDevice
[2015.12.09-14.56.24:546][620]LogD3D11RHI: InitD3DDevice
[2015.12.09-14.56.45:924][943]LogVSAccessor:Warning: Visual Studio is open but could not be queried - it may be blocked by a modal operation
[2015.12.09-14.56.56:561][944]LogVSAccessor:Warning: Couldn't goto line number '0' in 'C:/Users/Sullivan/Documents/Brain-new/Source/Brain/BrainObserver.h'
[2015.12.09-14.56.56:658][944]LogVSAccessor:Warning: Couldn't goto line number '0' in 'C:/Users/Sullivan/Documents/Brain-new/Source/Brain/BrainObserver.cpp'
[2015.12.09-15.00.54:066][657]LogHotReload: New module detected: UE4Editor-Brain-7234.dll
[2015.12.09-15.00.56:410][665]LogHotReload: Starting Hot-Reload from IDE
[2015.12.09-15.00.56:414][665]LogD3D11RHI: InitD3DDevice
[2015.12.09-15.00.56:631][665]LogClass: EAction HotReload.
[2015.12.09-15.00.56:631][665]LogClass: ShearPlan HotReload.
[2015.12.09-15.00.56:631][665]LogClass: TransformationType HotReload.
[2015.12.09-15.00.56:631][665]LogClass: BrainCharacterSaveData HotReload.
[2015.12.09-15.00.56:631][665]LogClass: BrainCameraSaveData HotReload.
[2015.12.09-15.00.56:631][665]LogClass: BrainNIOSaveData HotReload.
[2015.12.09-15.00.56:631][665]LogClass: BrainTIOSaveData HotReload.
[2015.12.09-15.00.56:631][665]LogClass: BrainTransformSaveData HotReload.
[2015.12.09-15.00.56:631][665]LogClass: BrainSaveData HotReload.
[2015.12.09-15.00.56:631][665]LogClass: ObjectAction HotReload.
[2015.12.09-15.00.56:631][665]LogClass: Transformation HotReload.
[2015.12.09-15.00.56:699][665]LogContentBrowser: Native class hierarchy updated for 'Brain' in 0.0081 seconds. Added 27 classes and 10 folders.
[2015.12.09-15.00.56:702][665]Warning: HotReload successful (52 functions remapped  8 scriptstructs remapped)
[2015.12.09-15.00.56:760][665]LogContentBrowser: Native class hierarchy populated in 0.0185 seconds. Added 1820 classes and 313 folders.
[2015.12.09-15.00.56:761][665]LogD3D11RHI: InitD3DDevice
[2015.12.09-15.04.10:432][246]LogWindowsTextInputMethodSystem:Display: IME system now deactivated.
[2015.12.09-15.04.10:432][246]LogWindowsTextInputMethodSystem:Display: IME system now deactivated.
[2015.12.09-15.04.13:639][347]LogPlayLevel: PIE:  No blueprints needed recompiling
[2015.12.09-15.04.13:639][347]PIE: New page: PIE session: MainMenu (Dec 9, 2015, 5:04:13 AM)
[2015.12.09-15.04.13:640][347]LogPlayLevel: Creating play world package: /Game/FirstPerson/Maps/UEDPIE_0_MainMenu
[2015.12.09-15.04.13:641][347]LogPlayLevel: PIE: StaticDuplicateObject took: (0.000797s)
[2015.12.09-15.04.13:642][347]LogAIModule: Creating AISystem for world MainMenu
[2015.12.09-15.04.13:643][347]LogPlayLevel: PIE: World Init took: (0.001803s)
[2015.12.09-15.04.13:643][347]LogPlayLevel: PIE: Created PIE world by copying editor world from /Game/FirstPerson/Maps/MainMenu.MainMenu to /Game/FirstPerson/Maps/UEDPIE_0_MainMenu.MainMenu (0.002952s)
[2015.12.09-15.04.13:677][347]LogInit: XAudio2 using 'Casque (5- Périphérique High Definition Audio)' : 2 channels at 44.1 kHz using 16 bits per sample (channel mask 0x3)
[2015.12.09-15.04.13:687][347]LogInit: FAudioDevice initialized.
[2015.12.09-15.04.13:730][347]LogWorld: Game class is 'BrainGameMode'
[2015.12.09-15.04.13:734][347]LogWorld: Bringing World /Game/FirstPerson/Maps/UEDPIE_0_MainMenu.MainMenu up for play (max tick rate 60) at 2015.12.09-10.04.13
[2015.12.09-15.04.13:734][347]LogActor:Warning: GameSession /Game/FirstPerson/Maps/UEDPIE_0_MainMenu.MainMenu:PersistentLevel.GameSession_4 has natively added scene component(s), but none of them were set as the actor's RootComponent - picking one arbitrarily
[2015.12.09-15.04.13:735][347]LogActor:Warning: GameNetworkManager /Game/FirstPerson/Maps/UEDPIE_0_MainMenu.MainMenu:PersistentLevel.GameNetworkManager_4 has natively added scene component(s), but none of them were set as the actor's RootComponent - picking one arbitrarily
[2015.12.09-15.04.13:735][347]LogWorld: Bringing up level for play took: 0.002134
[2015.12.09-15.04.13:771][347]PIE: Info Play in editor start time for /Game/FirstPerson/Maps/UEDPIE_0_MainMenu 0.996
[2015.12.09-15.04.19:430][681]LogPackageName: SearchForPackageOnDisk took   0.089s to resolve Level1.umap
[2015.12.09-15.04.19:516][681]LogPackageName: SearchForPackageOnDisk took   0.086s to resolve Level1.umap
[2015.12.09-15.04.19:516][681]LogNet: Browse: /Game/FirstPerson/Maps/Level1
[2015.12.09-15.04.19:517][681]LogLoad: LoadMap: /Game/FirstPerson/Maps/Level1
[2015.12.09-15.04.19:535][681]LogParticles: Destroying 0 GPU particle simulations for FXSystem 0x0000008A75B018A0
[2015.12.09-15.04.19:543][681]Cmd: MEM
[2015.12.09-15.04.19:565][681]LogMemory: Platform Memory Stats for Windows
[2015.12.09-15.04.19:565][681]LogMemory: Process Physical Memory: 551.63 MB used, 585.05 MB peak
[2015.12.09-15.04.19:565][681]LogMemory: Process Virtual Memory: 443.50 MB used, 481.55 MB peak
[2015.12.09-15.04.19:565][681]LogMemory: Physical Memory: 5270.47 MB used, 8151.90 MB total
[2015.12.09-15.04.19:565][681]LogMemory: Virtual Memory: 1056.74 MB used, 134217728.00 MB total
[2015.12.09-15.04.19:565][681]LogMemory: 
[2015.12.09-15.04.19:565][681]Allocator Stats for TBB: (not implemented)
[2015.12.09-15.04.19:705][681]LogAIModule: Creating AISystem for world Level1
[2015.12.09-15.04.19:706][681]LogWorld: Game class is 'BrainGameMode'
[2015.12.09-15.04.19:721][681]LogWorld: Bringing World /Game/FirstPerson/Maps/UEDPIE_0_Level1.Level1 up for play (max tick rate 60) at 2015.12.09-10.04.19
[2015.12.09-15.04.19:721][681]LogActor:Warning: GameSession /Game/FirstPerson/Maps/UEDPIE_0_Level1.Level1:PersistentLevel.GameSession_5 has natively added scene component(s), but none of them were set as the actor's RootComponent - picking one arbitrarily
[2015.12.09-15.04.19:721][681]LogActor:Warning: GameNetworkManager /Game/FirstPerson/Maps/UEDPIE_0_Level1.Level1:PersistentLevel.GameNetworkManager_5 has natively added scene component(s), but none of them were set as the actor's RootComponent - picking one arbitrarily
[2015.12.09-15.04.19:722][681]LogWorld: Bringing up level for play took: 0.012809
[2015.12.09-15.04.20:944][748]LogTemp:Warning: End !
[2015.12.09-15.04.22:817][854]LogPackageName: SearchForPackageOnDisk took   0.086s to resolve Level1.umap
[2015.12.09-15.04.22:904][854]LogPackageName: SearchForPackageOnDisk took   0.087s to resolve Level1.umap
[2015.12.09-15.04.22:904][854]LogNet: Browse: /Game/FirstPerson/Maps/Level1
[2015.12.09-15.04.22:904][854]LogLoad: LoadMap: /Game/FirstPerson/Maps/Level1
[2015.12.09-15.04.22:938][854]LogParticles: Destroying 0 GPU particle simulations for FXSystem 0x0000008A75B41B20
[2015.12.09-15.04.22:938][854]Cmd: MEM
[2015.12.09-15.04.22:960][854]LogMemory: Platform Memory Stats for Windows
[2015.12.09-15.04.22:960][854]LogMemory: Process Physical Memory: 560.63 MB used, 585.05 MB peak
[2015.12.09-15.04.22:960][854]LogMemory: Process Virtual Memory: 447.53 MB used, 481.55 MB peak
[2015.12.09-15.04.22:960][854]LogMemory: Physical Memory: 5273.59 MB used, 8151.90 MB total
[2015.12.09-15.04.22:960][854]LogMemory: Virtual Memory: 1060.80 MB used, 134217728.00 MB total
[2015.12.09-15.04.22:960][854]LogMemory: 
[2015.12.09-15.04.22:960][854]Allocator Stats for TBB: (not implemented)
[2015.12.09-15.04.23:083][854]LogAIModule: Creating AISystem for world Level1
[2015.12.09-15.04.23:085][854]LogWorld: Game class is 'BrainGameMode'
[2015.12.09-15.04.23:099][854]LogWorld: Bringing World /Game/FirstPerson/Maps/UEDPIE_0_Level1.Level1 up for play (max tick rate 60) at 2015.12.09-10.04.23
[2015.12.09-15.04.23:099][854]LogActor:Warning: GameSession /Game/FirstPerson/Maps/UEDPIE_0_Level1.Level1:PersistentLevel.GameSession_6 has natively added scene component(s), but none of them were set as the actor's RootComponent - picking one arbitrarily
[2015.12.09-15.04.23:100][854]LogActor:Warning: GameNetworkManager /Game/FirstPerson/Maps/UEDPIE_0_Level1.Level1:PersistentLevel.GameNetworkManager_6 has natively added scene component(s), but none of them were set as the actor's RootComponent - picking one arbitrarily
[2015.12.09-15.04.23:100][854]LogWorld: Bringing up level for play took: 0.013102
[2015.12.09-15.04.24:381][925]LogWindowsTextInputMethodSystem:Display: IME system now deactivated.
[2015.12.09-15.04.24:381][925]LogWindowsTextInputMethodSystem:Display: IME system now deactivated.
[2015.12.09-15.04.26:714][ 65]LogTemp:Warning: Begin !
[2015.12.09-15.04.30:353][282]LogTemp:Warning: End !
[2015.12.09-15.04.32:691][417]LogPackageName: SearchForPackageOnDisk took   0.088s to resolve Level1.umap
[2015.12.09-15.04.32:778][417]LogPackageName: SearchForPackageOnDisk took   0.086s to resolve Level1.umap
[2015.12.09-15.04.32:778][417]LogNet: Browse: /Game/FirstPerson/Maps/Level1
[2015.12.09-15.04.32:778][417]LogLoad: LoadMap: /Game/FirstPerson/Maps/Level1
[2015.12.09-15.04.32:812][417]LogParticles: Destroying 0 GPU particle simulations for FXSystem 0x0000008A75B42340
[2015.12.09-15.04.32:812][417]Cmd: MEM
[2015.12.09-15.04.32:833][417]LogMemory: Platform Memory Stats for Windows
[2015.12.09-15.04.32:833][417]LogMemory: Process Physical Memory: 561.01 MB used, 585.05 MB peak
[2015.12.09-15.04.32:833][417]LogMemory: Process Virtual Memory: 447.51 MB used, 481.55 MB peak
[2015.12.09-15.04.32:833][417]LogMemory: Physical Memory: 5267.39 MB used, 8151.90 MB total
[2015.12.09-15.04.32:833][417]LogMemory: Virtual Memory: 1068.80 MB used, 134217728.00 MB total
[2015.12.09-15.04.32:833][417]LogMemory: 
[2015.12.09-15.04.32:833][417]Allocator Stats for TBB: (not implemented)
[2015.12.09-15.04.32:954][417]LogAIModule: Creating AISystem for world Level1
[2015.12.09-15.04.32:956][417]LogWorld: Game class is 'BrainGameMode'
[2015.12.09-15.04.32:971][417]LogWorld: Bringing World /Game/FirstPerson/Maps/UEDPIE_0_Level1.Level1 up for play (max tick rate 60) at 2015.12.09-10.04.32
[2015.12.09-15.04.32:971][417]LogActor:Warning: GameSession /Game/FirstPerson/Maps/UEDPIE_0_Level1.Level1:PersistentLevel.GameSession_7 has natively added scene component(s), but none of them were set as the actor's RootComponent - picking one arbitrarily
[2015.12.09-15.04.32:971][417]LogActor:Warning: GameNetworkManager /Game/FirstPerson/Maps/UEDPIE_0_Level1.Level1:PersistentLevel.GameNetworkManager_7 has natively added scene component(s), but none of them were set as the actor's RootComponent - picking one arbitrarily
[2015.12.09-15.04.32:972][417]LogWorld: Bringing up level for play took: 0.012737
[2015.12.09-15.04.34:301][491]LogTemp:Warning: End !
[2015.12.09-15.04.41:715][931]LogParticles: Destroying 0 GPU particle simulations for FXSystem 0x0000008A75B43E20
[2015.12.09-15.10.27:991][354]LogHotReload: New module detected: UE4Editor-Brain-6659.dll
[2015.12.09-15.10.29:329][359]LogHotReload: Starting Hot-Reload from IDE
[2015.12.09-15.10.29:331][359]LogD3D11RHI: InitD3DDevice
[2015.12.09-15.10.29:745][359]LogClass: EAction HotReload.
[2015.12.09-15.10.29:745][359]LogClass: ShearPlan HotReload.
[2015.12.09-15.10.29:745][359]LogClass: TransformationType HotReload.
[2015.12.09-15.10.29:745][359]LogClass: BrainCharacterSaveData HotReload.
[2015.12.09-15.10.29:745][359]LogClass: BrainCameraSaveData HotReload.
[2015.12.09-15.10.29:745][359]LogClass: BrainNIOSaveData HotReload.
[2015.12.09-15.10.29:745][359]LogClass: BrainTIOSaveData HotReload.
[2015.12.09-15.10.29:745][359]LogClass: BrainTransformSaveData HotReload.
[2015.12.09-15.10.29:745][359]LogClass: BrainSaveData HotReload.
[2015.12.09-15.10.29:745][359]LogClass: ObjectAction HotReload.
[2015.12.09-15.10.29:746][359]LogClass: Transformation HotReload.
[2015.12.09-15.10.29:831][359]LogContentBrowser: Native class hierarchy updated for 'Brain' in 0.0078 seconds. Added 27 classes and 10 folders.
[2015.12.09-15.10.29:833][359]Warning: HotReload successful (52 functions remapped  8 scriptstructs remapped)
[2015.12.09-15.10.29:957][359]LogContentBrowser: Native class hierarchy populated in 0.0191 seconds. Added 1820 classes and 313 folders.
[2015.12.09-15.10.29:958][359]LogD3D11RHI: InitD3DDevice
[2015.12.09-15.20.21:025][133]LogWindowsTextInputMethodSystem:Display: IME system now deactivated.
[2015.12.09-15.20.21:025][133]LogWindowsTextInputMethodSystem:Display: IME system now deactivated.
[2015.12.09-15.20.40:897][  9]LogPlayLevel: PIE:  No blueprints needed recompiling
[2015.12.09-15.20.40:897][  9]PIE: New page: PIE session: MainMenu (Dec 9, 2015, 5:20:40 AM)
[2015.12.09-15.20.40:898][  9]LogPlayLevel: Creating play world package: /Game/FirstPerson/Maps/UEDPIE_0_MainMenu
[2015.12.09-15.20.40:899][  9]LogPlayLevel: PIE: StaticDuplicateObject took: (0.000775s)
[2015.12.09-15.20.40:900][  9]LogAIModule: Creating AISystem for world MainMenu
[2015.12.09-15.20.40:901][  9]LogPlayLevel: PIE: World Init took: (0.001984s)
[2015.12.09-15.20.40:901][  9]LogPlayLevel: PIE: Created PIE world by copying editor world from /Game/FirstPerson/Maps/MainMenu.MainMenu to /Game/FirstPerson/Maps/UEDPIE_0_MainMenu.MainMenu (0.003188s)
[2015.12.09-15.20.40:932][  9]LogInit: XAudio2 using 'Casque (5- Périphérique High Definition Audio)' : 2 channels at 44.1 kHz using 16 bits per sample (channel mask 0x3)
[2015.12.09-15.20.40:938][  9]LogInit: FAudioDevice initialized.
[2015.12.09-15.20.40:984][  9]LogWorld: Game class is 'BrainGameMode'
[2015.12.09-15.20.40:989][  9]LogWorld: Bringing World /Game/FirstPerson/Maps/UEDPIE_0_MainMenu.MainMenu up for play (max tick rate 60) at 2015.12.09-10.20.40
[2015.12.09-15.20.40:989][  9]LogActor:Warning: GameSession /Game/FirstPerson/Maps/UEDPIE_0_MainMenu.MainMenu:PersistentLevel.GameSession_8 has natively added scene component(s), but none of them were set as the actor's RootComponent - picking one arbitrarily
[2015.12.09-15.20.40:990][  9]LogActor:Warning: GameNetworkManager /Game/FirstPerson/Maps/UEDPIE_0_MainMenu.MainMenu:PersistentLevel.GameNetworkManager_8 has natively added scene component(s), but none of them were set as the actor's RootComponent - picking one arbitrarily
[2015.12.09-15.20.40:990][  9]LogWorld: Bringing up level for play took: 0.002386
[2015.12.09-15.20.41:009][  9]PIE: Info Play in editor start time for /Game/FirstPerson/Maps/UEDPIE_0_MainMenu 0.235
[2015.12.09-15.20.43:309][128]LogPackageName: SearchForPackageOnDisk took   0.095s to resolve Level2.umap
[2015.12.09-15.20.43:398][128]LogPackageName: SearchForPackageOnDisk took   0.088s to resolve Level2.umap
[2015.12.09-15.20.43:399][128]LogNet: Browse: /Game/FirstPerson/Maps/Level2
[2015.12.09-15.20.43:399][128]LogLoad: LoadMap: /Game/FirstPerson/Maps/Level2
[2015.12.09-15.20.43:417][128]LogParticles: Destroying 0 GPU particle simulations for FXSystem 0x0000008A724BBC40
[2015.12.09-15.20.43:425][128]Cmd: MEM
[2015.12.09-15.20.43:451][128]LogMemory: Platform Memory Stats for Windows
[2015.12.09-15.20.43:451][128]LogMemory: Process Physical Memory: 555.41 MB used, 585.05 MB peak
[2015.12.09-15.20.43:451][128]LogMemory: Process Virtual Memory: 446.38 MB used, 481.55 MB peak
[2015.12.09-15.20.43:451][128]LogMemory: Physical Memory: 6090.56 MB used, 8151.90 MB total
[2015.12.09-15.20.43:451][128]LogMemory: Virtual Memory: 1074.63 MB used, 134217728.00 MB total
[2015.12.09-15.20.43:451][128]LogMemory: 
[2015.12.09-15.20.43:452][128]Allocator Stats for TBB: (not implemented)
[2015.12.09-15.20.43:587][128]LogTexture:Display: Building textures: HQ_Lightmap1_1 (AutoDXT)
[2015.12.09-15.20.43:775][128]LogTexture:Display: Building textures: HQ_Lightmap1_2 (AutoDXT)
[2015.12.09-15.20.43:826][128]LogTexture:Display: Building textures: HQ_Lightmap1_3 (AutoDXT)
[2015.12.09-15.20.43:831][128]LogTexture:Display: Building textures: LQ_Lightmap_1_1 (DXT1)
[2015.12.09-15.20.43:879][128]LogTexture:Display: Building textures: LQ_Lightmap_1_2 (DXT1)
[2015.12.09-15.20.43:897][128]LogTexture:Display: Building textures: LQ_Lightmap_1_3 (DXT1)
[2015.12.09-15.20.43:907][128]LogTexture:Display: Building textures: SkyOcclusion1_1 (AutoDXT)
[2015.12.09-15.20.43:963][128]LogTexture:Display: Building textures: SkyOcclusion1_2 (AutoDXT)
[2015.12.09-15.20.43:989][128]LogTexture:Display: Building textures: SkyOcclusion1_3 (AutoDXT)
[2015.12.09-15.20.43:997][128]LogTexture:Display: Building textures: ShadowMapTexture2D_5 (BGRA8)
[2015.12.09-15.20.44:005][128]LogTexture:Display: Building textures: ShadowMapTexture2D_6 (BGRA8)
[2015.12.09-15.20.44:008][128]LogTexture:Display: Building textures: ShadowMapTexture2D_7 (BGRA8)
[2015.12.09-15.20.44:027][128]LogStaticMesh: Building static mesh fakewall...
[2015.12.09-15.20.44:072][128]LogStaticMesh: Built static mesh [0.044932.2s] /Game/FirstPerson/Meshes/fakewall.fakewall
[2015.12.09-15.20.44:139][128]LogAIModule: Creating AISystem for world Level2
[2015.12.09-15.20.44:141][128]LogWorld: Game class is 'BrainGameMode'
[2015.12.09-15.20.44:174][128]LogWorld: Bringing World /Game/FirstPerson/Maps/UEDPIE_0_Level2.Level2 up for play (max tick rate 60) at 2015.12.09-10.20.44
[2015.12.09-15.20.44:174][128]LogActor:Warning: GameSession /Game/FirstPerson/Maps/UEDPIE_0_Level2.Level2:PersistentLevel.GameSession_9 has natively added scene component(s), but none of them were set as the actor's RootComponent - picking one arbitrarily
[2015.12.09-15.20.44:175][128]LogActor:Warning: GameNetworkManager /Game/FirstPerson/Maps/UEDPIE_0_Level2.Level2:PersistentLevel.GameNetworkManager_9 has natively added scene component(s), but none of them were set as the actor's RootComponent - picking one arbitrarily
[2015.12.09-15.20.44:176][128]LogWorld: Bringing up level for play took: 0.031141
[2015.12.09-15.20.44:668][141]LogTemp:Warning: Begin !
[2015.12.09-15.20.44:668][141]LogTemp:Warning: Begin !
[2015.12.09-15.20.45:971][211]LogTemp:Warning: End !
[2015.12.09-15.20.45:971][211]LogTemp:Warning: End !
[2015.12.09-15.20.49:195][374]LogWindowsTextInputMethodSystem:Display: IME system now deactivated.
[2015.12.09-15.20.49:195][374]LogWindowsTextInputMethodSystem:Display: IME system now deactivated.
[2015.12.09-15.20.53:522][581]LogParticles: Destroying 0 GPU particle simulations for FXSystem 0x0000008A75AC6FC0
[2015.12.09-15.20.57:232][779]LogD3D11RHI: InitD3DDevice
[2015.12.09-15.20.57:365][779]LogAIModule: Creating AISystem for world Level2
[2015.12.09-15.20.57:508][779]Cmd: MAP LOAD FILE="../../../../../../Users/Sullivan/Documents/Brain-new/Content/FirstPerson/Maps/Level2.umap" TEMPLATE=0 SHOWPROGRESS=1 FEATURELEVEL=3
[2015.12.09-15.20.57:509][779]LightingResults: New page: Lighting Build
[2015.12.09-15.20.57:589][779]LoadErrors: New page: Loading map: Level2.umap
[2015.12.09-15.20.57:589][779]MapCheck: New page: Map Check
[2015.12.09-15.20.57:589][779]LightingResults: New page: Lighting Build
[2015.12.09-15.20.57:611][779]LogParticles: Destroying 0 GPU particle simulations for FXSystem 0x0000008A748E28E0
[2015.12.09-15.20.57:748][779]LogAIModule: Creating AISystem for world Level2
[2015.12.09-15.20.57:755][779]LogEditorServer: Finished looking for orphan Actors (0.000 secs)
[2015.12.09-15.20.57:819][779]Cmd: MAP CHECKDEP NOCLEARLOG
[2015.12.09-15.20.58:113][779]MapCheck: Info Map check complete: 0 Error(s), 0 Warning(s), took 293.878ms to complete.
[2015.12.09-15.20.58:115][779]LogFileHelpers: Loading map 'Level2' took 0.621
[2015.12.09-15.21.04:296][ 22]LogEditorViewport: Clicking on Actor (LMB): StaticMeshActor (porte4)
[2015.12.09-15.21.28:247][933]LogEditorViewport: Clicking on Actor (LMB): StaticMeshActor (plaque3)
[2015.12.09-15.21.35:377][212]LogEditorViewport: Clicking on Actor (context menu): StaticMeshActor (plaque4)
[2015.12.09-15.21.35:578][212]LogD3D11RHI: InitD3DDevice
[2015.12.09-15.21.41:280][466]LogEditorViewport: Clicking on Actor (LMB): StaticMeshActor (porte4)
[2015.12.09-15.21.44:287][583]LogEditorViewport: Clicking on Actor (LMB): StaticMeshActor (plaque3)
[2015.12.09-15.21.53:593][949]LogEditorViewport: Clicking on Actor (LMB): StaticMeshActor (plaque4)
[2015.12.09-15.45.45:308][598]LogHotReload: New module detected: UE4Editor-Brain-242.dll
[2015.12.09-15.45.46:992][604]LogHotReload: Starting Hot-Reload from IDE
[2015.12.09-15.45.46:995][604]LogD3D11RHI: InitD3DDevice
[2015.12.09-15.45.47:653][604]LogClass: Could not find existing class BrainObserver in package /Script/Brain for HotReload, assuming new class
[2015.12.09-15.45.47:694][604]LogWindows:Error: Windows GetLastError: L’opération a réussi. (0)
[2015.12.09-15.45.47:797][604]LogCrashTracker: 


