[2015.09.08-14.41.57:549][  0]Log file open, 09/08/15 10:41:57
[2015.09.08-14.41.57:549][  0]LogInit:Display: Running engine for game: Brain
[2015.09.08-14.41.57:549][  0]LogInit:Display: RandInit(-1543219096) SRandInit(-1543219096).
[2015.09.08-14.41.57:549][  0]LogTaskGraph: Started task graph with 4 named threads and 7 total threads.
[2015.09.08-14.41.57:550][  0]LogStats: Stats thread started
[2015.09.08-14.41.57:550][  0]LogInit: Version: 4.8.3-2634408+++depot+UE4-Releases+4.8
[2015.09.08-14.41.57:550][  0]LogInit: API Version: 2579680
[2015.09.08-14.41.57:550][  0]LogInit: Compiled (64-bit): Jul 27 2015 16:24:33
[2015.09.08-14.41.57:550][  0]LogInit: Compiled with Visual C++: 18.00.21005.01
[2015.09.08-14.41.57:551][  0]LogInit: Build Configuration: DebugGame
[2015.09.08-14.41.57:551][  0]LogInit: Branch Name: ++depot+UE4-Releases+4.8
[2015.09.08-14.41.57:551][  0]LogInit: Command line:  -debug
[2015.09.08-14.41.57:551][  0]LogInit: Base directory: C:/Program Files/Epic Games/4.8/Engine/Binaries/Win64/
[2015.09.08-14.41.57:551][  0]LogInit: Rocket: 1
[2015.09.08-14.41.57:580][  0]LogInit: Using libcurl 7.41.0
[2015.09.08-14.41.57:581][  0]LogInit:  - built for x86_64-pc-win32
[2015.09.08-14.41.57:581][  0]LogInit:  - supports SSL with WinSSL
[2015.09.08-14.41.57:581][  0]LogInit:  - other features:
[2015.09.08-14.41.57:581][  0]LogInit:      CURL_VERSION_SSL
[2015.09.08-14.41.57:582][  0]LogInit:      CURL_VERSION_IPV6
[2015.09.08-14.41.57:582][  0]LogInit:      CURL_VERSION_ASYNCHDNS
[2015.09.08-14.41.57:582][  0]LogInit:      CURL_VERSION_LARGEFILE
[2015.09.08-14.41.57:582][  0]LogInit:      CURL_VERSION_IDN
[2015.09.08-14.41.57:583][  0]LogInit:  CurlRequestOptions (configurable via config and command line):
[2015.09.08-14.41.57:583][  0]LogInit:  - bVerifyPeer = true  - Libcurl will verify peer certificate
[2015.09.08-14.41.57:583][  0]LogInit:  - bUseHttpProxy = false  - Libcurl will NOT use HTTP proxy
[2015.09.08-14.41.57:583][  0]LogInit:  - bDontReuseConnections = false  - Libcurl will reuse connections
[2015.09.08-14.41.57:584][  0]LogInit:  - CertBundlePath = nullptr  - Libcurl will use whatever was configured at build time.
[2015.09.08-14.41.57:597][  0]LogOnline:Warning: No default platform service specified for OnlineSubsystem
[2015.09.08-14.41.57:635][  0]LogInit: Presizing for 0 objects not considered by GC, pre-allocating 0 bytes.
[2015.09.08-14.41.57:642][  0]LogInit: Object subsystem initialized
[2015.09.08-14.41.57:644][  0]LogConsoleResponse:Warning: Skipping Unknown console variable: 'TranslucentSortAxis = (X=0.000000,Y=-1.000000,Z=0.000000)'
[2015.09.08-14.41.57:644][  0]LogConsoleResponse:Warning:   Found in ini file 'C:/Users/frederic/Documents/Unreal Projects/Brain/Saved/Config/Windows/Engine.ini', in section '[/Script/Engine.RendererSettings]'
[2015.09.08-14.41.57:644][  0]LogConsoleResponse:Warning: Skipping Unknown console variable: 'UIScaleRule = ShortestSide'
[2015.09.08-14.41.57:645][  0]LogConsoleResponse:Warning:   Found in ini file 'C:/Users/frederic/Documents/Unreal Projects/Brain/Saved/Config/Windows/Engine.ini', in section '[/Script/Engine.RendererSettings]'
[2015.09.08-14.41.57:645][  0]LogConsoleResponse:Warning: Skipping Unknown console variable: 'UIScaleCurve = (EditorCurveData=(Keys=),ExternalCurve=None)'
[2015.09.08-14.41.57:645][  0]LogConsoleResponse:Warning:   Found in ini file 'C:/Users/frederic/Documents/Unreal Projects/Brain/Saved/Config/Windows/Engine.ini', in section '[/Script/Engine.RendererSettings]'
[2015.09.08-14.41.57:646][  0]LogInit: Selected Device Profile: [Windows]
[2015.09.08-14.41.57:646][  0]LogInit: Applying CVar settings loaded from the selected device profile: [Windows]
[2015.09.08-14.41.57:653][  0]LogInit: Computer: FREDERIC-PC
[2015.09.08-14.41.57:653][  0]LogInit: User: frederic
[2015.09.08-14.41.57:654][  0]LogInit: CPU Page size=4096, Cores=4
[2015.09.08-14.41.57:654][  0]LogInit: High frequency timer resolution =3.331220 MHz
[2015.09.08-14.41.57:654][  0]LogMemory: Memory total: Physical=15.9GB (16GB approx)
[2015.09.08-14.41.57:654][  0]LogMemory: Platform Memory Stats for Windows
[2015.09.08-14.41.57:655][  0]LogMemory: Process Physical Memory: 54.80 MB used, 54.80 MB peak
[2015.09.08-14.41.57:655][  0]LogMemory: Process Virtual Memory: 26.59 MB used, 30.49 MB peak
[2015.09.08-14.41.57:655][  0]LogMemory: Physical Memory: 7564.78 MB used, 16288.39 MB total
[2015.09.08-14.41.57:655][  0]LogMemory: Virtual Memory: 285.00 MB used, 8388608.00 MB total
[2015.09.08-14.41.57:731][  0]LogTextLocalizationManager: The requested culture ('fr_CA') has no localization data; falling back to 'en' for localization and internationalization data.
[2015.09.08-14.41.57:941][  0]LogTextLocalizationManager:Warning: Loaded localization resources contain conflicting entries for (Namespace:ContentBrowser, Key:ImportAssetToolTip):
Localization Resource: (C:/Program Files/Epic Games/4.8/Engine/Content/Localization/Editor/en/Editor.locres) Source String Hash: (-630476809) Localized String: (Import to {0}...)
Localization Resource: (C:/Program Files/Epic Games/4.8/Engine/Content/Localization/Editor/en/Editor.locres) Source String Hash: (1271782899) Localized String: (Imports an asset from file to this folder.)
[2015.09.08-14.41.58:322][  0]LogD3D11RHI: Found D3D11 adapter 0: NVIDIA GeForce GTX 970 (Feature Level 11_0)
[2015.09.08-14.41.58:323][  0]LogD3D11RHI: Adapter has 4008MB of dedicated video memory, 0MB of dedicated system memory, and 7888MB of shared system memory, 1 output[s]
[2015.09.08-14.41.58:330][  0]LogD3D11RHI: Found D3D11 adapter 1: Intel(R) HD Graphics 3000 (Feature Level 10_0)
[2015.09.08-14.41.58:330][  0]LogD3D11RHI: Adapter has 64MB of dedicated video memory, 0MB of dedicated system memory, and 1632MB of shared system memory, 0 output[s]
[2015.09.08-14.41.58:330][  0]LogD3D11RHI: Chosen D3D11 Adapter Id = 0
[2015.09.08-14.41.58:334][  0]LogD3D11RHI: InitD3DDevice
[2015.09.08-14.41.58:335][  0]LogD3D11RHI: !Direct3DDevice
[2015.09.08-14.41.58:335][  0]LogRHI: Texture pool is 1361 MB (70% of 1945 MB)
[2015.09.08-14.41.58:381][  0]LogD3D11RHI: Async texture creation enabled
[2015.09.08-14.41.58:396][  0]LogShaderCompilers:Display: Using Local Shader Compiler.
[2015.09.08-14.41.59:213][  0]LogTemp:Display: Loaded TP DesktopTargetPlatform
[2015.09.08-14.41.59:237][  0]LogTemp:Display: Loaded TP WindowsClientTargetPlatform
[2015.09.08-14.41.59:260][  0]LogTemp:Display: Loaded TP WindowsNoEditorTargetPlatform
[2015.09.08-14.41.59:284][  0]LogTemp:Display: Loaded TP WindowsServerTargetPlatform
[2015.09.08-14.41.59:309][  0]LogTemp:Display: Loaded TP WindowsTargetPlatform
[2015.09.08-14.41.59:326][  0]LogTemp:Display: Loaded TP AndroidTargetPlatform
[2015.09.08-14.41.59:342][  0]LogTemp:Display: Loaded TP Android_ASTCTargetPlatform
[2015.09.08-14.41.59:359][  0]LogTemp:Display: Loaded TP Android_ATCTargetPlatform
[2015.09.08-14.41.59:379][  0]LogTemp:Display: Loaded TP Android_DXTTargetPlatform
[2015.09.08-14.41.59:398][  0]LogTemp:Display: Loaded TP Android_ETC1TargetPlatform
[2015.09.08-14.41.59:418][  0]LogTemp:Display: Loaded TP Android_ETC2TargetPlatform
[2015.09.08-14.41.59:437][  0]LogTemp:Display: Loaded TP Android_PVRTCTargetPlatform
[2015.09.08-14.41.59:511][  0]LogTemp:Display: Loaded TP IOSTargetPlatform
[2015.09.08-14.41.59:529][  0]LogTemp:Display: Loaded TP LinuxNoEditorTargetPlatform
[2015.09.08-14.41.59:546][  0]LogTemp:Display: Loaded TP LinuxServerTargetPlatform
[2015.09.08-14.41.59:566][  0]LogTemp:Display: Loaded TP LinuxTargetPlatform
[2015.09.08-14.41.59:566][  0]LogTargetPlatformManager:Display: Building Assets For Windows
[2015.09.08-14.41.59:892][  0]LogDerivedDataCache:Display: Max Cache Size: 512 MB
[2015.09.08-14.41.59:947][  0]LogDerivedDataCache: Loaded boot cache 0.05s 60MB C:/Users/frederic/AppData/Local/UnrealEngine/4.8/DerivedDataCache/Boot.ddc.
[2015.09.08-14.41.59:947][  0]LogDerivedDataCache:Display: Loaded Boot cache: C:/Users/frederic/AppData/Local/UnrealEngine/4.8/DerivedDataCache/Boot.ddc
[2015.09.08-14.41.59:948][  0]LogDerivedDataCache: FDerivedDataBackendGraph:  Pak pak cache file ../../../../../../Users/frederic/Documents/Unreal Projects/Brain/DerivedDataCache/DDC.ddp not found, will not use a pak cache.
[2015.09.08-14.41.59:948][  0]LogDerivedDataCache: Unable to find inner node Pak for hierarchical cache Hierarchy.
[2015.09.08-14.41.59:948][  0]LogDerivedDataCache: FDerivedDataBackendGraph:  CompressedPak pak cache file ../../../../../../Users/frederic/Documents/Unreal Projects/Brain/DerivedDataCache/Compressed.ddp not found, will not use a pak cache.
[2015.09.08-14.41.59:948][  0]LogDerivedDataCache: Unable to find inner node CompressedPak for hierarchical cache Hierarchy.
[2015.09.08-14.42.00:096][  0]LogDerivedDataCache:Display: Pak cache opened for reading ../../../Engine/DerivedDataCache/Compressed.ddp.
[2015.09.08-14.42.00:108][  0]LogDerivedDataCache: Using Local data cache path C:/Users/frederic/AppData/Local/UnrealEngine/Common/DerivedDataCache: Writable
[2015.09.08-14.42.00:303][  0]LogCollisionProfile:Warning: Profile (Trigger) - Custom Channel Name = 'Projectile' hasn't been found
[2015.09.08-14.42.00:318][  0]LogInit: Selected Device Profile: [Windows]
[2015.09.08-14.42.00:325][  0]ImportText (ComponentSweepMultiTests): Missing closing parenthesis: (RootShapeAsset="/Engine/BasicShapes/Cube.Cube",ShapeType="TriggerCapsule",HitResult=(Time=0.50,Location=(X=-100.000015,Y=0.0,Z=100.000015),ImpactPoint=(X=-50.0,Y=0.0,Z=50.0),Normal=(X=-1.0,Y=-0.0,Z=0.0),ImpactNormal=(X=0.0,Y=0.0,Z=1.0),TraceStart=(X=-200.0,Y=0.0,Z=200.0),TraceEnd=(X=0.0,Y=0.0,Z=0.0))
[2015.09.08-14.42.00:326][  0]ImportText (LineTraceSingleByChannelTests): Missing closing parenthesis: (RootShapeAsset="/Engine/BasicShapes/Cube.Cube",HitResult=(Time=0.50,Location=(X=-100.000015,Y=0.0,Z=100.000015),ImpactPoint=(X=-50.0,Y=0.0,Z=50.0),Normal=(X=-1.0,Y=-0.0,Z=0.0),ImpactNormal=(X=0.0,Y=0.0,Z=1.0),TraceStart=(X=-200.0,Y=0.0,Z=200.0),TraceEnd=(X=0.0,Y=0.0,Z=0.0))
[2015.09.08-14.42.00:366][  0]LogMeshUtilities: No automatic mesh reduction module available
[2015.09.08-14.42.00:367][  0]LogMeshUtilities: No automatic mesh merging module available
[2015.09.08-14.42.00:790][  0]LogInit: WinSock: version 1.1 (2.2), MaxSocks=32767, MaxUdp=65467
[2015.09.08-14.42.02:015][  0]UdpMessaging: Initializing bridge on interface 0.0.0.0:0 to multicast group 230.0.0.1:6666.
[2015.09.08-14.42.02:838][  0]SourceControl: Info Source control is disabled
[2015.09.08-14.42.02:860][  0]SourceControl: Info Source control is disabled
[2015.09.08-14.42.02:877][  0]SourceControl: Info Source control is disabled
[2015.09.08-14.42.02:897][  0]SourceControl: Info Source control is disabled
[2015.09.08-14.42.03:202][  0]LogObj: 31170 objects as part of root set at end of initial load.
[2015.09.08-14.42.03:203][  0]LogUObjectAllocator: 7108560 out of 0 bytes used by permanent object pool.
[2015.09.08-14.42.03:294][  0]LogEngine: Initializing Engine...
[2015.09.08-14.42.03:297][  0]LogHMD: Can't find Oculus library dev build: is proper Runtime installed? Version: 0.6.0.0
[2015.09.08-14.42.03:301][  0]LogHMD:Warning: SteamVR failed to initialize.  Error: 110
[2015.09.08-14.42.03:461][  0]LogAIModule: Creating AISystem for world NewWorld
[2015.09.08-14.42.03:474][  0]LogInit: XAudio2 using 'Haut-parleurs (Realtek High Definition Audio)' : 2 channels at 48 kHz using 32 bits per sample (channel mask 0x3)
[2015.09.08-14.42.03:490][  0]LogInit: FAudioDevice initialized.
[2015.09.08-14.42.03:519][  0]LogDerivedDataCache: Saved boot cache 0.03s 60MB C:/Users/frederic/AppData/Local/UnrealEngine/4.8/DerivedDataCache/Boot.ddc.
[2015.09.08-14.42.03:527][  0]LogInit: Texture streaming: Disabled
[2015.09.08-14.42.03:562][  0]LogAnalytics: Creating configured Analytics provider AnalyticsET
[2015.09.08-14.42.03:562][  0]LogAnalytics: [UEEditor.Rocket.Release] APIServer = http://et2.epicgames.com/ET2/. AppVersion = 4.8.3-2634408+++depot+UE4-Releases+4.8
[2015.09.08-14.42.03:563][  0]LogAnalytics: [UEEditor.Rocket.Release] SetUserId c8da8d664a36a98701fe659c10ae4ff8|70626fa7f476448fb82ad9618fbbb1ab|00e7fb16-00c3-4af4-a2a1-2cc8013aae38
[2015.09.08-14.42.03:563][  0]LogAnalytics: [UEEditor.Rocket.Release] AnalyticsET::StartSession
[2015.09.08-14.42.03:598][  0]LogInit: Transaction tracking system initialized
[2015.09.08-14.42.03:816][  0]BlueprintLog: New page: Editor Load
[2015.09.08-14.42.03:863][  0]LogAssetRegistry: FAssetRegistry took 0.0108 seconds to start up
[2015.09.08-14.42.03:864][  0]LogDirectoryWatcher:Warning: Failed to begin reading directory changes for ../../../Engine/Plugins/Experimental/CharacterAI/Content/. Error: 0
[2015.09.08-14.42.04:929][  0]LogConsoleManager:Warning: Console variable 'r.VSync' wasn't set ('GameSetting' has a lower priority than 'SystemSettingsIni')
[2015.09.08-14.42.04:930][  0]LogConsoleResponse:Display: 
[2015.09.08-14.42.05:028][  0]LogCook:Display: Done creating registry. It took  0.00s.
[2015.09.08-14.42.05:306][  0]SourceControl: Info Source control is disabled
[2015.09.08-14.42.05:307][  0]Cmd: MAP LOAD FILE="../../../../../../Users/frederic/Documents/Unreal Projects/Brain/Content/FirstPerson/Maps/FirstPersonExampleMap.umap" TEMPLATE=0 SHOWPROGRESS=1 FEATURELEVEL=3
[2015.09.08-14.42.05:307][  0]LightingResults: New page: Lighting Build
[2015.09.08-14.42.05:322][  0]MapCheck: New page: Map Check
[2015.09.08-14.42.05:322][  0]LightingResults: New page: Lighting Build
[2015.09.08-14.42.05:333][  0]LogParticles: Destroying 0 GPU particle simulations for FXSystem 0x000000001FA768E0
[2015.09.08-14.42.05:970][  0]LogAIModule: Creating AISystem for world FirstPersonExampleMap
[2015.09.08-14.42.05:980][  0]LogEditorServer: Finished looking for orphan Actors (0.000 secs)
[2015.09.08-14.42.07:020][  0]Cmd: MAP CHECKDEP NOCLEARLOG
[2015.09.08-14.42.07:059][  0]MapCheck: Info Map check complete: 0 Error(s), 0 Warning(s), took 38.85ms to complete.
[2015.09.08-14.42.07:060][  0]LogFileHelpers: Loading map 'FirstPersonExampleMap' took 1.754
[2015.09.08-14.42.07:170][  0]LogCollectionManager: Loaded 0 collections in 0.001920 seconds
[2015.09.08-14.42.07:177][  0]LogContentBrowser: Native class hierarchy populated in 0.0072 seconds. Added 1800 classes and 303 folders.
[2015.09.08-14.42.07:244][  0]LogContentBrowser: Native class hierarchy updated for 'WidgetCarousel' in 0.0014 seconds. Added 0 classes and 0 folders.
[2015.09.08-14.42.07:283][  0]LogContentBrowser: Native class hierarchy updated for 'AddContentDialog' in 0.0013 seconds. Added 0 classes and 0 folders.
[2015.09.08-14.42.07:313][  0]LogContentBrowser: Native class hierarchy updated for 'SceneOutliner' in 0.0013 seconds. Added 1 classes and 2 folders.
[2015.09.08-14.42.07:364][  0]LogCrashTracker: Crashtracker disabled due to settings.
[2015.09.08-14.42.07:366][  0]LogD3D11RHI: InitD3DDevice
[2015.09.08-14.42.07:369][  0]LogUObjectGlobals:Warning: Failed to find object 'Class None.'
[2015.09.08-14.42.07:392][  0]LogLoad: Full Startup: 11.85 seconds (BP compile: 0.25 seconds)
[2015.09.08-14.42.07:456][  0]LogContentStreaming: Texture pool size is 0.000000MB
[2015.09.08-14.42.07:502][  0]LogContentStreaming: Texture pool size now 1000 MB
[2015.09.08-14.42.07:619][  0]LogRenderer: Reallocating scene render targets to support 1208x560 (Frame:2).
[2015.09.08-14.42.07:760][  1]LogD3D11RHI: InitD3DDevice
[2015.09.08-14.42.08:045][  6]LogAssetRegistry: Asset discovery search completed in 4.1933 seconds
[2015.09.08-14.42.09:386][145]LogPlayLevel: PIE:  No blueprints needed recompiling
[2015.09.08-14.42.09:388][145]PIE: New page: PIE session: FirstPersonExampleMap (Sep 8, 2015, 6:42:09 AM)
[2015.09.08-14.42.09:389][145]LogPlayLevel: Creating play world package: /Game/FirstPerson/Maps/UEDPIE_0_FirstPersonExampleMap
[2015.09.08-14.42.09:407][145]LogPlayLevel: PIE: StaticDuplicateObject took: (0.017530s)
[2015.09.08-14.42.09:408][145]LogAIModule: Creating AISystem for world FirstPersonExampleMap
[2015.09.08-14.42.09:409][145]LogPlayLevel: PIE: World Init took: (0.001872s)
[2015.09.08-14.42.09:410][145]LogPlayLevel: PIE: Created PIE world by copying editor world from /Game/FirstPerson/Maps/FirstPersonExampleMap.Fir