[2015.09.07-15.15.05:681][  0]Log file open, 09/07/15 11:15:05
[2015.09.07-15.15.05:681][  0]LogInit:Display: Running engine for game: Brain
[2015.09.07-15.15.05:681][  0]LogInit:Display: RandInit(1010110857) SRandInit(1010110858).
[2015.09.07-15.15.05:681][  0]LogTaskGraph: Started task graph with 4 named threads and 7 total threads.
[2015.09.07-15.15.05:681][  0]LogStats: Stats thread started
[2015.09.07-15.15.05:681][  0]LogInit: Version: 4.8.3-2634408+++depot+UE4-Releases+4.8
[2015.09.07-15.15.05:681][  0]LogInit: API Version: 2579680
[2015.09.07-15.15.05:681][  0]LogInit: Compiled (64-bit): Jul 27 2015 16:24:33
[2015.09.07-15.15.05:681][  0]LogInit: Compiled with Visual C++: 18.00.21005.01
[2015.09.07-15.15.05:681][  0]LogInit: Build Configuration: Development
[2015.09.07-15.15.05:681][  0]LogInit: Branch Name: ++depot+UE4-Releases+4.8
[2015.09.07-15.15.05:681][  0]LogInit: Command line: 
[2015.09.07-15.15.05:681][  0]LogInit: Base directory: C:/Program Files/Epic Games/4.8/Engine/Binaries/Win64/
[2015.09.07-15.15.05:681][  0]LogInit: Rocket: 1
[2015.09.07-15.15.05:711][  0]LogInit: Using libcurl 7.41.0
[2015.09.07-15.15.05:711][  0]LogInit:  - built for x86_64-pc-win32
[2015.09.07-15.15.05:711][  0]LogInit:  - supports SSL with WinSSL
[2015.09.07-15.15.05:711][  0]LogInit:  - other features:
[2015.09.07-15.15.05:711][  0]LogInit:      CURL_VERSION_SSL
[2015.09.07-15.15.05:711][  0]LogInit:      CURL_VERSION_IPV6
[2015.09.07-15.15.05:711][  0]LogInit:      CURL_VERSION_ASYNCHDNS
[2015.09.07-15.15.05:711][  0]LogInit:      CURL_VERSION_LARGEFILE
[2015.09.07-15.15.05:711][  0]LogInit:      CURL_VERSION_IDN
[2015.09.07-15.15.05:711][  0]LogInit:  CurlRequestOptions (configurable via config and command line):
[2015.09.07-15.15.05:711][  0]LogInit:  - bVerifyPeer = true  - Libcurl will verify peer certificate
[2015.09.07-15.15.05:711][  0]LogInit:  - bUseHttpProxy = false  - Libcurl will NOT use HTTP proxy
[2015.09.07-15.15.05:711][  0]LogInit:  - bDontReuseConnections = false  - Libcurl will reuse connections
[2015.09.07-15.15.05:711][  0]LogInit:  - CertBundlePath = nullptr  - Libcurl will use whatever was configured at build time.
[2015.09.07-15.15.05:721][  0]LogOnline:Warning: No default platform service specified for OnlineSubsystem
[2015.09.07-15.15.05:761][  0]LogInit: Presizing for 0 objects not considered by GC, pre-allocating 0 bytes.
[2015.09.07-15.15.05:771][  0]LogInit: Object subsystem initialized
[2015.09.07-15.15.05:771][  0]LogConsoleResponse:Warning: Skipping Unknown console variable: 'TranslucentSortAxis = (X=0.000000,Y=-1.000000,Z=0.000000)'
[2015.09.07-15.15.05:771][  0]LogConsoleResponse:Warning:   Found in ini file 'C:/Users/frederic/Documents/Unreal Projects/Brain/Saved/Config/Windows/Engine.ini', in section '[/Script/Engine.RendererSettings]'
[2015.09.07-15.15.05:771][  0]LogConsoleResponse:Warning: Skipping Unknown console variable: 'UIScaleRule = ShortestSide'
[2015.09.07-15.15.05:771][  0]LogConsoleResponse:Warning:   Found in ini file 'C:/Users/frederic/Documents/Unreal Projects/Brain/Saved/Config/Windows/Engine.ini', in section '[/Script/Engine.RendererSettings]'
[2015.09.07-15.15.05:771][  0]LogConsoleResponse:Warning: Skipping Unknown console variable: 'UIScaleCurve = (EditorCurveData=(Keys=),ExternalCurve=None)'
[2015.09.07-15.15.05:771][  0]LogConsoleResponse:Warning:   Found in ini file 'C:/Users/frederic/Documents/Unreal Projects/Brain/Saved/Config/Windows/Engine.ini', in section '[/Script/Engine.RendererSettings]'
[2015.09.07-15.15.05:771][  0]LogInit: Selected Device Profile: [Windows]
[2015.09.07-15.15.05:771][  0]LogInit: Applying CVar settings loaded from the selected device profile: [Windows]
[2015.09.07-15.15.05:781][  0]LogInit: Computer: FREDERIC-PC
[2015.09.07-15.15.05:781][  0]LogInit: User: frederic
[2015.09.07-15.15.05:781][  0]LogInit: CPU Page size=4096, Cores=4
[2015.09.07-15.15.05:781][  0]LogInit: High frequency timer resolution =3.331259 MHz
[2015.09.07-15.15.05:781][  0]LogMemory: Memory total: Physical=15.9GB (16GB approx)
[2015.09.07-15.15.05:781][  0]LogMemory: Platform Memory Stats for Windows
[2015.09.07-15.15.05:781][  0]LogMemory: Process Physical Memory: 53.66 MB used, 53.66 MB peak
[2015.09.07-15.15.05:781][  0]LogMemory: Process Virtual Memory: 25.51 MB used, 29.42 MB peak
[2015.09.07-15.15.05:781][  0]LogMemory: Physical Memory: 4538.31 MB used, 16288.39 MB total
[2015.09.07-15.15.05:781][  0]LogMemory: Virtual Memory: 283.93 MB used, 8388608.00 MB total
[2015.09.07-15.15.05:868][  0]LogTextLocalizationManager: The requested culture ('fr_CA') has no localization data; falling back to 'en' for localization and internationalization data.
[2015.09.07-15.15.06:092][  0]LogTextLocalizationManager:Warning: Loaded localization resources contain conflicting entries for (Namespace:ContentBrowser, Key:ImportAssetToolTip):
Localization Resource: (C:/Program Files/Epic Games/4.8/Engine/Content/Localization/Editor/en/Editor.locres) Source String Hash: (-630476809) Localized String: (Import to {0}...)
Localization Resource: (C:/Program Files/Epic Games/4.8/Engine/Content/Localization/Editor/en/Editor.locres) Source String Hash: (1271782899) Localized String: (Imports an asset from file to this folder.)
[2015.09.07-15.15.06:475][  0]LogD3D11RHI: Found D3D11 adapter 0: NVIDIA GeForce GTX 970 (Feature Level 11_0)
[2015.09.07-15.15.06:475][  0]LogD3D11RHI: Adapter has 4008MB of dedicated video memory, 0MB of dedicated system memory, and 7888MB of shared system memory, 1 output[s]
[2015.09.07-15.15.06:484][  0]LogD3D11RHI: Found D3D11 adapter 1: Intel(R) HD Graphics 3000 (Feature Level 10_0)
[2015.09.07-15.15.06:485][  0]LogD3D11RHI: Adapter has 64MB of dedicated video memory, 0MB of dedicated system memory, and 1632MB of shared system memory, 0 output[s]
[2015.09.07-15.15.06:485][  0]LogD3D11RHI: Chosen D3D11 Adapter Id = 0
[2015.09.07-15.15.06:489][  0]LogD3D11RHI: InitD3DDevice
[2015.09.07-15.15.06:490][  0]LogD3D11RHI: !Direct3DDevice
[2015.09.07-15.15.06:490][  0]LogRHI: Texture pool is 1361 MB (70% of 1945 MB)
[2015.09.07-15.15.06:535][  0]LogD3D11RHI: Async texture creation enabled
[2015.09.07-15.15.06:550][  0]LogShaderCompilers:Display: Using Local Shader Compiler.
[2015.09.07-15.15.07:403][  0]LogTemp:Display: Loaded TP DesktopTargetPlatform
[2015.09.07-15.15.07:426][  0]LogTemp:Display: Loaded TP WindowsClientTargetPlatform
[2015.09.07-15.15.07:449][  0]LogTemp:Display: Loaded TP WindowsNoEditorTargetPlatform
[2015.09.07-15.15.07:472][  0]LogTemp:Display: Loaded TP WindowsServerTargetPlatform
[2015.09.07-15.15.07:497][  0]LogTemp:Display: Loaded TP WindowsTargetPlatform
[2015.09.07-15.15.07:513][  0]LogTemp:Display: Loaded TP AndroidTargetPlatform
[2015.09.07-15.15.07:530][  0]LogTemp:Display: Loaded TP Android_ASTCTargetPlatform
[2015.09.07-15.15.07:548][  0]LogTemp:Display: Loaded TP Android_ATCTargetPlatform
[2015.09.07-15.15.07:568][  0]LogTemp:Display: Loaded TP Android_DXTTargetPlatform
[2015.09.07-15.15.07:588][  0]LogTemp:Display: Loaded TP Android_ETC1TargetPlatform
[2015.09.07-15.15.07:610][  0]LogTemp:Display: Loaded TP Android_ETC2TargetPlatform
[2015.09.07-15.15.07:631][  0]LogTemp:Display: Loaded TP Android_PVRTCTargetPlatform
[2015.09.07-15.15.07:702][  0]LogTemp:Display: Loaded TP IOSTargetPlatform
[2015.09.07-15.15.07:718][  0]LogTemp:Display: Loaded TP LinuxNoEditorTargetPlatform
[2015.09.07-15.15.07:735][  0]LogTemp:Display: Loaded TP LinuxServerTargetPlatform
[2015.09.07-15.15.07:752][  0]LogTemp:Display: Loaded TP LinuxTargetPlatform
[2015.09.07-15.15.07:753][  0]LogTargetPlatformManager:Display: Building Assets For Windows
[2015.09.07-15.15.08:073][  0]LogDerivedDataCache:Display: Max Cache Size: 512 MB
[2015.09.07-15.15.08:143][  0]LogDerivedDataCache: Loaded boot cache 0.07s 84MB C:/Users/frederic/AppData/Local/UnrealEngine/4.8/DerivedDataCache/Boot.ddc.
[2015.09.07-15.15.08:146][  0]LogDerivedDataCache:Display: Loaded Boot cache: C:/Users/frederic/AppData/Local/UnrealEngine/4.8/DerivedDataCache/Boot.ddc
[2015.09.07-15.15.08:146][  0]LogDerivedDataCache: FDerivedDataBackendGraph:  Pak pak cache file ../../../../../../Users/frederic/Documents/Unreal Projects/Brain/DerivedDataCache/DDC.ddp not found, will not use a pak cache.
[2015.09.07-15.15.08:147][  0]LogDerivedDataCache: Unable to find inner node Pak for hierarchical cache Hierarchy.
[2015.09.07-15.15.08:147][  0]LogDerivedDataCache: FDerivedDataBackendGraph:  CompressedPak pak cache file ../../../../../../Users/frederic/Documents/Unreal Projects/Brain/DerivedDataCache/Compressed.ddp not found, will not use a pak cache.
[2015.09.07-15.15.08:147][  0]LogDerivedDataCache: Unable to find inner node CompressedPak for hierarchical cache Hierarchy.
[2015.09.07-15.15.08:296][  0]LogDerivedDataCache:Display: Pak cache opened for reading ../../../Engine/DerivedDataCache/Compressed.ddp.
[2015.09.07-15.15.08:308][  0]LogDerivedDataCache: Using Local data cache path C:/Users/frederic/AppData/Local/UnrealEngine/Common/DerivedDataCache: Writable
[2015.09.07-15.15.08:519][  0]LogInit: Selected Device Profile: [Windows]
[2015.09.07-15.15.08:526][  0]ImportText (ComponentSweepMultiTests): Missing closing parenthesis: (RootShapeAsset="/Engine/BasicShapes/Cube.Cube",ShapeType="TriggerCapsule",HitResult=(Time=0.50,Location=(X=-100.000015,Y=0.0,Z=100.000015),ImpactPoint=(X=-50.0,Y=0.0,Z=50.0),Normal=(X=-1.0,Y=-0.0,Z=0.0),ImpactNormal=(X=0.0,Y=0.0,Z=1.0),TraceStart=(X=-200.0,Y=0.0,Z=200.0),TraceEnd=(X=0.0,Y=0.0,Z=0.0))
[2015.09.07-15.15.08:527][  0]ImportText (LineTraceSingleByChannelTests): Missing closing parenthesis: (RootShapeAsset="/Engine/BasicShapes/Cube.Cube",HitResult=(Time=0.50,Location=(X=-100.000015,Y=0.0,Z=100.000015),ImpactPoint=(X=-50.0,Y=0.0,Z=50.0),Normal=(X=-1.0,Y=-0.0,Z=0.0),ImpactNormal=(X=0.0,Y=0.0,Z=1.0),TraceStart=(X=-200.0,Y=0.0,Z=200.0),TraceEnd=(X=0.0,Y=0.0,Z=0.0))
[2015.09.07-15.15.08:565][  0]LogMeshUtilities: No automatic mesh reduction module available
[2015.09.07-15.15.08:566][  0]LogMeshUtilities: No automatic mesh merging module available
[2015.09.07-15.15.08:991][  0]LogInit: WinSock: version 1.1 (2.2), MaxSocks=32767, MaxUdp=65467
[2015.09.07-15.15.10:197][  0]UdpMessaging: Initializing bridge on interface 0.0.0.0:0 to multicast group 230.0.0.1:6666.
[2015.09.07-15.15.11:028][  0]SourceControl: Info Source control is disabled
[2015.09.07-15.15.11:050][  0]SourceControl: Info Source control is disabled
[2015.09.07-15.15.11:069][  0]SourceControl: Info Source control is disabled
[2015.09.07-15.15.11:090][  0]SourceControl: Info Source control is disabled
[2015.09.07-15.15.11:412][  0]LogObj: 31152 objects as part of root set at end of initial load.
[2015.09.07-15.15.11:413][  0]LogUObjectAllocator: 7101040 out of 0 bytes used by permanent object pool.
[2015.09.07-15.15.11:503][  0]LogEngine: Initializing Engine...
[2015.09.07-15.15.11:506][  0]LogHMD: Can't find Oculus library dev build: is proper Runtime installed? Version: 0.6.0.0
[2015.09.07-15.15.11:513][  0]LogHMD:Warning: SteamVR failed to initialize.  Error: 110
[2015.09.07-15.15.11:679][  0]LogAIModule: Creating AISystem for world NewWorld
[2015.09.07-15.15.11:692][  0]LogInit: XAudio2 using 'Haut-parleurs (C-Media USB Audio Device   )' : 2 channels at 44.1 kHz using 16 bits per sample (channel mask 0x3)
[2015.09.07-15.15.11:703][  0]LogInit: FAudioDevice initialized.
[2015.09.07-15.15.11:742][  0]LogDerivedDataCache: Saved boot cache 0.04s 84MB C:/Users/frederic/AppData/Local/UnrealEngine/4.8/DerivedDataCache/Boot.ddc.
[2015.09.07-15.15.11:753][  0]LogInit: Texture streaming: Disabled
[2015.09.07-15.15.11:786][  0]LogAnalytics: Creating configured Analytics provider AnalyticsET
[2015.09.07-15.15.11:786][  0]LogAnalytics: [UEEditor.Rocket.Release] APIServer = http://et2.epicgames.com/ET2/. AppVersion = 4.8.3-2634408+++depot+UE4-Releases+4.8
[2015.09.07-15.15.11:786][  0]LogAnalytics: [UEEditor.Rocket.Release] SetUserId c8da8d664a36a98701fe659c10ae4ff8|70626fa7f476448fb82ad9618fbbb1ab|00e7fb16-00c3-4af4-a2a1-2cc8013aae38
[2015.09.07-15.15.11:787][  0]LogAnalytics: [UEEditor.Rocket.Release] AnalyticsET::StartSession
[2015.09.07-15.15.11:820][  0]LogInit: Transaction tracking system initialized
[2015.09.07-15.15.12:026][  0]BlueprintLog: New page: Editor Load
[2015.09.07-15.15.12:073][  0]LogAssetRegistry: FAssetRegistry took 0.0105 seconds to start up
[2015.09.07-15.15.12:074][  0]LogDirectoryWatcher:Warning: Failed to begin reading directory changes for ../../../Engine/Plugins/Experimental/CharacterAI/Content/. Error: 0
[2015.09.07-15.15.13:104][  0]LogConsoleManager:Warning: Console variable 'r.VSync' wasn't set ('GameSetting' has a lower priority than 'SystemSettingsIni')
[2015.09.07-15.15.13:105][  0]LogConsoleResponse:Display: 
[2015.09.07-15.15.13:221][  0]LogCook:Display: Done creating registry. It took  0.00s.
[2015.09.07-15.15.13:491][  0]SourceControl: Info Source control is disabled
[2015.09.07-15.15.13:492][  0]Cmd: MAP LOAD FILE="../../../../../../Users/frederic/Documents/Unreal Projects/Brain/Content/FirstPerson/Maps/FirstPersonExampleMap.umap" TEMPLATE=0 SHOWPROGRESS=1 FEATURELEVEL=3
[2015.09.07-15.15.13:492][  0]LightingResults: New page: Lighting Build
[2015.09.07-15.15.13:507][  0]MapCheck: New page: Map Check
[2015.09.07-15.15.13:507][  0]LightingResults: New page: Lighting Build
[2015.09.07-15.15.13:518][  0]LogParticles: Destroying 0 GPU particle simulations for FXSystem 0x00000000218749A0
[2015.09.07-15.15.14:179][  0]LogAIModule: Creating AISystem for world FirstPersonExampleMap
[2015.09.07-15.15.14:191][  0]LogEditorServer: Finished looking for orphan Actors (0.000 secs)
[2015.09.07-15.15.15:262][  0]Cmd: MAP CHECKDEP NOCLEARLOG
[2015.09.07-15.15.15:303][  0]MapCheck: Info Map check complete: 0 Error(s), 0 Warning(s), took 39.576ms to complete.
[2015.09.07-15.15.15:303][  0]LogFileHelpers: Loading map 'FirstPersonExampleMap' took 1.812
[2015.09.07-15.15.15:426][  0]LogCollectionManager: Loaded 0 collections in 0.002094 seconds
[2015.09.07-15.15.15:435][  0]LogContentBrowser: Native class hierarchy populated in 0.0081 seconds. Added 1798 classes and 303 folders.
[2015.09.07-15.15.15:514][  0]LogContentBrowser: Native class hierarchy updated for 'WidgetCarousel' in 0.0020 seconds. Added 0 classes and 0 folders.
[2015.09.07-15.15.15:560][  0]LogContentBrowser: Native class hierarchy updated for 'AddContentDialog' in 0.0023 seconds. Added 0 classes and 0 folders.
[2015.09.07-15.15.15:596][  0]LogContentBrowser: Native class hierarchy updated for 'SceneOutliner' in 0.0023 seconds. Added 1 classes and 2 folders.
[2015.09.07-15.15.15:654][  0]LogCrashTracker: Crashtracker disabled due to settings.
[2015.09.07-15.15.15:655][  0]LogD3D11RHI: InitD3DDevice
[2015.09.07-15.15.15:659][  0]LogUObjectGlobals:Warning: Failed to find object 'Class None.'
[2015.09.07-15.15.15:682][  0]LogLoad: Full Startup: 11.96 seconds (BP compile: 0.26 seconds)
[2015.09.07-15.15.15:745][  0]LogContentStreaming: Texture pool size is 0.000000MB
[2015.09.07-15.15.15:784][  0]LogContentStreaming: Texture pool size now 1000 MB
[2015.09.07-15.15.15:897][  0]LogRenderer: Reallocating scene render targets to support 1208x560 (Frame:2).
[2015.09.07-15.15.16:343][  7]LogAssetRegistry: Asset discovery search completed in 4.2800 seconds
[2015.09.07-15.15.16:744][ 45]LogD3D11RHI: InitD3DDevice
[2015.09.07-15.15.17:407][123]LogPlayLevel: PIE:  No blueprints needed recompiling
[2015.09.07-15.15.17:410][123]PIE: New page: PIE session: FirstPersonExampleMap (Sep 7, 2015, 7:15:17 AM)
[2015.09.07-15.15.17:410][123]LogPlayLevel: Creating play world package: /Game/FirstPerson/Maps/UEDPIE_0_FirstPersonExampleMap
[2015.09.07-15.15.17:428][123]LogPlayLevel: PIE: StaticDuplicateObject took: (0.017440s)
[2015.09.07-15.15.17:430][123]LogAIModule: Creating AISystem for world FirstPersonExampleMap
[2015.09.07-15.15.17:431][123]LogPlayLevel: PIE: World Init took: (0.002118s)
[2015.09.07-15.15.17:432][123]LogPlayLevel: PIE: Created PIE world by copying editor world from /Game/FirstPerson/Maps/FirstPersonExampleMap.FirstPersonExampleMap to /Game/FirstPerson/Maps/UEDPIE_0_FirstPersonExampleMap.FirstPersonExampleMap (0.021310s)
[2015.09.07-15.15.17:432][123]LogActorComponent: UnregisterComponent: (/Engine/Transient.CharMoveComp) Not registered. Aborting.
[2015.09.07-15.15.17:473][123]LogInit: XAudio2 using 'Haut-parleurs (C-Media USB Audio Device   )' : 2 channels at 44.1 kHz using 16 bits per sample (channel mask 0x3)
[2015.09.07-15.15.17:479][123]LogInit: FAudioDevice initialized.
[2015.09.07-15.15.17:524][123]LogWorld: Game class is 'BrainGameMode'
[2015.09.07-15.15.17:531][123]LogWorld: Bringing World /Game/FirstPerson/Maps/UEDPIE_0_FirstPersonExampleMap.FirstPersonExampleMap up for play (max tick rate 0) at 2015.09.07-11.15.17
[2015.09.07-15.15.17:531][123]LogActor:Warning: GameSession /Game/FirstPerson/Maps/UEDPIE_0_FirstPersonExampleMap.FirstPersonExampleMap:PersistentLevel.GameSession_0 has natively added scene component(s), but none of them were set as the actor's RootComponent - picking one arbitrarily
[2015.09.07-15.15.17:532][123]LogActor:Warning: GameNetworkManager /Game/FirstPerson/Maps/UEDPIE_0_FirstPersonExampleMap.FirstPersonExampleMap:PersistentLevel.GameNetworkManager_0 has natively added scene component(s), but none of them were set as the actor's RootComponent - picking one arbitrarily
[2015.09.07-15.15.17:532][123]LogWorld: Bringing up level for play took: 0.005862
[2015.09.07-15.15.17:536][123]PIE: Info Play in editor start time for /Game/FirstPerson/Maps/UEDPIE_0_FirstPersonExampleMap -0.032
[2015.09.07-15.15.22:412][678]LogParticles: Destroying 0 GPU particle simulations for FXSystem 0x000000002F4EE5C0
[2015.09.07-15.15.23:893][815]Cmd: QUIT_EDITOR
[2015.09.07-15.15.24:114][815]LogExit: Preparing to exit.
[2015.09.07-15.15.25:332][815]LogExit: Editor shut down
[2015.09.07-15.15.25:334][815]LogExit: Transaction tracking system shut down
[2015.09.07-15.15.25:335][815]LogParticles: Destroying 0 GPU particle simulations for FXSystem 0x0000000011E339C0
[2015.09.07-15.15.25:337][815]LogParticles: Destroying 0 GPU particle simulations for FXSystem 0x000000002F173240
[2015.09.07-15.15.25:337][815]LogParticles: Destroying 0 GPU particle simulations for FXSystem 0x000000002F3F0B80
[2015.09.07-15.15.25:514][815]LogExit: Object subsystem successfully closed.
[2015.09.07-15.15.25:532][815]LogD3D11RHI: Shutdown
[2015.09.07-15.15.25:533][815]LogD3D11RHI: CleanupD3DDevice
[2015.09.07-15.15.25:809][815]LogD3D11RHI: ~FD3D11DynamicRHI
[2015.09.07-15.15.25:824][815]LogModuleManager: Shutting down and abandoning module CrashTracker (189)
[2015.09.07-15.15.25:825][815]LogModuleManager: Shutting down and abandoning module SceneOutliner (188)
[2015.09.07-15.15.25:825][815]LogModuleManager: Shutting down and abandoning module SuperSearch (187)
[2015.09.07-15.15.25:826][815]LogModuleManager: Shutting down and abandoning module WidgetCarousel (186)
[2015.09.07-15.15.25:826][815]LogModuleManager: Shutting down and abandoning module AddContentDialog (185)
[2015.09.07-15.15.25:827][815]LogModuleManager: Shutting down and abandoning module EditorWidgets (184)
[2015.09.07-15.15.25:827][815]LogModuleManager: Shutting down and abandoning module CollectionManager (183)
[2015.09.07-15.15.25:827][815]LogModuleManager: Shutting down and abandoning module StatsViewer (182)
[2015.09.07-15.15.25:827][815]LogModuleManager: Shutting down and abandoning module FoliageEdit (181)
[2015.09.07-15.15.25:828][815]LogModuleManager: Shutting down and abandoning module LandscapeEditor (180)
[2015.09.07-15.15.25:828][815]LogModuleManager: Shutting down and abandoning module ActorPickerMode (179)
[2015.09.07-15.15.25:828][815]LogModuleManager: Shutting down and abandoning module GeometryMode (178)
[2015.09.07-15.15.25:828][815]LogModuleManager: Shutting down and abandoning module TextureAlignMode (177)
[2015.09.07-15.15.25:829][815]LogModuleManager: Shutting down and abandoning module BspMode (176)
[2015.09.07-15.15.25:829][815]LogModuleManager: Shutting down and abandoning module PlacementMode (175)
[2015.09.07-15.15.25:829][815]LogModuleManager: Shutting down and abandoning module AutomationWorker (174)
[2015.09.07-15.15.25:829][815]LogModuleManager: Shutting down and abandoning module CharacterAI (173)
[2015.09.07-15.15.25:830][815]LogModuleManager: Shutting down and abandoning module SmartSnapping (172)
[2015.09.07-15.15.25:830][815]LogModuleManager: Shutting down and abandoning module ViewportSnapping (171)
[2015.09.07-15.15.25:830][815]LogModuleManager: Shutting down and abandoning module LogVisualizer (170)
[2015.09.07-15.15.25:830][815]LogModuleManager: Shutting down and abandoning module GameProjectGeneration (169)
[2015.09.07-15.15.25:831][815]LogModuleManager: Shutting down and abandoning module IntroTutorials (168)
[2015.09.07-15.15.25:831][815]LogModuleManager: Shutting down and abandoning module EditorLiveStreaming (167)
[2015.09.07-15.15.25:831][815]LogModuleManager: Shutting down and abandoning module IOSPlatformEditor (166)
[2015.09.07-15.15.25:831][815]LogModuleManager: Shutting down and abandoning module HTML5PlatformEditor (165)
[2015.09.07-15.15.25:832][815]LogModuleManager: Shutting down and abandoning module AndroidDeviceDetection (164)
[2015.09.07-15.15.26:830][815]LogModuleManager: Shutting down and abandoning module AndroidPlatformEditor (163)
[2015.09.07-15.15.26:831][815]LogModuleManager: Shutting down and abandoning module IOSRuntimeSettings (162)
[2015.09.07-15.15.26:832][815]LogModuleManager: Shutting down and abandoning module AndroidRuntimeSettings (161)
[2015.09.07-15.15.26:833][815]LogModuleManager: Shutting down and abandoning module MergeActors (160)
[2015.09.07-15.15.26:833][815]LogModuleManager: Shutting down and abandoning module SizeMap (159)
[2015.09.07-15.15.26:834][815]LogModuleManager: Shutting down and abandoning module TreeMap (158)
[2015.09.07-15.15.26:834][815]LogModuleManager: Shutting down and abandoning module ReferenceViewer (157)
[2015.09.07-15.15.26:835][815]LogModuleManager: Shutting down and abandoning module LocalizationDashboard (156)
[2015.09.07-15.15.26:836][815]LogModuleManager: Shutting down and abandoning module HardwareTargeting (155)
[2015.09.07-15.15.26:836][815]LogModuleManager: Shutting down and abandoning module DeviceProfileEditor (154)
[2015.09.07-15.15.26:837][815]LogModuleManager: Shutting down and abandoning module UndoHistory (153)
[2015.09.07-15.15.26:837][815]LogModuleManager: Shutting down and abandoning module GameplayTagsEditor (152)
[2015.09.07-15.15.26:838][815]LogModuleManager: Shutting down and abandoning module UserFeedback (151)
[2015.09.07-15.15.26:838][815]LogModuleManager: Shutting down and abandoning module XmlParser (150)
[2015.09.07-15.15.26:839][815]LogModuleManager: Shutting down and abandoning module Blutility (149)
[2015.09.07-15.15.26:839][815]LogModuleManager: Shutting down and abandoning module ProjectTargetPlatformEditor (148)
[2015.09.07-15.15.26:840][815]LogModuleManager: Shutting down and abandoning module ProjectSettingsViewer (147)
[2015.09.07-15.15.26:841][815]LogModuleManager: Shutting down and abandoning module InputBindingEditor (146)
[2015.09.07-15.15.26:841][815]LogModuleManager: Shutting down and abandoning module EditorSettingsViewer (145)
[2015.09.07-15.15.26:842][815]LogModuleManager: Shutting down and abandoning module SettingsEditor (144)
[2015.09.07-15.15.26:843][815]LogModuleManager: Shutting down and abandoning module ProjectLauncher (143)
[2015.09.07-15.15.26:843][815]LogModuleManager: Shutting down and abandoning module SessionFrontend (142)
[2015.09.07-15.15.26:844][815]LogModuleManager: Shutting down and abandoning module ProfilerClient (141)
[2015.09.07-15.15.26:844][815]LogModuleManager: Shutting down and abandoning module TargetDeviceServices (140)
[2015.09.07-15.15.26:845][815]LogModuleManager: Shutting down and abandoning module DeviceManager (139)
[2015.09.07-15.15.26:845][815]LogModuleManager: Shutting down and abandoning module AutomationController (138)
[2015.09.07-15.15.26:846][815]LogModuleManager: Shutting down and abandoning module AutomationWindow (137)
[2015.09.07-15.15.26:847][815]LogModuleManager: Shutting down and abandoning module Layers (136)
[2015.09.07-15.15.26:847][815]LogModuleManager: Shutting down and abandoning module ComponentVisualizers (135)
[2015.09.07-15.15.26:848][815]LogModuleManager: Shutting down and abandoning module DetailCustomizations (134)
[2015.09.07-15.15.26:848][815]LogModuleManager: Shutting down and abandoning module PackagesDialog (133)
[2015.09.07-15.15.26:849][815]LogModuleManager: Shutting down and abandoning module AssetRegistry (132)
[2015.09.07-15.15.26:931][815]LogModuleManager: Shutting down and abandoning module Persona (131)
[2015.09.07-15.15.26:932][815]LogModuleManager: Shutting down and abandoning module Kismet (130)
[2015.09.07-15.15.26:932][815]LogModuleManager: Shutting down and abandoning module GraphEditor (129)
[2015.09.07-15.15.26:933][815]LogModuleManager: Shutting down and abandoning module ClassViewer (128)
[2015.09.07-15.15.26:933][815]LogModuleManager: Shutting down and abandoning module Toolbox (127)
[2015.09.07-15.15.26:933][815]LogModuleManager: Shutting down and abandoning module ModuleUI (126)
[2015.09.07-15.15.26:933][815]LogModuleManager: Shutting down and abandoning module MovieSceneTools (125)
[2015.09.07-15.15.26:934][815]LogModuleManager: Shutting down and abandoning module OutputLog (124)
[2015.09.07-15.15.26:934][815]LogModuleManager: Shutting down and abandoning module GammaUI (123)
[2015.09.07-15.15.26:934][815]LogModuleManager: Shutting down and abandoning module Documentation (122)
[2015.09.07-15.15.26:934][815]LogModuleManager: Shutting down and abandoning module GameLiveStreaming (121)
[2015.09.07-15.15.26:935][815]LogModuleManager: Shutting down and abandoning module StreamingPauseRendering (120)
[2015.09.07-15.15.26:935][815]LogModuleManager: Shutting down and abandoning module AnalyticsET (119)
[2015.09.07-15.15.26:935][815]LogModuleManager: Shutting down and abandoning module Analytics (118)
[2015.09.07-15.15.26:935][815]LogModuleManager: Shutting down and abandoning module AITestSuite (117)
[2015.09.07-15.15.26:935][815]LogModuleManager: Shutting down and abandoning module GameplayDebugger (116)
[2015.09.07-15.15.26:936][815]LogModuleManager: Shutting down and abandoning module AIModule (115)
[2015.09.07-15.15.26:936][815]LogModuleManager: Shutting down and abandoning module ProfilerService (114)
[2015.09.07-15.15.26:987][815]LogModuleManager: Shutting down and abandoning module TaskGraph (113)
[2015.09.07-15.15.26:988][815]LogModuleManager: Shutting down and abandoning module SlateRemote (112)
[2015.09.07-15.15.26:989][815]LogModuleManager: Shutting down and abandoning module SteamVRController (111)
[2015.09.07-15.15.26:990][815]LogModuleManager: Shutting down and abandoning module SteamVR (110)
[2015.09.07-15.15.26:990][815]LogModuleManager: Shutting down and abandoning module ProceduralMeshComponent (109)
[2015.09.07-15.15.26:991][815]LogModuleManager: Shutting down and abandoning module OculusRift (108)
[2015.09.07-15.15.26:991][815]LogModuleManager: Shutting down and abandoning module LeapMotionController (107)
[2015.09.07-15.15.27:010][815]LogModuleManager: Shutting down and abandoning module CustomMeshComponent (106)
[2015.09.07-15.15.27:012][815]LogModuleManager: Shutting down and abandoning module CableComponent (105)
[2015.09.07-15.15.27:012][815]LogModuleManager: Shutting down and abandoning module MessagingDebugger (104)
[2015.09.07-15.15.27:013][815]LogModuleManager: Shutting down and abandoning module MediaPlayerEditor (103)
[2015.09.07-15.15.27:014][815]LogModuleManager: Shutting down and abandoning module SpeedTreeImporter (102)
[2015.09.07-15.15.27:014][815]LogModuleManager: Shutting down and abandoning module PluginBrowser (101)
[2015.09.07-15.15.27:015][815]LogModuleManager: Shutting down and abandoning module EpicSurvey (100)
[2015.09.07-15.15.27:015][815]LogModuleManager: Shutting down and abandoning module DesktopPlatform (99)
[2015.09.07-15.15.27:016][815]LogModuleManager: Shutting down and abandoning module VisualStudioSourceCodeAccess (98)
[2015.09.07-15.15.27:016][815]LogModuleManager: Shutting down and abandoning module UObjectPlugin (97)
[2015.09.07-15.15.27:017][815]LogModuleManager: Shutting down and abandoning module SubversionSourceControl (96)
[2015.09.07-15.15.27:018][815]LogModuleManager: Shutting down and abandoning module PerforceSourceControl (95)
[2015.09.07-15.15.27:018][815]LogModuleManager: Shutting down and abandoning module SourceControl (94)
[2015.09.07-15.15.27:019][815]LogModuleManager: Shutting down and abandoning module GitSourceControl (93)
[2015.09.07-15.15.27:019][815]LogModuleManager: Shutting down and abandoning module BlankPlugin (92)
[2015.09.07-15.15.27:020][815]LogModuleManager: Shutting down and abandoning module PaperTiledImporter (91)
[2015.09.07-15.15.27:020][815]LogModuleManager: Shutting down and abandoning module PaperSpriteSheetImporter (90)
[2015.09.07-15.15.27:021][815]LogModuleManager: Shutting down and abandoning module MeshPaint (89)
[2015.09.07-15.15.27:021][815]LogModuleManager: Shutting down and abandoning module SlateReflector (88)
[2015.09.07-15.15.27:021][815]LogModuleManager: Shutting down and abandoning module DirectoryWatcher (87)
[2015.09.07-15.15.27:022][815]LogModuleManager: Shutting down and abandoning module HotReload (86)
[2015.09.07-15.15.27:022][815]LogModuleManager: Shutting down and abandoning module MainFrame (85)
[2015.09.07-15.15.27:022][815]LogModuleManager: Shutting down and abandoning module LevelEditor (84)
[2015.09.07-15.15.27:024][815]LogModuleManager: Shutting down and abandoning module ContentBrowser (83)
[2015.09.07-15.15.27:025][815]LogModuleManager: Shutting down and abandoning module Paper2DEditor (82)
[2015.09.07-15.15.27:025][815]LogModuleManager: Shutting down and abandoning module Brain (81)
[2015.09.07-15.15.27:025][815]LogModuleManager: Shutting down and abandoning module UdpMessaging (80)
[2015.09.07-15.15.27:125][815]LogModuleManager: Shutting down and abandoning module Paper2D (79)
[2015.09.07-15.15.27:126][815]LogModuleManager: Shutting down and abandoning module WindowsMoviePlayer (78)
[2015.09.07-15.15.27:131][815]LogModuleManager: Shutting down and abandoning module Media (77)
[2015.09.07-15.15.27:132][815]LogModuleManager: Shutting down and abandoning module WmfMedia (76)
[2015.09.07-15.15.27:134][815]LogModuleManager: Shutting down and abandoning module OnlineBlueprintSupport (75)
[2015.09.07-15.15.27:134][815]LogModuleManager: Shutting down and abandoning module PropertyEditor (74)
[2015.09.07-15.15.27:136][815]LogModuleManager: Shutting down and abandoning module BehaviorTreeEditor (73)
[2015.09.07-15.15.27:136][815]LogModuleManager: Shutting down and abandoning module FunctionalTesting (72)
[2015.09.07-15.15.27:137][815]LogModuleManager: Shutting down and abandoning module CollisionAnalyzer (71)
[2015.09.07-15.15.27:137][815]LogModuleManager: Shutting down and abandoning module WorkspaceMenuStructure (70)
[2015.09.07-15.15.27:138][815]LogModuleManager: Shutting down and abandoning module MessageLog (69)
[2015.09.07-15.15.27:139][815]LogModuleManager: Shutting down and abandoning module Sequencer (68)
[2015.09.07-15.15.27:139][815]LogModuleManager: Shutting down and abandoning module AssetTools (67)
[2015.09.07-15.15.27:140][815]LogModuleManager: Shutting down and abandoning module UMGEditor (66)
[2015.09.07-15.15.27:141][815]LogModuleManager: Shutting down and abandoning module UMG (65)
[2015.09.07-15.15.27:141][815]LogModuleManager: Shutting down and abandoning module Slate (64)
[2015.09.07-15.15.27:141][815]LogModuleManager: Shutting down and abandoning module EditorStyle (63)
[2015.09.07-15.15.27:143][815]LogModuleManager: Shutting down and abandoning module SessionServices (62)
[2015.09.07-15.15.27:144][815]LogModuleManager: Shutting down and abandoning module SourceCodeAccess (61)
[2015.09.07-15.15.27:144][815]LogModuleManager: Shutting down and abandoning module HeadMountedDisplay (60)
[2015.09.07-15.15.27:144][815]LogModuleManager: Shutting down and abandoning module XAudio2 (59)
[2015.09.07-15.15.27:145][815]LogModuleManager: Shutting down and abandoning module Networking (57)
[2015.09.07-15.15.27:145][815]LogModuleManager: Shutting down and abandoning module Core (56)
[2015.09.07-15.15.27:145][815]LogModuleManager: Shutting down and abandoning module KismetCompiler (55)
[2015.09.07-15.15.27:145][815]LogModuleManager: Shutting down and abandoning module PhysXFormats (54)
[2015.09.07-15.15.27:146][815]LogModuleManager: Shutting down and abandoning module MeshUtilities (53)
[2015.09.07-15.15.27:146][815]LogModuleManager: Shutting down and abandoning module DerivedDataCache (52)
[2015.09.07-15.15.27:338][815]LogDerivedDataCache: Shutdown
[2015.09.07-15.15.27:339][815]LogModuleManager: Shutting down and abandoning module ShaderFormatOpenGL (51)
[2015.09.07-15.15.27:340][815]LogModuleManager: Shutting down and abandoning module ShaderFormatD3D (50)
[2015.09.07-15.15.27:340][815]LogModuleManager: Shutting down and abandoning module MetalShaderFormat (49)
[2015.09.07-15.15.27:341][815]LogModuleManager: Shutting down and abandoning module TextureFormatUncompressed (48)
[2015.09.07-15.15.27:342][815]LogModuleManager: Shutting down and abandoning module TextureFormatPVR (47)
[2015.09.07-15.15.27:342][815]LogModuleManager: Shutting down and abandoning module TextureFormatIntelISPCTexComp (46)
[2015.09.07-15.15.27:343][815]LogModuleManager: Shutting down and abandoning module TextureFormatDXT (45)
[2015.09.07-15.15.27:343][815]LogModuleManager: Shutting down and abandoning module ImageWrapper (44)
[2015.09.07-15.15.27:344][815]LogModuleManager: Shutting down and abandoning module TextureFormatASTC (43)
[2015.09.07-15.15.27:344][815]LogModuleManager: Shutting down and abandoning module TextureFormatAndroid (42)
[2015.09.07-15.15.27:345][815]LogModuleManager: Shutting down and abandoning module AudioFormatOpus (41)
[2015.09.07-15.15.27:345][815]LogModuleManager: Shutting down and abandoning module AudioFormatOgg (40)
[2015.09.07-15.15.27:346][815]LogModuleManager: Shutting down and abandoning module AudioFormatADPCM (39)
[2015.09.07-15.15.27:346][815]LogModuleManager: Shutting down and abandoning module LinuxTargetPlatform (38)
[2015.09.07-15.15.27:347][815]LogModuleManager: Shutting down and abandoning module LinuxServerTargetPlatform (37)
[2015.09.07-15.15.27:347][815]LogModuleManager: Shutting down and abandoning module LinuxNoEditorTargetPlatform (36)
[2015.09.07-15.15.27:348][815]LogModuleManager: Shutting down and abandoning module Messaging (35)
[2015.09.07-15.15.27:349][815]LogModuleManager: Shutting down and abandoning module IOSTargetPlatform (34)
[2015.09.07-15.15.27:349][815]LogModuleManager: Shutting down and abandoning module HTML5TargetPlatform (33)
[2015.09.07-15.15.27:350][815]LogModuleManager: Shutting down and abandoning module Android_PVRTCTargetPlatform (32)
[2015.09.07-15.15.27:350][815]LogModuleManager: Shutting down and abandoning module Android_ETC2TargetPlatform (31)
[2015.09.07-15.15.27:351][815]LogModuleManager: Shutting down and abandoning module Android_ETC1TargetPlatform (30)
[2015.09.07-15.15.27:351][815]LogModuleManager: Shutting down and abandoning module Android_DXTTargetPlatform (29)
[2015.09.07-15.15.27:351][815]LogModuleManager: Shutting down and abandoning module Android_ATCTargetPlatform (28)
[2015.09.07-15.15.27:351][815]LogModuleManager: Shutting down and abandoning module Android_ASTCTargetPlatform (27)
[2015.09.07-15.15.27:351][815]LogModuleManager: Shutting down and abandoning module AndroidTargetPlatform (26)
[2015.09.07-15.15.27:352][815]LogModuleManager: Shutting down and abandoning module WindowsTargetPlatform (25)
[2015.09.07-15.15.27:352][815]LogModuleManager: Shutting down and abandoning module WindowsServerTargetPlatform (24)
[2015.09.07-15.15.27:352][815]LogModuleManager: Shutting down and abandoning module WindowsNoEditorTargetPlatform (23)
[2015.09.07-15.15.27:352][815]LogModuleManager: Shutting down and abandoning module WindowsClientTargetPlatform (22)
[2015.09.07-15.15.27:353][815]LogModuleManager: Shutting down and abandoning module DesktopTargetPlatform (21)
[2015.09.07-15.15.27:353][815]LogModuleManager: Shutting down and abandoning module TargetPlatform (20)
[2015.09.07-15.15.27:353][815]LogModuleManager: Shutting down and abandoning module InputCore (19)
[2015.09.07-15.15.27:353][815]LogModuleManager: Shutting down and abandoning module Settings (18)
[2015.09.07-15.15.27:354][815]LogModuleManager: Shutting down and abandoning module OnlineSubsystem (16)
[2015.09.07-15.15.27:354][815]LogModuleManager: Shutting down and abandoning module HTTP (15)
[2015.09.07-15.15.27:354][815]LogModuleManager: Shutting down and abandoning module ExampleDeviceProfileSelector (14)
[2015.09.07-15.15.27:355][815]LogModuleManager: Shutting down and abandoning module TextureCompressor (13)
[2015.09.07-15.15.27:355][815]LogModuleManager: Shutting down and abandoning module ShaderCore (12)
[2015.09.07-15.15.27:355][815]LogModuleManager: Shutting down and abandoning module Landscape (11)
[2015.09.07-15.15.27:356][815]LogModuleManager: Shutting down and abandoning module SlateRHIRenderer (10)
[2015.09.07-15.15.27:357][815]LogModuleManager: Shutting down and abandoning module OpenGLDrv (9)
[2015.09.07-15.15.27:358][815]LogModuleManager: Shutting down and abandoning module D3D11RHI (8)
[2015.09.07-15.15.27:358][815]LogModuleManager: Shutting down and abandoning module Renderer (7)
[2015.09.07-15.15.27:358][815]LogModuleManager: Shutting down and abandoning module Engine (6)
[2015.09.07-15.15.27:358][815]LogModuleManager: Shutting down and abandoning module CoreUObject (5)
[2015.09.07-15.15.27:359][815]LogModuleManager: Shutting down and abandoning module NetworkFile (4)
[2015.09.07-15.15.27:359][815]LogModuleManager: Shutting down and abandoning module StreamingFile (3)
[2015.09.07-15.15.27:359][815]LogModuleManager: Shutting down and abandoning module SandboxFile (2)
[2015.09.07-15.15.27:359][815]LogModuleManager: Shutting down and abandoning module PakFile (1)
[2015.09.07-15.15.27:362][815]LogExit: Exiting.
[2015.09.07-15.15.27:364][815]Log file closed, 09/07/15 11:15:27
