[2015.09.07-03.04.19:772][  0]Log file open, 09/06/15 23:04:19
[2015.09.07-03.04.19:772][  0]LogInit:Display: Running engine for game: Brain
[2015.09.07-03.04.19:773][  0]LogInit:Display: RandInit(-2081159933) SRandInit(-2081159932).
[2015.09.07-03.04.19:773][  0]LogTaskGraph: Started task graph with 4 named threads and 7 total threads.
[2015.09.07-03.04.19:773][  0]LogStats: Stats thread started
[2015.09.07-03.04.19:773][  0]LogInit: Version: 4.8.3-2634408+++depot+UE4-Releases+4.8
[2015.09.07-03.04.19:774][  0]LogInit: API Version: 2579680
[2015.09.07-03.04.19:774][  0]LogInit: Compiled (64-bit): Jul 27 2015 16:24:33
[2015.09.07-03.04.19:774][  0]LogInit: Compiled with Visual C++: 18.00.21005.01
[2015.09.07-03.04.19:775][  0]LogInit: Build Configuration: Development
[2015.09.07-03.04.19:775][  0]LogInit: Branch Name: ++depot+UE4-Releases+4.8
[2015.09.07-03.04.19:775][  0]LogInit: Command line: 
[2015.09.07-03.04.19:775][  0]LogInit: Base directory: C:/Program Files/Epic Games/4.8/Engine/Binaries/Win64/
[2015.09.07-03.04.19:775][  0]LogInit: Rocket: 1
[2015.09.07-03.04.19:793][  0]LogInit: Using libcurl 7.41.0
[2015.09.07-03.04.19:794][  0]LogInit:  - built for x86_64-pc-win32
[2015.09.07-03.04.19:794][  0]LogInit:  - supports SSL with WinSSL
[2015.09.07-03.04.19:794][  0]LogInit:  - other features:
[2015.09.07-03.04.19:794][  0]LogInit:      CURL_VERSION_SSL
[2015.09.07-03.04.19:795][  0]LogInit:      CURL_VERSION_IPV6
[2015.09.07-03.04.19:795][  0]LogInit:      CURL_VERSION_ASYNCHDNS
[2015.09.07-03.04.19:795][  0]LogInit:      CURL_VERSION_LARGEFILE
[2015.09.07-03.04.19:795][  0]LogInit:      CURL_VERSION_IDN
[2015.09.07-03.04.19:795][  0]LogInit:  CurlRequestOptions (configurable via config and command line):
[2015.09.07-03.04.19:796][  0]LogInit:  - bVerifyPeer = true  - Libcurl will verify peer certificate
[2015.09.07-03.04.19:796][  0]LogInit:  - bUseHttpProxy = false  - Libcurl will NOT use HTTP proxy
[2015.09.07-03.04.19:796][  0]LogInit:  - bDontReuseConnections = false  - Libcurl will reuse connections
[2015.09.07-03.04.19:796][  0]LogInit:  - CertBundlePath = nullptr  - Libcurl will use whatever was configured at build time.
[2015.09.07-03.04.19:810][  0]LogOnline:Warning: No default platform service specified for OnlineSubsystem
[2015.09.07-03.04.19:845][  0]LogInit: Presizing for 0 objects not considered by GC, pre-allocating 0 bytes.
[2015.09.07-03.04.19:852][  0]LogInit: Object subsystem initialized
[2015.09.07-03.04.19:853][  0]LogConsoleResponse:Warning: Skipping Unknown console variable: 'TranslucentSortAxis = (X=0.000000,Y=-1.000000,Z=0.000000)'
[2015.09.07-03.04.19:854][  0]LogConsoleResponse:Warning:   Found in ini file 'C:/Users/frederic/Documents/Unreal Projects/Brain/Saved/Config/Windows/Engine.ini', in section '[/Script/Engine.RendererSettings]'
[2015.09.07-03.04.19:854][  0]LogConsoleResponse:Warning: Skipping Unknown console variable: 'UIScaleRule = ShortestSide'
[2015.09.07-03.04.19:854][  0]LogConsoleResponse:Warning:   Found in ini file 'C:/Users/frederic/Documents/Unreal Projects/Brain/Saved/Config/Windows/Engine.ini', in section '[/Script/Engine.RendererSettings]'
[2015.09.07-03.04.19:854][  0]LogConsoleResponse:Warning: Skipping Unknown console variable: 'UIScaleCurve = (EditorCurveData=(Keys=),ExternalCurve=None)'
[2015.09.07-03.04.19:855][  0]LogConsoleResponse:Warning:   Found in ini file 'C:/Users/frederic/Documents/Unreal Projects/Brain/Saved/Config/Windows/Engine.ini', in section '[/Script/Engine.RendererSettings]'
[2015.09.07-03.04.19:855][  0]LogInit: Selected Device Profile: [Windows]
[2015.09.07-03.04.19:855][  0]LogInit: Applying CVar settings loaded from the selected device profile: [Windows]
[2015.09.07-03.04.19:862][  0]LogInit: Computer: FREDERIC-PC
[2015.09.07-03.04.19:862][  0]LogInit: User: frederic
[2015.09.07-03.04.19:863][  0]LogInit: CPU Page size=4096, Cores=4
[2015.09.07-03.04.19:863][  0]LogInit: High frequency timer resolution =3.331250 MHz
[2015.09.07-03.04.19:863][  0]LogMemory: Memory total: Physical=15.9GB (16GB approx)
[2015.09.07-03.04.19:864][  0]LogMemory: Platform Memory Stats for Windows
[2015.09.07-03.04.19:864][  0]LogMemory: Process Physical Memory: 51.71 MB used, 51.71 MB peak
[2015.09.07-03.04.19:864][  0]LogMemory: Process Virtual Memory: 23.54 MB used, 23.54 MB peak
[2015.09.07-03.04.19:864][  0]LogMemory: Physical Memory: 5393.79 MB used, 16288.39 MB total
[2015.09.07-03.04.19:865][  0]LogMemory: Virtual Memory: 281.93 MB used, 8388608.00 MB total
[2015.09.07-03.04.19:948][  0]LogTextLocalizationManager: The requested culture ('fr_CA') has no localization data; falling back to 'en' for localization and internationalization data.
[2015.09.07-03.04.20:160][  0]LogTextLocalizationManager:Warning: Loaded localization resources contain conflicting entries for (Namespace:ContentBrowser, Key:ImportAssetToolTip):
Localization Resource: (C:/Program Files/Epic Games/4.8/Engine/Content/Localization/Editor/en/Editor.locres) Source String Hash: (-630476809) Localized String: (Import to {0}...)
Localization Resource: (C:/Program Files/Epic Games/4.8/Engine/Content/Localization/Editor/en/Editor.locres) Source String Hash: (1271782899) Localized String: (Imports an asset from file to this folder.)
[2015.09.07-03.04.20:600][  0]LogD3D11RHI: Found D3D11 adapter 0: NVIDIA GeForce GTX 970 (Feature Level 11_0)
[2015.09.07-03.04.20:600][  0]LogD3D11RHI: Adapter has 4008MB of dedicated video memory, 0MB of dedicated system memory, and 7888MB of shared system memory, 1 output[s]
[2015.09.07-03.04.20:608][  0]LogD3D11RHI: Found D3D11 adapter 1: Intel(R) HD Graphics 3000 (Feature Level 10_0)
[2015.09.07-03.04.20:608][  0]LogD3D11RHI: Adapter has 64MB of dedicated video memory, 0MB of dedicated system memory, and 1632MB of shared system memory, 0 output[s]
[2015.09.07-03.04.20:608][  0]LogD3D11RHI: Chosen D3D11 Adapter Id = 0
[2015.09.07-03.04.20:612][  0]LogD3D11RHI: InitD3DDevice
[2015.09.07-03.04.20:613][  0]LogD3D11RHI: !Direct3DDevice
[2015.09.07-03.04.20:613][  0]LogRHI: Texture pool is 1361 MB (70% of 1945 MB)
[2015.09.07-03.04.20:655][  0]LogD3D11RHI: Async texture creation enabled
[2015.09.07-03.04.20:670][  0]LogShaderCompilers:Display: Using Local Shader Compiler.
[2015.09.07-03.04.21:450][  0]LogTemp:Display: Loaded TP DesktopTargetPlatform
[2015.09.07-03.04.21:473][  0]LogTemp:Display: Loaded TP WindowsClientTargetPlatform
[2015.09.07-03.04.21:495][  0]LogTemp:Display: Loaded TP WindowsNoEditorTargetPlatform
[2015.09.07-03.04.21:517][  0]LogTemp:Display: Loaded TP WindowsServerTargetPlatform
[2015.09.07-03.04.21:541][  0]LogTemp:Display: Loaded TP WindowsTargetPlatform
[2015.09.07-03.04.21:557][  0]LogTemp:Display: Loaded TP AndroidTargetPlatform
[2015.09.07-03.04.21:574][  0]LogTemp:Display: Loaded TP Android_ASTCTargetPlatform
[2015.09.07-03.04.21:590][  0]LogTemp:Display: Loaded TP Android_ATCTargetPlatform
[2015.09.07-03.04.21:610][  0]LogTemp:Display: Loaded TP Android_DXTTargetPlatform
[2015.09.07-03.04.21:628][  0]LogTemp:Display: Loaded TP Android_ETC1TargetPlatform
[2015.09.07-03.04.21:648][  0]LogTemp:Display: Loaded TP Android_ETC2TargetPlatform
[2015.09.07-03.04.21:667][  0]LogTemp:Display: Loaded TP Android_PVRTCTargetPlatform
[2015.09.07-03.04.21:737][  0]LogTemp:Display: Loaded TP IOSTargetPlatform
[2015.09.07-03.04.21:753][  0]LogTemp:Display: Loaded TP LinuxNoEditorTargetPlatform
[2015.09.07-03.04.21:769][  0]LogTemp:Display: Loaded TP LinuxServerTargetPlatform
[2015.09.07-03.04.21:787][  0]LogTemp:Display: Loaded TP LinuxTargetPlatform
[2015.09.07-03.04.21:787][  0]LogTargetPlatformManager:Display: Building Assets For Windows
[2015.09.07-03.04.22:100][  0]LogDerivedDataCache:Display: Max Cache Size: 512 MB
[2015.09.07-03.04.22:174][  0]LogDerivedDataCache: Loaded boot cache 0.07s 81MB C:/Users/frederic/AppData/Local/UnrealEngine/4.8/DerivedDataCache/Boot.ddc.
[2015.09.07-03.04.22:175][  0]LogDerivedDataCache:Display: Loaded Boot cache: C:/Users/frederic/AppData/Local/UnrealEngine/4.8/DerivedDataCache/Boot.ddc
[2015.09.07-03.04.22:175][  0]LogDerivedDataCache: FDerivedDataBackendGraph:  Pak pak cache file ../../../../../../Users/frederic/Documents/Unreal Projects/Brain/DerivedDataCache/DDC.ddp not found, will not use a pak cache.
[2015.09.07-03.04.22:176][  0]LogDerivedDataCache: Unable to find inner node Pak for hierarchical cache Hierarchy.
[2015.09.07-03.04.22:176][  0]LogDerivedDataCache: FDerivedDataBackendGraph:  CompressedPak pak cache file ../../../../../../Users/frederic/Documents/Unreal Projects/Brain/DerivedDataCache/Compressed.ddp not found, will not use a pak cache.
[2015.09.07-03.04.22:176][  0]LogDerivedDataCache: Unable to find inner node CompressedPak for hierarchical cache Hierarchy.
[2015.09.07-03.04.22:322][  0]LogDerivedDataCache:Display: Pak cache opened for reading ../../../Engine/DerivedDataCache/Compressed.ddp.
[2015.09.07-03.04.22:334][  0]LogDerivedDataCache: Using Local data cache path C:/Users/frederic/AppData/Local/UnrealEngine/Common/DerivedDataCache: Writable
[2015.09.07-03.04.22:538][  0]LogInit: Selected Device Profile: [Windows]
[2015.09.07-03.04.22:545][  0]ImportText (ComponentSweepMultiTests): Missing closing parenthesis: (RootShapeAsset="/Engine/BasicShapes/Cube.Cube",ShapeType="TriggerCapsule",HitResult=(Time=0.50,Location=(X=-100.000015,Y=0.0,Z=100.000015),ImpactPoint=(X=-50.0,Y=0.0,Z=50.0),Normal=(X=-1.0,Y=-0.0,Z=0.0),ImpactNormal=(X=0.0,Y=0.0,Z=1.0),TraceStart=(X=-200.0,Y=0.0,Z=200.0),TraceEnd=(X=0.0,Y=0.0,Z=0.0))
[2015.09.07-03.04.22:546][  0]ImportText (LineTraceSingleByChannelTests): Missing closing parenthesis: (RootShapeAsset="/Engine/BasicShapes/Cube.Cube",HitResult=(Time=0.50,Location=(X=-100.000015,Y=0.0,Z=100.000015),ImpactPoint=(X=-50.0,Y=0.0,Z=50.0),Normal=(X=-1.0,Y=-0.0,Z=0.0),ImpactNormal=(X=0.0,Y=0.0,Z=1.0),TraceStart=(X=-200.0,Y=0.0,Z=200.0),TraceEnd=(X=0.0,Y=0.0,Z=0.0))
[2015.09.07-03.04.22:584][  0]LogMeshUtilities: No automatic mesh reduction module available
[2015.09.07-03.04.22:584][  0]LogMeshUtilities: No automatic mesh merging module available
[2015.09.07-03.04.22:988][  0]LogInit: WinSock: version 1.1 (2.2), MaxSocks=32767, MaxUdp=65467
[2015.09.07-03.04.24:169][  0]UdpMessaging: Initializing bridge on interface 0.0.0.0:0 to multicast group 230.0.0.1:6666.
[2015.09.07-03.04.24:950][  0]SourceControl: Info Source control is disabled
[2015.09.07-03.04.24:972][  0]SourceControl: Info Source control is disabled
[2015.09.07-03.04.24:991][  0]SourceControl: Info Source control is disabled
[2015.09.07-03.04.25:012][  0]SourceControl: Info Source control is disabled
[2015.09.07-03.04.25:329][  0]LogObj: 31193 objects as part of root set at end of initial load.
[2015.09.07-03.04.25:330][  0]LogUObjectAllocator: 7122144 out of 0 bytes used by permanent object pool.
[2015.09.07-03.04.25:417][  0]LogEngine: Initializing Engine...
[2015.09.07-03.04.25:420][  0]LogHMD: Can't find Oculus library dev build: is proper Runtime installed? Version: 0.6.0.0
[2015.09.07-03.04.25:424][  0]LogHMD:Warning: SteamVR failed to initialize.  Error: 110
[2015.09.07-03.04.25:581][  0]LogAIModule: Creating AISystem for world NewWorld
[2015.09.07-03.04.25:594][  0]LogInit: XAudio2 using 'Haut-parleurs (C-Media USB Audio Device   )' : 2 channels at 44.1 kHz using 16 bits per sample (channel mask 0x3)
[2015.09.07-03.04.25:619][  0]LogInit: FAudioDevice initialized.
[2015.09.07-03.04.25:658][  0]LogDerivedDataCache: Saved boot cache 0.04s 84MB C:/Users/frederic/AppData/Local/UnrealEngine/4.8/DerivedDataCache/Boot.ddc.
[2015.09.07-03.04.25:669][  0]LogInit: Texture streaming: Disabled
[2015.09.07-03.04.25:702][  0]LogAnalytics: Creating configured Analytics provider AnalyticsET
[2015.09.07-03.04.25:703][  0]LogAnalytics: [UEEditor.Rocket.Release] APIServer = http://et2.epicgames.com/ET2/. AppVersion = 4.8.3-2634408+++depot+UE4-Releases+4.8
[2015.09.07-03.04.25:703][  0]LogAnalytics: [UEEditor.Rocket.Release] SetUserId c8da8d664a36a98701fe659c10ae4ff8|70626fa7f476448fb82ad9618fbbb1ab|00e7fb16-00c3-4af4-a2a1-2cc8013aae38
[2015.09.07-03.04.25:704][  0]LogAnalytics: [UEEditor.Rocket.Release] AnalyticsET::StartSession
[2015.09.07-03.04.25:732][  0]LogInit: Transaction tracking system initialized
[2015.09.07-03.04.25:944][  0]BlueprintLog: New page: Editor Load
[2015.09.07-03.04.25:989][  0]LogAssetRegistry: FAssetRegistry took 0.0100 seconds to start up
[2015.09.07-03.04.25:990][  0]LogDirectoryWatcher:Warning: Failed to begin reading directory changes for ../../../Engine/Plugins/Experimental/CharacterAI/Content/. Error: 0
[2015.09.07-03.04.26:979][  0]LogConsoleManager:Warning: Console variable 'r.VSync' wasn't set ('GameSetting' has a lower priority than 'SystemSettingsIni')
[2015.09.07-03.04.26:979][  0]LogConsoleResponse:Display: 
[2015.09.07-03.04.27:076][  0]LogCook:Display: Done creating registry. It took  0.00s.
[2015.09.07-03.04.27:335][  0]SourceControl: Info Source control is disabled
[2015.09.07-03.04.27:335][  0]Cmd: MAP LOAD FILE="../../../../../../Users/frederic/Documents/Unreal Projects/Brain/Content/FirstPerson/Maps/FirstPersonExampleMap.umap" TEMPLATE=0 SHOWPROGRESS=1 FEATURELEVEL=3
[2015.09.07-03.04.27:336][  0]LightingResults: New page: Lighting Build
[2015.09.07-03.04.27:351][  0]MapCheck: New page: Map Check
[2015.09.07-03.04.27:351][  0]LightingResults: New page: Lighting Build
[2015.09.07-03.04.27:361][  0]LogParticles: Destroying 0 GPU particle simulations for FXSystem 0x00000000214689A0
[2015.09.07-03.04.27:996][  0]LogAIModule: Creating AISystem for world FirstPersonExampleMap
[2015.09.07-03.04.28:006][  0]LogEditorServer: Finished looking for orphan Actors (0.000 secs)
[2015.09.07-03.04.29:030][  0]Cmd: MAP CHECKDEP NOCLEARLOG
[2015.09.07-03.04.29:070][  0]MapCheck: Info Map check complete: 0 Error(s), 0 Warning(s), took 38.852ms to complete.
[2015.09.07-03.04.29:071][  0]LogFileHelpers: Loading map 'FirstPersonExampleMap' took 1.735
[2015.09.07-03.04.29:200][  0]LogCollectionManager: Loaded 0 collections in 0.001886 seconds
[2015.09.07-03.04.29:207][  0]LogContentBrowser: Native class hierarchy populated in 0.0070 seconds. Added 1798 classes and 303 folders.
[2015.09.07-03.04.29:268][  0]LogContentBrowser: Native class hierarchy updated for 'WidgetCarousel' in 0.0012 seconds. Added 0 classes and 0 folders.
[2015.09.07-03.04.29:304][  0]LogContentBrowser: Native class hierarchy updated for 'AddContentDialog' in 0.0012 seconds. Added 0 classes and 0 folders.
[2015.09.07-03.04.29:332][  0]LogContentBrowser: Native class hierarchy updated for 'SceneOutliner' in 0.0012 seconds. Added 1 classes and 2 folders.
[2015.09.07-03.04.29:372][  0]LogCrashTracker: Crashtracker disabled due to settings.
[2015.09.07-03.04.29:373][  0]LogD3D11RHI: InitD3DDevice
[2015.09.07-03.04.29:376][  0]LogUObjectGlobals:Warning: Failed to find object 'Class None.'
[2015.09.07-03.04.29:399][  0]LogLoad: Full Startup: 11.60 seconds (BP compile: 0.24 seconds)
[2015.09.07-03.04.29:467][  0]LogContentStreaming: Texture pool size is 0.000000MB
[2015.09.07-03.04.29:510][  0]LogContentStreaming: Texture pool size now 1000 MB
[2015.09.07-03.04.29:626][  0]LogRenderer: Reallocating scene render targets to support 1208x560 (Frame:2).
[2015.09.07-03.04.30:067][  6]LogAssetRegistry: Asset discovery search completed in 4.0880 seconds
[2015.09.07-03.04.31:232][124]LogD3D11RHI: InitD3DDevice
[2015.09.07-03.04.34:104][465]LogD3D11RHI: InitD3DDevice
[2015.09.07-03.04.34:129][465]LogD3D11RHI: InitD3DDevice
[2015.09.07-03.04.34:138][465]LogLinker:Warning: Asset '../../../Engine/Content/ArtTools/RenderToTexture/Macros/RenderToTextureMacros.uasset' has been saved with empty engine version. The asset will be loaded but may be incompatible.
[2015.09.07-03.04.34:218][465]LogLinker:Warning: Asset '../../../Engine/Content/ArtTools/RenderToTexture/Enums/RenderToTexture_Enum.uasset' has been saved with empty engine version. The asset will be loaded but may be incompatible.
[2015.09.07-03.04.36:288][590]LogD3D11RHI: InitD3DDevice
[2015.09.07-03.04.36:309][590]LogD3D11RHI: InitD3DDevice
[2015.09.07-03.04.39:373][863]LogRenderer: Reallocating scene render targets to support 1208x904 (Frame:1139).
[2015.09.07-03.04.49:587][801]LogActorComponent: UnregisterComponent: (/Engine/Transient.CharMoveComp) Not registered. Aborting.
[2015.09.07-03.05.08:854][626]LogD3D11RHI: InitD3DDevice
[2015.09.07-03.05.08:903][626]LogD3D11RHI: InitD3DDevice
[2015.09.07-03.05.09:833][726]LogActorComponent: UnregisterComponent: (/Engine/Transient.CharacterMovementComponent_0) Not registered. Aborting.
[2015.09.07-03.05.14:912][202]BlueprintLog: New page: Compile BrainCharacter
[2015.09.07-03.05.15:003][202]LogActorComponent: UnregisterComponent: (/Engine/Transient.CharacterMovementComponent_1) Not registered. Aborting.
[2015.09.07-03.05.15:024][202]LogParticles: Destroying 0 GPU particle simulations for FXSystem 0x0000000011D91620
[2015.09.07-03.05.15:063][202]BlueprintEditorCompileResults: Info [0057.26] Compile of BrainCharacter successful! [in 151 ms]
[2015.09.07-03.05.19:235][649]LogD3D11RHI: InitD3DDevice
[2015.09.07-03.05.19:245][649]LogSlate:Warning: Prevented a slow task dialog from being summoned while a context menu was open
[2015.09.07-03.05.20:716][795]LogActorComponent: UnregisterComponent: (/Engine/Transient.CharMoveComp) Not registered. Aborting.
[2015.09.07-03.05.27:372][439]BlueprintLog: New page: Compile BrainCharacter
[2015.09.07-03.05.27:449][439]LogActorComponent: UnregisterComponent: (/Engine/Transient.CharacterMovementComponent_2) Not registered. Aborting.
[2015.09.07-03.05.27:487][439]BlueprintEditorCompileResults: Info [0069.68] Compile of BrainCharacter successful! [in 114 ms]
[2015.09.07-03.05.32:429][951]LogD3D11RHI: InitD3DDevice
[2015.09.07-03.05.32:439][951]LogSlate:Warning: Prevented a slow task dialog from being summoned while a context menu was open
[2015.09.07-03.05.34:349][153]LogActorComponent: UnregisterComponent: (/Engine/Transient.CharMoveComp) Not registered. Aborting.
[2015.09.07-03.05.36:254][328]BlueprintLog: New page: Compile BrainCharacter
[2015.09.07-03.05.36:347][328]LogActorComponent: UnregisterComponent: (/Engine/Transient.CharacterMovementComponent_3) Not registered. Aborting.
[2015.09.07-03.05.36:386][328]BlueprintEditorCompileResults: Info [0078.58] Compile of BrainCharacter successful! [in 130 ms]
[2015.09.07-03.05.38:373][562]LogPlayLevel: PIE:  No blueprints needed recompiling
[2015.09.07-03.05.38:376][562]PIE: New page: PIE session: FirstPersonExampleMap (Sep 6, 2015, 7:05:38 PM)
[2015.09.07-03.05.38:376][562]LogPlayLevel: Creating play world package: /Game/FirstPerson/Maps/UEDPIE_0_FirstPersonExampleMap
[2015.09.07-03.05.38:396][562]LogPlayLevel: PIE: StaticDuplicateObject took: (0.018737s)
[2015.09.07-03.05.38:397][562]LogAIModule: Creating AISystem for world FirstPersonExampleMap
[2015.09.07-03.05.38:398][562]LogPlayLevel: PIE: World Init took: (0.001636s)
[2015.09.07-03.05.38:399][562]LogPlayLevel: PIE: Created PIE world by copying editor world from /Game/FirstPerson/Maps/FirstPersonExampleMap.FirstPersonExampleMap to /Game/FirstPerson/Maps/UEDPIE_0_FirstPersonExampleMap.FirstPersonExampleMap (0.022136s)
[2015.09.07-03.05.38:399][562]LogActorComponent: UnregisterComponent: (/Engine/Transient.CharMoveComp) Not registered. Aborting.
[2015.09.07-03.05.38:433][562]LogInit: XAudio2 using 'Haut-parleurs (C-Media USB Audio Device   )' : 2 channels at 44.1 kHz using 16 bits per sample (channel mask 0x3)
[2015.09.07-03.05.38:440][562]LogInit: FAudioDevice initialized.
[2015.09.07-03.05.38:496][562]LogWorld: Game class is 'BrainGameMode'
[2015.09.07-03.05.38:503][562]LogWorld: Bringing World /Game/FirstPerson/Maps/UEDPIE_0_FirstPersonExampleMap.FirstPersonExampleMap up for play (max tick rate 0) at 2015.09.06-23.05.38
[2015.09.07-03.05.38:504][562]LogActor:Warning: GameSession /Game/FirstPerson/Maps/UEDPIE_0_FirstPersonExampleMap.FirstPersonExampleMap:PersistentLevel.GameSession_0 has natively added scene component(s), but none of them were set as the actor's RootComponent - picking one arbitrarily
[2015.09.07-03.05.38:504][562]LogActor:Warning: GameNetworkManager /Game/FirstPerson/Maps/UEDPIE_0_FirstPersonExampleMap.FirstPersonExampleMap:PersistentLevel.GameNetworkManager_0 has natively added scene compo