[2015.09.07-01.54.24:621][  0]Log file open, 09/06/15 21:54:24
[2015.09.07-01.54.24:621][  0]LogInit:Display: Running engine for game: Brain
[2015.09.07-01.54.24:622][  0]LogInit:Display: RandInit(1123831212) SRandInit(1123831212).
[2015.09.07-01.54.24:622][  0]LogTaskGraph: Started task graph with 4 named threads and 7 total threads.
[2015.09.07-01.54.24:623][  0]LogStats: Stats thread started
[2015.09.07-01.54.24:623][  0]LogInit: Version: 4.8.3-2634408+++depot+UE4-Releases+4.8
[2015.09.07-01.54.24:623][  0]LogInit: API Version: 2579680
[2015.09.07-01.54.24:624][  0]LogInit: Compiled (64-bit): Jul 27 2015 16:24:33
[2015.09.07-01.54.24:624][  0]LogInit: Compiled with Visual C++: 18.00.21005.01
[2015.09.07-01.54.24:624][  0]LogInit: Build Configuration: Development
[2015.09.07-01.54.24:625][  0]LogInit: Branch Name: ++depot+UE4-Releases+4.8
[2015.09.07-01.54.24:625][  0]LogInit: Command line: 
[2015.09.07-01.54.24:625][  0]LogInit: Base directory: C:/Program Files/Epic Games/4.8/Engine/Binaries/Win64/
[2015.09.07-01.54.24:626][  0]LogInit: Rocket: 1
[2015.09.07-01.54.24:643][  0]LogInit: Using libcurl 7.41.0
[2015.09.07-01.54.24:643][  0]LogInit:  - built for x86_64-pc-win32
[2015.09.07-01.54.24:644][  0]LogInit:  - supports SSL with WinSSL
[2015.09.07-01.54.24:644][  0]LogInit:  - other features:
[2015.09.07-01.54.24:644][  0]LogInit:      CURL_VERSION_SSL
[2015.09.07-01.54.24:645][  0]LogInit:      CURL_VERSION_IPV6
[2015.09.07-01.54.24:645][  0]LogInit:      CURL_VERSION_ASYNCHDNS
[2015.09.07-01.54.24:645][  0]LogInit:      CURL_VERSION_LARGEFILE
[2015.09.07-01.54.24:645][  0]LogInit:      CURL_VERSION_IDN
[2015.09.07-01.54.24:646][  0]LogInit:  CurlRequestOptions (configurable via config and command line):
[2015.09.07-01.54.24:646][  0]LogInit:  - bVerifyPeer = true  - Libcurl will verify peer certificate
[2015.09.07-01.54.24:646][  0]LogInit:  - bUseHttpProxy = false  - Libcurl will NOT use HTTP proxy
[2015.09.07-01.54.24:646][  0]LogInit:  - bDontReuseConnections = false  - Libcurl will reuse connections
[2015.09.07-01.54.24:647][  0]LogInit:  - CertBundlePath = nullptr  - Libcurl will use whatever was configured at build time.
[2015.09.07-01.54.24:663][  0]LogOnline:Warning: No default platform service specified for OnlineSubsystem
[2015.09.07-01.54.24:698][  0]LogInit: Presizing for 0 objects not considered by GC, pre-allocating 0 bytes.
[2015.09.07-01.54.24:705][  0]LogInit: Object subsystem initialized
[2015.09.07-01.54.24:706][  0]LogConsoleResponse:Warning: Skipping Unknown console variable: 'TranslucentSortAxis = (X=0.000000,Y=-1.000000,Z=0.000000)'
[2015.09.07-01.54.24:707][  0]LogConsoleResponse:Warning:   Found in ini file 'C:/Users/frederic/Documents/Unreal Projects/Brain/Saved/Config/Windows/Engine.ini', in section '[/Script/Engine.RendererSettings]'
[2015.09.07-01.54.24:707][  0]LogConsoleResponse:Warning: Skipping Unknown console variable: 'UIScaleRule = ShortestSide'
[2015.09.07-01.54.24:707][  0]LogConsoleResponse:Warning:   Found in ini file 'C:/Users/frederic/Documents/Unreal Projects/Brain/Saved/Config/Windows/Engine.ini', in section '[/Script/Engine.RendererSettings]'
[2015.09.07-01.54.24:708][  0]LogConsoleResponse:Warning: Skipping Unknown console variable: 'UIScaleCurve = (EditorCurveData=(Keys=),ExternalCurve=None)'
[2015.09.07-01.54.24:708][  0]LogConsoleResponse:Warning:   Found in ini file 'C:/Users/frederic/Documents/Unreal Projects/Brain/Saved/Config/Windows/Engine.ini', in section '[/Script/Engine.RendererSettings]'
[2015.09.07-01.54.24:709][  0]LogInit: Selected Device Profile: [Windows]
[2015.09.07-01.54.24:709][  0]LogInit: Applying CVar settings loaded from the selected device profile: [Windows]
[2015.09.07-01.54.24:716][  0]LogInit: Computer: FREDERIC-PC
[2015.09.07-01.54.24:716][  0]LogInit: User: frederic
[2015.09.07-01.54.24:717][  0]LogInit: CPU Page size=4096, Cores=4
[2015.09.07-01.54.24:717][  0]LogInit: High frequency timer resolution =3.331250 MHz
[2015.09.07-01.54.24:717][  0]LogMemory: Memory total: Physical=15.9GB (16GB approx)
[2015.09.07-01.54.24:718][  0]LogMemory: Platform Memory Stats for Windows
[2015.09.07-01.54.24:718][  0]LogMemory: Process Physical Memory: 49.70 MB used, 49.70 MB peak
[2015.09.07-01.54.24:718][  0]LogMemory: Process Virtual Memory: 25.45 MB used, 25.45 MB peak
[2015.09.07-01.54.24:718][  0]LogMemory: Physical Memory: 6989.21 MB used, 16288.39 MB total
[2015.09.07-01.54.24:719][  0]LogMemory: Virtual Memory: 283.87 MB used, 8388608.00 MB total
[2015.09.07-01.54.24:794][  0]LogTextLocalizationManager: The requested culture ('fr_CA') has no localization data; falling back to 'en' for localization and internationalization data.
[2015.09.07-01.54.25:004][  0]LogTextLocalizationManager:Warning: Loaded localization resources contain conflicting entries for (Namespace:ContentBrowser, Key:ImportAssetToolTip):
Localization Resource: (C:/Program Files/Epic Games/4.8/Engine/Content/Localization/Editor/en/Editor.locres) Source String Hash: (-630476809) Localized String: (Import to {0}...)
Localization Resource: (C:/Program Files/Epic Games/4.8/Engine/Content/Localization/Editor/en/Editor.locres) Source String Hash: (1271782899) Localized String: (Imports an asset from file to this folder.)
[2015.09.07-01.54.25:470][  0]LogD3D11RHI: Found D3D11 adapter 0: NVIDIA GeForce GTX 970 (Feature Level 11_0)
[2015.09.07-01.54.25:470][  0]LogD3D11RHI: Adapter has 4008MB of dedicated video memory, 0MB of dedicated system memory, and 7888MB of shared system memory, 1 output[s]
[2015.09.07-01.54.25:478][  0]LogD3D11RHI: Found D3D11 adapter 1: Intel(R) HD Graphics 3000 (Feature Level 10_0)
[2015.09.07-01.54.25:479][  0]LogD3D11RHI: Adapter has 64MB of dedicated video memory, 0MB of dedicated system memory, and 1632MB of shared system memory, 0 output[s]
[2015.09.07-01.54.25:479][  0]LogD3D11RHI: Chosen D3D11 Adapter Id = 0
[2015.09.07-01.54.25:483][  0]LogD3D11RHI: InitD3DDevice
[2015.09.07-01.54.25:484][  0]LogD3D11RHI: !Direct3DDevice
[2015.09.07-01.54.25:484][  0]LogRHI: Texture pool is 1361 MB (70% of 1945 MB)
[2015.09.07-01.54.25:530][  0]LogD3D11RHI: Async texture creation enabled
[2015.09.07-01.54.25:545][  0]LogShaderCompilers:Display: Using Local Shader Compiler.
[2015.09.07-01.54.26:364][  0]LogTemp:Display: Loaded TP DesktopTargetPlatform
[2015.09.07-01.54.26:388][  0]LogTemp:Display: Loaded TP WindowsClientTargetPlatform
[2015.09.07-01.54.26:411][  0]LogTemp:Display: Loaded TP WindowsNoEditorTargetPlatform
[2015.09.07-01.54.26:434][  0]LogTemp:Display: Loaded TP WindowsServerTargetPlatform
[2015.09.07-01.54.26:460][  0]LogTemp:Display: Loaded TP WindowsTargetPlatform
[2015.09.07-01.54.26:477][  0]LogTemp:Display: Loaded TP AndroidTargetPlatform
[2015.09.07-01.54.26:494][  0]LogTemp:Display: Loaded TP Android_ASTCTargetPlatform
[2015.09.07-01.54.26:511][  0]LogTemp:Display: Loaded TP Android_ATCTargetPlatform
[2015.09.07-01.54.26:530][  0]LogTemp:Display: Loaded TP Android_DXTTargetPlatform
[2015.09.07-01.54.26:550][  0]LogTemp:Display: Loaded TP Android_ETC1TargetPlatform
[2015.09.07-01.54.26:569][  0]LogTemp:Display: Loaded TP Android_ETC2TargetPlatform
[2015.09.07-01.54.26:588][  0]LogTemp:Display: Loaded TP Android_PVRTCTargetPlatform
[2015.09.07-01.54.26:659][  0]LogTemp:Display: Loaded TP IOSTargetPlatform
[2015.09.07-01.54.26:676][  0]LogTemp:Display: Loaded TP LinuxNoEditorTargetPlatform
[2015.09.07-01.54.26:692][  0]LogTemp:Display: Loaded TP LinuxServerTargetPlatform
[2015.09.07-01.54.26:710][  0]LogTemp:Display: Loaded TP LinuxTargetPlatform
[2015.09.07-01.54.26:710][  0]LogTargetPlatformManager:Display: Building Assets For Windows
[2015.09.07-01.54.27:026][  0]LogDerivedDataCache:Display: Max Cache Size: 512 MB
[2015.09.07-01.54.27:080][  0]LogDerivedDataCache: Loaded boot cache 0.05s 61MB C:/Users/frederic/AppData/Local/UnrealEngine/4.8/DerivedDataCache/Boot.ddc.
[2015.09.07-01.54.27:081][  0]LogDerivedDataCache:Display: Loaded Boot cache: C:/Users/frederic/AppData/Local/UnrealEngine/4.8/DerivedDataCache/Boot.ddc
[2015.09.07-01.54.27:081][  0]LogDerivedDataCache: FDerivedDataBackendGraph:  Pak pak cache file ../../../../../../Users/frederic/Documents/Unreal Projects/Brain/DerivedDataCache/DDC.ddp not found, will not use a pak cache.
[2015.09.07-01.54.27:081][  0]LogDerivedDataCache: Unable to find inner node Pak for hierarchical cache Hierarchy.
[2015.09.07-01.54.27:082][  0]LogDerivedDataCache: FDerivedDataBackendGraph:  CompressedPak pak cache file ../../../../../../Users/frederic/Documents/Unreal Projects/Brain/DerivedDataCache/Compressed.ddp not found, will not use a pak cache.
[2015.09.07-01.54.27:082][  0]LogDerivedDataCache: Unable to find inner node CompressedPak for hierarchical cache Hierarchy.
[2015.09.07-01.54.27:235][  0]LogDerivedDataCache:Display: Pak cache opened for reading ../../../Engine/DerivedDataCache/Compressed.ddp.
[2015.09.07-01.54.27:247][  0]LogDerivedDataCache: Using Local data cache path C:/Users/frederic/AppData/Local/UnrealEngine/Common/DerivedDataCache: Writable
[2015.09.07-01.54.27:454][  0]LogInit: Selected Device Profile: [Windows]
[2015.09.07-01.54.27:461][  0]ImportText (ComponentSweepMultiTests): Missing closing parenthesis: (RootShapeAsset="/Engine/BasicShapes/Cube.Cube",ShapeType="TriggerCapsule",HitResult=(Time=0.50,Location=(X=-100.000015,Y=0.0,Z=100.000015),ImpactPoint=(X=-50.0,Y=0.0,Z=50.0),Normal=(X=-1.0,Y=-0.0,Z=0.0),ImpactNormal=(X=0.0,Y=0.0,Z=1.0),TraceStart=(X=-200.0,Y=0.0,Z=200.0),TraceEnd=(X=0.0,Y=0.0,Z=0.0))
[2015.09.07-01.54.27:462][  0]ImportText (LineTraceSingleByChannelTests): Missing closing parenthesis: (RootShapeAsset="/Engine/BasicShapes/Cube.Cube",HitResult=(Time=0.50,Location=(X=-100.000015,Y=0.0,Z=100.000015),ImpactPoint=(X=-50.0,Y=0.0,Z=50.0),Normal=(X=-1.0,Y=-0.0,Z=0.0),ImpactNormal=(X=0.0,Y=0.0,Z=1.0),TraceStart=(X=-200.0,Y=0.0,Z=200.0),TraceEnd=(X=0.0,Y=0.0,Z=0.0))
[2015.09.07-01.54.27:499][  0]LogMeshUtilities: No automatic mesh reduction module available
[2015.09.07-01.54.27:500][  0]LogMeshUtilities: No automatic mesh merging module available
[2015.09.07-01.54.27:901][  0]LogInit: WinSock: version 1.1 (2.2), MaxSocks=32767, MaxUdp=65467
[2015.09.07-01.54.29:094][  0]UdpMessaging: Initializing bridge on interface 0.0.0.0:0 to multicast group 230.0.0.1:6666.
[2015.09.07-01.54.29:933][  0]SourceControl: Info Source control is disabled
[2015.09.07-01.54.29:956][  0]SourceControl: Info Source control is disabled
[2015.09.07-01.54.29:976][  0]SourceControl: Info Source control is disabled
[2015.09.07-01.54.29:998][  0]SourceControl: Info Source control is disabled
[2015.09.07-01.54.30:326][  0]LogObj: 31314 objects as part of root set at end of initial load.
[2015.09.07-01.54.30:327][  0]LogUObjectAllocator: 7182784 out of 0 bytes used by permanent object pool.
[2015.09.07-01.54.30:414][  0]LogEngine: Initializing Engine...
[2015.09.07-01.54.30:417][  0]LogHMD: Can't find Oculus library dev build: is proper Runtime installed? Version: 0.6.0.0
[2015.09.07-01.54.30:422][  0]LogHMD:Warning: SteamVR failed to initialize.  Error: 110
[2015.09.07-01.54.30:581][  0]LogAIModule: Creating AISystem for world NewWorld
[2015.09.07-01.54.30:595][  0]LogInit: XAudio2 using 'Haut-parleurs (C-Media USB Audio Device   )' : 2 channels at 44.1 kHz using 16 bits per sample (channel mask 0x3)
[2015.09.07-01.54.30:620][  0]LogInit: FAudioDevice initialized.
[2015.09.07-01.54.30:649][  0]LogDerivedDataCache: Saved boot cache 0.03s 61MB C:/Users/frederic/AppData/Local/UnrealEngine/4.8/DerivedDataCache/Boot.ddc.
[2015.09.07-01.54.30:657][  0]LogInit: Texture streaming: Disabled
[2015.09.07-01.54.30:691][  0]LogAnalytics: Creating configured Analytics provider AnalyticsET
[2015.09.07-01.54.30:692][  0]LogAnalytics: [UEEditor.Rocket.Release] APIServer = http://et2.epicgames.com/ET2/. AppVersion = 4.8.3-2634408+++depot+UE4-Releases+4.8
[2015.09.07-01.54.30:692][  0]LogAnalytics: [UEEditor.Rocket.Release] SetUserId c8da8d664a36a98701fe659c10ae4ff8|70626fa7f476448fb82ad9618fbbb1ab|00e7fb16-00c3-4af4-a2a1-2cc8013aae38
[2015.09.07-01.54.30:693][  0]LogAnalytics: [UEEditor.Rocket.Release] AnalyticsET::StartSession
[2015.09.07-01.54.30:720][  0]LogInit: Transaction tracking system initialized
[2015.09.07-01.54.30:927][  0]BlueprintLog: New page: Editor Load
[2015.09.07-01.54.30:973][  0]LogAssetRegistry: FAssetRegistry took 0.0105 seconds to start up
[2015.09.07-01.54.30:974][  0]LogDirectoryWatcher:Warning: Failed to begin reading directory changes for ../../../Engine/Plugins/Experimental/CharacterAI/Content/. Error: 0
[2015.09.07-01.54.31:980][  0]LogConsoleManager:Warning: Console variable 'r.VSync' wasn't set ('GameSetting' has a lower priority than 'SystemSettingsIni')
[2015.09.07-01.54.31:980][  0]LogConsoleResponse:Display: 
[2015.09.07-01.54.32:078][  0]LogCook:Display: Done creating registry. It took  0.00s.
[2015.09.07-01.54.32:340][  0]SourceControl: Info Source control is disabled
[2015.09.07-01.54.32:341][  0]Cmd: MAP LOAD FILE="../../../../../../Users/frederic/Documents/Unreal Projects/Brain/Content/FirstPerson/Maps/FirstPersonExampleMap.umap" TEMPLATE=0 SHOWPROGRESS=1 FEATURELEVEL=3
[2015.09.07-01.54.32:342][  0]LightingResults: New page: Lighting Build
[2015.09.07-01.54.32:356][  0]MapCheck: New page: Map Check
[2015.09.07-01.54.32:357][  0]LightingResults: New page: Lighting Build
[2015.09.07-01.54.32:367][  0]LogParticles: Destroying 0 GPU particle simulations for FXSystem 0x000000001FED2200
[2015.09.07-01.54.32:999][  0]LogAIModule: Creating AISystem for world FirstPersonExampleMap
[2015.09.07-01.54.33:010][  0]LogEditorServer: Finished looking for orphan Actors (0.000 secs)
[2015.09.07-01.54.34:038][  0]Cmd: MAP CHECKDEP NOCLEARLOG
[2015.09.07-01.54.34:079][  0]MapCheck: Info Map check complete: 0 Error(s), 0 Warning(s), took 39.876ms to complete.
[2015.09.07-01.54.34:080][  0]LogFileHelpers: Loading map 'FirstPersonExampleMap' took 1.739
[2015.09.07-01.54.34:205][  0]LogCollectionManager: Loaded 0 collections in 0.001813 seconds
[2015.09.07-01.54.34:213][  0]LogContentBrowser: Native class hierarchy populated in 0.0072 seconds. Added 1798 classes and 303 folders.
[2015.09.07-01.54.34:312][  0]LogContentBrowser: Native class hierarchy updated for 'WidgetCarousel' in 0.0050 seconds. Added 0 classes and 0 folders.
[2015.09.07-01.54.34:381][  0]LogContentBrowser: Native class hierarchy updated for 'AddContentDialog' in 0.0051 seconds. Added 0 classes and 0 folders.
[2015.09.07-01.54.34:437][  0]LogContentBrowser: Native class hierarchy updated for 'SceneOutliner' in 0.0050 seconds. Added 1 classes and 2 folders.
[2015.09.07-01.54.34:495][  0]LogCrashTracker: Crashtracker disabled due to settings.
[2015.09.07-01.54.34:496][  0]LogD3D11RHI: InitD3DDevice
[2015.09.07-01.54.34:500][  0]LogUObjectGlobals:Warning: Failed to find object 'Class None.'
[2015.09.07-01.54.34:522][  0]LogLoad: Full Startup: 11.88 seconds (BP compile: 0.27 seconds)
[2015.09.07-01.54.34:580][  0]LogContentStreaming: Texture pool size is 0.000000MB
[2015.09.07-01.54.34:619][  0]LogContentStreaming: Texture pool size now 1000 MB
[2015.09.07-01.54.34:733][  0]LogRenderer: Reallocating scene render targets to support 1208x560 (Frame:2).
[2015.09.07-01.54.35:319][  7]LogAssetRegistry: Asset discovery search completed in 4.3571 seconds
[2015.09.07-01.54.36:172][ 97]LogD3D11RHI: InitD3DDevice
[2015.09.07-01.54.36:834][175]LogD3D11RHI: InitD3DDevice
[2015.09.07-01.54.36:866][175]LogD3D11RHI: InitD3DDevice
[2015.09.07-01.54.36:875][175]LogLinker:Warning: Asset '../../../Engine/Content/ArtTools/RenderToTexture/Macros/RenderToTextureMacros.uasset' has been saved with empty engine version. The asset will be loaded but may be incompatible.
[2015.09.07-01.54.36:955][175]LogLinker:Warning: Asset '../../../Engine/Content/ArtTools/RenderToTexture/Enums/RenderToTexture_Enum.uasset' has been saved with empty engine version. The asset will be loaded but may be incompatible.
[2015.09.07-01.54.38:913][285]LogD3D11RHI: InitD3DDevice
[2015.09.07-01.54.38:929][285]LogD3D11RHI: InitD3DDevice
[2015.09.07-01.54.43:375][659]LogRenderer: Reallocating scene render targets to support 1208x904 (Frame:1017).
[2015.09.07-01.55.03:244][512]LogActorComponent: Unre