[2015.09.07-02.48.36:313][  0]Log file open, 09/06/15 22:48:36
[2015.09.07-02.48.36:313][  0]LogInit:Display: Running engine for game: Brain
[2015.09.07-02.48.36:313][  0]LogInit:Display: RandInit(-928970619) SRandInit(-928970619).
[2015.09.07-02.48.36:313][  0]LogTaskGraph: Started task graph with 4 named threads and 7 total threads.
[2015.09.07-02.48.36:314][  0]LogStats: Stats thread started
[2015.09.07-02.48.36:314][  0]LogInit: Version: 4.8.3-2634408+++depot+UE4-Releases+4.8
[2015.09.07-02.48.36:314][  0]LogInit: API Version: 2579680
[2015.09.07-02.48.36:315][  0]LogInit: Compiled (64-bit): Jul 27 2015 16:24:33
[2015.09.07-02.48.36:315][  0]LogInit: Compiled with Visual C++: 18.00.21005.01
[2015.09.07-02.48.36:315][  0]LogInit: Build Configuration: Development
[2015.09.07-02.48.36:315][  0]LogInit: Branch Name: ++depot+UE4-Releases+4.8
[2015.09.07-02.48.36:316][  0]LogInit: Command line: 
[2015.09.07-02.48.36:316][  0]LogInit: Base directory: C:/Program Files/Epic Games/4.8/Engine/Binaries/Win64/
[2015.09.07-02.48.36:316][  0]LogInit: Rocket: 1
[2015.09.07-02.48.36:334][  0]LogInit: Using libcurl 7.41.0
[2015.09.07-02.48.36:334][  0]LogInit:  - built for x86_64-pc-win32
[2015.09.07-02.48.36:334][  0]LogInit:  - supports SSL with WinSSL
[2015.09.07-02.48.36:335][  0]LogInit:  - other features:
[2015.09.07-02.48.36:335][  0]LogInit:      CURL_VERSION_SSL
[2015.09.07-02.48.36:335][  0]LogInit:      CURL_VERSION_IPV6
[2015.09.07-02.48.36:335][  0]LogInit:      CURL_VERSION_ASYNCHDNS
[2015.09.07-02.48.36:336][  0]LogInit:      CURL_VERSION_LARGEFILE
[2015.09.07-02.48.36:336][  0]LogInit:      CURL_VERSION_IDN
[2015.09.07-02.48.36:336][  0]LogInit:  CurlRequestOptions (configurable via config and command line):
[2015.09.07-02.48.36:336][  0]LogInit:  - bVerifyPeer = true  - Libcurl will verify peer certificate
[2015.09.07-02.48.36:337][  0]LogInit:  - bUseHttpProxy = false  - Libcurl will NOT use HTTP proxy
[2015.09.07-02.48.36:337][  0]LogInit:  - bDontReuseConnections = false  - Libcurl will reuse connections
[2015.09.07-02.48.36:337][  0]LogInit:  - CertBundlePath = nullptr  - Libcurl will use whatever was configured at build time.
[2015.09.07-02.48.36:351][  0]LogOnline:Warning: No default platform service specified for OnlineSubsystem
[2015.09.07-02.48.36:386][  0]LogInit: Presizing for 0 objects not considered by GC, pre-allocating 0 bytes.
[2015.09.07-02.48.36:393][  0]LogInit: Object subsystem initialized
[2015.09.07-02.48.36:394][  0]LogConsoleResponse:Warning: Skipping Unknown console variable: 'TranslucentSortAxis = (X=0.000000,Y=-1.000000,Z=0.000000)'
[2015.09.07-02.48.36:395][  0]LogConsoleResponse:Warning:   Found in ini file 'C:/Users/frederic/Documents/Unreal Projects/Brain/Saved/Config/Windows/Engine.ini', in section '[/Script/Engine.RendererSettings]'
[2015.09.07-02.48.36:395][  0]LogConsoleResponse:Warning: Skipping Unknown console variable: 'UIScaleRule = ShortestSide'
[2015.09.07-02.48.36:395][  0]LogConsoleResponse:Warning:   Found in ini file 'C:/Users/frederic/Documents/Unreal Projects/Brain/Saved/Config/Windows/Engine.ini', in section '[/Script/Engine.RendererSettings]'
[2015.09.07-02.48.36:396][  0]LogConsoleResponse:Warning: Skipping Unknown console variable: 'UIScaleCurve = (EditorCurveData=(Keys=),ExternalCurve=None)'
[2015.09.07-02.48.36:396][  0]LogConsoleResponse:Warning:   Found in ini file 'C:/Users/frederic/Documents/Unreal Projects/Brain/Saved/Config/Windows/Engine.ini', in section '[/Script/Engine.RendererSettings]'
[2015.09.07-02.48.36:396][  0]LogInit: Selected Device Profile: [Windows]
[2015.09.07-02.48.36:397][  0]LogInit: Applying CVar settings loaded from the selected device profile: [Windows]
[2015.09.07-02.48.36:403][  0]LogInit: Computer: FREDERIC-PC
[2015.09.07-02.48.36:404][  0]LogInit: User: frederic
[2015.09.07-02.48.36:404][  0]LogInit: CPU Page size=4096, Cores=4
[2015.09.07-02.48.36:404][  0]LogInit: High frequency timer resolution =3.331250 MHz
[2015.09.07-02.48.36:405][  0]LogMemory: Memory total: Physical=15.9GB (16GB approx)
[2015.09.07-02.48.36:405][  0]LogMemory: Platform Memory Stats for Windows
[2015.09.07-02.48.36:405][  0]LogMemory: Process Physical Memory: 50.26 MB used, 50.26 MB peak
[2015.09.07-02.48.36:405][  0]LogMemory: Process Virtual Memory: 23.52 MB used, 23.52 MB peak
[2015.09.07-02.48.36:405][  0]LogMemory: Physical Memory: 5583.64 MB used, 16288.39 MB total
[2015.09.07-02.48.36:406][  0]LogMemory: Virtual Memory: 281.93 MB used, 8388608.00 MB total
[2015.09.07-02.48.36:476][  0]LogTextLocalizationManager: The requested culture ('fr_CA') has no localization data; falling back to 'en' for localization and internationalization data.
[2015.09.07-02.48.36:686][  0]LogTextLocalizationManager:Warning: Loaded localization resources contain conflicting entries for (Namespace:ContentBrowser, Key:ImportAssetToolTip):
Localization Resource: (C:/Program Files/Epic Games/4.8/Engine/Content/Localization/Editor/en/Editor.locres) Source String Hash: (-630476809) Localized String: (Import to {0}...)
Localization Resource: (C:/Program Files/Epic Games/4.8/Engine/Content/Localization/Editor/en/Editor.locres) Source String Hash: (1271782899) Localized String: (Imports an asset from file to this folder.)
[2015.09.07-02.48.37:146][  0]LogD3D11RHI: Found D3D11 adapter 0: NVIDIA GeForce GTX 970 (Feature Level 11_0)
[2015.09.07-02.48.37:146][  0]LogD3D11RHI: Adapter has 4008MB of dedicated video memory, 0MB of dedicated system memory, and 7888MB of shared system memory, 1 output[s]
[2015.09.07-02.48.37:153][  0]LogD3D11RHI: Found D3D11 adapter 1: Intel(R) HD Graphics 3000 (Feature Level 10_0)
[2015.09.07-02.48.37:154][  0]LogD3D11RHI: Adapter has 64MB of dedicated video memory, 0MB of dedicated system memory, and 1632MB of shared system memory, 0 output[s]
[2015.09.07-02.48.37:154][  0]LogD3D11RHI: Chosen D3D11 Adapter Id = 0
[2015.09.07-02.48.37:158][  0]LogD3D11RHI: InitD3DDevice
[2015.09.07-02.48.37:158][  0]LogD3D11RHI: !Direct3DDevice
[2015.09.07-02.48.37:159][  0]LogRHI: Texture pool is 1361 MB (70% of 1945 MB)
[2015.09.07-02.48.37:200][  0]LogD3D11RHI: Async texture creation enabled
[2015.09.07-02.48.37:215][  0]LogShaderCompilers:Display: Using Local Shader Compiler.
[2015.09.07-02.48.37:995][  0]LogTemp:Display: Loaded TP DesktopTargetPlatform
[2015.09.07-02.48.38:017][  0]LogTemp:Display: Loaded TP WindowsClientTargetPlatform
[2015.09.07-02.48.38:040][  0]LogTemp:Display: Loaded TP WindowsNoEditorTargetPlatform
[2015.09.07-02.48.38:062][  0]LogTemp:Display: Loaded TP WindowsServerTargetPlatform
[2015.09.07-02.48.38:085][  0]LogTemp:Display: Loaded TP WindowsTargetPlatform
[2015.09.07-02.48.38:103][  0]LogTemp:Display: Loaded TP AndroidTargetPlatform
[2015.09.07-02.48.38:120][  0]LogTemp:Display: Loaded TP Android_ASTCTargetPlatform
[2015.09.07-02.48.38:137][  0]LogTemp:Display: Loaded TP Android_ATCTargetPlatform
[2015.09.07-02.48.38:158][  0]LogTemp:Display: Loaded TP Android_DXTTargetPlatform
[2015.09.07-02.48.38:176][  0]LogTemp:Display: Loaded TP Android_ETC1TargetPlatform
[2015.09.07-02.48.38:196][  0]LogTemp:Display: Loaded TP Android_ETC2TargetPlatform
[2015.09.07-02.48.38:214][  0]LogTemp:Display: Loaded TP Android_PVRTCTargetPlatform
[2015.09.07-02.48.38:283][  0]LogTemp:Display: Loaded TP IOSTargetPlatform
[2015.09.07-02.48.38:298][  0]LogTemp:Display: Loaded TP LinuxNoEditorTargetPlatform
[2015.09.07-02.48.38:314][  0]LogTemp:Display: Loaded TP LinuxServerTargetPlatform
[2015.09.07-02.48.38:331][  0]LogTemp:Display: Loaded TP LinuxTargetPlatform
[2015.09.07-02.48.38:331][  0]LogTargetPlatformManager:Display: Building Assets For Windows
[2015.09.07-02.48.38:639][  0]LogDerivedDataCache:Display: Max Cache Size: 512 MB
[2015.09.07-02.48.38:691][  0]LogDerivedDataCache: Loaded boot cache 0.05s 60MB C:/Users/frederic/AppData/Local/UnrealEngine/4.8/DerivedDataCache/Boot.ddc.
[2015.09.07-02.48.38:691][  0]LogDerivedDataCache:Display: Loaded Boot cache: C:/Users/frederic/AppData/Local/UnrealEngine/4.8/DerivedDataCache/Boot.ddc
[2015.09.07-02.48.38:692][  0]LogDerivedDataCache: FDerivedDataBackendGraph:  Pak pak cache file ../../../../../../Users/frederic/Documents/Unreal Projects/Brain/DerivedDataCache/DDC.ddp not found, will not use a pak cache.
[2015.09.07-02.48.38:692][  0]LogDerivedDataCache: Unable to find inner node Pak for hierarchical cache Hierarchy.
[2015.09.07-02.48.38:692][  0]LogDerivedDataCache: FDerivedDataBackendGraph:  CompressedPak pak cache file ../../../../../../Users/frederic/Documents/Unreal Projects/Brain/DerivedDataCache/Compressed.ddp not found, will not use a pak cache.
[2015.09.07-02.48.38:693][  0]LogDerivedDataCache: Unable to find inner node CompressedPak for hierarchical cache Hierarchy.
[2015.09.07-02.48.38:840][  0]LogDerivedDataCache:Display: Pak cache opened for reading ../../../Engine/DerivedDataCache/Compressed.ddp.
[2015.09.07-02.48.38:852][  0]LogDerivedDataCache: Using Local data cache path C:/Users/frederic/AppData/Local/UnrealEngine/Common/DerivedDataCache: Writable
[2015.09.07-02.48.39:058][  0]LogInit: Selected Device Profile: [Windows]
[2015.09.07-02.48.39:065][  0]ImportText (ComponentSweepMultiTests): Missing closing parenthesis: (RootShapeAsset="/Engine/BasicShapes/Cube.Cube",ShapeType="TriggerCapsule",HitResult=(Time=0.50,Location=(X=-100.000015,Y=0.0,Z=100.000015),ImpactPoint=(X=-50.0,Y=0.0,Z=50.0),Normal=(X=-1.0,Y=-0.0,Z=0.0),ImpactNormal=(X=0.0,Y=0.0,Z=1.0),TraceStart=(X=-200.0,Y=0.0,Z=200.0),TraceEnd=(X=0.0,Y=0.0,Z=0.0))
[2015.09.07-02.48.39:066][  0]ImportText (LineTraceSingleByChannelTests): Missing closing parenthesis: (RootShapeAsset="/Engine/BasicShapes/Cube.Cube",HitResult=(Time=0.50,Location=(X=-100.000015,Y=0.0,Z=100.000015),ImpactPoint=(X=-50.0,Y=0.0,Z=50.0),Normal=(X=-1.0,Y=-0.0,Z=0.0),ImpactNormal=(X=0.0,Y=0.0,Z=1.0),TraceStart=(X=-200.0,Y=0.0,Z=200.0),TraceEnd=(X=0.0,Y=0.0,Z=0.0))
[2015.09.07-02.48.39:104][  0]LogMeshUtilities: No automatic mesh reduction module available
[2015.09.07-02.48.39:104][  0]LogMeshUtilities: No automatic mesh merging module available
[2015.09.07-02.48.39:505][  0]LogInit: WinSock: version 1.1 (2.2), MaxSocks=32767, MaxUdp=65467
[2015.09.07-02.48.40:686][  0]UdpMessaging: Initializing bridge on interface 0.0.0.0:0 to multicast group 230.0.0.1:6666.
[2015.09.07-02.48.41:265][  0]SourceControl: Info Source control is disabled
[2015.09.07-02.48.41:288][  0]SourceControl: Info Source control is disabled
[2015.09.07-02.48.41:307][  0]SourceControl: Info Source control is disabled
[2015.09.07-02.48.41:327][  0]SourceControl: Info Source control is disabled
[2015.09.07-02.48.41:644][  0]LogObj: 26559 objects as part of root set at end of initial load.
[2015.09.07-02.48.41:644][  0]LogUObjectAllocator: 5543584 out of 0 bytes used by permanent object pool.
[2015.09.07-02.48.41:732][  0]LogEngine: Initializing Engine...
[2015.09.07-02.48.41:735][  0]LogHMD: Can't find Oculus library dev build: is proper Runtime installed? Version: 0.6.0.0
[2015.09.07-02.48.41:739][  0]LogHMD:Warning: SteamVR failed to initialize.  Error: 110
[2015.09.07-02.48.41:896][  0]LogAIModule: Creating AISystem for world NewWorld
[2015.09.07-02.48.41:909][  0]LogInit: XAudio2 using 'Haut-parleurs (C-Media USB Audio Device   )' : 2 channels at 44.1 kHz using 16 bits per sample (channel mask 0x3)
[2015.09.07-02.48.41:932][  0]LogInit: FAudioDevice initialized.
[2015.09.07-02.48.41:961][  0]LogDerivedDataCache: Saved boot cache 0.03s 60MB C:/Users/frederic/AppData/Local/UnrealEngine/4.8/DerivedDataCache/Boot.ddc.
[2015.09.07-02.48.41:969][  0]LogInit: Texture streaming: Disabled
[2015.09.07-02.48.42:003][  0]LogAnalytics: Creating configured Analytics provider AnalyticsET
[2015.09.07-02.48.42:003][  0]LogAnalytics: [UEEditor.Rocket.Release] APIServer = http://et2.epicgames.com/ET2/. AppVersion = 4.8.3-2634408+++depot+UE4-Releases+4.8
[2015.09.07-02.48.42:003][  0]LogAnalytics: [UEEditor.Rocket.Release] SetUserId c8da8d664a36a98701fe659c10ae4ff8|70626fa7f476448fb82ad9618fbbb1ab|00e7fb16-00c3-4af4-a2a1-2cc8013aae38
[2015.09.07-02.48.42:004][  0]LogAnalytics: [UEEditor.Rocket.Release] AnalyticsET::StartSession
[2015.09.07-02.48.42:033][  0]LogInit: Transaction tracking system initialized
[2015.09.07-02.48.42:243][  0]BlueprintLog: New page: Editor Load
[2015.09.07-02.48.42:288][  0]LogAssetRegistry: FAssetRegistry took 0.0105 seconds to start up
[2015.09.07-02.48.42:289][  0]LogDirectoryWatcher:Warning: Failed to begin reading directory changes for ../../../Engine/Plugins/Experimental/CharacterAI/Content/. Error: 0
[2015.09.07-02.48.43:264][  0]LogConsoleManager:Warning: Console variable 'r.VSync' wasn't set ('GameSetting' has a lower priority than 'SystemSettingsIni')
[2015.09.07-02.48.43:265][  0]LogConsoleResponse:Display: 
[2015.09.07-02.48.43:361][  0]LogCook:Display: Done creating registry. It took  0.00s.
[2015.09.07-02.48.43:616][  0]SourceControl: Info Source control is disabled
[2015.09.07-02.48.43:617][  0]Cmd: MAP LOAD FILE="../../../../../../Users/frederic/Documents/Unreal Projects/Brain/Content/FirstPerson/Maps/FirstPersonExampleMap.umap" TEMPLATE=0 SHOWPROGRESS=1 FEATURELEVEL=3
[2015.09.07-02.48.43:617][  0]LightingResults: New page: Lighting Build
[2015.09.07-02.48.43:631][  0]MapCheck: New page: Map Check
[2015.09.07-02.48.43:632][  0]LightingResults: New page: Lighting Build
[2015.09.07-02.48.43:640][  0]LogParticles: Destroying 0 GPU particle simulations for FXSystem 0x000000001F45D4E0
[2015.09.07-02.48.44:576][  0]LogAIModule: Creating AISystem for world FirstPersonExampleMap
[2015.09.07-02.48.44:593][  0]LogEditorServer: Finished looking for orphan Actors (0.000 secs)
[2015.09.07-02.48.45:625][  0]Cmd: MAP CHECKDEP NOCLEARLOG
[2015.09.07-02.48.45:666][  0]MapCheck: Info Map check complete: 0 Error(s), 0 Warning(s), took 39.949ms to complete.
[2015.09.07-02.48.45:667][  0]LogFileHelpers: Loading map 'FirstPersonExampleMap' took 2.051
[2015.09.07-02.48.45:795][  0]LogCollectionManager: Loaded 0 collections in 0.001867 seconds
[2015.09.07-02.48.45:803][  0]LogContentBrowser: Native class hierarchy populated in 0.0073 seconds. Added 1798 classes and 303 folders.
[2015.09.07-02.48.45:867][  0]LogContentBrowser: Native class hierarchy updated for 'WidgetCarousel' in 0.0013 seconds. Added 0 classes and 0 folders.
[2015.09.07-02.48.45:906][  0]LogContentBrowser: Native class hierarchy updated for 'AddContentDialog' in 0.0013 seconds. Added 0 classes and 0 folders.
[2015.09.07-02.48.45:935][  0]LogContentBrowser: Native class hierarchy updated for 'SceneOutliner' in 0.0013 seconds. Added 1 classes and 2 folders.
[2015.09.07-02.48.45:979][  0]LogCrashTracker: Crashtracker disabled due to settings.
[2015.09.07-02.48.45:980][  0]LogD3D11RHI: InitD3DDevice
[2015.09.07-02.48.45:983][  0]LogUObjectGlobals:Warning: Failed to find object 'Class None.'
[2015.09.07-02.48.46:005][  0]LogLoad: Full Startup: 11.64 seconds (BP compile: 0.30 seconds)
[2015.09.07-02.48.46:075][  0]LogContentStreaming: Texture pool size is 0.000000MB
[2015.09.07-02.48.46:116][  0]LogContentStreaming: Texture pool size now 1000 MB
[2015.09.07-02.48.46:231][  0]LogRenderer: Reallocating scene render targets to support 1208x560 (Frame:2).
[2015.09.07-02.48.46:710][  6]LogAssetRegistry: Asset discovery search completed in 4.4331 seconds
[2015.09.07-02.48.47:161][ 46]LogD3D11RHI: InitD3DDevice
[2015.09.07-02.48.49:197][276]LogD3D11RHI: InitD3DDevice
[2015.09.07-02.48.49:229][276]LogD3D11RHI: InitD3DDevice
[2015.09.07-02.48.49:238][276]LogLinker:Warning: Asset '../../../Engine/Content/ArtTools/RenderToTexture/Macros/RenderToTextureMacros.uasset' has been saved with empty engine version. The asset will be loaded but may be incompatible.
[2015.09.07-02.48.49:317][276]LogLinker:Warning: Asset '../../../Engine/Content/ArtTools/RenderToTexture/Enums/RenderToTexture_Enum.uasset' has been saved with empty engine version. The asset will be loaded but may be incompatible.
[2015.09.07-02.48.58:123][145]LogD3D11RHI: InitD3DDevice
[2015.09.07-02.48.58:168][145]LogD3D11RHI: InitD3DDevice
[2015.09.07-02.48.59:649][320]LogActorComponent: UnregisterComponent: (/Engine/Transient.CharMoveComp) Not registered. Aborting.
[2015.09.07-02.48.59:649][320]LogActorComponent: UnregisterComponent: (/Engine/Transient.ProjectileComp) Not registered. Aborting.
[2015.09.07-02.48.59:650][320]LogActorComponent: UnregisterComponent: (/Engine/Transient.CharacterMovementComponent_0) Not registered. Aborting.
[2015.09.07-02.49.00:335][397]LogD3D11RHI: InitD3DDevice
[2015.09.07-02.49.03:955][827]LogEditorViewport: Clicking on Actor (LMB): FirstPersonCharacter_C (FirstPersonCharacter)
[2015.09.07-02.49.05:542][961]LogD3D11RHI: InitD3DDevice
[2015.09.07-02.49.12:473][560]LogActorComponent: UnregisterComponent: (/Engine/Transient.EditorFloorComp) Not registered. Aborting.
[2015.09.07-02.49.14:336][748]LogD3D11RHI: InitD3DDevice
[2015.09.07-02.49.14:359][748]LogD3D11RHI: InitD3DDevice
[2015.09.07-02.49.18:125][ 67]LogD3D11RHI: InitD3DDevice
[2015.09.07-02.49.19:779][242]LogActorComponent: UnregisterComponent: (/Engine/Transient.CharacterMovementComponent_1) Not registered. Aborting.
[2015.09.07-02.49.19:779][242]LogActorComponent: UnregisterComponent: (/Engine/Transient.ProjectileMovementComponent_0) Not registered. Aborting.
[2015.09.07-02.49.19:780][242]LogActorComponent: UnregisterComponent: (/Engine/Transient.CharacterMovementComponent_2) Not registered. Aborting.
[2015.09.07-02.49.20:435][301]LogD3D11RHI: InitD3DDevice
[2015.09.07-02.49.24:022][687]LogActorComponent: UnregisterComponent: (/Engine/Transient.CharacterMovementComponent_3) Not registered. Aborting.
[2015.09.07-02.49.25:466][819]BlueprintLog: New page: Compile BrainCharacter
[2015.09.07-02.49.25:561][819]LogActorComponent: UnregisterComponent: (/Engine/Transient.CharacterMovementComponent_4) Not registered. Aborting.
[2015.09.07-02.49.25:586][819]LogParticles: Destroying 0 GPU particle simulations for FXSystem 0x000000000FF88220
[2015.09.07-02.49.25:645][819]BlueprintEditorCompileResults: Info [0051.27] Compile of BrainCharacter successful! [in 177 ms]
[2015.09.07-02.49.30:328][291]LogD3D11RHI: InitD3DDevice
[2015.09.07-02.49.30:343][291]LogActorComponent: UnregisterComponent: (/Engine/Transient.CharMoveComp) Not registered. Aborting.
[2015.09.07-02.49.30:344][291]LogActorComponent: UnregisterComponent: (/Engine/Transient.ProjectileComp) Not registered. Aborting.
[2015.09.07-02.49.30:344][291]LogActorComponent: UnregisterComponent: (/Engine/Transient.CharacterMovementComponent_5) Not registered. Aborting.
[2015.09.07-02.49.32:000][291]LogSavePackage: Save=1618.038818ms
[2015.09.07-02.49.32:000][291]LogSavePackage: Moving '../../../../../../Users/frederic/Documents/Unreal Projects/Brain/Saved/FirstPersonExampleMap906334FD46887D64149CE5812DB2FB8E.tmp' to '../../../../../../Users/frederic/Documents/Unreal Projects/Brain/Content/FirstPerson/Maps/FirstPersonExampleMap.umap'
[2015.09.07-02.49.33:371][421]LogD3D11RHI: InitD3DDevice
[2015.09.07-02.49.34:292][527]LogD3D11RHI: InitD3DDevice
[2015.09.07-02.49.35:424][656]LogD3D11RHI: InitD3DDevice
[2015.09.07-02.49.35:479][656]LogSavePackage: Save=19.441650ms
[2015.09.07-02.49.35:480][656]LogSavePackage: Moving '../../../../../../Users/frederic/Documents/Unreal Projects/Brain/Saved/BrainCharacterB028B7724F25C47482B1AAA4192E8B3D.tmp' to '../../../../../../Users/frederic/Documents/Unreal Projects/Brain/Content/FirstPerson/Blueprints/BrainCharacter.uasset'
[2015.09.07-02.49.36:703][787]LogD3D11RHI: InitD3DDevice
[2015.09.07-02.49.44:354][624]LogPlayLevel: PIE:  No blueprints needed recompiling
[2015.09.07-02.49.44:357][624]PIE: New page: PIE session: FirstPersonExampleMap (Sep 6, 2015, 6:49:44 PM)
[2015.09.07-02.49.44:357][624]LogPlayLevel: Creating play world package: /Game/FirstPerson/Maps/UEDPIE_0_FirstPersonExampleMap
[2015.09.07-02.49.44:375][624]LogPlayLevel: PIE: StaticDuplicateObject took: (0.017409s)
[2015.09.07-02.49.44:377][624]LogAIModule: Creating AISystem for world FirstPersonExampleMap
[2015.09.07-02.49.44:377][624]LogPlayLevel: PIE: World Init took: (0.001547s)
[2015.09.07-02.49.44:378][624]LogPlayLevel: PIE: Created PIE world by copying editor world from /Game/FirstPerson/Maps/FirstPersonExampleMap.FirstPersonExampleMap to /Game/FirstPerson/Maps/UEDPIE_0_FirstPersonExampleMap.FirstPersonExampleMap (0.020699s)
[2015.09.07-02.49.44:378][624]LogActorComponent: UnregisterComponent: (/Engine/Transient.ProjectileComp) Not registered. Aborting.
[2015.09.07-02.49.44:379][624]LogActorComponent: UnregisterComponent: (/Engine/Transient.CharMoveComp) Not registered. Aborting.
[2015.09.07-02.49.44:379][624]LogActorComponent: UnregisterComponent: (/Engine/Transient.CharacterMovementComponent_6) Not registered. Aborting.
[2015.09.07-02.49.44:396][624]LogParticles: Destroying 0 GPU particle simulations for FXSystem 0x000000001C4F7BA0
[2015.09.07-02.49.44:418][624]LogInit: XAudio2 using 'Haut-parleurs (C-Media USB Audio Device   )' : 2 channels at 44.1 kHz using 16 bits per sample (channel mask 0x3)
[2015.09.07-02.49.44:425][624]LogInit: FAudioDevice initialized.
[2015.09.07-02.49.44:496][624]LogWorld: Game class is 'BrainGameMode'
[2015.09.07-02.49.44:504][624]LogWorld: Bringing World /Game/FirstPerson/Maps/UEDPIE_0_FirstPersonExampleMap.FirstPersonExampleMap up for play (max tick rate 0) at 2015.09.06-22.49.44
[2015.09.07-02.49.44:504][624]LogActor:Warning: GameSession /Game/FirstPerson/Maps/UEDPIE_0_FirstPersonExampleMap.FirstPersonExampleMap:PersistentLevel.GameSession_0 has natively added scene component(s), but none of them were set as the actor's RootComponent - picking one arbitrarily
[2015.09.07-02.49.44:505][624]LogActor:Warning: GameNetworkManager /Game/FirstPerson/Maps/UEDPIE_0_FirstPersonExampleMap.FirstPersonExampleMap:PersistentLevel.GameNetworkManager_0 has natively added scene component(s), but none of them were set as the actor's RootComponent - picking one arbitrarily
[2015.09.07-02.49.44:506][624]LogWorld: Bringing up level for play took: 0.007709
[2015.09.07-02.49.44:508][624]PIE: Info Play in editor start time for /Game/FirstPerson/Maps/UEDPIE_0_FirstPersonExampleMap 0.812
[2015.09.07-02.49.52:953][618]LogParticles: Destroying 0 GPU particle simulations for FXSystem 0x0000000022EC56C0
[2015.09.07-02.50.21:340][547]LogD3D11RHI: InitD3DDevice
[2015.09.07-02.50.25:710][931]LogD3D11RHI: InitD3DDevice
[2015.09.07-02.50.25:728][931]LogD3D11RHI: InitD3DDevice
[2015.09.07-02.50.35:472][655]LogActorComponent: UnregisterComponent: (/Engine/Transient.ProjectileComp) Not registered. Aborting.
[2015.09.07-02.50.35:473][655]LogActorComponent: UnregisterComponent: (/Engine/Transient.CharMoveComp) Not registered. Aborting.
[2015.09.07-02.50.35:473][655]LogActorComponent: UnregisterComponent: (/Engine/Transient.CharacterMovementComponent_7) Not registered. Aborting.
[2015.09.07-02.50.37:244][790]BlueprintLog: New page: Compile BrainCharacter
[2015.09.07-02.50.37:389][790]LogActorComponent: UnregisterComponent: (/Engine/Transient.CharacterMovementComponent_8) Not registered. Aborting.
[2015.09.07-02.50.37:407][790]LogParticles: Destroying 0 GPU particle simulations for FXSystem 0x000000003FB094E0
[2015.09.07-02.50.37:429][790]BlueprintEditorCompileResults: Info [0123.06] Compile of BrainCharacter successful! [in 184 ms]
[2015.09.07-02.50.47:273][905]LogPlayLevel: PIE:  No blueprints needed recompiling
[2015.09.07-02.50.47:273][905]PIE: New page: PIE session: FirstPersonExampleMap (Sep 6, 2015, 6:50:47 PM)
[2015.09.07-02.50.47:274][905]LogPlayLevel: Creating play world package: /Game/FirstPerson/Maps/UEDPIE_0_FirstPersonExampleMap
[2015.09.07-02.50.47:296][905]LogPlayLevel: PIE: StaticDuplicateObject took: (0.021425s)
[2015.09.07-02.50.47:297][905]LogAIModule: Creating AISystem for world FirstPersonExampleMap
[2015.09.07-02.50.47:298][905]LogPlayLevel: PIE: World Init took: (0.001900s)
[2015.09.07-02.50.47:299][905]LogPlayLevel: PIE: Created PIE world by copying editor world from /Game/FirstPerson/Maps/FirstPersonExampleMap.FirstPersonExampleMap to /Game/FirstPerson/Maps/UEDPIE_0_FirstPersonExampleMap.FirstPersonExampleMap (0.025019s)
[2015.09.07-02.50.47:299][905]LogActorComponent: UnregisterComponent: (/Engine/Transient.CharMoveComp) Not registered. Aborting.
[2015.09.07-02.50.47:336][905]LogInit: XAudio2 using 'Haut-parleurs (C-Media USB Audio Device   )' : 2 channels at 44.1 kHz using 16 bits per sample (channel mask 0x3)
[2015.09.07-02.50.47:343][905]LogInit: FAudioDevice initialized.
[2015.09.07-02.50.47:376][905]LogWorld: Game class is 'BrainGameMode'
[2015.09.07-02.50.47:383][905]LogWorld: Bringing World /Game/FirstPerson/Maps/UEDPIE_0_FirstPersonExampleMap.FirstPersonExampleMap up for play (max tick rate 0) at 2015.09.06-22.50.47
[2015.09.07-02.50.47:384][905]LogActor:Warning: GameSession /Game/FirstPerson/Maps/UEDPIE_0_FirstPersonExampleMap.FirstPersonExampleMap:PersistentLevel.GameSession_1 has natively added scene component(s), but none of them were set as the actor's RootComponent - picking one arbitrarily
[2015.09.07-02.50.47:384][905]LogActor:Warning: GameNetworkManager /Game/FirstPerson/Maps/UEDPIE_0_FirstPersonExampleMap.FirstPersonExampleMap:PersistentLevel.GameNetworkManager_1 has natively added scene component(s), but none of them were set as the actor's RootComponent - picking one arbitrarily
[2015.09.07-02.50.47:386][905]LogWorld: Bringing up level for play took: 0.007671
[2015.09.07-02.50.47:387][905]PIE: Info Play in editor start time for /Game/FirstPerson/Maps/UEDPIE_0_FirstPersonExampleMap -0.31
[2015.09.07-02.50.56:090][933]LogParticles: Destroying 0 GPU particle simulations for FXSystem 0x0000000022EC58A0
[2015.09.07-02.51.02:958][706]LogEditorViewport: Clicking on Actor (LMB): FirstPersonCharacter_C (FirstPersonCharacter)
[2015.09.07-02.51.04:412][869]Cmd: DELETE
[2015.09.07-02.51.04:412][869]Cmd: ACTOR DELETE
[2015.09.07-02.51.04:413][869]LogEditorActor: Deleted Actor: FirstPersonCharacter_C
[2015.09.07-02.51.04:445][869]LogActorComponent: UnregisterComponent: (/Engine/Transient.ProjectileComp) Not registered. Aborting.
[2015.09.07-02.51.04:446][869]LogActorComponent: UnregisterComponent: (/Engine/Transient.CharMoveComp) Not registered. Aborting.
[2015.09.07-02.51.04:446][869]LogActorComponent: UnregisterComponent: (/Engine/Transient.CharacterMovementComponent_9) Not registered. Aborting.
[2015.09.07-02.51.04:471][869]LogEditorActor: Deleted 1 Actors (0.058 secs)
[2015.09.07-02.51.06:145][ 68]LogPlayLevel: PIE:  No blueprints needed recompiling
[2015.09.07-02.51.06:146][ 68]PIE: New page: PIE session: FirstPersonExampleMap (Sep 6, 2015, 6:51:06 PM)
[2015.09.07-02.51.06:147][ 68]LogPlayLevel: Creating play world package: /Game/FirstPerson/Maps/UEDPIE_0_FirstPersonExampleMap
[2015.09.07-02.51.06:169][ 68]LogPlayLevel: PIE: StaticDuplicateObject took: (0.021865s)
[2015.09.07-02.51.06:171][ 68]LogAIModule: Creating AISystem for world FirstPersonExampleMap
[2015.09.07-02.51.06:172][ 68]LogPlayLevel: PIE: World Init took: (0.001664s)
[2015.09.07-02.51.06:172][ 68]LogPlayLevel: PIE: Created PIE world by copying editor world from /Game/FirstPerson/Maps/FirstPersonExampleMap.FirstPersonExampleMap to /Game/FirstPerson/Maps/UEDPIE_0_FirstPersonExampleMap.FirstPersonExampleMap (0.025283s)
[2015.09.07-02.51.06:207][ 68]LogInit: XAudio2 using 'Haut-parleurs (C-Media USB Audio Device   )' : 2 channels at 44.1 kHz using 16 bits per sample (channel mask 0x3)
[2015.09.07-02.51.06:212][ 68]LogInit: FAudioDevice initialized.
[2015.09.07-02.51.06:245][ 68]LogWorld: Game class is 'BrainGameMode'
[2015.09.07-02.51.06:252][ 68]LogWorld: Bringing World /Game/FirstPerson/Maps/UEDPIE_0_FirstPersonExampleMap.FirstPersonExampleMap up for play (max tick rate 0) at 2015.09.06-22.51.06
[2015.09.07-02.51.06:253][ 68]LogActor:Warning: GameSession /Game/FirstPerson/Maps/UEDPIE_0_FirstPersonExampleMap.FirstPersonExampleMap:PersistentLevel.GameSession_2 has natively added scene component(s), but none of them were set as the actor's RootComponent - picking one arbitrarily
[2015.09.07-02.51.06:254][ 68]LogActor:Warning: GameNetworkManager /Game/FirstPerson/Maps/UEDPIE_0_FirstPersonExampleMap.FirstPersonExampleMap:PersistentLevel.GameNetworkManager_2 has natively added scene component(s), but none of them were set as the actor's RootComponent - picking one arbitrarily
[2015.09.07-02.51.06:255][ 68]LogWorld: Bringing up level for play took: 0.007552
[2015.09.07-02.51.06:258][ 68]PIE: Info Play in editor start time for /Game/FirstPerson/Maps/UEDPIE_0_FirstPersonExampleMap 0.56
[2015.09.07-02.51.12:891][852]LogParticles: Destroying 0 GPU particle simulations for FXSystem 0x000000006808EAC0
[2015.09.07-02.51.16:542][263]LogRenderer: Reallocating scene render targets to support 1208x904 (Frame:30651).
[2015.09.07-02.51.28:669][439]LogActorComponent: UnregisterComponent: (/Engine/Transient.ProjectileComp) Not registered. Aborting.
[2015.09.07-02.51.28:670][439]LogActorComponent: UnregisterComponent: (/Engine/Transient.CharMoveComp) Not registered. Aborting.
[2015.09.07-02.51.28:670][439]LogActorComponent: UnregisterComponent: (/Engine/Transient.CharacterMovementComponent_10) Not registered. Aborting.
[2015.09.07-02.51.31:160][669]BlueprintLog: New page: Compile BrainCharacter
[2015.09.07-02.51.31:247][669]LogActorComponent: UnregisterComponent: (/Engine/Transient.CharacterMovementComponent_11) Not registered. Aborting.
[2015.09.07-02.51.31:285][669]BlueprintEditorCompileResults: Info [0176.91] Compile of BrainCharacter successful! [in 124 ms]
[2015.09.07-02.51.33:310][901]LogPlayLevel: PIE:  No blueprints needed recompiling
[2015.09.07-02.51.33:311][901]PIE: New page: PIE session: FirstPersonExampleMap (Sep 6, 2015, 6:51:33 PM)
[2015.09.07-02.51.33:312][901]LogPlayLevel: Creating play world package: /Game/FirstPerson/Maps/UEDPIE_0_FirstPersonExampleMap
[2015.09.07-02.51.33:332][901]LogPlayLevel: PIE: StaticDuplicateObject took: (0.020101s)
[2015.09.07-02.51.33:333][901]LogAIModule: Creating AISystem for world FirstPersonExampleMap
[2015.09.07-02.51.33:334][901]LogPlayLevel: PIE: World Init took: (0.001507s)
[2015.09.07-02.51.33:335][901]LogPlayLevel: PIE: Created PIE world by copying editor world from /Game/FirstPerson/Maps/FirstPersonExampleMap.FirstPersonExampleMap to /Game/FirstPerson/Maps/UEDPIE_0_FirstPersonExampleMap.FirstPersonExampleMap (0.023169s)
[2015.09.07-02.51.33:335][901]LogActorComponent: UnregisterComponent: (/Engine/Transient.CharMoveComp) Not registered. Aborting.
[2015.09.07-02.51.33:367][901]LogInit: XAudio2 using 'Haut-parleurs (C-Media USB Audio Device   )' : 2 channels at 44.1 kHz using 16 bits per sample (channel mask 0x3)
[2015.09.07-02.51.33:379][901]LogInit: FAudioDevice initialized.
[2015.09.07-02.51.33:421][901]LogWorld: Game class is 'BrainGameMode'
[2015.09.07-02.51.33:437][901]LogWorld: Bringing World /Game/FirstPerson/Maps/UEDPIE_0_FirstPersonExampleMap.FirstPersonExampleMap up for play (max tick rate 0) at 2015.09.06-22.51.33
[2015.09.07-02.51.33:438][901]LogActor:Warning: GameSession /Game/FirstPerson/Maps/UEDPIE_0_FirstPersonExampleMap.FirstPersonExampleMap:PersistentLevel.GameSession_3 has natively added scene component(s), but none of them were set as the actor's RootComponent - picking one arbitrarily
[2015.09.07-02.51.33:439][901]LogActor:Warning: GameNetworkManager /Game/FirstPerson/Maps/UEDPIE_0_FirstPersonExampleMap.FirstPersonExampleMap:PersistentLevel.GameNetworkManager_3 has natively added scene component(s), but none of them were set as the actor's RootComponent - picking one arbitrarily
[2015.09.07-02.51.33:441][901]LogWorld: Bringing up level for play took: 0.015683
[2015.09.07-02.51.33:447][901]PIE: Info Play in editor start time for /Game/FirstPerson/Maps/UEDPIE_0_FirstPersonExampleMap -0.251
[2015.09.07-02.51.42:851][ 17]LogParticles: Destroying 0 GPU particle simulations for FXSystem 0x000000000F8231A0
[2015.09.07-02.51.44:720][215]LogD3D11RHI: InitD3DDevice
[2015.09.07-02.51.44:744][215]LogD3D11RHI: InitD3DDevice
[2015.09.07-02.52.00:232][609]LogD3D11RHI: InitD3DDevice
[2015.09.07-02.52.03:015][831]LogD3D11RHI: InitD3DDevice
[2015.09.07-02.52.06:431][ 99]LogD3D11RHI: InitD3DDevice
[2015.09.07-02.52.06:444][ 99]LogSlate:Warning: Prevented a slow task dialog from being summoned while a context menu was open
[2015.09.07-02.52.07:952][230]LogActorComponent: UnregisterComponent: (/Engine/Transient.ProjectileComp) Not registered. Aborting.
[2015.09.07-02.52.07:952][230]LogActorComponent: UnregisterComponent: (/Engine/Transient.CharMoveComp) Not registered. Aborting.
[2015.09.07-02.52.07:953][230]LogActorComponent: UnregisterComponent: (/Engine/Transient.CharacterMovementComponent_12) Not registered. Aborting.
[2015.09.07-02.52.11:967][593]BlueprintLog: New page: Compile BrainCharacter
[2015.09.07-02.52.12:055][593]LogActorComponent: UnregisterComponent: (/Engine/Transient.CharacterMovementComponent_13) Not registered. Aborting.
[2015.09.07-02.52.12:094][593]BlueprintEditorCompileResults: Info [0217.72] Compile of BrainCharacter successful! [in 126 ms]
[2015.09.07-02.52.12:891][685]LogPlayLevel: PIE:  No blueprints needed recompiling
[2015.09.07-02.52.12:892][685]PIE: New page: PIE session: FirstPersonExampleMap (Sep 6, 2015, 6:52:12 PM)
[2015.09.07-02.52.12:893][685]LogPlayLevel: Creating play world package: /Game/FirstPerson/Maps/UEDPIE_0_FirstPersonExampleMap
[2015.09.07-02.52.12:914][685]LogPlayLevel: PIE: StaticDuplicateObject took: (0.021032s)
[2015.09.07-02.52.12:916][685]LogAIModule: Creating AISystem for world FirstPersonExampleMap
[2015.09.07-02.52.12:917][685]LogPlayLevel: PIE: World Init took: (0.001681s)
[2015.09.07-02.52.12:917][685]LogPlayLevel: PIE: Created PIE world by copying editor world from /Game/FirstPerson/Maps/FirstPersonExampleMap.FirstPersonExampleMap to /Game/FirstPerson/Maps/UEDPIE_0_FirstPersonExampleMap.FirstPersonExampleMap (0.024339s)
[2015.09.07-02.52.12:917][685]LogActorComponent: UnregisterComponent: (/Engine/Transient.CharMoveComp) Not registered. Aborting.
[2015.09.07-02.52.12:950][685]LogInit: XAudio2 using 'Haut-parleurs (C-Media USB Audio Device   )' : 2 channels at 44.1 kHz using 16 bits per sample (channel mask 0x3)
[2015.09.07-02.52.12:956][685]LogInit: FAudioDevice initialized.
[2015.09.07-02.52.13:001][685]LogWorld: Game class is 'BrainGameMode'
[2015.09.07-02.52.13:017][685]LogWorld: Bringing World /Game/FirstPerson/Maps/UEDPIE_0_FirstPersonExampleMap.FirstPersonExampleMap up for play (max tick rate 0) at 2015.09.06-22.52.13
[2015.09.07-02.52.13:018][685]LogActor:Warning: GameSession /Game/FirstPerson/Maps/UEDPIE_0_FirstPersonExampleMap.FirstPersonExampleMap:PersistentLevel.GameSession_4 has natively added scene component(s), but none of them were set as the actor's RootComponent - picking one arbitrarily
[2015.09.07-02.52.13:019][685]LogActor:Warning: GameNetworkManager /Game/FirstPerson/Maps/UEDPIE_0_FirstPersonExampleMap.FirstPersonExampleMap:PersistentLevel.GameNetworkManager_4 has natively added scene component(s), but none of them were set as the actor's RootComponent - picking one arbitrarily
[2015.09.07-02.52.13:021][685]LogWorld: Bringing up level for play took: 0.016500
[2015.09.07-02.52.13:027][685]PIE: Info Play in editor start time for /Game/FirstPerson/Maps/UEDPIE_0_FirstPersonExampleMap -0.672
[2015.09.07-02.52.31:920][935]LogParticles: Destroying 0 GPU particle simulations for FXSystem 0x000000003F9DFD80
[2015.09.07-02.52.41:139][ 24]LogPlayLevel: PIE:  No blueprints needed recompiling
[2015.09.07-02.52.41:140][ 24]PIE: New page: PIE session: FirstPersonExampleMap (Sep 6, 2015, 6:52:41 PM)
[2015.09.07-02.52.41:140][ 24]LogPlayLevel: Creating play world package: /Game/FirstPerson/Maps/UEDPIE_0_FirstPersonExampleMap
[2015.09.07-02.52.41:160][ 24]LogPlayLevel: PIE: StaticDuplicateObject took: (0.019057s)
[2015.09.07-02.52.41:161][ 24]LogAIModule: Creating AISystem for world FirstPersonExampleMap
[2015.09.07-02.52.41:163][ 24]LogPlayLevel: PIE: World Init took: (0.001849s)
[2015.09.07-02.52.41:163][ 24]LogPlayLevel: PIE: Created PIE world by copying editor world from /Game/FirstPerson/Maps/FirstPersonExampleMap.FirstPersonExampleMap to /Game/FirstPerson/Maps/UEDPIE_0_FirstPersonExampleMap.FirstPersonExampleMap (0.022810s)
[2015.09.07-02.52.41:197][ 24]LogInit: XAudio2 using 'Haut-parleurs (C-Media USB Audio Device   )' : 2 channels at 44.1 kHz using 16 bits per sample (channel mask 0x3)
[2015.09.07-02.52.41:203][ 24]LogInit: FAudioDevice initialized.
[2015.09.07-02.52.41:237][ 24]LogWorld: Game class is 'BrainGameMode'
[2015.09.07-02.52.41:244][ 24]LogWorld: Bringing World /Game/FirstPerson/Maps/UEDPIE_0_FirstPersonExampleMap.FirstPersonExampleMap up for play (max tick rate 0) at 2015.09.06-22.52.41
[2015.09.07-02.52.41:245][ 24]LogActor:Warning: GameSession /Game/FirstPerson/Maps/UEDPIE_0_FirstPersonExampleMap.FirstPersonExampleMap:PersistentLevel.GameSession_5 has natively added scene component(s), but none of them were set as the actor's RootComponent - picking one arbitrarily
[2015.09.07-02.52.41:245][ 24]LogActor:Warning: GameNetworkManager /Game/FirstPerson/Maps/UEDPIE_0_FirstPersonExampleMap.FirstPersonExampleMap:PersistentLevel.GameNetworkManager_5 has natively added scene component(s), but none of them were set as the actor's RootComponent - picking one arbitrarily
[2015.09.07-02.52.41:246][ 24]LogWorld: Bringing up level for play took: 0.006771
[2015.09.07-02.52.41:249][ 24]PIE: Info Play in editor start time for /Game/FirstPerson/Maps/UEDPIE_0_FirstPersonExampleMap -0.451
[2015.09.07-02.52.47:920][810]LogParticles: Destroying 0 GPU particle simulations for FXSystem 0x000000000F9F3920
[2015.09.07-02.52.49:020][940]LogPlayLevel: PIE:  No blueprints needed recompiling
[2015.09.07-02.52.49:021][940]PIE: New page: PIE session: FirstPersonExampleMap (Sep 6, 2015, 6:52:49 PM)
[2015.09.07-02.52.49:022][940]LogPlayLevel: Creating play world package: /Game/FirstPerson/Maps/UEDPIE_0_FirstPersonExampleMap
[2015.09.07-02.52.49:041][940]LogPlayLevel: PIE: StaticDuplicateObject took: (0.018674s)
[2015.09.07-02.52.49:042][940]LogAIModule: Creating AISystem for world FirstPersonExampleMap
[2015.09.07-02.52.49:043][940]LogPlayLevel: PIE: World Init took: (0.001607s)
[2015.09.07-02.52.49:044][940]LogPlayLevel: PIE: Created PIE world by copying editor world from /Game/FirstPerson/Maps/FirstPersonExampleMap.FirstPersonExampleMap to /Game/FirstPerson/Maps/UEDPIE_0_FirstPersonExampleMap.FirstPersonExampleMap (0.021973s)
[2015.09.07-02.52.49:079][940]LogInit: XAudio2 using 'Haut-parleurs (C-Media USB Audio Device   )' : 2 channels at 44.1 kHz using 16 bits per sample (channel mask 0x3)
[2015.09.07-02.52.49:085][940]LogInit: FAudioDevice initialized.
[2015.09.07-02.52.49:116][940]LogWorld: Game class is 'BrainGameMode'
[2015.09.07-02.52.49:123][940]LogWorld: Bringing World /Game/FirstPerson/Maps/UEDPIE_0_FirstPersonExampleMap.FirstPersonExampleMap up for play (max tick rate 0) at 2015.09.06-22.52.49
[2015.09.07-02.52.49:124][940]LogActor:Warning: GameSession /Game/FirstPerson/Maps/UEDPIE_0_FirstPersonExampleMap.FirstPersonExampleMap:PersistentLevel.GameSession_6 has natively added scene component(s), but none of them were set as the actor's RootComponent - picking one arbitrarily
[2015.09.07-02.52.49:124][940]LogActor:Warning: GameNetworkManager /Game/FirstPerson/Maps/UEDPIE_0_FirstPersonExampleMap.FirstPersonExampleMap:PersistentLevel.GameNetworkManager_6 has natively added scene component(s), but none of them were set as the actor's RootComponent - picking one arbitrarily
[2015.09.07-02.52.49:125][940]LogWorld: Bringing up level for play took: 0.006858
[2015.09.07-02.52.49:128][940]PIE: Info Play in editor start time for /Game/FirstPerson/Maps/UEDPIE_0_FirstPersonExampleMap -0.572
[2015.09.07-02.53.07:148][ 89]LogParticles: Destroying 0 GPU particle simulations for FXSystem 0x000000000F9F09A0
[2015.09.07-02.53.07:924][181]LogD3D11RHI: InitD3DDevice
[2015.09.07-02.53.09:571][181]LogSavePackage: Save=1603.675171ms
[2015.09.07-02.53.09:572][181]LogSavePackage: Moving '../../../../../../Users/frederic/Documents/Unreal Projects/Brain/Saved/FirstPersonExampleMapB3A83A5C444196DDA4CB788FE60F2006.tmp' to '../../../../../../Users/frederic/Documents/Unreal Projects/Brain/Content/FirstPerson/Maps/FirstPersonExampleMap.umap'
[2015.09.07-02.53.10:789][307]LogD3D11RHI: InitD3DDevice
[2015.09.07-02.53.11:488][387]LogD3D11RHI: InitD3DDevice
[2015.09.07-02.53.12:255][473]LogD3D11RHI: InitD3DDevice
[2015.09.07-02.53.12:309][473]LogSavePackage: Save=18.952345ms
[2015.09.07-02.53.12:310][473]LogSavePackage: Moving '../../../../../../Users/frederic/Documents/Unreal Projects/Brain/Saved/BrainCharacter042E439641CCA7AEBD06FFA8F6492CE6.tmp' to '../../../../../../Users/frederic/Documents/Unreal Projects/Brain/Content/FirstPerson/Blueprints/BrainCharacter.uasset'
[2015.09.07-02.53.34:950][184]LogPlayLevel: PIE:  No blueprints needed recompiling
[2015.09.07-02.53.34:950][184]PIE: New page: PIE session: FirstPersonExampleMap (Sep 6, 2015, 6:53:34 PM)
[2015.09.07-02.53.34:951][184]LogPlayLevel: Creating play world package: /Game/FirstPerson/Maps/UEDPIE_0_FirstPersonExampleMap
[2015.09.07-02.53.34:970][184]LogPlayLevel: PIE: StaticDuplicateObject took: (0.018469s)
[2015.09.07-02.53.34:971][184]LogAIModule: Creating AISystem for world FirstPersonExampleMap
[2015.09.07-02.53.34:972][184]LogPlayLevel: PIE: World Init took: (0.001558s)
[2015.09.07-02.53.34:973][184]LogPlayLevel: PIE: Created PIE world by copying editor world from /Game/FirstPerson/Maps/FirstPersonExampleMap.FirstPersonExampleMap to /Game/FirstPerson/Maps/UEDPIE_0_FirstPersonExampleMap.FirstPersonExampleMap (0.021686s)
[2015.09.07-02.53.34:973][184]LogActorComponent: UnregisterComponent: (/Engine/Transient.ProjectileComp) Not registered. Aborting.
[2015.09.07-02.53.34:973][184]LogActorComponent: UnregisterComponent: (/Engine/Transient.CharMoveComp) Not registered. Aborting.
[2015.09.07-02.53.34:974][184]LogActorComponent: UnregisterComponent: (/Engine/Transient.CharacterMovementComponent_14) Not registered. Aborting.
[2015.09.07-02.53.34:992][184]LogParticles: Destroying 0 GPU particle simulations for FXSystem 0x0000000069691080
[2015.09.07-02.53.35:014][184]LogInit: XAudio2 using 'Haut-parleurs (C-Media USB Audio Device   )' : 2 channels at 44.1 kHz using 16 bits per sample (channel mask 0x3)
[2015.09.07-02.53.35:021][184]LogInit: FAudioDevice initialized.
[2015.09.07-02.53.35:053][184]LogWorld: Game class is 'BrainGameMode'
[2015.09.07-02.53.35:060][184]LogWorld: Bringing World /Game/FirstPerson/Maps/UEDPIE_0_FirstPersonExampleMap.FirstPersonExampleMap up for play (max tick rate 0) at 2015.09.06-22.53.35
[2015.09.07-02.53.35:060][184]LogActor:Warning: GameSession /Game/FirstPerson/Maps/UEDPIE_0_FirstPersonExampleMap.FirstPersonExampleMap:PersistentLevel.GameSession_7 has natively added scene component(s), but none of them were set as the actor's RootComponent - picking one arbitrarily
[2015.09.07-02.53.35:061][184]LogActor:Warning: GameNetworkManager /Game/FirstPerson/Maps/UEDPIE_0_FirstPersonExampleMap.FirstPersonExampleMap:PersistentLevel.GameNetworkManager_7 has natively added scene component(s), but none of them were set as the actor's RootComponent - picking one arbitrarily
[2015.09.07-02.53.35:062][184]LogWorld: Bringing up level for play took: 0.006800
[2015.09.07-02.53.35:064][184]PIE: Info Play in editor start time for /Game/FirstPerson/Maps/UEDPIE_0_FirstPersonExampleMap -0.636
[2015.09.07-02.53.41:658][964]LogParticles: Destroying 0 GPU particle simulations for FXSystem 0x000000000F9F18A0
[2015.09.07-02.53.55:435][292]LogActorComponent: UnregisterComponent: (/Engine/Transient.ProjectileComp) Not registered. Aborting.
[2015.09.07-02.53.55:435][292]LogActorComponent: UnregisterComponent: (/Engine/Transient.CharMoveComp) Not registered. Aborting.
[2015.09.07-02.53.55:436][292]LogActorComponent: UnregisterComponent: (/Engine/Transient.CharacterMovementComponent_15) Not registered. Aborting.
[2015.09.07-02.53.57:730][503]BlueprintLog: New page: Compile BrainCharacter
[2015.09.07-02.53.57:818][503]LogActorComponent: UnregisterComponent: (/Engine/Transient.CharacterMovementComponent_16) Not registered. Aborting.
[2015.09.07-02.53.57:856][503]BlueprintEditorCompileResults: Info [0323.48] Compile of BrainCharacter successful! [in 125 ms]
[2015.09.07-02.54.00:266][788]LogPlayLevel: PIE:  No blueprints needed recompiling
[2015.09.07-02.54.00:267][788]PIE: New page: PIE session: FirstPersonExampleMap (Sep 6, 2015, 6:54:00 PM)
[2015.09.07-02.54.00:267][788]LogPlayLevel: Creating play world package: /Game/FirstPerson/Maps/UEDPIE_0_FirstPersonExampleMap
[2015.09.07-02.54.00:286][788]LogPlayLevel: PIE: StaticDuplicateObject took: (0.018628s)
[2015.09.07-02.54.00:288][788]LogAIModule: Creating AISystem for world FirstPersonExampleMap
[2015.09.07-02.54.00:289][788]LogPlayLevel: PIE: World Init took: (0.001771s)
[2015.09.07-02.54.00:290][788]LogPlayLevel: PIE: Created PIE world by copying editor world from /Game/FirstPerson/Maps/FirstPersonExampleMap.FirstPersonExampleMap to /Game/FirstPerson/Maps/UEDPIE_0_FirstPersonExampleMap.FirstPersonExampleMap (0.022175s)
[2015.09.07-02.54.00:290][788]LogActorComponent: UnregisterComponent: (/Engine/Transient.CharMoveComp) Not registered. Aborting.
[2015.09.07-02.54.00:324][788]LogInit: XAudio2 using 'Haut-parleurs (C-Media USB Audio Device   )' : 2 channels at 44.1 kHz using 16 bits per sample (channel mask 0x3)
[2015.09.07-02.54.00:330][788]LogInit: FAudioDevice initialized.
[2015.09.07-02.54.00:363][788]LogWorld: Game class is 'BrainGameMode'
[2015.09.07-02.54.00:370][788]LogWorld: Bringing World /Game/FirstPerson/Maps/UEDPIE_0_FirstPersonExampleMap.FirstPersonExampleMap up for play (max tick rate 0) at 2015.09.06-22.54.00
[2015.09.07-02.54.00:370][788]LogActor:Warning: GameSession /Game/FirstPerson/Maps/UEDPIE_0_FirstPersonExampleMap.FirstPersonExampleMap:PersistentLevel.GameSession_8 has natively added scene component(s), but none of them were set as the actor's RootComponent - picking one arbitrarily
[2015.09.07-02.54.00:371][788]LogActor:Warning: GameNetworkManager /Game/FirstPerson/Maps/UEDPIE_0_FirstPersonExampleMap.FirstPersonExampleMap:PersistentLevel.GameNetworkManager_8 has natively added scene component(s), but none of them were set as the actor's RootComponent - picking one arbitrarily
[2015.09.07-02.54.00:372][788]LogWorld: Bringing up level for play took: 0.006877
[2015.09.07-02.54.00:375][788]PIE: Info Play in editor start time for /Game/FirstPerson/Maps/UEDPIE_0_FirstPersonExampleMap 0.673
[2015.09.07-02.54.30:612][376]LogParticles: Destroying 0 GPU particle simulations for FXSystem 0x00000000107071A0
[2015.09.07-02.54.39:282][695]LogD3D11RHI: InitD3DDevice
[2015.09.07-02.54.42:169][696]Cmd: QUIT_EDITOR
[2015.09.07-02.54.42:491][696]LogExit: Preparing to exit.
[2015.09.07-02.54.42:838][696]LogExit: Editor shut down
[2015.09.07-02.54.42:838][696]LogExit: Transaction tracking system shut down
[2015.09.07-02.54.42:840][696]LogParticles: Destroying 0 GPU particle simulations for FXSystem 0x000000000E1D6840
[2015.09.07-02.54.42:840][696]LogParticles: Destroying 0 GPU particle simulations for FXSystem 0x00000000100F79C0
[2015.09.07-02.54.42:841][696]LogParticles: Destroying 0 GPU particle simulations for FXSystem 0x000000000C47BEC0
[2015.09.07-02.54.42:843][696]LogParticles: Destroying 0 GPU particle simulations for FXSystem 0x0000000067FA37E0
[2015.09.07-02.54.42:844][696]LogParticles: Destroying 0 GPU particle simulations for FXSystem 0x000000001CE55C60
[2015.09.07-02.54.43:057][696]LogParticles: Destroying 0 GPU particle simulations for FXSystem 0x000000002F672A20
[2015.09.07-02.54.43:058][696]LogExit: Object subsystem successfully closed.
[2015.09.07-02.54.43:075][696]LogD3D11RHI: Shutdown
[2015.09.07-02.54.43:075][696]LogD3D11RHI: CleanupD3DDevice
[2015.09.07-02.54.44:099][696]LogD3D11RHI: ~FD3D11DynamicRHI
[2015.09.07-02.54.44:114][696]LogModuleManager: Shutting down and abandoning module CrashTracker (189)
[2015.09.07-02.54.44:114][696]LogModuleManager: Shutting down and abandoning module SceneOutliner (188)
[2015.09.07-02.54.44:115][696]LogModuleManager: Shutting down and abandoning module SuperSearch (187)
[2015.09.07-02.54.44:115][696]LogModuleManager: Shutting down and abandoning module WidgetCarousel (186)
[2015.09.07-02.54.44:115][696]LogModuleManager: Shutting down and abandoning module AddContentDialog (185)
[2015.09.07-02.54.44:116][696]LogModuleManager: Shutting down and abandoning module EditorWidgets (184)
[2015.09.07-02.54.44:116][696]LogModuleManager: Shutting down and abandoning module CollectionManager (183)
[2015.09.07-02.54.44:117][696]LogModuleManager: Shutting down and abandoning module StatsViewer (182)
[2015.09.07-02.54.44:117][696]LogModuleManager: Shutting down and abandoning module FoliageEdit (181)
[2015.09.07-02.54.44:117][696]LogModuleManager: Shutting down and abandoning module LandscapeEditor (180)
[2015.09.07-02.54.44:118][696]LogModuleManager: Shutting down and abandoning module ActorPickerMode (179)
[2015.09.07-02.54.44:118][696]LogModuleManager: Shutting down and abandoning module GeometryMode (178)
[2015.09.07-02.54.44:118][696]LogModuleManager: Shutting down and abandoning module TextureAlignMode (177)
[2015.09.07-02.54.44:118][696]LogModuleManager: Shutting down and abandoning module BspMode (176)
[2015.09.07-02.54.44:119][696]LogModuleManager: Shutting down and abandoning module PlacementMode (175)
[2015.09.07-02.54.44:119][696]LogModuleManager: Shutting down and abandoning module AutomationWorker (174)
[2015.09.07-02.54.44:119][696]LogModuleManager: Shutting down and abandoning module CharacterAI (173)
[2015.09.07-02.54.44:119][696]LogModuleManager: Shutting down and abandoning module SmartSnapping (172)
[2015.09.07-02.54.44:120][696]LogModuleManager: Shutting down and abandoning module ViewportSnapping (171)
[2015.09.07-02.54.44:120][696]LogModuleManager: Shutting down and abandoning module LogVisualizer (170)
[2015.09.07-02.54.44:120][696]LogModuleManager: Shutting down and abandoning module GameProjectGeneration (169)
[2015.09.07-02.54.44:120][696]LogModuleManager: Shutting down and abandoning module IntroTutorials (168)
[2015.09.07-02.54.44:121][696]LogModuleManager: Shutting down and abandoning module EditorLiveStreaming (167)
[2015.09.07-02.54.44:121][696]LogModuleManager: Shutting down and abandoning module IOSPlatformEditor (166)
[2015.09.07-02.54.44:121][696]LogModuleManager: Shutting down and abandoning module HTML5PlatformEditor (165)
[2015.09.07-02.54.44:121][696]LogModuleManager: Shutting down and abandoning module AndroidDeviceDetection (164)
[2015.09.07-02.54.45:025][696]LogModuleManager: Shutting down and abandoning module AndroidPlatformEditor (163)
[2015.09.07-02.54.45:026][696]LogModuleManager: Shutting down and abandoning module IOSRuntimeSettings (162)
[2015.09.07-02.54.45:027][696]LogModuleManager: Shutting down and abandoning module AndroidRuntimeSettings (161)
[2015.09.07-02.54.45:028][696]LogModuleManager: Shutting down and abandoning module MergeActors (160)
[2015.09.07-02.54.45:028][696]LogModuleManager: Shutting down and abandoning module SizeMap (159)
[2015.09.07-02.54.45:029][696]LogModuleManager: Shutting down and abandoning module TreeMap (158)
[2015.09.07-02.54.45:030][696]LogModuleManager: Shutting down and abandoning module ReferenceViewer (157)
[2015.09.07-02.54.45:030][696]LogModuleManager: Shutting down and abandoning module LocalizationDashboard (156)
[2015.09.07-02.54.45:031][696]LogModuleManager: Shutting down and abandoning module HardwareTargeting (155)
[2015.09.07-02.54.45:031][696]LogModuleManager: Shutting down and abandoning module DeviceProfileEditor (154)
[2015.09.07-02.54.45:032][696]LogModuleManager: Shutting down and abandoning module UndoHistory (153)
[2015.09.07-02.54.45:032][696]LogModuleManager: Shutting down and abandoning module GameplayTagsEditor (152)
[2015.09.07-02.54.45:033][696]LogModuleManager: Shutting down and abandoning module UserFeedback (151)
[2015.09.07-02.54.45:033][696]LogModuleManager: Shutting down and abandoning module XmlParser (150)
[2015.09.07-02.54.45:034][696]LogModuleManager: Shutting down and abandoning module Blutility (149)
[2015.09.07-02.54.45:034][696]LogModuleManager: Shutting down and abandoning module ProjectTargetPlatformEditor (148)
[2015.09.07-02.54.45:035][696]LogModuleManager: Shutting down and abandoning module ProjectSettingsViewer (147)
[2015.09.07-02.54.45:036][696]LogModuleManager: Shutting down and abandoning module InputBindingEditor (146)
[2015.09.07-02.54.45:036][696]LogModuleManager: Shutting down and abandoning module EditorSettingsViewer (145)
[2015.09.07-02.54.45:037][696]LogModuleManager: Shutting down and abandoning module SettingsEditor (144)
[2015.09.07-02.54.45:038][696]LogModuleManager: Shutting down and abandoning module ProjectLauncher (143)
[2015.09.07-02.54.45:038][696]LogModuleManager: Shutting down and abandoning module SessionFrontend (142)
[2015.09.07-02.54.45:039][696]LogModuleManager: Shutting down and abandoning module ProfilerClient (141)
[2015.09.07-02.54.45:039][696]LogModuleManager: Shutting down and abandoning module TargetDeviceServices (140)
[2015.09.07-02.54.45:040][696]LogModuleManager: Shutting down and abandoning module DeviceManager (139)
[2015.09.07-02.54.45:040][696]LogModuleManager: Shutting down and abandoning module AutomationController (138)
[2015.09.07-02.54.45:041][696]LogModuleManager: Shutting down and abandoning module AutomationWindow (137)
[2015.09.07-02.54.45:041][696]LogModuleManager: Shutting down and abandoning module Layers (136)
[2015.09.07-02.54.45:042][696]LogModuleManager: Shutting down and abandoning module ComponentVisualizers (135)
[2015.09.07-02.54.45:043][696]LogModuleManager: Shutting down and abandoning module DetailCustomizations (134)
[2015.09.07-02.54.45:043][696]LogModuleManager: Shutting down and abandoning module PackagesDialog (133)
[2015.09.07-02.54.45:044][696]LogModuleManager: Shutting down and abandoning module AssetRegistry (132)
[2015.09.07-02.54.45:103][696]LogModuleManager: Shutting down and abandoning module Persona (131)
[2015.09.07-02.54.45:104][696]LogModuleManager: Shutting down and abandoning module Kismet (130)
[2015.09.07-02.54.45:105][696]LogModuleManager: Shutting down and abandoning module GraphEditor (129)
[2015.09.07-02.54.45:106][696]LogModuleManager: Shutting down and abandoning module ClassViewer (128)
[2015.09.07-02.54.45:107][696]LogModuleManager: Shutting down and abandoning module Toolbox (127)
[2015.09.07-02.54.45:108][696]LogModuleManager: Shutting down and abandoning module ModuleUI (126)
[2015.09.07-02.54.45:108][696]LogModuleManager: Shutting down and abandoning module MovieSceneTools (125)
[2015.09.07-02.54.45:108][696]LogModuleManager: Shutting down and abandoning module OutputLog (124)
[2015.09.07-02.54.45:109][696]LogModuleManager: Shutting down and abandoning module GammaUI (123)
[2015.09.07-02.54.45:109][696]LogModuleManager: Shutting down and abandoning module Documentation (122)
[2015.09.07-02.54.45:109][696]LogModuleManager: Shutting down and abandoning module GameLiveStreaming (121)
[2015.09.07-02.54.45:109][696]LogModuleManager: Shutting down and abandoning module StreamingPauseRendering (120)
[2015.09.07-02.54.45:110][696]LogModuleManager: Shutting down and abandoning module AnalyticsET (119)
[2015.09.07-02.54.45:110][696]LogModuleManager: Shutting down and abandoning module Analytics (118)
[2015.09.07-02.54.45:110][696]LogModuleManager: Shutting down and abandoning module AITestSuite (117)
[2015.09.07-02.54.45:110][696]LogModuleManager: Shutting down and abandoning module GameplayDebugger (116)
[2015.09.07-02.54.45:110][696]LogModuleManager: Shutting down and abandoning module AIModule (115)
[2015.09.07-02.54.45:111][696]LogModuleManager: Shutting down and abandoning module ProfilerService (114)
[2015.09.07-02.54.45:249][696]LogModuleManager: Shutting down and abandoning module TaskGraph (113)
[2015.09.07-02.54.45:250][696]LogModuleManager: Shutting down and abandoning module SlateRemote (112)
[2015.09.07-02.54.45:251][696]LogModuleManager: Shutting down and abandoning module SteamVRController (111)
[2015.09.07-02.54.45:252][696]LogModuleManager: Shutting down and abandoning module SteamVR (110)
[2015.09.07-02.54.45:253][696]LogModuleManager: Shutting down and abandoning module ProceduralMeshComponent (109)
[2015.09.07-02.54.45:253][696]LogModuleManager: Shutting down and abandoning module OculusRift (108)
[2015.09.07-02.54.45:254][696]LogModuleManager: Shutting down and abandoning module LeapMotionController (107)
[2015.09.07-02.54.45:273][696]LogModuleManager: Shutting down and abandoning module CustomMeshComponent (106)
[2015.09.07-02.54.45:275][696]LogModuleManager: Shutting down and abandoning module CableComponent (105)
[2015.09.07-02.54.45:275][696]LogModuleManager: Shutting down and abandoning module MessagingDebugger (104)
[2015.09.07-02.54.45:276][696]LogModuleManager: Shutting down and abandoning module MediaPlayerEditor (103)
[2015.09.07-02.54.45:277][696]LogModuleManager: Shutting down and abandoning module SpeedTreeImporter (102)
[2015.09.07-02.54.45:277][696]LogModuleManager: Shutting down and abandoning module PluginBrowser (101)
[2015.09.07-02.54.45:278][696]LogModuleManager: Shutting down and abandoning module EpicSurvey (100)
[2015.09.07-02.54.45:278][696]LogModuleManager: Shutting down and abandoning module DesktopPlatform (99)
[2015.09.07-02.54.45:279][696]LogModuleManager: Shutting down and abandoning module VisualStudioSourceCodeAccess (98)
[2015.09.07-02.54.45:279][696]LogModuleManager: Shutting down and abandoning module UObjectPlugin (97)
[2015.09.07-02.54.45:280][696]LogModuleManager: Shutting down and abandoning module SubversionSourceControl (96)
[2015.09.07-02.54.45:281][696]LogModuleManager: Shutting down and abandoning module PerforceSourceControl (95)
[2015.09.07-02.54.45:281][696]LogModuleManager: Shutting down and abandoning module SourceControl (94)
[2015.09.07-02.54.45:282][696]LogModuleManager: Shutting down and abandoning module GitSourceControl (93)
[2015.09.07-02.54.45:283][696]LogModuleManager: Shutting down and abandoning module BlankPlugin (92)
[2015.09.07-02.54.45:283][696]LogModuleManager: Shutting down and abandoning module PaperTiledImporter (91)
[2015.09.07-02.54.45:284][696]LogModuleManager: Shutting down and abandoning module PaperSpriteSheetImporter (90)
[2015.09.07-02.54.45:284][696]LogModuleManager: Shutting down and abandoning module MeshPaint (89)
[2015.09.07-02.54.45:285][696]LogModuleManager: Shutting down and abandoning module SlateReflector (88)
[2015.09.07-02.54.45:285][696]LogModuleManager: Shutting down and abandoning module DirectoryWatcher (87)
[2015.09.07-02.54.45:287][696]LogModuleManager: Shutting down and abandoning module HotReload (86)
[2015.09.07-02.54.45:287][696]LogModuleManager: Shutting down and abandoning module MainFrame (85)
[2015.09.07-02.54.45:287][696]LogModuleManager: Shutting down and abandoning module LevelEditor (84)
[2015.09.07-02.54.45:288][696]LogModuleManager: Shutting down and abandoning module ContentBrowser (83)
[2015.09.07-02.54.45:289][696]LogModuleManager: Shutting down and abandoning module Paper2DEditor (82)
[2015.09.07-02.54.45:289][696]LogModuleManager: Shutting down and abandoning module Brain (81)
[2015.09.07-02.54.45:289][696]LogModuleManager: Shutting down and abandoning module UdpMessaging (80)
[2015.09.07-02.54.45:390][696]LogModuleManager: Shutting down and abandoning module Paper2D (79)
[2015.09.07-02.54.45:391][696]LogModuleManager: Shutting down and abandoning module WindowsMoviePlayer (78)
[2015.09.07-02.54.45:396][696]LogModuleManager: Shutting down and abandoning module Media (77)
[2015.09.07-02.54.45:397][696]LogModuleManager: Shutting down and abandoning module WmfMedia (76)
[2015.09.07-02.54.45:399][696]LogModuleManager: Shutting down and abandoning module OnlineBlueprintSupport (75)
[2015.09.07-02.54.45:401][696]LogModuleManager: Shutting down and abandoning module PropertyEditor (74)
[2015.09.07-02.54.45:401][696]LogModuleManager: Shutting down and abandoning module BehaviorTreeEditor (73)
[2015.09.07-02.54.45:402][696]LogModuleManager: Shutting down and abandoning module FunctionalTesting (72)
[2015.09.07-02.54.45:403][696]LogModuleManager: Shutting down and abandoning module CollisionAnalyzer (71)
[2015.09.07-02.54.45:403][696]LogModuleManager: Shutting down and abandoning module WorkspaceMenuStructure (70)
[2015.09.07-02.54.45:404][696]LogModuleManager: Shutting down and abandoning module MessageLog (69)
[2015.09.07-02.54.45:404][696]LogModuleManager: Shutting down and abandoning module Sequencer (68)
[2015.09.07-02.54.45:405][696]LogModuleManager: Shutting down and abandoning module AssetTools (67)
[2015.09.07-02.54.45:406][696]LogModuleManager: Shutting down and abandoning module UMGEditor (66)
[2015.09.07-02.54.45:406][696]LogModuleManager: Shutting down and abandoning module UMG (65)
[2015.09.07-02.54.45:407][696]LogModuleManager: Shutting down and abandoning module Slate (64)
[2015.09.07-02.54.45:407][696]LogModuleManager: Shutting down and abandoning module EditorStyle (63)
[2015.09.07-02.54.45:409][696]LogModuleManager: Shutting down and abandoning module SessionServices (62)
[2015.09.07-02.54.45:410][696]LogModuleManager: Shutting down and abandoning module SourceCodeAccess (61)
[2015.09.07-02.54.45:410][696]LogModuleManager: Shutting down and abandoning module HeadMountedDisplay (60)
[2015.09.07-02.54.45:410][696]LogModuleManager: Shutting down and abandoning module XAudio2 (59)
[2015.09.07-02.54.45:410][696]LogModuleManager: Shutting down and abandoning module Networking (57)
[2015.09.07-02.54.45:410][696]LogModuleManager: Shutting down and abandoning module Core (56)
[2015.09.07-02.54.45:411][696]LogModuleManager: Shutting down and abandoning module KismetCompiler (55)
[2015.09.07-02.54.45:411][696]LogModuleManager: Shutting down and abandoning module PhysXFormats (54)
[2015.09.07-02.54.45:411][696]LogModuleManager: Shutting down and abandoning module MeshUtilities (53)
[2015.09.07-02.54.45:411][696]LogModuleManager: Shutting down and abandoning module DerivedDataCache (52)
[2015.09.07-02.54.45:444][696]LogDerivedDataCache: Shutdown
[2015.09.07-02.54.45:444][696]LogModuleManager: Shutting down and abandoning module ShaderFormatOpenGL (51)
[2015.09.07-02.54.45:444][696]LogModuleManager: Shutting down and abandoning module ShaderFormatD3D (50)
[2015.09.07-02.54.45:445][696]LogModuleManager: Shutting down and abandoning module MetalShaderFormat (49)
[2015.09.07-02.54.45:445][696]LogModuleManager: Shutting down and abandoning module TextureFormatUncompressed (48)
[2015.09.07-02.54.45:445][696]LogModuleManager: Shutting down and abandoning module TextureFormatPVR (47)
[2015.09.07-02.54.45:445][696]LogModuleManager: Shutting down and abandoning module TextureFormatIntelISPCTexComp (46)
[2015.09.07-02.54.45:446][696]LogModuleManager: Shutting down and abandoning module TextureFormatDXT (45)
[2015.09.07-02.54.45:446][696]LogModuleManager: Shutting down and abandoning module ImageWrapper (44)
[2015.09.07-02.54.45:446][696]LogModuleManager: Shutting down and abandoning module TextureFormatASTC (43)
[2015.09.07-02.54.45:446][696]LogModuleManager: Shutting down and abandoning module TextureFormatAndroid (42)
[2015.09.07-02.54.45:447][696]LogModuleManager: Shutting down and abandoning module AudioFormatOpus (41)
[2015.09.07-02.54.45:447][696]LogModuleManager: Shutting down and abandoning module AudioFormatOgg (40)
[2015.09.07-02.54.45:447][696]LogModuleManager: Shutting down and abandoning module AudioFormatADPCM (39)
[2015.09.07-02.54.45:447][696]LogModuleManager: Shutting down and abandoning module LinuxTargetPlatform (38)
[2015.09.07-02.54.45:447][696]LogModuleManager: Shutting down and abandoning module LinuxServerTargetPlatform (37)
[2015.09.07-02.54.45:448][696]LogModuleManager: Shutting down and abandoning module LinuxNoEditorTargetPlatform (36)
[2015.09.07-02.54.45:448][696]LogModuleManager: Shutting down and abandoning module Messaging (35)
[2015.09.07-02.54.45:448][696]LogModuleManager: Shutting down and abandoning module IOSTargetPlatform (34)
[2015.09.07-02.54.45:448][696]LogModuleManager: Shutting down and abandoning module HTML5TargetPlatform (33)
[2015.09.07-02.54.45:448][696]LogModuleManager: Shutting down and abandoning module Android_PVRTCTargetPlatform (32)
[2015.09.07-02.54.45:449][696]LogModuleManager: Shutting down and abandoning module Android_ETC2TargetPlatform (31)
[2015.09.07-02.54.45:449][696]LogModuleManager: Shutting down and abandoning module Android_ETC1TargetPlatform (30)
[2015.09.07-02.54.45:449][696]LogModuleManager: Shutting down and abandoning module Android_DXTTargetPlatform (29)
[2015.09.07-02.54.45:449][696]LogModuleManager: Shutting down and abandoning module Android_ATCTargetPlatform (28)
[2015.09.07-02.54.45:450][696]LogModuleManager: Shutting down and abandoning module Android_ASTCTargetPlatform (27)
[2015.09.07-02.54.45:450][696]LogModuleManager: Shutting down and abandoning module AndroidTargetPlatform (26)
[2015.09.07-02.54.45:450][696]LogModuleManager: Shutting down and abandoning module WindowsTargetPlatform (25)
[2015.09.07-02.54.45:450][696]LogModuleManager: Shutting down and abandoning module WindowsServerTargetPlatform (24)
[2015.09.07-02.54.45:450][696]LogModuleManager: Shutting down and abandoning module WindowsNoEditorTargetPlatform (23)
[2015.09.07-02.54.45:451][696]LogModuleManager: Shutting down and abandoning module WindowsClientTargetPlatform (22)
[2015.09.07-02.54.45:451][696]LogModuleManager: Shutting down and abandoning module DesktopTargetPlatform (21)
[2015.09.07-02.54.45:451][696]LogModuleManager: Shutting down and abandoning module TargetPlatform (20)
[2015.09.07-02.54.45:451][696]LogModuleManager: Shutting down and abandoning module InputCore (19)
[2015.09.07-02.54.45:451][696]LogModuleManager: Shutting down and abandoning module Settings (18)
[2015.09.07-02.54.45:452][696]LogModuleManager: Shutting down and abandoning module OnlineSubsystem (16)
[2015.09.07-02.54.45:452][696]LogModuleManager: Shutting down and abandoning module HTTP (15)
[2015.09.07-02.54.45:453][696]LogModuleManager: Shutting down and abandoning module ExampleDeviceProfileSelector (14)
[2015.09.07-02.54.45:453][696]LogModuleManager: Shutting down and abandoning module TextureCompressor (13)
[2015.09.07-02.54.45:453][696]LogModuleManager: Shutting down and abandoning module ShaderCore (12)
[2015.09.07-02.54.45:454][696]LogModuleManager: Shutting down and abandoning module Landscape (11)
[2015.09.07-02.54.45:454][696]LogModuleManager: Shutting down and abandoning module SlateRHIRenderer (10)
[2015.09.07-02.54.45:456][696]LogModuleManager: Shutting down and abandoning module OpenGLDrv (9)
[2015.09.07-02.54.45:457][696]LogModuleManager: Shutting down and abandoning module D3D11RHI (8)
[2015.09.07-02.54.45:457][696]LogModuleManager: Shutting down and abandoning module Renderer (7)
[2015.09.07-02.54.45:457][696]LogModuleManager: Shutting down and abandoning module Engine (6)
[2015.09.07-02.54.45:457][696]LogModuleManager: Shutting down and abandoning module CoreUObject (5)
[2015.09.07-02.54.45:458][696]LogModuleManager: Shutting down and abandoning module NetworkFile (4)
[2015.09.07-02.54.45:458][696]LogModuleManager: Shutting down and abandoning module StreamingFile (3)
[2015.09.07-02.54.45:458][696]LogModuleManager: Shutting down and abandoning module SandboxFile (2)
[2015.09.07-02.54.45:458][696]LogModuleManager: Shutting down and abandoning module PakFile (1)
[2015.09.07-02.54.45:461][696]LogExit: Exiting.
[2015.09.07-02.54.45:472][696]Log file closed, 09/06/15 22:54:45
