[2015.09.04-20.31.38:997][  0]Log file open, 09/04/15 16:31:38
[2015.09.04-20.31.38:997][  0]LogInit:Display: Running engine for game: Brain
[2015.09.04-20.31.38:997][  0]LogInit:Display: RandInit(639056229) SRandInit(639056230).
[2015.09.04-20.31.38:997][  0]LogTaskGraph: Started task graph with 4 named threads and 7 total threads.
[2015.09.04-20.31.38:997][  0]LogStats: Stats thread started
[2015.09.04-20.31.38:997][  0]LogInit: Version: 4.8.3-2634408+++depot+UE4-Releases+4.8
[2015.09.04-20.31.38:997][  0]LogInit: API Version: 2579680
[2015.09.04-20.31.38:997][  0]LogInit: Compiled (64-bit): Jul 27 2015 16:24:33
[2015.09.04-20.31.38:997][  0]LogInit: Compiled with Visual C++: 18.00.21005.01
[2015.09.04-20.31.38:997][  0]LogInit: Build Configuration: Development
[2015.09.04-20.31.38:997][  0]LogInit: Branch Name: ++depot+UE4-Releases+4.8
[2015.09.04-20.31.38:997][  0]LogInit: Command line: 
[2015.09.04-20.31.38:997][  0]LogInit: Base directory: C:/Program Files/Epic Games/4.8/Engine/Binaries/Win64/
[2015.09.04-20.31.38:997][  0]LogInit: Rocket: 1
[2015.09.04-20.31.39:010][  0]LogInit: Using libcurl 7.41.0
[2015.09.04-20.31.39:010][  0]LogInit:  - built for x86_64-pc-win32
[2015.09.04-20.31.39:010][  0]LogInit:  - supports SSL with WinSSL
[2015.09.04-20.31.39:010][  0]LogInit:  - other features:
[2015.09.04-20.31.39:010][  0]LogInit:      CURL_VERSION_SSL
[2015.09.04-20.31.39:010][  0]LogInit:      CURL_VERSION_IPV6
[2015.09.04-20.31.39:010][  0]LogInit:      CURL_VERSION_ASYNCHDNS
[2015.09.04-20.31.39:010][  0]LogInit:      CURL_VERSION_LARGEFILE
[2015.09.04-20.31.39:010][  0]LogInit:      CURL_VERSION_IDN
[2015.09.04-20.31.39:010][  0]LogInit:  CurlRequestOptions (configurable via config and command line):
[2015.09.04-20.31.39:010][  0]LogInit:  - bVerifyPeer = true  - Libcurl will verify peer certificate
[2015.09.04-20.31.39:010][  0]LogInit:  - bUseHttpProxy = false  - Libcurl will NOT use HTTP proxy
[2015.09.04-20.31.39:010][  0]LogInit:  - bDontReuseConnections = false  - Libcurl will reuse connections
[2015.09.04-20.31.39:010][  0]LogInit:  - CertBundlePath = nullptr  - Libcurl will use whatever was configured at build time.
[2015.09.04-20.31.39:020][  0]LogOnline:Warning: No default platform service specified for OnlineSubsystem
[2015.09.04-20.31.39:035][  0]LogInit: Presizing for 0 objects not considered by GC, pre-allocating 0 bytes.
[2015.09.04-20.31.39:043][  0]LogInit: Object subsystem initialized
[2015.09.04-20.31.39:048][  0]LogInit: Selected Device Profile: [Windows]
[2015.09.04-20.31.39:048][  0]LogInit: Applying CVar settings loaded from the selected device profile: [Windows]
[2015.09.04-20.31.39:055][  0]LogInit: Computer: FREDERIC-PC
[2015.09.04-20.31.39:055][  0]LogInit: User: frederic
[2015.09.04-20.31.39:055][  0]LogInit: CPU Page size=4096, Cores=4
[2015.09.04-20.31.39:055][  0]LogInit: High frequency timer resolution =3.331220 MHz
[2015.09.04-20.31.39:055][  0]LogMemory: Memory total: Physical=15.9GB (16GB approx)
[2015.09.04-20.31.39:055][  0]LogMemory: Platform Memory Stats for Windows
[2015.09.04-20.31.39:055][  0]LogMemory: Process Physical Memory: 50.29 MB used, 50.29 MB peak
[2015.09.04-20.31.39:055][  0]LogMemory: Process Virtual Memory: 24.50 MB used, 24.50 MB peak
[2015.09.04-20.31.39:055][  0]LogMemory: Physical Memory: 4678.12 MB used, 16288.39 MB total
[2015.09.04-20.31.39:055][  0]LogMemory: Virtual Memory: 286.59 MB used, 8388608.00 MB total
[2015.09.04-20.31.39:094][  0]LogTextLocalizationManager: The requested culture ('fr_CA') has no localization data; falling back to 'en' for localization and internationalization data.
[2015.09.04-20.31.39:322][  0]LogTextLocalizationManager:Warning: Loaded localization resources contain conflicting entries for (Namespace:ContentBrowser, Key:ImportAssetToolTip):
Localization Resource: (C:/Program Files/Epic Games/4.8/Engine/Content/Localization/Editor/en/Editor.locres) Source String Hash: (-630476809) Localized String: (Import to {0}...)
Localization Resource: (C:/Program Files/Epic Games/4.8/Engine/Content/Localization/Editor/en/Editor.locres) Source String Hash: (1271782899) Localized String: (Imports an asset from file to this folder.)
[2015.09.04-20.31.39:795][  0]LogD3D11RHI: Found D3D11 adapter 0: NVIDIA GeForce GTX 970 (Feature Level 11_0)
[2015.09.04-20.31.39:795][  0]LogD3D11RHI: Adapter has 4008MB of dedicated video memory, 0MB of dedicated system memory, and 7888MB of shared system memory, 1 output[s]
[2015.09.04-20.31.39:798][  0]LogD3D11RHI: Found D3D11 adapter 1: Intel(R) HD Graphics 3000 (Feature Level 10_0)
[2015.09.04-20.31.39:798][  0]LogD3D11RHI: Adapter has 64MB of dedicated video memory, 0MB of dedicated system memory, and 1632MB of shared system memory, 0 output[s]
[2015.09.04-20.31.39:798][  0]LogD3D11RHI: Chosen D3D11 Adapter Id = 0
[2015.09.04-20.31.39:803][  0]LogD3D11RHI: InitD3DDevice
[2015.09.04-20.31.39:803][  0]LogD3D11RHI: !Direct3DDevice
[2015.09.04-20.31.39:804][  0]LogRHI: Texture pool is 1361 MB (70% of 1945 MB)
[2015.09.04-20.31.39:814][  0]LogD3D11RHI: Async texture creation enabled
[2015.09.04-20.31.39:829][  0]LogShaderCompilers:Display: Using Local Shader Compiler.
[2015.09.04-20.31.40:890][  0]LogTemp:Display: Loaded TP DesktopTargetPlatform
[2015.09.04-20.31.40:906][  0]LogTemp:Display: Loaded TP WindowsClientTargetPlatform
[2015.09.04-20.31.40:920][  0]LogTemp:Display: Loaded TP WindowsNoEditorTargetPlatform
[2015.09.04-20.31.40:939][  0]LogTemp:Display: Loaded TP WindowsServerTargetPlatform
[2015.09.04-20.31.40:957][  0]LogTemp:Display: Loaded TP WindowsTargetPlatform
[2015.09.04-20.31.40:974][  0]LogTemp:Display: Loaded TP AndroidTargetPlatform
[2015.09.04-20.31.40:989][  0]LogTemp:Display: Loaded TP Android_ASTCTargetPlatform
[2015.09.04-20.31.41:000][  0]LogTemp:Display: Loaded TP Android_ATCTargetPlatform
[2015.09.04-20.31.41:012][  0]LogTemp:Display: Loaded TP Android_DXTTargetPlatform
[2015.09.04-20.31.41:024][  0]LogTemp:Display: Loaded TP Android_ETC1TargetPlatform
[2015.09.04-20.31.41:035][  0]LogTemp:Display: Loaded TP Android_ETC2TargetPlatform
[2015.09.04-20.31.41:047][  0]LogTemp:Display: Loaded TP Android_PVRTCTargetPlatform
[2015.09.04-20.31.41:094][  0]LogTemp:Display: Loaded TP IOSTargetPlatform
[2015.09.04-20.31.41:108][  0]LogTemp:Display: Loaded TP LinuxNoEditorTargetPlatform
[2015.09.04-20.31.41:124][  0]LogTemp:Display: Loaded TP LinuxServerTargetPlatform
[2015.09.04-20.31.41:143][  0]LogTemp:Display: Loaded TP LinuxTargetPlatform
[2015.09.04-20.31.41:143][  0]LogTargetPlatformManager:Display: Building Assets For Windows
[2015.09.04-20.31.41:398][  0]LogDerivedDataCache:Display: Max Cache Size: 512 MB
[2015.09.04-20.31.41:461][  0]LogDerivedDataCache: Loaded boot cache 0.06s 61MB C:/Users/frederic/AppData/Local/UnrealEngine/4.8/DerivedDataCache/Boot.ddc.
[2015.09.04-20.31.41:461][  0]LogDerivedDataCache:Display: Loaded Boot cache: C:/Users/frederic/AppData/Local/UnrealEngine/4.8/DerivedDataCache/Boot.ddc
[2015.09.04-20.31.41:461][  0]LogDerivedDataCache: FDerivedDataBackendGraph:  Pak pak cache file ../../../../../../Users/frederic/Documents/Unreal Projects/Brain/DerivedDataCache/DDC.ddp not found, will not use a pak cache.
[2015.09.04-20.31.41:461][  0]LogDerivedDataCache: Unable to find inner node Pak for hierarchical cache Hierarchy.
[2015.09.04-20.31.41:461][  0]LogDerivedDataCache: FDerivedDataBackendGraph:  CompressedPak pak cache file ../../../../../../Users/frederic/Documents/Unreal Projects/Brain/DerivedDataCache/Compressed.ddp not found, will not use a pak cache.
[2015.09.04-20.31.41:461][  0]LogDerivedDataCache: Unable to find inner node CompressedPak for hierarchical cache Hierarchy.
[2015.09.04-20.31.41:638][  0]LogDerivedDataCache:Display: Pak cache opened for reading ../../../Engine/DerivedDataCache/Compressed.ddp.
[2015.09.04-20.31.41:649][  0]LogDerivedDataCache: Using Local data cache path C:/Users/frederic/AppData/Local/UnrealEngine/Common/DerivedDataCache: Writable
[2015.09.04-20.31.41:910][  0]LogInit: Selected Device Profile: [Windows]
[2015.09.04-20.31.41:917][  0]ImportText (ComponentSweepMultiTests): Missing closing parenthesis: (RootShapeAsset="/Engine/BasicShapes/Cube.Cube",ShapeType="TriggerCapsule",HitResult=(Time=0.50,Location=(X=-100.000015,Y=0.0,Z=100.000015),ImpactPoint=(X=-50.0,Y=0.0,Z=50.0),Normal=(X=-1.0,Y=-0.0,Z=0.0),ImpactNormal=(X=0.0,Y=0.0,Z=1.0),TraceStart=(X=-200.0,Y=0.0,Z=200.0),TraceEnd=(X=0.0,Y=0.0,Z=0.0))
[2015.09.04-20.31.41:918][  0]ImportText (LineTraceSingleByChannelTests): Missing closing parenthesis: (RootShapeAsset="/Engine/BasicShapes/Cube.Cube",HitResult=(Time=0.50,Location=(X=-100.000015,Y=0.0,Z=100.000015),ImpactPoint=(X=-50.0,Y=0.0,Z=50.0),Normal=(X=-1.0,Y=-0.0,Z=0.0),ImpactNormal=(X=0.0,Y=0.0,Z=1.0),TraceStart=(X=-200.0,Y=0.0,Z=200.0),TraceEnd=(X=0.0,Y=0.0,Z=0.0))
[2015.09.04-20.31.41:949][  0]LogMeshUtilities: No automatic mesh reduction module available
[2015.09.04-20.31.41:949][  0]LogMeshUtilities: No automatic mesh merging module available
[2015.09.04-20.31.42:396][  0]LogInit: WinSock: version 1.1 (2.2), MaxSocks=32767, MaxUdp=65467
[2015.09.04-20.31.43:574][  0]UdpMessaging: Initializing bridge on interface 0.0.0.0:0 to multicast group 230.0.0.1:6666.
[2015.09.04-20.31.44:295][  0]SourceControl: Info Source control is disabled
[2015.09.04-20.31.44:326][  0]SourceControl: Info Source control is disabled
[2015.09.04-20.31.44:336][  0]SourceControl: Info Source control is disabled
[2015.09.04-20.31.44:347][  0]SourceControl: Info Source control is disabled
[2015.09.04-20.31.44:586][  0]LogObj: 31317 objects as part of root set at end of initial load.
[2015.09.04-20.31.44:586][  0]LogUObjectAllocator: 7178448 out of 0 bytes used by permanent object pool.
[2015.09.04-20.31.44:658][  0]LogEngine: Initializing Engine...
[2015.09.04-20.31.44:660][  0]LogHMD: Can't find Oculus library dev build: is proper Runtime installed? Version: 0.6.0.0
[2015.09.04-20.31.44:661][  0]LogHMD:Warning: SteamVR failed to initialize.  Error: 110
[2015.09.04-20.31.44:823][  0]LogAIModule: Creating AISystem for world NewWorld
[2015.09.04-20.31.44:835][  0]LogInit: XAudio2 using 'Haut-parleurs (C-Media USB Audio Device   )' : 2 channels at 44.1 kHz using 16 bits per sample (channel mask 0x3)
[2015.09.04-20.31.44:844][  0]LogInit: FAudioDevice initialized.
[2015.09.04-20.31.44:876][  0]LogDerivedDataCache: Saved boot cache 0.03s 61MB C:/Users/frederic/AppData/Local/UnrealEngine/4.8/DerivedDataCache/Boot.ddc.
[2015.09.04-20.31.44:885][  0]LogInit: Texture streaming: Disabled
[2015.09.04-20.31.44:913][  0]LogAnalytics: Creating configured Analytics provider AnalyticsET
[2015.09.04-20.31.44:913][  0]LogAnalytics: [UEEditor.Rocket.Release] APIServer = http://et2.epicgames.com/ET2/. AppVersion = 4.8.3-2634408+++depot+UE4-Releases+4.8
[2015.09.04-20.31.44:913][  0]LogAnalytics: [UEEditor.Rocket.Release] SetUserId c8da8d664a36a98701fe659c10ae4ff8|70626fa7f476448fb82ad9618fbbb1ab|00e7fb16-00c3-4af4-a2a1-2cc8013aae38
[2015.09.04-20.31.44:913][  0]LogAnalytics: [UEEditor.Rocket.Release] AnalyticsET::StartSession
[2015.09.04-20.31.44:945][  0]LogInit: Transaction tracking system initialized
[2015.09.04-20.31.45:080][  0]BlueprintLog: New page: Editor Load
[2015.09.04-20.31.45:116][  0]LogAssetRegistry: FAssetRegistry took 0.0099 seconds to start up
[2015.09.04-20.31.45:116][  0]LogDirectoryWatcher:Warning: Failed to begin reading directory changes for ../../../Engine/Plugins/Experimental/CharacterAI/Content/. Error: 0
[2015.09.04-20.31.46:790][  0]LogConsoleManager:Warning: Console variable 'r.VSync' wasn't set ('GameSetting' has a lower priority than 'SystemSettingsIni')
[2015.09.04-20.31.46:791][  0]LogConsoleResponse:Display: 
[2015.09.04-20.31.46:927][  0]LogCook:Display: Done creating registry. It took  0.00s.
[2015.09.04-20.31.47:167][  0]SourceControl: Info Source control is disabled
[2015.09.04-20.31.47:167][  0]Cmd: MAP LOAD FILE="../../../../../../Users/frederic/Documents/Unreal Projects/Brain/Content/FirstPerson/Maps/FirstPersonExampleMap.umap" TEMPLATE=0 SHOWPROGRESS=1 FEATURELEVEL=3
[2015.09.04-20.31.47:168][  0]LightingResults: New page: Lighting Build
[2015.09.04-20.31.47:182][  0]MapCheck: New page: Map Check
[2015.09.04-20.31.47:182][  0]LightingResults: New page: Lighting Build
[2015.09.04-20.31.47:198][  0]LogParticles: Destroying 0 GPU particle simulations for FXSystem 0x000000001FA3E200
[2015.09.04-20.31.48:100][  0]LogAIModule: Creating AISystem for world FirstPersonExampleMap
[2015.09.04-20.31.48:110][  0]LogEditorServer: Finished looking for orphan Actors (0.000 secs)
[2015.09.04-20.31.49:397][  0]Cmd: MAP CHECKDEP NOCLEARLOG
[2015.09.04-20.31.49:437][  0]MapCheck: Info Map check complete: 0 Error(s), 0 Warning(s), took 40.406ms to complete.
[2015.09.04-20.31.49:437][  0]LogFileHelpers: Loading map 'FirstPersonExampleMap' took 2.270
[2015.09.04-20.31.49:553][  0]LogCollectionManager: Loaded 0 collections in 0.003254 seconds
[2015.09.04-20.31.49:561][  0]LogContentBrowser: Native class hierarchy populated in 0.0078 seconds. Added 1796 classes and 303 folders.
[2015.09.04-20.31.49:608][  0]LogContentBrowser: Native class hierarchy updated for 'WidgetCarousel' in 0.0015 seconds. Added 0 classes and 0 folders.
[2015.09.04-20.31.49:639][  0]LogContentBrowser: Native class hierarchy updated for 'AddContentDialog' in 0.0011 seconds. Added 0 classes and 0 folders.
[2015.09.04-20.31.49:658][  0]LogContentBrowser: Native class hierarchy updated for 'SceneOutliner' in 0.0015 seconds. Added 1 classes and 2 folders.
[2015.09.04-20.31.49:697][  0]LogCrashTracker: Crashtracker disabled due to settings.
[2015.09.04-20.31.49:698][  0]LogD3D11RHI: InitD3DDevice
[2015.09.04-20.31.49:702][  0]LogUObjectGlobals:Warning: Failed to find object 'Class None.'
[2015.09.04-20.31.49:723][  0]LogLoad: Full Startup: 12.95 seconds (BP compile: 0.36 seconds)
[2015.09.04-20.31.49:774][  0]LogContentStreaming: Texture pool size is 0.000000MB
[2015.09.04-20.31.49:805][  0]LogContentStreaming: Texture pool size now 1000 MB
[2015.09.04-20.31.49:938][  0]LogRenderer: Reallocating scene render targets to support 1208x560 (Frame:2).
[2015.09.04-20.31.50:423][  8]LogAssetRegistry: Asset discovery search completed in 5.3176 seconds
[2015.09.04-20.31.53:810][399]LogD3D11RHI: InitD3DDevice
[2015.09.04-20.31.57:918][879]LogD3D11RHI: InitD3DDevice
[2015.09.04-20.32.01:986][342]LogD3D11RHI: InitD3DDevice
[2015.09.04-20.32.02:040][342]LogD3D11RHI: InitD3DDevice
[2015.09.04-20.32.57:372][239]LogD3D11RHI: InitD3DDevice
[2015.09.04-20.32.57:803][239]Running C:/Program Files/Epic Games/4.8/Engine/Binaries/DotNET/UnrealBuildTool.exe Brain Win64 Development -editorrecompile "C:/Users/frederic/Documents/Unreal Projects/Brain/Brain.uproject" -invalidatemakefilesonly -rocket
[2015.09.04-20.32.58:221][239]Invalidating makefiles only in this run.
[2015.09.04-20.32.58:349][239]LogD3D11RHI: InitD3DDevice
[2015.09.04-20.32.58:350][239]Recompiling Brain...
[2015.09.04-20.32.58:350][239]Launching UnrealBuildTool... [C:/Program Files/Epic Games/4.8/Engine/Binaries/DotNET/UnrealBuildTool.exe Brain -ModuleWithSuffix Brain 5934 Win64 Development -editorrecompile -canskiplink "C:/Users/frederic/Documents/Unreal Projects/Brain/Brain.uproject" -rocket  -rocket]
[2015.09.04-20.33.17:880][239]CompilerResultsLog: New page: Compilation - Sep 4, 2015, 12:33:17 PM
[2015.09.04-20.33.17:880][239]CompilerResultsLog: Info Compiling game modules for hot reload
[2015.09.04-20.33.17:880][239]CompilerResultsLog: Info Parsing headers for BrainEditor
[2015.09.04-20.33.17:880][239]CompilerResultsLog: Info Reflection code generated for BrainEditor
[2015.09.04-20.33.17:880][239]CompilerResultsLog: Info Performing 3 actions (4 in parallel)
[2015.09.04-20.33.17:880][239]CompilerResultsLog: Info Brain.generated.cpp
[2015.09.04-20.33.17:880][239]CompilerResultsLog: Info BrainPlayerController.cpp
[2015.09.04-20.33.17:880][239]CompilerResultsLog: Info [3/3] Link UE4Editor-Brain-5934.dll
[2015.09.04-20.33.17:880][239]CompilerResultsLog: Info    Cr?ation de la biblioth?que C:\Users\frederic\Documents\Unreal Projects\Brain\Intermediate/Build/Win64\UE4Editor\Development\UE4Editor-Brain-5934.lib et de l'objet C:\Users\frederic\Documents\Unreal Projects\Brain\Intermediate/Build/Win64\UE4Editor\Development\UE4Editor-Brain-5934.exp
[2015.09.04-20.33.17:880][239]CompilerResultsLog: Info -------- End Detailed Actions Stats -----------------------------------------------------------
[2015.09.04-20.33.17:880][239]CompilerResultsLog: Info Total build time: 19,35 seconds
[2015.09.04-20.33.17:880][239]LogMainFrame: MainFrame: Module compiling took 19.536 seconds
[2015.09.04-20.33.17:933][239]LogClass: Could not find existing class BrainPlayerController in package /Script/Brain for HotReload, assuming new class
[2015.09.04-20.33.17:942][239]LogContentBrowser: Native class hierarchy updated for 'Brain' in 0.0020 seconds. Added 5 classes and 2 folders.
[2015.09.04-20.33.17:944][239]Warning: HotReload successful (1 functions remapped  0 scriptstructs remapped)
[2015.09.04-20.33.17:966][239]LogContentBrowser: Native class hierarchy populated in 0.0090 seconds. Added 1798 classes and 305 folders.
[2015.09.04-20.33.17:967][239]Warning: HotReload operation took 19.6s.
[2015.09.04-20.33.17:976][239]LogD3D11RHI: InitD3DDevice
[2015.09.04-20.33.18:632][239]LogVSAccessor:Warning: Couldn't goto line number '0' in 'C:/Users/frederic/Documents/Unreal Projects/Brain/Source/Brain/BrainPlayerController.h'
[2015.09.04-20.33.18:715][239]LogVSAccessor:Warning: Couldn't goto line number '0' in 'C:/Users/frederic/Documents/Unreal Projects/Brain/Source/Brain/BrainPlayerController.cpp'
[2015.09.04-20.33.18:730][239]LogHotReload: New module detected: UE4Editor-Brain-5934.dll
[2015.09.04-20.33.18:765][240]LogHotReload: Starting Hot-Reload from IDE
[2015.09.04-20.33.18:770][240]LogD3D11RHI: InitD3DDevice
[2015.09.04-20.33.18:833][240]LogContentBrowser: Native class hierarchy updated for 'Brain' in 0.0016 seconds. Added 5 classes and 2 folders.
[2015.09.04-20.33.18:836][240]Warning: HotReload successful (0 functions remapped  0 scriptstructs remapped)
[2015.09.04-20.33.18:873][240]LogContentBrowser: Native class hierarchy populated in 0.0123 seconds. Added 1798 classes and 305 folders.
[2015.09.04-20.33.18:876][240]LogD3D11RHI: InitD3DDevice
[2015.09.04-20.33.53:745][516]LogD3D11RHI: InitD3DDevice
[2015.09.04-20.33.55:580][725]LogD3D11RHI: InitD3DDevice
[2015.09.04-20.34.14:519][974]LogD3D11RHI: InitD3DDevice
[2015.09.04-20.34.14:621][974]Running C:/Program Files/Epic Games/4.8/Engine/Binaries/DotNET/UnrealBuildTool.exe Brain Win64 Development -editorrecompile "C:/Users/frederic/Documents/Unreal Projects/Brain/Brain.uproject" -invalidatemakefilesonly -rocket
[2015.09.04-20.34.15:032][974]Invalidating makefiles only in this run.
[2015.09.04-20.34.15:142][974]LogD3D11RHI: InitD3DDevice
[2015.09.04-20.34.15:143][974]Recompiling Brain...
[2015.09.04-20.34.15:143][974]Launching UnrealBuildTool... [C:/Program Files/Epic Games/4.8/Engine/Binaries/DotNET/UnrealBuildTool.exe Brain -ModuleWithSuffix Brain 4277 Win64 Development -editorrecompile -canskiplink "C:/Users/frederic/Documents/Unreal Projects/Brain/Brain.uproject" -rocket  -rocket]
[2015.09.04-20.34.32:742][974]CompilerResultsLog: New page: Compilation - Sep 4, 2015, 12:34:32 PM
[2015.09.04-20.34.32:742][974]CompilerResultsLog: Info Compiling game modules for hot reload
[2015.09.04-20.34.32:742][974]CompilerResultsLog: Info Parsing headers for BrainEditor
[2015.09.04-20.34.32:742][974]CompilerResultsLog: Info Reflection code generated for BrainEditor
[2015.09.04-20.34.32:742][974]CompilerResultsLog: Info Performing 3 actions (4 in parallel)
[2015.09.04-20.34.32:742][974]CompilerResultsLog: Info Brain.generated.cpp
[2015.09.04-20.34.32:742][974]CompilerResultsLog: Info BrainCameraManager.cpp
[2015.09.04-20.34.32:742][974]CompilerResultsLog: Info [3/3] Link UE4Editor-Brain-4277.dll
[2015.09.04-20.34.32:742][974]CompilerResultsLog: Info    Cr?ation de la biblioth?que C:\Users\frederic\Documents\Unreal Projects\Brain\Intermediate/Build/Win64\UE4Editor\Development\UE4Editor-Brain-4277.lib et de l'objet C:\Users\frederic\Documents\Unreal Projects\Brain\Intermediate/Build/Win64\UE4Editor\Development\UE4Editor-Brain-4277.exp
[2015.09.04-20.34.32:742][974]CompilerResultsLog: Info -------- End Detailed Actions Stats -----------------------------------------------------------
[2015.09.04-20.34.32:742][974]CompilerResultsLog: Info Total build time: 17,43 seconds
[2015.09.04-20.34.32:742][974]LogMainFrame: MainFrame: Module compiling took 17.602 seconds
[2015.09.04-20.34.32:798][974]LogClass: Could not find existing class BrainCameraManager in package /Script/Brain for HotReload, assuming new class
[2015.09.04-20.34.32:809][974]LogContentBrowser: Native class hierarchy updated for 'Brain' in 0.0011 seconds. Added 6 classes and 2 folders.
[2015.09.04-20.34.32:810][974]Warning: HotReload successful (1 functions remapped  0 scriptstructs remapped)
[2015.09.04-20.34.32:828][974]LogContentBrowser: Native class hierarchy populated in 0.0091 seconds. Added 1799 classes and 305 folders.
[2015.09.04-20.34.32:829][974]Warning: HotReload operation took 17.7s.
[2015.09.04-20.34.32:837][974]LogD3D11RHI: InitD3DDevice
[2015.09.04-20.34.32:925][974]LogVSAccessor:Warning: Couldn't goto line number '0' in 'C:/Users/frederic/Documents/Unreal Projects/Brain/Source/Brain/BrainCameraManager.h'
[2015.09.04-20.34.32:995][974]LogVSAccessor:Warning: Couldn't goto line number '0' in 'C:/Users/frederic/Documents/Unreal Projects/Brain/Source/Brain/BrainCameraManager.cpp'
[2015.09.04-20.34.33:008][974]LogHotReload: New module detected: UE4Editor-Brain-4277.dll
[2015.09.04-20.34.33:027][975]LogHotReload: Starting Hot-Reload from IDE
[2015.09.04-20.34.33:032][975]LogD3D11RHI: InitD3DDevice
[2015.09.04-20.34.33:161][975]LogContentBrowser: Native class hierarchy updated for 'Brain' in 0.0012 seconds. Added 6 classes and 2 folders.
[2015.09.04-20.34.33:163][975]Warning: HotReload successful (0 functions remapped  0 scriptstructs remapped)
[2015.09.04-20.34.33:288][975]LogContentBrowser: Native class hierarchy populated in 0.0091 seconds. Added 1799 classes and 305 folders.
[2015.09.04-20.34.33:290][975]LogD3D11RHI: InitD3DDevice
[2015.09.04-20.34.57:817][581]Cmd: QUIT_EDITOR
[2015.09.04-20.34.58:057][581]LogExit: Preparing to exit.
[2015.09.04-20.34.58:656][581]LogExit: Editor shut down
[2015.09.04-20.34.58:657][581]LogExit: Transaction tracking system shut down
[2015.09.04-20.34.58:658][581]LogParticles: Destroying 0 GPU particle simulations for FXSystem 0x000000001032F2E0
[2015.09.04-20.34.58:658][581]LogParticles: Destroying 0 GPU particle simulations for FXSystem 0x0000000051126DE0
[2015.09.04-20.34.58:874][581]LogParticles: Destroying 0 GPU particle simulations for FXSystem 0x0000000029B38D60
[2015.09.04-20.34.58:874][581]LogExit: Object subsystem successfully closed.
[2015.09.04-20.34.58:882][581]LogD3D11RHI: Shutdown
[2015.09.04-20.34.58:882][581]LogD3D11RHI: CleanupD3DDevice
[2015.09.04-20.34.58:921][581]LogD3D11RHI: ~FD3D11DynamicRHI
[2015.09.04-20.34.58:937][581]LogModuleManager: Shutting down and abandoning module CrashTracker (189)
[2015.09.04-20.34.58:937][581]LogModuleManager: Shutting down and abandoning module SceneOutliner (188)
[2015.09.04-20.34.58:937][581]LogModuleManager: Shutting down and abandoning module SuperSearch (187)
[2015.09.04-20.34.58:937][581]LogModuleManager: Shutting down and abandoning module WidgetCarousel (186)
[2015.09.04-20.34.58:937][581]LogModuleManager: Shutting down and abandoning module AddContentDialog (185)
[2015.09.04-20.34.58:938][581]LogModuleManager: Shutting down and abandoning module EditorWidgets (184)
[2015.09.04-20.34.58:938][581]LogModuleManager: Shutting down and abandoning module CollectionManager (183)
[2015.09.04-20.34.58:938][581]LogModuleManager: Shutting down and abandoning module StatsViewer (182)
[2015.09.04-20.34.58:938][581]LogModuleManager: Shutting down and abandoning module FoliageEdit (181)
[2015.09.04-20.34.58:938][581]LogModuleManager: Shutting down and abandoning module LandscapeEditor (180)
[2015.09.04-20.34.58:938][581]LogModuleManager: Shutting down and abandoning module ActorPickerMode (179)
[2015.09.04-20.34.58:938][581]LogModuleManager: Shutting down and abandoning module GeometryMode (178)
[2015.09.04-20.34.58:938][581]LogModuleManager: Shutting down and abandoning module TextureAlignMode (177)
[2015.09.04-20.34.58:938][581]LogModuleManager: Shutting down and abandoning module BspMode (176)
[2015.09.04-20.34.58:938][581]LogModuleManager: Shutting down and abandoning module PlacementMode (175)
[2015.09.04-20.34.58:938][581]LogModuleManager: Shutting down and abandoning module AutomationWorker (174)
[2015.09.04-20.34.58:938][581]LogModuleManager: Shutting down and abandoning module CharacterAI (173)
[2015.09.04-20.34.58:938][581]LogModuleManager: Shutting down and abandoning module SmartSnapping (172)
[2015.09.04-20.34.58:938][581]LogModuleManager: Shutting down and abandoning module ViewportSnapping (171)
[2015.09.04-20.34.58:938][581]LogModuleManager: Shutting down and abandoning module LogVisualizer (170)
[2015.09.04-20.34.58:938][581]LogModuleManager: Shutting down and abandoning module GameProjectGeneration (169)
[2015.09.04-20.34.58:938][581]LogModuleManager: Shutting down and abandoning module IntroTutorials (168)
[2015.09.04-20.34.58:938][581]LogModuleManager: Shutting down and abandoning module EditorLiveStreaming (167)
[2015.09.04-20.34.58:938][581]LogModuleManager: Shutting down and abandoning module IOSPlatformEditor (166)
[2015.09.04-20.34.58:938][581]LogModuleManager: Shutting down and abandoning module HTML5PlatformEditor (165)
[2015.09.04-20.34.58:938][581]LogModuleManager: Shutting down and abandoning module AndroidDeviceDetection (164)
[2015.09.04-20.34.59:384][581]LogModuleManager: Shutting down and abandoning module AndroidPlatformEditor (163)
[2015.09.04-20.34.59:384][581]LogModuleManager: Shutting down and abandoning module IOSRuntimeSettings (162)
[2015.09.04-20.34.59:384][581]LogModuleManager: Shutting down and abandoning module AndroidRuntimeSettings (161)
[2015.09.04-20.34.59:384][581]LogModuleManager: Shutting down and abandoning module MergeActors (160)
[2015.09.04-20.34.59:384][581]LogModuleManager: Shutting down and abandoning module SizeMap (159)
[2015.09.04-20.34.59:384][581]LogModuleManager: Shutting down and abandoning module TreeMap (158)
[2015.09.04-20.34.59:384][581]LogModuleManager: Shutting down and abandoning module ReferenceViewer (157)
[2015.09.04-20.34.59:384][581]LogModuleManager: Shutting down and abandoning module LocalizationDashboard (156)
[2015.09.04-20.34.59:384][581]LogModuleManager: Shutting down and abandoning module HardwareTargeting (155)
[2015.09.04-20.34.59:384][581]LogModuleManager: Shutting down and abandoning module DeviceProfileEditor (154)
[2015.09.04-20.34.59:384][581]LogModuleManager: Shutting down and abandoning module UndoHistory (153)
[2015.09.04-20.34.59:384][581]LogModuleManager: Shutting down and abandoning module GameplayTagsEditor (152)
[2015.09.04-20.34.59:384][581]LogModuleManager: Shutting down and abandoning module UserFeedback (151)
[2015.09.04-20.34.59:384][581]LogModuleManager: Shutting down and abandoning module XmlParser (150)
[2015.09.04-20.34.59:384][581]LogModuleManager: Shutting down and abandoning module Blutility (149)
[2015.09.04-20.34.59:384][581]LogModuleManager: Shutting down and abandoning module ProjectTargetPlatformEditor (148)
[2015.09.04-20.34.59:384][581]LogModuleManager: Shutting down and abandoning module ProjectSettingsViewer (147)
[2015.09.04-20.34.59:384][581]LogModuleManager: Shutting down and abandoning module InputBindingEditor (146)
[2015.09.04-20.34.59:384][581]LogModuleManager: Shutting down and abandoning module EditorSettingsViewer (145)
[2015.09.04-20.34.59:384][581]LogModuleManager: Shutting down and abandoning module SettingsEditor (144)
[2015.09.04-20.34.59:384][581]LogModuleManager: Shutting down and abandoning module ProjectLauncher (143)
[2015.09.04-20.34.59:384][581]LogModuleManager: Shutting down and abandoning module SessionFrontend (142)
[2015.09.04-20.34.59:384][581]LogModuleManager: Shutting down and abandoning module ProfilerClient (141)
[2015.09.04-20.34.59:384][581]LogModuleManager: Shutting down and abandoning module TargetDeviceServices (140)
[2015.09.04-20.34.59:384][581]LogModuleManager: Shutting down and abandoning module DeviceManager (139)
[2015.09.04-20.34.59:384][581]LogModuleManager: Shutting down and abandoning module AutomationController (138)
[2015.09.04-20.34.59:384][581]LogModuleManager: Shutting down and abandoning module AutomationWindow (137)
[2015.09.04-20.34.59:384][581]LogModuleManager: Shutting down and abandoning module Layers (136)
[2015.09.04-20.34.59:384][581]LogModuleManager: Shutting down and abandoning module ComponentVisualizers (135)
[2015.09.04-20.34.59:384][581]LogModuleManager: Shutting down and abandoning module DetailCustomizations (134)
[2015.09.04-20.34.59:384][581]LogModuleManager: Shutting down and abandoning module PackagesDialog (133)
[2015.09.04-20.34.59:384][581]LogModuleManager: Shutting down and abandoning module AssetRegistry (132)
[2015.09.04-20.34.59:416][581]LogModuleManager: Shutting down and abandoning module Persona (131)
[2015.09.04-20.34.59:416][581]LogModuleManager: Shutting down and abandoning module Kismet (130)
[2015.09.04-20.34.59:416][581]LogModuleManager: Shutting down and abandoning module GraphEditor (129)
[2015.09.04-20.34.59:416][581]LogModuleManager: Shutting down and abandoning module ClassViewer (128)
[2015.09.04-20.34.59:417][581]LogModuleManager: Shutting down and abandoning module Toolbox (127)
[2015.09.04-20.34.59:417][581]LogModuleManager: Shutting down and abandoning module ModuleUI (126)
[2015.09.04-20.34.59:417][581]LogModuleManager: Shutting down and abandoning module MovieSceneTools (125)
[2015.09.04-20.34.59:417][581]LogModuleManager: Shutting down and abandoning module OutputLog (124)
[2015.09.04-20.34.59:417][581]LogModuleManager: Shutting down and abandoning module GammaUI (123)
[2015.09.04-20.34.59:418][581]LogModuleManager: Shutting down and abandoning module Documentation (122)
[2015.09.04-20.34.59:418][581]LogModuleManager: Shutting down and abandoning module GameLiveStreaming (121)
[2015.09.04-20.34.59:418][581]LogModuleManager: Shutting down and abandoning module StreamingPauseRendering (120)
[2015.09.04-20.34.59:418][581]LogModuleManager: Shutting down and abandoning module AnalyticsET (119)
[2015.09.04-20.34.59:418][581]LogModuleManager: Shutting down and abandoning module Analytics (118)
[2015.09.04-20.34.59:418][581]LogModuleManager: Shutting down and abandoning module AITestSuite (117)
[2015.09.04-20.34.59:418][581]LogModuleManager: Shutting down and abandoning module GameplayDebugger (116)
[2015.09.04-20.34.59:418][581]LogModuleManager: Shutting down and abandoning module AIModule (115)
[2015.09.04-20.34.59:418][581]LogModuleManager: Shutting down and abandoning module ProfilerService (114)
[2015.09.04-20.34.59:625][581]LogModuleManager: Shutting down and abandoning module TaskGraph (113)
[2015.09.04-20.34.59:625][581]LogModuleManager: Shutting down and abandoning module SlateRemote (112)
[2015.09.04-20.34.59:625][581]LogModuleManager: Shutting down and abandoning module SteamVRController (111)
[2015.09.04-20.34.59:625][581]LogModuleManager: Shutting down and abandoning module SteamVR (110)
[2015.09.04-20.34.59:625][581]LogModuleManager: Shutting down and abandoning module ProceduralMeshComponent (109)
[2015.09.04-20.34.59:625][581]LogModuleManager: Shutting down and abandoning module OculusRift (108)
[2015.09.04-20.34.59:625][581]LogModuleManager: Shutting down and abandoning module LeapMotionController (107)
[2015.09.04-20.34.59:631][581]LogModuleManager: Shutting down and abandoning module CustomMeshComponent (106)
[2015.09.04-20.34.59:631][581]LogModuleManager: Shutting down and abandoning module CableComponent (105)
[2015.09.04-20.34.59:631][581]LogModuleManager: Shutting down and abandoning module MessagingDebugger (104)
[2015.09.04-20.34.59:632][581]LogModuleManager: Shutting down and abandoning module MediaPlayerEditor (103)
[2015.09.04-20.34.59:632][581]LogModuleManager: Shutting down and abandoning module SpeedTreeImporter (102)
[2015.09.04-20.34.59:632][581]LogModuleManager: Shutting down and abandoning module PluginBrowser (101)
[2015.09.04-20.34.59:632][581]LogModuleManager: Shutting down and abandoning module EpicSurvey (100)
[2015.09.04-20.34.59:632][581]LogModuleManager: Shutting down and abandoning module DesktopPlatform (99)
[2015.09.04-20.34.59:632][581]LogModuleManager: Shutting down and abandoning module VisualStudioSourceCodeAccess (98)
[2015.09.04-20.34.59:632][581]LogModuleManager: Shutting down and abandoning module UObjectPlugin (97)
[2015.09.04-20.34.59:632][581]LogModuleManager: Shutting down and abandoning module SubversionSourceControl (96)
[2015.09.04-20.34.59:632][581]LogModuleManager: Shutting down and abandoning module PerforceSourceControl (95)
[2015.09.04-20.34.59:632][581]LogModuleManager: Shutting down and abandoning module SourceControl (94)
[2015.09.04-20.34.59:632][581]LogModuleManager: Shutting down and abandoning module GitSourceControl (93)
[2015.09.04-20.34.59:632][581]LogModuleManager: Shutting down and abandoning module BlankPlugin (92)
[2015.09.04-20.34.59:632][581]LogModuleManager: Shutting down and abandoning module PaperTiledImporter (91)
[2015.09.04-20.34.59:632][581]LogModuleManager: Shutting down and abandoning module PaperSpriteSheetImporter (90)
[2015.09.04-20.34.59:632][581]LogModuleManager: Shutting down and abandoning module MeshPaint (89)
[2015.09.04-20.34.59:632][581]LogModuleManager: Shutting down and abandoning module SlateReflector (88)
[2015.09.04-20.34.59:632][581]LogModuleManager: Shutting down and abandoning module DirectoryWatcher (87)
[2015.09.04-20.34.59:632][581]LogModuleManager: Shutting down and abandoning module HotReload (86)
[2015.09.04-20.34.59:632][581]LogModuleManager: Shutting down and abandoning module MainFrame (85)
[2015.09.04-20.34.59:632][581]LogModuleManager: Shutting down and abandoning module LevelEditor (84)
[2015.09.04-20.34.59:633][581]LogModuleManager: Shutting down and abandoning module ContentBrowser (83)
[2015.09.04-20.34.59:634][581]LogModuleManager: Shutting down and abandoning module Paper2DEditor (82)
[2015.09.04-20.34.59:634][581]LogModuleManager: Shutting down and abandoning module Brain (81)
[2015.09.04-20.34.59:634][581]LogModuleManager: Shutting down and abandoning module UdpMessaging (80)
[2015.09.04-20.34.59:734][581]LogModuleManager: Shutting down and abandoning module Paper2D (79)
[2015.09.04-20.34.59:734][581]LogModuleManager: Shutting down and abandoning module WindowsMoviePlayer (78)
[2015.09.04-20.34.59:736][581]LogModuleManager: Shutting down and abandoning module Media (77)
[2015.09.04-20.34.59:736][581]LogModuleManager: Shutting down and abandoning module WmfMedia (76)
[2015.09.04-20.34.59:736][581]LogModuleManager: Shutting down and abandoning module OnlineBlueprintSupport (75)
[2015.09.04-20.34.59:736][581]LogModuleManager: Shutting down and abandoning module PropertyEditor (74)
[2015.09.04-20.34.59:736][581]LogModuleManager: Shutting down and abandoning module BehaviorTreeEditor (73)
[2015.09.04-20.34.59:736][581]LogModuleManager: Shutting down and abandoning module FunctionalTesting (72)
[2015.09.04-20.34.59:736][581]LogModuleManager: Shutting down and abandoning module CollisionAnalyzer (71)
[2015.09.04-20.34.59:736][581]LogModuleManager: Shutting down and abandoning module WorkspaceMenuStructure (70)
[2015.09.04-20.34.59:736][581]LogModuleManager: Shutting down and abandoning module MessageLog (69)
[2015.09.04-20.34.59:736][581]LogModuleManager: Shutting down and abandoning module Sequencer (68)
[2015.09.04-20.34.59:736][581]LogModuleManager: Shutting down and abandoning module AssetTools (67)
[2015.09.04-20.34.59:737][581]LogModuleManager: Shutting down and abandoning module UMGEditor (66)
[2015.09.04-20.34.59:737][581]LogModuleManager: Shutting down and abandoning module UMG (65)
[2015.09.04-20.34.59:737][581]LogModuleManager: Shutting down and abandoning module Slate (64)
[2015.09.04-20.34.59:737][581]LogModuleManager: Shutting down and abandoning module EditorStyle (63)
[2015.09.04-20.34.59:740][581]LogModuleManager: Shutting down and abandoning module SessionServices (62)
[2015.09.04-20.34.59:740][581]LogModuleManager: Shutting down and abandoning module SourceCodeAccess (61)
[2015.09.04-20.34.59:740][581]LogModuleManager: Shutting down and abandoning module HeadMountedDisplay (60)
[2015.09.04-20.34.59:740][581]LogModuleManager: Shutting down and abandoning module XAudio2 (59)
[2015.09.04-20.34.59:740][581]LogModuleManager: Shutting down and abandoning module Networking (57)
[2015.09.04-20.34.59:740][581]LogModuleManager: Shutting down and abandoning module Core (56)
[2015.09.04-20.34.59:740][581]LogModuleManager: Shutting down and abandoning module KismetCompiler (55)
[2015.09.04-20.34.59:740][581]LogModuleManager: Shutting down and abandoning module PhysXFormats (54)
[2015.09.04-20.34.59:740][581]LogModuleManager: Shutting down and abandoning module MeshUtilities (53)
[2015.09.04-20.34.59:740][581]LogModuleManager: Shutting down and abandoning module DerivedDataCache (52)
[2015.09.04-20.34.59:814][581]LogDerivedDataCache: Shutdown
[2015.09.04-20.34.59:814][581]LogModuleManager: Shutting down and abandoning module ShaderFormatOpenGL (51)
[2015.09.04-20.34.59:814][581]LogModuleManager: Shutting down and abandoning module ShaderFormatD3D (50)
[2015.09.04-20.34.59:814][581]LogModuleManager: Shutting down and abandoning module MetalShaderFormat (49)
[2015.09.04-20.34.59:814][581]LogModuleManager: Shutting down and abandoning module TextureFormatUncompressed (48)
[2015.09.04-20.34.59:814][581]LogModuleManager: Shutting down and abandoning module TextureFormatPVR (47)
[2015.09.04-20.34.59:814][581]LogModuleManager: Shutting down and abandoning module TextureFormatIntelISPCTexComp (46)
[2015.09.04-20.34.59:814][581]LogModuleManager: Shutting down and abandoning module TextureFormatDXT (45)
[2015.09.04-20.34.59:814][581]LogModuleManager: Shutting down and abandoning module ImageWrapper (44)
[2015.09.04-20.34.59:814][581]LogModuleManager: Shutting down and abandoning module TextureFormatASTC (43)
[2015.09.04-20.34.59:814][581]LogModuleManager: Shutting down and abandoning module TextureFormatAndroid (42)
[2015.09.04-20.34.59:814][581]LogModuleManager: Shutting down and abandoning module AudioFormatOpus (41)
[2015.09.04-20.34.59:814][581]LogModuleManager: Shutting down and abandoning module AudioFormatOgg (40)
[2015.09.04-20.34.59:814][581]LogModuleManager: Shutting down and abandoning module AudioFormatADPCM (39)
[2015.09.04-20.34.59:814][581]LogModuleManager: Shutting down and abandoning module LinuxTargetPlatform (38)
[2015.09.04-20.34.59:814][581]LogModuleManager: Shutting down and abandoning module LinuxServerTargetPlatform (37)
[2015.09.04-20.34.59:814][581]LogModuleManager: Shutting down and abandoning module LinuxNoEditorTargetPlatform (36)
[2015.09.04-20.34.59:814][581]LogModuleManager: Shutting down and abandoning module Messaging (35)
[2015.09.04-20.34.59:814][581]LogModuleManager: Shutting down and abandoning module IOSTargetPlatform (34)
[2015.09.04-20.34.59:814][581]LogModuleManager: Shutting down and abandoning module HTML5TargetPlatform (33)
[2015.09.04-20.34.59:814][581]LogModuleManager: Shutting down and abandoning module Android_PVRTCTargetPlatform (32)
[2015.09.04-20.34.59:814][581]LogModuleManager: Shutting down and abandoning module Android_ETC2TargetPlatform (31)
[2015.09.04-20.34.59:814][581]LogModuleManager: Shutting down and abandoning module Android_ETC1TargetPlatform (30)
[2015.09.04-20.34.59:814][581]LogModuleManager: Shutting down and abandoning module Android_DXTTargetPlatform (29)
[2015.09.04-20.34.59:814][581]LogModuleManager: Shutting down and abandoning module Android_ATCTargetPlatform (28)
[2015.09.04-20.34.59:814][581]LogModuleManager: Shutting down and abandoning module Android_ASTCTargetPlatform (27)
[2015.09.04-20.34.59:814][581]LogModuleManager: Shutting down and abandoning module AndroidTargetPlatform (26)
[2015.09.04-20.34.59:814][581]LogModuleManager: Shutting down and abandoning module WindowsTargetPlatform (25)
[2015.09.04-20.34.59:814][581]LogModuleManager: Shutting down and abandoning module WindowsServerTargetPlatform (24)
[2015.09.04-20.34.59:814][581]LogModuleManager: Shutting down and abandoning module WindowsNoEditorTargetPlatform (23)
[2015.09.04-20.34.59:814][581]LogModuleManager: Shutting down and abandoning module WindowsClientTargetPlatform (22)
[2015.09.04-20.34.59:814][581]LogModuleManager: Shutting down and abandoning module DesktopTargetPlatform (21)
[2015.09.04-20.34.59:814][581]LogModuleManager: Shutting down and abandoning module TargetPlatform (20)
[2015.09.04-20.34.59:814][581]LogModuleManager: Shutting down and abandoning module InputCore (19)
[2015.09.04-20.34.59:814][581]LogModuleManager: Shutting down and abandoning module Settings (18)
[2015.09.04-20.34.59:814][581]LogModuleManager: Shutting down and abandoning module OnlineSubsystem (16)
[2015.09.04-20.34.59:814][581]LogModuleManager: Shutting down and abandoning module HTTP (15)
[2015.09.04-20.34.59:815][581]LogModuleManager: Shutting down and abandoning module ExampleDeviceProfileSelector (14)
[2015.09.04-20.34.59:815][581]LogModuleManager: Shutting down and abandoning module TextureCompressor (13)
[2015.09.04-20.34.59:815][581]LogModuleManager: Shutting down and abandoning module ShaderCore (12)
[2015.09.04-20.34.59:815][581]LogModuleManager: Shutting down and abandoning module Landscape (11)
[2015.09.04-20.34.59:815][581]LogModuleManager: Shutting down and abandoning module SlateRHIRenderer (10)
[2015.09.04-20.34.59:816][581]LogModuleManager: Shutting down and abandoning module OpenGLDrv (9)
[2015.09.04-20.34.59:816][581]LogModuleManager: Shutting down and abandoning module D3D11RHI (8)
[2015.09.04-20.34.59:816][581]LogModuleManager: Shutting down and abandoning module Renderer (7)
[2015.09.04-20.34.59:816][581]LogModuleManager: Shutting down and abandoning module Engine (6)
[2015.09.04-20.34.59:816][581]LogModuleManager: Shutting down and abandoning module CoreUObject (5)
[2015.09.04-20.34.59:816][581]LogModuleManager: Shutting down and abandoning module NetworkFile (4)
[2015.09.04-20.34.59:816][581]LogModuleManager: Shutting down and abandoning module StreamingFile (3)
[2015.09.04-20.34.59:816][581]LogModuleManager: Shutting down and abandoning module SandboxFile (2)
[2015.09.04-20.34.59:816][581]LogModuleManager: Shutting down and abandoning module PakFile (1)
[2015.09.04-20.34.59:817][581]LogExit: Exiting.
[2015.09.04-20.34.59:825][581]Log file closed, 09/04/15 16:34:59
