[2015.09.07-02.03.21:241][  0]Log file open, 09/06/15 22:03:21
[2015.09.07-02.03.21:241][  0]LogInit:Display: Running engine for game: Brain
[2015.09.07-02.03.21:242][  0]LogInit:Display: RandInit(-1383444956) SRandInit(-1383444956).
[2015.09.07-02.03.21:243][  0]LogTaskGraph: Started task graph with 4 named threads and 7 total threads.
[2015.09.07-02.03.21:243][  0]LogStats: Stats thread started
[2015.09.07-02.03.21:243][  0]LogInit: Version: 4.8.3-2634408+++depot+UE4-Releases+4.8
[2015.09.07-02.03.21:244][  0]LogInit: API Version: 2579680
[2015.09.07-02.03.21:244][  0]LogInit: Compiled (64-bit): Jul 27 2015 16:24:33
[2015.09.07-02.03.21:244][  0]LogInit: Compiled with Visual C++: 18.00.21005.01
[2015.09.07-02.03.21:244][  0]LogInit: Build Configuration: Development
[2015.09.07-02.03.21:245][  0]LogInit: Branch Name: ++depot+UE4-Releases+4.8
[2015.09.07-02.03.21:245][  0]LogInit: Command line: 
[2015.09.07-02.03.21:245][  0]LogInit: Base directory: C:/Program Files/Epic Games/4.8/Engine/Binaries/Win64/
[2015.09.07-02.03.21:246][  0]LogInit: Rocket: 1
[2015.09.07-02.03.21:262][  0]LogInit: Using libcurl 7.41.0
[2015.09.07-02.03.21:263][  0]LogInit:  - built for x86_64-pc-win32
[2015.09.07-02.03.21:263][  0]LogInit:  - supports SSL with WinSSL
[2015.09.07-02.03.21:263][  0]LogInit:  - other features:
[2015.09.07-02.03.21:264][  0]LogInit:      CURL_VERSION_SSL
[2015.09.07-02.03.21:264][  0]LogInit:      CURL_VERSION_IPV6
[2015.09.07-02.03.21:264][  0]LogInit:      CURL_VERSION_ASYNCHDNS
[2015.09.07-02.03.21:264][  0]LogInit:      CURL_VERSION_LARGEFILE
[2015.09.07-02.03.21:264][  0]LogInit:      CURL_VERSION_IDN
[2015.09.07-02.03.21:265][  0]LogInit:  CurlRequestOptions (configurable via config and command line):
[2015.09.07-02.03.21:265][  0]LogInit:  - bVerifyPeer = true  - Libcurl will verify peer certificate
[2015.09.07-02.03.21:265][  0]LogInit:  - bUseHttpProxy = false  - Libcurl will NOT use HTTP proxy
[2015.09.07-02.03.21:265][  0]LogInit:  - bDontReuseConnections = false  - Libcurl will reuse connections
[2015.09.07-02.03.21:266][  0]LogInit:  - CertBundlePath = nullptr  - Libcurl will use whatever was configured at build time.
[2015.09.07-02.03.21:280][  0]LogOnline:Warning: No default platform service specified for OnlineSubsystem
[2015.09.07-02.03.21:314][  0]LogInit: Presizing for 0 objects not considered by GC, pre-allocating 0 bytes.
[2015.09.07-02.03.21:321][  0]LogInit: Object subsystem initialized
[2015.09.07-02.03.21:323][  0]LogConsoleResponse:Warning: Skipping Unknown console variable: 'TranslucentSortAxis = (X=0.000000,Y=-1.000000,Z=0.000000)'
[2015.09.07-02.03.21:323][  0]LogConsoleResponse:Warning:   Found in ini file 'C:/Users/frederic/Documents/Unreal Projects/Brain/Saved/Config/Windows/Engine.ini', in section '[/Script/Engine.RendererSettings]'
[2015.09.07-02.03.21:323][  0]LogConsoleResponse:Warning: Skipping Unknown console variable: 'UIScaleRule = ShortestSide'
[2015.09.07-02.03.21:324][  0]LogConsoleResponse:Warning:   Found in ini file 'C:/Users/frederic/Documents/Unreal Projects/Brain/Saved/Config/Windows/Engine.ini', in section '[/Script/Engine.RendererSettings]'
[2015.09.07-02.03.21:324][  0]LogConsoleResponse:Warning: Skipping Unknown console variable: 'UIScaleCurve = (EditorCurveData=(Keys=),ExternalCurve=None)'
[2015.09.07-02.03.21:324][  0]LogConsoleResponse:Warning:   Found in ini file 'C:/Users/frederic/Documents/Unreal Projects/Brain/Saved/Config/Windows/Engine.ini', in section '[/Script/Engine.RendererSettings]'
[2015.09.07-02.03.21:325][  0]LogInit: Selected Device Profile: [Windows]
[2015.09.07-02.03.21:325][  0]LogInit: Applying CVar settings loaded from the selected device profile: [Windows]
[2015.09.07-02.03.21:331][  0]LogInit: Computer: FREDERIC-PC
[2015.09.07-02.03.21:332][  0]LogInit: User: frederic
[2015.09.07-02.03.21:332][  0]LogInit: CPU Page size=4096, Cores=4
[2015.09.07-02.03.21:332][  0]LogInit: High frequency timer resolution =3.331250 MHz
[2015.09.07-02.03.21:332][  0]LogMemory: Memory total: Physical=15.9GB (16GB approx)
[2015.09.07-02.03.21:333][  0]LogMemory: Platform Memory Stats for Windows
[2015.09.07-02.03.21:333][  0]LogMemory: Process Physical Memory: 49.88 MB used, 49.88 MB peak
[2015.09.07-02.03.21:333][  0]LogMemory: Process Virtual Memory: 25.59 MB used, 25.59 MB peak
[2015.09.07-02.03.21:333][  0]LogMemory: Physical Memory: 6862.61 MB used, 16288.39 MB total
[2015.09.07-02.03.21:334][  0]LogMemory: Virtual Memory: 283.87 MB used, 8388608.00 MB total
[2015.09.07-02.03.21:405][  0]LogTextLocalizationManager: The requested culture ('fr_CA') has no localization data; falling back to 'en' for localization and internationalization data.
[2015.09.07-02.03.21:612][  0]LogTextLocalizationManager:Warning: Loaded localization resources contain conflicting entries for (Namespace:ContentBrowser, Key:ImportAssetToolTip):
Localization Resource: (C:/Program Files/Epic Games/4.8/Engine/Content/Localization/Editor/en/Editor.locres) Source String Hash: (-630476809) Localized String: (Import to {0}...)
Localization Resource: (C:/Program Files/Epic Games/4.8/Engine/Content/Localization/Editor/en/Editor.locres) Source String Hash: (1271782899) Localized String: (Imports an asset from file to this folder.)
[2015.09.07-02.03.21:972][  0]LogD3D11RHI: Found D3D11 adapter 0: NVIDIA GeForce GTX 970 (Feature Level 11_0)
[2015.09.07-02.03.21:973][  0]LogD3D11RHI: Adapter has 4008MB of dedicated video memory, 0MB of dedicated system memory, and 7888MB of shared system memory, 1 output[s]
[2015.09.07-02.03.21:980][  0]LogD3D11RHI: Found D3D11 adapter 1: Intel(R) HD Graphics 3000 (Feature Level 10_0)
[2015.09.07-02.03.21:980][  0]LogD3D11RHI: Adapter has 64MB of dedicated video memory, 0MB of dedicated system memory, and 1632MB of shared system memory, 0 output[s]
[2015.09.07-02.03.21:981][  0]LogD3D11RHI: Chosen D3D11 Adapter Id = 0
[2015.09.07-02.03.21:985][  0]LogD3D11RHI: InitD3DDevice
[2015.09.07-02.03.21:985][  0]LogD3D11RHI: !Direct3DDevice
[2015.09.07-02.03.21:986][  0]LogRHI: Texture pool is 1361 MB (70% of 1945 MB)
[2015.09.07-02.03.22:028][  0]LogD3D11RHI: Async texture creation enabled
[2015.09.07-02.03.22:043][  0]LogShaderCompilers:Display: Using Local Shader Compiler.
[2015.09.07-02.03.22:825][  0]LogTemp:Display: Loaded TP DesktopTargetPlatform
[2015.09.07-02.03.22:847][  0]LogTemp:Display: Loaded TP WindowsClientTargetPlatform
[2015.09.07-02.03.22:869][  0]LogTemp:Display: Loaded TP WindowsNoEditorTargetPlatform
[2015.09.07-02.03.22:891][  0]LogTemp:Display: Loaded TP WindowsServerTargetPlatform
[2015.09.07-02.03.22:915][  0]LogTemp:Display: Loaded TP WindowsTargetPlatform
[2015.09.07-02.03.22:932][  0]LogTemp:Display: Loaded TP AndroidTargetPlatform
[2015.09.07-02.03.22:948][  0]LogTemp:Display: Loaded TP Android_ASTCTargetPlatform
[2015.09.07-02.03.22:965][  0]LogTemp:Display: Loaded TP Android_ATCTargetPlatform
[2015.09.07-02.03.22:983][  0]LogTemp:Display: Loaded TP Android_DXTTargetPlatform
[2015.09.07-02.03.23:003][  0]LogTemp:Display: Loaded TP Android_ETC1TargetPlatform
[2015.09.07-02.03.23:021][  0]LogTemp:Display: Loaded TP Android_ETC2TargetPlatform
[2015.09.07-02.03.23:040][  0]LogTemp:Display: Loaded TP Android_PVRTCTargetPlatform
[2015.09.07-02.03.23:109][  0]LogTemp:Display: Loaded TP IOSTargetPlatform
[2015.09.07-02.03.23:124][  0]LogTemp:Display: Loaded TP LinuxNoEditorTargetPlatform
[2015.09.07-02.03.23:140][  0]LogTemp:Display: Loaded TP LinuxServerTargetPlatform
[2015.09.07-02.03.23:158][  0]LogTemp:Display: Loaded TP LinuxTargetPlatform
[2015.09.07-02.03.23:158][  0]LogTargetPlatformManager:Display: Building Assets For Windows
[2015.09.07-02.03.23:464][  0]LogDerivedDataCache:Display: Max Cache Size: 512 MB
[2015.09.07-02.03.23:517][  0]LogDerivedDataCache: Loaded boot cache 0.05s 61MB C:/Users/frederic/AppData/Local/UnrealEngine/4.8/DerivedDataCache/Boot.ddc.
[2015.09.07-02.03.23:517][  0]LogDerivedDataCache:Display: Loaded Boot cache: C:/Users/frederic/AppData/Local/UnrealEngine/4.8/DerivedDataCache/Boot.ddc
[2015.09.07-02.03.23:518][  0]LogDerivedDataCache: FDerivedDataBackendGraph:  Pak pak cache file ../../../../../../Users/frederic/Documents/Unreal Projects/Brain/DerivedDataCache/DDC.ddp not found, will not use a pak cache.
[2015.09.07-02.03.23:518][  0]LogDerivedDataCache: Unable to find inner node Pak for hierarchical cache Hierarchy.
[2015.09.07-02.03.23:518][  0]LogDerivedDataCache: FDerivedDataBackendGraph:  CompressedPak pak cache file ../../../../../../Users/frederic/Documents/Unreal Projects/Brain/DerivedDataCache/Compressed.ddp not found, will not use a pak cache.
[2015.09.07-02.03.23:518][  0]LogDerivedDataCache: Unable to find inner node CompressedPak for hierarchical cache Hierarchy.
[2015.09.07-02.03.23:665][  0]LogDerivedDataCache:Display: Pak cache opened for reading ../../../Engine/DerivedDataCache/Compressed.ddp.
[2015.09.07-02.03.23:677][  0]LogDerivedDataCache: Using Local data cache path C:/Users/frederic/AppData/Local/UnrealEngine/Common/DerivedDataCache: Writable
[2015.09.07-02.03.23:881][  0]LogInit: Selected Device Profile: [Windows]
[2015.09.07-02.03.23:889][  0]ImportText (ComponentSweepMultiTests): Missing closing parenthesis: (RootShapeAsset="/Engine/BasicShapes/Cube.Cube",ShapeType="TriggerCapsule",HitResult=(Time=0.50,Location=(X=-100.000015,Y=0.0,Z=100.000015),ImpactPoint=(X=-50.0,Y=0.0,Z=50.0),Normal=(X=-1.0,Y=-0.0,Z=0.0),ImpactNormal=(X=0.0,Y=0.0,Z=1.0),TraceStart=(X=-200.0,Y=0.0,Z=200.0),TraceEnd=(X=0.0,Y=0.0,Z=0.0))
[2015.09.07-02.03.23:889][  0]ImportText (LineTraceSingleByChannelTests): Missing closing parenthesis: (RootShapeAsset="/Engine/BasicShapes/Cube.Cube",HitResult=(Time=0.50,Location=(X=-100.000015,Y=0.0,Z=100.000015),ImpactPoint=(X=-50.0,Y=0.0,Z=50.0),Normal=(X=-1.0,Y=-0.0,Z=0.0),ImpactNormal=(X=0.0,Y=0.0,Z=1.0),TraceStart=(X=-200.0,Y=0.0,Z=200.0),TraceEnd=(X=0.0,Y=0.0,Z=0.0))
[2015.09.07-02.03.23:927][  0]LogMeshUtilities: No automatic mesh reduction module available
[2015.09.07-02.03.23:928][  0]LogMeshUtilities: No automatic mesh merging module available
[2015.09.07-02.03.24:334][  0]LogInit: WinSock: version 1.1 (2.2), MaxSocks=32767, MaxUdp=65467
[2015.09.07-02.03.25:523][  0]UdpMessaging: Initializing bridge on interface 0.0.0.0:0 to multicast group 230.0.0.1:6666.
[2015.09.07-02.03.26:359][  0]SourceControl: Info Source control is disabled
[2015.09.07-02.03.26:390][  0]SourceControl: Info Source control is disabled
[2015.09.07-02.03.26:408][  0]SourceControl: Info Source control is disabled
[2015.09.07-02.03.26:428][  0]SourceControl: Info Source control is disabled
[2015.09.07-02.03.26:729][  0]LogObj: 31314 objects as part of root set at end of initial load.
[2015.09.07-02.03.26:730][  0]LogUObjectAllocator: 7182784 out of 0 bytes used by permanent object pool.
[2015.09.07-02.03.26:818][  0]LogEngine: Initializing Engine...
[2015.09.07-02.03.26:821][  0]LogHMD: Can't find Oculus library dev build: is proper Runtime installed? Version: 0.6.0.0
[2015.09.07-02.03.26:825][  0]LogHMD:Warning: SteamVR failed to initialize.  Error: 110
[2015.09.07-02.03.26:983][  0]LogAIModule: Creating AISystem for world NewWorld
[2015.09.07-02.03.26:996][  0]LogInit: XAudio2 using 'Haut-parleurs (C-Media USB Audio Device   )' : 2 channels at 44.1 kHz using 16 bits per sample (channel mask 0x3)
[2015.09.07-02.03.27:020][  0]LogInit: FAudioDevice initialized.
[2015.09.07-02.03.27:050][  0]LogDerivedDataCache: Saved boot cache 0.03s 61MB C:/Users/frederic/AppData/Local/UnrealEngine/4.8/DerivedDataCache/Boot.ddc.
[2015.09.07-02.03.27:059][  0]LogInit: Texture streaming: Disabled
[2015.09.07-02.03.27:093][  0]LogAnalytics: Creating configured Analytics provider AnalyticsET
[2015.09.07-02.03.27:093][  0]LogAnalytics: [UEEditor.Rocket.Release] APIServer = http://et2.epicgames.com/ET2/. AppVersion = 4.8.3-2634408+++depot+UE4-Releases+4.8
[2015.09.07-02.03.27:093][  0]LogAnalytics: [UEEditor.Rocket.Release] SetUserId c8da8d664a36a98701fe659c10ae4ff8|70626fa7f476448fb82ad9618fbbb1ab|00e7fb16-00c3-4af4-a2a1-2cc8013aae38
[2015.09.07-02.03.27:094][  0]LogAnalytics: [UEEditor.Rocket.Release] AnalyticsET::StartSession
[2015.09.07-02.03.27:121][  0]LogInit: Transaction tracking system initialized
[2015.09.07-02.03.27:320][  0]BlueprintLog: New page: Editor Load
[2015.09.07-02.03.27:365][  0]LogAssetRegistry: FAssetRegistry took 0.0102 seconds to start up
[2015.09.07-02.03.27:366][  0]LogDirectoryWatcher:Warning: Failed to begin reading directory changes for ../../../Engine/Plugins/Experimental/CharacterAI/Content/. Error: 0
[2015.09.07-02.03.28:359][  0]LogConsoleManager:Warning: Console variable 'r.VSync' wasn't set ('GameSetting' has a lower priority than 'SystemSettingsIni')
[2015.09.07-02.03.28:360][  0]LogConsoleResponse:Display: 
[2015.09.07-02.03.28:464][  0]LogCook:Display: Done creating registry. It took  0.00s.
[2015.09.07-02.03.28:722][  0]SourceControl: Info Source control is disabled
[2015.09.07-02.03.28:723][  0]Cmd: MAP LOAD FILE="../../../../../../Users/frederic/Documents/Unreal Projects/Brain/Content/FirstPerson/Maps/FirstPersonExampleMap.umap" TEMPLATE=0 SHOWPROGRESS=1 FEATURELEVEL=3
[2015.09.07-02.03.28:724][  0]LightingResults: New page: Lighting Build
[2015.09.07-02.03.28:738][  0]MapCheck: New page: Map Check
[2015.09.07-02.03.28:739][  0]LightingResults: New page: Lighting Build
[2015.09.07-02.03.28:749][  0]LogParticles: Destroying 0 GPU particle simulations for FXSystem 0x000000001901A200
[2015.09.07-02.03.29:382][  0]LogAIModule: Creating AISystem for world FirstPersonExampleMap
[2015.09.07-02.03.29:393][  0]LogEditorServer: Finished looking for orphan Actors (0.000 secs)
[2015.09.07-02.03.30:443][  0]Cmd: MAP CHECKDEP NOCLEARLOG
[2015.09.07-02.03.30:486][  0]MapCheck: Info Map check complete: 0 Error(s), 0 Warning(s), took 41.704ms to complete.
[2015.09.07-02.03.30:487][  0]LogFileHelpers: Loading map 'FirstPersonExampleMap' took 1.763
[2015.09.07-02.03.30:634][  0]LogCollectionManager: Loaded 0 collections in 0.002095 seconds
[2015.09.07-02.03.30:644][  0]LogContentBrowser: Native class hierarchy populated in 0.0092 seconds. Added 1798 classes and 303 folders.
[2015.09.07-02.03.30:772][  0]LogContentBrowser: Native class hierarchy updated for 'WidgetCarousel' in 0.0045 seconds. Added 0 classes and 0 folders.
[2015.09.07-02.03.30:838][  0]LogContentBrowser: Native class hierarchy updated for 'AddContentDialog' in 0.0047 seconds. Added 0 classes and 0 folders.
[2015.09.07-02.03.30:890][  0]LogContentBrowser: Native class hierarchy updated for 'SceneOutliner' in 0.0045 seconds. Added 1 classes and 2 folders.
[2015.09.07-02.03.30:945][  0]LogCrashTracker: Crashtracker disabled due to settings.
[2015.09.07-02.03.30:947][  0]LogD3D11RHI: InitD3DDevice
[2015.09.07-02.03.30:950][  0]LogUObjectGlobals:Warning: Failed to find object 'Class None.'
[2015.09.07-02.03.30:973][  0]LogLoad: Full Startup: 11.67 seconds (BP compile: 0.27 seconds)
[2015.09.07-02.03.31:034][  0]LogContentStreaming: Texture pool size is 0.000000MB
[2015.09.07-02.03.31:088][  0]LogContentStreaming: Texture pool size now 1000 MB
[2015.09.07-02.03.31:202][  0]LogRenderer: Reallocating scene render targets to support 1208x560 (Frame:2).
[2015.09.07-02.03.31:377][  1]LogD3D11RHI: InitD3DDevice
[2015.09.07-02.03.31:772][  7]LogAssetRegistry: Asset discovery search completed in 4.4167 seconds
[2015.09.07-02.03.34:524][306]LogD3D11RHI: InitD3DDevice
[2015.09.07-02.03.34:548][306]LogD3D11RHI: InitD3DDevice
[2015.09.07-02.03.34:557][306]LogLinker:Warning: Asset '../../../Engine/Content/ArtTools/RenderToTexture/Macros/RenderToTextureMacros.uasset' has been saved with empty engine version. The asset will be loaded but may be incompatible.
[2015.09.07-02.03.34:636][306]LogLinker:Warning: Asset '../../../Engine/Content/ArtTools/RenderToTexture/Enums/RenderToTexture_Enum.uasset' has been saved with empty engine version. The asset will be loaded but may be incompatible.
[2015.09.07-02.03.37:566][507]LogD3D11RHI: InitD3DDevice
[2015.09.07-02.03.37:596][507]LogD3D11RHI: InitD3DDevice
[2015.09.07-02.03.38:815][601]LogRenderer: Reallocating scene render targets to support 1208x904 (Frame:945).
[2015.09.07-02.03.53:349][980]LogActorComponent: UnregisterComponent: (/Engine/Transient.ProjectileComp) Not registered. Aborting.
[2015.09.07-02.03.53:350][980]LogActorComponent: UnregisterComponent: (/Engine/Transient.CharMoveComp) Not registered. Aborting.
[2015.09.07-02.03.59:362][563]BlueprintLog: New page: Compile FirstPersonCharacter
[2015.09.07-02.03.59:452][563]LogActorComponent: UnregisterComponent: (/Engine/Transient.CharacterMovementComponent_0) Not registered. Aborting.
[2015.09.07-02.03.59:474][563]LogParticles: Destroying 0 GPU particle simulations for FXSystem 0x0000000051EF28E0
[2015.09.07-02.03.59:514][563]BlueprintEditorCompileResults: Info [0040.21] Compile of FirstPersonCharacter successful! [in 151 ms]
[2015.09.07-02.04.02:268][884]LogPlayLevel: PIE:  No blueprints needed recompiling
[2015.09.07-02.04.02:270][884]PIE: New page: PIE session: FirstPersonExampleMap (Sep 6, 2015, 6:04:02 PM)
[2015.09.07-02.04.02:271][884]LogPlayLevel: Creating play world package: /Game/FirstPerson/Maps/UEDPIE_0_FirstPersonExampleMap
[2015.09.07-02.04.02:289][884]LogPlayLevel: PIE: StaticDuplicateObject took: (0.017162s)
[2015.09.07-02.04.02:290][884]LogAIModule: Creating AISystem for world FirstPersonExampleMap
[2015.09.07-02.04.02:291][884]LogPlayLevel: PIE: World Init took: (0.001505s)
[2015.09.07-02.04.02:292][884]LogPlayLevel: PIE: Created PIE world by copying editor world from /Game/FirstPerson/Maps/FirstPersonExampleMap.FirstPersonExampleMap to /Game/FirstPerson/Maps/UEDPIE_0_FirstPersonExampleMap.FirstPersonExampleMap (0.020403s)
[2015.09.07-02.04.02:292][884]LogActorComponent: UnregisterComponent: (/Engine/Transient.CharMoveComp) Not registered. Aborting.
[2015.09.07-02.04.02:325][884]LogInit: XAudio2 using 'Haut-parleurs (C-Media USB Audio Device   )' : 2 channels at 44.1 kHz using 16 bits per sample (channel mask 0x3)
[2015.09.07-02.04.02:331][884]LogInit: FAudioDevice initialized.
[2015.09.07-02.04.02:394][884]LogWorld: Game class is 'BrainGameMode'
[2015.09.07-02.04.02:401][884]LogWorld: Bringing World /Game/FirstPerson/Maps/UEDPIE_0_FirstPersonExampleMap.FirstPersonExampleMap up for play (max tick rate 0) at 2015.09.06-22.04.02
[2015.09.07-02.04.02:402][884]LogActor:Warning: GameSession /Game/FirstPerson/Maps/UEDPIE_0_FirstPersonExampleMap.FirstPersonExampleMap:PersistentLevel.GameSession_0 has natively added scene component(s), but none of them were set as the actor's RootComponent - picking one arbitrarily
[2015.09.07-02.04.02:402][884]LogActor:Warning: GameNetworkManager /Game/FirstPerson/Maps/UEDPIE_0_FirstPersonExampleMap.FirstPersonExampleMap:PersistentLevel.GameNetworkManager_0 has natively added scene component(s), but none of them were set as the actor's RootComponent - picking one arbitrarily
[2015.09.07-02.04.02:403][884]LogWorld: Bringing up level for play took: 0.006453
[2015.09.07-02.04.02:405][884]PIE: Info Play in editor start time for /Game/FirstPerson/Maps/UEDPIE_0_FirstPersonExampleMap 0.767
[2015.09.07-02.04.19:963][974]LogParticles: Destroying 0 GPU particle simulations for FXSystem 0x000000000378C360
[2015.09.07-02.05.29:219][661]LogPlayLevel: PIE:  No blueprints needed recompiling
[2015.09.07-02.05.29:219][661]PIE: New page: PIE session: FirstPersonExampleMap (Sep 6, 2015, 6:05:29 PM)
[2015.09.07-02.05.29:220][661]LogPlayLevel: Creating play world package: /Game/FirstPerson/Maps/UEDPIE_0_FirstPersonExampleMap
[2015.09.07-02.05.29:240][661]LogPlayLevel: PIE: StaticDuplicateObject took: (0.018816s)
[2015.09.07-02.05.29:242][661]LogAIModule: Creating AISystem for world FirstPersonExampleMap
[2015.09.07-02.05.29:243][661]LogPlayLevel: PIE: World Init took: (0.002187s)
[2015.09.07-02.05.29:244][661]LogPlayLevel: PIE: Created PIE world by copying editor world from /Game/FirstPerson/Maps/FirstPersonExampleMap.FirstPersonExampleMap to /Game/FirstPerson/Maps/UEDPIE_0_FirstPersonExampleMap.FirstPersonExampleMap (0.023275s)
[2015.09.07-02.05.29:244][661]LogActorComponent: UnregisterComponent: (/Engine/Transient.ProjectileComp) Not registered. Aborting.
[2015.09.07-02.05.29:244][661]LogActorComponent: UnregisterComponent: (/Engine/Transient.CharMoveComp) Not registered. Aborting.
[2015.09.07-02.05.29:282][661]LogInit: XAudio2 using 'Haut-parleurs (C-Media USB Audio Device   )' : 2 channels at 44.1 kHz using 16 bits per sample (channel mask 0x3)
[2015.09.07-02.05.29:288][661]LogInit: FAudioDevice initialized.
[2015.09.07-02.05.29:322][661]LogWorld: Game class is 'BrainGameMode'
[2015.09.07-02.05.29:329][661]LogWorld: Bringing World /Game/FirstPerson/Maps/UEDPIE_0_FirstPersonExampleMap.FirstPersonExampleMap up for play (max tick rate 0) at 2015.09.06-22.05.29
[2015.09.07-02.05.29:330][661]LogActor:Warning: GameSession /Game/FirstPerson/Maps/UEDPIE_0_FirstPersonExampleMap.FirstPersonExampleMap:PersistentLevel.GameSession_1 has natively added scene component(s), but none of them were set as the actor's RootComponent - picking one arbitrarily
[2015.09.07-02.05.29:330][661]LogActor:Warning: GameNetworkManager /Game/FirstPerson/Maps/UEDPIE_0_FirstPersonExampleMap.FirstPersonExampleMap:PersistentLevel.GameNetworkManager_1 has natively added scene component(s), but none of them were set as the actor's RootComponent - picking one arbitrarily
[2015.09.07-02.05.29:331][661]LogWorld: Bringing up level for play took: 0.006711
[2015.09.07-02.05.29:333][661]PIE: Info Play in editor start time for /Game/FirstPerson/Maps/UEDPIE_0_FirstPersonExampleMap -0.307
[2015.09.07-02.05.49:471][ 66]LogParticles: Destroying 0 GPU particle simulations for FXSystem 0x000000002CD40FE0
[2015.09.07-02.05.54:507][647]LogD3D11RHI: InitD3DDevice
[2015.09.07-02.05.56:138][842]LogD3D11RHI: InitD3DDevice
[2015.09.07-02.06.06:307][ 50]LogPlayLevel: PIE:  No blueprints needed recompiling
[2015.09.07-02.06.06:308][ 50]PIE: New page: PIE session: FirstPersonExampleMap (Sep 6, 2015, 6:06:06 PM)
[2015.09.07-02.06.06:309][ 50]LogPlayLevel: Creating play world package: /Game/FirstPerson/Maps/UEDPIE_0_FirstPersonExampleMap
[2015.09.07-02.06.06:326][ 50]LogPlayLevel: PIE: StaticDuplicateObject took: (0.016822s)
[2015.09.07-02.06.06:327][ 50]LogAIModule: Creating AISystem for world FirstPersonExampleMap
[2015.09.07-02.06.06:329][ 50]LogPlayLevel: PIE: World Init took: (0.001783s)
[2015.09.07-02.06.06:329][ 50]LogPlayLevel: PIE: Created PIE world by copying editor world from /Game/FirstPerson/Maps/FirstPersonExampleMap.FirstPersonExampleMap to /Game/FirstPerson/Maps/UEDPIE_0_FirstPersonExampleMap.FirstPersonExampleMap (0.020571s)
[2015.09.07-02.06.06:364][ 50]LogInit: XAudio2 using 'Haut-parleurs (C-Media USB Audio Device   )' : 2 channels at 44.1 kHz using 16 bits per sample (channel mask 0x3)
[2015.09.07-02.06.06:370][ 50]LogInit: FAudioDevice initialized.
[2015.09.07-02.06.06:400][ 50]LogWorld: Game class is 'BrainGameMode'
[2015.09.07-02.06.06:407][ 50]LogWorld: Bringing World /Game/FirstPerson/Maps/UEDPIE_0_FirstPersonExampleMap.FirstPersonExampleMap up for play (max tick rate 0) at 2015.09.06-22.06.06
[2015.09.07-02.06.06:407][ 50]LogActor:Warning: GameSession /Game/FirstPerson/Maps/UEDPIE_0_FirstPersonExampleMap.FirstPersonExampleMap:PersistentLevel.GameSession_2 has natively added scene component(s), but none of them were set as the actor's RootComponent - picking one arbitrarily
[2015.09.07-02.06.06:408][ 50]LogActor:Warning: GameNetworkManager /Game/FirstPerson/Maps/UEDPIE_0_FirstPersonExampleMap.FirstPersonExampleMap:PersistentLevel.GameNetworkManager_2 has natively added scene component(s), but none of them were set as the actor's RootComponent - picking one arbitrarily
[2015.09.07-02.06.06:409][ 50]LogWorld: Bringing up level for play took: 0.006589
[2015.09.07-02.06.06:410][ 50]PIE: Info Play in editor start time for /Game/FirstPerson/Maps/UEDPIE_0_FirstPersonExampleMap 0.769
[2015.09.07-02.06.10:299][489]LogParticles: Destroying 0 GPU particle simulations for FXSystem 0x0000000017641EE0
[2015.09.07-02.06.16:274][202]LogPlayLevel: PIE:  No blueprints needed recompiling
[2015.09.07-02.06.16:275][202]PIE: New page: PIE session: FirstPersonExampleMap (Sep 6, 2015, 6:06:16 PM)
[2015.09.07-02.06.16:275][202]LogPlayLevel: Creating play world package: /Game/FirstPerson/Maps/UEDPIE_0_FirstPersonExampleMap
[2015.09.07-02.06.16:293][202]LogPlayLevel: PIE: StaticDuplicateObject took: (0.017275s)
[2015.09.07-02.06.16:294][202]LogAIModule: Creating AISystem for world FirstPersonExampleMap
[2015.09.07-02.06.16:295][202]LogPlayLevel: PIE: World Init took: (0.001823s)
[2015.09.07-02.06.16:296][202]LogPlayLevel: PIE: Created PIE world by copying editor world from /Game/FirstPerson/Maps/FirstPersonExampleMap.FirstPersonExampleMap to /Game/FirstPerson/Maps/UEDPIE_0_FirstPersonExampleMap.FirstPersonExampleMap (0.020774s)
[2015.09.07-02.06.16:329][202]LogInit: XAudio2 using 'Haut-parleurs (C-Media USB Audio Device   )' : 2 channels at 44.1 kHz using 16 bits per sample (channel mask 0x3)
[2015.09.07-02.06.16:335][202]LogInit: FAudioDevice initialized.
[2015.09.07-02.06.16:367][202]LogWorld: Game class is 'BrainGameMode'
[2015.09.07-02.06.16:374][202]LogWorld: Bringing World /Game/FirstPerson/Maps/UEDPIE_0_FirstPersonExampleMap.FirstPersonExampleMap up for play (max tick rate 0) at 2015.09.06-22.06.16
[2015.09.07-02.06.16:374][202]LogActor:Warning: GameSession /Game/FirstPerson/Maps/UEDPIE_0_FirstPersonExampleMap.FirstPersonExampleMap:PersistentLevel.GameSession_3 has natively added scene component(s), but none of them were set as the actor's RootComponent - picking one arbitrarily
[2015.09.07-02.06.16:375][202]LogActor:Warning: GameNetworkManager /Game/FirstPerson/Maps/UEDPIE_0_FirstPersonExampleMap.FirstPersonExampleMap:PersistentLevel.GameNetworkManager_3 has natively added scene component(s), but none of them were set as the actor's RootComponent - picking one arbitrarily
[2015.09.07-02.06.16:376][202]LogWorld: Bringing up level for play took: 0.006557
[2015.09.07-02.06.16:377][202]PIE: Info Play in editor start time for /Game/FirstPerson/Maps/UEDPIE_0_FirstPersonExampleMap 0.736
[2015.09.07-02.06.17:571][329]LogParticles: Destroying 0 GPU particle simulations for FXSystem 0x0000000015676B60
[2015.09.07-02.06.37:418][754]LogD3D11RHI: InitD3DDevice
[2015.09.07-02.06.38:549][889]LogD3D11RHI: InitD3DDevice
[2015.09.07-02.07.18:851][774]LogPlayLevel: PIE:  No blueprints needed recompiling
[2015.09.07-02.07.18:852][774]PIE: New page: PIE session: FirstPersonExampleMap (Sep 6, 2015, 6:07:18 PM)
[2015.09.07-02.07.18:853][774]LogPlayLevel: Creating play world package: /Game/FirstPerson/Maps/UEDPIE_0_FirstPersonExampleMap
[2015.09.07-02.07.18:870][774]LogPlayLevel: PIE: StaticDuplicateObject took: (0.017468s)
[2015.09.07-02.07.18:872][774]LogAIModule: Creating AISystem for world FirstPersonExampleMap
[2015.09.07-02.07.18:874][774]LogPlayLevel: PIE: World Init took: (0.002255s)
[2015.09.07-02.07.18:874][774]LogPlayLevel: PIE: Created PIE world by copying editor world from /Game/FirstPerson/Maps/FirstPersonExampleMap.FirstPersonExampleMap to /Game/FirstPerson/Maps/UEDPIE_0_FirstPersonExampleMap.FirstPersonExampleMap (0.021797s)
[2015.09.07-02.07.18:876][774]LogActorComponent: UnregisterComponent: (/Engine/Transient.ProjectileComp) Not registered. Aborting.
[2015.09.07-02.07.18:877][774]LogActorComponent: UnregisterComponent: (/Engine/Transient.CharMoveComp) Not registered. Aborting.
[2015.09.07-02.07.18:914][774]LogInit: XAudio2 using 'Haut-parleurs (C-Media USB Audio Device   )' : 2 channels at 44.1 kHz using 16 bits per sample (channel mask 0x3)
[2015.09.07-02.07.18:920][774]LogInit: FAudioDevice initialized.
[2015.09.07-02.07.18:963][774]LogWorld: Game class is 'BrainGameMode'
[2015.09.07-02.07.18:978][774]LogWorld: Bringing World /Game/FirstPerson/Maps/UEDPIE_0_FirstPersonExampleMap.FirstPersonExampleMap up for play (max tick rate 0) at 2015.09.06-22.07.18
[2015.09.07-02.07.18:979][774]LogActor:Warning: GameSession /Game/FirstPerson/Maps/UEDPIE_0_FirstPersonExampleMap.FirstPersonExampleMap:PersistentLevel.GameSession_4 has natively added scene component(s), but none of them were set as the actor's RootComponent - picking one arbitrarily
[2015.09.07-02.07.18:979][774]LogActor:Warning: GameNetworkManager /Game/FirstPerson/Maps/UEDPIE_0_FirstPersonExampleM