[2015.09.07-01.58.28:242][  0]Log file open, 09/06/15 21:58:28
[2015.09.07-01.58.28:242][  0]LogInit:Display: Running engine for game: Brain
[2015.09.07-01.58.28:242][  0]LogInit:Display: RandInit(1935520764) SRandInit(1935520765).
[2015.09.07-01.58.28:242][  0]LogTaskGraph: Started task graph with 4 named threads and 7 total threads.
[2015.09.07-01.58.28:243][  0]LogStats: Stats thread started
[2015.09.07-01.58.28:243][  0]LogInit: Version: 4.8.3-2634408+++depot+UE4-Releases+4.8
[2015.09.07-01.58.28:243][  0]LogInit: API Version: 2579680
[2015.09.07-01.58.28:243][  0]LogInit: Compiled (64-bit): Jul 27 2015 16:24:33
[2015.09.07-01.58.28:244][  0]LogInit: Compiled with Visual C++: 18.00.21005.01
[2015.09.07-01.58.28:244][  0]LogInit: Build Configuration: Development
[2015.09.07-01.58.28:244][  0]LogInit: Branch Name: ++depot+UE4-Releases+4.8
[2015.09.07-01.58.28:244][  0]LogInit: Command line: 
[2015.09.07-01.58.28:244][  0]LogInit: Base directory: C:/Program Files/Epic Games/4.8/Engine/Binaries/Win64/
[2015.09.07-01.58.28:245][  0]LogInit: Rocket: 1
[2015.09.07-01.58.28:262][  0]LogInit: Using libcurl 7.41.0
[2015.09.07-01.58.28:262][  0]LogInit:  - built for x86_64-pc-win32
[2015.09.07-01.58.28:262][  0]LogInit:  - supports SSL with WinSSL
[2015.09.07-01.58.28:262][  0]LogInit:  - other features:
[2015.09.07-01.58.28:263][  0]LogInit:      CURL_VERSION_SSL
[2015.09.07-01.58.28:263][  0]LogInit:      CURL_VERSION_IPV6
[2015.09.07-01.58.28:263][  0]LogInit:      CURL_VERSION_ASYNCHDNS
[2015.09.07-01.58.28:263][  0]LogInit:      CURL_VERSION_LARGEFILE
[2015.09.07-01.58.28:263][  0]LogInit:      CURL_VERSION_IDN
[2015.09.07-01.58.28:264][  0]LogInit:  CurlRequestOptions (configurable via config and command line):
[2015.09.07-01.58.28:264][  0]LogInit:  - bVerifyPeer = true  - Libcurl will verify peer certificate
[2015.09.07-01.58.28:264][  0]LogInit:  - bUseHttpProxy = false  - Libcurl will NOT use HTTP proxy
[2015.09.07-01.58.28:264][  0]LogInit:  - bDontReuseConnections = false  - Libcurl will reuse connections
[2015.09.07-01.58.28:265][  0]LogInit:  - CertBundlePath = nullptr  - Libcurl will use whatever was configured at build time.
[2015.09.07-01.58.28:280][  0]LogOnline:Warning: No default platform service specified for OnlineSubsystem
[2015.09.07-01.58.28:315][  0]LogInit: Presizing for 0 objects not considered by GC, pre-allocating 0 bytes.
[2015.09.07-01.58.28:322][  0]LogInit: Object subsystem initialized
[2015.09.07-01.58.28:324][  0]LogConsoleResponse:Warning: Skipping Unknown console variable: 'TranslucentSortAxis = (X=0.000000,Y=-1.000000,Z=0.000000)'
[2015.09.07-01.58.28:324][  0]LogConsoleResponse:Warning:   Found in ini file 'C:/Users/frederic/Documents/Unreal Projects/Brain/Saved/Config/Windows/Engine.ini', in section '[/Script/Engine.RendererSettings]'
[2015.09.07-01.58.28:324][  0]LogConsoleResponse:Warning: Skipping Unknown console variable: 'UIScaleRule = ShortestSide'
[2015.09.07-01.58.28:325][  0]LogConsoleResponse:Warning:   Found in ini file 'C:/Users/frederic/Documents/Unreal Projects/Brain/Saved/Config/Windows/Engine.ini', in section '[/Script/Engine.RendererSettings]'
[2015.09.07-01.58.28:325][  0]LogConsoleResponse:Warning: Skipping Unknown console variable: 'UIScaleCurve = (EditorCurveData=(Keys=),ExternalCurve=None)'
[2015.09.07-01.58.28:325][  0]LogConsoleResponse:Warning:   Found in ini file 'C:/Users/frederic/Documents/Unreal Projects/Brain/Saved/Config/Windows/Engine.ini', in section '[/Script/Engine.RendererSettings]'
[2015.09.07-01.58.28:326][  0]LogInit: Selected Device Profile: [Windows]
[2015.09.07-01.58.28:326][  0]LogInit: Applying CVar settings loaded from the selected device profile: [Windows]
[2015.09.07-01.58.28:332][  0]LogInit: Computer: FREDERIC-PC
[2015.09.07-01.58.28:333][  0]LogInit: User: frederic
[2015.09.07-01.58.28:333][  0]LogInit: CPU Page size=4096, Cores=4
[2015.09.07-01.58.28:333][  0]LogInit: High frequency timer resolution =3.331250 MHz
[2015.09.07-01.58.28:334][  0]LogMemory: Memory total: Physical=15.9GB (16GB approx)
[2015.09.07-01.58.28:334][  0]LogMemory: Platform Memory Stats for Windows
[2015.09.07-01.58.28:334][  0]LogMemory: Process Physical Memory: 49.67 MB used, 49.67 MB peak
[2015.09.07-01.58.28:334][  0]LogMemory: Process Virtual Memory: 25.45 MB used, 25.45 MB peak
[2015.09.07-01.58.28:335][  0]LogMemory: Physical Memory: 6837.91 MB used, 16288.39 MB total
[2015.09.07-01.58.28:335][  0]LogMemory: Virtual Memory: 283.87 MB used, 8388608.00 MB total
[2015.09.07-01.58.28:403][  0]LogTextLocalizationManager: The requested culture ('fr_CA') has no localization data; falling back to 'en' for localization and internationalization data.
[2015.09.07-01.58.28:607][  0]LogTextLocalizationManager:Warning: Loaded localization resources contain conflicting entries for (Namespace:ContentBrowser, Key:ImportAssetToolTip):
Localization Resource: (C:/Program Files/Epic Games/4.8/Engine/Content/Localization/Editor/en/Editor.locres) Source String Hash: (-630476809) Localized String: (Import to {0}...)
Localization Resource: (C:/Program Files/Epic Games/4.8/Engine/Content/Localization/Editor/en/Editor.locres) Source String Hash: (1271782899) Localized String: (Imports an asset from file to this folder.)
[2015.09.07-01.58.28:951][  0]LogD3D11RHI: Found D3D11 adapter 0: NVIDIA GeForce GTX 970 (Feature Level 11_0)
[2015.09.07-01.58.28:951][  0]LogD3D11RHI: Adapter has 4008MB of dedicated video memory, 0MB of dedicated system memory, and 7888MB of shared system memory, 1 output[s]
[2015.09.07-01.58.28:958][  0]LogD3D11RHI: Found D3D11 adapter 1: Intel(R) HD Graphics 3000 (Feature Level 10_0)
[2015.09.07-01.58.28:958][  0]LogD3D11RHI: Adapter has 64MB of dedicated video memory, 0MB of dedicated system memory, and 1632MB of shared system memory, 0 output[s]
[2015.09.07-01.58.28:959][  0]LogD3D11RHI: Chosen D3D11 Adapter Id = 0
[2015.09.07-01.58.28:963][  0]LogD3D11RHI: InitD3DDevice
[2015.09.07-01.58.28:963][  0]LogD3D11RHI: !Direct3DDevice
[2015.09.07-01.58.28:964][  0]LogRHI: Texture pool is 1361 MB (70% of 1945 MB)
[2015.09.07-01.58.29:011][  0]LogD3D11RHI: Async texture creation enabled
[2015.09.07-01.58.29:026][  0]LogShaderCompilers:Display: Using Local Shader Compiler.
[2015.09.07-01.58.29:809][  0]LogTemp:Display: Loaded TP DesktopTargetPlatform
[2015.09.07-01.58.29:831][  0]LogTemp:Display: Loaded TP WindowsClientTargetPlatform
[2015.09.07-01.58.29:853][  0]LogTemp:Display: Loaded TP WindowsNoEditorTargetPlatform
[2015.09.07-01.58.29:875][  0]LogTemp:Display: Loaded TP WindowsServerTargetPlatform
[2015.09.07-01.58.29:899][  0]LogTemp:Display: Loaded TP WindowsTargetPlatform
[2015.09.07-01.58.29:916][  0]LogTemp:Display: Loaded TP AndroidTargetPlatform
[2015.09.07-01.58.29:932][  0]LogTemp:Display: Loaded TP Android_ASTCTargetPlatform
[2015.09.07-01.58.29:949][  0]LogTemp:Display: Loaded TP Android_ATCTargetPlatform
[2015.09.07-01.58.29:969][  0]LogTemp:Display: Loaded TP Android_DXTTargetPlatform
[2015.09.07-01.58.29:987][  0]LogTemp:Display: Loaded TP Android_ETC1TargetPlatform
[2015.09.07-01.58.30:007][  0]LogTemp:Display: Loaded TP Android_ETC2TargetPlatform
[2015.09.07-01.58.30:026][  0]LogTemp:Display: Loaded TP Android_PVRTCTargetPlatform
[2015.09.07-01.58.30:096][  0]LogTemp:Display: Loaded TP IOSTargetPlatform
[2015.09.07-01.58.30:112][  0]LogTemp:Display: Loaded TP LinuxNoEditorTargetPlatform
[2015.09.07-01.58.30:128][  0]LogTemp:Display: Loaded TP LinuxServerTargetPlatform
[2015.09.07-01.58.30:145][  0]LogTemp:Display: Loaded TP LinuxTargetPlatform
[2015.09.07-01.58.30:146][  0]LogTargetPlatformManager:Display: Building Assets For Windows
[2015.09.07-01.58.30:458][  0]LogDerivedDataCache:Display: Max Cache Size: 512 MB
[2015.09.07-01.58.30:510][  0]LogDerivedDataCache: Loaded boot cache 0.05s 61MB C:/Users/frederic/AppData/Local/UnrealEngine/4.8/DerivedDataCache/Boot.ddc.
[2015.09.07-01.58.30:511][  0]LogDerivedDataCache:Display: Loaded Boot cache: C:/Users/frederic/AppData/Local/UnrealEngine/4.8/DerivedDataCache/Boot.ddc
[2015.09.07-01.58.30:511][  0]LogDerivedDataCache: FDerivedDataBackendGraph:  Pak pak cache file ../../../../../../Users/frederic/Documents/Unreal Projects/Brain/DerivedDataCache/DDC.ddp not found, will not use a pak cache.
[2015.09.07-01.58.30:511][  0]LogDerivedDataCache: Unable to find inner node Pak for hierarchical cache Hierarchy.
[2015.09.07-01.58.30:512][  0]LogDerivedDataCache: FDerivedDataBackendGraph:  CompressedPak pak cache file ../../../../../../Users/frederic/Documents/Unreal Projects/Brain/DerivedDataCache/Compressed.ddp not found, will not use a pak cache.
[2015.09.07-01.58.30:512][  0]LogDerivedDataCache: Unable to find inner node CompressedPak for hierarchical cache Hierarchy.
[2015.09.07-01.58.30:658][  0]LogDerivedDataCache:Display: Pak cache opened for reading ../../../Engine/DerivedDataCache/Compressed.ddp.
[2015.09.07-01.58.30:670][  0]LogDerivedDataCache: Using Local data cache path C:/Users/frederic/AppData/Local/UnrealEngine/Common/DerivedDataCache: Writable
[2015.09.07-01.58.30:877][  0]LogInit: Selected Device Profile: [Windows]
[2015.09.07-01.58.30:884][  0]ImportText (ComponentSweepMultiTests): Missing closing parenthesis: (RootShapeAsset="/Engine/BasicShapes/Cube.Cube",ShapeType="TriggerCapsule",HitResult=(Time=0.50,Location=(X=-100.000015,Y=0.0,Z=100.000015),ImpactPoint=(X=-50.0,Y=0.0,Z=50.0),Normal=(X=-1.0,Y=-0.0,Z=0.0),ImpactNormal=(X=0.0,Y=0.0,Z=1.0),TraceStart=(X=-200.0,Y=0.0,Z=200.0),TraceEnd=(X=0.0,Y=0.0,Z=0.0))
[2015.09.07-01.58.30:885][  0]ImportText (LineTraceSingleByChannelTests): Missing closing parenthesis: (RootShapeAsset="/Engine/BasicShapes/Cube.Cube",HitResult=(Time=0.50,Location=(X=-100.000015,Y=0.0,Z=100.000015),ImpactPoint=(X=-50.0,Y=0.0,Z=50.0),Normal=(X=-1.0,Y=-0.0,Z=0.0),ImpactNormal=(X=0.0,Y=0.0,Z=1.0),TraceStart=(X=-200.0,Y=0.0,Z=200.0),TraceEnd=(X=0.0,Y=0.0,Z=0.0))
[2015.09.07-01.58.30:923][  0]LogMeshUtilities: No automatic mesh reduction module available
[2015.09.07-01.58.30:924][  0]LogMeshUtilities: No automatic mesh merging module available
[2015.09.07-01.58.31:322][  0]LogInit: WinSock: version 1.1 (2.2), MaxSocks=32767, MaxUdp=65467
[2015.09.07-01.58.32:504][  0]UdpMessaging: Initializing bridge on interface 0.0.0.0:0 to multicast group 230.0.0.1:6666.
[2015.09.07-01.58.33:329][  0]SourceControl: Info Source control is disabled
[2015.09.07-01.58.33:353][  0]SourceControl: Info Source control is disabled
[2015.09.07-01.58.33:372][  0]SourceControl: Info Source control is disabled
[2015.09.07-01.58.33:392][  0]SourceControl: Info Source control is disabled
[2015.09.07-01.58.33:707][  0]LogObj: 31314 objects as part of root set at end of initial load.
[2015.09.07-01.58.33:707][  0]LogUObjectAllocator: 7182784 out of 0 bytes used by permanent object pool.
[2015.09.07-01.58.33:798][  0]LogEngine: Initializing Engine...
[2015.09.07-01.58.33:801][  0]LogHMD: Can't find Oculus library dev build: is proper Runtime installed? Version: 0.6.0.0
[2015.09.07-01.58.33:805][  0]LogHMD:Warning: SteamVR failed to initialize.  Error: 110
[2015.09.07-01.58.33:962][  0]LogAIModule: Creating AISystem for world NewWorld
[2015.09.07-01.58.33:976][  0]LogInit: XAudio2 using 'Haut-parleurs (C-Media USB Audio Device   )' : 2 channels at 44.1 kHz using 16 bits per sample (channel mask 0x3)
[2015.09.07-01.58.34:004][  0]LogInit: FAudioDevice initialized.
[2015.09.07-01.58.34:034][  0]LogDerivedDataCache: Saved boot cache 0.03s 61MB C:/Users/frederic/AppData/Local/UnrealEngine/4.8/DerivedDataCache/Boot.ddc.
[2015.09.07-01.58.34:043][  0]LogInit: Texture streaming: Disabled
[2015.09.07-01.58.34:077][  0]LogAnalytics: Creating configured Analytics provider AnalyticsET
[2015.09.07-01.58.34:077][  0]LogAnalytics: [UEEditor.Rocket.Release] APIServer = http://et2.epicgames.com/ET2/. AppVersion = 4.8.3-2634408+++depot+UE4-Releases+4.8
[2015.09.07-01.58.34:077][  0]LogAnalytics: [UEEditor.Rocket.Release] SetUserId c8da8d664a36a98701fe659c10ae4ff8|70626fa7f476448fb82ad9618fbbb1ab|00e7fb16-00c3-4af4-a2a1-2cc8013aae38
[2015.09.07-01.58.34:078][  0]LogAnalytics: [UEEditor.Rocket.Release] AnalyticsET::StartSession
[2015.09.07-01.58.34:105][  0]LogInit: Transaction tracking system initialized
[2015.09.07-01.58.34:312][  0]BlueprintLog: New page: Editor Load
[2015.09.07-01.58.34:357][  0]LogAssetRegistry: FAssetRegistry took 0.0102 seconds to start up
[2015.09.07-01.58.34:358][  0]LogDirectoryWatcher:Warning: Failed to begin reading directory changes for ../../../Engine/Plugins/Experimental/CharacterAI/Content/. Error: 0
[2015.09.07-01.58.35:361][  0]LogConsoleManager:Warning: Console variable 'r.VSync' wasn't set ('GameSetting' has a lower priority than 'SystemSettingsIni')
[2015.09.07-01.58.35:362][  0]LogConsoleResponse:Display: 
[2015.09.07-01.58.35:459][  0]LogCook:Display: Done creating registry. It took  0.00s.
[2015.09.07-01.58.35:725][  0]SourceControl: Info Source control is disabled
[2015.09.07-01.58.35:726][  0]Cmd: MAP LOAD FILE="../../../../../../Users/frederic/Documents/Unreal Projects/Brain/Content/FirstPerson/Maps/FirstPersonExampleMap.umap" TEMPLATE=0 SHOWPROGRESS=1 FEATURELEVEL=3
[2015.09.07-01.58.35:727][  0]LightingResults: New page: Lighting Build
[2015.09.07-01.58.35:742][  0]MapCheck: New page: Map Check
[2015.09.07-01.58.35:742][  0]LightingResults: New page: Lighting Build
[2015.09.07-01.58.35:752][  0]LogParticles: Destroying 0 GPU particle simulations for FXSystem 0x000000001CB2A200
[2015.09.07-01.58.36:389][  0]LogAIModule: Creating AISystem for world FirstPersonExampleMap
[2015.09.07-01.58.36:400][  0]LogEditorServer: Finished looking for orphan Actors (0.000 secs)
[2015.09.07-01.58.37:423][  0]Cmd: MAP CHECKDEP NOCLEARLOG
[2015.09.07-01.58.37:463][  0]MapCheck: Info Map check complete: 0 Error(s), 0 Warning(s), took 39.329ms to complete.
[2015.09.07-01.58.37:464][  0]LogFileHelpers: Loading map 'FirstPersonExampleMap' took 1.738
[2015.09.07-01.58.37:579][  0]LogCollectionManager: Loaded 0 collections in 0.001939 seconds
[2015.09.07-01.58.37:587][  0]LogContentBrowser: Native class hierarchy populated in 0.0072 seconds. Added 1798 classes and 303 folders.
[2015.09.07-01.58.37:653][  0]LogContentBrowser: Native class hierarchy updated for 'WidgetCarousel' in 0.0014 seconds. Added 0 classes and 0 folders.
[2015.09.07-01.58.37:691][  0]LogContentBrowser: Native class hierarchy updated for 'AddContentDialog' in 0.0014 seconds. Added 0 classes and 0 folders.
[2015.09.07-01.58.37:720][  0]LogContentBrowser: Native class hierarchy updated for 'SceneOutliner' in 0.0014 seconds. Added 1 classes and 2 folders.
[2015.09.07-01.58.37:779][  0]LogCrashTracker: Crashtracker disabled due to settings.
[2015.09.07-01.58.37:780][  0]LogD3D11RHI: InitD3DDevice
[2015.09.07-01.58.37:784][  0]LogUObjectGlobals:Warning: Failed to find object 'Class None.'
[2015.09.07-01.58.37:805][  0]LogLoad: Full Startup: 11.50 seconds (BP compile: 0.27 seconds)
[2015.09.07-01.58.37:862][  0]LogContentStreaming: Texture pool size is 0.000000MB
[2015.09.07-01.58.37:900][  0]LogContentStreaming: Texture pool size now 1000 MB
[2015.09.07-01.58.38:015][  0]LogRenderer: Reallocating scene render targets to support 1208x560 (Frame:2).
[2015.09.07-01.58.38:426][  6]LogAssetRegistry: Asset discovery search completed in 4.0796 seconds
[2015.09.07-01.58.38:969][ 55]LogD3D11RHI: InitD3DDevice
[2015.09.07-01.58.39:875][161]LogPlayLevel: PIE:  No blueprints needed recompiling
[2015.09.07-01.58.39:877][161]PIE: New page: PIE session: FirstPersonExampleMap (Sep 6, 2015, 5:58:39 PM)
[2015.09.07-01.58.39:878][161]LogPlayLevel: Creating play world package: /Game/FirstPerson/Maps/UEDPIE_0_FirstPersonExampleMap
[2015.09.07-01.58.39:895][161]LogPlayLevel: PIE: StaticDuplicateObject took: (0.017130s)
[2015.09.07-01.58.39:897][161]LogAIModule: Creating AISystem for world FirstPersonExampleMap
[2015.09.07-01.58.39:898][161]LogPlayLevel: PIE: World Init took: (0.002204s)
[2015.09.07-01.58.39:899][161]LogPlayLevel: PIE: Created PIE world by copying editor world from /Game/FirstPerson/Maps/FirstPersonExampleMap.FirstPersonExampleMap to /Game/FirstPerson/Maps/UEDPIE_0_FirstPersonExampleMap.FirstPersonExampleMap (0.020862s)
[2015.09.07-01.58.39:899][161]LogActorComponent: UnregisterComponent: (/Engine/Transient.ProjectileComp) Not registered. Aborting.
[2015.09.07-01.58.39:899][161]LogActorComponent: UnregisterComponent: (/Engine/Transient.CharMoveComp) Not registered. Aborting.
[2015.09.07-01.58.39:939][161]LogInit: XAudio2 using 'Haut-parleurs (C-Media USB Audio Device   )' : 2 channels at 44.1 kHz using 16 bits per sample (channel mask 0x3)
[2015.09.07-01.58.39:945][161]LogInit: FAudioDevice initialized.
[2015.09.07-01.58.39:992][161]LogWorld: Game class is 'BrainGameMode'
[2015.09.07-01.58.39:999][161]LogWorld: Bringing World /Game/FirstPerson/Maps/UEDPIE_0_FirstPersonExampleMap.FirstPersonExampleMap up for play (max tick rate 0) at 2015.09.06-21.58.39
[2015.09.07-01.58.40:000][161]LogActor:Warning: GameSession /Game/FirstPerson/Maps/UEDPIE_0_FirstPersonExampleMap.FirstPersonExampleMap:PersistentLevel.GameSession_0 has natively added scene component(s), but none of them were set as the actor's RootComponent - picking one arbitrarily
[2015.09.07-01.58.40:000][161]LogActor:Warning: GameNetworkManager /Game/FirstPerson/Maps/UEDPIE_0_FirstPersonExampleMap.FirstPersonExampleMap:PersistentLevel.GameNetworkManager_0 has natively added scene component(s), but none of them were set as the actor's RootComponent - picking one arbitrarily
[2015.09.07-01.58.40:001][161]LogWorld: Bringing up level for play took: 0.006825
[2015.09.07-01.58.40:003][161]PIE: Info Play in editor start time for /Game/FirstPerson/Maps/UEDPIE_0_FirstPersonExampleMap 0.372
[2015.09.07-01.58.50:442][400]LogParticles: Destroying 0 GPU particle simulations for FXSystem 0x000000000FEAF060
[2015.09.07-01.58.52:238][611]LogD3D11RHI: InitD3DDevice
[2015.09.07-01.58.52:265][611]LogD3D11RHI: InitD3DDevice
[2015.09.07-01.58.52:274][611]LogLinker:Warning: Asset '../../../Engine/Content/ArtTools/RenderToTexture/Macros/RenderToTextureMacros.uasset' has been saved with empty engine version. The asset will be loaded but may be incompatible.
[2015.09.07-01.58.52:353][611]LogLinker:Warning: Asset '../../../Engine/Content/ArtTools/RenderToTexture/Enums/RenderToTexture_Enum.uasset' has been saved with empty engine version. The asset will be loaded but may be incompatible.
[2015.09.07-01.59.03:192][687]LogActorComponent: UnregisterComponent: (/Engine/Transient.ProjectileComp) Not registered. Aborting.
[2015.09.07-01.59.03:192][687]LogActorComponent: UnregisterComponent: (/Engine/Transient.CharMoveComp) Not registered. Aborting.
[2015.09.07-01.59.07:912][241]LogPlayLevel: PIE:  No blueprints needed recompiling
[2015.09.07-01.59.07:913][241]PIE: New page: PIE session: FirstPersonExampleMap (Sep 6, 2015, 5:59:07 PM)
[2015.09.07-01.59.07:914][241]LogPlayLevel: Creating play world package: /Game/FirstPerson/Maps/UEDPIE_0_FirstPersonExampleMap
[2015.09.07-01.59.07:930][241]LogPlayLevel: PIE: StaticDuplicateObject took: (0.015688s)
[2015.09.07-01.59.07:931][241]LogAIModule: Creating AISystem for world FirstPersonExampleMap
[2015.09.07-01.59.07:932][241]LogPlayLevel: PIE: World Init took: (0.001793s)
[2015.09.07-01.59.07:933][241]LogPlayLevel: PIE: Created PIE world by copying editor world from /Game/FirstPerson/Maps/FirstPersonExampleMap.FirstPersonExampleMap to /Game/FirstPerson/Maps/UEDPIE_0_FirstPersonExampleMap.FirstPersonExampleMap (0.019041s)
[2015.09.07-01.59.07:933][241]LogActorComponent: UnregisterComponent: (/Engine/Transient.CharacterMovementComponent_0) Not registered. Aborting.
[2015.09.07-01.59.07:973][241]LogInit: XAudio2 using 'Haut-parleurs (C-Media USB Audio Device   )' : 2 channels at 44.1 kHz using 16 bits per sample (channel mask 0x3)
[2015.09.07-01.59.07:979][241]LogInit: FAudioDevice initialized.
[2015.09.07-01.59.08:012][241]LogWorld: Game class is 'BrainGameMode'
[2015.09.07-01.59.08:019][241]LogWorld: Bringing World /Game/FirstPerson/Maps/UEDPIE_0_FirstPersonExampleMap.FirstPersonExampleMap up for play (max tick rate 0) at 2015.09.06-21.59.08
[2015.09.07-01.59.08:019][241]LogActor:Warning: GameSession /Game/FirstPerson/Maps/UEDPIE_0_FirstPersonExampleMap.FirstPersonExampleMa