[2015.09.07-18.12.34:062][  0]Log file open, 09/07/15 14:12:34
[2015.09.07-18.12.34:062][  0]LogInit:Display: Running engine for game: Brain
[2015.09.07-18.12.34:063][  0]LogInit:Display: RandInit(-478901832) SRandInit(-478901832).
[2015.09.07-18.12.34:063][  0]LogTaskGraph: Started task graph with 4 named threads and 7 total threads.
[2015.09.07-18.12.34:064][  0]LogStats: Stats thread started
[2015.09.07-18.12.34:064][  0]LogInit: Version: 4.8.3-2634408+++depot+UE4-Releases+4.8
[2015.09.07-18.12.34:065][  0]LogInit: API Version: 2579680
[2015.09.07-18.12.34:065][  0]LogInit: Compiled (64-bit): Jul 27 2015 16:24:33
[2015.09.07-18.12.34:065][  0]LogInit: Compiled with Visual C++: 18.00.21005.01
[2015.09.07-18.12.34:065][  0]LogInit: Build Configuration: Development
[2015.09.07-18.12.34:066][  0]LogInit: Branch Name: ++depot+UE4-Releases+4.8
[2015.09.07-18.12.34:066][  0]LogInit: Command line: 
[2015.09.07-18.12.34:066][  0]LogInit: Base directory: C:/Program Files/Epic Games/4.8/Engine/Binaries/Win64/
[2015.09.07-18.12.34:066][  0]LogInit: Rocket: 1
[2015.09.07-18.12.34:092][  0]LogInit: Using libcurl 7.41.0
[2015.09.07-18.12.34:093][  0]LogInit:  - built for x86_64-pc-win32
[2015.09.07-18.12.34:093][  0]LogInit:  - supports SSL with WinSSL
[2015.09.07-18.12.34:094][  0]LogInit:  - other features:
[2015.09.07-18.12.34:094][  0]LogInit:      CURL_VERSION_SSL
[2015.09.07-18.12.34:094][  0]LogInit:      CURL_VERSION_IPV6
[2015.09.07-18.12.34:094][  0]LogInit:      CURL_VERSION_ASYNCHDNS
[2015.09.07-18.12.34:095][  0]LogInit:      CURL_VERSION_LARGEFILE
[2015.09.07-18.12.34:095][  0]LogInit:      CURL_VERSION_IDN
[2015.09.07-18.12.34:096][  0]LogInit:  CurlRequestOptions (configurable via config and command line):
[2015.09.07-18.12.34:096][  0]LogInit:  - bVerifyPeer = true  - Libcurl will verify peer certificate
[2015.09.07-18.12.34:096][  0]LogInit:  - bUseHttpProxy = false  - Libcurl will NOT use HTTP proxy
[2015.09.07-18.12.34:096][  0]LogInit:  - bDontReuseConnections = false  - Libcurl will reuse connections
[2015.09.07-18.12.34:097][  0]LogInit:  - CertBundlePath = nullptr  - Libcurl will use whatever was configured at build time.
[2015.09.07-18.12.34:110][  0]LogOnline:Warning: No default platform service specified for OnlineSubsystem
[2015.09.07-18.12.34:146][  0]LogInit: Presizing for 0 objects not considered by GC, pre-allocating 0 bytes.
[2015.09.07-18.12.34:153][  0]LogInit: Object subsystem initialized
[2015.09.07-18.12.34:154][  0]LogConsoleResponse:Warning: Skipping Unknown console variable: 'TranslucentSortAxis = (X=0.000000,Y=-1.000000,Z=0.000000)'
[2015.09.07-18.12.34:154][  0]LogConsoleResponse:Warning:   Found in ini file 'C:/Users/frederic/Documents/Unreal Projects/Brain/Saved/Config/Windows/Engine.ini', in section '[/Script/Engine.RendererSettings]'
[2015.09.07-18.12.34:155][  0]LogConsoleResponse:Warning: Skipping Unknown console variable: 'UIScaleRule = ShortestSide'
[2015.09.07-18.12.34:155][  0]LogConsoleResponse:Warning:   Found in ini file 'C:/Users/frederic/Documents/Unreal Projects/Brain/Saved/Config/Windows/Engine.ini', in section '[/Script/Engine.RendererSettings]'
[2015.09.07-18.12.34:155][  0]LogConsoleResponse:Warning: Skipping Unknown console variable: 'UIScaleCurve = (EditorCurveData=(Keys=),ExternalCurve=None)'
[2015.09.07-18.12.34:155][  0]LogConsoleResponse:Warning:   Found in ini file 'C:/Users/frederic/Documents/Unreal Projects/Brain/Saved/Config/Windows/Engine.ini', in section '[/Script/Engine.RendererSettings]'
[2015.09.07-18.12.34:156][  0]LogInit: Selected Device Profile: [Windows]
[2015.09.07-18.12.34:156][  0]LogInit: Applying CVar settings loaded from the selected device profile: [Windows]
[2015.09.07-18.12.34:162][  0]LogInit: Computer: FREDERIC-PC
[2015.09.07-18.12.34:163][  0]LogInit: User: frederic
[2015.09.07-18.12.34:163][  0]LogInit: CPU Page size=4096, Cores=4
[2015.09.07-18.12.34:163][  0]LogInit: High frequency timer resolution =3.331269 MHz
[2015.09.07-18.12.34:164][  0]LogMemory: Memory total: Physical=15.9GB (16GB approx)
[2015.09.07-18.12.34:164][  0]LogMemory: Platform Memory Stats for Windows
[2015.09.07-18.12.34:164][  0]LogMemory: Process Physical Memory: 55.84 MB used, 55.84 MB peak
[2015.09.07-18.12.34:164][  0]LogMemory: Process Virtual Memory: 27.67 MB used, 27.67 MB peak
[2015.09.07-18.12.34:165][  0]LogMemory: Physical Memory: 6276.47 MB used, 16288.39 MB total
[2015.09.07-18.12.34:165][  0]LogMemory: Virtual Memory: 286.06 MB used, 8388608.00 MB total
[2015.09.07-18.12.34:240][  0]LogTextLocalizationManager: The requested culture ('fr_CA') has no localization data; falling back to 'en' for localization and internationalization data.
[2015.09.07-18.12.34:454][  0]LogTextLocalizationManager:Warning: Loaded localization resources contain conflicting entries for (Namespace:ContentBrowser, Key:ImportAssetToolTip):
Localization Resource: (C:/Program Files/Epic Games/4.8/Engine/Content/Localization/Editor/en/Editor.locres) Source String Hash: (-630476809) Localized String: (Import to {0}...)
Localization Resource: (C:/Program Files/Epic Games/4.8/Engine/Content/Localization/Editor/en/Editor.locres) Source String Hash: (1271782899) Localized String: (Imports an asset from file to this folder.)
[2015.09.07-18.12.34:798][  0]LogD3D11RHI: Found D3D11 adapter 0: NVIDIA GeForce GTX 970 (Feature Level 11_0)
[2015.09.07-18.12.34:799][  0]LogD3D11RHI: Adapter has 4008MB of dedicated video memory, 0MB of dedicated system memory, and 7888MB of shared system memory, 1 output[s]
[2015.09.07-18.12.34:806][  0]LogD3D11RHI: Found D3D11 adapter 1: Intel(R) HD Graphics 3000 (Feature Level 10_0)
[2015.09.07-18.12.34:806][  0]LogD3D11RHI: Adapter has 64MB of dedicated video memory, 0MB of dedicated system memory, and 1632MB of shared system memory, 0 output[s]
[2015.09.07-18.12.34:806][  0]LogD3D11RHI: Chosen D3D11 Adapter Id = 0
[2015.09.07-18.12.34:811][  0]LogD3D11RHI: InitD3DDevice
[2015.09.07-18.12.34:811][  0]LogD3D11RHI: !Direct3DDevice
[2015.09.07-18.12.34:812][  0]LogRHI: Texture pool is 1361 MB (70% of 1945 MB)
[2015.09.07-18.12.34:861][  0]LogD3D11RHI: Async texture creation enabled
[2015.09.07-18.12.34:876][  0]LogShaderCompilers:Display: Using Local Shader Compiler.
[2015.09.07-18.12.35:671][  0]LogTemp:Display: Loaded TP DesktopTargetPlatform
[2015.09.07-18.12.35:696][  0]LogTemp:Display: Loaded TP WindowsClientTargetPlatform
[2015.09.07-18.12.35:718][  0]LogTemp:Display: Loaded TP WindowsNoEditorTargetPlatform
[2015.09.07-18.12.35:740][  0]LogTemp:Display: Loaded TP WindowsServerTargetPlatform
[2015.09.07-18.12.35:764][  0]LogTemp:Display: Loaded TP WindowsTargetPlatform
[2015.09.07-18.12.35:782][  0]LogTemp:Display: Loaded TP AndroidTargetPlatform
[2015.09.07-18.12.35:799][  0]LogTemp:Display: Loaded TP Android_ASTCTargetPlatform
[2015.09.07-18.12.35:818][  0]LogTemp:Display: Loaded TP Android_ATCTargetPlatform
[2015.09.07-18.12.35:838][  0]LogTemp:Display: Loaded TP Android_DXTTargetPlatform
[2015.09.07-18.12.35:858][  0]LogTemp:Display: Loaded TP Android_ETC1TargetPlatform
[2015.09.07-18.12.35:878][  0]LogTemp:Display: Loaded TP Android_ETC2TargetPlatform
[2015.09.07-18.12.35:896][  0]LogTemp:Display: Loaded TP Android_PVRTCTargetPlatform
[2015.09.07-18.12.35:967][  0]LogTemp:Display: Loaded TP IOSTargetPlatform
[2015.09.07-18.12.35:983][  0]LogTemp:Display: Loaded TP LinuxNoEditorTargetPlatform
[2015.09.07-18.12.35:999][  0]LogTemp:Display: Loaded TP LinuxServerTargetPlatform
[2015.09.07-18.12.36:017][  0]LogTemp:Display: Loaded TP LinuxTargetPlatform
[2015.09.07-18.12.36:018][  0]LogTargetPlatformManager:Display: Building Assets For Windows
[2015.09.07-18.12.36:350][  0]LogDerivedDataCache:Display: Max Cache Size: 512 MB
[2015.09.07-18.12.36:418][  0]LogDerivedDataCache: Loaded boot cache 0.07s 84MB C:/Users/frederic/AppData/Local/UnrealEngine/4.8/DerivedDataCache/Boot.ddc.
[2015.09.07-18.12.36:419][  0]LogDerivedDataCache:Display: Loaded Boot cache: C:/Users/frederic/AppData/Local/UnrealEngine/4.8/DerivedDataCache/Boot.ddc
[2015.09.07-18.12.36:419][  0]LogDerivedDataCache: FDerivedDataBackendGraph:  Pak pak cache file ../../../../../../Users/frederic/Documents/Unreal Projects/Brain/DerivedDataCache/DDC.ddp not found, will not use a pak cache.
[2015.09.07-18.12.36:420][  0]LogDerivedDataCache: Unable to find inner node Pak for hierarchical cache Hierarchy.
[2015.09.07-18.12.36:420][  0]LogDerivedDataCache: FDerivedDataBackendGraph:  CompressedPak pak cache file ../../../../../../Users/frederic/Documents/Unreal Projects/Brain/DerivedDataCache/Compressed.ddp not found, will not use a pak cache.
[2015.09.07-18.12.36:420][  0]LogDerivedDataCache: Unable to find inner node CompressedPak for hierarchical cache Hierarchy.
[2015.09.07-18.12.36:570][  0]LogDerivedDataCache:Display: Pak cache opened for reading ../../../Engine/DerivedDataCache/Compressed.ddp.
[2015.09.07-18.12.36:582][  0]LogDerivedDataCache: Using Local data cache path C:/Users/frederic/AppData/Local/UnrealEngine/Common/DerivedDataCache: Writable
[2015.09.07-18.12.36:797][  0]LogInit: Selected Device Profile: [Windows]
[2015.09.07-18.12.36:804][  0]ImportText (ComponentSweepMultiTests): Missing closing parenthesis: (RootShapeAsset="/Engine/BasicShapes/Cube.Cube",ShapeType="TriggerCapsule",HitResult=(Time=0.50,Location=(X=-100.000015,Y=0.0,Z=100.000015),ImpactPoint=(X=-50.0,Y=0.0,Z=50.0),Normal=(X=-1.0,Y=-0.0,Z=0.0),ImpactNormal=(X=0.0,Y=0.0,Z=1.0),TraceStart=(X=-200.0,Y=0.0,Z=200.0),TraceEnd=(X=0.0,Y=0.0,Z=0.0))
[2015.09.07-18.12.36:805][  0]ImportText (LineTraceSingleByChannelTests): Missing closing parenthesis: (RootShapeAsset="/Engine/BasicShapes/Cube.Cube",HitResult=(Time=0.50,Location=(X=-100.000015,Y=0.0,Z=100.000015),ImpactPoint=(X=-50.0,Y=0.0,Z=50.0),Normal=(X=-1.0,Y=-0.0,Z=0.0),ImpactNormal=(X=0.0,Y=0.0,Z=1.0),TraceStart=(X=-200.0,Y=0.0,Z=200.0),TraceEnd=(X=0.0,Y=0.0,Z=0.0))
[2015.09.07-18.12.36:843][  0]LogMeshUtilities: No automatic mesh reduction module available
[2015.09.07-18.12.36:843][  0]LogMeshUtilities: No automatic mesh merging module available
[2015.09.07-18.12.37:264][  0]LogInit: WinSock: version 1.1 (2.2), MaxSocks=32767, MaxUdp=65467
[2015.09.07-18.12.38:464][  0]UdpMessaging: Initializing bridge on interface 0.0.0.0:0 to multicast group 230.0.0.1:6666.
[2015.09.07-18.12.39:247][  0]SourceControl: Info Source control is disabled
[2015.09.07-18.12.39:272][  0]SourceControl: Info Source control is disabled
[2015.09.07-18.12.39:299][  0]SourceControl: Info Source control is disabled
[2015.09.07-18.12.39:322][  0]SourceControl: Info Source control is disabled
[2015.09.07-18.12.39:661][  0]LogObj: 31157 objects as part of root set at end of initial load.
[2015.09.07-18.12.39:662][  0]LogUObjectAllocator: 7104000 out of 0 bytes used by permanent object pool.
[2015.09.07-18.12.39:752][  0]LogEngine: Initializing Engine...
[2015.09.07-18.12.39:755][  0]LogHMD: Can't find Oculus library dev build: is proper Runtime installed? Version: 0.6.0.0
[2015.09.07-18.12.39:760][  0]LogHMD:Warning: SteamVR failed to initialize.  Error: 110
[2015.09.07-18.12.39:919][  0]LogAIModule: Creating AISystem for world NewWorld
[2015.09.07-18.12.39:933][  0]LogInit: XAudio2 using 'Haut-parleurs (C-Media USB Audio Device   )' : 2 channels at 44.1 kHz using 16 bits per sample (channel mask 0x3)
[2015.09.07-18.12.39:942][  0]LogInit: FAudioDevice initialized.
[2015.09.07-18.12.39:973][  0]LogDerivedDataCache: Saved boot cache 0.03s 60MB C:/Users/frederic/AppData/Local/UnrealEngine/4.8/DerivedDataCache/Boot.ddc.
[2015.09.07-18.12.39:981][  0]LogInit: Texture streaming: Disabled
[2015.09.07-18.12.40:014][  0]LogAnalytics: Creating configured Analytics provider AnalyticsET
[2015.09.07-18.12.40:014][  0]LogAnalytics: [UEEditor.Rocket.Release] APIServer = http://et2.epicgames.com/ET2/. AppVersion = 4.8.3-2634408+++depot+UE4-Releases+4.8
[2015.09.07-18.12.40:015][  0]LogAnalytics: [UEEditor.Rocket.Release] SetUserId c8da8d664a36a98701fe659c10ae4ff8|70626fa7f476448fb82ad9618fbbb1ab|00e7fb16-00c3-4af4-a2a1-2cc8013aae38
[2015.09.07-18.12.40:015][  0]LogAnalytics: [UEEditor.Rocket.Release] AnalyticsET::StartSession
[2015.09.07-18.12.40:050][  0]LogInit: Transaction tracking system initialized
[2015.09.07-18.12.40:285][  0]BlueprintLog: New page: Editor Load
[2015.09.07-18.12.40:331][  0]LogAssetRegistry: FAssetRegistry took 0.0101 seconds to start up
[2015.09.07-18.12.40:332][  0]LogDirectoryWatcher:Warning: Failed to begin reading directory changes for ../../../Engine/Plugins/Experimental/CharacterAI/Content/. Error: 0
[2015.09.07-18.12.41:422][  0]LogConsoleManager:Warning: Console variable 'r.VSync' wasn't set ('GameSetting' has a lower priority than 'SystemSettingsIni')
[2015.09.07-18.12.41:423][  0]LogConsoleResponse:Display: 
[2015.09.07-18.12.41:520][  0]LogCook:Display: Done creating registry. It took  0.00s.
[2015.09.07-18.12.41:786][  0]SourceControl: Info Source control is disabled
[2015.09.07-18.12.41:786][  0]Cmd: MAP LOAD FILE="../../../../../../Users/frederic/Documents/Unreal Projects/Brain/Content/FirstPerson/Maps/FirstPersonExampleMap.umap" TEMPLATE=0 SHOWPROGRESS=1 FEATURELEVEL=3
[2015.09.07-18.12.41:787][  0]LightingResults: New page: Lighting Build
[2015.09.07-18.12.41:801][  0]MapCheck: New page: Map Check
[2015.09.07-18.12.41:802][  0]LightingResults: New page: Lighting Build
[2015.09.07-18.12.42:259][  0]LogParticles: Destroying 0 GPU particle simulations for FXSystem 0x00000000203D79C0
[2015.09.07-18.12.42:458][  0]LogAIModule: Creating AISystem for world FirstPersonExampleMap
[2015.09.07-18.12.42:471][  0]LogEditorServer: Finished looking for orphan Actors (0.000 secs)
[2015.09.07-18.12.43:508][  0]Cmd: MAP CHECKDEP NOCLEARLOG
[2015.09.07-18.12.43:550][  0]MapCheck: Info Map check complete: 0 Error(s), 0 Warning(s), took 40.718ms to complete.
[2015.09.07-18.12.43:550][  0]LogFileHelpers: Loading map 'FirstPersonExampleMap' took 1.764
[2015.09.07-18.12.43:673][  0]LogCollectionManager: Loaded 0 collections in 0.002960 seconds
[2015.09.07-18.12.43:681][  0]LogContentBrowser: Native class hierarchy populated in 0.0074 seconds. Added 1799 classes and 303 folders.
[2015.09.07-18.12.43:751][  0]LogContentBrowser: Native class hierarchy updated for 'WidgetCarousel' in 0.0017 seconds. Added 0 classes and 0 folders.
[2015.09.07-18.12.43:791][  0]LogContentBrowser: Native class hierarchy updated for 'AddContentDialog' in 0.0017 seconds. Added 0 classes and 0 folders.
[2015.09.07-18.12.43:823][  0]LogContentBrowser: Native class hierarchy updated for 'SceneOutliner' in 0.0017 seconds. Added 1 classes and 2 folders.
[2015.09.07-18.12.43:867][  0]LogCrashTracker: Crashtracker disabled due to settings.
[2015.09.07-18.12.43:868][  0]LogD3D11RHI: InitD3DDevice
[2015.09.07-18.12.43:872][  0]LogUObjectGlobals:Warning: Failed to find object 'Class None.'
[2015.09.07-18.12.43:894][  0]LogLoad: Full Startup: 11.82 seconds (BP compile: 0.25 seconds)
[2015.09.07-18.12.43:958][  0]LogContentStreaming: Texture pool size is 0.000000MB
[2015.09.07-18.12.43:999][  0]LogContentStreaming: Texture pool size now 1000 MB
[2015.09.07-18.12.44:118][  0]LogRenderer: Reallocating scene render targets to support 1208x560 (Frame:2).
[2015.09.07-18.12.44:341][  2]LogD3D11RHI: InitD3DDevice
[2015.09.07-18.12.44:521][  7]LogAssetRegistry: Asset discovery search completed in 4.2000 seconds
[2015.09.07-18.12.46:886][276]LogEditorViewport: Clicking on Actor (LMB): StaticMeshActor (EditorCube8)
[2015.09.07-18.13.05:650][509]LogD3D11RHI: InitD3DDevice
[2015.09.07-18.13.06:248][568]LogD3D11RHI: InitD3DDevice
[2015.09.07-18.13.18:340][ 12]LogD3D11RHI: InitD3DDevice
[2015.09.07-18.13.19:642][163]LogD3D11RHI: InitD3DDevice
[2015.09.07-18.13.21:405][373]LogD3D11RHI: InitD3DDevice
[2015.09.07-18.13.39:432][532]LogD3D11RHI: InitD3DDevice
[2015.09.07-18.13.39:454][532]LogMaterial: Missing cached shader map for material GlowEffect, compiling. 
[2015.09.07-18.13.39:503][532]LogD3D11RHI: InitD3DDevice
[2015.09.07-18.13.39:514][532]LogMaterial: Missing cached shader map for material GlowEffect, compiling. 
[2015.09.07-18.13.39:519][532]LogMaterial: 0.000020 seconds spent updating 1 materials, 1 interfaces, 0 instances, 0 with static permutation