[2015.09.08-16.04.48:030][  0]Log file open, 09/08/15 12:04:48
[2015.09.08-16.04.48:030][  0]LogInit:Display: Running engine for game: Brain
[2015.09.08-16.04.48:031][  0]LogInit:Display: RandInit(2129470683) SRandInit(2129470683).
[2015.09.08-16.04.48:031][  0]LogTaskGraph: Started task graph with 4 named threads and 7 total threads.
[2015.09.08-16.04.48:031][  0]LogStats: Stats thread started
[2015.09.08-16.04.48:031][  0]LogInit: Version: 4.8.3-2634408+++depot+UE4-Releases+4.8
[2015.09.08-16.04.48:031][  0]LogInit: API Version: 2579680
[2015.09.08-16.04.48:032][  0]LogInit: Compiled (64-bit): Jul 27 2015 16:24:33
[2015.09.08-16.04.48:032][  0]LogInit: Compiled with Visual C++: 18.00.21005.01
[2015.09.08-16.04.48:032][  0]LogInit: Build Configuration: DebugGame
[2015.09.08-16.04.48:032][  0]LogInit: Branch Name: ++depot+UE4-Releases+4.8
[2015.09.08-16.04.48:032][  0]LogInit: Command line:  -debug
[2015.09.08-16.04.48:033][  0]LogInit: Base directory: C:/Program Files/Epic Games/4.8/Engine/Binaries/Win64/
[2015.09.08-16.04.48:033][  0]LogInit: Rocket: 1
[2015.09.08-16.04.48:062][  0]LogInit: Using libcurl 7.41.0
[2015.09.08-16.04.48:063][  0]LogInit:  - built for x86_64-pc-win32
[2015.09.08-16.04.48:063][  0]LogInit:  - supports SSL with WinSSL
[2015.09.08-16.04.48:063][  0]LogInit:  - other features:
[2015.09.08-16.04.48:063][  0]LogInit:      CURL_VERSION_SSL
[2015.09.08-16.04.48:064][  0]LogInit:      CURL_VERSION_IPV6
[2015.09.08-16.04.48:064][  0]LogInit:      CURL_VERSION_ASYNCHDNS
[2015.09.08-16.04.48:064][  0]LogInit:      CURL_VERSION_LARGEFILE
[2015.09.08-16.04.48:064][  0]LogInit:      CURL_VERSION_IDN
[2015.09.08-16.04.48:065][  0]LogInit:  CurlRequestOptions (configurable via config and command line):
[2015.09.08-16.04.48:065][  0]LogInit:  - bVerifyPeer = true  - Libcurl will verify peer certificate
[2015.09.08-16.04.48:065][  0]LogInit:  - bUseHttpProxy = false  - Libcurl will NOT use HTTP proxy
[2015.09.08-16.04.48:065][  0]LogInit:  - bDontReuseConnections = false  - Libcurl will reuse connections
[2015.09.08-16.04.48:065][  0]LogInit:  - CertBundlePath = nullptr  - Libcurl will use whatever was configured at build time.
[2015.09.08-16.04.48:080][  0]LogOnline:Warning: No default platform service specified for OnlineSubsystem
[2015.09.08-16.04.48:115][  0]LogInit: Presizing for 0 objects not considered by GC, pre-allocating 0 bytes.
[2015.09.08-16.04.48:122][  0]LogInit: Object subsystem initialized
[2015.09.08-16.04.48:123][  0]LogConsoleResponse:Warning: Skipping Unknown console variable: 'TranslucentSortAxis = (X=0.000000,Y=-1.000000,Z=0.000000)'
[2015.09.08-16.04.48:124][  0]LogConsoleResponse:Warning:   Found in ini file 'C:/Users/frederic/Documents/Unreal Projects/Brain/Saved/Config/Windows/Engine.ini', in section '[/Script/Engine.RendererSettings]'
[2015.09.08-16.04.48:124][  0]LogConsoleResponse:Warning: Skipping Unknown console variable: 'UIScaleRule = ShortestSide'
[2015.09.08-16.04.48:124][  0]LogConsoleResponse:Warning:   Found in ini file 'C:/Users/frederic/Documents/Unreal Projects/Brain/Saved/Config/Windows/Engine.ini', in section '[/Script/Engine.RendererSettings]'
[2015.09.08-16.04.48:124][  0]LogConsoleResponse:Warning: Skipping Unknown console variable: 'UIScaleCurve = (EditorCurveData=(Keys=),ExternalCurve=None)'
[2015.09.08-16.04.48:125][  0]LogConsoleResponse:Warning:   Found in ini file 'C:/Users/frederic/Documents/Unreal Projects/Brain/Saved/Config/Windows/Engine.ini', in section '[/Script/Engine.RendererSettings]'
[2015.09.08-16.04.48:125][  0]LogInit: Selected Device Profile: [Windows]
[2015.09.08-16.04.48:125][  0]LogInit: Applying CVar settings loaded from the selected device profile: [Windows]
[2015.09.08-16.04.48:132][  0]LogInit: Computer: FREDERIC-PC
[2015.09.08-16.04.48:132][  0]LogInit: User: frederic
[2015.09.08-16.04.48:133][  0]LogInit: CPU Page size=4096, Cores=4
[2015.09.08-16.04.48:133][  0]LogInit: High frequency timer resolution =3.331220 MHz
[2015.09.08-16.04.48:133][  0]LogMemory: Memory total: Physical=15.9GB (16GB approx)
[2015.09.08-16.04.48:134][  0]LogMemory: Platform Memory Stats for Windows
[2015.09.08-16.04.48:134][  0]LogMemory: Process Physical Memory: 56.26 MB used, 56.26 MB peak
[2015.09.08-16.04.48:134][  0]LogMemory: Process Virtual Memory: 28.11 MB used, 28.11 MB peak
[2015.09.08-16.04.48:134][  0]LogMemory: Physical Memory: 6698.94 MB used, 16288.39 MB total
[2015.09.08-16.04.48:134][  0]LogMemory: Virtual Memory: 286.50 MB used, 8388608.00 MB total
[2015.09.08-16.04.48:205][  0]LogTextLocalizationManager: The requested culture ('fr_CA') has no localization data; falling back to 'en' for localization and internationalization data.
[2015.09.08-16.04.48:409][  0]LogTextLocalizationManager:Warning: Loaded localization resources contain conflicting entries for (Namespace:ContentBrowser, Key:ImportAssetToolTip):
Localization Resource: (C:/Program Files/Epic Games/4.8/Engine/Content/Localization/Editor/en/Editor.locres) Source String Hash: (-630476809) Localized String: (Import to {0}...)
Localization Resource: (C:/Program Files/Epic Games/4.8/Engine/Content/Localization/Editor/en/Editor.locres) Source String Hash: (1271782899) Localized String: (Imports an asset from file to this folder.)
[2015.09.08-16.04.48:770][  0]LogD3D11RHI: Found D3D11 adapter 0: NVIDIA GeForce GTX 970 (Feature Level 11_0)
[2015.09.08-16.04.48:771][  0]LogD3D11RHI: Adapter has 4008MB of dedicated video memory, 0MB of dedicated system memory, and 7888MB of shared system memory, 1 output[s]
[2015.09.08-16.04.48:780][  0]LogD3D11RHI: Found D3D11 adapter 1: Intel(R) HD Graphics 3000 (Feature Level 10_0)
[2015.09.08-16.04.48:781][  0]LogD3D11RHI: Adapter has 64MB of dedicated video memory, 0MB of dedicated system memory, and 1632MB of shared system memory, 0 output[s]
[2015.09.08-16.04.48:781][  0]LogD3D11RHI: Chosen D3D11 Adapter Id = 0
[2015.09.08-16.04.48:786][  0]LogD3D11RHI: InitD3DDevice
[2015.09.08-16.04.48:787][  0]LogD3D11RHI: !Direct3DDevice
[2015.09.08-16.04.48:787][  0]LogRHI: Texture pool is 1361 MB (70% of 1945 MB)
[2015.09.08-16.04.48:843][  0]LogD3D11RHI: Async texture creation enabled
[2015.09.08-16.04.48:858][  0]LogShaderCompilers:Display: Using Local Shader Compiler.
[2015.09.08-16.04.49:656][  0]LogTemp:Display: Loaded TP DesktopTargetPlatform
[2015.09.08-16.04.49:683][  0]LogTemp:Display: Loaded TP WindowsClientTargetPlatform
[2015.09.08-16.04.49:712][  0]LogTemp:Display: Loaded TP WindowsNoEditorTargetPlatform
[2015.09.08-16.04.49:735][  0]LogTemp:Display: Loaded TP WindowsServerTargetPlatform
[2015.09.08-16.04.49:760][  0]LogTemp:Display: Loaded TP WindowsTargetPlatform
[2015.09.08-16.04.49:777][  0]LogTemp:Display: Loaded TP AndroidTargetPlatform
[2015.09.08-16.04.49:794][  0]LogTemp:Display: Loaded TP Android_ASTCTargetPlatform
[2015.09.08-16.04.49:811][  0]LogTemp:Display: Loaded TP Android_ATCTargetPlatform
[2015.09.08-16.04.49:831][  0]LogTemp:Display: Loaded TP Android_DXTTargetPlatform
[2015.09.08-16.04.49:850][  0]LogTemp:Display: Loaded TP Android_ETC1TargetPlatform
[2015.09.08-16.04.49:872][  0]LogTemp:Display: Loaded TP Android_ETC2TargetPlatform
[2015.09.08-16.04.49:890][  0]LogTemp:Display: Loaded TP Android_PVRTCTargetPlatform
[2015.09.08-16.04.49:960][  0]LogTemp:Display: Loaded TP IOSTargetPlatform
[2015.09.08-16.04.49:976][  0]LogTemp:Display: Loaded TP LinuxNoEditorTargetPlatform
[2015.09.08-16.04.49:991][  0]LogTemp:Display: Loaded TP LinuxServerTargetPlatform
[2015.09.08-16.04.50:008][  0]LogTemp:Display: Loaded TP LinuxTargetPlatform
[2015.09.08-16.04.50:009][  0]LogTargetPlatformManager:Display: Building Assets For Windows
[2015.09.08-16.04.50:319][  0]LogDerivedDataCache:Display: Max Cache Size: 512 MB
[2015.09.08-16.04.50:388][  0]LogDerivedDataCache: Loaded boot cache 0.07s 84MB C:/Users/frederic/AppData/Local/UnrealEngine/4.8/DerivedDataCache/Boot.ddc.
[2015.09.08-16.04.50:389][  0]LogDerivedDataCache:Display: Loaded Boot cache: C:/Users/frederic/AppData/Local/UnrealEngine/4.8/DerivedDataCache/Boot.ddc
[2015.09.08-16.04.50:389][  0]LogDerivedDataCache: FDerivedDataBackendGraph:  Pak pak cache file ../../../../../../Users/frederic/Documents/Unreal Projects/Brain/DerivedDataCache/DDC.ddp not found, will not use a pak cache.
[2015.09.08-16.04.50:390][  0]LogDerivedDataCache: Unable to find inner node Pak for hierarchical cache Hierarchy.
[2015.09.08-16.04.50:390][  0]LogDerivedDataCache: FDerivedDataBackendGraph:  CompressedPak pak cache file ../../../../../../Users/frederic/Documents/Unreal Projects/Brain/DerivedDataCache/Compressed.ddp not found, will not use a pak cache.
[2015.09.08-16.04.50:390][  0]LogDerivedDataCache: Unable to find inner node CompressedPak for hierarchical cache Hierarchy.
[2015.09.08-16.04.50:537][  0]LogDerivedDataCache:Display: Pak cache opened for reading ../../../Engine/DerivedDataCache/Compressed.ddp.
[2015.09.08-16.04.50:549][  0]LogDerivedDataCache: Using Local data cache path C:/Users/frederic/AppData/Local/UnrealEngine/Common/DerivedDataCache: Writable
[2015.09.08-16.04.50:742][  0]LogCollisionProfile:Warning: Profile (Trigger) - Custom Channel Name = 'Projectile' hasn't been found
[2015.09.08-16.04.50:758][  0]LogInit: Selected Device Profile: [Windows]
[2015.09.08-16.04.50:765][  0]ImportText (ComponentSweepMultiTests): Missing closing parenthesis: (RootShapeAsset="/Engine/BasicShapes/Cube.Cube",ShapeType="TriggerCapsule",HitResult=(Time=0.50,Location=(X=-100.000015,Y=0.0,Z=100.000015),ImpactPoint=(X=-50.0,Y=0.0,Z=50.0),Normal=(X=-1.0,Y=-0.0,Z=0.0),ImpactNormal=(X=0.0,Y=0.0,Z=1.0),TraceStart=(X=-200.0,Y=0.0,Z=200.0),TraceEnd=(X=0.0,Y=0.0,Z=0.0))
[2015.09.08-16.04.50:766][  0]ImportText (LineTraceSingleByChannelTests): Missing closing parenthesis: (RootShapeAsset="/Engine/BasicShapes/Cube.Cube",HitResult=(Time=0.50,Location=(X=-100.000015,Y=0.0,Z=100.000015),ImpactPoint=(X=-50.0,Y=0.0,Z=50.0),Normal=(X=-1.0,Y=-0.0,Z=0.0),ImpactNormal=(X=0.0,Y=0.0,Z=1.0),TraceStart=(X=-200.0,Y=0.0,Z=200.0),TraceEnd=(X=0.0,Y=0.0,Z=0.0))
[2015.09.08-16.04.50:804][  0]LogMeshUtilities: No automatic mesh reduction module available
[2015.09.08-16.04.50:805][  0]LogMeshUtilities: No automatic mesh merging module available
[2015.09.08-16.04.51:225][  0]LogInit: WinSock: version 1.1 (2.2), MaxSocks=32767, MaxUdp=65467
[2015.09.08-16.04.52:407][  0]UdpMessaging: Initializing bridge on interface 0.0.0.0:0 to multicast group 230.0.0.1:6666.
[2015.09.08-16.04.53:200][  0]SourceControl: Info Source control is disabled
[2015.09.08-16.04.53:224][  0]SourceControl: Info Source control is disabled
[2015.09.08-16.04.53:243][  0]SourceControl: Info Source control is disabled
[2015.09.08-16.04.53:264][  0]SourceControl: Info Source control is disabled
[2015.09.08-16.04.53:582][  0]LogObj: 31170 objects as part of root set at end of initial load.
[2015.09.08-16.04.53:583][  0]LogUObjectAllocator: 7108608 out of 0 bytes used by permanent object pool.
[2015.09.08-16.04.53:671][  0]LogEngine: Initializing Engine...
[2015.09.08-16.04.53:674][  0]LogHMD: Can't find Oculus library dev build: is proper Runtime installed? Version: 0.6.0.0
[2015.09.08-16.04.53:679][  0]LogHMD:Warning: SteamVR failed to initialize.  Error: 110
[2015.09.08-16.04.53:839][  0]LogAIModule: Creating AISystem for world NewWorld
[2015.09.08-16.04.53:852][  0]LogInit: XAudio2 using 'Haut-parleurs (Realtek High Definition Audio)' : 2 channels at 48 kHz using 32 bits per sample (channel mask 0x3)
[2015.09.08-16.04.53:868][  0]LogInit: FAudioDevice initialized.
[2015.09.08-16.04.53:907][  0]LogDerivedDataCache: Saved boot cache 0.04s 84MB C:/Users/frederic/AppData/Local/UnrealEngine/4.8/DerivedDataCache/Boot.ddc.
[2015.09.08-16.04.53:918][  0]LogInit: Texture streaming: Disabled
[2015.09.08-16.04.53:951][  0]LogAnalytics: Creating configured Analytics provider AnalyticsET
[2015.09.08-16.04.53:952][  0]LogAnalytics: [UEEditor.Rocket.Release] APIServer = http://et2.epicgames.com/ET2/. AppVersion = 4.8.3-2634408+++depot+UE4-Releases+4.8
[2015.09.08-16.04.53:952][  0]LogAnalytics: [UEEditor.Rocket.Release] SetUserId c8da8d664a36a98701fe659c10ae4ff8|70626fa7f476448fb82ad9618fbbb1ab|00e7fb16-00c3-4af4-a2a1-2cc8013aae38
[2015.09.08-16.04.53:953][  0]LogAnalytics: [UEEditor.Rocket.Release] AnalyticsET::StartSession
[2015.09.08-16.04.53:987][  0]LogInit: Transaction tracking system initialized
[2015.09.08-16.04.54:196][  0]BlueprintLog: New page: Editor Load
[2015.09.08-16.04.54:242][  0]LogAssetRegistry: FAssetRegistry took 0.0104 seconds to start up
[2015.09.08-16.04.54:243][  0]LogDirectoryWatcher:Warning: Failed to begin reading directory changes for ../../../Engine/Plugins/Experimental/CharacterAI/Content/. Error: 0
[2015.09.08-16.04.55:253][  0]LogConsoleManager:Warning: Console variable 'r.VSync' wasn't set ('GameSetting' has a lower priority than 'SystemSettingsIni')
[2015.09.08-16.04.55:254][  0]LogConsoleResponse:Display: 
[2015.09.08-16.04.55:351][  0]LogCook:Display: Done creating registry. It took  0.00s.
[2015.09.08-16.04.55:608][  0]SourceControl: Info Source control is disabled
[2015.09.08-16.04.55:608][  0]Cmd: MAP LOAD FILE="../../../../../../Users/frederic/Documents/Unreal Projects/Brain/Content/FirstPerson/Maps/FirstPersonExampleMap.umap" TEMPLATE=0 SHOWPROGRESS=1 FEATURELEVEL=3
[2015.09.08-16.04.55:609][  0]LightingResults: New page: Lighting Build
[2015.09.08-16.04.55:624][  0]MapCheck: New page: Map Check
[2015.09.08-16.04.55:624][  0]LightingResults: New page: Lighting Build
[2015.09.08-16.04.55:635][  0]LogParticles: Destroying 0 GPU particle simulations for FXSystem 0x00000000213CE8E0
[2015.09.08-16.04.56:272][  0]LogAIModule: Creating AISystem for world FirstPersonExampleMap
[2015.09.08-16.04.56:281][  0]LogEditorServer: Finished looking for orphan Actors (0.000 secs)
[2015.09.08-16.04.57:355][  0]Cmd: MAP CHECKDEP NOCLEARLOG
[2015.09.08-16.04.57:395][  0]MapCheck: Info Map check complete: 0 Error(s), 0 Warning(s), took 38.668ms to complete.
[2015.09.08-16.04.57:395][  0]LogFileHelpers: Loading map 'FirstPersonExampleMap' took 1.787
[2015.09.08-16.04.57:513][  0]LogCollectionManager: Loaded 0 collections in 0.001987 seconds
[2015.09.08-16.04.57:520][  0]LogContentBrowser: Native class hierarchy populated in 0.0072 seconds. Added 1800 classes and 303 folders.
[2015.09.08-16.04.57:585][  0]LogContentBrowser: Native class hierarchy updated for 'WidgetCarousel' in 0.0014 seconds. Added 0 classes and 0 folders.
[2015.09.08-16.04.57:622][  0]LogContentBrowser: Native class hierarchy updated for 'AddContentDialog' in 0.0014 seconds. Added 0 classes and 0 folders.
[2015.09.08-16.04.57:651][  0]LogContentBrowser: Native class hierarchy updated for 'SceneOutliner' in 0.0014 seconds. Added 1 classes and 2 folders.
[2015.09.08-16.04.57:707][  0]LogCrashTracker: Crashtracker disabled due to settings.
[2015.09.08-16.04.57:709][  0]LogD3D11RHI: InitD3DDevice
[2015.09.08-16.04.57:712][  0]LogUObjectGlobals:Warning: Failed to find object 'Class None.'
[2015.09.08-16.04.57:735][  0]LogLoad: Full Startup: 11.71 seconds (BP compile: 0.25 seconds)
[2015.09.08-16.04.57:802][  0]LogContentStreaming: Texture pool size is 0.000000MB
[2015.09.08-16.04.57:839][  0]LogContentStreaming: Texture pool size now 1000 MB
[2015.09.08-16.04.57:956][  0]LogRenderer: Reallocating scene render targets to support 1208x560 (Frame:2).
[2015.09.08-16.04.58:411][  6]LogAssetRegistry: Asset discovery search completed in 4.1793 seconds
[2015.09.08-16.05.06:560][967]LogEditorViewport: Clicking on Actor (LMB): BrainNormalInteractiveObject (BrainNormalInteractiveObject1)
[2015.09.08-16.05.07:073][ 23]LogD3D11RHI: InitD3DDevice
[2015.09.08-16.05.36:761][535]LogD3D11RHI: InitD3DDevice
[2015.09.08-16.05.36:786][535]LogActorComponent: UnregisterComponent: (/Engine/Transient.CharMoveComp) Not registered. Aborting.
[2015.09.08-16.05.38:499][535]LogSavePackage: Save=1660.682007ms
[2015.09.08-16.05.38:500][535]LogSavePackage: Moving '../../../../../../Users/frederic/Documents/Unreal Projects/Brain/Saved/FirstPersonExampleMap0A9ED80D477988848BA95BA4455375E2.tmp' to '../../../../../../Users/frederic/Documents/Unreal Projects/Brain/Content/FirstPerson/Maps/FirstPersonExampleMap.umap'
[2015.09.08-16.05.44:742][274]LogPlayLevel: PIE:  No blueprints needed recompiling
[2015.09.08-16.05.44:745][274]PIE: New page: PIE session: FirstPersonExampleMap (Sep 8, 2015, 8:05:44 AM)
[2015.09.08-16.05.44:745][274]LogPlayLevel: Creating play world package: /Game/FirstPerson/Maps/UEDPIE_0_FirstPersonExampleMap
[2015.09.08-16.05.44:763][274]LogPlayLevel: PIE: StaticDuplicateObject took: (0.017026s)
[2015.09.08-16.05.44:764][274]LogAIModule: Creating AISystem for world FirstPersonExampleMap
[2015.09.08-16.05.44:765][274]LogPlayLevel: PIE: World Init took: (0.001545s)
[2015.09.08-16.05.44:766][274]LogPlayLevel: PIE: Created PIE world by copying editor world from /Game/FirstPerson/Maps/FirstPersonExampleMap.FirstPersonExampleMap to /Game/FirstPerson/Maps/UEDPIE_0_FirstPersonExampleMap.FirstPersonExampleMap (0.020341s)
[2015.09.08-16.05.44:795][274]LogInit: XAudio2 using 'Haut-parleurs (Realtek High Definition Audio)' : 2 channels at 48 kHz using 32 bits per sample (channel mask 0x3)
[2015.09.08-16.05.44:807][274]LogInit: FAudioDevice initialized.
[2015.09.08-16.05.44:855][274]LogWorld: Game class is 'BrainGameMode'
[2015.09.08-16.05.44:862][274]LogWorld: Bringing World /Game/FirstPerson/Maps/UEDPIE_0_FirstPersonExampleMap.FirstPersonExampleMap up for play (max tick rate 0) at 2015.09.08-12.05.44
[2015.09.08-16.05.44:862][274]LogActor:Warning: GameSession /Game/FirstPerson/Maps/UEDPIE_0_FirstPersonExampleMap.FirstPersonExampleMap:PersistentLevel.GameSession_0 has natively added scene component(s), but none of them were set as the actor's RootComponent - picking one arbitrarily
[2015.09.08-16.05.44:863][274]LogActor:Warning: GameNetworkManager /Game/FirstPerson/Maps/UEDPIE_0_FirstPersonExampleMap.FirstPersonExampleMap:PersistentLevel.GameNetworkManager_0 has natively added scene component(s), but none of them were set as the actor's RootComponent - picking one arbitrarily
[2015.09.08-16.05.44:864][274]LogWorld: Bringing up level for play took: 0.006099
[2015.09.08-16.05.44:867][274]PIE: Info Play in editor start time for /Game/FirstPerson/Maps/UEDPIE_0_FirstPersonExampleMap 0.342
[2015.09.08-16.06.12:866][618]LogParticles: Destroying 0 GPU particle simulations for FXSystem 0x00000000037582C0
[2015.09.08-16.06.14:193][775]LogPlayLevel: PIE:  No blueprints needed recompiling
[2015.09.08-16.06.14:194][775]PIE: New page: PIE session: FirstPersonExampleMap (Sep 8, 2015, 8:06:14 AM)
[2015.09.08-16.06.14:194][775]LogPlayLevel: Creating play world package: /Game/FirstPerson/Maps/UEDPIE_0_FirstPersonExampleMap
[2015.09.08-16.06.14:212][775]LogPlayLevel: PIE: StaticDuplicateObject took: (0.017607s)
[2015.09.08-16.06.14:214][775]LogAIModule: Creating AISystem for world FirstPersonExampleMap
[2015.09.08-16.06.14:215][775]LogPlayLevel: PIE: World Init took: (0.001855s)
[2015.09.08-16.06.14:215][775]LogPlayLevel: PIE: Created PIE world by copying editor world from /Game/FirstPerson/Maps/FirstPersonExampleMap.FirstPersonExampleMap to /Game/FirstPerson/Maps/UEDPIE_0_FirstPersonExampleMap.FirstPersonExampleMap (0.021161s)
[2015.09.08-16.06.14:241][775]LogInit: XAudio2 using 'Haut-parleurs (Realtek High Definition Audio)' : 2 channels at 48 kHz using 32 bits per sample (channel mask 0x3)
[2015.09.08-16.06.14:253][775]LogInit: FAudioDevice initialized.
[2015.09.08-16.06.14:288][775]LogWorld: Game class is 'BrainGameMode'
[2015.09.08-16.06.14:295][775]LogWorld: Bringing World /Game/FirstPerson/Maps/UEDPIE_0_FirstPersonExampleMap.FirstPersonExampleMap up for play (max tick rate 0) at 2015.09.08-12.06.14
[2015.09.08-16.06.14:295][775]LogActor:Warning: GameSession /Game/FirstPerson/Maps/UEDPIE_0_FirstPersonExampleMap.FirstPersonExampleMap:PersistentLevel.GameSession_1 has natively added scene component(s), but none of them were set as the actor's RootComponent - picking one arbitrarily
[2015.09.08-16.06.14:296][775]LogActor:Warning: GameNetworkManager /Game/FirstPerson/Maps/UEDPIE_0_FirstPersonExampleMap.FirstPersonExampleMap:PersistentLevel.GameNetworkManager_1 has natively added scene component(s), but none of them were set as the actor's RootComponent - picking one arbitrarily
[2015.09.08-16.06.14:296][775]LogWorld: Bringing up level for play took: 0.006174
[2015.09.08-16.06.14:299][775]PIE: Info Play in editor start time for /Game/FirstPerson/Maps/UEDPIE_0_FirstPersonExampleMap -0.226
[2015.09.08-16.07.06:273][401]LogParticles: Destroying 0 GPU particle simulations for FXSystem 0x0000000017A8B9C0
[2015.09.08-16.07.08:419][657]LogD3D11RHI: InitD3DDevice
[2015.09.08-16.07.10:149][863]LogD3D11RHI: InitD3DDevice
[2015.09.08-16.07.21:158][124]LogD3D11RHI: InitD3DDevice
[2015.09.08-16.07.30:859][206]LogPlayLevel: PIE:  No blueprints needed recompiling
[2015.09.08-16.07.30:860][206]PIE: New page: PIE session: FirstPersonExampleMap (Sep 8, 2015, 8:07:30 AM)
[2015.09.08-16.07.30:861][206]LogPlayLevel: Creating play world package: /Game/FirstPerson/Maps/UEDPIE_0_FirstPersonExampleMap
[2015.09.08-16.07.30:878][206]LogPlayLevel: PIE: StaticDuplicateObject took: (0.016830s)
[2015.09.08-16.07.30:879][206]LogAIModule: Creating AISystem for world FirstPersonExampleMap
[2015.09.08-16.07.30:880][206]LogPlayLevel: PIE: World Init took: (0.001747s)
[2015.09.08-16.07.30:881][206]LogPlayLevel: PIE: Created PIE world by copying editor world from /Game/FirstPerson/Maps/FirstPersonExampleMap.FirstPersonExampleMap to /Game/FirstPerson/Maps/UEDPIE_0_FirstPersonExampleMap.FirstPersonExampleMap (0.020393s)
[2015.09.08-16.07.30:906][206]LogInit: XAudio2 using 'Haut-parleurs (Realtek High Definition Audio)' : 2 channels at 48 kHz using 32 bits per sample (channel mask 0x3)
[2015.09.08-16.07.30:918][206]LogInit: FAudioDevice initialized.
[2015.09.08-16.07.30:950][206]LogWorld: Game class is 'BrainGameMode'
[2015.09.08-16.07.30:957][206]LogWorld: Bringing World /Game/FirstPerson/Maps/UEDPIE_0_FirstPersonExampleMap.FirstPersonExampleMap up for play (max tick rate 0) at 2015.09.08-12.07.30
[2015.09.08-16.07.30:957][206]LogActor:Warning: GameSession /Game/FirstPerson/Maps/UEDPIE_0_FirstPersonExampleMap.FirstPersonExampleMap:PersistentLevel.GameSession_2 has natively added scene component(s), but none of them were set as the actor's RootComponent - picking one arbitrarily
[2015.09.08-16.07.30:958][206]LogActor:Warning: GameNetworkManager /Game/FirstPerson/Maps/UEDPIE_0_FirstPersonExampleMap.FirstPersonExampleMap:PersistentLevel.GameNetworkManager_2 has natively added scene component(s), but none of them were set as the actor's RootComponent - picking one arbitrarily
[2015.09.08-16.07.30:958][206]LogWorld: Bringing up level for play took: 0.005919
[2015.09.08-16.07.30:961][206]PIE: Info Play in editor start time for /Game/FirstPerson/Maps/UEDPIE_0_FirstPersonExampleMap 0.435
[2015.09.08-16.07.55:435][130]LogParticles: Destroying 0 GPU particle simulations for FXSystem 0x000000000EA59120
[2015.09.08-16.08.32:867][575]Cmd: QUIT_EDITOR
[2015.09.08-16.08.33:085][575]LogExit: Preparing to exit.
[2015.09.08-16.08.33:497][575]LogExit: Editor shut down
[2015.09.08-16.08.33:497][575]LogExit: Transaction tracking system shut down
[2015.09.08-16.08.33:498][575]LogParticles: Destroying 0 GPU particle simulations for FXSystem 0x0000000028BAECA0
[2015.09.08-16.08.33:499][575]LogParticles: Destroying 0 GPU particle simulations for FXSystem 0x0000000011F36DE0
[2015.09.08-16.08.33:499][575]LogParticles: Destroying 0 GPU particle simulations for FXSystem 0x0000000011E07CE0
[2015.09.08-16.08.33:500][575]LogParticles: Destroying 0 GPU particle simulations for FXSystem 0x000000000C6971A0
[2015.09.08-16.08.33:500][575]LogParticles: Destroying 0 GPU particle simulations for FXSystem 0x000000000C697060
[2015.09.08-16.08.33:685][575]LogExit: Object subsystem successfully closed.
[2015.09.08-16.08.33:707][575]LogD3D11RHI: Shutdown
[2015.09.08-16.08.33:707][575]LogD3D11RHI: CleanupD3DDevice
[2015.09.08-16.08.34:131][575]LogD3D11RHI: ~FD3D11DynamicRHI
[2015.09.08-16.08.34:147][575]LogModuleManager: Shutting down and abandoning module ExternalImagePicker (190)
[2015.09.08-16.08.34:147][575]LogModuleManager: Shutting down and abandoning module CrashTracker (189)
[2015.09.08-16.08.34:148][575]LogModuleManager: Shutting down and abandoning module SceneOutliner (188)
[2015.09.08-16.08.34:148][575]LogModuleManager: Shutting down and abandoning module SuperSearch (187)
[2015.09.08-16.08.34:148][575]LogModuleManager: Shutting down and abandoning module WidgetCarousel (186)
[2015.09.08-16.08.34:149][575]LogModuleManager: Shutting down and abandoning module AddContentDialog (185)
[2015.09.08-16.08.34:149][575]LogModuleManager: Shutting down and abandoning module EditorWidgets (184)
[2015.09.08-16.08.34:150][575]LogModuleManager: Shutting down and abandoning module CollectionManager (183)
[2015.09.08-16.08.34:150][575]LogModuleManager: Shutting down and abandoning module StatsViewer (182)
[2015.09.08-16.08.34:150][575]LogModuleManager: Shutting down and abandoning module FoliageEdit (181)
[2015.09.08-16.08.34:151][575]LogModuleManager: Shutting down and abandoning module LandscapeEditor (180)
[2015.09.08-16.08.34:151][575]LogModuleManager: Shutting down and abandoning module ActorPickerMode (179)
[2015.09.08-16.08.34:151][575]LogModuleManager: Shutting down and abandoning module GeometryMode (178)
[2015.09.08-16.08.34:151][575]LogModuleManager: Shutting down and abandoning module TextureAlignMode (177)
[2015.09.08-16.08.34:152][575]LogModuleManager: Shutting down and abandoning module BspMode (176)
[2015.09.08-16.08.34:152][575]LogModuleManager: Shutting down and abandoning module PlacementMode (175)
[2015.09.08-16.08.34:152][575]LogModuleManager: Shutting down and abandoning module AutomationWorker (174)
[2015.09.08-16.08.34:152][575]LogModuleManager: Shutting down and abandoning module CharacterAI (173)
[2015.09.08-16.08.34:153][575]LogModuleManager: Shutting down and abandoning module SmartSnapping (172)
[2015.09.08-16.08.34:153][575]LogModuleManager: Shutting down and abandoning module ViewportSnapping (171)
[2015.09.08-16.08.34:153][575]LogModuleManager: Shutting down and abandoning module LogVisualizer (170)
[2015.09.08-16.08.34:153][575]LogModuleManager: Shutting down and abandoning module GameProjectGeneration (169)
[2015.09.08-16.08.34:154][575]LogModuleManager: Shutting down and abandoning module IntroTutorials (168)
[2015.09.08-16.08.34:154][575]LogModuleManager: Shutting down and abandoning module EditorLiveStreaming (167)
[2015.09.08-16.08.34:154][575]LogModuleManager: Shutting down and abandoning module IOSPlatformEditor (166)
[2015.09.08-16.08.34:154][575]LogModuleManager: Shutting down and abandoning module HTML5PlatformEditor (165)
[2015.09.08-16.08.34:154][575]LogModuleManager: Shutting down and abandoning module AndroidDeviceDetection (164)
[2015.09.08-16.08.34:400][575]LogModuleManager: Shutting down and abandoning module AndroidPlatformEditor (163)
[2015.09.08-16.08.34:401][575]LogModuleManager: Shutting down and abandoning module IOSRuntimeSettings (162)
[2015.09.08-16.08.34:402][575]LogModuleManager: Shutting down and abandoning module AndroidRuntimeSettings (161)
[2015.09.08-16.08.34:402][575]LogModuleManager: Shutting down and abandoning module MergeActors (160)
[2015.09.08-16.08.34:403][575]LogModuleManager: Shutting down and abandoning module SizeMap (159)
[2015.09.08-16.08.34:404][575]LogModuleManager: Shutting down and abandoning module TreeMap (158)
[2015.09.08-16.08.34:404][575]LogModuleManager: Shutting down and abandoning module ReferenceViewer (157)
[2015.09.08-16.08.34:405][575]LogModuleManager: Shutting down and abandoning module LocalizationDashboard (156)
[2015.09.08-16.08.34:405][575]LogModuleManager: Shutting down and abandoning module HardwareTargeting (155)
[2015.09.08-16.08.34:406][575]LogModuleManager: Shutting down and abandoning module DeviceProfileEditor (154)
[2015.09.08-16.08.34:407][575]LogModuleManager: Shutting down and abandoning module UndoHistory (153)
[2015.09.08-16.08.34:407][575]LogModuleManager: Shutting down and abandoning module GameplayTagsEditor (152)
[2015.09.08-16.08.34:408][575]LogModuleManager: Shutting down and abandoning module UserFeedback (151)
[2015.09.08-16.08.34:408][575]LogModuleManager: Shutting down and abandoning module XmlParser (150)
[2015.09.08-16.08.34:409][575]LogModuleManager: Shutting down and abandoning module Blutility (149)
[2015.09.08-16.08.34:409][575]LogModuleManager: Shutting down and abandoning module ProjectTargetPlatformEditor (148)
[2015.09.08-16.08.34:410][575]LogModuleManager: Shutting down and abandoning module ProjectSettingsViewer (147)
[2015.09.08-16.08.34:411][575]LogModuleManager: Shutting down and abandoning module InputBindingEditor (146)
[2015.09.08-16.08.34:411][575]LogModuleManager: Shutting down and abandoning module EditorSettingsViewer (145)
[2015.09.08-16.08.34:412][575]LogModuleManager: Shutting down and abandoning module SettingsEditor (144)
[2015.09.08-16.08.34:413][575]LogModuleManager: Shutting down and abandoning module ProjectLauncher (143)
[2015.09.08-16.08.34:413][575]LogModuleManager: Shutting down and abandoning module SessionFrontend (142)
[2015.09.08-16.08.34:414][575]LogModuleManager: Shutting down and abandoning module ProfilerClient (141)
[2015.09.08-16.08.34:414][575]LogModuleManager: Shutting down and abandoning module TargetDeviceServices (140)
[2015.09.08-16.08.34:415][575]LogModuleManager: Shutting down and abandoning module DeviceManager (139)
[2015.09.08-16.08.34:416][575]LogModuleManager: Shutting down and abandoning module AutomationController (138)
[2015.09.08-16.08.34:416][575]LogModuleManager: Shutting down and abandoning module AutomationWindow (137)
[2015.09.08-16.08.34:417][575]LogModuleManager: Shutting down and abandoning module Layers (136)
[2015.09.08-16.08.34:417][575]LogModuleManager: Shutting down and abandoning module ComponentVisualizers (135)
[2015.09.08-16.08.34:417][575]LogModuleManager: Shutting down and abandoning module DetailCustomizations (134)
[2015.09.08-16.08.34:417][575]LogModuleManager: Shutting down and abandoning module PackagesDialog (133)
[2015.09.08-16.08.34:418][575]LogModuleManager: Shutting down and abandoning module AssetRegistry (132)
[2015.09.08-16.08.34:525][575]LogModuleManager: Shutting down and abandoning module Persona (131)
[2015.09.08-16.08.34:526][575]LogModuleManager: Shutting down and abandoning module Kismet (130)
[2015.09.08-16.08.34:526][575]LogModuleManager: Shutting down and abandoning module GraphEditor (129)
[2015.09.08-16.08.34:527][575]LogModuleManager: Shutting down and abandoning module ClassViewer (128)
[2015.09.08-16.08.34:527][575]LogModuleManager: Shutting down and abandoning module Toolbox (127)
[2015.09.08-16.08.34:527][575]LogModuleManager: Shutting down and abandoning module ModuleUI (126)
[2015.09.08-16.08.34:527][575]LogModuleManager: Shutting down and abandoning module MovieSceneTools (125)
[2015.09.08-16.08.34:528][575]LogModuleManager: Shutting down and abandoning module OutputLog (124)
[2015.09.08-16.08.34:528][575]LogModuleManager: Shutting down and abandoning module GammaUI (123)
[2015.09.08-16.08.34:528][575]LogModuleManager: Shutting down and abandoning module Documentation (122)
[2015.09.08-16.08.34:528][575]LogModuleManager: Shutting down and abandoning module GameLiveStreaming (121)
[2015.09.08-16.08.34:529][575]LogModuleManager: Shutting down and abandoning module StreamingPauseRendering (120)
[2015.09.08-16.08.34:529][575]LogModuleManager: Shutting down and abandoning module AnalyticsET (119)
[2015.09.08-16.08.34:529][575]LogModuleManager: Shutting down and abandoning module Analytics (118)
[2015.09.08-16.08.34:530][575]LogModuleManager: Shutting down and abandoning module AITestSuite (117)
[2015.09.08-16.08.34:530][575]LogModuleManager: Shutting down and abandoning module GameplayDebugger (116)
[2015.09.08-16.08.34:530][575]LogModuleManager: Shutting down and abandoning module AIModule (115)
[2015.09.08-16.08.34:530][575]LogModuleManager: Shutting down and abandoning module ProfilerService (114)
[2015.09.08-16.08.34:650][575]LogModuleManager: Shutting down and abandoning module TaskGraph (113)
[2015.09.08-16.08.34:651][575]LogModuleManager: Shutting down and abandoning module SlateRemote (112)
[2015.09.08-16.08.34:652][575]LogModuleManager: Shutting down and abandoning module SteamVRController (111)
[2015.09.08-16.08.34:652][575]LogModuleManager: Shutting down and abandoning module SteamVR (110)
[2015.09.08-16.08.34:653][575]LogModuleManager: Shutting down and abandoning module ProceduralMeshComponent (109)
[2015.09.08-16.08.34:653][575]LogModuleManager: Shutting down and abandoning module OculusRift (108)
[2015.09.08-16.08.34:654][575]LogModuleManager: Shutting down and abandoning module LeapMotionController (107)
[2015.09.08-16.08.34:665][575]LogModuleManager: Shutting down and abandoning module CustomMeshComponent (106)
[2015.09.08-16.08.34:665][575]LogModuleManager: Shutting down and abandoning module CableComponent (105)
[2015.09.08-16.08.34:666][575]LogModuleManager: Shutting down and abandoning module MessagingDebugger (104)
[2015.09.08-16.08.34:666][575]LogModuleManager: Shutting down and abandoning module MediaPlayerEditor (103)
[2015.09.08-16.08.34:666][575]LogModuleManager: Shutting down and abandoning module SpeedTreeImporter (102)
[2015.09.08-16.08.34:666][575]LogModuleManager: Shutting down and abandoning module PluginBrowser (101)
[2015.09.08-16.08.34:667][575]LogModuleManager: Shutting down and abandoning module EpicSurvey (100)
[2015.09.08-16.08.34:667][575]LogModuleManager: Shutting down and abandoning module DesktopPlatform (99)
[2015.09.08-16.08.34:667][575]LogModuleManager: Shutting down and abandoning module VisualStudioSourceCodeAccess (98)
[2015.09.08-16.08.34:667][575]LogModuleManager: Shutting down and abandoning module UObjectPlugin (97)
[2015.09.08-16.08.34:667][575]LogModuleManager: Shutting down and abandoning module SubversionSourceControl (96)
[2015.09.08-16.08.34:668][575]LogModuleManager: Shutting down and abandoning module PerforceSourceControl (95)
[2015.09.08-16.08.34:668][575]LogModuleManager: Shutting down and abandoning module SourceControl (94)
[2015.09.08-16.08.34:668][575]LogModuleManager: Shutting down and abandoning module GitSourceControl (93)
[2015.09.08-16.08.34:668][575]LogModuleManager: Shutting down and abandoning module BlankPlugin (92)
[2015.09.08-16.08.34:669][575]LogModuleManager: Shutting down and abandoning module PaperTiledImporter (91)
[2015.09.08-16.08.34:669][575]LogModuleManager: Shutting down and abandoning module PaperSpriteSheetImporter (90)
[2015.09.08-16.08.34:669][575]LogModuleManager: Shutting down and abandoning module MeshPaint (89)
[2015.09.08-16.08.34:669][575]LogModuleManager: Shutting down and abandoning module SlateReflector (88)
[2015.09.08-16.08.34:670][575]LogModuleManager: Shutting down and abandoning module DirectoryWatcher (87)
[2015.09.08-16.08.34:670][575]LogModuleManager: Shutting down and abandoning module HotReload (86)
[2015.09.08-16.08.34:670][575]LogModuleManager: Shutting down and abandoning module MainFrame (85)
[2015.09.08-16.08.34:671][575]LogModuleManager: Shutting down and abandoning module LevelEditor (84)
[2015.09.08-16.08.34:672][575]LogModuleManager: Shutting down and abandoning module ContentBrowser (83)
[2015.09.08-16.08.34:672][575]LogModuleManager: Shutting down and abandoning module Paper2DEditor (82)
[2015.09.08-16.08.34:673][575]LogModuleManager: Shutting down and abandoning module Brain (81)
[2015.09.08-16.08.34:673][575]LogModuleManager: Shutting down and abandoning module UdpMessaging (80)
[2015.09.08-16.08.34:773][575]LogModuleManager: Shutting down and abandoning module Paper2D (79)
[2015.09.08-16.08.34:774][575]LogModuleManager: Shutting down and abandoning module WindowsMoviePlayer (78)
[2015.09.08-16.08.34:779][575]LogModuleManager: Shutting down and abandoning module Media (77)
[2015.09.08-16.08.34:780][575]LogModuleManager: Shutting down and abandoning module WmfMedia (76)
[2015.09.08-16.08.34:783][575]LogModuleManager: Shutting down and abandoning module OnlineBlueprintSupport (75)
[2015.09.08-16.08.34:783][575]LogModuleManager: Shutting down and abandoning module PropertyEditor (74)
[2015.09.08-16.08.34:785][575]LogModuleManager: Shutting down and abandoning module BehaviorTreeEditor (73)
[2015.09.08-16.08.34:785][575]LogModuleManager: Shutting down and abandoning module FunctionalTesting (72)
[2015.09.08-16.08.34:786][575]LogModuleManager: Shutting down and abandoning module CollisionAnalyzer (71)
[2015.09.08-16.08.34:787][575]LogModuleManager: Shutting down and abandoning module WorkspaceMenuStructure (70)
[2015.09.08-16.08.34:787][575]LogModuleManager: Shutting down and abandoning module MessageLog (69)
[2015.09.08-16.08.34:788][575]LogModuleManager: Shutting down and abandoning module Sequencer (68)
[2015.09.08-16.08.34:788][575]LogModuleManager: Shutting down and abandoning module AssetTools (67)
[2015.09.08-16.08.34:789][575]LogModuleManager: Shutting down and abandoning module UMGEditor (66)
[2015.09.08-16.08.34:789][575]LogModuleManager: Shutting down and abandoning module UMG (65)
[2015.09.08-16.08.34:790][575]LogModuleManager: Shutting down and abandoning module Slate (64)
[2015.09.08-16.08.34:790][575]LogModuleManager: Shutting down and abandoning module EditorStyle (63)
[2015.09.08-16.08.34:796][575]LogModuleManager: Shutting down and abandoning module SessionServices (62)
[2015.09.08-16.08.34:797][575]LogModuleManager: Shutting down and abandoning module SourceCodeAccess (61)
[2015.09.08-16.08.34:797][575]LogModuleManager: Shutting down and abandoning module HeadMountedDisplay (60)
[2015.09.08-16.08.34:798][575]LogModuleManager: Shutting down and abandoning module XAudio2 (59)
[2015.09.08-16.08.34:799][575]LogModuleManager: Shutting down and abandoning module Networking (57)
[2015.09.08-16.08.34:800][575]LogModuleManager: Shutting down and abandoning module Core (56)
[2015.09.08-16.08.34:800][575]LogModuleManager: Shutting down and abandoning module KismetCompiler (55)
[2015.09.08-16.08.34:801][575]LogModuleManager: Shutting down and abandoning module PhysXFormats (54)
[2015.09.08-16.08.34:801][575]LogModuleManager: Shutting down and abandoning module MeshUtilities (53)
[2015.09.08-16.08.34:802][575]LogModuleManager: Shutting down and abandoning module DerivedDataCache (52)
[2015.09.08-16.08.34:884][575]LogDerivedDataCache: Shutdown
[2015.09.08-16.08.34:885][575]LogModuleManager: Shutting down and abandoning module ShaderFormatOpenGL (51)
[2015.09.08-16.08.34:886][575]LogModuleManager: Shutting down and abandoning module ShaderFormatD3D (50)
[2015.09.08-16.08.34:887][575]LogModuleManager: Shutting down and abandoning module MetalShaderFormat (49)
[2015.09.08-16.08.34:887][575]LogModuleManager: Shutting down and abandoning module TextureFormatUncompressed (48)
[2015.09.08-16.08.34:888][575]LogModuleManager: Shutting down and abandoning module TextureFormatPVR (47)
[2015.09.08-16.08.34:888][575]LogModuleManager: Shutting down and abandoning module TextureFormatIntelISPCTexComp (46)
[2015.09.08-16.08.34:889][575]LogModuleManager: Shutting down and abandoning module TextureFormatDXT (45)
[2015.09.08-16.08.34:890][575]LogModuleManager: Shutting down and abandoning module ImageWrapper (44)
[2015.09.08-16.08.34:890][575]LogModuleManager: Shutting down and abandoning module TextureFormatASTC (43)
[2015.09.08-16.08.34:891][575]LogModuleManager: Shutting down and abandoning module TextureFormatAndroid (42)
[2015.09.08-16.08.34:891][575]LogModuleManager: Shutting down and abandoning module AudioFormatOpus (41)
[2015.09.08-16.08.34:892][575]LogModuleManager: Shutting down and abandoning module AudioFormatOgg (40)
[2015.09.08-16.08.34:892][575]LogModuleManager: Shutting down and abandoning module AudioFormatADPCM (39)
[2015.09.08-16.08.34:893][575]LogModuleManager: Shutting down and abandoning module LinuxTargetPlatform (38)
[2015.09.08-16.08.34:893][575]LogModuleManager: Shutting down and abandoning module LinuxServerTargetPlatform (37)
[2015.09.08-16.08.34:894][575]LogModuleManager: Shutting down and abandoning module LinuxNoEditorTargetPlatform (36)
[2015.09.08-16.08.34:895][575]LogModuleManager: Shutting down and abandoning module Messaging (35)
[2015.09.08-16.08.34:895][575]LogModuleManager: Shutting down and abandoning module IOSTargetPlatform (34)
[2015.09.08-16.08.34:896][575]LogModuleManager: Shutting down and abandoning module HTML5TargetPlatform (33)
[2015.09.08-16.08.34:896][575]LogModuleManager: Shutting down and abandoning module Android_PVRTCTargetPlatform (32)
[2015.09.08-16.08.34:897][575]LogModuleManager: Shutting down and abandoning module Android_ETC2TargetPlatform (31)
[2015.09.08-16.08.34:897][575]LogModuleManager: Shutting down and abandoning module Android_ETC1TargetPlatform (30)
[2015.09.08-16.08.34:897][575]LogModuleManager: Shutting down and abandoning module Android_DXTTargetPlatform (29)
[2015.09.08-16.08.34:897][575]LogModuleManager: Shutting down and abandoning module Android_ATCTargetPlatform (28)
[2015.09.08-16.08.34:898][575]LogModuleManager: Shutting down and abandoning module Android_ASTCTargetPlatform (27)
[2015.09.08-16.08.34:898][575]LogModuleManager: Shutting down and abandoning module AndroidTargetPlatform (26)
[2015.09.08-16.08.34:898][575]LogModuleManager: Shutting down and abandoning module WindowsTargetPlatform (25)
[2015.09.08-16.08.34:898][575]LogModuleManager: Shutting down and abandoning module WindowsServerTargetPlatform (24)
[2015.09.08-16.08.34:899][575]LogModuleManager: Shutting down and abandoning module WindowsNoEditorTargetPlatform (23)
[2015.09.08-16.08.34:899][575]LogModuleManager: Shutting down and abandoning module WindowsClientTargetPlatform (22)
[2015.09.08-16.08.34:899][575]LogModuleManager: Shutting down and abandoning module DesktopTargetPlatform (21)
[2015.09.08-16.08.34:899][575]LogModuleManager: Shutting down and abandoning module TargetPlatform (20)
[2015.09.08-16.08.34:899][575]LogModuleManager: Shutting down and abandoning module InputCore (19)
[2015.09.08-16.08.34:900][575]LogModuleManager: Shutting down and abandoning module Settings (18)
[2015.09.08-16.08.34:900][575]LogModuleManager: Shutting down and abandoning module OnlineSubsystem (16)
[2015.09.08-16.08.34:900][575]LogModuleManager: Shutting down and abandoning module HTTP (15)
[2015.09.08-16.08.34:901][575]LogModuleManager: Shutting down and abandoning module ExampleDeviceProfileSelector (14)
[2015.09.08-16.08.34:901][575]LogModuleManager: Shutting down and abandoning module TextureCompressor (13)
[2015.09.08-16.08.34:902][575]LogModuleManager: Shutting down and abandoning module ShaderCore (12)
[2015.09.08-16.08.34:902][575]LogModuleManager: Shutting down and abandoning module Landscape (11)
[2015.09.08-16.08.34:902][575]LogModuleManager: Shutting down and abandoning module SlateRHIRenderer (10)
[2015.09.08-16.08.34:904][575]LogModuleManager: Shutting down and abandoning module OpenGLDrv (9)
[2015.09.08-16.08.34:904][575]LogModuleManager: Shutting down and abandoning module D3D11RHI (8)
[2015.09.08-16.08.34:904][575]LogModuleManager: Shutting down and abandoning module Renderer (7)
[2015.09.08-16.08.34:905][575]LogModuleManager: Shutting down and abandoning module Engine (6)
[2015.09.08-16.08.34:905][575]LogModuleManager: Shutting down and abandoning module CoreUObject (5)
[2015.09.08-16.08.34:905][575]LogModuleManager: Shutting down and abandoning module NetworkFile (4)
[2015.09.08-16.08.34:905][575]LogModuleManager: Shutting down and abandoning module StreamingFile (3)
[2015.09.08-16.08.34:905][575]LogModuleManager: Shutting down and abandoning module SandboxFile (2)
[2015.09.08-16.08.34:906][575]LogModuleManager: Shutting down and abandoning module PakFile (1)
[2015.09.08-16.08.34:908][575]LogExit: Exiting.
[2015.09.08-16.08.34:910][575]Log file closed, 09/08/15 12:08:34
