[2015.09.07-13.06.57:785][  0]Log file open, 09/07/15 09:06:57
[2015.09.07-13.06.57:785][  0]LogInit:Display: Running engine for game: Brain
[2015.09.07-13.06.57:785][  0]LogInit:Display: RandInit(1161269418) SRandInit(1161269419).
[2015.09.07-13.06.57:786][  0]LogTaskGraph: Started task graph with 4 named threads and 7 total threads.
[2015.09.07-13.06.57:786][  0]LogStats: Stats thread started
[2015.09.07-13.06.57:786][  0]LogInit: Version: 4.8.3-2634408+++depot+UE4-Releases+4.8
[2015.09.07-13.06.57:786][  0]LogInit: API Version: 2579680
[2015.09.07-13.06.57:787][  0]LogInit: Compiled (64-bit): Jul 27 2015 16:24:33
[2015.09.07-13.06.57:787][  0]LogInit: Compiled with Visual C++: 18.00.21005.01
[2015.09.07-13.06.57:787][  0]LogInit: Build Configuration: Development
[2015.09.07-13.06.57:787][  0]LogInit: Branch Name: ++depot+UE4-Releases+4.8
[2015.09.07-13.06.57:787][  0]LogInit: Command line: 
[2015.09.07-13.06.57:788][  0]LogInit: Base directory: C:/Program Files/Epic Games/4.8/Engine/Binaries/Win64/
[2015.09.07-13.06.57:788][  0]LogInit: Rocket: 1
[2015.09.07-13.06.57:808][  0]LogInit: Using libcurl 7.41.0
[2015.09.07-13.06.57:809][  0]LogInit:  - built for x86_64-pc-win32
[2015.09.07-13.06.57:809][  0]LogInit:  - supports SSL with WinSSL
[2015.09.07-13.06.57:809][  0]LogInit:  - other features:
[2015.09.07-13.06.57:809][  0]LogInit:      CURL_VERSION_SSL
[2015.09.07-13.06.57:809][  0]LogInit:      CURL_VERSION_IPV6
[2015.09.07-13.06.57:810][  0]LogInit:      CURL_VERSION_ASYNCHDNS
[2015.09.07-13.06.57:810][  0]LogInit:      CURL_VERSION_LARGEFILE
[2015.09.07-13.06.57:810][  0]LogInit:      CURL_VERSION_IDN
[2015.09.07-13.06.57:810][  0]LogInit:  CurlRequestOptions (configurable via config and command line):
[2015.09.07-13.06.57:810][  0]LogInit:  - bVerifyPeer = true  - Libcurl will verify peer certificate
[2015.09.07-13.06.57:811][  0]LogInit:  - bUseHttpProxy = false  - Libcurl will NOT use HTTP proxy
[2015.09.07-13.06.57:811][  0]LogInit:  - bDontReuseConnections = false  - Libcurl will reuse connections
[2015.09.07-13.06.57:811][  0]LogInit:  - CertBundlePath = nullptr  - Libcurl will use whatever was configured at build time.
[2015.09.07-13.06.57:824][  0]LogOnline:Warning: No default platform service specified for OnlineSubsystem
[2015.09.07-13.06.58:120][  0]LogInit: Presizing for 0 objects not considered by GC, pre-allocating 0 bytes.
[2015.09.07-13.06.58:133][  0]LogInit: Object subsystem initialized
[2015.09.07-13.06.58:134][  0]LogConsoleResponse:Warning: Skipping Unknown console variable: 'TranslucentSortAxis = (X=0.000000,Y=-1.000000,Z=0.000000)'
[2015.09.07-13.06.58:135][  0]LogConsoleResponse:Warning:   Found in ini file 'C:/Users/frederic/Documents/Unreal Projects/Brain/Saved/Config/Windows/Engine.ini', in section '[/Script/Engine.RendererSettings]'
[2015.09.07-13.06.58:135][  0]LogConsoleResponse:Warning: Skipping Unknown console variable: 'UIScaleRule = ShortestSide'
[2015.09.07-13.06.58:135][  0]LogConsoleResponse:Warning:   Found in ini file 'C:/Users/frederic/Documents/Unreal Projects/Brain/Saved/Config/Windows/Engine.ini', in section '[/Script/Engine.RendererSettings]'
[2015.09.07-13.06.58:135][  0]LogConsoleResponse:Warning: Skipping Unknown console variable: 'UIScaleCurve = (EditorCurveData=(Keys=),ExternalCurve=None)'
[2015.09.07-13.06.58:136][  0]LogConsoleResponse:Warning:   Found in ini file 'C:/Users/frederic/Documents/Unreal Projects/Brain/Saved/Config/Windows/Engine.ini', in section '[/Script/Engine.RendererSettings]'
[2015.09.07-13.06.58:136][  0]LogInit: Selected Device Profile: [Windows]
[2015.09.07-13.06.58:136][  0]LogInit: Applying CVar settings loaded from the selected device profile: [Windows]
[2015.09.07-13.06.58:149][  0]LogInit: Computer: FREDERIC-PC
[2015.09.07-13.06.58:150][  0]LogInit: User: frederic
[2015.09.07-13.06.58:150][  0]LogInit: CPU Page size=4096, Cores=4
[2015.09.07-13.06.58:150][  0]LogInit: High frequency timer resolution =3.331259 MHz
[2015.09.07-13.06.58:151][  0]LogMemory: Memory total: Physical=15.9GB (16GB approx)
[2015.09.07-13.06.58:151][  0]LogMemory: Platform Memory Stats for Windows
[2015.09.07-13.06.58:151][  0]LogMemory: Process Physical Memory: 52.34 MB used, 52.34 MB peak
[2015.09.07-13.06.58:152][  0]LogMemory: Process Virtual Memory: 24.54 MB used, 24.54 MB peak
[2015.09.07-13.06.58:152][  0]LogMemory: Physical Memory: 6037.66 MB used, 16288.39 MB total
[2015.09.07-13.06.58:152][  0]LogMemory: Virtual Memory: 282.93 MB used, 8388608.00 MB total
[2015.09.07-13.07.00:063][  0]LogTextLocalizationManager: The requested culture ('fr_CA') has no localization data; falling back to 'en' for localization and internationalization data.
[2015.09.07-13.07.00:310][  0]LogTextLocalizationManager:Warning: Loaded localization resources contain conflicting entries for (Namespace:ContentBrowser, Key:ImportAssetToolTip):
Localization Resource: (C:/Program Files/Epic Games/4.8/Engine/Content/Localization/Editor/en/Editor.locres) Source String Hash: (-630476809) Localized String: (Import to {0}...)
Localization Resource: (C:/Program Files/Epic Games/4.8/Engine/Content/Localization/Editor/en/Editor.locres) Source String Hash: (1271782899) Localized String: (Imports an asset from file to this folder.)
[2015.09.07-13.07.01:526][  0]LogD3D11RHI: Found D3D11 adapter 0: NVIDIA GeForce GTX 970 (Feature Level 11_0)
[2015.09.07-13.07.01:526][  0]LogD3D11RHI: Adapter has 4008MB of dedicated video memory, 0MB of dedicated system memory, and 7888MB of shared system memory, 1 output[s]
[2015.09.07-13.07.01:822][  0]LogD3D11RHI: Found D3D11 adapter 1: Intel(R) HD Graphics 3000 (Feature Level 10_0)
[2015.09.07-13.07.01:823][  0]LogD3D11RHI: Adapter has 64MB of dedicated video memory, 0MB of dedicated system memory, and 1632MB of shared system memory, 0 output[s]
[2015.09.07-13.07.01:823][  0]LogD3D11RHI: Chosen D3D11 Adapter Id = 0
[2015.09.07-13.07.01:827][  0]LogD3D11RHI: InitD3DDevice
[2015.09.07-13.07.01:828][  0]LogD3D11RHI: !Direct3DDevice
[2015.09.07-13.07.01:828][  0]LogRHI: Texture pool is 1361 MB (70% of 1945 MB)
[2015.09.07-13.07.01:871][  0]LogD3D11RHI: Async texture creation enabled
[2015.09.07-13.07.01:886][  0]LogShaderCompilers:Display: Using Local Shader Compiler.
[2015.09.07-13.07.03:526][  0]LogTemp:Display: Loaded TP DesktopTargetPlatform
[2015.09.07-13.07.03:590][  0]LogTemp:Display: Loaded TP WindowsClientTargetPlatform
[2015.09.07-13.07.03:681][  0]LogTemp:Display: Loaded TP WindowsNoEditorTargetPlatform
[2015.09.07-13.07.03:731][  0]LogTemp:Display: Loaded TP WindowsServerTargetPlatform
[2015.09.07-13.07.03:787][  0]LogTemp:Display: Loaded TP WindowsTargetPlatform
[2015.09.07-13.07.03:817][  0]LogTemp:Display: Loaded TP AndroidTargetPlatform
[2015.09.07-13.07.03:872][  0]LogTemp:Display: Loaded TP Android_ASTCTargetPlatform
[2015.09.07-13.07.03:909][  0]LogTemp:Display: Loaded TP Android_ATCTargetPlatform
[2015.09.07-13.07.03:954][  0]LogTemp:Display: Loaded TP Android_DXTTargetPlatform
[2015.09.07-13.07.04:001][  0]LogTemp:Display: Loaded TP Android_ETC1TargetPlatform
[2015.09.07-13.07.04:083][  0]LogTemp:Display: Loaded TP Android_ETC2TargetPlatform
[2015.09.07-13.07.04:139][  0]LogTemp:Display: Loaded TP Android_PVRTCTargetPlatform
[2015.09.07-13.07.04:407][  0]LogTemp:Display: Loaded TP IOSTargetPlatform
[2015.09.07-13.07.04:446][  0]LogTemp:Display: Loaded TP LinuxNoEditorTargetPlatform
[2015.09.07-13.07.04:511][  0]LogTemp:Display: Loaded TP LinuxServerTargetPlatform
[2015.09.07-13.07.04:578][  0]LogTemp:Display: Loaded TP LinuxTargetPlatform
[2015.09.07-13.07.04:579][  0]LogTargetPlatformManager:Display: Building Assets For Windows
[2015.09.07-13.07.06:338][  0]LogDerivedDataCache:Display: Max Cache Size: 512 MB
[2015.09.07-13.07.06:414][  0]LogDerivedDataCache: Loaded boot cache 0.08s 84MB C:/Users/frederic/AppData/Local/UnrealEngine/4.8/DerivedDataCache/Boot.ddc.
[2015.09.07-13.07.06:415][  0]LogDerivedDataCache:Display: Loaded Boot cache: C:/Users/frederic/AppData/Local/UnrealEngine/4.8/DerivedDataCache/Boot.ddc
[2015.09.07-13.07.06:415][  0]LogDerivedDataCache: FDerivedDataBackendGraph:  Pak pak cache file ../../../../../../Users/frederic/Documents/Unreal Projects/Brain/DerivedDataCache/DDC.ddp not found, will not use a pak cache.
[2015.09.07-13.07.06:416][  0]LogDerivedDataCache: Unable to find inner node Pak for hierarchical cache Hierarchy.
[2015.09.07-13.07.06:416][  0]LogDerivedDataCache: FDerivedDataBackendGraph:  CompressedPak pak cache file ../../../../../../Users/frederic/Documents/Unreal Projects/Brain/DerivedDataCache/Compressed.ddp not found, will not use a pak cache.
[2015.09.07-13.07.06:416][  0]LogDerivedDataCache: Unable to find inner node CompressedPak for hierarchical cache Hierarchy.
[2015.09.07-13.07.06:603][  0]LogDerivedDataCache:Display: Pak cache opened for reading ../../../Engine/DerivedDataCache/Compressed.ddp.
[2015.09.07-13.07.06:616][  0]LogDerivedDataCache: Using Local data cache path C:/Users/frederic/AppData/Local/UnrealEngine/Common/DerivedDataCache: Writable
[2015.09.07-13.07.17:366][  0]LogInit: Selected Device Profile: [Windows]
[2015.09.07-13.07.17:375][  0]ImportText (ComponentSweepMultiTests): Missing closing parenthesis: (RootShapeAsset="/Engine/BasicShapes/Cube.Cube",ShapeType="TriggerCapsule",HitResult=(Time=0.50,Location=(X=-100.000015,Y=0.0,Z=100.000015),ImpactPoint=(X=-50.0,Y=0.0,Z=50.0),Normal=(X=-1.0,Y=-0.0,Z=0.0),ImpactNormal=(X=0.0,Y=0.0,Z=1.0),TraceStart=(X=-200.0,Y=0.0,Z=200.0),TraceEnd=(X=0.0,Y=0.0,Z=0.0))
[2015.09.07-13.07.17:376][  0]ImportText (LineTraceSingleByChannelTests): Missing closing parenthesis: (RootShapeAsset="/Engine/BasicShapes/Cube.Cube",HitResult=(Time=0.50,Location=(X=-100.000015,Y=0.0,Z=100.000015),ImpactPoint=(X=-50.0,Y=0.0,Z=50.0),Normal=(X=-1.0,Y=-0.0,Z=0.0),ImpactNormal=(X=0.0,Y=0.0,Z=1.0),TraceStart=(X=-200.0,Y=0.0,Z=200.0),TraceEnd=(X=0.0,Y=0.0,Z=0.0))
[2015.09.07-13.07.17:447][  0]LogMeshUtilities: No automatic mesh reduction module available
[2015.09.07-13.07.17:447][  0]LogMeshUtilities: No automatic mesh merging module available
[2015.09.07-13.07.18:443][  0]LogInit: WinSock: version 1.1 (2.2), MaxSocks=32767, MaxUdp=65467
[2015.09.07-13.07.23:152][  0]UdpMessaging: Initializing bridge on interface 0.0.0.0:0 to multicast group 230.0.0.1:6666.
[2015.09.07-13.07.24:839][  0]SourceControl: Info Source control is disabled
[2015.09.07-13.07.25:118][  0]SourceControl: Info Source control is disabled
[2015.09.07-13.07.25:155][  0]SourceControl: Info Source control is disabled
[2015.09.07-13.07.25:276][  0]SourceControl: Info Source control is disabled
[2015.09.07-13.07.26:168][  0]LogObj: 31156 objects as part of root set at end of initial load.
[2015.09.07-13.07.26:169][  0]LogUObjectAllocator: 7108624 out of 0 bytes used by permanent object pool.
[2015.09.07-13.07.26:424][  0]LogEngine: Initializing Engine...
[2015.09.07-13.07.26:427][  0]LogHMD: Can't find Oculus library dev build: is proper Runtime installed? Version: 0.6.0.0
[2015.09.07-13.07.26:549][  0]LogHMD:Warning: SteamVR failed to initialize.  Error: 110
[2015.09.07-13.07.26:852][  0]LogAIModule: Creating AISystem for world NewWorld
[2015.09.07-13.07.26:936][  0]LogInit: XAudio2 using 'Haut-parleurs (C-Media USB Audio Device   )' : 2 channels at 44.1 kHz using 16 bits per sample (channel mask 0x3)
[2015.09.07-13.07.26:966][  0]LogInit: FAudioDevice initialized.
[2015.09.07-13.07.27:005][  0]LogDerivedDataCache: Saved boot cache 0.04s 84MB C:/Users/frederic/AppData/Local/UnrealEngine/4.8/DerivedDataCache/Boot.ddc.
[2015.09.07-13.07.27:016][  0]LogInit: Texture streaming: Disabled
[2015.09.07-13.07.27:080][  0]LogAnalytics: Creating configured Analytics provider AnalyticsET
[2015.09.07-13.07.27:080][  0]LogAnalytics: [UEEditor.Rocket.Release] APIServer = http://et2.epicgames.com/ET2/. AppVersion = 4.8.3-2634408+++depot+UE4-Releases+4.8
[2015.09.07-13.07.27:081][  0]LogAnalytics: [UEEditor.Rocket.Release] SetUserId c8da8d664a36a98701fe659c10ae4ff8|70626fa7f476448fb82ad9618fbbb1ab|00e7fb16-00c3-4af4-a2a1-2cc8013aae38
[2015.09.07-13.07.27:081][  0]LogAnalytics: [UEEditor.Rocket.Release] AnalyticsET::StartSession
[2015.09.07-13.07.27:198][  0]LogInit: Transaction tracking system initialized
[2015.09.07-13.07.27:684][  0]BlueprintLog: New page: Editor Load
[2015.09.07-13.07.27:787][  0]LogAssetRegistry: FAssetRegistry took 0.0108 seconds to start up
[2015.09.07-13.07.27:788][  0]LogDirectoryWatcher:Warning: Failed to begin reading directory changes for ../../../Engine/Plugins/Experimental/CharacterAI/Content/. Error: 0
[2015.09.07-13.07.30:415][  0]LogConsoleManager:Warning: Console variable 'r.VSync' wasn't set ('GameSetting' has a lower priority than 'SystemSettingsIni')
[2015.09.07-13.07.30:416][  0]LogConsoleResponse:Display: 
[2015.09.07-13.07.30:695][  0]LogCook:Display: Done creating registry. It took  0.00s.
[2015.09.07-13.07.31:229][  0]SourceControl: Info Source control is disabled
[2015.09.07-13.07.31:229][  0]Cmd: MAP LOAD FILE="../../../../../../Users/frederic/Documents/Unreal Projects/Brain/Content/FirstPerson/Maps/FirstPersonExampleMap.umap" TEMPLATE=0 SHOWPROGRESS=1 FEATURELEVEL=3
[2015.09.07-13.07.31:232][  0]LightingResults: New page: Lighting Build
[2015.09.07-13.07.31:247][  0]MapCheck: New page: Map Check
[2015.09.07-13.07.31:247][  0]LightingResults: New page: Lighting Build
[2015.09.07-13.07.31:257][  0]LogParticles: Destroying 0 GPU particle simulations for FXSystem 0x00000000212889A0
[2015.09.07-13.07.32:371][  0]LogAIModule: Creating AISystem for world FirstPersonExampleMap
[2015.09.07-13.07.32:382][  0]LogEditorServer: Finished looking for orphan Actors (0.000 secs)
[2015.09.07-13.07.33:401][  0]Cmd: MAP CHECKDEP NOCLEARLOG
[2015.09.07-13.07.33:440][  0]MapCheck: Info Map check complete: 0 Error(s), 0 Warning(s), took 37.955ms to complete.
[2015.09.07-13.07.33:441][  0]LogFileHelpers: Loading map 'FirstPersonExampleMap' took 2.211
[2015.09.07-13.07.33:610][  0]LogCollectionManager: Loaded 0 collections in 0.002003 seconds
[2015.09.07-13.07.33:617][  0]LogContentBrowser: Native class hierarchy populated in 0.0070 seconds. Added 1798 classes and 303 folders.
[2015.09.07-13.07.33:789][  0]LogContentBrowser: Native class hierarchy updated for 'WidgetCarousel' in 0.0014 seconds. Added 0 classes and 0 folders.
[2015.09.07-13.07.33:914][  0]LogContentBrowser: Native class hierarchy updated for 'AddContentDialog' in 0.0014 seconds. Added 0 classes and 0 folders.
[2015.09.07-13.07.33:990][  0]LogContentBrowser: Native class hierarchy updated for 'SceneOutliner' in 0.0014 seconds. Added 1 classes and 2 folders.
[2015.09.07-13.07.34:253][  0]LogCrashTracker: Crashtracker disabled due to settings.
[2015.09.07-13.07.34:255][  0]LogD3D11RHI: InitD3DDevice
[2015.09.07-13.07.34:261][  0]LogUObjectGlobals:Warning: Failed to find object 'Class None.'
[2015.09.07-13.07.34:284][  0]LogLoad: Full Startup: 41.36 seconds (BP compile: 0.25 seconds)
[2015.09.07-13.07.34:393][  0]LogContentStreaming: Texture pool size is 0.000000MB
[2015.09.07-13.07.34:433][  0]LogContentStreaming: Texture pool size now 1000 MB
[2015.09.07-13.07.34:602][  0]LogRenderer: Reallocating scene render targets to support 1208x560 (Frame:2).
[2015.09.07-13.07.35:113][  6]LogAssetRegistry: Asset discovery search completed in 7.3366 seconds
[2015.09.07-13.07.37:953][316]LogD3D11RHI: InitD3DDevice
[2015.09.07-13.07.40:491][615]LogPlayLevel: PIE:  No blueprints needed recompiling
[2015.09.07-13.07.40:502][615]PIE: New page: PIE session: FirstPersonExampleMap (Sep 7, 2015, 5:07:40 AM)
[2015.09.07-13.07.40:503][615]LogPlayLevel: Creating play world package: /Game/FirstPerson/Maps/UEDPIE_0_FirstPersonExampleMap
[2015.09.07-13.07.40:520][615]LogPlayLevel: PIE: StaticDuplicateObject took: (0.016686s)
[2015.09.07-13.07.40:522][615]LogAIModule: Creating AISystem for world FirstPersonExampleMap
[2015.09.07-13.07.40:522][615]LogPlayLevel: PIE: World Init took: (0.001638s)
[2015.09.07-13.07.40:523][615]LogPlayLevel: PIE: Created PIE world by copying editor world from /Game/FirstPerson/Maps/FirstPersonExampleMap.FirstPersonExampleMap to /Game/FirstPerson/Maps/UEDPIE_0_FirstPersonExampleMap.FirstPersonExampleMap (0.020063s)
[2015.09.07-13.07.40:523][615]LogActorComponent: UnregisterComponent: (/Engine/Transient.CharMoveComp) Not registered. Aborting.
[2015.09.07-13.07.40:524][615]LogActorComponent: UnregisterComponent: (/Engine/Transient.CharacterMovementComponent_0) Not registered. Aborting.
[2015.09.07-13.07.40:563][615]LogInit: XAudio2 using 'Haut-parleurs (C-Media USB Audio Device   )' : 2 channels at 44.1 kHz using 16 bits per sample (channel mask 0x3)
[2015.09.07-13.07.40:570][615]LogInit: FAudioDevice initialized.
[2015.09.07-13.07.40:635][615]LogWorld: Game class is 'BrainGameMode'
[2015.09.07-13.07.40:642][615]LogWorld: Bringing World /Game/FirstPerson/Maps/UEDPIE_0_FirstPersonExampleMap.FirstPersonExampleMap up for play (max tick rate 0) at 2015.09.07-09.07.40
[2015.09.07-13.07.40:643][615]LogActor:Warning: GameSession /Game/FirstPerson/Maps/UEDPIE_0_FirstPersonExampleMap.FirstPersonExampleMap:PersistentLevel.GameSession_0 has natively added scene component(s), but none of them were set as the actor's RootComponent - picking one arbitrarily
[2015.09.07-13.07.40:643][615]LogActor:Warning: GameNetworkManager /Game/FirstPerson/Maps/UEDPIE_0_FirstPersonExampleMap.FirstPersonExampleMap:PersistentLevel.GameNetworkManager_0 has natively added scene component(s), but none of them were set as the actor's RootComponent - picking one arbitrarily
[2015.09.07-13.07.40:644][615]LogWorld: Bringing up level for play took: 0.007038
[2015.09.07-13.07.40:647][615]PIE: Info Play in editor start time for /Game/FirstPerson/Maps/UEDPIE_0_FirstPersonExampleMap -0.737
[2015.09.07-13.08.17:725][ 42]LogParticles: Destroying 0 GPU particle simulations for FXSystem 0x0000000003BAC360
[2015.09.07-13.08.18:730][124]Cmd: QUIT_EDITOR
[2015.09.07-13.08.18:945][124]LogExit: Preparing to exit.
[2015.09.07-13.08.19:464][124]LogExit: Editor shut down
[2015.09.07-13.08.19:465][124]LogExit: Transaction tracking system shut down
[2015.09.07-13.08.19:466][124]LogParticles: Destroying 0 GPU particle simulations for FXSystem 0x0000000010C5B6A0
[2015.09.07-13.08.19:467][124]LogParticles: Destroying 0 GPU particle simulations for FXSystem 0x00000000123D4B80
[2015.09.07-13.08.19:467][124]LogParticles: Destroying 0 GPU particle simulations for FXSystem 0x0000000011CBFCE0
[2015.09.07-13.08.19:644][124]LogExit: Object subsystem successfully closed.
[2015.09.07-13.08.19:665][124]LogD3D11RHI: Shutdown
[2015.09.07-13.08.19:665][124]LogD3D11RHI: CleanupD3DDevice
[2015.09.07-13.08.19:972][124]LogD3D11RHI: ~FD3D11DynamicRHI
[2015.09.07-13.08.19:987][124]LogModuleManager: Shutting down and abandoning module CrashTracker (189)
[2015.09.07-13.08.19:988][124]LogModuleManager: Shutting down and abandoning module SceneOutliner (188)
[2015.09.07-13.08.19:988][124]LogModuleManager: Shutting down and abandoning module SuperSearch (187)
[2015.09.07-13.08.19:988][124]LogModuleManager: Shutting down and abandoning module WidgetCarousel (186)
[2015.09.07-13.08.19:988][124]LogModuleManager: Shutting down and abandoning module AddContentDialog (185)
[2015.09.07-13.08.19:989][124]LogModuleManager: Shutting down and abandoning module EditorWidgets (184)
[2015.09.07-13.08.19:990][124]LogModuleManager: Shutting down and abandoning module CollectionManager (183)
[2015.09.07-13.08.19:990][124]LogModuleManager: Shutting down and abandoning module StatsViewer (182)
[2015.09.07-13.08.19:990][124]LogModuleManager: Shutting down and abandoning module FoliageEdit (181)
[2015.09.07-13.08.19:990][124]LogModuleManager: Shutting down and abandoning module LandscapeEditor (180)
[2015.09.07-13.08.19:991][124]LogModuleManager: Shutting down and abandoning module ActorPickerMode (179)
[2015.09.07-13.08.19:991][124]LogModuleManager: Shutting down and abandoning module GeometryMode (178)
[2015.09.07-13.08.19:991][124]LogModuleManager: Shutting down and abandoning module TextureAlignMode (177)
[2015.09.07-13.08.19:991][124]LogModuleManager: Shutting down and abandoning module BspMode (176)
[2015.09.07-13.08.19:992][124]LogModuleManager: Shutting down and abandoning module PlacementMode (175)
[2015.09.07-13.08.19:992][124]LogModuleManager: Shutting down and abandoning module AutomationWorker (174)
[2015.09.07-13.08.19:992][124]LogModuleManager: Shutting down and abandoning module CharacterAI (173)
[2015.09.07-13.08.19:992][124]LogModuleManager: Shutting down and abandoning module SmartSnapping (172)
[2015.09.07-13.08.19:993][124]LogModuleManager: Shutting down and abandoning module ViewportSnapping (171)
[2015.09.07-13.08.19:993][124]LogModuleManager: Shutting down and abandoning module LogVisualizer (170)
[2015.09.07-13.08.19:993][124]LogModuleManager: Shutting down and abandoning module GameProjectGeneration (169)
[2015.09.07-13.08.19:993][124]LogModuleManager: Shutting down and abandoning module IntroTutorials (168)
[2015.09.07-13.08.19:994][124]LogModuleManager: Shutting down and abandoning module EditorLiveStreaming (167)
[2015.09.07-13.08.19:994][124]LogModuleManager: Shutting down and abandoning module IOSPlatformEditor (166)
[2015.09.07-13.08.19:994][124]LogModuleManager: Shutting down and abandoning module HTML5PlatformEditor (165)
[2015.09.07-13.08.19:994][124]LogModuleManager: Shutting down and abandoning module AndroidDeviceDetection (164)
[2015.09.07-13.08.20:895][124]LogModuleManager: Shutting down and abandoning module AndroidPlatformEditor (163)
[2015.09.07-13.08.20:896][124]LogModuleManager: Shutting down and abandoning module IOSRuntimeSettings (162)
[2015.09.07-13.08.20:897][124]LogModuleManager: Shutting down and abandoning module AndroidRuntimeSettings (161)
[2015.09.07-13.08.20:898][124]LogModuleManager: Shutting down and abandoning module MergeActors (160)
[2015.09.07-13.08.20:898][124]LogModuleManager: Shutting down and abandoning module SizeMap (159)
[2015.09.07-13.08.20:899][124]LogModuleManager: Shutting down and abandoning module TreeMap (158)
[2015.09.07-13.08.20:900][124]LogModuleManager: Shutting down and abandoning module ReferenceViewer (157)
[2015.09.07-13.08.20:900][124]LogModuleManager: Shutting down and abandoning module LocalizationDashboard (156)
[2015.09.07-13.08.20:901][124]LogModuleManager: Shutting down and abandoning module HardwareTargeting (155)
[2015.09.07-13.08.20:901][124]LogModuleManager: Shutting down and abandoning module DeviceProfileEditor (154)
[2015.09.07-13.08.20:902][124]LogModuleManager: Shutting down and abandoning module UndoHistory (153)
[2015.09.07-13.08.20:903][124]LogModuleManager: Shutting down and abandoning module GameplayTagsEditor (152)
[2015.09.07-13.08.20:903][124]LogModuleManager: Shutting down and abandoning module UserFeedback (151)
[2015.09.07-13.08.20:904][124]LogModuleManager: Shutting down and abandoning module XmlParser (150)
[2015.09.07-13.08.20:904][124]LogModuleManager: Shutting down and abandoning module Blutility (149)
[2015.09.07-13.08.20:905][124]LogModuleManager: Shutting down and abandoning module ProjectTargetPlatformEditor (148)
[2015.09.07-13.08.20:905][124]LogModuleManager: Shutting down and abandoning module ProjectSettingsViewer (147)
[2015.09.07-13.08.20:906][124]LogModuleManager: Shutting down and abandoning module InputBindingEditor (146)
[2015.09.07-13.08.20:907][124]LogModuleManager: Shutting down and abandoning module EditorSettingsViewer (145)
[2015.09.07-13.08.20:907][124]LogModuleManager: Shutting down and abandoning module SettingsEditor (144)
[2015.09.07-13.08.20:908][124]LogModuleManager: Shutting down and abandoning module ProjectLauncher (143)
[2015.09.07-13.08.20:908][124]LogModuleManager: Shutting down and abandoning module SessionFrontend (142)
[2015.09.07-13.08.20:909][124]LogModuleManager: Shutting down and abandoning module ProfilerClient (141)
[2015.09.07-13.08.20:910][124]LogModuleManager: Shutting down and abandoning module TargetDeviceServices (140)
[2015.09.07-13.08.20:910][124]LogModuleManager: Shutting down and abandoning module DeviceManager (139)
[2015.09.07-13.08.20:911][124]LogModuleManager: Shutting down and abandoning module AutomationController (138)
[2015.09.07-13.08.20:911][124]LogModuleManager: Shutting down and abandoning module AutomationWindow (137)
[2015.09.07-13.08.20:912][124]LogModuleManager: Shutting down and abandoning module Layers (136)
[2015.09.07-13.08.20:913][124]LogModuleManager: Shutting down and abandoning module ComponentVisualizers (135)
[2015.09.07-13.08.20:913][124]LogModuleManager: Shutting down and abandoning module DetailCustomizations (134)
[2015.09.07-13.08.20:914][124]LogModuleManager: Shutting down and abandoning module PackagesDialog (133)
[2015.09.07-13.08.20:914][124]LogModuleManager: Shutting down and abandoning module AssetRegistry (132)
[2015.09.07-13.08.20:995][124]LogModuleManager: Shutting down and abandoning module Persona (131)
[2015.09.07-13.08.20:995][124]LogModuleManager: Shutting down and abandoning module Kismet (130)
[2015.09.07-13.08.20:996][124]LogModuleManager: Shutting down and abandoning module GraphEditor (129)
[2015.09.07-13.08.20:996][124]LogModuleManager: Shutting down and abandoning module ClassViewer (128)
[2015.09.07-13.08.20:996][124]LogModuleManager: Shutting down and abandoning module Toolbox (127)
[2015.09.07-13.08.20:997][124]LogModuleManager: Shutting down and abandoning module ModuleUI (126)
[2015.09.07-13.08.20:997][124]LogModuleManager: Shutting down and abandoning module MovieSceneTools (125)
[2015.09.07-13.08.20:997][124]LogModuleManager: Shutting down and abandoning module OutputLog (124)
[2015.09.07-13.08.20:998][124]LogModuleManager: Shutting down and abandoning module GammaUI (123)
[2015.09.07-13.08.20:998][124]LogModuleManager: Shutting down and abandoning module Documentation (122)
[2015.09.07-13.08.20:998][124]LogModuleManager: Shutting down and abandoning module GameLiveStreaming (121)
[2015.09.07-13.08.20:998][124]LogModuleManager: Shutting down and abandoning module StreamingPauseRendering (120)
[2015.09.07-13.08.20:999][124]LogModuleManager: Shutting down and abandoning module AnalyticsET (119)
[2015.09.07-13.08.20:999][124]LogModuleManager: Shutting down and abandoning module Analytics (118)
[2015.09.07-13.08.20:999][124]LogModuleManager: Shutting down and abandoning module AITestSuite (117)
[2015.09.07-13.08.20:999][124]LogModuleManager: Shutting down and abandoning module GameplayDebugger (116)
[2015.09.07-13.08.20:999][124]LogModuleManager: Shutting down and abandoning module AIModule (115)
[2015.09.07-13.08.21:000][124]LogModuleManager: Shutting down and abandoning module ProfilerService (114)
[2015.09.07-13.08.21:111][124]LogModuleManager: Shutting down and abandoning module TaskGraph (113)
[2015.09.07-13.08.21:112][124]LogModuleManager: Shutting down and abandoning module SlateRemote (112)
[2015.09.07-13.08.21:113][124]LogModuleManager: Shutting down and abandoning module SteamVRController (111)
[2015.09.07-13.08.21:114][124]LogModuleManager: Shutting down and abandoning module SteamVR (110)
[2015.09.07-13.08.21:114][124]LogModuleManager: Shutting down and abandoning module ProceduralMeshComponent (109)
[2015.09.07-13.08.21:115][124]LogModuleManager: Shutting down and abandoning module OculusRift (108)
[2015.09.07-13.08.21:116][124]LogModuleManager: Shutting down and abandoning module LeapMotionController (107)
[2015.09.07-13.08.21:135][124]LogModuleManager: Shutting down and abandoning module CustomMeshComponent (106)
[2015.09.07-13.08.21:137][124]LogModuleManager: Shutting down and abandoning module CableComponent (105)
[2015.09.07-13.08.21:137][124]LogModuleManager: Shutting down and abandoning module MessagingDebugger (104)
[2015.09.07-13.08.21:138][124]LogModuleManager: Shutting down and abandoning module MediaPlayerEditor (103)
[2015.09.07-13.08.21:139][124]LogModuleManager: Shutting down and abandoning module SpeedTreeImporter (102)
[2015.09.07-13.08.21:139][124]LogModuleManager: Shutting down and abandoning module PluginBrowser (101)
[2015.09.07-13.08.21:140][124]LogModuleManager: Shutting down and abandoning module EpicSurvey (100)
[2015.09.07-13.08.21:140][124]LogModuleManager: Shutting down and abandoning module DesktopPlatform (99)
[2015.09.07-13.08.21:141][124]LogModuleManager: Shutting down and abandoning module VisualStudioSourceCodeAccess (98)
[2015.09.07-13.08.21:141][124]LogModuleManager: Shutting down and abandoning module UObjectPlugin (97)
[2015.09.07-13.08.21:142][124]LogModuleManager: Shutting down and abandoning module SubversionSourceControl (96)
[2015.09.07-13.08.21:142][124]LogModuleManager: Shutting down and abandoning module PerforceSourceControl (95)
[2015.09.07-13.08.21:142][124]LogModuleManager: Shutting down and abandoning module SourceControl (94)
[2015.09.07-13.08.21:142][124]LogModuleManager: Shutting down and abandoning module GitSourceControl (93)
[2015.09.07-13.08.21:143][124]LogModuleManager: Shutting down and abandoning module BlankPlugin (92)
[2015.09.07-13.08.21:143][124]LogModuleManager: Shutting down and abandoning module PaperTiledImporter (91)
[2015.09.07-13.08.21:143][124]LogModuleManager: Shutting down and abandoning module PaperSpriteSheetImporter (90)
[2015.09.07-13.08.21:143][124]LogModuleManager: Shutting down and abandoning module MeshPaint (89)
[2015.09.07-13.08.21:144][124]LogModuleManager: Shutting down and abandoning module SlateReflector (88)
[2015.09.07-13.08.21:144][124]LogModuleManager: Shutting down and abandoning module DirectoryWatcher (87)
[2015.09.07-13.08.21:144][124]LogModuleManager: Shutting down and abandoning module HotReload (86)
[2015.09.07-13.08.21:145][124]LogModuleManager: Shutting down and abandoning module MainFrame (85)
[2015.09.07-13.08.21:145][124]LogModuleManager: Shutting down and abandoning module LevelEditor (84)
[2015.09.07-13.08.21:146][124]LogModuleManager: Shutting down and abandoning module ContentBrowser (83)
[2015.09.07-13.08.21:147][124]LogModuleManager: Shutting down and abandoning module Paper2DEditor (82)
[2015.09.07-13.08.21:147][124]LogModuleManager: Shutting down and abandoning module Brain (81)
[2015.09.07-13.08.21:147][124]LogModuleManager: Shutting down and abandoning module UdpMessaging (80)
[2015.09.07-13.08.21:247][124]LogModuleManager: Shutting down and abandoning module Paper2D (79)
[2015.09.07-13.08.21:248][124]LogModuleManager: Shutting down and abandoning module WindowsMoviePlayer (78)
[2015.09.07-13.08.21:253][124]LogModuleManager: Shutting down and abandoning module Media (77)
[2015.09.07-13.08.21:254][124]LogModuleManager: Shutting down and abandoning module WmfMedia (76)
[2015.09.07-13.08.21:257][124]LogModuleManager: Shutting down and abandoning module OnlineBlueprintSupport (75)
[2015.09.07-13.08.21:258][124]LogModuleManager: Shutting down and abandoning module PropertyEditor (74)
[2015.09.07-13.08.21:259][124]LogModuleManager: Shutting down and abandoning module BehaviorTreeEditor (73)
[2015.09.07-13.08.21:259][124]LogModuleManager: Shutting down and abandoning module FunctionalTesting (72)
[2015.09.07-13.08.21:260][124]LogModuleManager: Shutting down and abandoning module CollisionAnalyzer (71)
[2015.09.07-13.08.21:261][124]LogModuleManager: Shutting down and abandoning module WorkspaceMenuStructure (70)
[2015.09.07-13.08.21:261][124]LogModuleManager: Shutting down and abandoning module MessageLog (69)
[2015.09.07-13.08.21:262][124]LogModuleManager: Shutting down and abandoning module Sequencer (68)
[2015.09.07-13.08.21:262][124]LogModuleManager: Shutting down and abandoning module AssetTools (67)
[2015.09.07-13.08.21:263][124]LogModuleManager: Shutting down and abandoning module UMGEditor (66)
[2015.09.07-13.08.21:264][124]LogModuleManager: Shutting down and abandoning module UMG (65)
[2015.09.07-13.08.21:264][124]LogModuleManager: Shutting down and abandoning module Slate (64)
[2015.09.07-13.08.21:265][124]LogModuleManager: Shutting down and abandoning module EditorStyle (63)
[2015.09.07-13.08.21:270][124]LogModuleManager: Shutting down and abandoning module SessionServices (62)
[2015.09.07-13.08.21:270][124]LogModuleManager: Shutting down and abandoning module SourceCodeAccess (61)
[2015.09.07-13.08.21:271][124]LogModuleManager: Shutting down and abandoning module HeadMountedDisplay (60)
[2015.09.07-13.08.21:272][124]LogModuleManager: Shutting down and abandoning module XAudio2 (59)
[2015.09.07-13.08.21:273][124]LogModuleManager: Shutting down and abandoning module Networking (57)
[2015.09.07-13.08.21:273][124]LogModuleManager: Shutting down and abandoning module Core (56)
[2015.09.07-13.08.21:274][124]LogModuleManager: Shutting down and abandoning module KismetCompiler (55)
[2015.09.07-13.08.21:275][124]LogModuleManager: Shutting down and abandoning module PhysXFormats (54)
[2015.09.07-13.08.21:275][124]LogModuleManager: Shutting down and abandoning module MeshUtilities (53)
[2015.09.07-13.08.21:276][124]LogModuleManager: Shutting down and abandoning module DerivedDataCache (52)
[2015.09.07-13.08.21:425][124]LogDerivedDataCache: Shutdown
[2015.09.07-13.08.21:426][124]LogModuleManager: Shutting down and abandoning module ShaderFormatOpenGL (51)
[2015.09.07-13.08.21:426][124]LogModuleManager: Shutting down and abandoning module ShaderFormatD3D (50)
[2015.09.07-13.08.21:427][124]LogModuleManager: Shutting down and abandoning module MetalShaderFormat (49)
[2015.09.07-13.08.21:428][124]LogModuleManager: Shutting down and abandoning module TextureFormatUncompressed (48)
[2015.09.07-13.08.21:428][124]LogModuleManager: Shutting down and abandoning module TextureFormatPVR (47)
[2015.09.07-13.08.21:429][124]LogModuleManager: Shutting down and abandoning module TextureFormatIntelISPCTexComp (46)
[2015.09.07-13.08.21:429][124]LogModuleManager: Shutting down and abandoning module TextureFormatDXT (45)
[2015.09.07-13.08.21:430][124]LogModuleManager: Shutting down and abandoning module ImageWrapper (44)
[2015.09.07-13.08.21:431][124]LogModuleManager: Shutting down and abandoning module TextureFormatASTC (43)
[2015.09.07-13.08.21:431][124]LogModuleManager: Shutting down and abandoning module TextureFormatAndroid (42)
[2015.09.07-13.08.21:432][124]LogModuleManager: Shutting down and abandoning module AudioFormatOpus (41)
[2015.09.07-13.08.21:432][124]LogModuleManager: Shutting down and abandoning module AudioFormatOgg (40)
[2015.09.07-13.08.21:433][124]LogModuleManager: Shutting down and abandoning module AudioFormatADPCM (39)
[2015.09.07-13.08.21:433][124]LogModuleManager: Shutting down and abandoning module LinuxTargetPlatform (38)
[2015.09.07-13.08.21:434][124]LogModuleManager: Shutting down and abandoning module LinuxServerTargetPlatform (37)
[2015.09.07-13.08.21:434][124]LogModuleManager: Shutting down and abandoning module LinuxNoEditorTargetPlatform (36)
[2015.09.07-13.08.21:435][124]LogModuleManager: Shutting down and abandoning module Messaging (35)
[2015.09.07-13.08.21:435][124]LogModuleManager: Shutting down and abandoning module IOSTargetPlatform (34)
[2015.09.07-13.08.21:436][124]LogModuleManager: Shutting down and abandoning module HTML5TargetPlatform (33)
[2015.09.07-13.08.21:436][124]LogModuleManager: Shutting down and abandoning module Android_PVRTCTargetPlatform (32)
[2015.09.07-13.08.21:437][124]LogModuleManager: Shutting down and abandoning module Android_ETC2TargetPlatform (31)
[2015.09.07-13.08.21:437][124]LogModuleManager: Shutting down and abandoning module Android_ETC1TargetPlatform (30)
[2015.09.07-13.08.21:438][124]LogModuleManager: Shutting down and abandoning module Android_DXTTargetPlatform (29)
[2015.09.07-13.08.21:438][124]LogModuleManager: Shutting down and abandoning module Android_ATCTargetPlatform (28)
[2015.09.07-13.08.21:439][124]LogModuleManager: Shutting down and abandoning module Android_ASTCTargetPlatform (27)
[2015.09.07-13.08.21:439][124]LogModuleManager: Shutting down and abandoning module AndroidTargetPlatform (26)
[2015.09.07-13.08.21:440][124]LogModuleManager: Shutting down and abandoning module WindowsTargetPlatform (25)
[2015.09.07-13.08.21:440][124]LogModuleManager: Shutting down and abandoning module WindowsServerTargetPlatform (24)
[2015.09.07-13.08.21:441][124]LogModuleManager: Shutting down and abandoning module WindowsNoEditorTargetPlatform (23)
[2015.09.07-13.08.21:441][124]LogModuleManager: Shutting down and abandoning module WindowsClientTargetPlatform (22)
[2015.09.07-13.08.21:442][124]LogModuleManager: Shutting down and abandoning module DesktopTargetPlatform (21)
[2015.09.07-13.08.21:442][124]LogModuleManager: Shutting down and abandoning module TargetPlatform (20)
[2015.09.07-13.08.21:442][124]LogModuleManager: Shutting down and abandoning module InputCore (19)
[2015.09.07-13.08.21:442][124]LogModuleManager: Shutting down and abandoning module Settings (18)
[2015.09.07-13.08.21:443][124]LogModuleManager: Shutting down and abandoning module OnlineSubsystem (16)
[2015.09.07-13.08.21:443][124]LogModuleManager: Shutting down and abandoning module HTTP (15)
[2015.09.07-13.08.21:443][124]LogModuleManager: Shutting down and abandoning module ExampleDeviceProfileSelector (14)
[2015.09.07-13.08.21:444][124]LogModuleManager: Shutting down and abandoning module TextureCompressor (13)
[2015.09.07-13.08.21:444][124]LogModuleManager: Shutting down and abandoning module ShaderCore (12)
[2015.09.07-13.08.21:445][124]LogModuleManager: Shutting down and abandoning module Landscape (11)
[2015.09.07-13.08.21:445][124]LogModuleManager: Shutting down and abandoning module SlateRHIRenderer (10)
[2015.09.07-13.08.21:446][124]LogModuleManager: Shutting down and abandoning module OpenGLDrv (9)
[2015.09.07-13.08.21:447][124]LogModuleManager: Shutting down and abandoning module D3D11RHI (8)
[2015.09.07-13.08.21:447][124]LogModuleManager: Shutting down and abandoning module Renderer (7)
[2015.09.07-13.08.21:447][124]LogModuleManager: Shutting down and abandoning module Engine (6)
[2015.09.07-13.08.21:448][124]LogModuleManager: Shutting down and abandoning module CoreUObject (5)
[2015.09.07-13.08.21:448][124]LogModuleManager: Shutting down and abandoning module NetworkFile (4)
[2015.09.07-13.08.21:448][124]LogModuleManager: Shutting down and abandoning module StreamingFile (3)
[2015.09.07-13.08.21:448][124]LogModuleManager: Shutting down and abandoning module SandboxFile (2)
[2015.09.07-13.08.21:448][124]LogModuleManager: Shutting down and abandoning module PakFile (1)
[2015.09.07-13.08.21:451][124]LogExit: Exiting.
[2015.09.07-13.08.21:453][124]Log file closed, 09/07/15 09:08:21
