[2015.09.07-18.36.10:315][  0]Log file open, 09/07/15 14:36:10
[2015.09.07-18.36.10:315][  0]LogInit:Display: Running engine for game: Brain
[2015.09.07-18.36.10:316][  0]LogInit:Display: RandInit(-56071147) SRandInit(-56071147).
[2015.09.07-18.36.10:316][  0]LogTaskGraph: Started task graph with 4 named threads and 7 total threads.
[2015.09.07-18.36.10:317][  0]LogStats: Stats thread started
[2015.09.07-18.36.10:317][  0]LogInit: Version: 4.8.3-2634408+++depot+UE4-Releases+4.8
[2015.09.07-18.36.10:317][  0]LogInit: API Version: 2579680
[2015.09.07-18.36.10:317][  0]LogInit: Compiled (64-bit): Jul 27 2015 16:24:33
[2015.09.07-18.36.10:318][  0]LogInit: Compiled with Visual C++: 18.00.21005.01
[2015.09.07-18.36.10:318][  0]LogInit: Build Configuration: Development
[2015.09.07-18.36.10:318][  0]LogInit: Branch Name: ++depot+UE4-Releases+4.8
[2015.09.07-18.36.10:318][  0]LogInit: Command line: 
[2015.09.07-18.36.10:319][  0]LogInit: Base directory: C:/Program Files/Epic Games/4.8/Engine/Binaries/Win64/
[2015.09.07-18.36.10:319][  0]LogInit: Rocket: 1
[2015.09.07-18.36.10:345][  0]LogInit: Using libcurl 7.41.0
[2015.09.07-18.36.10:346][  0]LogInit:  - built for x86_64-pc-win32
[2015.09.07-18.36.10:346][  0]LogInit:  - supports SSL with WinSSL
[2015.09.07-18.36.10:346][  0]LogInit:  - other features:
[2015.09.07-18.36.10:347][  0]LogInit:      CURL_VERSION_SSL
[2015.09.07-18.36.10:347][  0]LogInit:      CURL_VERSION_IPV6
[2015.09.07-18.36.10:347][  0]LogInit:      CURL_VERSION_ASYNCHDNS
[2015.09.07-18.36.10:347][  0]LogInit:      CURL_VERSION_LARGEFILE
[2015.09.07-18.36.10:348][  0]LogInit:      CURL_VERSION_IDN
[2015.09.07-18.36.10:348][  0]LogInit:  CurlRequestOptions (configurable via config and command line):
[2015.09.07-18.36.10:348][  0]LogInit:  - bVerifyPeer = true  - Libcurl will verify peer certificate
[2015.09.07-18.36.10:348][  0]LogInit:  - bUseHttpProxy = false  - Libcurl will NOT use HTTP proxy
[2015.09.07-18.36.10:349][  0]LogInit:  - bDontReuseConnections = false  - Libcurl will reuse connections
[2015.09.07-18.36.10:349][  0]LogInit:  - CertBundlePath = nullptr  - Libcurl will use whatever was configured at build time.
[2015.09.07-18.36.10:362][  0]LogOnline:Warning: No default platform service specified for OnlineSubsystem
[2015.09.07-18.36.10:397][  0]LogInit: Presizing for 0 objects not considered by GC, pre-allocating 0 bytes.
[2015.09.07-18.36.10:404][  0]LogInit: Object subsystem initialized
[2015.09.07-18.36.10:406][  0]LogConsoleResponse:Warning: Skipping Unknown console variable: 'TranslucentSortAxis = (X=0.000000,Y=-1.000000,Z=0.000000)'
[2015.09.07-18.36.10:406][  0]LogConsoleResponse:Warning:   Found in ini file 'C:/Users/frederic/Documents/Unreal Projects/Brain/Saved/Config/Windows/Engine.ini', in section '[/Script/Engine.RendererSettings]'
[2015.09.07-18.36.10:406][  0]LogConsoleResponse:Warning: Skipping Unknown console variable: 'UIScaleRule = ShortestSide'
[2015.09.07-18.36.10:407][  0]LogConsoleResponse:Warning:   Found in ini file 'C:/Users/frederic/Documents/Unreal Projects/Brain/Saved/Config/Windows/Engine.ini', in section '[/Script/Engine.RendererSettings]'
[2015.09.07-18.36.10:407][  0]LogConsoleResponse:Warning: Skipping Unknown console variable: 'UIScaleCurve = (EditorCurveData=(Keys=),ExternalCurve=None)'
[2015.09.07-18.36.10:407][  0]LogConsoleResponse:Warning:   Found in ini file 'C:/Users/frederic/Documents/Unreal Projects/Brain/Saved/Config/Windows/Engine.ini', in section '[/Script/Engine.RendererSettings]'
[2015.09.07-18.36.10:408][  0]LogInit: Selected Device Profile: [Windows]
[2015.09.07-18.36.10:408][  0]LogInit: Applying CVar settings loaded from the selected device profile: [Windows]
[2015.09.07-18.36.10:414][  0]LogInit: Computer: FREDERIC-PC
[2015.09.07-18.36.10:415][  0]LogInit: User: frederic
[2015.09.07-18.36.10:415][  0]LogInit: CPU Page size=4096, Cores=4
[2015.09.07-18.36.10:415][  0]LogInit: High frequency timer resolution =3.331269 MHz
[2015.09.07-18.36.10:415][  0]LogMemory: Memory total: Physical=15.9GB (16GB approx)
[2015.09.07-18.36.10:416][  0]LogMemory: Platform Memory Stats for Windows
[2015.09.07-18.36.10:416][  0]LogMemory: Process Physical Memory: 52.82 MB used, 52.82 MB peak
[2015.09.07-18.36.10:416][  0]LogMemory: Process Virtual Memory: 24.59 MB used, 27.48 MB peak
[2015.09.07-18.36.10:416][  0]LogMemory: Physical Memory: 6438.70 MB used, 16288.39 MB total
[2015.09.07-18.36.10:417][  0]LogMemory: Virtual Memory: 283.00 MB used, 8388608.00 MB total
[2015.09.07-18.36.10:493][  0]LogTextLocalizationManager: The requested culture ('fr_CA') has no localization data; falling back to 'en' for localization and internationalization data.
[2015.09.07-18.36.10:709][  0]LogTextLocalizationManager:Warning: Loaded localization resources contain conflicting entries for (Namespace:ContentBrowser, Key:ImportAssetToolTip):
Localization Resource: (C:/Program Files/Epic Games/4.8/Engine/Content/Localization/Editor/en/Editor.locres) Source String Hash: (-630476809) Localized String: (Import to {0}...)
Localization Resource: (C:/Program Files/Epic Games/4.8/Engine/Content/Localization/Editor/en/Editor.locres) Source String Hash: (1271782899) Localized String: (Imports an asset from file to this folder.)
[2015.09.07-18.36.11:085][  0]LogD3D11RHI: Found D3D11 adapter 0: NVIDIA GeForce GTX 970 (Feature Level 11_0)
[2015.09.07-18.36.11:085][  0]LogD3D11RHI: Adapter has 4008MB of dedicated video memory, 0MB of dedicated system memory, and 7888MB of shared system memory, 1 output[s]
[2015.09.07-18.36.11:093][  0]LogD3D11RHI: Found D3D11 adapter 1: Intel(R) HD Graphics 3000 (Feature Level 10_0)
[2015.09.07-18.36.11:093][  0]LogD3D11RHI: Adapter has 64MB of dedicated video memory, 0MB of dedicated system memory, and 1632MB of shared system memory, 0 output[s]
[2015.09.07-18.36.11:093][  0]LogD3D11RHI: Chosen D3D11 Adapter Id = 0
[2015.09.07-18.36.11:097][  0]LogD3D11RHI: InitD3DDevice
[2015.09.07-18.36.11:098][  0]LogD3D11RHI: !Direct3DDevice
[2015.09.07-18.36.11:098][  0]LogRHI: Texture pool is 1361 MB (70% of 1945 MB)
[2015.09.07-18.36.11:157][  0]LogD3D11RHI: Async texture creation enabled
[2015.09.07-18.36.11:173][  0]LogShaderCompilers:Display: Using Local Shader Compiler.
[2015.09.07-18.36.11:967][  0]LogTemp:Display: Loaded TP DesktopTargetPlatform
[2015.09.07-18.36.11:989][  0]LogTemp:Display: Loaded TP WindowsClientTargetPlatform
[2015.09.07-18.36.12:018][  0]LogTemp:Display: Loaded TP WindowsNoEditorTargetPlatform
[2015.09.07-18.36.12:040][  0]LogTemp:Display: Loaded TP WindowsServerTargetPlatform
[2015.09.07-18.36.12:064][  0]LogTemp:Display: Loaded TP WindowsTargetPlatform
[2015.09.07-18.36.12:081][  0]LogTemp:Display: Loaded TP AndroidTargetPlatform
[2015.09.07-18.36.12:097][  0]LogTemp:Display: Loaded TP Android_ASTCTargetPlatform
[2015.09.07-18.36.12:114][  0]LogTemp:Display: Loaded TP Android_ATCTargetPlatform
[2015.09.07-18.36.12:135][  0]LogTemp:Display: Loaded TP Android_DXTTargetPlatform
[2015.09.07-18.36.12:153][  0]LogTemp:Display: Loaded TP Android_ETC1TargetPlatform
[2015.09.07-18.36.12:175][  0]LogTemp:Display: Loaded TP Android_ETC2TargetPlatform
[2015.09.07-18.36.12:194][  0]LogTemp:Display: Loaded TP Android_PVRTCTargetPlatform
[2015.09.07-18.36.12:269][  0]LogTemp:Display: Loaded TP IOSTargetPlatform
[2015.09.07-18.36.12:292][  0]LogTemp:Display: Loaded TP LinuxNoEditorTargetPlatform
[2015.09.07-18.36.12:310][  0]LogTemp:Display: Loaded TP LinuxServerTargetPlatform
[2015.09.07-18.36.12:328][  0]LogTemp:Display: Loaded TP LinuxTargetPlatform
[2015.09.07-18.36.12:329][  0]LogTargetPlatformManager:Display: Building Assets For Windows
[2015.09.07-18.36.12:638][  0]LogDerivedDataCache:Display: Max Cache Size: 512 MB
[2015.09.07-18.36.12:691][  0]LogDerivedDataCache: Loaded boot cache 0.05s 60MB C:/Users/frederic/AppData/Local/UnrealEngine/4.8/DerivedDataCache/Boot.ddc.
[2015.09.07-18.36.12:692][  0]LogDerivedDataCache:Display: Loaded Boot cache: C:/Users/frederic/AppData/Local/UnrealEngine/4.8/DerivedDataCache/Boot.ddc
[2015.09.07-18.36.12:692][  0]LogDerivedDataCache: FDerivedDataBackendGraph:  Pak pak cache file ../../../../../../Users/frederic/Documents/Unreal Projects/Brain/DerivedDataCache/DDC.ddp not found, will not use a pak cache.
[2015.09.07-18.36.12:693][  0]LogDerivedDataCache: Unable to find inner node Pak for hierarchical cache Hierarchy.
[2015.09.07-18.36.12:693][  0]LogDerivedDataCache: FDerivedDataBackendGraph:  CompressedPak pak cache file ../../../../../../Users/frederic/Documents/Unreal Projects/Brain/DerivedDataCache/Compressed.ddp not found, will not use a pak cache.
[2015.09.07-18.36.12:693][  0]LogDerivedDataCache: Unable to find inner node CompressedPak for hierarchical cache Hierarchy.
[2015.09.07-18.36.12:840][  0]LogDerivedDataCache:Display: Pak cache opened for reading ../../../Engine/DerivedDataCache/Compressed.ddp.
[2015.09.07-18.36.12:852][  0]LogDerivedDataCache: Using Local data cache path C:/Users/frederic/AppData/Local/UnrealEngine/Common/DerivedDataCache: Writable
[2015.09.07-18.36.13:059][  0]LogInit: Selected Device Profile: [Windows]
[2015.09.07-18.36.13:067][  0]ImportText (ComponentSweepMultiTests): Missing closing parenthesis: (RootShapeAsset="/Engine/BasicShapes/Cube.Cube",ShapeType="TriggerCapsule",HitResult=(Time=0.50,Location=(X=-100.000015,Y=0.0,Z=100.000015),ImpactPoint=(X=-50.0,Y=0.0,Z=50.0),Normal=(X=-1.0,Y=-0.0,Z=0.0),ImpactNormal=(X=0.0,Y=0.0,Z=1.0),TraceStart=(X=-200.0,Y=0.0,Z=200.0),TraceEnd=(X=0.0,Y=0.0,Z=0.0))
[2015.09.07-18.36.13:068][  0]ImportText (LineTraceSingleByChannelTests): Missing closing parenthesis: (RootShapeAsset="/Engine/BasicShapes/Cube.Cube",HitResult=(Time=0.50,Location=(X=-100.000015,Y=0.0,Z=100.000015),ImpactPoint=(X=-50.0,Y=0.0,Z=50.0),Normal=(X=-1.0,Y=-0.0,Z=0.0),ImpactNormal=(X=0.0,Y=0.0,Z=1.0),TraceStart=(X=-200.0,Y=0.0,Z=200.0),TraceEnd=(X=0.0,Y=0.0,Z=0.0))
[2015.09.07-18.36.13:105][  0]LogMeshUtilities: No automatic mesh reduction module available
[2015.09.07-18.36.13:106][  0]LogMeshUtilities: No automatic mesh merging module available
[2015.09.07-18.36.13:523][  0]LogInit: WinSock: version 1.1 (2.2), MaxSocks=32767, MaxUdp=65467
[2015.09.07-18.36.14:701][  0]UdpMessaging: Initializing bridge on interface 0.0.0.0:0 to multicast group 230.0.0.1:6666.
[2015.09.07-18.36.15:496][  0]SourceControl: Info Source control is disabled
[2015.09.07-18.36.15:522][  0]SourceControl: Info Source control is disabled
[2015.09.07-18.36.15:543][  0]SourceControl: Info Source control is disabled
[2015.09.07-18.36.15:564][  0]SourceControl: Info Source control is disabled
[2015.09.07-18.36.15:898][  0]LogObj: 31157 objects as part of root set at end of initial load.
[2015.09.07-18.36.15:898][  0]LogUObjectAllocator: 7104000 out of 0 bytes used by permanent object pool.
[2015.09.07-18.36.15:990][  0]LogEngine: Initializing Engine...
[2015.09.07-18.36.15:993][  0]LogHMD: Can't find Oculus library dev build: is proper Runtime installed? Version: 0.6.0.0
[2015.09.07-18.36.15:998][  0]LogHMD:Warning: SteamVR failed to initialize.  Error: 110
[2015.09.07-18.36.16:155][  0]LogAIModule: Creating AISystem for world NewWorld
[2015.09.07-18.36.16:173][  0]LogInit: XAudio2 using 'Haut-parleurs (C-Media USB Audio Device   )' : 2 channels at 44.1 kHz using 16 bits per sample (channel mask 0x3)
[2015.09.07-18.36.16:183][  0]LogInit: FAudioDevice initialized.
[2015.09.07-18.36.16:211][  0]LogDerivedDataCache: Saved boot cache 0.03s 60MB C:/Users/frederic/AppData/Local/UnrealEngine/4.8/DerivedDataCache/Boot.ddc.
[2015.09.07-18.36.16:220][  0]LogInit: Texture streaming: Disabled
[2015.09.07-18.36.16:253][  0]LogAnalytics: Creating configured Analytics provider AnalyticsET
[2015.09.07-18.36.16:254][  0]LogAnalytics: [UEEditor.Rocket.Release] APIServer = http://et2.epicgames.com/ET2/. AppVersion = 4.8.3-2634408+++depot+UE4-Releases+4.8
[2015.09.07-18.36.16:254][  0]LogAnalytics: [UEEditor.Rocket.Release] SetUserId c8da8d664a36a98701fe659c10ae4ff8|70626fa7f476448fb82ad9618fbbb1ab|00e7fb16-00c3-4af4-a2a1-2cc8013aae38
[2015.09.07-18.36.16:254][  0]LogAnalytics: [UEEditor.Rocket.Release] AnalyticsET::StartSession
[2015.09.07-18.36.16:289][  0]LogInit: Transaction tracking system initialized
[2015.09.07-18.36.16:498][  0]BlueprintLog: New page: Editor Load
[2015.09.07-18.36.16:545][  0]LogAssetRegistry: FAssetRegistry took 0.0103 seconds to start up
[2015.09.07-18.36.16:546][  0]LogDirectoryWatcher:Warning: Failed to begin reading directory changes for ../../../Engine/Plugins/Experimental/CharacterAI/Content/. Error: 0
[2015.09.07-18.36.17:625][  0]LogConsoleManager:Warning: Console variable 'r.VSync' wasn't set ('GameSetting' has a lower priority than 'SystemSettingsIni')
[2015.09.07-18.36.17:625][  0]LogConsoleResponse:Display: 
[2015.09.07-18.36.17:731][  0]LogCook:Display: Done creating registry. It took  0.00s.
[2015.09.07-18.36.18:006][  0]SourceControl: Info Source control is disabled
[2015.09.07-18.36.18:007][  0]Cmd: MAP LOAD FILE="../../../../../../Users/frederic/Documents/Unreal Projects/Brain/Content/FirstPerson/Maps/FirstPersonExampleMap.umap" TEMPLATE=0 SHOWPROGRESS=1 FEATURELEVEL=3
[2015.09.07-18.36.18:008][  0]LightingResults: New page: Lighting Build
[2015.09.07-18.36.18:022][  0]MapCheck: New page: Map Check
[2015.09.07-18.36.18:023][  0]LightingResults: New page: Lighting Build
[2015.09.07-18.36.18:033][  0]LogParticles: Destroying 0 GPU particle simulations for FXSystem 0x000000002016F9C0
[2015.09.07-18.36.18:675][  0]LogAIModule: Creating AISystem for world FirstPersonExampleMap
[2015.09.07-18.36.18:685][  0]LogEditorServer: Finished looking for orphan Actors (0.000 secs)
[2015.09.07-18.36.19:755][  0]Cmd: MAP CHECKDEP NOCLEARLOG
[2015.09.07-18.36.19:794][  0]MapCheck: Info Map check complete: 0 Error(s), 0 Warning(s), took 38.771ms to complete.
[2015.09.07-18.36.19:795][  0]LogFileHelpers: Loading map 'FirstPersonExampleMap' took 1.788
[2015.09.07-18.36.19:909][  0]LogCollectionManager: Loaded 0 collections in 0.001927 seconds
[2015.09.07-18.36.19:917][  0]LogContentBrowser: Native class hierarchy populated in 0.0074 seconds. Added 1799 classes and 303 folders.
[2015.09.07-18.36.19:982][  0]LogContentBrowser: Native class hierarchy updated for 'WidgetCarousel' in 0.0015 seconds. Added 0 classes and 0 folders.
[2015.09.07-18.36.20:018][  0]LogContentBrowser: Native class hierarchy updated for 'AddContentDialog' in 0.0014 seconds. Added 0 classes and 0 folders.
[2015.09.07-18.36.20:048][  0]LogContentBrowser: Native class hierarchy updated for 'SceneOutliner' in 0.0017 seconds. Added 1 classes and 2 folders.
[2015.09.07-18.36.20:109][  0]LogCrashTracker: Crashtracker disabled due to settings.
[2015.09.07-18.36.20:111][  0]LogD3D11RHI: InitD3DDevice
[2015.09.07-18.36.20:115][  0]LogUObjectGlobals:Warning: Failed to find object 'Class None.'
[2015.09.07-18.36.20:136][  0]LogLoad: Full Startup: 11.80 seconds (BP compile: 0.24 seconds)
[2015.09.07-18.36.20:204][  0]LogContentStreaming: Texture pool size is 0.000000MB
[2015.09.07-18.36.20:259][  0]LogContentStreaming: Texture pool size now 1000 MB
[2015.09.07-18.36.20:375][  0]LogRenderer: Reallocating scene render targets to support 1208x560 (Frame:2).
[2015.09.07-18.36.20:709][  6]LogAssetRegistry: Asset discovery search completed in 4.1749 seconds
[2015.09.07-18.36.21:867][132]LogD3D11RHI: InitD3DDevice
[2015.09.07-18.36.26:718][705]LogD3D11RHI: InitD3DDevice
[2015.09.07-18.36.27:329][774]LogD3D11RHI: InitD3DDevice
[2015.09.07-18.36.39:237][200]LogD3D11RHI: InitD3DDevice
[2015.09.07-18.36.39:968][285]LogD3D11RHI: InitD3DDevice
[2015.09.07-18.36.42:879][631]LogD3D11RHI: InitD3DDevice
[2015.09.07-18.36.55:634][160]LogD3D11RHI: InitD3DDevice
[2015.09.07-18.37.03:278][ 74]LogD3D11RHI: InitD3DDevice
[2015.09.07-18.37.03:300][ 74]LogMaterial: Missing cached shader map for material Mat_Glow, compiling. 
[2015.09.07-18.37.03:347][ 74]LogD3D11RHI: InitD3DDevice
[2015.09.07-18.37.03:358][ 74]LogMaterial: Missing cached shader map for material Mat_Glow, compiling. 
[2015.09.07-18.37.03:363][ 74]LogMaterial: 0.000031 seconds spent updating 1 materials, 1 interfaces, 0 instances, 0 with static permutations.
[2015.09.07-18.37.04:380][135]MaterialEditorStats: Info Base pass shader with only dynamic lighting: 31 instructions
[2015.09.07-18.37.04:381][135]MaterialEditorStats: Info Vertex shader: 31 instructions
[2015.09.07-18.37.04:381][135]MaterialEditorStats: Info Texture samplers: 0/16
[2015.09.07-18.37.08:203][539]LogD3D11RHI: InitD3DDevice
[2015.09.07-18.37.15:330][355]LogMaterial: Missing cached shader map for material Mat_Glow, compiling. 
[2015.09.07-18.37.15:336][355]LogMaterial: 0.000055 seconds spent updating 1 materials, 1 interfaces, 0 instances, 0 with static permutations.
[2015.09.07-18.37.15:926][392]MaterialEditorStats: Info Base pass shader with only dynamic lighting: 31 instructions
[2015.09.07-18.37.15:927][392]MaterialEditorStats: Info Vertex shader: 31 instructions
[2015.09.07-18.37.15:927][392]MaterialEditorStats: Info Texture samplers: 0/16
[2015.09.07-18.37.32:149][639]LogD3D11RHI: InitD3DDevice
[2015.09.07-18.38.38:255][ 21]LogD3D11RHI: InitD3DDevice
[2015.09.07-18.38.50:368][439]LogMaterial: Missing cached shader map for material Mat_Glow, compiling. 
[2015.09.07-18.38.50:374][439]LogMaterial: 0.000079 seconds spent updating 1 materials, 1 interfaces, 0 instances, 0 with static permutations.
[2015.09.07-18.38.51:430][516]MaterialEditorStats: Info Base pass shader with only dynamic lighting: 31 instructions
[2015.09.07-18.38.51:431][516]MaterialEditorStats: Info Vertex shader: 31 instructions
[2015.09.07-18.38.51:431][516]MaterialEditorStats: Info Texture samplers: 0/16
[2015.09.07-18.38.56:940][156]LogD3D11RHI: InitD3DDevice
[2015.09.07-18.38.57:856][263]LogMaterial: Missing cached shader map for material Mat_Glow, compiling. 
[2015.09.07-18.38.57:861][263]LogMaterial: 0.000057 seconds spent updating 1 materials, 1 interfaces, 0 instances, 0 with static permutations.
[2015.09.07-18.38.58:471][306]MaterialEditorStats: Info Base pass shader with only dynamic lighting: 31 instructions
[2015.09.07-18.38.58:472][306]MaterialEditorStats: Info Vertex shader: 31 instructions
[2015.09.07-18.38.58:472][306]MaterialEditorStats: Info Texture samplers: 0/16
[2015.09.07-18.39.00:782][551]LogD3D11RHI: InitD3DDevice
[2015.09.07-18.39.06:359][161]LogMaterial: Missing cached shader map for material Mat_Glow, compiling. 
[2015.09.07-18.39.06:367][161]LogMaterial: 0.000084 seconds spent updating 1 materials, 1 interfaces, 0 instances, 0 with static permutations.
[2015.09.07-18.39.06:967][206]MaterialEditorStats: Info Base pass shader with only dynamic lighting: 31 instructions
[2015.09.07-18.39.06:967][206]MaterialEditorStats: Info Vertex shader: 31 instructions
[2015.09.07-18.39.06:968][206]MaterialEditorStats: Info Texture samplers: 0/16
[2015.09.07-18.39.10:449][579]LogMaterial: Missing cached shader map for material Mat_Glow, compiling. 
[2015.09.07-18.39.10:454][579]LogMaterial: 0.000065 seconds spent updating 1 materials, 1 interfaces, 0 instances, 0 with static permutations.
[2015.09.07-18.39.10:959][615]LogMaterial: Missing cached shader map for material Mat_Glow, compiling. 
[2015.09.07-18.39.10:968][615]LogMaterial: 0.000031 seconds spent updating 1 materials, 1 interfaces, 0 instances, 0 with static permutations.
[2015.09.07-18.39.11:098][624]MaterialEditorStats: Info Base pass shader with only dynamic lighting: 31 instructions
[2015.09.07-18.39.11:099][624]MaterialEditorStats: Info Vertex shader: 31 instructions
[2015.09.07-18.39.11:099][624]MaterialEditorStats: Info Texture samplers: 0/16
[2015.09.07-18.39.15:662][ 87]LogD3D11RHI: InitD3DDevice
[2015.09.07-18.39.17:291][259]LogMaterial: Missing cached shader map for material FMatExpressionPreview MaterialExpressionComponentMask_0, compiling. 
[2015.09.07-18.39.19:000][437]LogMaterial: Missing cached shader map for material FMatExpressionPreview MaterialExpressionTextureCoordinate_0, compiling. 
[2015.09.07-18.40.15:844][690]LogD3D11RHI: InitD3DDevice
[2015.09.07-18.40.25:683][824]LogMaterial: Missing cached shader map for material Mat_Glow, compiling. 
[2015.09.07-18.40.25:689][824]LogMaterial: 0.000078 seconds spent updating 1 materials, 1 interfaces, 0 instances, 0 with static permutations.
[2015.09.07-18.40.25:740][824]LogMaterial: Missing cached shader map for material FMatExpressionPreview MaterialExpressionTextureCoordinate_0, compiling. 
[2015.09.07-18.40.25:743][824]LogMaterial: Missing cached shader map for material FMatExpressionPreview MaterialExpressionComponentMask_0, compiling. 
[2015.09.07-18.40.26:714][894]MaterialEditorStats: Info Base pass shader with only dynamic lighting: 31 instructions
[2015.09.07-18.40.26:714][894]MaterialEditorStats: Info Vertex shader: 31 instructions
[2015.09.07-18.40.26:715][894]MaterialEditorStats: Info Texture samplers: 0/16
[2015.09.07-18.40.29:623][218]LogD3D11RHI: InitD3DDevice
[2015.09.07-18.40.31:617][455]LogMaterial: Missing cached shader map for material Mat_Glow, compiling. 
[2015.09.07-18.40.31:623][455]LogMaterial: 0.000053 seconds spent updating 1 materials, 1 interfaces, 0 instances, 0 with static permutations.
[2015.09.07-18.40.31:658][455]LogMaterial: Missing cached shader map for material FMatExpressionPreview MaterialExpressionComponentMask_0, compiling. 
[2015.09.07-18.40.32:286][497]MaterialEditorStats: Info Base pass shader with only dynamic lighting: 31 instructions
[2015.09.07-18.40.32:286][497]MaterialEditorStats: Info Vertex shader: 31 instructions
[2015.09.07-18.40.32:287][497]MaterialEditorStats: Info Texture samplers: 0/16
[2015.09.07-18.41.18:195][254]LogMaterial: Missing cached shader map for material FMatExpressionPreview MaterialExpressionMultiply_0, compiling. 
[2015.09.07-18.41.25:352][994]LogMaterial: Missing cached shader map for material Mat_Glow, compiling. 
[2015.09.07-18.41.25:358][994]LogMaterial: 0.000050 seconds spent updating 1 materials, 1 interfaces, 0 instances, 0 with static permutations.
[2015.09.07-18.41.25:386][994]LogMaterial: Missing cached shader map for material FMatExpressionPreview MaterialExpressionMultiply_0, compiling. 
[2015.09.07-18.41.26:055][ 43]MaterialEditorStats: Info Base pass shader with only dynamic lighting: 31 instructions
[2015.09.07-18.41.26:056][ 43]MaterialEditorStats: Info Vertex shader: 31 instructions
[2015.09.07-18.41.26:056][ 43]MaterialEditorStats: Info Texture samplers: 0/16
[2015.09.07-18.41.31:394][607]LogD3D11RHI: InitD3DDevice
[2015.09.07-18.41.37:369][289]LogMaterial: Missing cached shader map for material Mat_Glow, compiling. 
[2015.09.07-18.41.37:375][289]LogMaterial: 0.000051 seconds spent updating 1 materials, 1 interfaces, 0 instances, 0 with static permutations.
[2015.09.07-18.41.37:986][332]MaterialEditorStats: Info Base pass shader with only dynamic lighting: 31 instructions
[2015.09.07-18.41.37:986][332]MaterialEditorStats: Info Vertex shader: 31 instructions
[2015.09.07-18.41.37:987][332]MaterialEditorStats: Info Texture samplers: 0/16
[2015.09.07-18.41.40:429][597]LogMaterial: Missing cached shader map for material FMatExpressionPreview MaterialExpressionSine_0, compiling. 
[2015.09.07-18.42.39:647][293]LogD3D11RHI: InitD3DDevice
[2015.09.07-18.42.40:880][437]LogMaterial: Missing cached shader map for material Mat_Glow, compiling. 
[2015.09.07-18.42.40:885][437]LogMaterial: 0.000069 seconds spent updating 1 materials, 1 interfaces, 0 instances, 0 with static permutations.
[2015.09.07-18.42.40:939][437]LogMaterial: Missing cached shader map for material FMatExpressionPreview MaterialExpressionMultiply_0, compiling. 
[2015.09.07-18.42.40:942][437]LogMaterial: Missing cached shader map for material FMatExpressionPreview MaterialExpressionSine_0, compiling. 
[2015.09.07-18.42.41:977][512]MaterialEditorStats: Info Base pass shader with only dynamic lighting: 31 instructions
[2015.09.07-18.42.41:977][512]MaterialEditorStats: Info Vertex shader: 31 instructions
[2015.09.07-18.42.41:978][512]MaterialEditorStats: Info Texture samplers: 0/16
[2015.09.07-18.42.52:486][657]LogD3D11RHI: InitD3DDevice
[2015.09.07-18.42.54:569][720]LogD3D11RHI: InitD3DDevice
[2015.09.07-18.43.00:866][441]LogMaterial: Missing cached shader map for material Mat_Glow, compiling. 
[2015.09.07-18.43.00:872][441]LogMaterial: 0.000058 seconds spent updating 1 materials, 1 interfaces, 0 instances, 0 with static permutations.
[2015.09.07-18.43.00:874][441]LogMaterial: Missing cached shader map for material Mat_Glow, compiling. 
[2015.09.07-18.43.00:879][441]LogMaterial: 0.000046 seconds spent updating 1 materials, 1 interfaces, 0 instances, 0 with static permutations.
[2015.09.07-18.43.00:917][441]LogMaterial: Missing cached shader map for material FMatExpressionPreview MaterialExpressionSine_0, compiling. 
[2015.09.07-18.43.01:488][478]MaterialEditorStats: Info Base pass shader with only dynamic lighting: 31 instructions
[2015.09.07-18.43.01:488][478]MaterialEditorStats: Info Vertex shader: 31 instructions
[2015.09.07-18.43.01:489][478]MaterialEditorStats: Info Texture samplers: 0/16
[2015.09.07-18.44.03:414][152]LogD3D11RHI: InitD3DDevice
[2015.09.07-18.44.25:694][722]LogMaterial: Missing cached shader map for material FMatExpressionPreview MaterialExpressionOneMinus_0, compiling. 
[2015.09.07-18.44.42:797][547]LogD3D11RHI: InitD3DDevice
[2015.09.07-18.44.43:359][608]LogD3D11RHI: InitD3DDevice
[2015.09.07-18.44.43:711][648]LogD3D11RHI: InitD3DDevice
[2015.09.07-18.45.01:942][755]LogMaterial: Missing cached shader map for material Mat_Glow, compiling. 
[2015.09.07-18.45.01:948][755]LogMaterial: 0.000089 seconds spent updating 1 materials, 1 interfaces, 0 instances, 0 with static permutations.
[2015.09.07-18.45.01:976][755]LogMaterial: Missing cached shader map for material FMatExpressionPreview MaterialExpressionOneMinus_0, compiling. 
[2015.09.07-18.45.01:981][755]LogMaterial: Missing cached shader map for material Mat_Glow, compiling. 
[2015.09.07-18.45.01:990][755]LogMaterial: 0.000033 seconds spent updating 1 materials, 1 interfaces, 0 instances, 0 with static permutations.
[2015.09.07-18.45.02:025][755]LogMaterial: Missing cached shader map for material FMatExpressionPreview MaterialExpressionOneMinus_0, compiling. 
[2015.09.07-18.45.03:160][833]MaterialEditorStats: Info Base pass shader with only dynamic lighting: 31 instructions
[2015.09.07-18.45.03:161][833]MaterialEditorStats: Info Vertex shader: 31 instructions
[2015.09.07-18.45.03:161][833]MaterialEditorStats: Info Texture samplers: 0/16
[2015.09.07-18.45.09:584][494]LogD3D11RHI: InitD3DDevice
[2015.09.07-18.45.54:733][123]LogD3D11RHI: InitD3DDevice
[2015.09.07-18.46.02:322][959]LogMaterial: Missing cached shader map for material Mat_Glow, compiling. 
[2015.09.07-18.46.02:330][959]LogMaterial: 0.000087 seconds spent updating 1 materials, 1 interfaces, 0 instances, 0 with static permutations.
[2015.09.07-18.46.03:351][ 30]MaterialEditorStats: Info Base pass shader with only dynamic lighting: 31 instructions
[2015.09.07-18.46.03:352][ 30]MaterialEditorStats: Info Vertex shader: 31 instructions
[2015.09.07-18.46.03:352][ 30]MaterialEditorStats: Info Texture samplers: 0/16
[2015.09.07-18.46.21:138][389]LogD3D11RHI: InitD3DDevice
[2015.09.07-18.46.30:138][416]LogD3D11RHI: InitD3DDevice
[2015.09.07-18.46.30:261][416]LogActorComponent: UnregisterComponent: (/Engine/Transient.CharMoveComp) Not registered. Aborting.
[2015.09.07-18.46.30:301][416]LogFileHelpers: Editor autosave (incl. sublevels) for '/Game/FirstPerson/Maps/FirstPersonExampleMap' took 0.040
[2015.09.07-18.46.30:306][416]OBJ SavePackage: Generating thumbnails for [1] asset(s) in package [/Game/Material/Mat_Glow] ([1] browsable assets)...
[2015.09.07-18.46.30:322][416]OBJ SavePackage:     Rendered thumbnail for [Material /Game/Material/Mat_Glow.Mat_Glow]
[2015.09.07-18.46.30:322][416]OBJ SavePackage: Finished generating thumbnails for package [/Game/Material/Mat_Glow]
[2015.09.07-18.46.30:337][416]LogSavePackage: Save=12.671147ms
[2015.09.07-18.46.30:338][416]LogSavePackage: Moving '../../../../../../Users/frederic/Documents/Unreal Projects/Brain/Saved/Mat_Glow_Auto1C01240EA43F2930F0ACBF98E5E5AF181.tmp' to '../../../../../../Users/frederic/Documents/Unreal Projects/Brain/Saved/Autosaves/Game/Material/Mat_Glow_Auto1.uasset'
[2015.09.07-18.46.30:340][416]LogFileHelpers: Auto-saving content packages took 0.037
[2015.09.07-18.47.09:448][101]LogMaterial: Missing cached shader map for material Mat_Glow, compiling. 
[2015.09.07-18.47.09:453][101]LogMaterial: 0.000050 seconds spent updating 1 materials, 1 interfaces, 0 instances, 0 with static permutations.
[2015.09.07-18.47.10:470][175]MaterialEditorStats: Info Base pass shader with only dynamic lighting: 31 instructions
[2015.09.07-18.47.10:470][175]MaterialEditorStats: Info Vertex shader: 31 instructions
[2015.09.07-18.47.10:471][175]MaterialEditorStats: Info Texture samplers: 0/16
[2015.09.07-18.47.14:171][553]LogMaterial: Missing cached shader map for material Mat_Glow, compiling. 
[2015.09.07-18.47.14:177][553]LogMaterial: 0.000057 seconds spent updating 1 materials, 1 interfaces, 0 instances, 0 with static permutations.
[2015.09.07-18.47.14:778][595]MaterialEditorStats: Info Base pass shader with only dynamic lighting: 31 instructions
[2015.09.07-18.47.14:779][595]MaterialEditorStats: Info Vertex shader: 31 instructions
[2015.09.07-18.47.14:779][595]MaterialEditorStats: Info Texture samplers: 0/16
[2015.09.07-18.47.19:799][123]LogD3D11RHI: InitD3DDevice
[2015.09.07-18.47.21:455][316]LogMaterial: Missing cached shader map for material Mat_Glow, compiling. 
[2015.09.07-18.47.21:461][316]LogMaterial: 0.000062 seconds spent updating 1 materials, 1 interfaces, 0 instances, 0 with static permutations.
[2015.09.07-18.47.22:044][355]MaterialEditorStats: Info Base pass shader with only dynamic lighting: 31 instructions
[2015.09.07-18.47.22:044][355]MaterialEditorStats: Info Vertex shader: 31 instructions
[2015.09.07-18.47.22:045][355]MaterialEditorStats: Info Texture samplers: 0/16
[2015.09.07-18.47.29:652][154]LogMaterial: Missing cached shader map for material FMatExpressionPreview MaterialExpressionScalarParameter_0, compiling. 
[2015.09.07-18.49.42:317][506]LogD3D11RHI: InitD3DDevice
[2015.09.07-18.49.42:932][577]LogD3D11RHI: InitD3DDevice
[2015.09.07-18.49.52:236][624]LogMaterial: Missing cached shader map for material Mat_Glow, compiling. 
[2015.09.07-18.49.52:242][624]LogMaterial: 0.000077 seconds spent updating 1 materials, 1 interfaces, 0 instances, 0 with static permutations.
[2015.09.07-18.49.52:268][624]LogMaterial: Missing cached shader map for material FMatExpressionPreview MaterialExpressionScalarParameter_0, compiling. 
[2015.09.07-18.49.52:276][624]LogMaterial: Missing cached shader map for material Mat_Glow, compiling. 
[2015.09.07-18.49.52:285][624]LogMaterial: 0.000053 seconds spent updating 1 materials, 1 interfaces, 0 instances, 0 with static permutations.
[2015.09.07-18.49.53:485][705]MaterialEditorStats: Info Base pass shader with only dynamic lighting: 31 instructions
[2015.09.07-18.49.53:486][705]MaterialEditorStats: Info Vertex shader: 31 instructions
[2015.09.07-18.49.53:486][705]MaterialEditorStats: Info Texture samplers: 0/16
[2015.09.07-18.49.54:893][844]LogD3D11RHI: InitD3DDevice
[2015.09.07-18.50.15:278][949]LogMaterial: Missing cached shader map for material Mat_Glow, compiling. 
[2015.09.07-18.50.15:284][949]LogMaterial: 0.000079 seconds spent updating 1 materials, 1 interfaces, 0 instances, 0 with static permutations.
[2015.09.07-18.50.15:285][949]LogMaterial: Missing cached shader map for material FMatExpressionPreview MaterialExpressionVectorParameter_0, compiling. 
[2015.09.07-18.50.16:329][ 18]MaterialEditorStats: Info Base pass shader with only dynamic lighting: 31 instructions
[2015.09.07-18.50.16:330][ 18]MaterialEditorStats: Info Vertex shader: 31 instructions
[2015.09.07-18.50.16:330][ 18]MaterialEditorStats: Info Texture samplers: 0/16
[2015.09.07-18.50.18:874][279]LogD3D11RHI: InitD3DDevice
[2015.09.07-18.50.21:097][534]LogMaterial: Missing cached shader map for material Mat_Glow, compiling. 
[2015.09.07-18.50.21:103][534]LogMaterial: 0.000073 seconds spent updating 1 materials, 1 interfaces, 0 instances, 0 with static permutations.
[2015.09.07-18.50.21:198][534]LogMaterial: Missing cached shader map for material FMatExpressionPreview MaterialExpressionVectorParameter_0, compiling. 
[2015.09.07-18.50.21:703][565]MaterialEditorStats: Info Base pass shader with only dynamic lighting: 31 instructions
[2015.09.07-18.50.21:703][565]MaterialEditorStats: Info Vertex shader: 31 instructions
[2015.09.07-18.50.21:704][565]MaterialEditorStats: Info Texture samplers: 0/16
[2015.09.07-18.51.33:436][978]LogD3D11RHI: InitD3DDevice
[2015.09.07-18.51.38:042][414]LogD3D11RHI: InitD3DDevice
[2015.09.07-18.51.38:453][458]LogD3D11RHI: InitD3DDevice
[2015.09.07-18.51.52:481][976]LogMaterial: Missing cached shader map for material Mat_Glow, compiling. 
[2015.09.07-18.51.52:487][976]LogMaterial: 0.000053 seconds spent updating 1 materials, 1 interfaces, 0 instances, 0 with static permutations.
[2015.09.07-18.51.52:489][976]LogMaterial: Missing cached shader map for material Mat_Glow, compiling. 
[2015.09.07-18.51.52:494][976]LogMaterial: 0.000060 seconds spent updating 1 materials, 1 interfaces, 0 instances, 0 with static permutations.
[2015.09.07-18.51.53:517][ 46]MaterialEditorStats: Info Base pass shader with only dynamic lighting: 31 instructions
[2015.09.07-18.51.53:517][ 46]MaterialEditorStats: Info Vertex shader: 31 instructions
[2015.09.07-18.51.53:518][ 46]MaterialEditorStats: Info Texture samplers: 0/16
[2015.09.07-18.51.55:110][199]LogD3D11RHI: InitD3DDevice
[2015.09.07-18.52.10:672][792]LogMaterial: Missing cached shader map for material Mat_Glow, compiling. 
[2015.09.07-18.52.10:677][792]LogMaterial: 0.000045 seconds spent updating 1 materials, 1 interfaces, 0 instances, 0 with static permutations.
[2015.09.07-18.52.10:703][792]LogMaterial: Missing cached shader map for material FMatExpressionPreview MaterialExpressionVectorParameter_0, compiling. 
[2015.09.07-18.52.11:256][827]MaterialEditorStats: Info Base pass shader with only dynamic lighting: 31 instructions
[2015.09.07-18.52.11:257][827]MaterialEditorStats: Info Vertex shader: 31 instructions
[2015.09.07-18.52.11:257][827]MaterialEditorStats: Info Texture samplers: 0/16
[2015.09.07-18.52.18:907][577]LogD3D11RHI: InitD3DDevice
[2015.09.07-18.52.19:382][630]LogD3D11RHI: InitD3DDevice
[2015.09.07-18.52.47:702][763]LogD3D11RHI: InitD3DDevice
[2015.09.07-18.52.52:182][204]LogMaterial: Missing cached shader map for material Mat_Glow, compiling. 
[2015.09.07-18.52.52:188][204]LogMaterial: 0.000072 seconds spent updating 1 materials, 1 interfaces, 0 instances, 0 with static permutations.
[2015.09.07-18.52.53:215][270]MaterialEditorStats: Info Base pass shader with only dynamic lighting: 31 instructions
[2015.09.07-18.52.53:216][270]MaterialEditorStats: Info Vertex shader: 31 instructions
[2015.09.07-18.52.53:216][270]MaterialEditorStats: Info Texture samplers: 0/16
[2015.09.07-18.52.54:303][370]LogD3D11RHI: InitD3DDevice
[2015.09.07-18.52.54:763][416]LogD3D11RHI: InitD3DDevice
[2015.09.07-18.53.05:040][452]LogMaterial: Missing cached shader map for material Mat_Glow, compiling. 
[2015.09.07-18.53.05:046][452]LogMaterial: 0.000111 seconds spent updating 1 materials, 1 interfaces, 0 instances, 0 with static permutations.
[2015.09.07-18.53.05:049][452]LogMaterial: Missing cached shader map for material Mat_Glow, compiling. 
[2015.09.07-18.53.05:054][452]LogMaterial: 0.000058 seconds spent updating 1 materials, 1 interfaces, 0 instances, 0 with static permutations.
[2015.09.07-18.53.05:643][491]MaterialEditorStats: Info Base pass shader with only dynamic lighting: 31 instructions
[2015.09.07-18.53.05:643][491]MaterialEditorStats: Info Vertex shader: 31 instructions
[2015.09.07-18.53.05:643][491]MaterialEditorStats: Info Texture samplers: 0/16
[2015.09.07-18.53.29:231][477]LogD3D11RHI: InitD3DDevice
[2015.09.07-18.53.37:660][416]LogMaterial: Missing cached shader map for material Mat_Glow, compiling. 
[2015.09.07-18.53.37:666][416]LogMaterial: 0.000083 seconds spent updating 1 materials, 1 interfaces, 0 instances, 0 with static permutations.
[2015.09.07-18.53.38:688][485]MaterialEditorStats: Info Base pass shader with only dynamic lighting: 31 instructions
[2015.09.07-18.53.38:688][485]MaterialEditorStats: Info Vertex shader: 31 instructions
[2015.09.07-18.53.38:689][485]MaterialEditorStats: Info Texture samplers: 0/16
[2015.09.07-18.54.21:031][593]LogMaterial: Missing cached shader map for material Mat_Glow, compiling. 
[2015.09.07-18.54.21:036][593]LogMaterial: 0.000066 seconds spent updating 1 materials, 1 interfaces, 0 instances, 0 with static permutations.
[2015.09.07-18.54.22:080][665]MaterialEditorStats: Info Base pass shader with only dynamic lighting: 31 instructions
[2015.09.07-18.54.22:081][665]MaterialEditorStats: Info Vertex shader: 31 instructions
[2015.09.07-18.54.22:081][665]MaterialEditorStats: Info Texture samplers: 0/16
[2015.09.07-18.54.25:521][  2]LogMaterial: Missing cached shader map for material Mat_Glow, compiling. 
[2015.09.07-18.54.25:527][  2]LogMaterial: 0.000065 seconds spent updating 1 materials, 1 interfaces, 0 instances, 0 with static permutations.
[2015.09.07-18.54.26:121][ 42]MaterialEditorStats: Info Base pass shader with only dynamic lighting: 31 instructions
[2015.09.07-18.54.26:121][ 42]MaterialEditorStats: Info Vertex shader: 31 instructions
[2015.09.07-18.54.26:122][ 42]MaterialEditorStats: Info Texture samplers: 0/16
[2015.09.07-18.54.29:232][342]LogD3D11RHI: InitD3DDevice
[2015.09.07-18.54.44:217][761]LogMaterial: Missing cached shader map for material FMatExpressionPreview MaterialExpressionScalarParameter_1, compiling. 
[2015.09.07-18.54.45:775][908]LogD3D11RHI: InitD3DDevice
[2015.09.07-18.54.47:237][ 66]LogMaterial: Missing cached shader map for material Mat_Glow, compiling. 
[2015.09.07-18.54.47:243][ 66]LogMaterial: 0.000061 seconds spent updating 1 materials, 1 interfaces, 0 instances, 0 with static permutations.
[2015.09.07-18.54.47:285][ 66]LogMaterial: Missing cached shader map for material FMatExpressionPreview MaterialExpressionScalarParameter_1, compiling. 
[2015.09.07-18.54.47:964][106]MaterialEditorStats: Info Base pass shader with only dynamic lighting: 31 instructions
[2015.09.07-18.54.47:965][106]MaterialEditorStats: Info Vertex shader: 31 instructions
[2015.09.07-18.54.47:965][106]MaterialEditorStats: Info Texture samplers: 0/16
[2015.09.07-18.55.03:784][223]LogD3D11RHI: InitD3DDevice
[2015.09.07-18.55.05:347][388]LogMaterial: Missing cached shader map for material Mat_Glow, compiling. 
[2015.09.07-18.55.05:352][388]LogMaterial: 0.000068 seconds spent updating 1 materials, 1 interfaces, 0 instances, 0 with static permutations.
[2015.09.07-18.55.05:952][421]MaterialEditorStats: Info Base pass shader with only dynamic lighting: 40 instructions
[2015.09.07-18.55.05:953][421]MaterialEditorStats: Info Vertex shader: 33 instructions
[2015.09.07-18.55.05:953][421]MaterialEditorStats: Info Texture samplers: 0/16
[2015.09.07-18.55.09:738][788]LogD3D11RHI: InitD3DDevice
[2015.09.07-18.56.00:356][276]LogD3D11RHI: InitD3DDevice
[2015.09.07-18.56.02:919][507]LogMaterialEditor: Saving and Compiling material Mat_Glow
[2015.09.07-18.56.03:250][507]LogMaterial: Missing cached shader map for material Mat_Glow, compiling. 
[2015.09.07-18.56.03:271][507]LogMaterial: 0.000046 seconds spent updating 1 materials, 1 interfaces, 0 instances, 0 with static permutations.
[2015.09.07-18.56.03:275][507]LogD3D11RHI: InitD3DDevice
[2015.09.07-18.56.03:300][507]LogMaterial: Missing cached shader map for material Mat_Glow, compiling. 
[2015.09.07-18.56.03:325][507]LogMaterial: Missing cached shader map for material Mat_Glow, compiling. 
[2015.09.07-18.56.03:334][507]LogMaterial: 0.000597 seconds spent updating 1 materials, 1 interfaces, 0 instances, 0 with static permutations.
[2015.09.07-18.56.03:347][507]LogD3D11RHI: InitD3DDevice
[2015.09.07-18.56.05:359][507]Cmd: OBJ SAVEPACKAGE PACKAGE="/Game/Material/Mat_Glow" FILE="../../../../../../Users/frederic/Documents/Unreal Projects/Brain/Content/Material/Mat_Glow.uasset" SILENT=true
[2015.09.07-18.56.05:373][507]LogSavePackage: Save=11.175020ms
[2015.09.07-18.56.05:373][507]LogSavePackage: Moving '../../../../../../Users/frederic/Documents/Unreal Projects/Brain/Saved/Mat_Glow50C64F0D4C75340D54ACA696BDAD31E4.tmp' to '../../../../../../Users/frederic/Documents/Unreal Projects/Brain/Content/Material/Mat_Glow.uasset'
[2015.09.07-18.56.05:380][507]MaterialEditorStats: Info Base pass shader with only dynamic lighting: 71 instructions
[2015.09.07-18.56.05:381][507]MaterialEditorStats: Info Vertex shader: 33 instructions
[2015.09.07-18.56.05:381][507]MaterialEditorStats: Info Texture samplers: 3/16
[2015.09.07-18.56.17:816][625]LogD3D11RHI: InitD3DDevice
[2015.09.07-18.56.24:800][445]LogD3D11RHI: InitD3DDevice
[2015.09.07-18.56.24:824][445]LogD3D11RHI: InitD3DDevice
[2015.09.07-18.56.24:872][445]LogRenderer: Reallocating scene render targets to support 1392x928 (Frame:65350).
[2015.09.07-18.56.57:246][166]LogD3D11RHI: InitD3DDevice
[2015.09.07-18.56.57:271][166]LogD3D11RHI: InitD3DDevice
[2015.09.07-18.57.04:910][ 46]LogD3D11RHI: InitD3DDevice
[2015.09.07-18.57.04:915][ 46]LogMaterial: Missing cached shader map for material PreviewMaterial_0, compiling. 
[2015.09.07-18.57.04:949][ 46]LogD3D11RHI: InitD3DDevice
[2015.09.07-18.57.04:962][ 46]LogMaterial: Missing cached shader map for material PreviewMaterial_0, compiling. 
[2015.09.07-18.57.04:970][ 46]LogMaterial: 0.000059 seconds spent updating 1 materials, 1 interfaces, 0 instances, 0 with static permutations.
[2015.09.07-18.57.05:002][ 46]LogMaterial: Missing cached shader map for material FMatExpressionPreview MaterialExpressionTextureCoordinate_0, compiling. 
[2015.09.07-18.57.05:006][ 46]LogMaterial: Missing cached shader map for material FMatExpressionPreview MaterialExpressionComponentMask_0, compiling. 
[2015.09.07-18.57.05:015][ 46]LogMaterial: Missing cached shader map for material FMatExpressionPreview MaterialExpressionMultiply_0, compiling. 
[2015.09.07-18.57.05:021][ 46]LogMaterial: Missing cached shader map for material FMatExpressionPreview MaterialExpressionSine_0, compiling. 
[2015.09.07-18.57.05:027][ 46]LogMaterial: Missing cached shader map for material FMatExpressionPreview MaterialExpressionOneMinus_0, compiling. 
[2015.09.07-18.57.05:034][ 46]LogMaterial: Missing cached shader map for material FMatExpressionPreview MaterialExpressionScalarParameter_0, compiling. 
[2015.09.07-18.57.05:037][ 46]LogMaterial: Missing cached shader map for material FMatExpressionPreview MaterialExpressionVectorParameter_0, compiling. 
[2015.09.07-18.57.05:040][ 46]LogMaterial: Missing cached shader map for material FMatExpressionPreview MaterialExpressionScalarParameter_1, compiling. 
[2015.09.07-18.57.06:004][100]MaterialEditorStats: Info Base pass shader with only dynamic lighting: 40 instructions
[2015.09.07-18.57.06:005][100]MaterialEditorStats: Info Vertex shader: 33 instructions
[2015.09.07-18.57.06:005][100]MaterialEditorStats: Info Texture samplers: 0/16
[2015.09.07-18.57.15:058][902]LogMaterial: Missing cached shader map for material PreviewMaterial_0, compiling. 
[2015.09.07-18.57.15:064][902]LogMaterial: 0.000054 seconds spent updating 1 materials, 1 interfaces, 0 instances, 0 with static permutations.
[2015.09.07-18.57.15:110][902]LogMaterial: Missing cached shader map for material FMatExpressionPreview MaterialExpressionVectorParameter_0, compiling. 
[2015.09.07-18.57.15:746][941]MaterialEditorStats: Info Base pass shader with only dynamic lighting: 40 instructions
[2015.09.07-18.57.15:747][941]MaterialEditorStats: Info Vertex shader: 33 instructions
[2015.09.07-18.57.15:747][941]MaterialEditorStats: Info Texture samplers: 0/16
[2015.09.07-18.57.34:275][711]LogMaterial: Missing cached shader map for material PreviewMaterial_0, compiling. 
[2015.09.07-18.57.34:281][711]LogMaterial: 0.000047 seconds spent updating 1 materials, 1 interfaces, 0 instances, 0 with static permutations.
[2015.09.07-18.57.34:323][711]LogMaterial: Missing cached shader map for material FMatExpressionPreview MaterialExpressionVectorParameter_0, compiling. 
[2015.09.07-18.57.34:930][748]MaterialEditorStats: Info Base pass shader with only dynamic lighting: 40 instructions
[2015.09.07-18.57.34:931][748]MaterialEditorStats: Info Vertex shader: 33 instructions
[2015.09.07-18.57.34:931][748]MaterialEditorStats: Info Texture samplers: 0/16
[2015.09.07-18.58.23:421][606]LogD3D11RHI: InitD3DDevice
[2015.09.07-18.58.32:421][633]LogD3D11RHI: InitD3DDevice
[2015.09.07-18.58.32:564][633]LogParticles: Destroying 0 GPU particle simulations for FXSystem 0x000000002C1FED40
[2015.09.07-18.58.32:566][633]LogParticles: Destroying 0 GPU particle simulations for FXSystem 0x0000000018FD74C0
[2015.09.07-18.58.32:566][633]LogParticles: Destroying 0 GPU particle simulations for FXSystem 0x0000000029E5F600
[2015.09.07-18.58.32:577][633]LogFileHelpers: Editor autosave (incl. sublevels) for '/Game/FirstPerson/Maps/FirstPersonExampleMap' took 0.030
[2015.09.07-18.58.32:582][633]OBJ SavePackage: Generating thumbnails for [1] asset(s) in package [/Game/Material/Mat_Glow_Inst] ([1] browsable assets)...
[2015.09.07-18.58.32:599][633]OBJ SavePackage:     Rendered thumbnail for [MaterialInstanceConstant /Game/Material/Mat_Glow_Inst.Mat_Glow_Inst]
[2015.09.07-18.58.32:600][633]OBJ SavePackage: Finished generating thumbnails for package [/Game/Material/Mat_Glow_Inst]
[2015.09.07-18.58.32:612][633]LogSavePackage: Save=10.784179ms
[2015.09.07-18.58.32:613][633]LogSavePackage: Moving '../../../../../../Users/frederic/Documents/Unreal Projects/Brain/Saved/Mat_Glow_Inst_Auto23A308B5146C4E4857FF52C962EF31ADF.tmp' to '../../../../../../Users/frederic/Documents/Unreal Projects/Brain/Saved/Autosaves/Game/Material/Mat_Glow_Inst_Auto2.uasset'
[2015.09.07-18.58.32:616][633]LogFileHelpers: Auto-saving content packages took 0.037
[2015.09.07-18.58.47:194][161]LogD3D11RHI: InitD3DDevice
[2015.09.07-18.58.49:453][404]LogD3D11RHI: InitD3DDevice
[2015.09.07-18.58.51:195][579]LogD3D11RHI: InitD3DDevice
[2015.09.07-18.58.52:338][691]LogD3D11RHI: InitD3DDevice
[2015.09.07-18.58.55:503][991]LogD3D11RHI: InitD3DDevice
[2015.09.07-18.58.57:953][242]LogProperty:Warning: ObjectProperty /Script/Engine.EdGraphPin:LinkedTo.LinkedTo: unresolved reference to 'EdGraphPin'MaterialGraphNode_15.EdGraphPin_5373''
[2015.09.07-18.58.57:955][242]LogProperty:Warning: ObjectProperty /Script/Engine.EdGraphPin:LinkedTo.LinkedTo: unresolved reference to 'EdGraphPin'MaterialGraphNode_16.EdGraphPin_5376''
[2015.09.07-18.58.57:955][242]LogProperty:Warning: ObjectProperty /Script/Engine.ExpressionInput:Expression: unresolved reference to 'MaterialExpressionComponentMask'MaterialGraphNode_14.MaterialExpressionComponentMask_1')'
[2015.09.07-18.58.57:956][242]LogProperty:Warning: ObjectProperty /Script/Engine.EdGraphPin:LinkedTo.LinkedTo: unresolved reference to 'EdGraphPin'MaterialGraphNode_17.EdGraphPin_5378''
[2015.09.07-18.58.57:957][242]LogProperty:Warning: ObjectProperty /Script/Engine.ExpressionInput:Expression: unresolved reference to 'MaterialExpressionMultiply'MaterialGraphNode_15.MaterialExpressionMultiply_4')'
[2015.09.07-18.58.57:958][242]LogProperty:Warning: ObjectProperty /Script/Engine.ExpressionInput:Expression: unresolved reference to 'MaterialExpressionSine'MaterialGraphNode_16.MaterialExpressionSine_1')'
[2015.09.07-18.58.57:968][242]LogMaterial: Missing cached shader map for material PreviewMaterial_0, compiling. 
[2015.09.07-18.58.57:975][242]LogMaterial: 0.000077 seconds spent updating 1 materials, 1 interfaces, 0 instances, 0 with static permutations.
[2015.09.07-18.58.58:084][242]LogMaterial: Missing cached shader map for material FMatExpressionPreview MaterialExpressionComponentMask_2, compiling. 
[2015.09.07-18.58.58:088][242]LogMaterial: Missing cached shader map for material FMatExpressionPreview MaterialExpressionMultiply_5, compiling. 
[2015.09.07-18.58.58:091][242]LogMaterial: Missing cached shader map for material FMatExpressionPreview MaterialExpressionSine_2, compiling. 
[2015.09.07-18.58.58:095][242]LogMaterial: Missing cached shader map for material FMatExpressionPreview MaterialExpressionOneMinus_2, compiling. 
[2015.09.07-18.58.58:098][242]LogMaterial: Missing cached shader map for material FMatExpressionPreview MaterialExpressionComponentMask_3, compiling. 
[2015.09.07-18.58.58:099][242]LogMaterial: Missing cached shader map for material FMatExpressionPreview MaterialExpressionMultiply_6, compiling. 
[2015.09.07-18.58.58:101][242]LogMaterial: Missing cached shader map for material FMatExpressionPreview MaterialExpressionSine_3, compiling. 
[2015.09.07-18.58.58:102][242]LogMaterial: Missing cached shader map for material FMatExpressionPreview MaterialExpressionOneMinus_3, compiling. 
[2015.09.07-18.58.59:016][294]MaterialEditorStats: Info Base pass shader with only dynamic lighting: 40 instructions
[2015.09.07-18.58.59:016][294]MaterialEditorStats: Info Vertex shader: 33 instructions
[2015.09.07-18.58.59:017][294]MaterialEditorStats: Info Texture samplers: 0/16
[2015.09.07-18.59.14:236][691]LogMaterial: Missing cached shader map for material PreviewMaterial_0, compiling. 
[2015.09.07-18.59.14:242][691]LogMaterial: 0.000058 seconds spent updating 1 materials, 1 interfaces, 0 instances, 0 with static permutations.
[2015.09.07-18.59.14:411][691]LogMaterial: Missing cached shader map for material FMatExpressionPreview MaterialExpressionComponentMask_3, compiling. 
[2015.09.07-18.59.14:412][691]LogMaterial: Missing cached shader map for material FMatExpressionPreview MaterialExpressionMultiply_6, compiling. 
[2015.09.07-18.59.14:414][691]LogMaterial: Missing cached shader map for material FMatExpressionPreview MaterialExpressionSine_3, compiling. 
[2015.09.07-18.59.14:415][691]LogMaterial: Missing cached shader map for material FMatExpressionPreview MaterialExpressionOneMinus_3, compiling. 
[2015.09.07-18.59.14:825][718]MaterialEditorStats: Info Base pass shader with only dynamic lighting: 40 instructions
[2015.09.07-18.59.14:825][718]MaterialEditorStats: Info Vertex shader: 33 instructions
[2015.09.07-18.59.14:825][718]MaterialEditorStats: Info Texture samplers: 0/16
[2015.09.07-18.59.15:482][781]LogMaterial: Missing cached shader map for material PreviewMaterial_0, compiling. 
[2015.09.07-18.59.15:487][781]LogMaterial: 0.000076 seconds spent updating 1 materials, 1 interfaces, 0 instances, 0 with static permutations.
[2015.09.07-18.59.15:522][781]LogMaterial: Missing cached shader map for material FMatExpressionPreview MaterialExpressionComponentMask_3, compiling. 
[2015.09.07-18.59.16:099][815]MaterialEditorStats: Info Base pass shader with only dynamic lighting: 40 instructions
[2015.09.07-18.59.16:099][815]MaterialEditorStats: Info Vertex shader: 33 instructions
[2015.09.07-18.59.16:100][815]MaterialEditorStats: Info Texture samplers: 0/16
[2015.09.07-18.59.17:749][969]LogD3D11RHI: InitD3DDevice
[2015.09.07-18.59.19:120][124]LogMaterial: Missing cached shader map for material PreviewMaterial_0, compiling. 
[2015.09.07-18.59.19:126][124]LogMaterial: 0.000057 seconds spent updating 1 materials, 1 interfaces, 0 instances, 0 with static permutations.
[2015.09.07-18.59.19:243][124]LogMaterial: Missing cached shader map for material FMatExpressionPreview MaterialExpressionTextureCoordinate_0, compiling. 
[2015.09.07-18.59.19:247][124]LogMaterial: Missing cached shader map for material FMatExpressionPreview MaterialExpressionComponentMask_3, compiling. 
[2015.09.07-18.59.19:718][152]MaterialEditorStats: Info Base pass shader with only dynamic lighting: 40 instructions
[2015.09.07-18.59.19:718][152]MaterialEditorStats: Info Vertex shader: 33 instructions
[2015.09.07-18.59.19:719][152]MaterialEditorStats: Info Texture samplers: 0/16
[2015.09.07-19.00.17:716][624]LogD3D11RHI: InitD3DDevice
[2015.09.07-19.00.30:758][806]LogD3D11RHI: InitD3DDevice
[2015.09.07-19.00.38:509][538]LogD3D11RHI: InitD3DDevice
[2015.09.07-19.00.47:454][413]LogMaterial: Missing cached shader map for material PreviewMaterial_0, compiling. 
[2015.09.07-19.00.47:459][413]LogMaterial: 0.000068 seconds spent updating 1 materials, 1 interfaces, 0 instances, 0 with static permutations.
[2015.09.07-19.00.48:577][486]MaterialEditorStats: Info Base pass shader with only dynamic lighting: 40 instructions
[2015.09.07-19.00.48:577][486]MaterialEditorStats: Info Vertex shader: 33 instructions
[2015.09.07-19.00.48:578][486]MaterialEditorStats: Info Texture samplers: 0/16
[2015.09.07-19.00.55:036][ 94]LogD3D11RHI: InitD3DDevice
[2015.09.07-19.00.56:054][202]LogMaterial: Missing cached shader map for material PreviewMaterial_0, compiling. 
[2015.09.07-19.00.56:059][202]LogMaterial: 0.000082 seconds spent updating 1 materials, 1 interfaces, 0 instances, 0 with static permutations.
[2015.09.07-19.00.56:090][202]LogMaterial: Missing cached shader map for material FMatExpressionPreview MaterialExpressionOneMinus_3, compiling. 
[2015.09.07-19.00.56:695][236]MaterialEditorStats: Info Base pass shader with only dynamic lighting: 40 instructions
[2015.09.07-19.00.56:696][236]MaterialEditorStats: Info Vertex shader: 33 instructions
[2015.09.07-19.00.56:696][236]MaterialEditorStats: Info Texture samplers: 0/16
[2015.09.07-19.01.00:908][631]LogD3D11RHI: InitD3DDevice
[2015.09.07-19.01.03:742][934]LogMaterial: Missing cached shader map for material PreviewMaterial_0, compiling. 
[2015.09.07-19.01.03:748][934]LogMaterial: 0.000080 seconds spent updating 1 materials, 1 interfaces, 0 instances, 0 with static permutations.
[2015.09.07-19.01.03:813][934]LogMaterial: Missing cached shader map for material FMatExpressionPreview MaterialExpressionScalarParameter_0, compiling. 
[2015.09.07-19.01.04:398][968]MaterialEditorStats: Info Base pass shader with only dynamic lighting: 40 instructions
[2015.09.07-19.01.04:399][968]MaterialEditorStats: Info Vertex shader: 33 instructions
[2015.09.07-19.01.04:399][968]MaterialEditorStats: Info Texture samplers: 0/16
[2015.09.07-19.01.16:346][163]LogD3D11RHI: InitD3DDevice
[2015.09.07-19.02.26:295][185]LogD3D11RHI: InitD3DDevice
[2015.09.07-19.02.39:199][428]LogD3D11RHI: InitD3DDevice
[2015.09.07-19.02.43:149][791]LogD3D11RHI: InitD3DDevice
[2015.09.07-19.02.46:408][ 99]LogMaterial: Missing cached shader map for material PreviewMaterial_0, compiling. 
[2015.09.07-19.02.46:414][ 99]LogMaterial: 0.000078 seconds spent updating 1 materials, 1 interfaces, 0 instances, 0 with static permutations.
[2015.09.07-19.02.47:439][165]MaterialEditorStats: Info Base pass shader with only dynamic lighting: 32 instructions
[2015.09.07-19.02.47:440][165]MaterialEditorStats: Info Vertex shader: 31 instructions
[2015.09.07-19.02.47:440][165]MaterialEditorStats: Info Texture samplers: 0/16
[2015.09.07-19.03.07:589][896]LogD3D11RHI: InitD3DDevice
[2015.09.07-19.03.08:745][ 11]LogD3D11RHI: InitD3DDevice
[2015.09.07-19.03.35:227][489]LogD3D11RHI: InitD3DDevice
[2015.09.07-19.03.36:946][665]LogD3D11RHI: InitD3DDevice
[2015.09.07-19.03.56:075][595]LogMaterial: Missing cached shader map for material PreviewMaterial_0, compiling. 
[2015.09.07-19.03.56:081][595]LogMaterial: 0.000100 seconds spent updating 1 materials, 1 interfaces, 0 instances, 0 with static permutations.
[2015.09.07-19.03.56:083][595]LogMaterial: Missing cached shader map for material PreviewMaterial_0, compiling. 
[2015.09.07-19.03.56:089][595]LogMaterial: 0.000047 seconds spent updating 1 materials, 1 interfaces, 0 instances, 0 with static permutations.
[2015.09.07-19.03.57:176][662]MaterialEditorStats: Info Base pass shader with only dynamic lighting: 32 instructions
[2015.09.07-19.03.57:176][662]MaterialEditorStats: Info Vertex shader: 31 instructions
[2015.09.07-19.03.57:176][662]MaterialEditorStats: Info Texture samplers: 0/16
[2015.09.07-19.04.04:281][271]LogD3D11RHI: InitD3DDevice
[2015.09.07-19.04.47:279][ 57]LogMaterial: Missing cached shader map for material PreviewMaterial_0, compiling. 
[2015.09.07-19.04.47:286][ 57]LogMaterial: 0.000083 seconds spent updating 1 materials, 1 interfaces, 0 instances, 0 with static permutations.
[2015.09.07-19.04.48:345][119]MaterialEditorStats: Info Base pass shader with only dynamic lighting: 32 instructions
[2015.09.07-19.04.48:346][119]MaterialEditorStats: Info Vertex shader: 31 instructions
[2015.09.07-19.04.48:346][119]MaterialEditorStats: Info Texture samplers: 0/16
[2015.09.07-19.04.55:215][706]LogMaterial: Missing cached shader map for material PreviewMaterial_0, compiling. 
[2015.09.07-19.04.55:222][706]LogMaterial: 0.000077 seconds spent updating 1 materials, 1 interfaces, 0 instances, 0 with static permutations.
[2015.09.07-19.04.55:843][744]MaterialEditorStats: Info Base pass shader with only dynamic lighting: 32 instructions
[2015.09.07-19.04.55:844][744]MaterialEditorStats: Info Vertex shader: 31 instructions
[2015.09.07-19.04.55:844][744]MaterialEditorStats: Info Texture samplers: 0/16
[2015.09.07-19.05.08:600][892]LogD3D11RHI: InitD3DDevice
[2015.09.07-19.05.10:633][ 89]LogMaterial: Missing cached shader map for material PreviewMaterial_0, compiling. 
[2015.09.07-19.05.10:646][ 89]LogMaterial: 0.000045 seconds spent updating 1 materials, 1 interfaces, 0 instances, 0 with static permutations.
[2015.09.07-19.05.11:240][122]MaterialEditorStats: Info Base pass shader with only dynamic lighting: 32 instructions
[2015.09.07-19.05.11:240][122]MaterialEditorStats: Info Vertex shader: 31 instructions
[2015.09.07-19.05.11:241][122]MaterialEditorStats: Info Texture samplers: 0/16
[2015.09.07-19.05.16:104][540]LogD3D11RHI: InitD3DDevice
[2015.09.07-19.05.19:281][828]LogD3D11RHI: InitD3DDevice
[2015.09.07-19.05.21:614][ 38]LogMaterial: Missing cached shader map for material PreviewMaterial_0, compiling. 
[2015.09.07-19.05.21:620][ 38]LogMaterial: 0.000083 seconds spent updating 1 materials, 1 interfaces, 0 instances, 0 with static permutations.
[2015.09.07-19.05.22:201][ 68]MaterialEditorStats: Info Base pass shader with only dynamic lighting: 32 instructions
[2015.09.07-19.05.22:201][ 68]MaterialEditorStats: Info Vertex shader: 31 instructions
[2015.09.07-19.05.22:202][ 68]MaterialEditorStats: Info Texture samplers: 0/16
[2015.09.07-19.05.24:360][253]LogD3D11RHI: InitD3DDevice
[2015.09.07-19.05.25:176][329]LogMaterial: Missing cached shader map for material PreviewMaterial_0, compiling. 
[2015.09.07-19.05.25:183][329]LogMaterial: 0.000068 seconds spent updating 1 materials, 1 interfaces, 0 instances, 0 with static permutations.
[2015.09.07-19.05.25:781][363]MaterialEditorStats: Info Base pass shader with only dynamic lighting: 32 instructions
[2015.09.07-19.05.25:781][363]MaterialEditorStats: Info Vertex shader: 31 instructions
[2015.09.07-19.05.25:782][363]MaterialEditorStats: Info Texture samplers: 0/16
[2015.09.07-19.05.28:333][581]LogD3D11RHI: InitD3DDevice
[2015.09.07-19.05.29:705][709]LogMaterial: Missing cached shader map for material PreviewMaterial_0, compiling. 
[2015.09.07-19.05.29:713][709]LogMaterial: 0.000099 seconds spent updating 1 materials, 1 interfaces, 0 instances, 0 with static permutations.
[2015.09.07-19.05.30:316][746]MaterialEditorStats: Info Base pass shader with only dynamic lighting: 32 instructions
[2015.09.07-19.05.30:317][746]MaterialEditorStats: Info Vertex shader: 31 instructions
[2015.09.07-19.05.30:317][746]MaterialEditorStats: Info Texture samplers: 0/16
[2015.09.07-19.06.33:973][412]LogD3D11RHI: InitD3DDevice
[2015.09.07-19.06.34:522][468]LogD3D11RHI: InitD3DDevice
[2015.09.07-19.06.51:108][100]LogMaterial: Missing cached shader map for material PreviewMaterial_0, compiling. 
[2015.09.07-19.06.51:114][100]LogMaterial: 0.000066 seconds spent updating 1 materials, 1 interfaces, 0 instances, 0 with static permutations.
[2015.09.07-19.06.51:117][100]LogMaterial: Missing cached shader map for material PreviewMaterial_0, compiling. 
[2015.09.07-19.06.51:122][100]LogMaterial: 0.000022 seconds spent updating 1 materials, 1 interfaces, 0 instances, 0 with static permutations.
[2015.09.07-19.06.52:197][163]MaterialEditorStats: Info Base pass shader with only dynamic lighting: 32 instructions
[2015.09.07-19.06.52:197][163]MaterialEditorStats: Info Vertex shader: 31 instructions
[2015.09.07-19.06.52:197][163]MaterialEditorStats: Info Texture samplers: 0/16
[2015.09.07-19.06.55:127][422]LogD3D11RHI: InitD3DDevice
[2015.09.07-19.06.56:273][536]LogMaterial: Missing cached shader map for material PreviewMaterial_0, compiling. 
[2015.09.07-19.06.56:278][536]LogMaterial: 0.000081 seconds spent updating 1 materials, 1 interfaces, 0 instances, 0 with static permutations.
[2015.09.07-19.06.56:877][571]MaterialEditorStats: Info Base pass shader with only dynamic lighting: 32 instructions
[2015.09.07-19.06.56:878][571]MaterialEditorStats: Info Vertex shader: 31 instructions
[2015.09.07-19.06.56:878][571]MaterialEditorStats: Info Texture samplers: 0/16
[2015.09.07-19.06.57:865][656]LogD3D11RHI: InitD3DDevice
[2015.09.07-19.07.00:898][961]LogMaterial: Missing cached shader map for material PreviewMaterial_0, compiling. 
[2015.09.07-19.07.00:904][961]LogMaterial: 0.000080 seconds spent updating 1 materials, 1 interfaces, 0 instances, 0 with static permutations.
[2015.09.07-19.07.01:528][995]MaterialEditorStats: Info Base pass shader with only dynamic lighting: 43 instructions
[2015.09.07-19.07.01:528][995]MaterialEditorStats: Info Vertex shader: 33 instructions
[2015.09.07-19.07.01:529][995]MaterialEditorStats: Info Texture samplers: 0/16
[2015.09.07-19.07.14:340][ 97]LogMaterial: Missing cached shader map for material PreviewMaterial_0, compiling. 
[2015.09.07-19.07.14:347][ 97]LogMaterial: 0.000066 seconds spent updating 1 materials, 1 interfaces, 0 instances, 0 with static permutations.
[2015.09.07-19.07.14:375][ 97]LogMaterial: Missing cached shader map for material FMatExpressionPreview MaterialExpressionVectorParameter_0, compiling. 
[2015.09.07-19.07.15:000][132]MaterialEditorStats: Info Base pass shader with only dynamic lighting: 43 instructions
[2015.09.07-19.07.15:001][132]MaterialEditorStats: Info Vertex shader: 33 instructions
[2015.09.07-19.07.15:001][132]MaterialEditorStats: Info Texture samplers: 0/16
[2015.09.07-19.07.41:007][258]LogD3D11RHI: InitD3DDevice
[2015.09.07-19.07.45:203][258]LogMaterial: Missing cached shader map for material PreviewMaterial_0, compiling. 
[2015.09.07-19.07.45:224][258]LogMaterial: 0.000056 seconds spent updating 1 materials, 1 interfaces, 0 instances, 0 with static permutations.
[2015.09.07-19.07.45:227][258]LogD3D11RHI: InitD3DDevice
[2015.09.07-19.07.45:251][258]LogMaterial: Missing cached shader map for material Mat_Glow, compiling. 
[2015.09.07-19.07.45:272][258]LogMaterial: Missing cached shader map for material Mat_Glow, compiling. 
[2015.09.07-19.07.45:284][258]LogMaterial: 0.002474 seconds spent updating 1 materials, 1 interfaces, 1 instances, 0 with static permutations.
[2015.09.07-19.07.47:355][480]LogD3D11RHI: InitD3DDevice
[2015.09.07-19.07.50:477][852]LogD3D11RHI: InitD3DDevice
[2015.09.07-19.07.52:058][ 41]LogD3D11RHI: InitD3DDevice
[2015.09.07-19.07.53:277][186]LogD3D11RHI: InitD3DDevice
[2015.09.07-19.07.54:595][338]LogD3D11RHI: InitD3DDevice
[2015.09.07-19.07.54:629][338]Cmd: OBJ SAVEPACKAGE PACKAGE="/Game/Material/Mat_Glow" FILE="../../../../../../Users/frederic/Documents/Unreal Projects/Brain/Content/Material/Mat_Glow.uasset" SILENT=true
[2015.09.07-19.07.54:645][338]LogSavePackage: Save=11.547551ms
[2015.09.07-19.07.54:646][338]LogSavePackage: Moving '../../../../../../Users/frederic/Documents/Unreal Projects/Brain/Saved/Mat_GlowF0D5E6384243B4017BA53DAC16683F4F.tmp' to '../../../../../../Users/frederic/Documents/Unreal Projects/Brain/Content/Material/Mat_Glow.uasset'
[2015.09.07-19.07.55:436][426]LogD3D11RHI: InitD3DDevice
[2015.09.07-19.07.57:604][684]LogD3D11RHI: InitD3DDevice
[2015.09.07-19.07.58:408][774]LogD3D11RHI: InitD3DDevice
[2015.09.07-19.07.58:443][774]Cmd: OBJ SAVEPACKAGE PACKAGE="/Game/Material/Mat_Glow_Inst" FILE="../../../../../../Users/frederic/Documents/Unreal Projects/Brain/Content/Material/Mat_Glow_Inst.uasset" SILENT=true
[2015.09.07-19.07.58:454][774]LogSavePackage: Save=9.868011ms
[2015.09.07-19.07.58:455][774]LogSavePackage: Moving '../../../../../../Users/frederic/Documents/Unreal Projects/Brain/Saved/Mat_Glow_Inst8F8EBB44463524CA0861CF8616B9545F.tmp' to '../../../../../../Users/frederic/Documents/Unreal Projects/Brain/Content/Material/Mat_Glow_Inst.uasset'
[2015.09.07-19.07.59:844][939]LogParticles: Destroying 0 GPU particle simulations for FXSystem 0x00000000176400E0
[2015.09.07-19.08.00:162][940]Cmd: QUIT_EDITOR
[2015.09.07-19.08.00:393][940]LogExit: Preparing to exit.
[2015.09.07-19.08.00:897][940]LogExit: Editor shut down
[2015.09.07-19.08.00:898][940]LogExit: Transaction tracking system shut down
[2015.09.07-19.08.00:906][940]LogParticles: Destroying 0 GPU particle simulations for FXSystem 0x000000000CAC16C0
[2015.09.07-19.08.00:907][940]LogParticles: Destroying 0 GPU particle simulations for FXSystem 0x000000002C192840
[2015.09.07-19.08.00:907][940]LogParticles: Destroying 0 GPU particle simulations for FXSystem 0x000000002BE67EC0
[2015.09.07-19.08.00:907][940]LogParticles: Destroying 0 GPU particle simulations for FXSystem 0x0000000020282660
[2015.09.07-19.08.01:101][940]LogExit: Object subsystem successfully closed.
[2015.09.07-19.08.01:117][940]LogD3D11RHI: Shutdown
[2015.09.07-19.08.01:118][940]LogD3D11RHI: CleanupD3DDevice
[2015.09.07-19.08.01:691][940]LogD3D11RHI: ~FD3D11DynamicRHI
[2015.09.07-19.08.01:706][940]LogModuleManager: Shutting down and abandoning module MaterialEditor (190)
[2015.09.07-19.08.01:706][940]LogModuleManager: Shutting down and abandoning module CrashTracker (189)
[2015.09.07-19.08.01:707][940]LogModuleManager: Shutting down and abandoning module SceneOutliner (188)
[2015.09.07-19.08.01:707][940]LogModuleManager: Shutting down and abandoning module SuperSearch (187)
[2015.09.07-19.08.01:707][940]LogModuleManager: Shutting down and abandoning module WidgetCarousel (186)
[2015.09.07-19.08.01:708][940]LogModuleManager: Shutting down and abandoning module AddContentDialog (185)
[2015.09.07-19.08.01:709][940]LogModuleManager: Shutting down and abandoning module EditorWidgets (184)
[2015.09.07-19.08.01:709][940]LogModuleManager: Shutting down and abandoning module CollectionManager (183)
[2015.09.07-19.08.01:710][940]LogModuleManager: Shutting down and abandoning module StatsViewer (182)
[2015.09.07-19.08.01:710][940]LogModuleManager: Shutting down and abandoning module FoliageEdit (181)
[2015.09.07-19.08.01:710][940]LogModuleManager: Shutting down and abandoning module LandscapeEditor (180)
[2015.09.07-19.08.01:710][940]LogModuleManager: Shutting down and abandoning module ActorPickerMode (179)
[2015.09.07-19.08.01:711][940]LogModuleManager: Shutting down and abandoning module GeometryMode (178)
[2015.09.07-19.08.01:711][940]LogModuleManager: Shutting down and abandoning module TextureAlignMode (177)
[2015.09.07-19.08.01:711][940]LogModuleManager: Shutting down and abandoning module BspMode (176)
[2015.09.07-19.08.01:711][940]LogModuleManager: Shutting down and abandoning module PlacementMode (175)
[2015.09.07-19.08.01:712][940]LogModuleManager: Shutting down and abandoning module AutomationWorker (174)
[2015.09.07-19.08.01:712][940]LogModuleManager: Shutting down and abandoning module CharacterAI (173)
[2015.09.07-19.08.01:712][940]LogModuleManager: Shutting down and abandoning module SmartSnapping (172)
[2015.09.07-19.08.01:712][940]LogModuleManager: Shutting down and abandoning module ViewportSnapping (171)
[2015.09.07-19.08.01:713][940]LogModuleManager: Shutting down and abandoning module LogVisualizer (170)
[2015.09.07-19.08.01:713][940]LogModuleManager: Shutting down and abandoning module GameProjectGeneration (169)
[2015.09.07-19.08.01:713][940]LogModuleManager: Shutting down and abandoning module IntroTutorials (168)
[2015.09.07-19.08.01:714][940]LogModuleManager: Shutting down and abandoning module EditorLiveStreaming (167)
[2015.09.07-19.08.01:714][940]LogModuleManager: Shutting down and abandoning module IOSPlatformEditor (166)
[2015.09.07-19.08.01:714][940]LogModuleManager: Shutting down and abandoning module HTML5PlatformEditor (165)
[2015.09.07-19.08.01:714][940]LogModuleManager: Shutting down and abandoning module AndroidDeviceDetection (164)
[2015.09.07-19.08.02:523][940]LogModuleManager: Shutting down and abandoning module AndroidPlatformEditor (163)
[2015.09.07-19.08.02:523][940]LogModuleManager: Shutting down and abandoning module IOSRuntimeSettings (162)
[2015.09.07-19.08.02:523][940]LogModuleManager: Shutting down and abandoning module AndroidRuntimeSettings (161)
[2015.09.07-19.08.02:524][940]LogModuleManager: Shutting down and abandoning module MergeActors (160)
[2015.09.07-19.08.02:524][940]LogModuleManager: Shutting down and abandoning module SizeMap (159)
[2015.09.07-19.08.02:524][940]LogModuleManager: Shutting down and abandoning module TreeMap (158)
[2015.09.07-19.08.02:525][940]LogModuleManager: Shutting down and abandoning module ReferenceViewer (157)
[2015.09.07-19.08.02:525][940]LogModuleManager: Shutting down and abandoning module LocalizationDashboard (156)
[2015.09.07-19.08.02:525][940]LogModuleManager: Shutting down and abandoning module HardwareTargeting (155)
[2015.09.07-19.08.02:525][940]LogModuleManager: Shutting down and abandoning module DeviceProfileEditor (154)
[2015.09.07-19.08.02:526][940]LogModuleManager: Shutting down and abandoning module UndoHistory (153)
[2015.09.07-19.08.02:526][940]LogModuleManager: Shutting down and abandoning module GameplayTagsEditor (152)
[2015.09.07-19.08.02:526][940]LogModuleManager: Shutting down and abandoning module UserFeedback (151)
[2015.09.07-19.08.02:526][940]LogModuleManager: Shutting down and abandoning module XmlParser (150)
[2015.09.07-19.08.02:526][940]LogModuleManager: Shutting down and abandoning module Blutility (149)
[2015.09.07-19.08.02:527][940]LogModuleManager: Shutting down and abandoning module ProjectTargetPlatformEditor (148)
[2015.09.07-19.08.02:527][940]LogModuleManager: Shutting down and abandoning module ProjectSettingsViewer (147)
[2015.09.07-19.08.02:527][940]LogModuleManager: Shutting down and abandoning module InputBindingEditor (146)
[2015.09.07-19.08.02:528][940]LogModuleManager: Shutting down and abandoning module EditorSettingsViewer (145)
[2015.09.07-19.08.02:528][940]LogModuleManager: Shutting down and abandoning module SettingsEditor (144)
[2015.09.07-19.08.02:528][940]LogModuleManager: Shutting down and abandoning module ProjectLauncher (143)
[2015.09.07-19.08.02:528][940]LogModuleManager: Shutting down and abandoning module SessionFrontend (142)
[2015.09.07-19.08.02:529][940]LogModuleManager: Shutting down and abandoning module ProfilerClient (141)
[2015.09.07-19.08.02:529][940]LogModuleManager: Shutting down and abandoning module TargetDeviceServices (140)
[2015.09.07-19.08.02:529][940]LogModuleManager: Shutting down and abandoning module DeviceManager (139)
[2015.09.07-19.08.02:529][940]LogModuleManager: Shutting down and abandoning module AutomationController (138)
[2015.09.07-19.08.02:530][940]LogModuleManager: Shutting down and abandoning module AutomationWindow (137)
[2015.09.07-19.08.02:530][940]LogModuleManager: Shutting down and abandoning module Layers (136)
[2015.09.07-19.08.02:530][940]LogModuleManager: Shutting down and abandoning module ComponentVisualizers (135)
[2015.09.07-19.08.02:530][940]LogModuleManager: Shutting down and abandoning module DetailCustomizations (134)
[2015.09.07-19.08.02:531][940]LogModuleManager: Shutting down and abandoning module PackagesDialog (133)
[2015.09.07-19.08.02:531][940]LogModuleManager: Shutting down and abandoning module AssetRegistry (132)
[2015.09.07-19.08.02:558][940]LogModuleManager: Shutting down and abandoning module Persona (131)
[2015.09.07-19.08.02:559][940]LogModuleManager: Shutting down and abandoning module Kismet (130)
[2015.09.07-19.08.02:559][940]LogModuleManager: Shutting down and abandoning module GraphEditor (129)
[2015.09.07-19.08.02:560][940]LogModuleManager: Shutting down and abandoning module ClassViewer (128)
[2015.09.07-19.08.02:560][940]LogModuleManager: Shutting down and abandoning module Toolbox (127)
[2015.09.07-19.08.02:560][940]LogModuleManager: Shutting down and abandoning module ModuleUI (126)
[2015.09.07-19.08.02:560][940]LogModuleManager: Shutting down and abandoning module MovieSceneTools (125)
[2015.09.07-19.08.02:561][940]LogModuleManager: Shutting down and abandoning module OutputLog (124)
[2015.09.07-19.08.02:561][940]LogModuleManager: Shutting down and abandoning module GammaUI (123)
[2015.09.07-19.08.02:561][940]LogModuleManager: Shutting down and abandoning module Documentation (122)
[2015.09.07-19.08.02:561][940]LogModuleManager: Shutting down and abandoning module GameLiveStreaming (121)
[2015.09.07-19.08.02:562][940]LogModuleManager: Shutting down and abandoning module StreamingPauseRendering (120)
[2015.09.07-19.08.02:562][940]LogModuleManager: Shutting down and abandoning module AnalyticsET (119)
[2015.09.07-19.08.02:562][940]LogModuleManager: Shutting down and abandoning module Analytics (118)
[2015.09.07-19.08.02:562][940]LogModuleManager: Shutting down and abandoning module AITestSuite (117)
[2015.09.07-19.08.02:563][940]LogModuleManager: Shutting down and abandoning module GameplayDebugger (116)
[2015.09.07-19.08.02:563][940]LogModuleManager: Shutting down and abandoning module AIModule (115)
[2015.09.07-19.08.02:563][940]LogModuleManager: Shutting down and abandoning module ProfilerService (114)
[2015.09.07-19.08.02:608][940]LogModuleManager: Shutting down and abandoning module TaskGraph (113)
[2015.09.07-19.08.02:609][940]LogModuleManager: Shutting down and abandoning module SlateRemote (112)
[2015.09.07-19.08.02:609][940]LogModuleManager: Shutting down and abandoning module SteamVRController (111)
[2015.09.07-19.08.02:610][940]LogModuleManager: Shutting down and abandoning module SteamVR (110)
[2015.09.07-19.08.02:610][940]LogModuleManager: Shutting down and abandoning module ProceduralMeshComponent (109)
[2015.09.07-19.08.02:610][940]LogModuleManager: Shutting down and abandoning module OculusRift (108)
[2015.09.07-19.08.02:610][940]LogModuleManager: Shutting down and abandoning module LeapMotionController (107)
[2015.09.07-19.08.02:620][940]LogModuleManager: Shutting down and abandoning module CustomMeshComponent (106)
[2015.09.07-19.08.02:620][940]LogModuleManager: Shutting down and abandoning module CableComponent (105)
[2015.09.07-19.08.02:620][940]LogModuleManager: Shutting down and abandoning module MessagingDebugger (104)
[2015.09.07-19.08.02:620][940]LogModuleManager: Shutting down and abandoning module MediaPlayerEditor (103)
[2015.09.07-19.08.02:621][940]LogModuleManager: Shutting down and abandoning module SpeedTreeImporter (102)
[2015.09.07-19.08.02:621][940]LogModuleManager: Shutting down and abandoning module PluginBrowser (101)
[2015.09.07-19.08.02:621][940]LogModuleManager: Shutting down and abandoning module EpicSurvey (100)
[2015.09.07-19.08.02:621][940]LogModuleManager: Shutting down and abandoning module DesktopPlatform (99)
[2015.09.07-19.08.02:622][940]LogModuleManager: Shutting down and abandoning module VisualStudioSourceCodeAccess (98)
[2015.09.07-19.08.02:622][940]LogModuleManager: Shutting down and abandoning module UObjectPlugin (97)
[2015.09.07-19.08.02:622][940]LogModuleManager: Shutting down and abandoning module SubversionSourceControl (96)
[2015.09.07-19.08.02:622][940]LogModuleManager: Shutting down and abandoning module PerforceSourceControl (95)
[2015.09.07-19.08.02:623][940]LogModuleManager: Shutting down and abandoning module SourceControl (94)
[2015.09.07-19.08.02:623][940]LogModuleManager: Shutting down and abandoning module GitSourceControl (93)
[2015.09.07-19.08.02:623][940]LogModuleManager: Shutting down and abandoning module BlankPlugin (92)
[2015.09.07-19.08.02:623][940]LogModuleManager: Shutting down and abandoning module PaperTiledImporter (91)
[2015.09.07-19.08.02:624][940]LogModuleManager: Shutting down and abandoning module PaperSpriteSheetImporter (90)
[2015.09.07-19.08.02:624][940]LogModuleManager: Shutting down and abandoning module MeshPaint (89)
[2015.09.07-19.08.02:624][940]LogModuleManager: Shutting down and abandoning module SlateReflector (88)
[2015.09.07-19.08.02:624][940]LogModuleManager: Shutting down and abandoning module DirectoryWatcher (87)
[2015.09.07-19.08.02:625][940]LogModuleManager: Shutting down and abandoning module HotReload (86)
[2015.09.07-19.08.02:625][940]LogModuleManager: Shutting down and abandoning module MainFrame (85)
[2015.09.07-19.08.02:626][940]LogModuleManager: Shutting down and abandoning module LevelEditor (84)
[2015.09.07-19.08.02:627][940]LogModuleManager: Shutting down and abandoning module ContentBrowser (83)
[2015.09.07-19.08.02:627][940]LogModuleManager: Shutting down and abandoning module Paper2DEditor (82)
[2015.09.07-19.08.02:628][940]LogModuleManager: Shutting down and abandoning module Brain (81)
[2015.09.07-19.08.02:628][940]LogModuleManager: Shutting down and abandoning module UdpMessaging (80)
[2015.09.07-19.08.02:728][940]LogModuleManager: Shutting down and abandoning module Paper2D (79)
[2015.09.07-19.08.02:728][940]LogModuleManager: Shutting down and abandoning module WindowsMoviePlayer (78)
[2015.09.07-19.08.02:729][940]LogModuleManager: Shutting down and abandoning module Media (77)
[2015.09.07-19.08.02:729][940]LogModuleManager: Shutting down and abandoning module WmfMedia (76)
[2015.09.07-19.08.02:730][940]LogModuleManager: Shutting down and abandoning module OnlineBlueprintSupport (75)
[2015.09.07-19.08.02:730][940]LogModuleManager: Shutting down and abandoning module PropertyEditor (74)
[2015.09.07-19.08.02:731][940]LogModuleManager: Shutting down and abandoning module BehaviorTreeEditor (73)
[2015.09.07-19.08.02:731][940]LogModuleManager: Shutting down and abandoning module FunctionalTesting (72)
[2015.09.07-19.08.02:731][940]LogModuleManager: Shutting down and abandoning module CollisionAnalyzer (71)
[2015.09.07-19.08.02:731][940]LogModuleManager: Shutting down and abandoning module WorkspaceMenuStructure (70)
[2015.09.07-19.08.02:731][940]LogModuleManager: Shutting down and abandoning module MessageLog (69)
[2015.09.07-19.08.02:732][940]LogModuleManager: Shutting down and abandoning module Sequencer (68)
[2015.09.07-19.08.02:732][940]LogModuleManager: Shutting down and abandoning module AssetTools (67)
[2015.09.07-19.08.02:732][940]LogModuleManager: Shutting down and abandoning module UMGEditor (66)
[2015.09.07-19.08.02:732][940]LogModuleManager: Shutting down and abandoning module UMG (65)
[2015.09.07-19.08.02:733][940]LogModuleManager: Shutting down and abandoning module Slate (64)
[2015.09.07-19.08.02:733][940]LogModuleManager: Shutting down and abandoning module EditorStyle (63)
[2015.09.07-19.08.02:735][940]LogModuleManager: Shutting down and abandoning module SessionServices (62)
[2015.09.07-19.08.02:736][940]LogModuleManager: Shutting down and abandoning module SourceCodeAccess (61)
[2015.09.07-19.08.02:736][940]LogModuleManager: Shutting down and abandoning module HeadMountedDisplay (60)
[2015.09.07-19.08.02:736][940]LogModuleManager: Shutting down and abandoning module XAudio2 (59)
[2015.09.07-19.08.02:736][940]LogModuleManager: Shutting down and abandoning module Networking (57)
[2015.09.07-19.08.02:737][940]LogModuleManager: Shutting down and abandoning module Core (56)
[2015.09.07-19.08.02:737][940]LogModuleManager: Shutting down and abandoning module KismetCompiler (55)
[2015.09.07-19.08.02:737][940]LogModuleManager: Shutting down and abandoning module PhysXFormats (54)
[2015.09.07-19.08.02:738][940]LogModuleManager: Shutting down and abandoning module MeshUtilities (53)
[2015.09.07-19.08.02:738][940]LogModuleManager: Shutting down and abandoning module DerivedDataCache (52)
[2015.09.07-19.08.02:793][940]LogDerivedDataCache: Shutdown
[2015.09.07-19.08.02:793][940]LogModuleManager: Shutting down and abandoning module ShaderFormatOpenGL (51)
[2015.09.07-19.08.02:793][940]LogModuleManager: Shutting down and abandoning module ShaderFormatD3D (50)
[2015.09.07-19.08.02:794][940]LogModuleManager: Shutting down and abandoning module MetalShaderFormat (49)
[2015.09.07-19.08.02:794][940]LogModuleManager: Shutting down and abandoning module TextureFormatUncompressed (48)
[2015.09.07-19.08.02:794][940]LogModuleManager: Shutting down and abandoning module TextureFormatPVR (47)
[2015.09.07-19.08.02:794][940]LogModuleManager: Shutting down and abandoning module TextureFormatIntelISPCTexComp (46)
[2015.09.07-19.08.02:795][940]LogModuleManager: Shutting down and abandoning module TextureFormatDXT (45)
[2015.09.07-19.08.02:795][940]LogModuleManager: Shutting down and abandoning module ImageWrapper (44)
[2015.09.07-19.08.02:795][940]LogModuleManager: Shutting down and abandoning module TextureFormatASTC (43)
[2015.09.07-19.08.02:795][940]LogModuleManager: Shutting down and abandoning module TextureFormatAndroid (42)
[2015.09.07-19.08.02:795][940]LogModuleManager: Shutting down and abandoning module AudioFormatOpus (41)
[2015.09.07-19.08.02:796][940]LogModuleManager: Shutting down and abandoning module AudioFormatOgg (40)
[2015.09.07-19.08.02:796][940]LogModuleManager: Shutting down and abandoning module AudioFormatADPCM (39)
[2015.09.07-19.08.02:796][940]LogModuleManager: Shutting down and abandoning module LinuxTargetPlatform (38)
[2015.09.07-19.08.02:796][940]LogModuleManager: Shutting down and abandoning module LinuxServerTargetPlatform (37)
[2015.09.07-19.08.02:797][940]LogModuleManager: Shutting down and abandoning module LinuxNoEditorTargetPlatform (36)
[2015.09.07-19.08.02:797][940]LogModuleManager: Shutting down and abandoning module Messaging (35)
[2015.09.07-19.08.02:797][940]LogModuleManager: Shutting down and abandoning module IOSTargetPlatform (34)
[2015.09.07-19.08.02:797][940]LogModuleManager: Shutting down and abandoning module HTML5TargetPlatform (33)
[2015.09.07-19.08.02:797][940]LogModuleManager: Shutting down and abandoning module Android_PVRTCTargetPlatform (32)
[2015.09.07-19.08.02:798][940]LogModuleManager: Shutting down and abandoning module Android_ETC2TargetPlatform (31)
[2015.09.07-19.08.02:798][940]LogModuleManager: Shutting down and abandoning module Android_ETC1TargetPlatform (30)
[2015.09.07-19.08.02:798][940]LogModuleManager: Shutting down and abandoning module Android_DXTTargetPlatform (29)
[2015.09.07-19.08.02:798][940]LogModuleManager: Shutting down and abandoning module Android_ATCTargetPlatform (28)
[2015.09.07-19.08.02:799][940]LogModuleManager: Shutting down and abandoning module Android_ASTCTargetPlatform (27)
[2015.09.07-19.08.02:799][940]LogModuleManager: Shutting down and abandoning module AndroidTargetPlatform (26)
[2015.09.07-19.08.02:799][940]LogModuleManager: Shutting down and abandoning module WindowsTargetPlatform (25)
[2015.09.07-19.08.02:799][940]LogModuleManager: Shutting down and abandoning module WindowsServerTargetPlatform (24)
[2015.09.07-19.08.02:799][940]LogModuleManager: Shutting down and abandoning module WindowsNoEditorTargetPlatform (23)
[2015.09.07-19.08.02:800][940]LogModuleManager: Shutting down and abandoning module WindowsClientTargetPlatform (22)
[2015.09.07-19.08.02:800][940]LogModuleManager: Shutting down and abandoning module DesktopTargetPlatform (21)
[2015.09.07-19.08.02:800][940]LogModuleManager: Shutting down and abandoning module TargetPlatform (20)
[2015.09.07-19.08.02:800][940]LogModuleManager: Shutting down and abandoning module InputCore (19)
[2015.09.07-19.08.02:801][940]LogModuleManager: Shutting down and abandoning module Settings (18)
[2015.09.07-19.08.02:801][940]LogModuleManager: Shutting down and abandoning module OnlineSubsystem (16)
[2015.09.07-19.08.02:801][940]LogModuleManager: Shutting down and abandoning module HTTP (15)
[2015.09.07-19.08.02:802][940]LogModuleManager: Shutting down and abandoning module ExampleDeviceProfileSelector (14)
[2015.09.07-19.08.02:802][940]LogModuleManager: Shutting down and abandoning module TextureCompressor (13)
[2015.09.07-19.08.02:802][940]LogModuleManager: Shutting down and abandoning module ShaderCore (12)
[2015.09.07-19.08.02:803][940]LogModuleManager: Shutting down and abandoning module Landscape (11)
[2015.09.07-19.08.02:803][940]LogModuleManager: Shutting down and abandoning module SlateRHIRenderer (10)
[2015.09.07-19.08.02:805][940]LogModuleManager: Shutting down and abandoning module OpenGLDrv (9)
[2015.09.07-19.08.02:806][940]LogModuleManager: Shutting down and abandoning module D3D11RHI (8)
[2015.09.07-19.08.02:806][940]LogModuleManager: Shutting down and abandoning module Renderer (7)
[2015.09.07-19.08.02:807][940]LogModuleManager: Shutting down and abandoning module Engine (6)
[2015.09.07-19.08.02:807][940]LogModuleManager: Shutting down and abandoning module CoreUObject (5)
[2015.09.07-19.08.02:807][940]LogModuleManager: Shutting down and abandoning module NetworkFile (4)
[2015.09.07-19.08.02:807][940]LogModuleManager: Shutting down and abandoning module StreamingFile (3)
[2015.09.07-19.08.02:808][940]LogModuleManager: Shutting down and abandoning module SandboxFile (2)
[2015.09.07-19.08.02:808][940]LogModuleManager: Shutting down and abandoning module PakFile (1)
[2015.09.07-19.08.02:810][940]LogExit: Exiting.
[2015.09.07-19.08.02:823][940]Log file closed, 09/07/15 15:08:02
