[2015.12.09-16.41.35:999][  0]Log file open, 12/09/15 11:41:35
[2015.12.09-16.41.35:999][  0]LogInit:Display: Running engine for game: Brain
[2015.12.09-16.41.35:999][  0]LogInit:Display: RandInit(-803035409) SRandInit(-803035408).
[2015.12.09-16.41.35:999][  0]LogTaskGraph: Started task graph with 4 named threads and 7 total threads.
[2015.12.09-16.41.35:999][  0]LogStats: Stats thread started
[2015.12.09-16.41.35:999][  0]LogInit: Version: 4.8.3-2634408+++depot+UE4-Releases+4.8
[2015.12.09-16.41.35:999][  0]LogInit: API Version: 2579680
[2015.12.09-16.41.35:999][  0]LogInit: Compiled (64-bit): Jul 27 2015 16:24:33
[2015.12.09-16.41.35:999][  0]LogInit: Compiled with Visual C++: 18.00.21005.01
[2015.12.09-16.41.35:999][  0]LogInit: Build Configuration: Development
[2015.12.09-16.41.35:999][  0]LogInit: Branch Name: ++depot+UE4-Releases+4.8
[2015.12.09-16.41.35:999][  0]LogInit: Command line:  
[2015.12.09-16.41.35:999][  0]LogInit: Base directory: C:/Program Files/Epic Games/4.8/Engine/Binaries/Win64/
[2015.12.09-16.41.35:999][  0]LogInit: Rocket: 1
[2015.12.09-16.41.36:020][  0]LogInit: Using libcurl 7.41.0
[2015.12.09-16.41.36:020][  0]LogInit:  - built for x86_64-pc-win32
[2015.12.09-16.41.36:020][  0]LogInit:  - supports SSL with WinSSL
[2015.12.09-16.41.36:020][  0]LogInit:  - other features:
[2015.12.09-16.41.36:020][  0]LogInit:      CURL_VERSION_SSL
[2015.12.09-16.41.36:020][  0]LogInit:      CURL_VERSION_IPV6
[2015.12.09-16.41.36:020][  0]LogInit:      CURL_VERSION_ASYNCHDNS
[2015.12.09-16.41.36:020][  0]LogInit:      CURL_VERSION_LARGEFILE
[2015.12.09-16.41.36:020][  0]LogInit:      CURL_VERSION_IDN
[2015.12.09-16.41.36:020][  0]LogInit:  CurlRequestOptions (configurable via config and command line):
[2015.12.09-16.41.36:020][  0]LogInit:  - bVerifyPeer = true  - Libcurl will verify peer certificate
[2015.12.09-16.41.36:020][  0]LogInit:  - bUseHttpProxy = false  - Libcurl will NOT use HTTP proxy
[2015.12.09-16.41.36:020][  0]LogInit:  - bDontReuseConnections = false  - Libcurl will reuse connections
[2015.12.09-16.41.36:020][  0]LogInit:  - CertBundlePath = nullptr  - Libcurl will use whatever was configured at build time.
[2015.12.09-16.41.36:039][  0]LogOnline:Warning: No default platform service specified for OnlineSubsystem
[2015.12.09-16.41.36:066][  0]LogInit: Presizing for 0 objects not considered by GC, pre-allocating 0 bytes.
[2015.12.09-16.41.36:089][  0]LogInit: Object subsystem initialized
[2015.12.09-16.41.36:092][  0]LogConsoleResponse:Warning: Skipping Unknown console variable: 'TranslucentSortAxis = (X=0.000000,Y=-1.000000,Z=0.000000)'
[2015.12.09-16.41.36:092][  0]LogConsoleResponse:Warning:   Found in ini file 'C:/Users/Sullivan/Documents/Brain-new/Saved/Config/Windows/Engine.ini', in section '[/Script/Engine.RendererSettings]'
[2015.12.09-16.41.36:092][  0]LogConsoleResponse:Warning: Skipping Unknown console variable: 'UIScaleRule = ShortestSide'
[2015.12.09-16.41.36:092][  0]LogConsoleResponse:Warning:   Found in ini file 'C:/Users/Sullivan/Documents/Brain-new/Saved/Config/Windows/Engine.ini', in section '[/Script/Engine.RendererSettings]'
[2015.12.09-16.41.36:092][  0]LogConsoleResponse:Warning: Skipping Unknown console variable: 'UIScaleCurve = (EditorCurveData=(Keys=),ExternalCurve=None)'
[2015.12.09-16.41.36:092][  0]LogConsoleResponse:Warning:   Found in ini file 'C:/Users/Sullivan/Documents/Brain-new/Saved/Config/Windows/Engine.ini', in section '[/Script/Engine.RendererSettings]'
[2015.12.09-16.41.36:110][  0]LogInit: Selected Device Profile: [Windows]
[2015.12.09-16.41.36:110][  0]LogInit: Applying CVar settings loaded from the selected device profile: [Windows]
[2015.12.09-16.41.36:161][  0]LogInit: Computer: SULLI
[2015.12.09-16.41.36:161][  0]LogInit: User: Sullivan
[2015.12.09-16.41.36:161][  0]LogInit: CPU Page size=4096, Cores=4
[2015.12.09-16.41.36:161][  0]LogInit: High frequency timer resolution =2.241004 MHz
[2015.12.09-16.41.36:162][  0]LogMemory: Memory total: Physical=8.0GB (8GB approx)
[2015.12.09-16.41.36:162][  0]LogMemory: Platform Memory Stats for Windows
[2015.12.09-16.41.36:162][  0]LogMemory: Process Physical Memory: 48.11 MB used, 48.11 MB peak
[2015.12.09-16.41.36:162][  0]LogMemory: Process Virtual Memory: 22.45 MB used, 22.45 MB peak
[2015.12.09-16.41.36:162][  0]LogMemory: Physical Memory: 3625.00 MB used, 8151.90 MB total
[2015.12.09-16.41.36:162][  0]LogMemory: Virtual Memory: 296.06 MB used, 134217728.00 MB total
[2015.12.09-16.41.37:460][  0]LogTextLocalizationManager: The requested culture ('fr_FR') has no localization data; falling back to 'en' for localization and internationalization data.
[2015.12.09-16.41.38:417][  0]LogTextLocalizationManager:Warning: Loaded localization resources contain conflicting entries for (Namespace:ContentBrowser, Key:ImportAssetToolTip):
Localization Resource: (C:/Program Files/Epic Games/4.8/Engine/Content/Localization/Editor/en/Editor.locres) Source String Hash: (-630476809) Localized String: (Import to {0}...)
Localization Resource: (C:/Program Files/Epic Games/4.8/Engine/Content/Localization/Editor/en/Editor.locres) Source String Hash: (1271782899) Localized String: (Imports an asset from file to this folder.)
[2015.12.09-16.41.40:015][  0]LogD3D11RHI: Found D3D11 adapter 0: NVIDIA GeForce GTX 670M (Feature Level 11_0)
[2015.12.09-16.41.40:015][  0]LogD3D11RHI: Adapter has 3003MB of dedicated video memory, 0MB of dedicated system memory, and 4075MB of shared system memory, 1 output[s]
[2015.12.09-16.41.40:017][  0]LogD3D11RHI: Found D3D11 adapter 1: Microsoft Basic Render Driver (Feature Level 11_0)
[2015.12.09-16.41.40:017][  0]LogD3D11RHI: Adapter has 0MB of dedicated video memory, 0MB of dedicated system memory, and 256MB of shared system memory, 0 output[s]
[2015.12.09-16.41.40:017][  0]LogD3D11RHI: Chosen D3D11 Adapter Id = 0
[2015.12.09-16.41.40:090][  0]LogD3D11RHI: InitD3DDevice
[2015.12.09-16.41.40:090][  0]LogD3D11RHI: !Direct3DDevice
[2015.12.09-16.41.40:108][  0]LogRHI: Texture pool is 1361 MB (70% of 1945 MB)
[2015.12.09-16.41.40:124][  0]LogD3D11RHI: Async texture creation enabled
[2015.12.09-16.41.40:595][  0]LogShaderCompilers:Display: Using Local Shader Compiler.
[2015.12.09-16.41.48:061][  0]LogTemp:Display: Loaded TP DesktopTargetPlatform
[2015.12.09-16.41.48:087][  0]LogTemp:Display: Loaded TP WindowsClientTargetPlatform
[2015.12.09-16.41.48:111][  0]LogTemp:Display: Loaded TP WindowsNoEditorTargetPlatform
[2015.12.09-16.41.48:134][  0]LogTemp:Display: Loaded TP WindowsServerTargetPlatform
[2015.12.09-16.41.48:161][  0]LogTemp:Display: Loaded TP WindowsTargetPlatform
[2015.12.09-16.41.48:198][  0]LogTemp:Display: Loaded TP AndroidTargetPlatform
[2015.12.09-16.41.48:218][  0]LogTemp:Display: Loaded TP Android_ASTCTargetPlatform
[2015.12.09-16.41.48:239][  0]LogTemp:Display: Loaded TP Android_ATCTargetPlatform
[2015.12.09-16.41.48:277][  0]LogTemp:Display: Loaded TP Android_DXTTargetPlatform
[2015.12.09-16.41.48:299][  0]LogTemp:Display: Loaded TP Android_ETC1TargetPlatform
[2015.12.09-16.41.48:324][  0]LogTemp:Display: Loaded TP Android_ETC2TargetPlatform
[2015.12.09-16.41.48:345][  0]LogTemp:Display: Loaded TP Android_PVRTCTargetPlatform
[2015.12.09-16.41.48:486][  0]LogTemp:Display: Loaded TP IOSTargetPlatform
[2015.12.09-16.41.48:517][  0]LogTemp:Display: Loaded TP LinuxNoEditorTargetPlatform
[2015.12.09-16.41.48:549][  0]LogTemp:Display: Loaded TP LinuxServerTargetPlatform
[2015.12.09-16.41.48:588][  0]LogTemp:Display: Loaded TP LinuxTargetPlatform
[2015.12.09-16.41.48:588][  0]LogTargetPlatformManager:Display: Building Assets For Windows
[2015.12.09-16.41.49:700][  0]LogDerivedDataCache:Display: Max Cache Size: 512 MB
[2015.12.09-16.41.51:960][  0]LogDerivedDataCache: Loaded boot cache 2.22s 60MB C:/Users/Sullivan/AppData/Local/UnrealEngine/4.8/DerivedDataCache/Boot.ddc.
[2015.12.09-16.41.51:960][  0]LogDerivedDataCache:Display: Loaded Boot cache: C:/Users/Sullivan/AppData/Local/UnrealEngine/4.8/DerivedDataCache/Boot.ddc
[2015.12.09-16.41.51:961][  0]LogDerivedDataCache: FDerivedDataBackendGraph:  Pak pak cache file ../../../../../../Users/Sullivan/Documents/Brain-new/DerivedDataCache/DDC.ddp not found, will not use a pak cache.
[2015.12.09-16.41.51:961][  0]LogDerivedDataCache: Unable to find inner node Pak for hierarchical cache Hierarchy.
[2015.12.09-16.41.51:961][  0]LogDerivedDataCache: FDerivedDataBackendGraph:  CompressedPak pak cache file ../../../../../../Users/Sullivan/Documents/Brain-new/DerivedDataCache/Compressed.ddp not found, will not use a pak cache.
[2015.12.09-16.41.51:961][  0]LogDerivedDataCache: Unable to find inner node CompressedPak for hierarchical cache Hierarchy.
[2015.12.09-16.41.52:293][  0]LogDerivedDataCache:Display: Pak cache opened for reading ../../../Engine/DerivedDataCache/Compressed.ddp.
[2015.12.09-16.41.52:306][  0]LogDerivedDataCache: Using Local data cache path C:/Users/Sullivan/AppData/Local/UnrealEngine/Common/DerivedDataCache: Writable
[2015.12.09-16.42.00:749][  0]LogCollisionProfile:Warning: Profile (Trigger) - Custom Channel Name = 'Projectile' hasn't been found
[2015.12.09-16.42.01:177][  0]LogInit: Selected Device Profile: [Windows]
[2015.12.09-16.42.02:182][  0]ImportText (ComponentSweepMultiTests): Missing closing parenthesis: (RootShapeAsset="/Engine/BasicShapes/Cube.Cube",ShapeType="TriggerCapsule",HitResult=(Time=0.50,Location=(X=-100.000015,Y=0.0,Z=100.000015),ImpactPoint=(X=-50.0,Y=0.0,Z=50.0),Normal=(X=-1.0,Y=-0.0,Z=0.0),ImpactNormal=(X=0.0,Y=0.0,Z=1.0),TraceStart=(X=-200.0,Y=0.0,Z=200.0),TraceEnd=(X=0.0,Y=0.0,Z=0.0))
[2015.12.09-16.42.02:183][  0]ImportText (LineTraceSingleByChannelTests): Missing closing parenthesis: (RootShapeAsset="/Engine/BasicShapes/Cube.Cube",HitResult=(Time=0.50,Location=(X=-100.000015,Y=0.0,Z=100.000015),ImpactPoint=(X=-50.0,Y=0.0,Z=50.0),Normal=(X=-1.0,Y=-0.0,Z=0.0),ImpactNormal=(X=0.0,Y=0.0,Z=1.0),TraceStart=(X=-200.0,Y=0.0,Z=200.0),TraceEnd=(X=0.0,Y=0.0,Z=0.0))
[2015.12.09-16.42.02:440][  0]LogMeshUtilities: No automatic mesh reduction module available
[2015.12.09-16.42.02:440][  0]LogMeshUtilities: No automatic mesh merging module available
[2015.12.09-16.42.05:842][  0]LogInit: WinSock: version 1.1 (2.2), MaxSocks=32767, MaxUdp=65467
[2015.12.09-16.42.31:481][  0]LogWmfMedia: Failed to load mf.dll
[2015.12.09-16.42.31:481][  0]LogWmfMedia: Failed to load required Windows Media Foundation libraries
[2015.12.09-16.42.31:513][  0]LogWindowsMoviePlayer:Warning: Could not load mf.dll
[2015.12.09-16.42.31:515][  0]LogWindowsMoviePlayer:Warning: Could not load mfplat.dll
[2015.12.09-16.42.31:516][  0]LogWindowsMoviePlayer:Warning: Could not load mfplay.dll
[2015.12.09-16.42.32:052][  0]UdpMessaging: Initializing bridge on interface 0.0.0.0:0 to multicast group 230.0.0.1:6666.
[2015.12.09-16.42.36:665][  0]SourceControl: Info Source control is disabled
[2015.12.09-16.42.36:666][  0]SourceControl: Info Source control is disabled
[2015.12.09-16.42.36:741][  0]SourceControl: Info Source control is disabled
[2015.12.09-16.42.36:791][  0]SourceControl: Info Source control is disabled
[2015.12.09-16.42.38:390][  0]LogObj: 31403 objects as part of root set at end of initial load.
[2015.12.09-16.42.38:390][  0]LogUObjectAllocator: 7163536 out of 0 bytes used by permanent object pool.
[2015.12.09-16.42.39:230][  0]LogEngine: Initializing Engine...
[2015.12.09-16.42.39:267][  0]LogHMD: Can't find Oculus library dev build: is proper Runtime installed? Version: 0.6.0.0
[2015.12.09-16.42.42:686][  0]LogHMD:Warning: SteamVR failed to initialize.  Error: 108
[2015.12.09-16.42.43:674][  0]LogAIModule: Creating AISystem for world NewWorld
[2015.12.09-16.42.43:746][  0]LogInit: XAudio2 using 'Casque (5- Périphérique High Definition Audio)' : 2 channels at 44.1 kHz using 16 bits per sample (channel mask 0x3)
[2015.12.09-16.42.43:852][  0]LogInit: FAudioDevice initialized.
[2015.12.09-16.42.43:955][  0]LogDerivedDataCache: Saved boot cache 0.10s 60MB C:/Users/Sullivan/AppData/Local/UnrealEngine/4.8/DerivedDataCache/Boot.ddc.
[2015.12.09-16.42.43:963][  0]LogInit: Texture streaming: Disabled
[2015.12.09-16.42.44:028][  0]LogAnalytics: Creating configured Analytics provider AnalyticsET
[2015.12.09-16.42.44:028][  0]LogAnalytics: [UEEditor.Rocket.Release] APIServer = http://et2.epicgames.com/ET2/. AppVersion = 4.8.3-2634408+++depot+UE4-Releases+4.8
[2015.12.09-16.42.44:028][  0]LogAnalytics: [UEEditor.Rocket.Release] SetUserId ad541df74db84af293f9b0a60160a0cf|46a40cfda58c4237b68f593a66e52ede|5c8738c5-c9ae-49ff-8b11-2d4ad6d2f4c4
[2015.12.09-16.42.44:028][  0]LogAnalytics: [UEEditor.Rocket.Release] AnalyticsET::StartSession
[2015.12.09-16.42.44:284][  0]LogInit: Transaction tracking system initialized
[2015.12.09-16.42.45:814][  0]BlueprintLog: New page: Editor Load
[2015.12.09-16.42.46:016][  0]LogAssetRegistry: FAssetRegistry took 0.0290 seconds to start up
[2015.12.09-16.42.46:017][  0]LogDirectoryWatcher:Warning: Failed to begin reading directory changes for ../../../Engine/Plugins/Experimental/CharacterAI/Content/. Error: 0
[2015.12.09-16.42.55:008][  0]LogConsoleManager:Warning: Console variable 'r.VSync' wasn't set ('GameSetting' has a lower priority than 'SystemSettingsIni')
[2015.12.09-16.42.55:008][  0]LogConsoleResponse:Display: 
[2015.12.09-16.42.56:638][  0]LogCook:Display: Done creating registry. It took  0.00s.
[2015.12.09-16.42.57:713][  0]SourceControl: Info Source control is disabled
[2015.12.09-16.42.57:726][  0]Cmd: MAP LOAD FILE="../../../../../../Users/Sullivan/Documents/Brain-new/Content/FirstPerson/Maps/MainMenu.umap" TEMPLATE=0 SHOWPROGRESS=1 FEATURELEVEL=3
[2015.12.09-16.42.57:737][  0]LightingResults: New page: Lighting Build
[2015.12.09-16.42.57:788][  0]MapCheck: New page: Map Check
[2015.12.09-16.42.57:788][  0]LightingResults: New page: Lighting Build
[2015.12.09-16.42.57:808][  0]LogParticles: Destroying 0 GPU particle simulations for FXSystem 0x000000541C05A3E0
[2015.12.09-16.42.57:847][  0]LogAIModule: Creating AISystem for world MainMenu
[2015.12.09-16.42.57:849][  0]LogEditorServer: Finished looking for orphan Actors (0.000 secs)
[2015.12.09-16.42.57:851][  0]Cmd: MAP CHECKDEP NOCLEARLOG
[2015.12.09-16.42.57:924][  0]MapCheck: Info Map check complete: 0 Error(s), 0 Warning(s), took 72.53ms to complete.
[2015.12.09-16.42.57:924][  0]LogFileHelpers: Loading map 'MainMenu' took 0.198
[2015.12.09-16.42.58:783][  0]LogCollectionManager: Loaded 0 collections in 0.004438 seconds
[2015.12.09-16.42.58:804][  0]LogContentBrowser: Native class hierarchy populated in 0.0202 seconds. Added 1819 classes and 311 folders.
[2015.12.09-16.42.59:128][  0]LogContentBrowser: Native class hierarchy updated for 'WidgetCarousel' in 0.0091 seconds. Added 0 classes and 0 folders.
[2015.12.09-16.43.00:069][  0]LogContentBrowser: Native class hierarchy updated for 'AddContentDialog' in 0.0072 seconds. Added 0 classes and 0 folders.
[2015.12.09-16.43.00:351][  0]LogContentBrowser: Native class hierarchy updated for 'SceneOutliner' in 0.0082 seconds. Added 1 classes and 2 folders.
[2015.12.09-16.43.00:772][  0]LogCrashTracker: Crashtracker disabled due to settings.
[2015.12.09-16.43.00:864][  0]LogD3D11RHI: InitD3DDevice
[2015.12.09-16.43.00:887][  0]LogUObjectGlobals:Warning: Failed to find object 'Class None.'
[2015.12.09-16.43.00:952][  0]LogLoad: Full Startup: 88.52 seconds (BP compile: 0.90 seconds)
[2015.12.09-16.43.00:972][  0]LogWindowsTextInputMethodSystem:Display: IME system now deactivated.
[2015.12.09-16.43.01:384][  0]LogContentStreaming: Texture pool size is 0.000000MB
[2015.12.09-16.43.01:460][  0]LogContentStreaming: Texture pool size now 1000 MB
[2015.12.09-16.43.01:947][  0]LogRenderer: Reallocating scene render targets to support 1208x576 (Frame:2).
[2015.12.09-16.43.02:646][  9]LogAssetRegistry: Asset discovery search completed in 16.6586 seconds
[2015.12.09-16.43.31:330][300]LogD3D11RHI: InitD3DDevice
[2015.12.09-16.43.46:671][707]LogD3D11RHI: InitD3DDevice
[2015.12.09-16.43.47:984][707]LogAIModule: Creating AISystem for world Level1
[2015.12.09-16.43.48:206][707]Cmd: MAP LOAD FILE="../../../../../../Users/Sullivan/Documents/Brain-new/Content/FirstPerson/Maps/Level1.umap" TEMPLATE=0 SHOWPROGRESS=1 FEATURELEVEL=3
[2015.12.09-16.43.48:207][707]LightingResults: New page: Lighting Build
[2015.12.09-16.43.48:231][707]LoadErrors: New page: Loading map: Level1.umap
[2015.12.09-16.43.48:232][707]MapCheck: New page: Map Check
[2015.12.09-16.43.48:232][707]LightingResults: New page: Lighting Build
[2015.12.09-16.43.48:264][707]LogParticles: Destroying 0 GPU particle simulations for FXSystem 0x000000540FC168E0
[2015.12.09-16.43.48:410][707]LogAIModule: Creating AISystem for world Level1
[2015.12.09-16.43.48:440][707]LogEditorServer: Finished looking for orphan Actors (0.000 secs)
[2015.12.09-16.43.48:535][707]Cmd: MAP CHECKDEP NOCLEARLOG
[2015.12.09-16.43.48:619][707]MapCheck: Info Map check complete: 0 Error(s), 0 Warning(s), took 83.497ms to complete.
[2015.12.09-16.43.48:619][707]LogFileHelpers: Loading map 'Level1' took 0.424
[2015.12.09-16.44.01:175][195]LogEditorViewport: Clicking on Actor (LMB): StaticMeshActor (plaque)
[2015.12.09-16.44.08:752][436]LogEditorViewport: Clicking on Actor (LMB): StaticMeshActor (porte)
[2015.12.09-16.44.46:700][397]LogD3D11RHI: InitD3DDevice
[2015.12.09-16.44.46:734][397]LogAIModule: Creating AISystem for world MainMenu
[2015.12.09-16.44.46:805][397]Cmd: MAP LOAD FILE="../../../../../../Users/Sullivan/Documents/Brain-new/Content/FirstPerson/Maps/MainMenu.umap" TEMPLATE=0 SHOWPROGRESS=1 FEATURELEVEL=3
[2015.12.09-16.44.46:806][397]LightingResults: New page: Lighting Build
[2015.12.09-16.44.46:830][397]LoadErrors: New page: Loading map: MainMenu.umap
[2015.12.09-16.44.46:831][397]MapCheck: New page: Map Check
[2015.12.09-16.44.46:831][397]LightingResults: New page: Lighting Build
[2015.12.09-16.44.46:858][397]LogParticles: Destroying 0 GPU particle simulations for FXSystem 0x000000540FC16D40
[2015.12.09-16.44.46:915][397]LogAIModule: Creating AISystem for world MainMenu
[2015.12.09-16.44.46:916][397]LogEditorServer: Finished looking for orphan Actors (0.000 secs)
[2015.12.09-16.44.46:958][397]Cmd: MAP CHECKDEP NOCLEARLOG
[2015.12.09-16.44.47:034][397]MapCheck: Info Map check complete: 0 Error(s), 0 Warning(s), took 76.21ms to complete.
[2015.12.09-16.44.47:035][397]LogFileHelpers: Loading map 'MainMenu' took 0.231
[2015.12.09-16.44.49:368][510]LogPlayLevel: PIE:  No blueprints needed recompiling
[2015.12.09-16.44.49:626][510]PIE: New page: PIE session: MainMenu (Dec 9, 2015, 6:44:49 AM)
[2015.12.09-16.44.49:627][510]LogPlayLevel: Creating play world package: /Game/FirstPerson/Maps/UEDPIE_0_MainMenu
[2015.12.09-16.44.49:628][510]LogPlayLevel: PIE: StaticDuplicateObject took: (0.000610s)
[2015.12.09-16.44.49:629][510]LogAIModule: Creating AISystem for world MainMenu
[2015.12.09-16.44.49:629][510]LogPlayLevel: PIE: World Init took: (0.001362s)
[2015.12.09-16.44.49:630][510]LogPlayLevel: PIE: Created PIE world by copying editor world from /Game/FirstPerson/Maps/MainMenu.MainMenu to /Game/FirstPerson/Maps/UEDPIE_0_MainMenu.MainMenu (0.002273s)
[2015.12.09-16.44.49:654][510]LogInit: XAudio2 using 'Casque (5- Périphérique High Definition Audio)' : 2 channels at 44.1 kHz using 16 bits per sample (channel mask 0x3)
[2015.12.09-16.44.49:659][510]LogInit: FAudioDevice initialized.
[2015.12.09-16.44.49:798][510]LogWorld: Game class is 'BrainGameMode'
[2015.12.09-16.44.49:820][510]LogWorld: Bringing World /Game/FirstPerson/Maps/UEDPIE_0_MainMenu.MainMenu up for play (max tick rate 60) at 2015.12.09-11.44.49
[2015.12.09-16.44.49:820][510]LogActor:Warning: GameSession /Game/FirstPerson/Maps/UEDPIE_0_MainMenu.MainMenu:PersistentLevel.GameSession_0 has natively added scene component(s), but none of them were set as the actor's RootComponent - picking one arbitrarily
[2015.12.09-16.44.49:820][510]LogActor:Warning: GameNetworkManager /Game/FirstPerson/Maps/UEDPIE_0_MainMenu.MainMenu:PersistentLevel.GameNetworkManager_0 has natively added scene component(s), but none of them were set as the actor's RootComponent - picking one arbitrarily
[2015.12.09-16.44.49:821][510]LogWorld: Bringing up level for play took: 0.001808
[2015.12.09-16.44.50:739][510]PIE: Info Play in editor start time for /Game/FirstPerson/Maps/UEDPIE_0_MainMenu 1.963
[2015.12.09-16.44.52:450][591]LogPackageName: SearchForPackageOnDisk took   0.108s to resolve Level1.umap
[2015.12.09-16.44.52:550][591]LogPackageName: SearchForPackageOnDisk took   0.099s to resolve Level1.umap
[2015.12.09-16.44.52:550][591]LogNet: Browse: /Game/FirstPerson/Maps/Level1
[2015.12.09-16.44.52:551][591]LogLoad: LoadMap: /Game/FirstPerson/Maps/Level1
[2015.12.09-16.44.52:674][591]LogParticles: Destroying 0 GPU particle simulations for FXSystem 0x000000541C6847C0
[2015.12.09-16.44.52:675][591]Cmd: MEM
[2015.12.09-16.44.52:702][591]LogMemory: Platform Memory Stats for Windows
[2015.12.09-16.44.52:702][591]LogMemory: Process Physical Memory: 501.53 MB used, 512.03 MB peak
[2015.12.09-16.44.52:702][591]LogMemory: Process Virtual Memory: 390.47 MB used, 414.70 MB peak
[2015.12.09-16.44.52:702][591]LogMemory: Physical Memory: 4118.00 MB used, 8151.90 MB total
[2015.12.09-16.44.52:702][591]LogMemory: Virtual Memory: 1005.99 MB used, 134217728.00 MB total
[2015.12.09-16.44.52:702][591]LogMemory: 
[2015.12.09-16.44.52:702][591]Allocator Stats for TBB: (not implemented)
[2015.12.09-16.44.53:472][591]LogAIModule: Creating AISystem for world Level1
[2015.12.09-16.44.53:474][591]LogWorld: Game class is 'BrainGameMode'
[2015.12.09-16.44.53:493][591]LogWorld: Bringing World /Game/FirstPerson/Maps/UEDPIE_0_Level1.Level1 up for play (max tick rate 60) at 2015.12.09-11.44.53
[2015.12.09-16.44.53:493][591]LogActor:Warning: GameSession /Game/FirstPerson/Maps/UEDPIE_0_Level1.Level1:PersistentLevel.GameSession_1 has natively added scene component(s), but none of them were set as the actor's RootComponent - picking one arbitrarily
[2015.12.09-16.44.53:493][591]LogActor:Warning: GameNetworkManager /Game/FirstPerson/Maps/UEDPIE_0_Level1.Level1:PersistentLevel.GameNetworkManager_1 has natively added scene component(s), but none of them were set as the actor's RootComponent - picking one arbitrarily
[2015.12.09-16.44.53:494][591]LogWorld: Bringing up level for play took: 0.016059
[2015.12.09-16.44.53:864][591]LogAssetRegistry: ScanPathsSynchronous completed scanning '/Game/FirstPerson/Textures/Actions' to find 8 assets in 0.0202 seconds
[2015.12.09-16.44.58:686][814]LogWindowsTextInputMethodSystem:Display: IME system now deactivated.
[2015.12.09-16.44.58:686][814]LogWindowsTextInputMethodSystem:Display: IME system now deactivated.
[2015.12.09-16.45.13:448][550]LogTemp:Warning: Begin !
[2015.12.09-16.45.34:634][570]LogTemp:Warning: Begin !
[2015.12.09-16.45.37:709][722]LogTemp:Warning: Begin !
[2015.12.09-16.45.38:478][760]LogTemp:Warning: Begin !
[2015.12.09-16.45.38:678][770]LogTemp:Warning: End !
[2015.12.09-16.45.38:880][780]LogTemp:Warning: Begin !
[2015.12.09-16.45.38:994][785]LogTemp:Warning: End !
[2015.12.09-16.46.03:983][ 17]LogTemp:Warning: End !
[2015.12.09-16.46.11:401][384]LogTemp:Warning: Begin !
[2015.12.09-16.46.14:221][520]LogPackageName: SearchForPackageOnDisk took   0.096s to resolve Level2.umap
[2015.12.09-16.46.14:322][521]LogPackageName: SearchForPackageOnDisk took   0.091s to resolve Level2.umap
[2015.12.09-16.46.14:322][521]LogNet: Browse: /Game/FirstPerson/Maps/Level2
[2015.12.09-16.46.14:322][521]LogLoad: LoadMap: /Game/FirstPerson/Maps/Level2
[2015.12.09-16.46.14:344][521]LogParticles: Destroying 0 GPU particle simulations for FXSystem 0x000000541C6871A0
[2015.12.09-16.46.14:359][521]Cmd: MEM
[2015.12.09-16.46.14:388][521]LogMemory: Platform Memory Stats for Windows
[2015.12.09-16.46.14:389][521]LogMemory: Process Physical Memory: 567.76 MB used, 585.00 MB peak
[2015.12.09-16.46.14:389][521]LogMemory: Process Virtual Memory: 454.62 MB used, 472.87 MB peak
[2015.12.09-16.46.14:389][521]LogMemory: Physical Memory: 4157.89 MB used, 8151.90 MB total
[2015.12.09-16.46.14:389][521]LogMemory: Virtual Memory: 1062.16 MB used, 134217728.00 MB total
[2015.12.09-16.46.14:389][521]LogMemory: 
[2015.12.09-16.46.14:389][521]Allocator Stats for TBB: (not implemented)
[2015.12.09-16.46.14:935][521]LogAIModule: Creating AISystem for world Level2
[2015.12.09-16.46.14:937][521]LogWorld: Game class is 'BrainGameMode'
[2015.12.09-16.46.14:972][521]LogWorld: Bringing World /Game/FirstPerson/Maps/UEDPIE_0_Level2.Level2 up for play (max tick rate 60) at 2015.12.09-11.46.14
[2015.12.09-16.46.14:972][521]LogActor:Warning: GameSession /Game/FirstPerson/Maps/UEDPIE_0_Level2.Level2:PersistentLevel.GameSession_2 has natively added scene component(s), but none of them were set as the actor's RootComponent - picking one arbitrarily
[2015.12.09-16.46.14:973][521]LogActor:Warning: GameNetworkManager /Game/FirstPerson/Maps/UEDPIE_0_Level2.Level2:PersistentLevel.GameNetworkManager_2 has natively added scene component(s), but none of them were set as the actor's RootComponent - picking one arbitrarily
[2015.12.09-16.46.14:992][521]LogWorld: Bringing up level for play took: 0.052724
[2015.12.09-16.46.15:377][529]LogTemp:Warning: Begin !
[2015.12.09-16.46.15:377][529]LogTemp:Warning: Begin !
[2015.12.09-16.46.16:708][594]LogTemp:Warning: End !
[2015.12.09-16.46.16:708][594]LogTemp:Warning: End !
[2015.12.09-16.46.20:590][750]LogParticles: Destroying 0 GPU particle simulations for FXSystem 0x0000005421BC53A0
[2015.12.09-16.47.40:411][112]LogWindowsTextInputMethodSystem:Display: IME system now deactivated.
[2015.12.09-16.47.40:411][112]LogWindowsTextInputMethodSystem:Display: IME system now deactivated.
[2015.12.09-16.53.51:409][356]LogHotReload: New module detected: UE4Editor-Brain-8544-Win64-DebugGame.dll
[2015.12.09-16.53.53:091][362]LogHotReload: Starting Hot-Reload from IDE
[2015.12.09-16.53.53:094][362]LogD3D11RHI: InitD3DDevice
[2015.12.09-16.53.53:241][362]LogClass: EObserverEvent HotReload.
[2015.12.09-16.53.53:241][362]LogClass: EAction HotReload.
[2015.12.09-16.53.53:241][362]LogClass: ShearPlan HotReload.
[2015.12.09-16.53.53:241][362]LogClass: TransformationType HotReload.
[2015.12.09-16.53.53:241][362]LogClass: BrainCharacterSaveData HotReload.
[2015.12.09-16.53.53:241][362]LogClass: BrainCameraSaveData HotReload.
[2015.12.09-16.53.53:241][362]LogClass: BrainNIOSaveData HotReload.
[2015.12.09-16.53.53:241][362]LogClass: BrainTIOSaveData HotReload.
[2015.12.09-16.53.53:241][362]LogClass: BrainTransformSaveData HotReload.
[2015.12.09-16.53.53:241][362]LogClass: BrainSaveData HotReload.
[2015.12.09-16.53.53:241][362]LogClass: ObjectAction HotReload.
[2015.12.09-16.53.53:241][362]LogClass: Transformation HotReload.
[2015.12.09-16.53.53:271][362]LogHotReload: Re-instancing BrainSaveManager after hot-reload.
[2015.12.09-16.53.53:627][362]LogContentBrowser: Native class hierarchy updated for 'Brain' in 0.0079 seconds. Added 27 classes and 10 folders.
[2015.12.09-16.53.53:629][362]Warning: HotReload successful (52 functions remapped  8 scriptstructs remapped)
[2015.12.09-16.53.53:734][362]LogContentBrowser: Native class hierarchy populated in 0.0250 seconds. Added 1820 classes and 313 folders.
[2015.12.09-16.53.53:736][362]LogD3D11RHI: InitD3DDevice
[2015.12.09-16.57.48:413][ 66]LogHotReload: New module detected: UE4Editor-Brain-1038-Win64-DebugGame.dll
[2015.12.09-16.57.50:094][ 72]LogHotReload: Starting Hot-Reload from IDE
[2015.12.09-16.57.50:096][ 72]LogD3D11RHI: InitD3DDevice
[2015.12.09-16.57.50:460][ 72]LogClass: EObserverEvent HotReload.
[2015.12.09-16.57.50:460][ 72]LogClass: EAction HotReload.
[2015.12.09-16.57.50:460][ 72]LogClass: ShearPlan HotReload.
[2015.12.09-16.57.50:460][ 72]LogClass: TransformationType HotReload.
[2015.12.09-16.57.50:460][ 72]LogClass: BrainCharacterSaveData HotReload.
[2015.12.09-16.57.50:460][ 72]LogClass: BrainCameraSaveData HotReload.
[2015.12.09-16.57.50:460][ 72]LogClass: BrainNIOSaveData HotReload.
[2015.12.09-16.57.50:460][ 72]LogClass: BrainTIOSaveData HotReload.
[2015.12.09-16.57.50:460][ 72]LogClass: BrainTransformSaveData HotReload.
[2015.12.09-16.57.50:460][ 72]LogClass: BrainSaveData HotReload.
[2015.12.09-16.57.50:460][ 72]LogClass: ObjectAction HotReload.
[2015.12.09-16.57.50:460][ 72]LogClass: Transformation HotReload.
[2015.12.09-16.57.50:490][ 72]LogHotReload: Re-instancing BrainObserver after hot-reload.
[2015.12.09-16.57.50:558][ 72]LogContentBrowser: Native class hierarchy updated for 'Brain' in 0.0118 seconds. Added 27 classes and 10 folders.
[2015.12.09-16.57.50:560][ 72]Warning: HotReload successful (52 functions remapped  8 scriptstructs remapped)
[2015.12.09-16.57.50:623][ 72]LogContentBrowser: Native class hierarchy populated in 0.0257 seconds. Added 1820 classes and 313 folders.
[2015.12.09-16.57.50:625][ 72]LogD3D11RHI: InitD3DDevice
[2015.12.09-16.57.57:278][265]LogPlayLevel: PIE:  No blueprints needed recompiling
[2015.12.09-16.57.57:278][265]PIE: New page: PIE session: MainMenu (Dec 9, 2015, 6:57:57 AM)
[2015.12.09-16.57.57:279][265]LogPlayLevel: Creating play world package: /Game/FirstPerson/Maps/UEDPIE_0_MainMenu
[2015.12.09-16.57.57:281][265]LogPlayLevel: PIE: StaticDuplicateObject took: (0.000913s)
[2015.12.09-16.57.57:282][265]LogAIModule: Creating AISystem for world MainMenu
[2015.12.09-16.57.57:283][265]LogPlayLevel: PIE: World Init took: (0.002605s)
[2015.12.09-16.57.57:284][265]LogPlayLevel: PIE: Created PIE world by copying editor world from /Game/FirstPerson/Maps/MainMenu.MainMenu to /Game/FirstPerson/Maps/UEDPIE_0_MainMenu.MainMenu (0.004117s)
[2015.12.09-16.57.57:318][265]LogInit: XAudio2 using 'Casque (5- Périphérique High Definition Audio)' : 2 channels at 44.1 kHz using 16 bits per sample (channel mask 0x3)
[2015.12.09-16.57.57:335][265]LogInit: FAudioDevice initialized.
[2015.12.09-16.57.57:383][265]LogWorld: Game class is 'BrainGameMode'
[2015.12.09-16.57.57:389][265]LogWorld: Bringing World /Game/FirstPerson/Maps/UEDPIE_0_MainMenu.MainMenu up for play (max tick rate 60) at 2015.12.09-11.57.57
[2015.12.09-16.57.57:389][265]LogActor:Warning: GameSession /Game/FirstPerson/Maps/UEDPIE_0_MainMenu.MainMenu:PersistentLevel.GameSession_3 has natively added scene component(s), but none of them were set as the actor's RootComponent - picking one arbitrarily
[2015.12.09-16.57.57:390][265]LogActor:Warning: GameNetworkManager /Game/FirstPerson/Maps/UEDPIE_0_MainMenu.MainMenu:PersistentLevel.GameNetworkManager_3 has natively added scene component(s), but none of them were set as the actor's RootComponent - picking one arbitrarily
[2015.12.09-16.57.57:391][265]LogWorld: Bringing up level for play took: 0.002581
[2015.12.09-16.57.57:418][265]PIE: Info Play in editor start time for /Game/FirstPerson/Maps/UEDPIE_0_MainMenu 0.643
[2015.12.09-16.57.58:828][336]LogPackageName: SearchForPackageOnDisk took   0.121s to resolve Level1.umap
[2015.12.09-16.57.58:937][336]LogPackageName: SearchForPackageOnDisk took   0.108s to resolve Level1.umap
[2015.12.09-16.57.58:937][336]LogNet: Browse: /Game/FirstPerson/Maps/Level1
[2015.12.09-16.57.58:937][336]LogLoad: LoadMap: /Game/FirstPerson/Maps/Level1
[2015.12.09-16.57.58:964][336]LogParticles: Destroying 0 GPU particle simulations for FXSystem 0x0000005416B8E660
[2015.12.09-16.57.58:976][336]Cmd: MEM
[2015.12.09-16.57.59:006][336]LogMemory: Platform Memory Stats for Windows
[2015.12.09-16.57.59:006][336]LogMemory: Process Physical Memory: 565.94 MB used, 585.00 MB peak
[2015.12.09-16.57.59:006][336]LogMemory: Process Virtual Memory: 451.75 MB used, 472.87 MB peak
[2015.12.09-16.57.59:006][336]LogMemory: Physical Memory: 3593.95 MB used, 8151.90 MB total
[2015.12.09-16.57.59:006][336]LogMemory: Virtual Memory: 1062.41 MB used, 134217728.00 MB total
[2015.12.09-16.57.59:006][336]LogMemory: 
[2015.12.09-16.57.59:006][336]Allocator Stats for TBB: (not implemented)
[2015.12.09-16.57.59:196][336]LogAIModule: Creating AISystem for world Level1
[2015.12.09-16.57.59:198][336]LogWorld: Game class is 'BrainGameMode'
[2015.12.09-16.57.59:214][336]LogWorld: Bringing World /Game/FirstPerson/Maps/UEDPIE_0_Level1.Level1 up for play (max tick rate 60) at 2015.12.09-11.57.59
[2015.12.09-16.57.59:214][336]LogActor:Warning: GameSession /Game/FirstPerson/Maps/UEDPIE_0_Level1.Level1:PersistentLevel.GameSession_4 has natively added scene component(s), but none of them were set as the actor's RootComponent - picking one arbitrarily
[2015.12.09-16.57.59:214][336]LogActor:Warning: GameNetworkManager /Game/FirstPerson/Maps/UEDPIE_0_Level1.Level1:PersistentLevel.GameNetworkManager_4 has natively added scene component(s), but none of them were set as the actor's RootComponent - picking one arbitrarily
[2015.12.09-16.57.59:215][336]LogWorld: Bringing up level for play took: 0.014316
[2015.12.09-16.57.59:346][336]LogCrashTracker: 


[2015.12.09-16.58.38:469][336]LogCrashTracker: 


[2015.12.09-16.58.38:470][336]LogWindows: === Critical error: ===
Fatal error!

Unhandled Exception: EXCEPTION_ACCESS_VIOLATION reading address 0x00000050

UE4Editor-Core.dll!scalable_msize() {0x00007ffba1ee765c} + 7 bytes [d:\perforce\pitbull-tburnsvs2013\ue4\engine\source\thirdparty
UE4Editor-Core.dll!FMallocTBB::Realloc() {0x00007ffba1c198b3} + 8 bytes [d:\buildfarm\buildmachine_++depot+ue4-releases+4.8\engine\sou
UE4Editor-Core.dll!FHeapAllocator::ForAnyElementType::ResizeAllocation() {0x00007ffba1b90535} + 15 bytes [d:\buildfarm\buildmachine_++depot+ue4-releases+4.8\engine\sou
UE4Editor-Brain-1038-Win64-DebugGame.dll!TArray<TSparseArrayElementOrFreeListLink<TAlignedBytes<32,8> >,FDefaultAllocator>::AddUninitialized() {0x00007ffb8f19d05c} + 0 bytes [c:\program files\epic games\4.8\engine\source\runtime\core\pu
UE4Editor-Brain-1038-Win64-DebugGame.dll!TSparseArray<TSetElement<TPair<FString,bool> >,TSparseArrayAllocator<FDefaultAllocator,FDefaultBitArrayAllocator> >::AddUninitialized() {0x00007ffb8f19d124} + 18 bytes [c:\program files\epic games\4.8\engine\source\runtime\core\pu
UE4Editor-Brain-1038-Win64-DebugGame.dll!TSet<TPair<FString,bool>,TDefaultMapKeyFuncs<FString,bool,0>,FDefaultSetAllocator>::Emplace<TPairInitializer<FString & __ptr64,bool && __ptr64> >() {0x00007ffb8f19c13c} + 0 bytes [c:\program files\epic games\4.8\engine\source\runtime\core\pu
UE4Editor-Brain-1038-Win64-DebugGame.dll!TMapBase<FString,bool,FDefaultSetAllocator,TDefaultMapKeyFuncs<FString,bool,0> >::Emplace<FString & __ptr64,bool>() {0x00007ffb8f19c0a1} + 0 bytes [c:\program files\epic games\4.8\engine\source\runtime\core\pu
UE4Editor-Brain-1038-Win64-DebugGame.dll!UBrainObserver::Notify() {0x00007ffb8f19e564} + 0 bytes [c:\users\sullivan\documents\brain-new\source\brain\brainobser
UE4Editor-Brain-1038-Win64-DebugGame.dll!UBrainObservable::NotifyAll() {0x00007ffb8f19ad16} + 463 bytes [c:\users\sullivan\documents\brain-new\source\brain\brainobser
UE4Editor-Brain-1038-Win64-DebugGame.dll!UBrainObservable::BeginPlay() {0x00007ffb8f19a512} + 0 bytes [c:\users\sullivan\documents\brain-new\source\brain\brainobser
UE4Editor-Engine.dll!AActor::BeginPlay() {0x00007ffb9eab806c} + 0 bytes [d:\buildfarm\buildmachine_++depot+ue4-releases+4.8\engine\sou
UE4Editor-Engine.dll!AWorldSettings::NotifyBeginPlay() {0x00007ffb9f37b07b} + 0 bytes [d:\buildfarm\buildmachine_++depot+ue4-releases+4.8\engine\sou
UE4Editor-Engine.dll!AGameMode::HandleMatchHasStarted() {0x00007ffb9ecd4f14} + 0 bytes [d:\buildfarm\buildmachine_++depot+ue4-releases+4.8\engine\sou
UE4Editor-Engine.dll!AGameMode::SetMatchState() {0x00007ffb9ecf240d} + 9 bytes [d:\buildfarm\buildmachine_++depot+ue4-releases+4.8\engine\sou
UE4Editor-Engine.dll!AGameMode::StartMatch() {0x00007ffb9ecf64d3} + 0 bytes [d:\buildfarm\buildmachine_++depot+ue4-releases+4.8\engine\sou
UE4Editor-Engine.dll!UWorld::BeginPlay() {0x00007ffb9f35551e} + 0 bytes [d:\buildfarm\buildmachine_++depot+ue4-releases+4.8\engine\sou
UE4Editor-Engine.dll!UEngine::LoadMap() {0x00007ffb9f2fddd8} + 0 bytes [d:\buildfarm\buildmachine_++depot+ue4-releases+4.8\engine\sou
UE4Editor-Engine.dll!UEngine::Browse() {0x00007ffb9f2ac1d2} + 40 bytes [d:\buildfarm\buildmachine_++depot+ue4-releases+4.8\engine\sou
UE4Editor-Engine.dll!UEngine::TickWorldTravel() {0x00007ffb9f3250b1} + 65 bytes [d:\buildfarm\buildmachine_++depot+ue4-releases+4.8\engine\sou
UE4Editor-UnrealEd.dll!UEditorEngine::Tick() {0x00007ffb9cc56abd} + 0 bytes [d:\buildfarm\buildmachine_++depot+ue4-releases+4.8\engine\sou
UE4Editor-UnrealEd.dll!UUnrealEdEngine::Tick() {0x00007ffb9d1187d6} + 0 bytes [d:\buildfarm\buildmachine_++depot+ue4-releases+4.8\engine\sou
UE4Editor.exe!FEngineLoop::Tick() {0x00007ff65bb942d1} + 0 bytes [d:\buildfarm\buildmachine_++depot+ue4-releases+4.8\engine\sou
UE4Editor.exe!GuardedMain() {0x00007ff65bb849cc} + 0 bytes [d:\buildfarm\buildmachine_++depot+ue4-releases+4.8\engine\sou
UE4Editor.exe!GuardedMainWrapper() {0x00007ff65bb84a4a} + 5 bytes [d:\buildfarm\buildmachine_++depot+ue4-releases+4.8\engine\sou
UE4Editor.exe!WinMain() {0x00007ff65bb965c9} + 17 bytes [d:\buildfarm\buildmachine_++depot+ue4-releases+4.8\engine\sou
UE4Editor.exe!__tmainCRTStartup() {0x00007ff65bb975d9} + 21 bytes [f:\dd\vctools\crt\crtw32\dllstuff\crtexe.c:618]
KERNEL32.DLL {0x00007ffbcd0013d2} + 0 bytes
ntdll.dll {0x00007ffbcd325454} + 0 bytes
ntdll.dll {0x00007ffbcd325454} + 0 bytes

