[2015.09.07-14.11.22:756][  0]Log file open, 09/07/15 10:11:22
[2015.09.07-14.11.22:756][  0]LogInit:Display: Running engine for game: Brain
[2015.09.07-14.11.22:756][  0]LogInit:Display: RandInit(1160275061) SRandInit(1160275062).
[2015.09.07-14.11.22:756][  0]LogTaskGraph: Started task graph with 4 named threads and 7 total threads.
[2015.09.07-14.11.22:756][  0]LogStats: Stats thread started
[2015.09.07-14.11.22:756][  0]LogInit: Version: 4.8.3-2634408+++depot+UE4-Releases+4.8
[2015.09.07-14.11.22:756][  0]LogInit: API Version: 2579680
[2015.09.07-14.11.22:756][  0]LogInit: Compiled (64-bit): Jul 27 2015 16:24:33
[2015.09.07-14.11.22:756][  0]LogInit: Compiled with Visual C++: 18.00.21005.01
[2015.09.07-14.11.22:756][  0]LogInit: Build Configuration: Development
[2015.09.07-14.11.22:756][  0]LogInit: Branch Name: ++depot+UE4-Releases+4.8
[2015.09.07-14.11.22:756][  0]LogInit: Command line: 
[2015.09.07-14.11.22:756][  0]LogInit: Base directory: C:/Program Files/Epic Games/4.8/Engine/Binaries/Win64/
[2015.09.07-14.11.22:756][  0]LogInit: Rocket: 1
[2015.09.07-14.11.22:776][  0]LogInit: Using libcurl 7.41.0
[2015.09.07-14.11.22:776][  0]LogInit:  - built for x86_64-pc-win32
[2015.09.07-14.11.22:776][  0]LogInit:  - supports SSL with WinSSL
[2015.09.07-14.11.22:776][  0]LogInit:  - other features:
[2015.09.07-14.11.22:776][  0]LogInit:      CURL_VERSION_SSL
[2015.09.07-14.11.22:776][  0]LogInit:      CURL_VERSION_IPV6
[2015.09.07-14.11.22:786][  0]LogInit:      CURL_VERSION_ASYNCHDNS
[2015.09.07-14.11.22:786][  0]LogInit:      CURL_VERSION_LARGEFILE
[2015.09.07-14.11.22:786][  0]LogInit:      CURL_VERSION_IDN
[2015.09.07-14.11.22:786][  0]LogInit:  CurlRequestOptions (configurable via config and command line):
[2015.09.07-14.11.22:786][  0]LogInit:  - bVerifyPeer = true  - Libcurl will verify peer certificate
[2015.09.07-14.11.22:786][  0]LogInit:  - bUseHttpProxy = false  - Libcurl will NOT use HTTP proxy
[2015.09.07-14.11.22:786][  0]LogInit:  - bDontReuseConnections = false  - Libcurl will reuse connections
[2015.09.07-14.11.22:786][  0]LogInit:  - CertBundlePath = nullptr  - Libcurl will use whatever was configured at build time.
[2015.09.07-14.11.22:796][  0]LogOnline:Warning: No default platform service specified for OnlineSubsystem
[2015.09.07-14.11.22:836][  0]LogInit: Presizing for 0 objects not considered by GC, pre-allocating 0 bytes.
[2015.09.07-14.11.22:836][  0]LogInit: Object subsystem initialized
[2015.09.07-14.11.22:836][  0]LogConsoleResponse:Warning: Skipping Unknown console variable: 'TranslucentSortAxis = (X=0.000000,Y=-1.000000,Z=0.000000)'
[2015.09.07-14.11.22:836][  0]LogConsoleResponse:Warning:   Found in ini file 'C:/Users/frederic/Documents/Unreal Projects/Brain/Saved/Config/Windows/Engine.ini', in section '[/Script/Engine.RendererSettings]'
[2015.09.07-14.11.22:846][  0]LogConsoleResponse:Warning: Skipping Unknown console variable: 'UIScaleRule = ShortestSide'
[2015.09.07-14.11.22:846][  0]LogConsoleResponse:Warning:   Found in ini file 'C:/Users/frederic/Documents/Unreal Projects/Brain/Saved/Config/Windows/Engine.ini', in section '[/Script/Engine.RendererSettings]'
[2015.09.07-14.11.22:846][  0]LogConsoleResponse:Warning: Skipping Unknown console variable: 'UIScaleCurve = (EditorCurveData=(Keys=),ExternalCurve=None)'
[2015.09.07-14.11.22:846][  0]LogConsoleResponse:Warning:   Found in ini file 'C:/Users/frederic/Documents/Unreal Projects/Brain/Saved/Config/Windows/Engine.ini', in section '[/Script/Engine.RendererSettings]'
[2015.09.07-14.11.22:846][  0]LogInit: Selected Device Profile: [Windows]
[2015.09.07-14.11.22:846][  0]LogInit: Applying CVar settings loaded from the selected device profile: [Windows]
[2015.09.07-14.11.22:846][  0]LogInit: Computer: FREDERIC-PC
[2015.09.07-14.11.22:846][  0]LogInit: User: frederic
[2015.09.07-14.11.22:846][  0]LogInit: CPU Page size=4096, Cores=4
[2015.09.07-14.11.22:846][  0]LogInit: High frequency timer resolution =3.331259 MHz
[2015.09.07-14.11.22:846][  0]LogMemory: Memory total: Physical=15.9GB (16GB approx)
[2015.09.07-14.11.22:846][  0]LogMemory: Platform Memory Stats for Windows
[2015.09.07-14.11.22:846][  0]LogMemory: Process Physical Memory: 52.66 MB used, 52.66 MB peak
[2015.09.07-14.11.22:856][  0]LogMemory: Process Virtual Memory: 24.52 MB used, 28.42 MB peak
[2015.09.07-14.11.22:856][  0]LogMemory: Physical Memory: 6744.38 MB used, 16288.39 MB total
[2015.09.07-14.11.22:856][  0]LogMemory: Virtual Memory: 282.93 MB used, 8388608.00 MB total
[2015.09.07-14.11.22:930][  0]LogTextLocalizationManager: The requested culture ('fr_CA') has no localization data; falling back to 'en' for localization and internationalization data.
[2015.09.07-14.11.23:137][  0]LogTextLocalizationManager:Warning: Loaded localization resources contain conflicting entries for (Namespace:ContentBrowser, Key:ImportAssetToolTip):
Localization Resource: (C:/Program Files/Epic Games/4.8/Engine/Content/Localization/Editor/en/Editor.locres) Source String Hash: (-630476809) Localized String: (Import to {0}...)
Localization Resource: (C:/Program Files/Epic Games/4.8/Engine/Content/Localization/Editor/en/Editor.locres) Source String Hash: (1271782899) Localized String: (Imports an asset from file to this folder.)
[2015.09.07-14.11.23:606][  0]LogD3D11RHI: Found D3D11 adapter 0: NVIDIA GeForce GTX 970 (Feature Level 11_0)
[2015.09.07-14.11.23:606][  0]LogD3D11RHI: Adapter has 4008MB of dedicated video memory, 0MB of dedicated system memory, and 7888MB of shared system memory, 1 output[s]
[2015.09.07-14.11.23:615][  0]LogD3D11RHI: Found D3D11 adapter 1: Intel(R) HD Graphics 3000 (Feature Level 10_0)
[2015.09.07-14.11.23:615][  0]LogD3D11RHI: Adapter has 64MB of dedicated video memory, 0MB of dedicated system memory, and 1632MB of shared system memory, 0 output[s]
[2015.09.07-14.11.23:616][  0]LogD3D11RHI: Chosen D3D11 Adapter Id = 0
[2015.09.07-14.11.23:620][  0]LogD3D11RHI: InitD3DDevice
[2015.09.07-14.11.23:620][  0]LogD3D11RHI: !Direct3DDevice
[2015.09.07-14.11.23:620][  0]LogRHI: Texture pool is 1361 MB (70% of 1945 MB)
[2015.09.07-14.11.23:662][  0]LogD3D11RHI: Async texture creation enabled
[2015.09.07-14.11.23:677][  0]LogShaderCompilers:Display: Using Local Shader Compiler.
[2015.09.07-14.11.24:496][  0]LogTemp:Display: Loaded TP DesktopTargetPlatform
[2015.09.07-14.11.24:518][  0]LogTemp:Display: Loaded TP WindowsClientTargetPlatform
[2015.09.07-14.11.24:541][  0]LogTemp:Display: Loaded TP WindowsNoEditorTargetPlatform
[2015.09.07-14.11.24:563][  0]LogTemp:Display: Loaded TP WindowsServerTargetPlatform
[2015.09.07-14.11.24:587][  0]LogTemp:Display: Loaded TP WindowsTargetPlatform
[2015.09.07-14.11.24:604][  0]LogTemp:Display: Loaded TP AndroidTargetPlatform
[2015.09.07-14.11.24:622][  0]LogTemp:Display: Loaded TP Android_ASTCTargetPlatform
[2015.09.07-14.11.24:638][  0]LogTemp:Display: Loaded TP Android_ATCTargetPlatform
[2015.09.07-14.11.24:658][  0]LogTemp:Display: Loaded TP Android_DXTTargetPlatform
[2015.09.07-14.11.24:677][  0]LogTemp:Display: Loaded TP Android_ETC1TargetPlatform
[2015.09.07-14.11.24:696][  0]LogTemp:Display: Loaded TP Android_ETC2TargetPlatform
[2015.09.07-14.11.24:715][  0]LogTemp:Display: Loaded TP Android_PVRTCTargetPlatform
[2015.09.07-14.11.24:786][  0]LogTemp:Display: Loaded TP IOSTargetPlatform
[2015.09.07-14.11.24:801][  0]LogTemp:Display: Loaded TP LinuxNoEditorTargetPlatform
[2015.09.07-14.11.24:817][  0]LogTemp:Display: Loaded TP LinuxServerTargetPlatform
[2015.09.07-14.11.24:835][  0]LogTemp:Display: Loaded TP LinuxTargetPlatform
[2015.09.07-14.11.24:835][  0]LogTargetPlatformManager:Display: Building Assets For Windows
[2015.09.07-14.11.25:143][  0]LogDerivedDataCache:Display: Max Cache Size: 512 MB
[2015.09.07-14.11.25:203][  0]LogDerivedDataCache: Loaded boot cache 0.06s 84MB C:/Users/frederic/AppData/Local/UnrealEngine/4.8/DerivedDataCache/Boot.ddc.
[2015.09.07-14.11.25:204][  0]LogDerivedDataCache:Display: Loaded Boot cache: C:/Users/frederic/AppData/Local/UnrealEngine/4.8/DerivedDataCache/Boot.ddc
[2015.09.07-14.11.25:205][  0]LogDerivedDataCache: FDerivedDataBackendGraph:  Pak pak cache file ../../../../../../Users/frederic/Documents/Unreal Projects/Brain/DerivedDataCache/DDC.ddp not found, will not use a pak cache.
[2015.09.07-14.11.25:205][  0]LogDerivedDataCache: Unable to find inner node Pak for hierarchical cache Hierarchy.
[2015.09.07-14.11.25:205][  0]LogDerivedDataCache: FDerivedDataBackendGraph:  CompressedPak pak cache file ../../../../../../Users/frederic/Documents/Unreal Projects/Brain/DerivedDataCache/Compressed.ddp not found, will not use a pak cache.
[2015.09.07-14.11.25:205][  0]LogDerivedDataCache: Unable to find inner node CompressedPak for hierarchical cache Hierarchy.
[2015.09.07-14.11.25:351][  0]LogDerivedDataCache:Display: Pak cache opened for reading ../../../Engine/DerivedDataCache/Compressed.ddp.
[2015.09.07-14.11.25:363][  0]LogDerivedDataCache: Using Local data cache path C:/Users/frederic/AppData/Local/UnrealEngine/Common/DerivedDataCache: Writable
[2015.09.07-14.11.25:573][  0]LogInit: Selected Device Profile: [Windows]
[2015.09.07-14.11.25:580][  0]ImportText (ComponentSweepMultiTests): Missing closing parenthesis: (RootShapeAsset="/Engine/BasicShapes/Cube.Cube",ShapeType="TriggerCapsule",HitResult=(Time=0.50,Location=(X=-100.000015,Y=0.0,Z=100.000015),ImpactPoint=(X=-50.0,Y=0.0,Z=50.0),Normal=(X=-1.0,Y=-0.0,Z=0.0),ImpactNormal=(X=0.0,Y=0.0,Z=1.0),TraceStart=(X=-200.0,Y=0.0,Z=200.0),TraceEnd=(X=0.0,Y=0.0,Z=0.0))
[2015.09.07-14.11.25:581][  0]ImportText (LineTraceSingleByChannelTests): Missing closing parenthesis: (RootShapeAsset="/Engine/BasicShapes/Cube.Cube",HitResult=(Time=0.50,Location=(X=-100.000015,Y=0.0,Z=100.000015),ImpactPoint=(X=-50.0,Y=0.0,Z=50.0),Normal=(X=-1.0,Y=-0.0,Z=0.0),ImpactNormal=(X=0.0,Y=0.0,Z=1.0),TraceStart=(X=-200.0,Y=0.0,Z=200.0),TraceEnd=(X=0.0,Y=0.0,Z=0.0))
[2015.09.07-14.11.25:618][  0]LogMeshUtilities: No automatic mesh reduction module available
[2015.09.07-14.11.25:619][  0]LogMeshUtilities: No automatic mesh merging module available
[2015.09.07-14.11.26:027][  0]LogInit: WinSock: version 1.1 (2.2), MaxSocks=32767, MaxUdp=65467
[2015.09.07-14.11.27:212][  0]UdpMessaging: Initializing bridge on interface 0.0.0.0:0 to multicast group 230.0.0.1:6666.
[2015.09.07-14.11.28:002][  0]SourceControl: Info Source control is disabled
[2015.09.07-14.11.28:024][  0]SourceControl: Info Source control is disabled
[2015.09.07-14.11.28:043][  0]SourceControl: Info Source control is disabled
[2015.09.07-14.11.28:064][  0]SourceControl: Info Source control is disabled
[2015.09.07-14.11.28:385][  0]LogObj: 31152 objects as part of root set at end of initial load.
[2015.09.07-14.11.28:386][  0]LogUObjectAllocator: 7101040 out of 0 bytes used by permanent object pool.
[2015.09.07-14.11.28:473][  0]LogEngine: Initializing Engine...
[2015.09.07-14.11.28:476][  0]LogHMD: Can't find Oculus library dev build: is proper Runtime installed? Version: 0.6.0.0
[2015.09.07-14.11.28:480][  0]LogHMD:Warning: SteamVR failed to initialize.  Error: 110
[2015.09.07-14.11.28:641][  0]LogAIModule: Creating AISystem for world NewWorld
[2015.09.07-14.11.28:653][  0]LogInit: XAudio2 using 'Haut-parleurs (C-Media USB Audio Device   )' : 2 channels at 44.1 kHz using 16 bits per sample (channel mask 0x3)
[2015.09.07-14.11.28:663][  0]LogInit: FAudioDevice initialized.
[2015.09.07-14.11.28:694][  0]LogDerivedDataCache: Saved boot cache 0.03s 60MB C:/Users/frederic/AppData/Local/UnrealEngine/4.8/DerivedDataCache/Boot.ddc.
[2015.09.07-14.11.28:703][  0]LogInit: Texture streaming: Disabled
[2015.09.07-14.11.28:735][  0]LogAnalytics: Creating configured Analytics provider AnalyticsET
[2015.09.07-14.11.28:736][  0]LogAnalytics: [UEEditor.Rocket.Release] APIServer = http://et2.epicgames.com/ET2/. AppVersion = 4.8.3-2634408+++depot+UE4-Releases+4.8
[2015.09.07-14.11.28:736][  0]LogAnalytics: [UEEditor.Rocket.Release] SetUserId c8da8d664a36a98701fe659c10ae4ff8|70626fa7f476448fb82ad9618fbbb1ab|00e7fb16-00c3-4af4-a2a1-2cc8013aae38
[2015.09.07-14.11.28:736][  0]LogAnalytics: [UEEditor.Rocket.Release] AnalyticsET::StartSession
[2015.09.07-14.11.28:768][  0]LogInit: Transaction tracking system initialized
[2015.09.07-14.11.28:975][  0]BlueprintLog: New page: Editor Load
[2015.09.07-14.11.29:019][  0]LogAssetRegistry: FAssetRegistry took 0.0102 seconds to start up
[2015.09.07-14.11.29:020][  0]LogDirectoryWatcher:Warning: Failed to begin reading directory changes for ../../../Engine/Plugins/Experimental/CharacterAI/Content/. Error: 0
[2015.09.07-14.11.30:013][  0]LogConsoleManager:Warning: Console variable 'r.VSync' wasn't set ('GameSetting' has a lower priority than 'SystemSettingsIni')
[2015.09.07-14.11.30:014][  0]LogConsoleResponse:Display: 
[2015.09.07-14.11.30:111][  0]LogCook:Display: Done creating registry. It took  0.00s.
[2015.09.07-14.11.30:374][  0]SourceControl: Info Source control is disabled
[2015.09.07-14.11.30:375][  0]Cmd: MAP LOAD FILE="../../../../../../Users/frederic/Documents/Unreal Projects/Brain/Content/FirstPerson/Maps/FirstPersonExampleMap.umap" TEMPLATE=0 SHOWPROGRESS=1 FEATURELEVEL=3
[2015.09.07-14.11.30:376][  0]LightingResults: New page: Lighting Build
[2015.09.07-14.11.30:390][  0]MapCheck: New page: Map Check
[2015.09.07-14.11.30:391][  0]LightingResults: New page: Lighting Build
[2015.09.07-14.11.30:401][  0]LogParticles: Destroying 0 GPU particle simulations for FXSystem 0x000000001F5409A0
[2015.09.07-14.11.31:023][  0]LogAIModule: Creating AISystem for world FirstPersonExampleMap
[2015.09.07-14.11.31:031][  0]LogEditorServer: Finished looking for orphan Actors (0.000 secs)
[2015.09.07-14.11.32:058][  0]Cmd: MAP CHECKDEP NOCLEARLOG
[2015.09.07-14.11.32:097][  0]MapCheck: Info Map check complete: 0 Error(s), 0 Warning(s), took 37.921ms to complete.
[2015.09.07-14.11.32:098][  0]LogFileHelpers: Loading map 'FirstPersonExampleMap' took 1.723
[2015.09.07-14.11.32:222][  0]LogCollectionManager: Loaded 0 collections in 0.002189 seconds
[2015.09.07-14.11.32:230][  0]LogContentBrowser: Native class hierarchy populated in 0.0077 seconds. Added 1798 classes and 303 folders.
[2015.09.07-14.11.32:304][  0]LogContentBrowser: Native class hierarchy updated for 'WidgetCarousel' in 0.0018 seconds. Added 0 classes and 0 folders.
[2015.09.07-14.11.32:344][  0]LogContentBrowser: Native class hierarchy updated for 'AddContentDialog' in 0.0017 seconds. Added 0 classes and 0 folders.
[2015.09.07-14.11.32:376][  0]LogContentBrowser: Native class hierarchy updated for 'SceneOutliner' in 0.0017 seconds. Added 1 classes and 2 folders.
[2015.09.07-14.11.32:433][  0]LogCrashTracker: Crashtracker disabled due to settings.
[2015.09.07-14.11.32:435][  0]LogD3D11RHI: InitD3DDevice
[2015.09.07-14.11.32:438][  0]LogUObjectGlobals:Warning: Failed to find object 'Class None.'
[2015.09.07-14.11.32:460][  0]LogLoad: Full Startup: 11.63 seconds (BP compile: 0.24 seconds)
[2015.09.07-14.11.32:524][  0]LogContentStreaming: Texture pool size is 0.000000MB
[2015.09.07-14.11.32:562][  0]LogContentStreaming: Texture pool size now 1000 MB
[2015.09.07-14.11.32:675][  0]LogRenderer: Reallocating scene render targets to support 1208x560 (Frame:2).
[2015.09.07-14.11.33:117][  6]LogAssetRegistry: Asset discovery search completed in 4.1085 seconds
[2015.09.07-14.11.34:761][192]LogD3D11RHI: InitD3DDevice
[2015.09.07-14.11.35:256][248]LogPlayLevel: PIE:  No blueprints needed recompiling
[2015.09.07-14.11.35:258][248]PIE: New page: PIE session: FirstPersonExampleMap (Sep 7, 2015, 6:11:35 AM)
[2015.09.07-14.11.35:259][248]LogPlayLevel: Creating play world package: /Game/FirstPerson/Maps/UEDPIE_0_FirstPersonExampleMap
[2015.09.07-14.11.35:277][248]LogPlayLevel: PIE: StaticDuplicateObject took: (0.017267s)
[2015.09.07-14.11.35:279][248]LogAIModule: Creating AISystem for world FirstPersonExampleMap
[2015.09.07-14.11.35:280][248]LogPlayLevel: PIE: World Init took: (0.002193s)
[2015.09.07-14.11.35:281][248]LogPlayLevel: PIE: Created PIE world by copying editor world from /Game/FirstPerson/Maps/FirstPersonExampleMap.FirstPersonExampleMap to /Game/FirstPerson/Maps/UEDPIE_0_FirstPersonExampleMap.FirstPersonExampleMap (0.021801s)
[2015.09.07-14.11.35:281][248]LogActorComponent: UnregisterComponent: (/Engine/Transient.CharMoveComp) Not registered. Aborting.
[2015.09.07-14.11.35:323][248]LogInit: XAudio2 using 'Haut-parleurs (C-Media USB Audio Device   )' : 2 channels at 44.1 kHz using 16 bits per sample (channel mask 0x3)
[2015.09.07-14.11.35:330][248]LogInit: FAudioDevice initialized.
[2015.09.07-14.11.35:386][248]LogWorld: Game class is 'BrainGameMode'
[2015.09.07-14.11.35:402][248]LogWorld: Bringing World /Game/FirstPerson/Maps/UEDPIE_0_FirstPersonExampleMap.FirstPersonExampleMap up for play (max tick rate 0) at 2015.09.07-10.11.35
[2015.09.07-14.11.35:403][248]LogActor:Warning: GameSession /Game/FirstPerson/Maps/UEDPIE_0_FirstPersonExampleMap.FirstPersonExampleMap:PersistentLevel.GameSession_0 has natively added scene component(s), but none of them were set as the actor's RootComponent - picking one arbitrarily
[2015.09.07-14.11.35:404][248]LogActor:Warning: GameNetworkManager /Game/FirstPerson/Maps/UEDPIE_0_FirstPersonExampleMap.FirstPersonExampleMap:PersistentLevel.GameNetworkManager_0 has natively added scene component(s), but none of them were set as the actor's RootComponent - picking one arbitrarily
[2015.09.07-14.11.35:405][248]LogWorld: Bringing up level for play took: 0.013653
[2015.09.07-14.11.35:412][248]PIE: Info Play in editor start time for /Game/FirstPerson/Maps/UEDPIE_0_FirstPersonExampleMap -0.064
[2015.09.07-14.11.46:365][544]LogParticles: Destroying 0 GPU particle simulations for FXSystem 0x000000002E4A54E0
[2015.09.07-14.11.53:843][426]LogEditorViewport: Clicking on Actor (LMB): PlayerStart (PlayerStart)
[2015.09.07-14.11.55:062][569]LogEditorViewport: Clicking on Actor (LMB): PlayerStart (NetworkPlayerStart)
[2015.09.07-14.11.59:046][ 45]Cmd: DELETE
[2015.09.07-14.11.59:047][ 45]Cmd: ACTOR DELETE
[2015.09.07-14.11.59:049][ 45]LogEditorActor: Deleted Actor: PlayerStart
[2015.09.07-14.11.59:066][ 45]LogEditorActor: Deleted 1 Actors (0.019 secs)
[2015.09.07-14.12.00:877][262]LogD3D11RHI: InitD3DDevice
[2015.09.07-14.12.03:029][262]LogSavePackage: Save=2120.232422ms
[2015.09.07-14.12.03:029][262]LogSavePackage: Moving '../../../../../../Users/frederic/Documents/Unreal Projects/Brain/Saved/FirstPersonExampleMapE79F86544E2A3C6DDCCD398B1F2001F6.tmp' to '../../../../../../Users/frederic/Documents/Unreal Projects/Brain/Content/FirstPerson/Maps/FirstPersonExampleMap.umap'
[2015.09.07-14.12.04:242][403]LogPlayLevel: PIE:  No blueprints needed recompiling
[2015.09.07-14.12.04:243][403]PIE: New page: PIE session: FirstPersonExampleMap (Sep 7, 2015, 6:12:04 AM)
[2015.09.07-14.12.04:244][403]LogPlayLevel: Creating play world package: /Game/FirstPerson/Maps/UEDPIE_0_FirstPersonExampleMap
[2015.09.07-14.12.04:262][403]LogPlayLevel: PIE: StaticDuplicateObject took: (0.017541s)
[2015.09.07-14.12.04:263][403]LogAIModule: Creating AISystem for world FirstPersonExampleMap
[2015.09.07-14.12.04:264][403]LogPlayLevel: PIE: World Init took: (0.001495s)
[2015.09.07-14.12.04:264][403]LogPlayLevel: PIE: Created PIE world by copying editor world from /Game/FirstPerson/Maps/FirstPersonExampleMap.FirstPersonExampleMap to /Game/FirstPerson/Maps/UEDPIE_0_FirstPersonExampleMap.FirstPersonExampleMap (0.020675s)
[2015.09.07-14.12.04:293][403]LogInit: XAudio2 using 'Haut-parleurs (C-Media USB Audio Device   )' : 2 channels at 44.1 kHz using 16 bits per sample (channel mask 0x3)
[2015.09.07-14.12.04:300][403]LogInit: FAudioDevice initialized.
[2015.09.07-14.12.04:333][403]LogWorld: Game class is 'BrainGameMode'
[2015.09.07-14.12.04:339][403]LogWorld: Bringing World /Game/FirstPerson/Maps/UEDPIE_0_FirstPersonExampleMap.FirstPersonExampleMap up for play (max tick rate 0) at 2015.09.07-10.12.04
[2015.09.07-14.12.04:340][403]LogActor:Warning: GameSession /Game/FirstPerson/Maps/UEDPIE_0_FirstPersonExampleMap.FirstPersonExampleMap:PersistentLevel.GameSession_1 has natively added scene component(s), but none of them were set as the actor's RootComponent - picking one arbitrarily
[2015.09.07-14.12.04:340][403]LogActor:Warning: GameNetworkManager /Game/FirstPerson/Maps/UEDPIE_0_FirstPersonExampleMap.FirstPersonExampleMap:PersistentLevel.GameNetworkManager_1 has natively added scene component(s), but none of them were set as the actor's RootComponent - picking one arbitrarily
[2015.09.07-14.12.04:341][403]LogWorld: Bringing up level for play took: 0.005812
[2015.09.07-14.12.04:344][403]PIE: Info Play in editor start time for /Game/FirstPerson/Maps/UEDPIE_0_FirstPersonExampleMap 0.867
[2015.09.07-14.12.09:143][958]LogParticles: Destroying 0 GPU particle simulations for FXSystem 0x00000000146C0A40
[2015.09.07-14.12.12:439][330]LogEditorViewport: Clicking on Actor (LMB): PlayerStart (PlayerStart)
[2015.09.07-14.12.14:780][606]LogD3D11RHI: InitD3DDevice
[2015.09.07-14.12.16:402][606]LogSavePackage: Save=1594.640991ms
[2015.09.07-14.12.16:402][606]LogSavePackage: Moving '../../../../../../Users/frederic/Documents/Unreal Projects/Brain/Saved/FirstPersonExampleMap285C264547506D2CF9F11E911A66E063.tmp' to '../../../../../../Users/frederic/Documents/Unreal Projects/Brain/Content/FirstPerson/Maps/FirstPersonExampleMap.umap'
[2015.09.07-14.12.20:190][ 21]Cmd: QUIT_EDITOR
[2015.09.07-14.12.20:405][ 21]LogExit: Preparing to exit.
[2015.09.07-14.12.21:322][ 21]LogExit: Editor shut down
[2015.09.07-14.12.21:323][ 21]LogExit: Transaction tracking system shut down
[2015.09.07-14.12.21:324][ 21]LogParticles: Destroying 0 GPU particle simulations for FXSystem 0x000000000FA63100
[2015.09.07-14.12.21:325][ 21]LogParticles: Destroying 0 GPU particle simulations for FXSystem 0x000000001C59CB80
[2015.09.07-14.12.21:326][ 21]LogParticles: Destroying 0 GPU particle simulations for FXSystem 0x000000004A327240
[2015.09.07-14.12.21:500][ 21]LogExit: Object subsystem successfully closed.
[2015.09.07-14.12.21:513][ 21]LogD3D11RHI: Shutdown
[2015.09.07-14.12.21:513][ 21]LogD3D11RHI: CleanupD3DDevice
[2015.09.07-14.12.21:819][ 21]LogD3D11RHI: ~FD3D11DynamicRHI
[2015.09.07-14.12.21:835][ 21]LogModuleManager: Shutting down and abandoning module CrashTracker (189)
[2015.09.07-14.12.21:835][ 21]LogModuleManager: Shutting down and abandoning module SceneOutliner (188)
[2015.09.07-14.12.21:835][ 21]LogModuleManager: Shutting down and abandoning module SuperSearch (187)
[2015.09.07-14.12.21:836][ 21]LogModuleManager: Shutting down and abandoning module WidgetCarousel (186)
[2015.09.07-14.12.21:836][ 21]LogModuleManager: Shutting down and abandoning module AddContentDialog (185)
[2015.09.07-14.12.21:837][ 21]LogModuleManager: Shutting down and abandoning module EditorWidgets (184)
[2015.09.07-14.12.21:837][ 21]LogModuleManager: Shutting down and abandoning module CollectionManager (183)
[2015.09.07-14.12.21:837][ 21]LogModuleManager: Shutting down and abandoning module StatsViewer (182)
[2015.09.07-14.12.21:838][ 21]LogModuleManager: Shutting down and abandoning module FoliageEdit (181)
[2015.09.07-14.12.21:838][ 21]LogModuleManager: Shutting down and abandoning module LandscapeEditor (180)
[2015.09.07-14.12.21:838][ 21]LogModuleManager: Shutting down and abandoning module ActorPickerMode (179)
[2015.09.07-14.12.21:838][ 21]LogModuleManager: Shutting down and abandoning module GeometryMode (178)
[2015.09.07-14.12.21:839][ 21]LogModuleManager: Shutting down and abandoning module TextureAlignMode (177)
[2015.09.07-14.12.21:839][ 21]LogModuleManager: Shutting down and abandoning module BspMode (176)
[2015.09.07-14.12.21:839][ 21]LogModuleManager: Shutting down and abandoning module PlacementMode (175)
[2015.09.07-14.12.21:839][ 21]LogModuleManager: Shutting down and abandoning module AutomationWorker (174)
[2015.09.07-14.12.21:839][ 21]LogModuleManager: Shutting down and abandoning module CharacterAI (173)
[2015.09.07-14.12.21:840][ 21]LogModuleManager: Shutting down and abandoning module SmartSnapping (172)
[2015.09.07-14.12.21:840][ 21]LogModuleManager: Shutting down and abandoning module ViewportSnapping (171)
[2015.09.07-14.12.21:840][ 21]LogModuleManager: Shutting down and abandoning module LogVisualizer (170)
[2015.09.07-14.12.21:840][ 21]LogModuleManager: Shutting down and abandoning module GameProjectGeneration (169)
[2015.09.07-14.12.21:841][ 21]LogModuleManager: Shutting down and abandoning module IntroTutorials (168)
[2015.09.07-14.12.21:841][ 21]LogModuleManager: Shutting down and abandoning module EditorLiveStreaming (167)
[2015.09.07-14.12.21:841][ 21]LogModuleManager: Shutting down and abandoning module IOSPlatformEditor (166)
[2015.09.07-14.12.21:841][ 21]LogModuleManager: Shutting down and abandoning module HTML5PlatformEditor (165)
[2015.09.07-14.12.21:842][ 21]LogModuleManager: Shutting down and abandoning module AndroidDeviceDetection (164)
[2015.09.07-14.12.22:746][ 21]LogModuleManager: Shutting down and abandoning module AndroidPlatformEditor (163)
[2015.09.07-14.12.22:747][ 21]LogModuleManager: Shutting down and abandoning module IOSRuntimeSettings (162)
[2015.09.07-14.12.22:747][ 21]LogModuleManager: Shutting down and abandoning module AndroidRuntimeSettings (161)
[2015.09.07-14.12.22:747][ 21]LogModuleManager: Shutting down and abandoning module MergeActors (160)
[2015.09.07-14.12.22:748][ 21]LogModuleManager: Shutting down and abandoning module SizeMap (159)
[2015.09.07-14.12.22:748][ 21]LogModuleManager: Shutting down and abandoning module TreeMap (158)
[2015.09.07-14.12.22:748][ 21]LogModuleManager: Shutting down and abandoning module ReferenceViewer (157)
[2015.09.07-14.12.22:748][ 21]LogModuleManager: Shutting down and abandoning module LocalizationDashboard (156)
[2015.09.07-14.12.22:748][ 21]LogModuleManager: Shutting down and abandoning module HardwareTargeting (155)
[2015.09.07-14.12.22:749][ 21]LogModuleManager: Shutting down and abandoning module DeviceProfileEditor (154)
[2015.09.07-14.12.22:749][ 21]LogModuleManager: Shutting down and abandoning module UndoHistory (153)
[2015.09.07-14.12.22:749][ 21]LogModuleManager: Shutting down and abandoning module GameplayTagsEditor (152)
[2015.09.07-14.12.22:749][ 21]LogModuleManager: Shutting down and abandoning module UserFeedback (151)
[2015.09.07-14.12.22:750][ 21]LogModuleManager: Shutting down and abandoning module XmlParser (150)
[2015.09.07-14.12.22:750][ 21]LogModuleManager: Shutting down and abandoning module Blutility (149)
[2015.09.07-14.12.22:750][ 21]LogModuleManager: Shutting down and abandoning module ProjectTargetPlatformEditor (148)
[2015.09.07-14.12.22:750][ 21]LogModuleManager: Shutting down and abandoning module ProjectSettingsViewer (147)
[2015.09.07-14.12.22:751][ 21]LogModuleManager: Shutting down and abandoning module InputBindingEditor (146)
[2015.09.07-14.12.22:751][ 21]LogModuleManager: Shutting down and abandoning module EditorSettingsViewer (145)
[2015.09.07-14.12.22:751][ 21]LogModuleManager: Shutting down and abandoning module SettingsEditor (144)
[2015.09.07-14.12.22:751][ 21]LogModuleManager: Shutting down and abandoning module ProjectLauncher (143)
[2015.09.07-14.12.22:752][ 21]LogModuleManager: Shutting down and abandoning module SessionFrontend (142)
[2015.09.07-14.12.22:752][ 21]LogModuleManager: Shutting down and abandoning module ProfilerClient (141)
[2015.09.07-14.12.22:752][ 21]LogModuleManager: Shutting down and abandoning module TargetDeviceServices (140)
[2015.09.07-14.12.22:752][ 21]LogModuleManager: Shutting down and abandoning module DeviceManager (139)
[2015.09.07-14.12.22:753][ 21]LogModuleManager: Shutting down and abandoning module AutomationController (138)
[2015.09.07-14.12.22:753][ 21]LogModuleManager: Shutting down and abandoning module AutomationWindow (137)
[2015.09.07-14.12.22:753][ 21]LogModuleManager: Shutting down and abandoning module Layers (136)
[2015.09.07-14.12.22:753][ 21]LogModuleManager: Shutting down and abandoning module ComponentVisualizers (135)
[2015.09.07-14.12.22:754][ 21]LogModuleManager: Shutting down and abandoning module DetailCustomizations (134)
[2015.09.07-14.12.22:754][ 21]LogModuleManager: Shutting down and abandoning module PackagesDialog (133)
[2015.09.07-14.12.22:754][ 21]LogModuleManager: Shutting down and abandoning module AssetRegistry (132)
[2015.09.07-14.12.22:822][ 21]LogModuleManager: Shutting down and abandoning module Persona (131)
[2015.09.07-14.12.22:823][ 21]LogModuleManager: Shutting down and abandoning module Kismet (130)
[2015.09.07-14.12.22:823][ 21]LogModuleManager: Shutting down and abandoning module GraphEditor (129)
[2015.09.07-14.12.22:823][ 21]LogModuleManager: Shutting down and abandoning module ClassViewer (128)
[2015.09.07-14.12.22:823][ 21]LogModuleManager: Shutting down and abandoning module Toolbox (127)
[2015.09.07-14.12.22:824][ 21]LogModuleManager: Shutting down and abandoning module ModuleUI (126)
[2015.09.07-14.12.22:824][ 21]LogModuleManager: Shutting down and abandoning module MovieSceneTools (125)
[2015.09.07-14.12.22:824][ 21]LogModuleManager: Shutting down and abandoning module OutputLog (124)
[2015.09.07-14.12.22:824][ 21]LogModuleManager: Shutting down and abandoning module GammaUI (123)
[2015.09.07-14.12.22:825][ 21]LogModuleManager: Shutting down and abandoning module Documentation (122)
[2015.09.07-14.12.22:825][ 21]LogModuleManager: Shutting down and abandoning module GameLiveStreaming (121)
[2015.09.07-14.12.22:825][ 21]LogModuleManager: Shutting down and abandoning module StreamingPauseRendering (120)
[2015.09.07-14.12.22:825][ 21]LogModuleManager: Shutting down and abandoning module AnalyticsET (119)
[2015.09.07-14.12.22:826][ 21]LogModuleManager: Shutting down and abandoning module Analytics (118)
[2015.09.07-14.12.22:826][ 21]LogModuleManager: Shutting down and abandoning module AITestSuite (117)
[2015.09.07-14.12.22:826][ 21]LogModuleManager: Shutting down and abandoning module GameplayDebugger (116)
[2015.09.07-14.12.22:826][ 21]LogModuleManager: Shutting down and abandoning module AIModule (115)
[2015.09.07-14.12.22:827][ 21]LogModuleManager: Shutting down and abandoning module ProfilerService (114)
[2015.09.07-14.12.22:945][ 21]LogModuleManager: Shutting down and abandoning module TaskGraph (113)
[2015.09.07-14.12.22:945][ 21]LogModuleManager: Shutting down and abandoning module SlateRemote (112)
[2015.09.07-14.12.22:945][ 21]LogModuleManager: Shutting down and abandoning module SteamVRController (111)
[2015.09.07-14.12.22:946][ 21]LogModuleManager: Shutting down and abandoning module SteamVR (110)
[2015.09.07-14.12.22:946][ 21]LogModuleManager: Shutting down and abandoning module ProceduralMeshComponent (109)
[2015.09.07-14.12.22:946][ 21]LogModuleManager: Shutting down and abandoning module OculusRift (108)
[2015.09.07-14.12.22:946][ 21]LogModuleManager: Shutting down and abandoning module LeapMotionController (107)
[2015.09.07-14.12.22:955][ 21]LogModuleManager: Shutting down and abandoning module CustomMeshComponent (106)
[2015.09.07-14.12.22:955][ 21]LogModuleManager: Shutting down and abandoning module CableComponent (105)
[2015.09.07-14.12.22:956][ 21]LogModuleManager: Shutting down and abandoning module MessagingDebugger (104)
[2015.09.07-14.12.22:956][ 21]LogModuleManager: Shutting down and abandoning module MediaPlayerEditor (103)
[2015.09.07-14.12.22:956][ 21]LogModuleManager: Shutting down and abandoning module SpeedTreeImporter (102)
[2015.09.07-14.12.22:956][ 21]LogModuleManager: Shutting down and abandoning module PluginBrowser (101)
[2015.09.07-14.12.22:957][ 21]LogModuleManager: Shutting down and abandoning module EpicSurvey (100)
[2015.09.07-14.12.22:957][ 21]LogModuleManager: Shutting down and abandoning module DesktopPlatform (99)
[2015.09.07-14.12.22:957][ 21]LogModuleManager: Shutting down and abandoning module VisualStudioSourceCodeAccess (98)
[2015.09.07-14.12.22:957][ 21]LogModuleManager: Shutting down and abandoning module UObjectPlugin (97)
[2015.09.07-14.12.22:957][ 21]LogModuleManager: Shutting down and abandoning module SubversionSourceControl (96)
[2015.09.07-14.12.22:958][ 21]LogModuleManager: Shutting down and abandoning module PerforceSourceControl (95)
[2015.09.07-14.12.22:958][ 21]LogModuleManager: Shutting down and abandoning module SourceControl (94)
[2015.09.07-14.12.22:958][ 21]LogModuleManager: Shutting down and abandoning module GitSourceControl (93)
[2015.09.07-14.12.22:958][ 21]LogModuleManager: Shutting down and abandoning module BlankPlugin (92)
[2015.09.07-14.12.22:959][ 21]LogModuleManager: Shutting down and abandoning module PaperTiledImporter (91)
[2015.09.07-14.12.22:959][ 21]LogModuleManager: Shutting down and abandoning module PaperSpriteSheetImporter (90)
[2015.09.07-14.12.22:959][ 21]LogModuleManager: Shutting down and abandoning module MeshPaint (89)
[2015.09.07-14.12.22:959][ 21]LogModuleManager: Shutting down and abandoning module SlateReflector (88)
[2015.09.07-14.12.22:960][ 21]LogModuleManager: Shutting down and abandoning module DirectoryWatcher (87)
[2015.09.07-14.12.22:960][ 21]LogModuleManager: Shutting down and abandoning module HotReload (86)
[2015.09.07-14.12.22:960][ 21]LogModuleManager: Shutting down and abandoning module MainFrame (85)
[2015.09.07-14.12.22:961][ 21]LogModuleManager: Shutting down and abandoning module LevelEditor (84)
[2015.09.07-14.12.22:962][ 21]LogModuleManager: Shutting down and abandoning module ContentBrowser (83)
[2015.09.07-14.12.22:962][ 21]LogModuleManager: Shutting down and abandoning module Paper2DEditor (82)
[2015.09.07-14.12.22:963][ 21]LogModuleManager: Shutting down and abandoning module Brain (81)
[2015.09.07-14.12.22:963][ 21]LogModuleManager: Shutting down and abandoning module UdpMessaging (80)
[2015.09.07-14.12.23:063][ 21]LogModuleManager: Shutting down and abandoning module Paper2D (79)
[2015.09.07-14.12.23:063][ 21]LogModuleManager: Shutting down and abandoning module WindowsMoviePlayer (78)
[2015.09.07-14.12.23:069][ 21]LogModuleManager: Shutting down and abandoning module Media (77)
[2015.09.07-14.12.23:070][ 21]LogModuleManager: Shutting down and abandoning module WmfMedia (76)
[2015.09.07-14.12.23:072][ 21]LogModuleManager: Shutting down and abandoning module OnlineBlueprintSupport (75)
[2015.09.07-14.12.23:072][ 21]LogModuleManager: Shutting down and abandoning module PropertyEditor (74)
[2015.09.07-14.12.23:074][ 21]LogModuleManager: Shutting down and abandoning module BehaviorTreeEditor (73)
[2015.09.07-14.12.23:074][ 21]LogModuleManager: Shutting down and abandoning module FunctionalTesting (72)
[2015.09.07-14.12.23:075][ 21]LogModuleManager: Shutting down and abandoning module CollisionAnalyzer (71)
[2015.09.07-14.12.23:125][ 21]LogModuleManager: Shutting down and abandoning module WorkspaceMenuStructure (70)
[2015.09.07-14.12.23:125][ 21]LogModuleManager: Shutting down and abandoning module MessageLog (69)
[2015.09.07-14.12.23:126][ 21]LogModuleManager: Shutting down and abandoning module Sequencer (68)
[2015.09.07-14.12.23:126][ 21]LogModuleManager: Shutting down and abandoning module AssetTools (67)
[2015.09.07-14.12.23:126][ 21]LogModuleManager: Shutting down and abandoning module UMGEditor (66)
[2015.09.07-14.12.23:126][ 21]LogModuleManager: Shutting down and abandoning module UMG (65)
[2015.09.07-14.12.23:127][ 21]LogModuleManager: Shutting down and abandoning module Slate (64)
[2015.09.07-14.12.23:127][ 21]LogModuleManager: Shutting down and abandoning module EditorStyle (63)
[2015.09.07-14.12.23:129][ 21]LogModuleManager: Shutting down and abandoning module SessionServices (62)
[2015.09.07-14.12.23:130][ 21]LogModuleManager: Shutting down and abandoning module SourceCodeAccess (61)
[2015.09.07-14.12.23:130][ 21]LogModuleManager: Shutting down and abandoning module HeadMountedDisplay (60)
[2015.09.07-14.12.23:130][ 21]LogModuleManager: Shutting down and abandoning module XAudio2 (59)
[2015.09.07-14.12.23:130][ 21]LogModuleManager: Shutting down and abandoning module Networking (57)
[2015.09.07-14.12.23:130][ 21]LogModuleManager: Shutting down and abandoning module Core (56)
[2015.09.07-14.12.23:131][ 21]LogModuleManager: Shutting down and abandoning module KismetCompiler (55)
[2015.09.07-14.12.23:131][ 21]LogModuleManager: Shutting down and abandoning module PhysXFormats (54)
[2015.09.07-14.12.23:131][ 21]LogModuleManager: Shutting down and abandoning module MeshUtilities (53)
[2015.09.07-14.12.23:131][ 21]LogModuleManager: Shutting down and abandoning module DerivedDataCache (52)
[2015.09.07-14.12.23:375][ 21]LogDerivedDataCache: Shutdown
[2015.09.07-14.12.23:376][ 21]LogModuleManager: Shutting down and abandoning module ShaderFormatOpenGL (51)
[2015.09.07-14.12.23:377][ 21]LogModuleManager: Shutting down and abandoning module ShaderFormatD3D (50)
[2015.09.07-14.12.23:378][ 21]LogModuleManager: Shutting down and abandoning module MetalShaderFormat (49)
[2015.09.07-14.12.23:378][ 21]LogModuleManager: Shutting down and abandoning module TextureFormatUncompressed (48)
[2015.09.07-14.12.23:379][ 21]LogModuleManager: Shutting down and abandoning module TextureFormatPVR (47)
[2015.09.07-14.12.23:379][ 21]LogModuleManager: Shutting down and abandoning module TextureFormatIntelISPCTexComp (46)
[2015.09.07-14.12.23:380][ 21]LogModuleManager: Shutting down and abandoning module TextureFormatDXT (45)
[2015.09.07-14.12.23:380][ 21]LogModuleManager: Shutting down and abandoning module ImageWrapper (44)
[2015.09.07-14.12.23:381][ 21]LogModuleManager: Shutting down and abandoning module TextureFormatASTC (43)
[2015.09.07-14.12.23:381][ 21]LogModuleManager: Shutting down and abandoning module TextureFormatAndroid (42)
[2015.09.07-14.12.23:382][ 21]LogModuleManager: Shutting down and abandoning module AudioFormatOpus (41)
[2015.09.07-14.12.23:382][ 21]LogModuleManager: Shutting down and abandoning module AudioFormatOgg (40)
[2015.09.07-14.12.23:383][ 21]LogModuleManager: Shutting down and abandoning module AudioFormatADPCM (39)
[2015.09.07-14.12.23:383][ 21]LogModuleManager: Shutting down and abandoning module LinuxTargetPlatform (38)
[2015.09.07-14.12.23:384][ 21]LogModuleManager: Shutting down and abandoning module LinuxServerTargetPlatform (37)
[2015.09.07-14.12.23:384][ 21]LogModuleManager: Shutting down and abandoning module LinuxNoEditorTargetPlatform (36)
[2015.09.07-14.12.23:385][ 21]LogModuleManager: Shutting down and abandoning module Messaging (35)
[2015.09.07-14.12.23:386][ 21]LogModuleManager: Shutting down and abandoning module IOSTargetPlatform (34)
[2015.09.07-14.12.23:386][ 21]LogModuleManager: Shutting down and abandoning module HTML5TargetPlatform (33)
[2015.09.07-14.12.23:387][ 21]LogModuleManager: Shutting down and abandoning module Android_PVRTCTargetPlatform (32)
[2015.09.07-14.12.23:387][ 21]LogModuleManager: Shutting down and abandoning module Android_ETC2TargetPlatform (31)
[2015.09.07-14.12.23:388][ 21]LogModuleManager: Shutting down and abandoning module Android_ETC1TargetPlatform (30)
[2015.09.07-14.12.23:388][ 21]LogModuleManager: Shutting down and abandoning module Android_DXTTargetPlatform (29)
[2015.09.07-14.12.23:388][ 21]LogModuleManager: Shutting down and abandoning module Android_ATCTargetPlatform (28)
[2015.09.07-14.12.23:389][ 21]LogModuleManager: Shutting down and abandoning module Android_ASTCTargetPlatform (27)
[2015.09.07-14.12.23:389][ 21]LogModuleManager: Shutting down and abandoning module AndroidTargetPlatform (26)
[2015.09.07-14.12.23:390][ 21]LogModuleManager: Shutting down and abandoning module WindowsTargetPlatform (25)
[2015.09.07-14.12.23:391][ 21]LogModuleManager: Shutting down and abandoning module WindowsServerTargetPlatform (24)
[2015.09.07-14.12.23:391][ 21]LogModuleManager: Shutting down and abandoning module WindowsNoEditorTargetPlatform (23)
[2015.09.07-14.12.23:391][ 21]LogModuleManager: Shutting down and abandoning module WindowsClientTargetPlatform (22)
[2015.09.07-14.12.23:391][ 21]LogModuleManager: Shutting down and abandoning module DesktopTargetPlatform (21)
[2015.09.07-14.12.23:391][ 21]LogModuleManager: Shutting down and abandoning module TargetPlatform (20)
[2015.09.07-14.12.23:392][ 21]LogModuleManager: Shutting down and abandoning module InputCore (19)
[2015.09.07-14.12.23:392][ 21]LogModuleManager: Shutting down and abandoning module Settings (18)
[2015.09.07-14.12.23:392][ 21]LogModuleManager: Shutting down and abandoning module OnlineSubsystem (16)
[2015.09.07-14.12.23:392][ 21]LogModuleManager: Shutting down and abandoning module HTTP (15)
[2015.09.07-14.12.23:393][ 21]LogModuleManager: Shutting down and abandoning module ExampleDeviceProfileSelector (14)
[2015.09.07-14.12.23:393][ 21]LogModuleManager: Shutting down and abandoning module TextureCompressor (13)
[2015.09.07-14.12.23:394][ 21]LogModuleManager: Shutting down and abandoning module ShaderCore (12)
[2015.09.07-14.12.23:394][ 21]LogModuleManager: Shutting down and abandoning module Landscape (11)
[2015.09.07-14.12.23:394][ 21]LogModuleManager: Shutting down and abandoning module SlateRHIRenderer (10)
[2015.09.07-14.12.23:396][ 21]LogModuleManager: Shutting down and abandoning module OpenGLDrv (9)
[2015.09.07-14.12.23:396][ 21]LogModuleManager: Shutting down and abandoning module D3D11RHI (8)
[2015.09.07-14.12.23:396][ 21]LogModuleManager: Shutting down and abandoning module Renderer (7)
[2015.09.07-14.12.23:397][ 21]LogModuleManager: Shutting down and abandoning module Engine (6)
[2015.09.07-14.12.23:397][ 21]LogModuleManager: Shutting down and abandoning module CoreUObject (5)
[2015.09.07-14.12.23:397][ 21]LogModuleManager: Shutting down and abandoning module NetworkFile (4)
[2015.09.07-14.12.23:397][ 21]LogModuleManager: Shutting down and abandoning module StreamingFile (3)
[2015.09.07-14.12.23:397][ 21]LogModuleManager: Shutting down and abandoning module SandboxFile (2)
[2015.09.07-14.12.23:398][ 21]LogModuleManager: Shutting down and abandoning module PakFile (1)
[2015.09.07-14.12.23:400][ 21]LogExit: Exiting.
[2015.09.07-14.12.23:402][ 21]Log file closed, 09/07/15 10:12:23
