[2015.12.09-04.24.31:917][  0]Log file open, 12/08/15 23:24:31
[2015.12.09-04.24.31:917][  0]LogInit:Display: Running engine for game: Brain
[2015.12.09-04.24.31:917][  0]LogInit:Display: RandInit(-1124378766) SRandInit(-1124378765).
[2015.12.09-04.24.31:917][  0]LogTaskGraph: Started task graph with 4 named threads and 7 total threads.
[2015.12.09-04.24.31:917][  0]LogStats: Stats thread started
[2015.12.09-04.24.31:917][  0]LogInit: Version: 4.8.3-2634408+++depot+UE4-Releases+4.8
[2015.12.09-04.24.31:917][  0]LogInit: API Version: 2579680
[2015.12.09-04.24.31:917][  0]LogInit: Compiled (64-bit): Jul 27 2015 16:24:33
[2015.12.09-04.24.31:917][  0]LogInit: Compiled with Visual C++: 18.00.21005.01
[2015.12.09-04.24.31:917][  0]LogInit: Build Configuration: Development
[2015.12.09-04.24.31:917][  0]LogInit: Branch Name: ++depot+UE4-Releases+4.8
[2015.12.09-04.24.31:917][  0]LogInit: Command line:  
[2015.12.09-04.24.31:917][  0]LogInit: Base directory: C:/Program Files/Epic Games/4.8/Engine/Binaries/Win64/
[2015.12.09-04.24.31:917][  0]LogInit: Rocket: 1
[2015.12.09-04.24.31:938][  0]LogInit: Using libcurl 7.41.0
[2015.12.09-04.24.31:938][  0]LogInit:  - built for x86_64-pc-win32
[2015.12.09-04.24.31:938][  0]LogInit:  - supports SSL with WinSSL
[2015.12.09-04.24.31:938][  0]LogInit:  - other features:
[2015.12.09-04.24.31:938][  0]LogInit:      CURL_VERSION_SSL
[2015.12.09-04.24.31:938][  0]LogInit:      CURL_VERSION_IPV6
[2015.12.09-04.24.31:938][  0]LogInit:      CURL_VERSION_ASYNCHDNS
[2015.12.09-04.24.31:938][  0]LogInit:      CURL_VERSION_LARGEFILE
[2015.12.09-04.24.31:938][  0]LogInit:      CURL_VERSION_IDN
[2015.12.09-04.24.31:938][  0]LogInit:  CurlRequestOptions (configurable via config and command line):
[2015.12.09-04.24.31:938][  0]LogInit:  - bVerifyPeer = true  - Libcurl will verify peer certificate
[2015.12.09-04.24.31:938][  0]LogInit:  - bUseHttpProxy = false  - Libcurl will NOT use HTTP proxy
[2015.12.09-04.24.31:938][  0]LogInit:  - bDontReuseConnections = false  - Libcurl will reuse connections
[2015.12.09-04.24.31:939][  0]LogInit:  - CertBundlePath = nullptr  - Libcurl will use whatever was configured at build time.
[2015.12.09-04.24.31:957][  0]LogOnline:Warning: No default platform service specified for OnlineSubsystem
[2015.12.09-04.24.31:984][  0]LogInit: Presizing for 0 objects not considered by GC, pre-allocating 0 bytes.
[2015.12.09-04.24.32:001][  0]LogInit: Object subsystem initialized
[2015.12.09-04.24.32:002][  0]LogConsoleResponse:Warning: Skipping Unknown console variable: 'TranslucentSortAxis = (X=0.000000,Y=-1.000000,Z=0.000000)'
[2015.12.09-04.24.32:002][  0]LogConsoleResponse:Warning:   Found in ini file 'C:/Users/Sullivan/Documents/Brain-new/Saved/Config/Windows/Engine.ini', in section '[/Script/Engine.RendererSettings]'
[2015.12.09-04.24.32:002][  0]LogConsoleResponse:Warning: Skipping Unknown console variable: 'UIScaleRule = ShortestSide'
[2015.12.09-04.24.32:002][  0]LogConsoleResponse:Warning:   Found in ini file 'C:/Users/Sullivan/Documents/Brain-new/Saved/Config/Windows/Engine.ini', in section '[/Script/Engine.RendererSettings]'
[2015.12.09-04.24.32:002][  0]LogConsoleResponse:Warning: Skipping Unknown console variable: 'UIScaleCurve = (EditorCurveData=(Keys=),ExternalCurve=None)'
[2015.12.09-04.24.32:002][  0]LogConsoleResponse:Warning:   Found in ini file 'C:/Users/Sullivan/Documents/Brain-new/Saved/Config/Windows/Engine.ini', in section '[/Script/Engine.RendererSettings]'
[2015.12.09-04.24.32:004][  0]LogInit: Selected Device Profile: [Windows]
[2015.12.09-04.24.32:004][  0]LogInit: Applying CVar settings loaded from the selected device profile: [Windows]
[2015.12.09-04.24.32:273][  0]LogInit: Computer: SULLI
[2015.12.09-04.24.32:273][  0]LogInit: User: Sullivan
[2015.12.09-04.24.32:273][  0]LogInit: CPU Page size=4096, Cores=4
[2015.12.09-04.24.32:273][  0]LogInit: High frequency timer resolution =2.241004 MHz
[2015.12.09-04.24.32:273][  0]LogMemory: Memory total: Physical=8.0GB (8GB approx)
[2015.12.09-04.24.32:273][  0]LogMemory: Platform Memory Stats for Windows
[2015.12.09-04.24.32:273][  0]LogMemory: Process Physical Memory: 47.92 MB used, 47.92 MB peak
[2015.12.09-04.24.32:273][  0]LogMemory: Process Virtual Memory: 22.45 MB used, 22.48 MB peak
[2015.12.09-04.24.32:273][  0]LogMemory: Physical Memory: 3291.22 MB used, 8151.90 MB total
[2015.12.09-04.24.32:273][  0]LogMemory: Virtual Memory: 298.19 MB used, 134217728.00 MB total
[2015.12.09-04.24.32:315][  0]LogTextLocalizationManager: The requested culture ('fr_FR') has no localization data; falling back to 'en' for localization and internationalization data.
[2015.12.09-04.24.32:654][  0]LogTextLocalizationManager:Warning: Loaded localization resources contain conflicting entries for (Namespace:ContentBrowser, Key:ImportAssetToolTip):
Localization Resource: (C:/Program Files/Epic Games/4.8/Engine/Content/Localization/Editor/en/Editor.locres) Source String Hash: (-630476809) Localized String: (Import to {0}...)
Localization Resource: (C:/Program Files/Epic Games/4.8/Engine/Content/Localization/Editor/en/Editor.locres) Source String Hash: (1271782899) Localized String: (Imports an asset from file to this folder.)
[2015.12.09-04.24.33:391][  0]LogD3D11RHI: Found D3D11 adapter 0: NVIDIA GeForce GTX 670M (Feature Level 11_0)
[2015.12.09-04.24.33:391][  0]LogD3D11RHI: Adapter has 3003MB of dedicated video memory, 0MB of dedicated system memory, and 4075MB of shared system memory, 1 output[s]
[2015.12.09-04.24.33:392][  0]LogD3D11RHI: Found D3D11 adapter 1: Microsoft Basic Render Driver (Feature Level 11_0)
[2015.12.09-04.24.33:392][  0]LogD3D11RHI: Adapter has 0MB of dedicated video memory, 0MB of dedicated system memory, and 256MB of shared system memory, 0 output[s]
[2015.12.09-04.24.33:392][  0]LogD3D11RHI: Chosen D3D11 Adapter Id = 0
[2015.12.09-04.24.33:396][  0]LogD3D11RHI: InitD3DDevice
[2015.12.09-04.24.33:396][  0]LogD3D11RHI: !Direct3DDevice
[2015.12.09-04.24.33:396][  0]LogRHI: Texture pool is 1361 MB (70% of 1945 MB)
[2015.12.09-04.24.33:406][  0]LogD3D11RHI: Async texture creation enabled
[2015.12.09-04.24.33:427][  0]LogShaderCompilers:Display: Using Local Shader Compiler.
[2015.12.09-04.24.34:709][  0]LogTemp:Display: Loaded TP DesktopTargetPlatform
[2015.12.09-04.24.34:733][  0]LogTemp:Display: Loaded TP WindowsClientTargetPlatform
[2015.12.09-04.24.34:757][  0]LogTemp:Display: Loaded TP WindowsNoEditorTargetPlatform
[2015.12.09-04.24.34:783][  0]LogTemp:Display: Loaded TP WindowsServerTargetPlatform
[2015.12.09-04.24.34:809][  0]LogTemp:Display: Loaded TP WindowsTargetPlatform
[2015.12.09-04.24.34:835][  0]LogTemp:Display: Loaded TP AndroidTargetPlatform
[2015.12.09-04.24.34:856][  0]LogTemp:Display: Loaded TP Android_ASTCTargetPlatform
[2015.12.09-04.24.34:876][  0]LogTemp:Display: Loaded TP Android_ATCTargetPlatform
[2015.12.09-04.24.34:895][  0]LogTemp:Display: Loaded TP Android_DXTTargetPlatform
[2015.12.09-04.24.34:914][  0]LogTemp:Display: Loaded TP Android_ETC1TargetPlatform
[2015.12.09-04.24.34:935][  0]LogTemp:Display: Loaded TP Android_ETC2TargetPlatform
[2015.12.09-04.24.34:956][  0]LogTemp:Display: Loaded TP Android_PVRTCTargetPlatform
[2015.12.09-04.24.35:039][  0]LogTemp:Display: Loaded TP IOSTargetPlatform
[2015.12.09-04.24.35:058][  0]LogTemp:Display: Loaded TP LinuxNoEditorTargetPlatform
[2015.12.09-04.24.35:083][  0]LogTemp:Display: Loaded TP LinuxServerTargetPlatform
[2015.12.09-04.24.35:113][  0]LogTemp:Display: Loaded TP LinuxTargetPlatform
[2015.12.09-04.24.35:113][  0]LogTargetPlatformManager:Display: Building Assets For Windows
[2015.12.09-04.24.35:478][  0]LogDerivedDataCache:Display: Max Cache Size: 512 MB
[2015.12.09-04.24.36:709][  0]LogDerivedDataCache: Loaded boot cache 1.23s 60MB C:/Users/Sullivan/AppData/Local/UnrealEngine/4.8/DerivedDataCache/Boot.ddc.
[2015.12.09-04.24.36:709][  0]LogDerivedDataCache:Display: Loaded Boot cache: C:/Users/Sullivan/AppData/Local/UnrealEngine/4.8/DerivedDataCache/Boot.ddc
[2015.12.09-04.24.36:709][  0]LogDerivedDataCache: FDerivedDataBackendGraph:  Pak pak cache file ../../../../../../Users/Sullivan/Documents/Brain-new/DerivedDataCache/DDC.ddp not found, will not use a pak cache.
[2015.12.09-04.24.36:710][  0]LogDerivedDataCache: Unable to find inner node Pak for hierarchical cache Hierarchy.
[2015.12.09-04.24.36:710][  0]LogDerivedDataCache: FDerivedDataBackendGraph:  CompressedPak pak cache file ../../../../../../Users/Sullivan/Documents/Brain-new/DerivedDataCache/Compressed.ddp not found, will not use a pak cache.
[2015.12.09-04.24.36:710][  0]LogDerivedDataCache: Unable to find inner node CompressedPak for hierarchical cache Hierarchy.
[2015.12.09-04.24.36:960][  0]LogDerivedDataCache:Display: Pak cache opened for reading ../../../Engine/DerivedDataCache/Compressed.ddp.
[2015.12.09-04.24.36:972][  0]LogDerivedDataCache: Using Local data cache path C:/Users/Sullivan/AppData/Local/UnrealEngine/Common/DerivedDataCache: Writable
[2015.12.09-04.24.37:323][  0]LogCollisionProfile:Warning: Profile (Trigger) - Custom Channel Name = 'Projectile' hasn't been found
[2015.12.09-04.24.37:363][  0]LogInit: Selected Device Profile: [Windows]
[2015.12.09-04.24.37:529][  0]ImportText (ComponentSweepMultiTests): Missing closing parenthesis: (RootShapeAsset="/Engine/BasicShapes/Cube.Cube",ShapeType="TriggerCapsule",HitResult=(Time=0.50,Location=(X=-100.000015,Y=0.0,Z=100.000015),ImpactPoint=(X=-50.0,Y=0.0,Z=50.0),Normal=(X=-1.0,Y=-0.0,Z=0.0),ImpactNormal=(X=0.0,Y=0.0,Z=1.0),TraceStart=(X=-200.0,Y=0.0,Z=200.0),TraceEnd=(X=0.0,Y=0.0,Z=0.0))
[2015.12.09-04.24.37:530][  0]ImportText (LineTraceSingleByChannelTests): Missing closing parenthesis: (RootShapeAsset="/Engine/BasicShapes/Cube.Cube",HitResult=(Time=0.50,Location=(X=-100.000015,Y=0.0,Z=100.000015),ImpactPoint=(X=-50.0,Y=0.0,Z=50.0),Normal=(X=-1.0,Y=-0.0,Z=0.0),ImpactNormal=(X=0.0,Y=0.0,Z=1.0),TraceStart=(X=-200.0,Y=0.0,Z=200.0),TraceEnd=(X=0.0,Y=0.0,Z=0.0))
[2015.12.09-04.24.37:579][  0]LogMeshUtilities: No automatic mesh reduction module available
[2015.12.09-04.24.37:579][  0]LogMeshUtilities: No automatic mesh merging module available
[2015.12.09-04.24.38:223][  0]LogInit: WinSock: version 1.1 (2.2), MaxSocks=32767, MaxUdp=65467
[2015.12.09-04.24.52:966][  0]LogWmfMedia: Failed to load mf.dll
[2015.12.09-04.24.52:966][  0]LogWmfMedia: Failed to load required Windows Media Foundation libraries
[2015.12.09-04.24.52:983][  0]LogWindowsMoviePlayer:Warning: Could not load mf.dll
[2015.12.09-04.24.52:984][  0]LogWindowsMoviePlayer:Warning: Could not load mfplat.dll
[2015.12.09-04.24.52:986][  0]LogWindowsMoviePlayer:Warning: Could not load mfplay.dll
[2015.12.09-04.24.53:297][  0]UdpMessaging: Initializing bridge on interface 0.0.0.0:0 to multicast group 230.0.0.1:6666.
[2015.12.09-04.24.54:893][  0]SourceControl: Info Source control is disabled
[2015.12.09-04.24.54:894][  0]SourceControl: Info Source control is disabled
[2015.12.09-04.24.54:909][  0]SourceControl: Info Source control is disabled
[2015.12.09-04.24.54:925][  0]SourceControl: Info Source control is disabled
[2015.12.09-04.24.55:602][  0]LogObj: 31402 objects as part of root set at end of initial load.
[2015.12.09-04.24.55:602][  0]LogUObjectAllocator: 7163336 out of 0 bytes used by permanent object pool.
[2015.12.09-04.24.55:729][  0]LogEngine: Initializing Engine...
[2015.12.09-04.24.55:732][  0]LogHMD: Can't find Oculus library dev build: is proper Runtime installed? Version: 0.6.0.0
[2015.12.09-04.24.55:781][  0]LogHMD:Warning: SteamVR failed to initialize.  Error: 108
[2015.12.09-04.24.56:081][  0]LogAIModule: Creating AISystem for world NewWorld
[2015.12.09-04.24.56:088][  0]LogInit: XAudio2 using 'Casque (5- Périphérique High Definition Audio)' : 2 channels at 44.1 kHz using 16 bits per sample (channel mask 0x3)
[2015.12.09-04.24.56:099][  0]LogInit: FAudioDevice initialized.
[2015.12.09-04.24.56:137][  0]LogDerivedDataCache: Saved boot cache 0.04s 60MB C:/Users/Sullivan/AppData/Local/UnrealEngine/4.8/DerivedDataCache/Boot.ddc.
[2015.12.09-04.24.56:145][  0]LogInit: Texture streaming: Disabled
[2015.12.09-04.24.56:188][  0]LogAnalytics: Creating configured Analytics provider AnalyticsET
[2015.12.09-04.24.56:188][  0]LogAnalytics: [UEEditor.Rocket.Release] APIServer = http://et2.epicgames.com/ET2/. AppVersion = 4.8.3-2634408+++depot+UE4-Releases+4.8
[2015.12.09-04.24.56:188][  0]LogAnalytics: [UEEditor.Rocket.Release] SetUserId ad541df74db84af293f9b0a60160a0cf|46a40cfda58c4237b68f593a66e52ede|5c8738c5-c9ae-49ff-8b11-2d4ad6d2f4c4
[2015.12.09-04.24.56:188][  0]LogAnalytics: [UEEditor.Rocket.Release] AnalyticsET::StartSession
[2015.12.09-04.24.56:225][  0]LogInit: Transaction tracking system initialized
[2015.12.09-04.24.56:448][  0]BlueprintLog: New page: Editor Load
[2015.12.09-04.24.56:514][  0]LogAssetRegistry: FAssetRegistry took 0.0107 seconds to start up
[2015.12.09-04.24.56:514][  0]LogDirectoryWatcher:Warning: Failed to begin reading directory changes for ../../../Engine/Plugins/Experimental/CharacterAI/Content/. Error: 0
[2015.12.09-04.24.58:217][  0]LogConsoleManager:Warning: Console variable 'r.VSync' wasn't set ('GameSetting' has a lower priority than 'SystemSettingsIni')
[2015.12.09-04.24.58:222][  0]LogConsoleResponse:Display: 
[2015.12.09-04.24.58:421][  0]LogCook:Display: Done creating registry. It took  0.00s.
[2015.12.09-04.24.59:323][  0]SourceControl: Info Source control is disabled
[2015.12.09-04.24.59:323][  0]Cmd: MAP LOAD FILE="../../../../../../Users/Sullivan/Documents/Brain-new/Content/FirstPerson/Maps/MainMenu.umap" TEMPLATE=0 SHOWPROGRESS=1 FEATURELEVEL=3
[2015.12.09-04.24.59:324][  0]LightingResults: New page: Lighting Build
[2015.12.09-04.24.59:344][  0]MapCheck: New page: Map Check
[2015.12.09-04.24.59:344][  0]LightingResults: New page: Lighting Build
[2015.12.09-04.24.59:362][  0]LogParticles: Destroying 0 GPU particle simulations for FXSystem 0x000000BFF72263E0
[2015.12.09-04.24.59:380][  0]LogAIModule: Creating AISystem for world MainMenu
[2015.12.09-04.24.59:382][  0]LogEditorServer: Finished looking for orphan Actors (0.000 secs)
[2015.12.09-04.24.59:383][  0]Cmd: MAP CHECKDEP NOCLEARLOG
[2015.12.09-04.24.59:449][  0]MapCheck: Info Map check complete: 0 Error(s), 0 Warning(s), took 65.568ms to complete.
[2015.12.09-04.24.59:449][  0]LogFileHelpers: Loading map 'MainMenu' took 0.126
[2015.12.09-04.24.59:773][  0]LogCollectionManager: Loaded 0 collections in 0.004385 seconds
[2015.12.09-04.24.59:791][  0]LogContentBrowser: Native class hierarchy populated in 0.0183 seconds. Added 1819 classes and 311 folders.
[2015.12.09-04.25.00:066][  0]LogContentBrowser: Native class hierarchy updated for 'WidgetCarousel' in 0.0086 seconds. Added 0 classes and 0 folders.
[2015.12.09-04.25.00:383][  0]LogContentBrowser: Native class hierarchy updated for 'AddContentDialog' in 0.0094 seconds. Added 0 classes and 0 folders.
[2015.12.09-04.25.00:428][  0]LogContentBrowser: Native class hierarchy updated for 'SceneOutliner' in 0.0075 seconds. Added 1 classes and 2 folders.
[2015.12.09-04.25.00:483][  0]LogCrashTracker: Crashtracker disabled due to settings.
[2015.12.09-04.25.00:486][  0]LogD3D11RHI: InitD3DDevice
[2015.12.09-04.25.00:490][  0]LogUObjectGlobals:Warning: Failed to find object 'Class None.'
[2015.12.09-04.25.00:513][  0]LogLoad: Full Startup: 31.75 seconds (BP compile: 0.28 seconds)
[2015.12.09-04.25.00:530][  0]LogWindowsTextInputMethodSystem:Display: IME system now deactivated.
[2015.12.09-04.25.00:640][  0]LogContentStreaming: Texture pool size is 0.000000MB
[2015.12.09-04.25.00:689][  0]LogContentStreaming: Texture pool size now 1000 MB
[2015.12.09-04.25.01:005][  0]LogRenderer: Reallocating scene render targets to support 1208x576 (Frame:2).
[2015.12.09-04.25.02:176][ 47]LogD3D11RHI: InitD3DDevice
[2015.12.09-04.25.26:041][405]LogAssetRegistry: Asset discovery search completed in 29.5380 seconds
[2015.12.09-04.25.32:822][581]LogPlayLevel: PIE:  No blueprints needed recompiling
[2015.12.09-04.25.32:825][581]PIE: New page: PIE session: MainMenu (Dec 8, 2015, 6:25:32 PM)
[2015.12.09-04.25.32:827][581]LogPlayLevel: Creating play world package: /Game/FirstPerson/Maps/UEDPIE_0_MainMenu
[2015.12.09-04.25.32:828][581]LogPlayLevel: PIE: StaticDuplicateObject took: (0.001020s)
[2015.12.09-04.25.32:829][581]LogAIModule: Creating AISystem for world MainMenu
[2015.12.09-04.25.32:830][581]LogPlayLevel: PIE: World Init took: (0.002446s)
[2015.12.09-04.25.32:831][581]LogPlayLevel: PIE: Created PIE world by copying editor world from /Game/FirstPerson/Maps/MainMenu.MainMenu to /Game/FirstPerson/Maps/UEDPIE_0_MainMenu.MainMenu (0.004071s)
[2015.12.09-04.25.32:887][581]LogInit: XAudio2 using 'Casque (5- Périphérique High Definition Audio)' : 2 channels at 44.1 kHz using 16 bits per sample (channel mask 0x3)
[2015.12.09-04.25.32:892][581]LogInit: FAudioDevice initialized.
[2015.12.09-04.25.32:950][581]LogWorld: Game class is 'BrainGameMode'
[2015.12.09-04.25.32:955][581]LogWorld: Bringing World /Game/FirstPerson/Maps/UEDPIE_0_MainMenu.MainMenu up for play (max tick rate 60) at 2015.12.08-23.25.32
[2015.12.09-04.25.32:955][581]LogActor:Warning: GameSession /Game/FirstPerson/Maps/UEDPIE_0_MainMenu.MainMenu:PersistentLevel.GameSession_0 has natively added scene component(s), but none of them were set as the actor's RootComponent - picking one arbitrarily
[2015.12.09-04.25.32:956][581]LogActor:Warning: GameNetworkManager /Game/FirstPerson/Maps/UEDPIE_0_MainMenu.MainMenu:PersistentLevel.GameNetworkManager_0 has natively added scene component(s), but none of them were set as the actor's RootComponent - picking one arbitrarily
[2015.12.09-04.25.32:956][581]LogWorld: Bringing up level for play took: 0.002020
[2015.12.09-04.25.33:560][581]PIE: Info Play in editor start time for /Game/FirstPerson/Maps/UEDPIE_0_MainMenu 0.704
[2015.12.09-04.25.35:112][665]LogPackageName: SearchForPackageOnDisk took   0.095s to resolve Level1.umap
[2015.12.09-04.25.35:206][665]LogPackageName: SearchForPackageOnDisk took   0.094s to resolve Level1.umap
[2015.12.09-04.25.35:207][665]LogNet: Browse: /Game/FirstPerson/Maps/Level1
[2015.12.09-04.25.35:207][665]LogLoad: LoadMap: /Game/FirstPerson/Maps/Level1
[2015.12.09-04.25.35:234][665]LogParticles: Destroying 0 GPU particle simulations for FXSystem 0x000000BFEB88F420
[2015.12.09-04.25.35:311][665]Cmd: MEM
[2015.12.09-04.25.35:340][665]LogMemory: Platform Memory Stats for Windows
[2015.12.09-04.25.35:340][665]LogMemory: Process Physical Memory: 463.55 MB used, 477.65 MB peak
[2015.12.09-04.25.35:340][665]LogMemory: Process Virtual Memory: 361.88 MB used, 381.90 MB peak
[2015.12.09-04.25.35:340][665]LogMemory: Physical Memory: 4107.49 MB used, 8151.90 MB total
[2015.12.09-04.25.35:340][665]LogMemory: Virtual Memory: 987.59 MB used, 134217728.00 MB total
[2015.12.09-04.25.35:340][665]LogMemory: 
[2015.12.09-04.25.35:340][665]Allocator Stats for TBB: (not implemented)
[2015.12.09-04.25.35:981][665]LogTexture:Display: Building textures: HQ_Lightmap0_1 (AutoDXT)
[2015.12.09-04.25.36:209][665]LogTexture:Display: Building textures: HQ_Lightmap0_2 (AutoDXT)
[2015.12.09-04.25.36:217][665]LogTexture:Display: Building textures: LQ_Lightmap_0_1 (DXT1)
[2015.12.09-04.25.36:267][665]LogTexture:Display: Building textures: LQ_Lightmap_0_2 (DXT1)
[2015.12.09-04.25.36:278][665]LogTexture:Display: Building textures: SkyOcclusion0_1 (AutoDXT)
[2015.12.09-04.25.36:357][665]LogTexture:Display: Building textures: SkyOcclusion0_2 (AutoDXT)
[2015.12.09-04.25.36:364][665]LogTexture:Display: Building textures: ShadowMapTexture2D_8 (BGRA8)
[2015.12.09-04.25.36:371][665]LogTexture:Display: Building textures: ShadowMapTexture2D_9 (BGRA8)
[2015.12.09-04.25.36:541][665]LogAIModule: Creating AISystem for world Level1
[2015.12.09-04.25.36:542][665]LogWorld: Game class is 'BrainGameMode'
[2015.12.09-04.25.36:576][665]LogWorld: Bringing World /Game/FirstPerson/Maps/UEDPIE_0_Level1.Level1 up for play (max tick rate 60) at 2015.12.08-23.25.36
[2015.12.09-04.25.36:576][665]LogActor:Warning: GameSession /Game/FirstPerson/Maps/UEDPIE_0_Level1.Level1:PersistentLevel.GameSession_1 has natively added scene component(s), but none of them were set as the actor's RootComponent - picking one arbitrarily
[2015.12.09-04.25.36:577][665]LogActor:Warning: GameNetworkManager /Game/FirstPerson/Maps/UEDPIE_0_Level1.Level1:PersistentLevel.GameNetworkManager_1 has natively added scene component(s), but none of them were set as the actor's RootComponent - picking one arbitrarily
[2015.12.09-04.25.36:578][665]LogWorld: Bringing up level for play took: 0.032643
[2015.12.09-04.25.36:874][665]LogAssetRegistry: ScanPathsSynchronous completed scanning '/Game/FirstPerson/Textures/Actions' to find 8 assets in 0.0022 seconds
[2015.12.09-04.25.43:792][ 17]LogWindowsTextInputMethodSystem:Display: IME system now deactivated.
[2015.12.09-04.25.43:792][ 17]LogWindowsTextInputMethodSystem:Display: IME system now deactivated.
[2015.12.09-04.25.53:417][516]LogTemp:Warning: Begin !
[2015.12.09-04.26.02:607][977]LogPackageName: SearchForPackageOnDisk took   0.091s to resolve Level1.umap
[2015.12.09-04.26.02:701][977]LogPackageName: SearchForPackageOnDisk took   0.093s to resolve Level1.umap
[2015.12.09-04.26.02:701][977]LogNet: Browse: /Game/FirstPerson/Maps/Level1
[2015.12.09-04.26.02:701][977]LogLoad: LoadMap: /Game/FirstPerson/Maps/Level1
[2015.12.09-04.26.02:735][977]LogParticles: Destroying 0 GPU particle simulations for FXSystem 0x000000BFF2B684A0
[2015.12.09-04.26.02:820][977]Cmd: MEM
[2015.12.09-04.26.02:849][977]LogMemory: Platform Memory Stats for Windows
[2015.12.09-04.26.02:849][977]LogMemory: Process Physical Memory: 546.38 MB used, 580.24 MB peak
[2015.12.09-04.26.02:849][977]LogMemory: Process Virtual Memory: 436.97 MB used, 475.45 MB peak
[2015.12.09-04.26.02:849][977]LogMemory: Physical Memory: 4145.46 MB used, 8151.90 MB total
[2015.12.09-04.26.02:849][977]LogMemory: Virtual Memory: 1063.65 MB used, 134217728.00 MB total
[2015.12.09-04.26.02:849][977]LogMemory: 
[2015.12.09-04.26.02:849][977]Allocator Stats for TBB: (not implemented)
[2015.12.09-04.26.02:977][977]LogAIModule: Creating AISystem for world Level1
[2015.12.09-04.26.02:978][977]LogWorld: Game class is 'BrainGameMode'
[2015.12.09-04.26.02:994][977]LogWorld: Bringing World /Game/FirstPerson/Maps/UEDPIE_0_Level1.Level1 up for play (max tick rate 60) at 2015.12.08-23.26.02
[2015.12.09-04.26.02:994][977]LogActor:Warning: GameSession /Game/FirstPerson/Maps/UEDPIE_0_Level1.Level1:PersistentLevel.GameSession_2 has natively added scene component(s), but none of them were set as the actor's RootComponent - picking one arbitrarily
[2015.12.09-04.26.02:995][977]LogActor:Warning: GameNetworkManager /Game/FirstPerson/Maps/UEDPIE_0_Level1.Level1:PersistentLevel.GameNetworkManager_2 has natively added scene component(s), but none of them were set as the actor's RootComponent - picking one arbitrarily
[2015.12.09-04.26.02:995][977]LogWorld: Bringing up level for play took: 0.013825
[2015.12.09-04.26.03:023][977]LogTemp:Warning: Begin !
[2015.12.09-04.26.17:238][718]LogTemp:Warning: End !
[2015.12.09-04.26.18:595][789]LogTemp:Warning: Begin !
[2015.12.09-04.26.23:505][ 40]LogPackageName: SearchForPackageOnDisk took   0.102s to resolve Level1.umap
[2015.12.09-04.26.23:604][ 40]LogPackageName: SearchForPackageOnDisk took   0.099s to resolve Level1.umap
[2015.12.09-04.26.23:604][ 40]LogNet: Browse: /Game/FirstPerson/Maps/Level1
[2015.12.09-04.26.23:605][ 40]LogLoad: LoadMap: /Game/FirstPerson/Maps/Level1
[2015.12.09-04.26.23:605][ 40]LogTemp:Warning: End !
[2015.12.09-04.26.23:647][ 40]LogParticles: Destroying 0 GPU particle simulations for FXSystem 0x000000BF881C68E0
[2015.12.09-04.26.23:647][ 40]Cmd: MEM
[2015.12.09-04.26.23:679][ 40]LogMemory: Platform Memory Stats for Windows
[2015.12.09-04.26.23:679][ 40]LogMemory: Process Physical Memory: 548.34 MB used, 580.24 MB peak
[2015.12.09-04.26.23:679][ 40]LogMemory: Process Virtual Memory: 436.35 MB used, 475.45 MB peak
[2015.12.09-04.26.23:679][ 40]LogMemory: Physical Memory: 4164.41 MB used, 8151.90 MB total
[2015.12.09-04.26.23:679][ 40]LogMemory: Virtual Memory: 1049.19 MB used, 134217728.00 MB total
[2015.12.09-04.26.23:679][ 40]LogMemory: 
[2015.12.09-04.26.23:679][ 40]Allocator Stats for TBB: (not implemented)
[2015.12.09-04.26.23:824][ 40]LogAIModule: Creating AISystem for world Level1
[2015.12.09-04.26.23:826][ 40]LogWorld: Game class is 'BrainGameMode'
[2015.12.09-04.26.23:844][ 40]LogWorld: Bringing World /Game/FirstPerson/Maps/UEDPIE_0_Level1.Level1 up for play (max tick rate 60) at 2015.12.08-23.26.23
[2015.12.09-04.26.23:844][ 40]LogActor:Warning: GameSession /Game/FirstPerson/Maps/UEDPIE_0_Level1.Level1:PersistentLevel.GameSession_3 has natively added scene component(s), but none of them were set as the actor's RootComponent - picking one arbitrarily
[2015.12.09-04.26.23:845][ 40]LogActor:Warning: GameNetworkManager /Game/FirstPerson/Maps/UEDPIE_0_Level1.Level1:PersistentLevel.GameNetworkManager_3 has natively added scene component(s), but none of them were set as the actor's RootComponent - picking one arbitrarily
[2015.12.09-04.26.23:846][ 40]LogWorld: Bringing up level for play took: 0.016323
[2015.12.09-04.26.25:461][117]LogTemp:Warning: End !
[2015.12.09-04.26.25:598][124]LogTemp:Warning: Begin !
[2015.12.09-04.26.25:676][128]LogTemp:Warning: End !
[2015.12.09-04.26.26:753][184]LogTemp:Warning: Begin !
[2015.12.09-04.26.27:539][225]LogTemp:Warning: End !
[2015.12.09-04.26.45:081][141]LogParticles: Destroying 0 GPU particle simulations for FXSystem 0x000000BF881C59E0
[2015.12.09-04.31.27:258][110]LogWindowsTextInputMethodSystem:Display: IME system now deactivated.
[2015.12.09-04.31.27:258][110]LogWindowsTextInputMethodSystem:Display: IME system now deactivated.
[2015.12.09-04.34.06:698][814]LogHotReload: New module detected: UE4Editor-Brain-8416.dll
[2015.12.09-04.34.11:713][830]LogHotReload: Starting Hot-Reload from IDE
[2015.12.09-04.34.11:739][830]LogD3D11RHI: InitD3DDevice
[2015.12.09-04.34.12:040][830]LogClass: Could not find existing class BrainObserver in package /Script/Brain for HotReload, assuming new class
[2015.12.09-04.34.12:053][830]LogClass: EAction HotReload.
[2015.12.09-04.34.12:053][830]LogClass: ShearPlan HotReload.
[2015.12.09-04.34.12:053][830]LogClass: TransformationType HotReload.
[2015.12.09-04.34.12:053][830]LogClass: BrainCharacterSaveData HotReload.
[2015.12.09-04.34.12:053][830]LogClass: BrainCameraSaveData HotReload.
[2015.12.09-04.34.12:053][830]LogClass: BrainNIOSaveData HotReload.
[2015.12.09-04.34.12:053][830]LogClass: BrainTIOSaveData HotReload.
[2015.12.09-04.34.12:053][830]LogClass: BrainTransformSaveData HotReload.
[2015.12.09-04.34.12:053][830]LogClass: BrainSaveData HotReload.
[2015.12.09-04.34.12:053][830]LogClass: ObjectAction HotReload.
[2015.12.09-04.34.12:053][830]LogClass: Transformation HotReload.
[2015.12.09-04.34.12:129][830]LogHotReload: Re-instancing BrainObserver after hot-reload.
[2015.12.09-04.34.12:491][830]LogContentBrowser: Native class hierarchy updated for 'Brain' in 0.0126 seconds. Added 27 classes and 10 folders.
[2015.12.09-04.34.12:495][830]Warning: HotReload successful (52 functions remapped  8 scriptstructs remapped)
[2015.12.09-04.34.12:556][830]LogContentBrowser: Native class hierarchy populated in 0.0211 seconds. Added 1820 classes and 313 folders.
[2015.12.09-04.34.12:558][830]LogD3D11RHI: InitD3DDevice
[2015.12.09-04.34.19:990][930]LogPlayLevel: PIE:  No blueprints needed recompiling
[2015.12.09-04.34.19:990][930]PIE: New page: PIE session: MainMenu (Dec 8, 2015, 6:34:19 PM)
[2015.12.09-04.34.19:991][930]LogPlayLevel: Creating play world package: /Game/FirstPerson/Maps/UEDPIE_0_MainMenu
[2015.12.09-04.34.19:991][930]LogPlayLevel: PIE: StaticDuplicateObject took: (0.000599s)
[2015.12.09-04.34.19:992][930]LogAIModule: Creating AISystem for world MainMenu
[2015.12.09-04.34.19:994][930]LogPlayLevel: PIE: World Init took: (0.002095s)
[2015.12.09-04.34.19:994][930]LogPlayLevel: PIE: Created PIE world by copying editor world from /Game/FirstPerson/Maps/MainMenu.MainMenu to /Game/FirstPerson/Maps/UEDPIE_0_MainMenu.MainMenu (0.003087s)
[2015.12.09-04.34.20:026][930]LogInit: XAudio2 using 'Casque (5- Périphérique High Definition Audio)' : 2 channels at 44.1 kHz using 16 bits per sample (channel mask 0x3)
[2015.12.09-04.34.20:031][930]LogInit: FAudioDevice initialized.
[2015.12.09-04.34.20:073][930]LogWorld: Game class is 'BrainGameMode'
[2015.12.09-04.34.20:077][930]LogWorld: Bringing World /Game/FirstPerson/Maps/UEDPIE_0_MainMenu.MainMenu up for play (max tick rate 60) at 2015.12.08-23.34.20
[2015.12.09-04.34.20:077][930]LogActor:Warning: GameSession /Game/FirstPerson/Maps/UEDPIE_0_MainMenu.MainMenu:PersistentLevel.GameSession_4 has natively added scene component(s), but none of them were set as the actor's RootComponent - picking one arbitrarily
[2015.12.09-04.34.20:078][930]LogActor:Warning: GameNetworkManager /Game/FirstPerson/Maps/UEDPIE_0_MainMenu.MainMenu:PersistentLevel.GameNetworkManager_4 has natively added scene component(s), but none of them were set as the actor's RootComponent - picking one arbitrarily
[2015.12.09-04.34.20:078][930]LogWorld: Bringing up level for play took: 0.001905
[2015.12.09-04.34.20:096][930]PIE: Info Play in editor start time for /Game/FirstPerson/Maps/UEDPIE_0_MainMenu -0.761
[2015.12.09-04.34.21:896][ 30]LogPackageName: SearchForPackageOnDisk took   0.107s to resolve Level1.umap
[2015.12.09-04.34.22:006][ 30]LogPackageName: SearchForPackageOnDisk took   0.109s to resolve Level1.umap
[2015.12.09-04.34.22:006][ 30]LogNet: Browse: /Game/FirstPerson/Maps/Level1
[2015.12.09-04.34.22:006][ 30]LogLoad: LoadMap: /Game/FirstPerson/Maps/Level1
[2015.12.09-04.34.22:029][ 30]LogParticles: Destroying 0 GPU particle simulations for FXSystem 0x000000BFE9B31300
[2015.12.09-04.34.22:039][ 30]Cmd: MEM
[2015.12.09-04.34.22:068][ 30]LogMemory: Platform Memory Stats for Windows
[2015.12.09-04.34.22:068][ 30]LogMemory: Process Physical Memory: 542.75 MB used, 580.24 MB peak
[2015.12.09-04.34.22:068][ 30]LogMemory: Process Virtual Memory: 434.55 MB used, 475.45 MB peak
[2015.12.09-04.34.22:068][ 30]LogMemory: Physical Memory: 5300.43 MB used, 8151.90 MB total
[2015.12.09-04.34.22:068][ 30]LogMemory: Virtual Memory: 1039.38 MB used, 134217728.00 MB total
[2015.12.09-04.34.22:068][ 30]LogMemory: 
[2015.12.09-04.34.22:068][ 30]Allocator Stats for TBB: (not implemented)
[2015.12.09-04.34.22:336][ 30]LogAIModule: Creating AISystem for world Level1
[2015.12.09-04.34.22:339][ 30]LogWorld: Game class is 'BrainGameMode'
[2015.12.09-04.34.22:359][ 30]LogWorld: Bringing World /Game/FirstPerson/Maps/UEDPIE_0_Level1.Level1 up for play (max tick rate 60) at 2015.12.08-23.34.22
[2015.12.09-04.34.22:359][ 30]LogActor:Warning: GameSession /Game/FirstPerson/Maps/UEDPIE_0_Level1.Level1:PersistentLevel.GameSession_5 has natively added scene component(s), but none of them were set as the actor's RootComponent - picking one arbitrarily
[2015.12.09-04.34.22:360][ 30]LogActor:Warning: GameNetworkManager /Game/FirstPerson/Maps/UEDPIE_0_Level1.Level1:PersistentLevel.GameNetworkManager_5 has natively added scene component(s), but none of them were set as the actor's RootComponent - picking one arbitrarily
[2015.12.09-04.34.22:361][ 30]LogWorld: Bringing up level for play took: 0.018658
[2015.12.09-04.34.25:359][181]LogWindowsTextInputMethodSystem:Display: IME system now deactivated.
[2015.12.09-04.34.25:359][181]LogWindowsTextInputMethodSystem:Display: IME system now deactivated.
[2015.12.09-04.34.29:013][369]LogTemp:Warning: Begin !
[2015.12.09-04.34.35:298][691]LogPackageName: SearchForPackageOnDisk took   0.085s to resolve Level1.umap
[2015.12.09-04.34.35:384][691]LogPackageName: SearchForPackageOnDisk took   0.085s to resolve Level1.umap
[2015.12.09-04.34.35:384][691]LogNet: Browse: /Game/FirstPerson/Maps/Level1
[2015.12.09-04.34.35:385][691]LogLoad: LoadMap: /Game/FirstPerson/Maps/Level1
[2015.12.09-04.34.35:385][691]LogTemp:Warning: End !
[2015.12.09-04.34.35:421][691]LogParticles: Destroying 0 GPU particle simulations for FXSystem 0x000000BFEC276200
[2015.12.09-04.34.35:421][691]Cmd: MEM
[2015.12.09-04.34.35:443][691]LogMemory: Platform Memory Stats for Windows
[2015.12.09-04.34.35:443][691]LogMemory: Process Physical Memory: 561.53 MB used, 580.24 MB peak
[2015.12.09-04.34.35:443][691]LogMemory: Process Virtual Memory: 448.61 MB used, 475.45 MB peak
[2015.12.09-04.34.35:443][691]LogMemory: Physical Memory: 5525.53 MB used, 8151.90 MB total
[2015.12.09-04.34.35:443][691]LogMemory: Virtual Memory: 1051.51 MB used, 134217728.00 MB total
[2015.12.09-04.34.35:443][691]LogMemory: 
[2015.12.09-04.34.35:443][691]Allocator Stats for TBB: (not implemented)
[2015.12.09-04.34.35:579][691]LogAIModule: Creating AISystem for world Level1
[2015.12.09-04.34.35:581][691]LogWorld: Game class is 'BrainGameMode'
[2015.12.09-04.34.35:597][691]LogWorld: Bringing World /Game/FirstPerson/Maps/UEDPIE_0_Level1.Level1 up for play (max tick rate 60) at 2015.12.08-23.34.35
[2015.12.09-04.34.35:597][691]LogActor:Warning: GameSession /Game/FirstPerson/Maps/UEDPIE_0_Level1.Level1:PersistentLevel.GameSession_6 has natively added scene component(s), but none of them were set as the actor's RootComponent - picking one arbitrarily
[2015.12.09-04.34.35:598][691]LogActor:Warning: GameNetworkManager /Game/FirstPerson/Maps/UEDPIE_0_Level1.Level1:PersistentLevel.GameNetworkManager_6 has natively added scene component(s), but none of them were set as the actor's RootComponent - picking one arbitrarily
[2015.12.09-04.34.35:599][691]LogWorld: Bringing up level for play took: 0.014360
[2015.12.09-04.34.37:317][775]LogTemp:Warning: End !
[2015.12.09-04.34.46:212][234]LogTemp:Warning: Begin !
[2015.12.09-04.34.46:638][256]LogTemp:Warning: End !
[2015.12.09-04.34.46:657][257]LogTemp:Warning: Begin !
[2015.12.09-04.34.46:657][257]LogTemp:Warning: End !
[2015.12.09-04.34.47:328][291]LogTemp:Warning: Begin !
[2015.12.09-04.34.47:384][294]LogTemp:Warning: End !
[2015.12.09-04.34.47:578][304]LogTemp:Warning: Begin !
[2015.12.09-04.34.48:818][368]LogTemp:Warning: Begin !
[2015.12.09-04.34.50:187][438]LogTemp:Warning: End !
[2015.12.09-04.34.50:883][474]LogTemp:Warning: Begin !
[2015.12.09-04.34.51:790][520]LogTemp:Warning: End !
[2015.12.09-04.34.52:280][545]LogTemp:Warning: Begin !
[2015.12.09-04.34.53:647][615]LogTemp:Warning: End !
[2015.12.09-04.34.59:519][918]LogTemp:Warning: Begin !
[2015.12.09-04.35.01:410][ 17]LogTemp:Warning: End !
[2015.12.09-04.35.02:214][ 59]LogTemp:Warning: Begin !
[2015.12.09-04.35.03:233][112]LogTemp:Warning: End !
[2015.12.09-04.35.08:403][383]LogParticles: Destroying 0 GPU particle simulations for FXSystem 0x000000BFEC2771A0
[2015.12.09-04.36.15:436][641]LogHotReload: New module detected: UE4Editor-Brain-6433.dll
[2015.12.09-04.36.17:115][647]LogHotReload: Starting Hot-Reload from IDE
[2015.12.09-04.36.17:117][647]LogD3D11RHI: InitD3DDevice
[2015.12.09-04.36.17:267][647]LogClass: EAction HotReload.
[2015.12.09-04.36.17:267][647]LogClass: ShearPlan HotReload.
[2015.12.09-04.36.17:267][647]LogClass: TransformationType HotReload.
[2015.12.09-04.36.17:267][647]LogClass: BrainCharacterSaveData HotReload.
[2015.12.09-04.36.17:267][647]LogClass: BrainCameraSaveData HotReload.
[2015.12.09-04.36.17:267][647]LogClass: BrainNIOSaveData HotReload.
[2015.12.09-04.36.17:267][647]LogClass: BrainTIOSaveData HotReload.
[2015.12.09-04.36.17:267][647]LogClass: BrainTransformSaveData HotReload.
[2015.12.09-04.36.17:267][647]LogClass: BrainSaveData HotReload.
[2015.12.09-04.36.17:267][647]LogClass: ObjectAction HotReload.
[2015.12.09-04.36.17:267][647]LogClass: Transformation HotReload.
[2015.12.09-04.36.17:662][647]LogContentBrowser: Native class hierarchy updated for 'Brain' in 0.0082 seconds. Added 27 classes and 10 folders.
[2015.12.09-04.36.17:664][647]Warning: HotReload successful (52 functions remapped  8 scriptstructs remapped)
[2015.12.09-04.36.17:731][647]LogContentBrowser: Native class hierarchy populated in 0.0208 seconds. Added 1820 classes and 313 folders.
[2015.12.09-04.36.17:733][647]LogD3D11RHI: InitD3DDevice
[2015.12.09-04.36.38:402][709]LogWindowsTextInputMethodSystem:Display: IME system now deactivated.
[2015.12.09-04.36.38:403][709]LogWindowsTextInputMethodSystem:Display: IME system now deactivated.
[2015.12.09-04.36.46:471][ 57]LogPlayLevel: PIE:  No blueprints needed recompiling
[2015.12.09-04.36.46:471][ 57]PIE: New page: PIE session: MainMenu (Dec 8, 2015, 6:36:46 PM)
[2015.12.09-04.36.46:472][ 57]LogPlayLevel: Creating play world package: /Game/FirstPerson/Maps/UEDPIE_0_MainMenu
[2015.12.09-04.36.46:473][ 57]LogPlayLevel: PIE: StaticDuplicateObject took: (0.000656s)
[2015.12.09-04.36.46:474][ 57]LogAIModule: Creating AISystem for world MainMenu
[2015.12.09-04.36.46:475][ 57]LogPlayLevel: PIE: World Init took: (0.002032s)
[2015.12.09-04.36.46:475][ 57]LogPlayLevel: PIE: Created PIE world by copying editor world from /Game/FirstPerson/Maps/MainMenu.MainMenu to /Game/FirstPerson/Maps/UEDPIE_0_MainMenu.MainMenu (0.003095s)
[2015.12.09-04.36.46:508][ 57]LogInit: XAudio2 using 'Casque (5- Périphérique High Definition Audio)' : 2 channels at 44.1 kHz using 16 bits per sample (channel mask 0x3)
[2015.12.09-04.36.46:514][ 57]LogInit: FAudioDevice initialized.
[2015.12.09-04.36.46:558][ 57]LogWorld: Game class is 'BrainGameMode'
[2015.12.09-04.36.46:561][ 57]LogWorld: Bringing World /Game/FirstPerson/Maps/UEDPIE_0_MainMenu.MainMenu up for play (max tick rate 60) at 2015.12.08-23.36.46
[2015.12.09-04.36.46:562][ 57]LogActor:Warning: GameSession /Game/FirstPerson/Maps/UEDPIE_0_MainMenu.MainMenu:PersistentLevel.GameSession_7 has natively added scene component(s), but none of them were set as the actor's RootComponent - picking one arbitrarily
[2015.12.09-04.36.46:562][ 57]LogActor:Warning: GameNetworkManager /Game/FirstPerson/Maps/UEDPIE_0_MainMenu.MainMenu:PersistentLevel.GameNetworkManager_7 has natively added scene component(s), but none of them were set as the actor's RootComponent - picking one arbitrarily
[2015.12.09-04.36.46:562][ 57]LogWorld: Bringing up level for play took: 0.001577
[2015.12.09-04.36.46:588][ 57]PIE: Info Play in editor start time for /Game/FirstPerson/Maps/UEDPIE_0_MainMenu -0.268
[2015.12.09-04.36.48:644][173]LogPackageName: SearchForPackageOnDisk took   0.111s to resolve Level1.umap
[2015.12.09-04.36.48:739][173]LogPackageName: SearchForPackageOnDisk took   0.094s to resolve Level1.umap
[2015.12.09-04.36.48:739][173]LogNet: Browse: /Game/FirstPerson/Maps/Level1
[2015.12.09-04.36.48:739][173]LogLoad: LoadMap: /Game/FirstPerson/Maps/Level1
[2015.12.09-04.36.48:761][173]LogParticles: Destroying 0 GPU particle simulations for FXSystem 0x000000BFE82DE200
[2015.12.09-04.36.48:771][173]Cmd: MEM
[2015.12.09-04.36.48:794][173]LogMemory: Platform Memory Stats for Windows
[2015.12.09-04.36.48:794][173]LogMemory: Process Physical Memory: 558.45 MB used, 584.38 MB peak
[2015.12.09-04.36.48:794][173]LogMemory: Process Virtual Memory: 449.67 MB used, 475.45 MB peak
[2015.12.09-04.36.48:794][173]LogMemory: Physical Memory: 5599.48 MB used, 8151.90 MB total
[2015.12.09-04.36.48:794][173]LogMemory: Virtual Memory: 1070.14 MB used, 134217728.00 MB total
[2015.12.09-04.36.48:794][173]LogMemory: 
[2015.12.09-04.36.48:794][173]Allocator Stats for TBB: (not implemented)
[2015.12.09-04.36.48:935][173]LogAIModule: Creating AISystem for world Level1
[2015.12.09-04.36.48:938][173]LogWorld: Game class is 'BrainGameMode'
[2015.12.09-04.36.48:956][173]LogWorld: Bringing World /Game/FirstPerson/Maps/UEDPIE_0_Level1.Level1 up for play (max tick rate 60) at 2015.12.08-23.36.48
[2015.12.09-04.36.48:956][173]LogActor:Warning: GameSession /Game/FirstPerson/Maps/UEDPIE_0_Level1.Level1:PersistentLevel.GameSession_8 has natively added scene component(s), but none of them were set as the actor's RootComponent - picking one arbitrarily
[2015.12.09-04.36.48:957][173]LogActor:Warning: GameNetworkManager /Game/FirstPerson/Maps/UEDPIE_0_Level1.Level1:PersistentLevel.GameNetworkManager_8 has natively added scene component(s), but none of them were set as the actor's RootComponent - picking one arbitrarily
[2015.12.09-04.36.48:957][173]LogWorld: Bringing up level for play took: 0.016476
[2015.12.09-04.36.50:049][224]LogWindowsTextInputMethodSystem:Display: IME system now deactivated.
[2015.12.09-04.36.50:049][224]LogWindowsTextInputMethodSystem:Display: IME system now deactivated.
[2015.12.09-04.36.52:208][334]LogTemp:Warning: Begin !
[2015.12.09-04.36.59:418][709]LogPackageName: SearchForPackageOnDisk took   0.095s to resolve Level1.umap
[2015.12.09-04.36.59:513][709]LogPackageName: SearchForPackageOnDisk took   0.094s to resolve Level1.umap
[2015.12.09-04.36.59:513][709]LogNet: Browse: /Game/FirstPerson/Maps/Level1
[2015.12.09-04.36.59:513][709]LogLoad: LoadMap: /Game/FirstPerson/Maps/Level1
[2015.12.09-04.36.59:514][709]LogTemp:Warning: End !
[2015.12.09-04.36.59:550][709]LogParticles: Destroying 0 GPU particle simulations for FXSystem 0x000000BF82B27E20
[2015.12.09-04.36.59:551][709]Cmd: MEM
[2015.12.09-04.36.59:578][709]LogMemory: Platform Memory Stats for Windows
[2015.12.09-04.36.59:578][709]LogMemory: Process Physical Memory: 578.71 MB used, 587.50 MB peak
[2015.12.09-04.36.59:578][709]LogMemory: Process Virtual Memory: 465.25 MB used, 475.45 MB peak
[2015.12.09-04.36.59:578][709]LogMemory: Physical Memory: 5603.98 MB used, 8151.90 MB total
[2015.12.09-04.36.59:578][709]LogMemory: Virtual Memory: 1075.13 MB used, 134217728.00 MB total
[2015.12.09-04.36.59:578][709]LogMemory: 
[2015.12.09-04.36.59:578][709]Allocator Stats for TBB: (not implemented)
[2015.12.09-04.36.59:704][709]LogAIModule: Creating AISystem for world Level1
[2015.12.09-04.36.59:706][709]LogWorld: Game class is 'BrainGameMode'
[2015.12.09-04.36.59:721][709]LogWorld: Bringing World /Game/FirstPerson/Maps/UEDPIE_0_Level1.Level1 up for play (max tick rate 60) at 2015.12.08-23.36.59
[2015.12.09-04.36.59:721][709]LogActor:Warning: GameSession /Game/FirstPerson/Maps/UEDPIE_0_Level1.Level1:PersistentLevel.GameSession_9 has natively added scene component(s), but none of them were set as the actor's RootComponent - picking one arbitrarily
[2015.12.09-04.36.59:722][709]LogActor:Warning: GameNetworkManager /Game/FirstPerson/Maps/UEDPIE_0_Level1.Level1:PersistentLevel.GameNetworkManager_9 has natively added scene component(s), but none of them were set as the actor's RootComponent - picking one arbitrarily
[2015.12.09-04.36.59:723][709]LogWorld: Bringing up level for play took: 0.014061
[2015.12.09-04.37.01:230][781]LogTemp:Warning: End !
[2015.12.09-04.37.02:222][833]LogTemp:Warning: Begin !
[2015.12.09-04.37.03:548][901]LogTemp:Warning: End !
[2015.12.09-04.37.07:929][123]LogTemp:Warning: Begin !
[2015.12.09-04.37.08:808][167]LogTemp:Warning: End !
[2015.12.09-04.37.11:006][275]LogParticles: Destroying 0 GPU particle simulations for FXSystem 0x000000BFEC277B00
[2015.12.09-04.37.55:954][479]LogHotReload: New module detected: UE4Editor-Brain-3895.dll
[2015.12.09-04.37.57:299][484]LogHotReload: Starting Hot-Reload from IDE
[2015.12.09-04.37.57:301][484]LogD3D11RHI: InitD3DDevice
[2015.12.09-04.37.57:454][484]LogClass: EAction HotReload.
[2015.12.09-04.37.57:454][484]LogClass: ShearPlan HotReload.
[2015.12.09-04.37.57:454][484]LogClass: TransformationType HotReload.
[2015.12.09-04.37.57:454][484]LogClass: BrainCharacterSaveData HotReload.
[2015.12.09-04.37.57:454][484]LogClass: BrainCameraSaveData HotReload.
[2015.12.09-04.37.57:454][484]LogClass: BrainNIOSaveData HotReload.
[2015.12.09-04.37.57:454][484]LogClass: BrainTIOSaveData HotReload.
[2015.12.09-04.37.57:454][484]LogClass: BrainTransformSaveData HotReload.
[2015.12.09-04.37.57:454][484]LogClass: BrainSaveData HotReload.
[2015.12.09-04.37.57:454][484]LogClass: ObjectAction HotReload.
[2015.12.09-04.37.57:454][484]LogClass: Transformation HotReload.
[2015.12.09-04.37.57:562][484]LogContentBrowser: Native class hierarchy updated for 'Brain' in 0.0086 seconds. Added 27 classes and 10 folders.
[2015.12.09-04.37.57:564][484]Warning: HotReload successful (52 functions remapped  8 scriptstructs remapped)
[2015.12.09-04.37.57:639][484]LogContentBrowser: Native class hierarchy populated in 0.0317 seconds. Added 1820 classes and 313 folders.
[2015.12.09-04.37.57:641][484]LogD3D11RHI: InitD3DDevice
[2015.12.09-04.38.09:169][617]LogD3D11RHI: InitD3DDevice
[2015.12.09-04.38.09:187][617]Recompiling Brain...
[2015.12.09-04.38.09:187][617]Launching UnrealBuildTool... [C:/Program Files/Epic Games/4.8/Engine/Binaries/DotNET/UnrealBuildTool.exe Brain -ModuleWithSuffix Brain 1121 Win64 Development -editorrecompile -canskiplink "C:/Users/Sullivan/Documents/Brain-new/Brain.uproject" -rocket  -rocket]
[2015.12.09-04.38.09:189][617]Warning: Starting HotReload took  0.1s.
[2015.12.09-04.38.11:096][729]CompilerResultsLog: New page: Compilation - Dec 8, 2015, 6:38:11 PM
[2015.12.09-04.38.11:127][729]LogMainFrame: MainFrame: Module compiling took 1.960 seconds
[2015.12.09-04.38.11:128][729]Warning: HotReload failed, recompile failed
[2015.12.09-04.38.12:695][820]LogPlayLevel: PIE:  No blueprints needed recompiling
[2015.12.09-04.38.12:695][820]PIE: New page: PIE session: MainMenu (Dec 8, 2015, 6:38:12 PM)
[2015.12.09-04.38.12:696][820]LogPlayLevel: Creating play world package: /Game/FirstPerson/Maps/UEDPIE_0_MainMenu
[2015.12.09-04.38.12:697][820]LogPlayLevel: PIE: StaticDuplicateObject took: (0.000623s)
[2015.12.09-04.38.12:697][820]LogAIModule: Creating AISystem for world MainMenu
[2015.12.09-04.38.12:699][820]LogPlayLevel: PIE: World Init took: (0.002007s)
[2015.12.09-04.38.12:699][820]LogPlayLevel: PIE: Created PIE world by copying editor world from /Game/FirstPerson/Maps/MainMenu.MainMenu to /Game/FirstPerson/Maps/UEDPIE_0_MainMenu.MainMenu (0.003025s)
[2015.12.09-04.38.12:727][820]LogInit: XAudio2 using 'Casque (5- Périphérique High Definition Audio)' : 2 channels at 44.1 kHz using 16 bits per sample (channel mask 0x3)
[2015.12.09-04.38.12:731][820]LogInit: FAudioDevice initialized.
[2015.12.09-04.38.12:775][820]LogWorld: Game class is 'BrainGameMode'
[2015.12.09-04.38.12:778][820]LogWorld: Bringing World /Game/FirstPerson/Maps/UEDPIE_0_MainMenu.MainMenu up for play (max tick rate 60) at 2015.12.08-23.38.12
[2015.12.09-04.38.12:779][820]LogActor:Warning: GameSession /Game/FirstPerson/Maps/UEDPIE_0_MainMenu.MainMenu:PersistentLevel.GameSession_10 has natively added scene component(s), but none of them were set as the actor's RootComponent - picking one arbitrarily
[2015.12.09-04.38.12:779][820]LogActor:Warning: GameNetworkManager /Game/FirstPerson/Maps/UEDPIE_0_MainMenu.MainMenu:PersistentLevel.GameNetworkManager_10 has natively added scene component(s), but none of them were set as the actor's RootComponent - picking one arbitrarily
[2015.12.09-04.38.12:779][820]LogWorld: Bringing up level for play took: 0.001555
[2015.12.09-04.38.12:797][820]PIE: Info Play in editor start time for /Game/FirstPerson/Maps/UEDPIE_0_MainMenu -0.06
[2015.12.09-04.38.14:101][891]LogPackageName: SearchForPackageOnDisk took   0.107s to resolve Level1.umap
[2015.12.09-04.38.14:199][891]LogPackageName: SearchForPackageOnDisk took   0.098s to resolve Level1.umap
[2015.12.09-04.38.14:200][891]LogNet: Browse: /Game/FirstPerson/Maps/Level1
[2015.12.09-04.38.14:200][891]LogLoad: LoadMap: /Game/FirstPerson/Maps/Level1
[2015.12.09-04.38.14:222][891]LogParticles: Destroying 0 GPU particle simulations for FXSystem 0x000000BFE8361940
[2015.12.09-04.38.14:230][891]Cmd: MEM
[2015.12.09-04.38.14:253][891]LogMemory: Platform Memory Stats for Windows
[2015.12.09-04.38.14:254][891]LogMemory: Process Physical Memory: 574.18 MB used, 587.50 MB peak
[2015.12.09-04.38.14:254][891]LogMemory: Process Virtual Memory: 463.02 MB used, 475.45 MB peak
[2015.12.09-04.38.14:254][891]LogMemory: Physical Memory: 5639.39 MB used, 8151.90 MB total
[2015.12.09-04.38.14:254][891]LogMemory: Virtual Memory: 1090.09 MB used, 134217728.00 MB total
[2015.12.09-04.38.14:254][891]LogMemory: 
[2015.12.09-04.38.14:254][891]Allocator Stats for TBB: (not implemented)
[2015.12.09-04.38.14:392][891]LogAIModule: Creating AISystem for world Level1
[2015.12.09-04.38.14:395][891]LogWorld: Game class is 'BrainGameMode'
[2015.12.09-04.38.14:410][891]LogWorld: Bringing World /Game/FirstPerson/Maps/UEDPIE_0_Level1.Level1 up for play (max tick rate 60) at 2015.12.08-23.38.14
[2015.12.09-04.38.14:410][891]LogActor:Warning: GameSession /Game/FirstPerson/Maps/UEDPIE_0_Level1.Level1:PersistentLevel.GameSession_11 has natively added scene component(s), but none of them were set as the actor's RootComponent - picking one arbitrarily
[2015.12.09-04.38.14:411][891]LogActor:Warning: GameNetworkManager /Game/FirstPerson/Maps/UEDPIE_0_Level1.Level1:PersistentLevel.GameNetworkManager_11 has natively added scene component(s), but none of them were set as the actor's RootComponent - picking one arbitrarily
[2015.12.09-04.38.14:412][891]LogWorld: Bringing up level for play took: 0.013597
[2015.12.09-04.38.17:096][ 21]LogTemp:Warning: Begin !
[2015.12.09-04.38.22:093][278]LogPackageName: SearchForPackageOnDisk took   0.091s to resolve Level1.umap
[2015.12.09-04.38.22:179][278]LogPackageName: SearchForPackageOnDisk took   0.085s to resolve Level1.umap
[2015.12.09-04.38.22:179][278]LogNet: Browse: /Game/FirstPerson/Maps/Level1
[2015.12.09-04.38.22:180][278]LogLoad: LoadMap: /Game/FirstPerson/Maps/Level1
[2015.12.09-04.38.22:180][278]LogTemp:Warning: End !
[2015.12.09-04.38.22:214][278]LogParticles: Destroying 0 GPU particle simulations for FXSystem 0x000000BFE9ADE200
[2015.12.09-04.38.22:214][278]Cmd: MEM
[2015.12.09-04.38.22:241][278]LogMemory: Platform Memory Stats for Windows
[2015.12.09-04.38.22:241][278]LogMemory: Process Physical Memory: 588.03 MB used, 595.81 MB peak
[2015.12.09-04.38.22:241][278]LogMemory: Process Virtual Memory: 473.06 MB used, 480.85 MB peak
[2015.12.09-04.38.22:241][278]LogMemory: Physical Memory: 5643.09 MB used, 8151.90 MB total
[2015.12.09-04.38.22:241][278]LogMemory: Virtual Memory: 1098.17 MB used, 134217728.00 MB total
[2015.12.09-04.38.22:241][278]LogMemory: 
[2015.12.09-04.38.22:241][278]Allocator Stats for TBB: (not implemented)
[2015.12.09-04.38.22:368][278]LogAIModule: Creating AISystem for world Level1
[2015.12.09-04.38.22:370][278]LogWorld: Game class is 'BrainGameMode'
[2015.12.09-04.38.22:385][278]LogWorld: Bringing World /Game/FirstPerson/Maps/UEDPIE_0_Level1.Level1 up for play (max tick rate 60) at 2015.12.08-23.38.22
[2015.12.09-04.38.22:385][278]LogActor:Warning: GameSession /Game/FirstPerson/Maps/UEDPIE_0_Level1.Level1:PersistentLevel.GameSession_12 has natively added scene component(s), but none of them were set as the actor's RootComponent - picking one arbitrarily
[2015.12.09-04.38.22:386][278]LogActor:Warning: GameNetworkManager /Game/FirstPerson/Maps/UEDPIE_0_Level1.Level1:PersistentLevel.GameNetworkManager_12 has natively added scene component(s), but none of them were set as the actor's RootComponent - picking one arbitrarily
[2015.12.09-04.38.22:386][278]LogWorld: Bringing up level for play took: 0.013274
[2015.12.09-04.38.23:347][322]LogTemp:Warning: End !
[2015.12.09-04.38.24:737][393]LogTemp:Warning: Begin !
[2015.12.09-04.38.24:988][406]LogTemp:Warning: End !
[2015.12.09-04.38.30:145][620]LogParticles: Destroying 0 GPU particle simulations for FXSystem 0x000000BFE9ADE3E0
[2015.12.09-04.39.10:880][764]LogHotReload: New module detected: UE4Editor-Brain-2453.dll
[2015.12.09-04.39.12:229][769]LogHotReload: Starting Hot-Reload from IDE
[2015.12.09-04.39.12:231][769]LogD3D11RHI: InitD3DDevice
[2015.12.09-04.39.12:354][769]LogClass: EAction HotReload.
[2015.12.09-04.39.12:354][769]LogClass: ShearPlan HotReload.
[2015.12.09-04.39.12:354][769]LogClass: TransformationType HotReload.
[2015.12.09-04.39.12:354][769]LogClass: BrainCharacterSaveData HotReload.
[2015.12.09-04.39.12:354][769]LogClass: BrainCameraSaveData HotReload.
[2015.12.09-04.39.12:354][769]LogClass: BrainNIOSaveData HotReload.
[2015.12.09-04.39.12:354][769]LogClass: BrainTIOSaveData HotReload.
[2015.12.09-04.39.12:354][769]LogClass: BrainTransformSaveData HotReload.
[2015.12.09-04.39.12:354][769]LogClass: BrainSaveData HotReload.
[2015.12.09-04.39.12:354][769]LogClass: ObjectAction HotReload.
[2015.12.09-04.39.12:354][769]LogClass: Transformation HotReload.
[2015.12.09-04.39.13:448][769]LogContentBrowser: Native class hierarchy updated for 'Brain' in 0.0080 seconds. Added 27 classes and 10 folders.
[2015.12.09-04.39.13:451][769]Warning: HotReload successful (52 functions remapped  8 scriptstructs remapped)
[2015.12.09-04.39.13:510][769]LogContentBrowser: Native class hierarchy populated in 0.0214 seconds. Added 1820 classes and 313 folders.
[2015.12.09-04.39.13:511][769]LogD3D11RHI: InitD3DDevice
[2015.12.09-04.39.16:515][778]LogWindowsTextInputMethodSystem:Display: IME system now deactivated.
[2015.12.09-04.39.16:515][778]LogWindowsTextInputMethodSystem:Display: IME system now deactivated.
[2015.12.09-04.39.19:903][893]LogPlayLevel: PIE:  No blueprints needed recompiling
[2015.12.09-04.39.19:903][893]PIE: New page: PIE session: MainMenu (Dec 8, 2015, 6:39:19 PM)
[2015.12.09-04.39.19:903][893]LogPlayLevel: Creating play world package: /Game/FirstPerson/Maps/UEDPIE_0_MainMenu
[2015.12.09-04.39.19:904][893]LogPlayLevel: PIE: StaticDuplicateObject took: (0.000616s)
[2015.12.09-04.39.19:905][893]LogAIModule: Creating AISystem for world MainMenu
[2015.12.09-04.39.19:906][893]LogPlayLevel: PIE: World Init took: (0.002022s)
[2015.12.09-04.39.19:907][893]LogPlayLevel: PIE: Created PIE world by copying editor world from /Game/FirstPerson/Maps/MainMenu.MainMenu to /Game/FirstPerson/Maps/UEDPIE_0_MainMenu.MainMenu (0.003058s)
[2015.12.09-04.39.19:938][893]LogInit: XAudio2 using 'Casque (5- Périphérique High Definition Audio)' : 2 channels at 44.1 kHz using 16 bits per sample (channel mask 0x3)
[2015.12.09-04.39.19:942][893]LogInit: FAudioDevice initialized.
[2015.12.09-04.39.19:980][893]LogWorld: Game class is 'BrainGameMode'
[2015.12.09-04.39.19:985][893]LogWorld: Bringing World /Game/FirstPerson/Maps/UEDPIE_0_MainMenu.MainMenu up for play (max tick rate 60) at 2015.12.08-23.39.19
[2015.12.09-04.39.19:985][893]LogActor:Warning: GameSession /Game/FirstPerson/Maps/UEDPIE_0_MainMenu.MainMenu:PersistentLevel.GameSession_13 has natively added scene component(s), but none of them were set as the actor's RootComponent - picking one arbitrarily
[2015.12.09-04.39.19:985][893]LogActor:Warning: GameNetworkManager /Game/FirstPerson/Maps/UEDPIE_0_MainMenu.MainMenu:PersistentLevel.GameNetworkManager_13 has natively added scene component(s), but none of them were set as the actor's RootComponent - picking one arbitrarily
[2015.12.09-04.39.19:986][893]LogWorld: Bringing up level for play took: 0.001595
[2015.12.09-04.39.20:006][893]PIE: Info Play in editor start time for /Game/FirstPerson/Maps/UEDPIE_0_MainMenu -0.85
[2015.12.09-04.39.21:060][949]LogPackageName: SearchForPackageOnDisk took   0.106s to resolve Level1.umap
[2015.12.09-04.39.21:170][949]LogPackageName: SearchForPackageOnDisk took   0.110s to resolve Level1.umap
[2015.12.09-04.39.21:171][949]LogNet: Browse: /Game/FirstPerson/Maps/Level1
[2015.12.09-04.39.21:171][949]LogLoad: LoadMap: /Game/FirstPerson/Maps/Level1
[2015.12.09-04.39.21:195][949]LogParticles: Destroying 0 GPU particle simulations for FXSystem 0x000000BFE82E49A0
[2015.12.09-04.39.21:205][949]Cmd: MEM
[2015.12.09-04.39.21:231][949]LogMemory: Platform Memory Stats for Windows
[2015.12.09-04.39.21:231][949]LogMemory: Process Physical Memory: 583.31 MB used, 595.93 MB peak
[2015.12.09-04.39.21:231][949]LogMemory: Process Virtual Memory: 472.71 MB used, 480.93 MB peak
[2015.12.09-04.39.21:231][949]LogMemory: Physical Memory: 5668.36 MB used, 8151.90 MB total
[2015.12.09-04.39.21:231][949]LogMemory: Virtual Memory: 1095.50 MB used, 134217728.00 MB total
[2015.12.09-04.39.21:231][949]LogMemory: 
[2015.12.09-04.39.21:231][949]Allocator Stats for TBB: (not implemented)
[2015.12.09-04.39.21:447][949]LogAIModule: Creating AISystem for world Level1
[2015.12.09-04.39.21:450][949]LogWorld: Game class is 'BrainGameMode'
[2015.12.09-04.39.21:467][949]LogWorld: Bringing World /Game/FirstPerson/Maps/UEDPIE_0_Level1.Level1 up for play (max tick rate 60) at 2015.12.08-23.39.21
[2015.12.09-04.39.21:468][949]LogActor:Warning: GameSession /Game/FirstPerson/Maps/UEDPIE_0_Level1.Level1:PersistentLevel.GameSession_14 has natively added scene component(s), but none of them were set as the actor's RootComponent - picking one arbitrarily
[2015.12.09-04.39.21:468][949]LogActor:Warning: GameNetworkManager /Game/FirstPerson/Maps/UEDPIE_0_Level1.Level1:PersistentLevel.GameNetworkManager_14 has natively added scene component(s), but none of them were set as the actor's RootComponent - picking one arbitrarily
[2015.12.09-04.39.21:469][949]LogWorld: Bringing up level for play took: 0.015980
[2015.12.09-04.39.23:499][ 48]LogWindowsTextInputMethodSystem:Display: IME system now deactivated.
[2015.12.09-04.39.23:499][ 48]LogWindowsTextInputMethodSystem:Display: IME system now deactivated.
[2015.12.09-04.39.25:700][161]LogTemp:Warning: Begin !
[2015.12.09-04.39.31:461][460]LogPackageName: SearchForPackageOnDisk took   0.088s to resolve Level1.umap
[2015.12.09-04.39.31:550][460]LogPackageName: SearchForPackageOnDisk took   0.088s to resolve Level1.umap
[2015.12.09-04.39.31:550][460]LogNet: Browse: /Game/FirstPerson/Maps/Level1
[2015.12.09-04.39.31:550][460]LogLoad: LoadMap: /Game/FirstPerson/Maps/Level1
[2015.12.09-04.39.31:551][460]LogTemp:Warning: End !
[2015.12.09-04.39.31:587][460]LogParticles: Destroying 0 GPU particle simulations for FXSystem 0x000000BFE833E8E0
[2015.12.09-04.39.31:588][460]Cmd: MEM
[2015.12.09-04.39.31:610][460]LogMemory: Platform Memory Stats for Windows
[2015.12.09-04.39.31:610][460]LogMemory: Process Physical Memory: 589.75 MB used, 602.65 MB peak
[2015.12.09-04.39.31:610][460]LogMemory: Process Virtual Memory: 474.02 MB used, 486.98 MB peak
[2015.12.09-04.39.31:610][460]LogMemory: Physical Memory: 5650.71 MB used, 8151.90 MB total
[2015.12.09-04.39.31:610][460]LogMemory: Virtual Memory: 1100.32 MB used, 134217728.00 MB total
[2015.12.09-04.39.31:610][460]LogMemory: 
[2015.12.09-04.39.31:610][460]Allocator Stats for TBB: (not implemented)
[2015.12.09-04.39.31:730][460]LogAIModule: Creating AISystem for world Level1
[2015.12.09-04.39.31:732][460]LogWorld: Game class is 'BrainGameMode'
[2015.12.09-04.39.31:748][460]LogWorld: Bringing World /Game/FirstPerson/Maps/UEDPIE_0_Level1.Level1 up for play (max tick rate 60) at 2015.12.08-23.39.31
[2015.12.09-04.39.31:748][460]LogActor:Warning: GameSession /Game/FirstPerson/Maps/UEDPIE_0_Level1.Level1:PersistentLevel.GameSession_15 has natively added scene component(s), but none of them were set as the actor's RootComponent - picking one arbitrarily
[2015.12.09-04.39.31:749][460]LogActor:Warning: GameNetworkManager /Game/FirstPerson/Maps/UEDPIE_0_Level1.Level1:PersistentLevel.GameNetworkManager_15 has natively added scene component(s), but none of them were set as the actor's RootComponent - picking one arbitrarily
[2015.12.09-04.39.31:749][460]LogWorld: Bringing up level for play took: 0.014469
[2015.12.09-04.39.33:705][555]LogTemp:Warning: End !
[2015.12.09-04.39.37:178][733]LogTemp:Warning: Begin !
[2015.12.09-04.39.38:725][810]LogTemp:Warning: End !
[2015.12.09-04.39.39:251][837]LogTemp:Warning: Begin !
[2015.12.09-04.39.39:971][874]LogTemp:Warning: End !
[2015.12.09-04.39.41:525][953]LogTemp:Warning: Begin !
[2015.12.09-04.39.42:307][992]LogTemp:Warning: Begin !
[2015.12.09-04.39.42:471][  0]LogTemp:Warning: End !
[2015.12.09-04.39.42:731][ 13]LogTemp:Warning: Begin !
[2015.12.09-04.39.42:890][ 21]LogTemp:Warning: End !
[2015.12.09-04.39.47:259][238]LogParticles: Destroying 0 GPU particle simulations for FXSystem 0x000000BFE63989A0
[2015.12.09-04.39.59:060][318]LogWindowsTextInputMethodSystem:Display: IME system now deactivated.
[2015.12.09-04.39.59:060][318]LogWindowsTextInputMethodSystem:Display: IME system now deactivated.
[2015.12.09-04.40.23:386][455]LogHotReload: New module detected: UE4Editor-Brain-5165.dll
[2015.12.09-04.40.24:733][460]LogHotReload: Starting Hot-Reload from IDE
[2015.12.09-04.40.24:736][460]LogD3D11RHI: InitD3DDevice
[2015.12.09-04.40.24:909][460]LogClass: EAction HotReload.
[2015.12.09-04.40.24:909][460]LogClass: ShearPlan HotReload.
[2015.12.09-04.40.24:909][460]LogClass: TransformationType HotReload.
[2015.12.09-04.40.24:909][460]LogClass: BrainCharacterSaveData HotReload.
[2015.12.09-04.40.24:909][460]LogClass: BrainCameraSaveData HotReload.
[2015.12.09-04.40.24:909][460]LogClass: BrainNIOSaveData HotReload.
[2015.12.09-04.40.24:909][460]LogClass: BrainTIOSaveData HotReload.
[2015.12.09-04.40.24:909][460]LogClass: BrainTransformSaveData HotReload.
[2015.12.09-04.40.24:909][460]LogClass: BrainSaveData HotReload.
[2015.12.09-04.40.24:909][460]LogClass: ObjectAction HotReload.
[2015.12.09-04.40.24:909][460]LogClass: Transformation HotReload.
[2015.12.09-04.40.25:450][460]LogContentBrowser: Native class hierarchy updated for 'Brain' in 0.0079 seconds. Added 27 classes and 10 folders.
[2015.12.09-04.40.25:452][460]Warning: HotReload successful (52 functions remapped  8 scriptstructs remapped)
[2015.12.09-04.40.25:504][460]LogContentBrowser: Native class hierarchy populated in 0.0192 seconds. Added 1820 classes and 313 folders.
[2015.12.09-04.40.25:506][460]LogD3D11RHI: InitD3DDevice
[2015.12.09-04.40.35:306][704]LogPlayLevel: PIE:  No blueprints needed recompiling
[2015.12.09-04.40.35:306][704]PIE: New page: PIE session: MainMenu (Dec 8, 2015, 6:40:35 PM)
[2015.12.09-04.40.35:307][704]LogPlayLevel: Creating play world package: /Game/FirstPerson/Maps/UEDPIE_0_MainMenu
[2015.12.09-04.40.35:308][704]LogPlayLevel: PIE: StaticDuplicateObject took: (0.000593s)
[2015.12.09-04.40.35:309][704]LogAIModule: Creating AISystem for world MainMenu
[2015.12.09-04.40.35:309][704]LogPlayLevel: PIE: World Init took: (0.001545s)
[2015.12.09-04.40.35:310][704]LogPlayLevel: PIE: Created PIE world by copying editor world from /Game/FirstPerson/Maps/MainMenu.MainMenu to /Game/FirstPerson/Maps/UEDPIE_0_MainMenu.MainMenu (0.002451s)
[2015.12.09-04.40.35:345][704]LogInit: XAudio2 using 'Casque (5- Périphérique High Definition Audio)' : 2 channels at 44.1 kHz using 16 bits per sample (channel mask 0x3)
[2015.12.09-04.40.35:350][704]LogInit: FAudioDevice initialized.
[2015.12.09-04.40.35:391][704]LogWorld: Game class is 'BrainGameMode'
[2015.12.09-04.40.35:395][704]LogWorld: Bringing World /Game/FirstPerson/Maps/UEDPIE_0_MainMenu.MainMenu up for play (max tick rate 60) at 2015.12.08-23.40.35
[2015.12.09-04.40.35:395][704]LogActor:Warning: GameSession /Game/FirstPerson/Maps/UEDPIE_0_MainMenu.MainMenu:PersistentLevel.GameSession_16 has natively added scene component(s), but none of them were set as the actor's RootComponent - picking one arbitrarily
[2015.12.09-04.40.35:396][704]LogActor:Warning: GameNetworkManager /Game/FirstPerson/Maps/UEDPIE_0_MainMenu.MainMenu:PersistentLevel.GameNetworkManager_16 has natively added scene component(s), but none of them were set as the actor's RootComponent - picking one arbitrarily
[2015.12.09-04.40.35:396][704]LogWorld: Bringing up level for play took: 0.001576
[2015.12.09-04.40.35:415][704]PIE: Info Play in editor start time for /Game/FirstPerson/Maps/UEDPIE_0_MainMenu 0.558
[2015.12.09-04.40.36:503][763]LogPackageName: SearchForPackageOnDisk took   0.091s to resolve Level1.umap
[2015.12.09-04.40.36:589][763]LogPackageName: SearchForPackageOnDisk took   0.086s to resolve Level1.umap
[2015.12.09-04.40.36:589][763]LogNet: Browse: /Game/FirstPerson/Maps/Level1
[2015.12.09-04.40.36:590][763]LogLoad: LoadMap: /Game/FirstPerson/Maps/Level1
[2015.12.09-04.40.36:611][763]LogParticles: Destroying 0 GPU particle simulations for FXSystem 0x000000BFE8355BC0
[2015.12.09-04.40.36:619][763]Cmd: MEM
[2015.12.09-04.40.36:643][763]LogMemory: Platform Memory Stats for Windows
[2015.12.09-04.40.36:643][763]LogMemory: Process Physical Memory: 585.29 MB used, 602.65 MB peak
[2015.12.09-04.40.36:643][763]LogMemory: Process Virtual Memory: 473.32 MB used, 486.98 MB peak
[2015.12.09-04.40.36:643][763]LogMemory: Physical Memory: 5664.10 MB used, 8151.90 MB total
[2015.12.09-04.40.36:643][763]LogMemory: Virtual Memory: 1091.74 MB used, 134217728.00 MB total
[2015.12.09-04.40.36:643][763]LogMemory: 
[2015.12.09-04.40.36:643][763]Allocator Stats for TBB: (not implemented)
[2015.12.09-04.40.36:772][763]LogAIModule: Creating AISystem for world Level1
[2015.12.09-04.40.36:775][763]LogWorld: Game class is 'BrainGameMode'
[2015.12.09-04.40.36:792][763]LogWorld: Bringing World /Game/FirstPerson/Maps/UEDPIE_0_Level1.Level1 up for play (max tick rate 60) at 2015.12.08-23.40.36
[2015.12.09-04.40.36:792][763]LogActor:Warning: GameSession /Game/FirstPerson/Maps/UEDPIE_0_Level1.Level1:PersistentLevel.GameSession_17 has natively added scene component(s), but none of them were set as the actor's RootComponent - picking one arbitrarily
[2015.12.09-04.40.36:793][763]LogActor:Warning: GameNetworkManager /Game/FirstPerson/Maps/UEDPIE_0_Level1.Level1:PersistentLevel.GameNetworkManager_17 has natively added scene component(s), but none of them were set as the actor's RootComponent - picking one arbitrarily
[2015.12.09-04.40.36:793][763]LogWorld: Bringing up level for play took: 0.014311
[2015.12.09-04.40.39:651][907]LogWindowsTextInputMethodSystem:Display: IME system now deactivated.
[2015.12.09-04.40.39:651][907]LogWindowsTextInputMethodSystem:Display: IME system now deactivated.
[2015.12.09-04.40.41:914][ 23]LogTemp:Warning: Begin !
[2015.12.09-04.40.46:315][249]LogPackageName: SearchForPackageOnDisk took   0.090s to resolve Level1.umap
[2015.12.09-04.40.46:425][249]LogPackageName: SearchForPackageOnDisk took   0.109s to resolve Level1.umap
[2015.12.09-04.40.46:426][249]LogNet: Browse: /Game/FirstPerson/Maps/Level1
[2015.12.09-04.40.46:426][249]LogLoad: LoadMap: /Game/FirstPerson/Maps/Level1
[2015.12.09-04.40.46:426][249]LogTemp:Warning: End !
[2015.12.09-04.40.46:467][249]LogParticles: Destroying 0 GPU particle simulations for FXSystem 0x000000BFE63BE5C0
[2015.12.09-04.40.46:468][249]Cmd: MEM
[2015.12.09-04.40.46:493][249]LogMemory: Platform Memory Stats for Windows
[2015.12.09-04.40.46:493][249]LogMemory: Process Physical Memory: 597.45 MB used, 605.57 MB peak
[2015.12.09-04.40.46:493][249]LogMemory: Process Virtual Memory: 482.82 MB used, 490.99 MB peak
[2015.12.09-04.40.46:493][249]LogMemory: Physical Memory: 5673.32 MB used, 8151.90 MB total
[2015.12.09-04.40.46:493][249]LogMemory: Virtual Memory: 1106.94 MB used, 134217728.00 MB total
[2015.12.09-04.40.46:493][249]LogMemory: 
[2015.12.09-04.40.46:493][249]Allocator Stats for TBB: (not implemented)
[2015.12.09-04.40.46:636][249]LogAIModule: Creating AISystem for world Level1
[2015.12.09-04.40.46:640][249]LogWorld: Game class is 'BrainGameMode'
[2015.12.09-04.40.46:655][249]LogWorld: Bringing World /Game/FirstPerson/Maps/UEDPIE_0_Level1.Level1 up for play (max tick rate 60) at 2015.12.08-23.40.46
[2015.12.09-04.40.46:655][249]LogActor:Warning: GameSession /Game/FirstPerson/Maps/UEDPIE_0_Level1.Level1:PersistentLevel.GameSession_18 has natively added scene component(s), but none of them were set as the actor's RootComponent - picking one arbitrarily
[2015.12.09-04.40.46:656][249]LogActor:Warning: GameNetworkManager /Game/FirstPerson/Maps/UEDPIE_0_Level1.Level1:PersistentLevel.GameNetworkManager_18 has natively added scene component(s), but none of them were set as the actor's RootComponent - picking one arbitrarily
[2015.12.09-04.40.46:656][249]LogWorld: Bringing up level for play took: 0.013552
[2015.12.09-04.40.48:226][325]LogTemp:Warning: End !
[2015.12.09-04.40.50:027][418]LogTemp:Warning: Begin !
[2015.12.09-04.40.50:598][447]LogTemp:Warning: End !
[2015.12.09-04.40.51:759][506]LogTemp:Warning: Begin !
[2015.12.09-04.40.54:548][645]LogParticles: Destroying 0 GPU particle simulations for FXSystem 0x000000BFE63BD9E0
[2015.12.09-04.43.17:018][231]LogWindowsTextInputMethodSystem:Display: IME system now deactivated.
[2015.12.09-04.43.17:019][231]LogWindowsTextInputMethodSystem:Display: IME system now deactivated.
[2015.12.09-04.51.52:008][782]LogHotReload: New module detected: UE4Editor-Brain-9815.dll
[2015.12.09-04.51.53:353][787]LogHotReload: Starting Hot-Reload from IDE
[2015.12.09-04.51.53:354][787]LogD3D11RHI: InitD3DDevice
[2015.12.09-04.51.54:569][787]LogClass: EAction HotReload.
[2015.12.09-04.51.54:569][787]LogClass: ShearPlan HotReload.
[2015.12.09-04.51.54:569][787]LogClass: TransformationType HotReload.
[2015.12.09-04.51.54:569][787]LogClass: BrainCharacterSaveData HotReload.
[2015.12.09-04.51.54:569][787]LogClass: BrainCameraSaveData HotReload.
[2015.12.09-04.51.54:569][787]LogClass: BrainNIOSaveData HotReload.
[2015.12.09-04.51.54:569][787]LogClass: BrainTIOSaveData HotReload.
[2015.12.09-04.51.54:569][787]LogClass: BrainTransformSaveData HotReload.
[2015.12.09-04.51.54:569][787]LogClass: BrainSaveData HotReload.
[2015.12.09-04.51.54:569][787]LogClass: ObjectAction HotReload.
[2015.12.09-04.51.54:569][787]LogClass: Transformation HotReload.
[2015.12.09-04.51.54:641][787]LogContentBrowser: Native class hierarchy updated for 'Brain' in 0.0076 seconds. Added 27 classes and 10 folders.
[2015.12.09-04.51.54:643][787]Warning: HotReload successful (52 functions remapped  8 scriptstructs remapped)
[2015.12.09-04.51.54:697][787]LogContentBrowser: Native class hierarchy populated in 0.0186 seconds. Added 1820 classes and 313 folders.
[2015.12.09-04.51.54:699][787]LogD3D11RHI: InitD3DDevice
[2015.12.09-04.51.58:113][911]LogPlayLevel: PIE:  No blueprints needed recompiling
[2015.12.09-04.51.58:113][911]PIE: New page: PIE session: MainMenu (Dec 8, 2015, 6:51:58 PM)
[2015.12.09-04.51.58:114][911]LogPlayLevel: Creating play world package: /Game/FirstPerson/Maps/UEDPIE_0_MainMenu
[2015.12.09-04.51.58:114][911]LogPlayLevel: PIE: StaticDuplicateObject took: (0.000582s)
[2015.12.09-04.51.58:115][911]LogAIModule: Creating AISystem for world MainMenu
[2015.12.09-04.51.58:116][911]LogPlayLevel: PIE: World Init took: (0.001860s)
[2015.12.09-04.51.58:116][911]LogPlayLevel: PIE: Created PIE world by copying editor world from /Game/FirstPerson/Maps/MainMenu.MainMenu to /Game/FirstPerson/Maps/UEDPIE_0_MainMenu.MainMenu (0.002765s)
[2015.12.09-04.51.58:150][911]LogInit: XAudio2 using 'Casque (5- Périphérique High Definition Audio)' : 2 channels at 44.1 kHz using 16 bits per sample (channel mask 0x3)
[2015.12.09-04.51.58:155][911]LogInit: FAudioDevice initialized.
[2015.12.09-04.51.58:204][911]LogWorld: Game class is 'BrainGameMode'
[2015.12.09-04.51.58:208][911]LogWorld: Bringing World /Game/FirstPerson/Maps/UEDPIE_0_MainMenu.MainMenu up for play (max tick rate 60) at 2015.12.08-23.51.58
[2015.12.09-04.51.58:208][911]LogActor:Warning: GameSession /Game/FirstPerson/Maps/UEDPIE_0_MainMenu.MainMenu:PersistentLevel.GameSession_19 has natively added scene component(s), but none of them were set as the actor's RootComponent - picking one arbitrarily
[2015.12.09-04.51.58:209][911]LogActor:Warning: GameNetworkManager /Game/FirstPerson/Maps/UEDPIE_0_MainMenu.MainMenu:PersistentLevel.GameNetworkManager_19 has natively added scene component(s), but none of them were set as the actor's RootComponent - picking one arbitrarily
[2015.12.09-04.51.58:209][911]LogWorld: Bringing up level for play took: 0.002130
[2015.12.09-04.51.58:229][911]PIE: Info Play in editor start time for /Game/FirstPerson/Maps/UEDPIE_0_MainMenu -0.628
[2015.12.09-04.51.59:384][974]LogPackageName: SearchForPackageOnDisk took   0.091s to resolve Level1.umap
[2015.12.09-04.51.59:485][974]LogPackageName: SearchForPackageOnDisk took   0.100s to resolve Level1.umap
[2015.12.09-04.51.59:485][974]LogNet: Browse: /Game/FirstPerson/Maps/Level1
[2015.12.09-04.51.59:485][974]LogLoad: LoadMap: /Game/FirstPerson/Maps/Level1
[2015.12.09-04.51.59:505][974]LogParticles: Destroying 0 GPU particle simulations for FXSystem 0x000000BFE83565C0
[2015.12.09-04.51.59:514][974]Cmd: MEM
[2015.12.09-04.51.59:536][974]LogMemory: Platform Memory Stats for Windows
[2015.12.09-04.51.59:536][974]LogMemory: Process Physical Memory: 591.28 MB used, 605.57 MB peak
[2015.12.09-04.51.59:536][974]LogMemory: Process Virtual Memory: 479.75 MB used, 490.99 MB peak
[2015.12.09-04.51.59:536][974]LogMemory: Physical Memory: 6431.56 MB used, 8151.90 MB total
[2015.12.09-04.51.59:536][974]LogMemory: Virtual Memory: 1103.18 MB used, 134217728.00 MB total
[2015.12.09-04.51.59:536][974]LogMemory: 
[2015.12.09-04.51.59:536][974]Allocator Stats for TBB: (not implemented)
[2015.12.09-04.51.59:663][974]LogAIModule: Creating AISystem for world Level1
[2015.12.09-04.51.59:666][974]LogWorld: Game class is 'BrainGameMode'
[2015.12.09-04.51.59:681][974]LogWorld: Bringing World /Game/FirstPerson/Maps/UEDPIE_0_Level1.Level1 up for play (max tick rate 60) at 2015.12.08-23.51.59
[2015.12.09-04.51.59:681][974]LogActor:Warning: GameSession /Game/FirstPerson/Maps/UEDPIE_0_Level1.Level1:PersistentLevel.GameSession_20 has natively added scene component(s), but none of them were set as the actor's RootComponent - picking one arbitrarily
[2015.12.09-04.51.59:682][974]LogActor:Warning: GameNetworkManager /Game/FirstPerson/Maps/UEDPIE_0_Level1.Level1:PersistentLevel.GameNetworkManager_20 has natively added scene component(s), but none of them were set as the actor's RootComponent - picking one arbitrarily
[2015.12.09-04.51.59:682][974]LogWorld: Bringing up level for play took: 0.013099
[2015.12.09-04.52.05:572][282]LogWindowsTextInputMethodSystem:Display: IME system now deactivated.
[2015.12.09-04.52.05:572][282]LogWindowsTextInputMethodSystem:Display: IME system now deactivated.
[2015.12.09-04.52.08:026][408]LogTemp:Warning: Begin !
[2015.12.09-04.52.13:518][691]LogPackageName: SearchForPackageOnDisk took   0.088s to resolve Level1.umap
[2015.12.09-04.52.13:604][691]LogPackageName: SearchForPackageOnDisk took   0.085s to resolve Level1.umap
[2015.12.09-04.52.13:604][691]LogNet: Browse: /Game/FirstPerson/Maps/Level1
[2015.12.09-04.52.13:604][691]LogLoad: LoadMap: /Game/FirstPerson/Maps/Level1
[2015.12.09-04.52.13:604][691]LogTemp:Warning: End !
[2015.12.09-04.52.13:642][691]LogParticles: Destroying 0 GPU particle simulations for FXSystem 0x000000BFFC535E40
[2015.12.09-04.52.13:642][691]Cmd: MEM
[2015.12.09-04.52.13:667][691]LogMemory: Platform Memory Stats for Windows
[2015.12.09-04.52.13:667][691]LogMemory: Process Physical Memory: 599.30 MB used, 605.57 MB peak
[2015.12.09-04.52.13:667][691]LogMemory: Process Virtual Memory: 482.54 MB used, 490.99 MB peak
[2015.12.09-04.52.13:667][691]LogMemory: Physical Memory: 6413.42 MB used, 8151.90 MB total
[2015.12.09-04.52.13:667][691]LogMemory: Virtual Memory: 1103.18 MB used, 134217728.00 MB total
[2015.12.09-04.52.13:667][691]LogMemory: 
[2015.12.09-04.52.13:667][691]Allocator Stats for TBB: (not implemented)
[2015.12.09-04.52.13:800][691]LogAIModule: Creating AISystem for world Level1
[2015.12.09-04.52.13:802][691]LogWorld: Game class is 'BrainGameMode'
[2015.12.09-04.52.13:817][691]LogWorld: Bringing World /Game/FirstPerson/Maps/UEDPIE_0_Level1.Level1 up for play (max tick rate 60) at 2015.12.08-23.52.13
[2015.12.09-04.52.13:817][691]LogActor:Warning: GameSession /Game/FirstPerson/Maps/UEDPIE_0_Level1.Level1:PersistentLevel.GameSession_21 has natively added scene component(s), but none of them were set as the actor's RootComponent - picking one arbitrarily
[2015.12.09-04.52.13:818][691]LogActor:Warning: GameNetworkManager /Game/FirstPerson/Maps/UEDPIE_0_Level1.Level1:PersistentLevel.GameNetworkManager_21 has natively added scene component(s), but none of them were set as the actor's RootComponent - picking one arbitrarily
[2015.12.09-04.52.13:819][691]LogWorld: Bringing up level for play took: 0.013732
[2015.12.09-04.52.15:679][782]LogTemp:Warning: End !
[2015.12.09-04.52.17:498][874]LogTemp:Warning: Begin !
[2015.12.09-04.52.17:891][894]LogTemp:Warning: End !
[2015.12.09-04.52.19:456][972]LogTemp:Warning: Begin !
[2015.12.09-04.52.19:951][997]LogTemp:Warning: End !
[2015.12.09-04.52.23:462][176]LogSelection:Warning: PIE object was selected: "StaticMeshActor /Game/FirstPerson/Maps/UEDPIE_0_Level1.Level1:PersistentLevel.Wall2_42"
[2015.12.09-04.52.32:924][636]LogParticles: Destroying 0 GPU particle simulations for FXSystem 0x000000BFFC535C60
[2015.12.09-04.52.36:768][861]LogD3D11RHI: InitD3DDevice
[2015.12.09-04.52.36:876][861]LogAIModule: Creating AISystem for world Level1
[2015.12.09-04.52.37:034][861]Cmd: MAP LOAD FILE="../../../../../../Users/Sullivan/Documents/Brain-new/Content/FirstPerson/Maps/Level1.umap" TEMPLATE=0 SHOWPROGRESS=1 FEATURELEVEL=3
[2015.12.09-04.52.37:034][861]LightingResults: New page: Lighting Build
[2015.12.09-04.52.37:118][861]LoadErrors: New page: Loading map: Level1.umap
[2015.12.09-04.52.37:118][861]MapCheck: New page: Map Check
[2015.12.09-04.52.37:118][861]LightingResults: New page: Lighting Build
[2015.12.09-04.52.37:159][861]LogParticles: Destroying 0 GPU particle simulations for FXSystem 0x000000BFEB4B2200
[2015.12.09-04.52.37:281][861]LogAIModule: Creating AISystem for world Level1
[2015.12.09-04.52.37:288][861]LogEditorServer: Finished looking for orphan Actors (0.000 secs)
[2015.12.09-04.52.37:367][861]Cmd: MAP CHECKDEP NOCLEARLOG
[2015.12.09-04.52.38:297][861]MapCheck: Info Map check complete: 0 Error(s), 0 Warning(s), took 929.682ms to complete.
[2015.12.09-04.52.38:298][861]LogFileHelpers: Loading map 'Level1' took 1.278
[2015.12.09-04.52.39:685][913]LogEditorViewport: Clicking on Actor (LMB): StaticMeshActor (porte4)
[2015.12.09-05.06.34:302][972]Cmd: QUIT_EDITOR
[2015.12.09-05.06.34:677][972]LogWindowsTextInputMethodSystem:Display: IME system now deactivated.
[2015.12.09-05.06.34:850][972]LogExit: Preparing to exit.
[2015.12.09-05.06.35:689][972]LogActorComponent: UnregisterComponent: (None.None) Not registered. Aborting.
[2015.12.09-05.06.35:689][972]LogActorComponent: UnregisterComponent: (None.None) Not registered. Aborting.
[2015.12.09-05.06.35:689][972]LogActorComponent: UnregisterComponent: (None.None) Not registered. Aborting.
[2015.12.09-05.06.35:689][972]LogActorComponent: UnregisterComponent: (None.None) Not registered. Aborting.
[2015.12.09-05.06.35:689][972]LogActorComponent: UnregisterComponent: (None.None) Not registered. Aborting.
[2015.12.09-05.06.35:689][972]LogActorComponent: UnregisterComponent: (None.None) Not registered. Aborting.
[2015.12.09-05.06.35:737][972]LogParticles: Destroying 0 GPU particle simulations for FXSystem 0x000000BFEBA4E8E0
[2015.12.09-05.06.35:742][972]LogExit: Editor shut down
[2015.12.09-05.06.35:743][972]LogExit: Transaction tracking system shut down
[2015.12.09-05.06.35:745][972]LogParticles: Destroying 0 GPU particle simulations for FXSystem 0x000000BF819567A0
[2015.12.09-05.06.35:746][972]LogParticles: Destroying 0 GPU particle simulations for FXSystem 0x000000BF81956660
[2015.12.09-05.06.35:960][972]LogParticles: Destroying 0 GPU particle simulations for FXSystem 0x000000BFEBA4CE00
[2015.12.09-05.06.35:960][972]LogExit: Object subsystem successfully closed.
[2015.12.09-05.06.35:998][972]LogD3D11RHI: Shutdown
[2015.12.09-05.06.35:998][972]LogD3D11RHI: CleanupD3DDevice
[2015.12.09-05.06.36:087][972]LogD3D11RHI: ~FD3D11DynamicRHI
[2015.12.09-05.06.36:118][972]LogModuleManager: Shutting down and abandoning module CrashTracker (189)
[2015.12.09-05.06.36:118][972]LogModuleManager: Shutting down and abandoning module SceneOutliner (188)
[2015.12.09-05.06.36:118][972]LogModuleManager: Shutting down and abandoning module SuperSearch (187)
[2015.12.09-05.06.36:118][972]LogModuleManager: Shutting down and abandoning module WidgetCarousel (186)
[2015.12.09-05.06.36:118][972]LogModuleManager: Shutting down and abandoning module AddContentDialog (185)
[2015.12.09-05.06.36:121][972]LogModuleManager: Shutting down and abandoning module EditorWidgets (184)
[2015.12.09-05.06.36:121][972]LogModuleManager: Shutting down and abandoning module CollectionManager (183)
[2015.12.09-05.06.36:121][972]LogModuleManager: Shutting down and abandoning module StatsViewer (182)
[2015.12.09-05.06.36:121][972]LogModuleManager: Shutting down and abandoning module FoliageEdit (181)
[2015.12.09-05.06.36:121][972]LogModuleManager: Shutting down and abandoning module LandscapeEditor (180)
[2015.12.09-05.06.36:121][972]LogModuleManager: Shutting down and abandoning module ActorPickerMode (179)
[2015.12.09-05.06.36:121][972]LogModuleManager: Shutting down and abandoning module GeometryMode (178)
[2015.12.09-05.06.36:121][972]LogModuleManager: Shutting down and abandoning module TextureAlignMode (177)
[2015.12.09-05.06.36:121][972]LogModuleManager: Shutting down and abandoning module BspMode (176)
[2015.12.09-05.06.36:121][972]LogModuleManager: Shutting down and abandoning module PlacementMode (175)
[2015.12.09-05.06.36:122][972]LogModuleManager: Shutting down and abandoning module AutomationWorker (174)
[2015.12.09-05.06.36:122][972]LogModuleManager: Shutting down and abandoning module CharacterAI (173)
[2015.12.09-05.06.36:122][972]LogModuleManager: Shutting down and abandoning module SmartSnapping (172)
[2015.12.09-05.06.36:122][972]LogModuleManager: Shutting down and abandoning module ViewportSnapping (171)
[2015.12.09-05.06.36:122][972]LogModuleManager: Shutting down and abandoning module LogVisualizer (170)
[2015.12.09-05.06.36:122][972]LogModuleManager: Shutting down and abandoning module GameProjectGeneration (169)
[2015.12.09-05.06.36:122][972]LogModuleManager: Shutting down and abandoning module IntroTutorials (168)
[2015.12.09-05.06.36:122][972]LogModuleManager: Shutting down and abandoning module EditorLiveStreaming (167)
[2015.12.09-05.06.36:122][972]LogModuleManager: Shutting down and abandoning module IOSPlatformEditor (166)
[2015.12.09-05.06.36:122][972]LogModuleManager: Shutting down and abandoning module HTML5PlatformEditor (165)
[2015.12.09-05.06.36:122][972]LogModuleManager: Shutting down and abandoning module AndroidDeviceDetection (164)
[2015.12.09-05.06.37:027][972]LogModuleManager: Shutting down and abandoning module AndroidPlatformEditor (163)
[2015.12.09-05.06.37:027][972]LogModuleManager: Shutting down and abandoning module IOSRuntimeSettings (162)
[2015.12.09-05.06.37:027][972]LogModuleManager: Shutting down and abandoning module AndroidRuntimeSettings (161)
[2015.12.09-05.06.37:027][972]LogModuleManager: Shutting down and abandoning module MergeActors (160)
[2015.12.09-05.06.37:027][972]LogModuleManager: Shutting down and abandoning module SizeMap (159)
[2015.12.09-05.06.37:027][972]LogModuleManager: Shutting down and abandoning module TreeMap (158)
[2015.12.09-05.06.37:027][972]LogModuleManager: Shutting down and abandoning module ReferenceViewer (157)
[2015.12.09-05.06.37:027][972]LogModuleManager: Shutting down and abandoning module LocalizationDashboard (156)
[2015.12.09-05.06.37:027][972]LogModuleManager: Shutting down and abandoning module HardwareTargeting (155)
[2015.12.09-05.06.37:027][972]LogModuleManager: Shutting down and abandoning module DeviceProfileEditor (154)
[2015.12.09-05.06.37:027][972]LogModuleManager: Shutting down and abandoning module UndoHistory (153)
[2015.12.09-05.06.37:027][972]LogModuleManager: Shutting down and abandoning module GameplayTagsEditor (152)
[2015.12.09-05.06.37:027][972]LogModuleManager: Shutting down and abandoning module UserFeedback (151)
[2015.12.09-05.06.37:027][972]LogModuleManager: Shutting down and abandoning module XmlParser (150)
[2015.12.09-05.06.37:027][972]LogModuleManager: Shutting down and abandoning module Blutility (149)
[2015.12.09-05.06.37:027][972]LogModuleManager: Shutting down and abandoning module ProjectTargetPlatformEditor (148)
[2015.12.09-05.06.37:027][972]LogModuleManager: Shutting down and abandoning module ProjectSettingsViewer (147)
[2015.12.09-05.06.37:027][972]LogModuleManager: Shutting down and abandoning module InputBindingEditor (146)
[2015.12.09-05.06.37:027][972]LogModuleManager: Shutting down and abandoning module EditorSettingsViewer (145)
[2015.12.09-05.06.37:027][972]LogModuleManager: Shutting down and abandoning module SettingsEditor (144)
[2015.12.09-05.06.37:027][972]LogModuleManager: Shutting down and abandoning module ProjectLauncher (143)
[2015.12.09-05.06.37:027][972]LogModuleManager: Shutting down and abandoning module SessionFrontend (142)
[2015.12.09-05.06.37:028][972]LogModuleManager: Shutting down and abandoning module ProfilerClient (141)
[2015.12.09-05.06.37:028][972]LogModuleManager: Shutting down and abandoning module TargetDeviceServices (140)
[2015.12.09-05.06.37:028][972]LogModuleManager: Shutting down and abandoning module DeviceManager (139)
[2015.12.09-05.06.37:028][972]LogModuleManager: Shutting down and abandoning module AutomationController (138)
[2015.12.09-05.06.37:028][972]LogModuleManager: Shutting down and abandoning module AutomationWindow (137)
[2015.12.09-05.06.37:028][972]LogModuleManager: Shutting down and abandoning module Layers (136)
[2015.12.09-05.06.37:028][972]LogModuleManager: Shutting down and abandoning module ComponentVisualizers (135)
[2015.12.09-05.06.37:028][972]LogModuleManager: Shutting down and abandoning module DetailCustomizations (134)
[2015.12.09-05.06.37:028][972]LogModuleManager: Shutting down and abandoning module PackagesDialog (133)
[2015.12.09-05.06.37:028][972]LogModuleManager: Shutting down and abandoning module AssetRegistry (132)
[2015.12.09-05.06.37:146][972]LogModuleManager: Shutting down and abandoning module Persona (131)
[2015.12.09-05.06.37:146][972]LogModuleManager: Shutting down and abandoning module Kismet (130)
[2015.12.09-05.06.37:146][972]LogModuleManager: Shutting down and abandoning module GraphEditor (129)
[2015.12.09-05.06.37:146][972]LogModuleManager: Shutting down and abandoning module ClassViewer (128)
[2015.12.09-05.06.37:146][972]LogModuleManager: Shutting down and abandoning module Toolbox (127)
[2015.12.09-05.06.37:146][972]LogModuleManager: Shutting down and abandoning module ModuleUI (126)
[2015.12.09-05.06.37:147][972]LogModuleManager: Shutting down and abandoning module MovieSceneTools (125)
[2015.12.09-05.06.37:147][972]LogModuleManager: Shutting down and abandoning module OutputLog (124)
[2015.12.09-05.06.37:147][972]LogModuleManager: Shutting down and abandoning module GammaUI (123)
[2015.12.09-05.06.37:147][972]LogModuleManager: Shutting down and abandoning module Documentation (122)
[2015.12.09-05.06.37:147][972]LogModuleManager: Shutting down and abandoning module GameLiveStreaming (121)
[2015.12.09-05.06.37:147][972]LogModuleManager: Shutting down and abandoning module StreamingPauseRendering (120)
[2015.12.09-05.06.37:147][972]LogModuleManager: Shutting down and abandoning module AnalyticsET (119)
[2015.12.09-05.06.37:147][972]LogModuleManager: Shutting down and abandoning module Analytics (118)
[2015.12.09-05.06.37:147][972]LogModuleManager: Shutting down and abandoning module AITestSuite (117)
[2015.12.09-05.06.37:147][972]LogModuleManager: Shutting down and abandoning module GameplayDebugger (116)
[2015.12.09-05.06.37:147][972]LogModuleManager: Shutting down and abandoning module AIModule (115)
[2015.12.09-05.06.37:147][972]LogModuleManager: Shutting down and abandoning module ProfilerService (114)
[2015.12.09-05.06.37:305][972]LogModuleManager: Shutting down and abandoning module TaskGraph (113)
[2015.12.09-05.06.37:305][972]LogModuleManager: Shutting down and abandoning module SlateRemote (112)
[2015.12.09-05.06.37:305][972]LogModuleManager: Shutting down and abandoning module SteamVRController (111)
[2015.12.09-05.06.37:305][972]LogModuleManager: Shutting down and abandoning module SteamVR (110)
[2015.12.09-05.06.37:305][972]LogModuleManager: Shutting down and abandoning module ProceduralMeshComponent (109)
[2015.12.09-05.06.37:305][972]LogModuleManager: Shutting down and abandoning module OculusRift (108)
[2015.12.09-05.06.37:305][972]LogModuleManager: Shutting down and abandoning module LeapMotionController (107)
[2015.12.09-05.06.37:318][972]LogModuleManager: Shutting down and abandoning module CustomMeshComponent (106)
[2015.12.09-05.06.37:318][972]LogModuleManager: Shutting down and abandoning module CableComponent (105)
[2015.12.09-05.06.37:318][972]LogModuleManager: Shutting down and abandoning module MessagingDebugger (104)
[2015.12.09-05.06.37:318][972]LogModuleManager: Shutting down and abandoning module MediaPlayerEditor (103)
[2015.12.09-05.06.37:319][972]LogModuleManager: Shutting down and abandoning module SpeedTreeImporter (102)
[2015.12.09-05.06.37:319][972]LogModuleManager: Shutting down and abandoning module PluginBrowser (101)
[2015.12.09-05.06.37:319][972]LogModuleManager: Shutting down and abandoning module EpicSurvey (100)
[2015.12.09-05.06.37:319][972]LogModuleManager: Shutting down and abandoning module DesktopPlatform (99)
[2015.12.09-05.06.37:319][972]LogModuleManager: Shutting down and abandoning module VisualStudioSourceCodeAccess (98)
[2015.12.09-05.06.37:319][972]LogModuleManager: Shutting down and abandoning module UObjectPlugin (97)
[2015.12.09-05.06.37:319][972]LogModuleManager: Shutting down and abandoning module SubversionSourceControl (96)
[2015.12.09-05.06.37:319][972]LogModuleManager: Shutting down and abandoning module PerforceSourceControl (95)
[2015.12.09-05.06.37:319][972]LogModuleManager: Shutting down and abandoning module SourceControl (94)
[2015.12.09-05.06.37:319][972]LogModuleManager: Shutting down and abandoning module GitSourceControl (93)
[2015.12.09-05.06.37:319][972]LogModuleManager: Shutting down and abandoning module BlankPlugin (92)
[2015.12.09-05.06.37:319][972]LogModuleManager: Shutting down and abandoning module PaperTiledImporter (91)
[2015.12.09-05.06.37:319][972]LogModuleManager: Shutting down and abandoning module PaperSpriteSheetImporter (90)
[2015.12.09-05.06.37:319][972]LogModuleManager: Shutting down and abandoning module MeshPaint (89)
[2015.12.09-05.06.37:319][972]LogModuleManager: Shutting down and abandoning module SlateReflector (88)
[2015.12.09-05.06.37:319][972]LogModuleManager: Shutting down and abandoning module DirectoryWatcher (87)
[2015.12.09-05.06.37:322][972]LogModuleManager: Shutting down and abandoning module HotReload (86)
[2015.12.09-05.06.37:322][972]LogModuleManager: Shutting down and abandoning module MainFrame (85)
[2015.12.09-05.06.37:322][972]LogModuleManager: Shutting down and abandoning module LevelEditor (84)
[2015.12.09-05.06.37:323][972]LogModuleManager: Shutting down and abandoning module ContentBrowser (83)
[2015.12.09-05.06.37:324][972]LogModuleManager: Shutting down and abandoning module Paper2DEditor (82)
[2015.12.09-05.06.37:324][972]LogModuleManager: Shutting down and abandoning module Brain (81)
[2015.12.09-05.06.37:324][972]LogModuleManager: Shutting down and abandoning module UdpMessaging (80)
[2015.12.09-05.06.37:425][972]LogModuleManager: Shutting down and abandoning module Paper2D (79)
[2015.12.09-05.06.37:425][972]LogModuleManager: Shutting down and abandoning module WindowsMoviePlayer (78)
[2015.12.09-05.06.37:425][972]LogModuleManager: Shutting down and abandoning module Media (77)
[2015.12.09-05.06.37:435][972]LogModuleManager: Shutting down and abandoning module WmfMedia (76)
[2015.12.09-05.06.37:435][972]LogModuleManager: Shutting down and abandoning module OnlineBlueprintSupport (75)
[2015.12.09-05.06.37:435][972]LogModuleManager: Shutting down and abandoning module PropertyEditor (74)
[2015.12.09-05.06.37:435][972]LogModuleManager: Shutting down and abandoning module BehaviorTreeEditor (73)
[2015.12.09-05.06.37:435][972]LogModuleManager: Shutting down and abandoning module FunctionalTesting (72)
[2015.12.09-05.06.37:435][972]LogModuleManager: Shutting down and abandoning module CollisionAnalyzer (71)
[2015.12.09-05.06.37:435][972]LogModuleManager: Shutting down and abandoning module WorkspaceMenuStructure (70)
[2015.12.09-05.06.37:435][972]LogModuleManager: Shutting down and abandoning module MessageLog (69)
[2015.12.09-05.06.37:435][972]LogModuleManager: Shutting down and abandoning module Sequencer (68)
[2015.12.09-05.06.37:435][972]LogModuleManager: Shutting down and abandoning module AssetTools (67)
[2015.12.09-05.06.37:435][972]LogModuleManager: Shutting down and abandoning module UMGEditor (66)
[2015.12.09-05.06.37:435][972]LogModuleManager: Shutting down and abandoning module UMG (65)
[2015.12.09-05.06.37:435][972]LogModuleManager: Shutting down and abandoning module Slate (64)
[2015.12.09-05.06.37:436][972]LogModuleManager: Shutting down and abandoning module EditorStyle (63)
[2015.12.09-05.06.37:439][972]LogModuleManager: Shutting down and abandoning module SessionServices (62)
[2015.12.09-05.06.37:439][972]LogModuleManager: Shutting down and abandoning module SourceCodeAccess (61)
[2015.12.09-05.06.37:439][972]LogModuleManager: Shutting down and abandoning module HeadMountedDisplay (60)
[2015.12.09-05.06.37:439][972]LogModuleManager: Shutting down and abandoning module XAudio2 (59)
[2015.12.09-05.06.37:439][972]LogModuleManager: Shutting down and abandoning module Networking (57)
[2015.12.09-05.06.37:439][972]LogModuleManager: Shutting down and abandoning module Core (56)
[2015.12.09-05.06.37:439][972]LogModuleManager: Shutting down and abandoning module KismetCompiler (55)
[2015.12.09-05.06.37:439][972]LogModuleManager: Shutting down and abandoning module PhysXFormats (54)
[2015.12.09-05.06.37:439][972]LogModuleManager: Shutting down and abandoning module MeshUtilities (53)
[2015.12.09-05.06.37:439][972]LogModuleManager: Shutting down and abandoning module DerivedDataCache (52)
[2015.12.09-05.06.37:538][972]LogDerivedDataCache: Shutdown
[2015.12.09-05.06.37:538][972]LogModuleManager: Shutting down and abandoning module ShaderFormatOpenGL (51)
[2015.12.09-05.06.37:538][972]LogModuleManager: Shutting down and abandoning module ShaderFormatD3D (50)
[2015.12.09-05.06.37:538][972]LogModuleManager: Shutting down and abandoning module MetalShaderFormat (49)
[2015.12.09-05.06.37:538][972]LogModuleManager: Shutting down and abandoning module TextureFormatUncompressed (48)
[2015.12.09-05.06.37:538][972]LogModuleManager: Shutting down and abandoning module TextureFormatPVR (47)
[2015.12.09-05.06.37:538][972]LogModuleManager: Shutting down and abandoning module TextureFormatIntelISPCTexComp (46)
[2015.12.09-05.06.37:538][972]LogModuleManager: Shutting down and abandoning module TextureFormatDXT (45)
[2015.12.09-05.06.37:538][972]LogModuleManager: Shutting down and abandoning module ImageWrapper (44)
[2015.12.09-05.06.37:538][972]LogModuleManager: Shutting down and abandoning module TextureFormatASTC (43)
[2015.12.09-05.06.37:538][972]LogModuleManager: Shutting down and abandoning module TextureFormatAndroid (42)
[2015.12.09-05.06.37:538][972]LogModuleManager: Shutting down and abandoning module AudioFormatOpus (41)
[2015.12.09-05.06.37:538][972]LogModuleManager: Shutting down and abandoning module AudioFormatOgg (40)
[2015.12.09-05.06.37:538][972]LogModuleManager: Shutting down and abandoning module AudioFormatADPCM (39)
[2015.12.09-05.06.37:538][972]LogModuleManager: Shutting down and abandoning module LinuxTargetPlatform (38)
[2015.12.09-05.06.37:538][972]LogModuleManager: Shutting down and abandoning module LinuxServerTargetPlatform (37)
[2015.12.09-05.06.37:538][972]LogModuleManager: Shutting down and abandoning module LinuxNoEditorTargetPlatform (36)
[2015.12.09-05.06.37:538][972]LogModuleManager: Shutting down and abandoning module Messaging (35)
[2015.12.09-05.06.37:538][972]LogModuleManager: Shutting down and abandoning module IOSTargetPlatform (34)
[2015.12.09-05.06.37:538][972]LogModuleManager: Shutting down and abandoning module HTML5TargetPlatform (33)
[2015.12.09-05.06.37:538][972]LogModuleManager: Shutting down and abandoning module Android_PVRTCTargetPlatform (32)
[2015.12.09-05.06.37:538][972]LogModuleManager: Shutting down and abandoning module Android_ETC2TargetPlatform (31)
[2015.12.09-05.06.37:538][972]LogModuleManager: Shutting down and abandoning module Android_ETC1TargetPlatform (30)
[2015.12.09-05.06.37:538][972]LogModuleManager: Shutting down and abandoning module Android_DXTTargetPlatform (29)
[2015.12.09-05.06.37:538][972]LogModuleManager: Shutting down and abandoning module Android_ATCTargetPlatform (28)
[2015.12.09-05.06.37:538][972]LogModuleManager: Shutting down and abandoning module Android_ASTCTargetPlatform (27)
[2015.12.09-05.06.37:538][972]LogModuleManager: Shutting down and abandoning module AndroidTargetPlatform (26)
[2015.12.09-05.06.37:538][972]LogModuleManager: Shutting down and abandoning module WindowsTargetPlatform (25)
[2015.12.09-05.06.37:538][972]LogModuleManager: Shutting down and abandoning module WindowsServerTargetPlatform (24)
[2015.12.09-05.06.37:538][972]LogModuleManager: Shutting down and abandoning module WindowsNoEditorTargetPlatform (23)
[2015.12.09-05.06.37:538][972]LogModuleManager: Shutting down and abandoning module WindowsClientTargetPlatform (22)
[2015.12.09-05.06.37:538][972]LogModuleManager: Shutting down and abandoning module DesktopTargetPlatform (21)
[2015.12.09-05.06.37:538][972]LogModuleManager: Shutting down and abandoning module TargetPlatform (20)
[2015.12.09-05.06.37:538][972]LogModuleManager: Shutting down and abandoning module InputCore (19)
[2015.12.09-05.06.37:538][972]LogModuleManager: Shutting down and abandoning module Settings (18)
[2015.12.09-05.06.37:538][972]LogModuleManager: Shutting down and abandoning module OnlineSubsystem (16)
[2015.12.09-05.06.37:538][972]LogModuleManager: Shutting down and abandoning module HTTP (15)
[2015.12.09-05.06.37:539][972]LogModuleManager: Shutting down and abandoning module ExampleDeviceProfileSelector (14)
[2015.12.09-05.06.37:539][972]LogModuleManager: Shutting down and abandoning module TextureCompressor (13)
[2015.12.09-05.06.37:539][972]LogModuleManager: Shutting down and abandoning module ShaderCore (12)
[2015.12.09-05.06.37:539][972]LogModuleManager: Shutting down and abandoning module Landscape (11)
[2015.12.09-05.06.37:539][972]LogModuleManager: Shutting down and abandoning module SlateRHIRenderer (10)
[2015.12.09-05.06.37:543][972]LogModuleManager: Shutting down and abandoning module OpenGLDrv (9)
[2015.12.09-05.06.37:543][972]LogModuleManager: Shutting down and abandoning module D3D11RHI (8)
[2015.12.09-05.06.37:543][972]LogModuleManager: Shutting down and abandoning module Renderer (7)
[2015.12.09-05.06.37:543][972]LogModuleManager: Shutting down and abandoning module Engine (6)
[2015.12.09-05.06.37:543][972]LogModuleManager: Shutting down and abandoning module CoreUObject (5)
[2015.12.09-05.06.37:543][972]LogModuleManager: Shutting down and abandoning module NetworkFile (4)
[2015.12.09-05.06.37:543][972]LogModuleManager: Shutting down and abandoning module StreamingFile (3)
[2015.12.09-05.06.37:543][972]LogModuleManager: Shutting down and abandoning module SandboxFile (2)
[2015.12.09-05.06.37:543][972]LogModuleManager: Shutting down and abandoning module PakFile (1)
[2015.12.09-05.06.37:544][972]LogExit: Exiting.
[2015.12.09-05.06.37:561][972]Log file closed, 12/09/15 00:06:37
