[2015.09.08-13.54.29:420][  0]Log file open, 09/08/15 09:54:29
[2015.09.08-13.54.29:420][  0]LogInit:Display: Running engine for game: Brain
[2015.09.08-13.54.29:421][  0]LogInit:Display: RandInit(1854189257) SRandInit(1854189257).
[2015.09.08-13.54.29:421][  0]LogTaskGraph: Started task graph with 4 named threads and 7 total threads.
[2015.09.08-13.54.29:421][  0]LogStats: Stats thread started
[2015.09.08-13.54.29:422][  0]LogInit: Version: 4.8.3-2634408+++depot+UE4-Releases+4.8
[2015.09.08-13.54.29:422][  0]LogInit: API Version: 2579680
[2015.09.08-13.54.29:422][  0]LogInit: Compiled (64-bit): Jul 27 2015 16:24:33
[2015.09.08-13.54.29:422][  0]LogInit: Compiled with Visual C++: 18.00.21005.01
[2015.09.08-13.54.29:423][  0]LogInit: Build Configuration: Development
[2015.09.08-13.54.29:423][  0]LogInit: Branch Name: ++depot+UE4-Releases+4.8
[2015.09.08-13.54.29:423][  0]LogInit: Command line: 
[2015.09.08-13.54.29:424][  0]LogInit: Base directory: C:/Program Files/Epic Games/4.8/Engine/Binaries/Win64/
[2015.09.08-13.54.29:424][  0]LogInit: Rocket: 1
[2015.09.08-13.54.29:451][  0]LogInit: Using libcurl 7.41.0
[2015.09.08-13.54.29:452][  0]LogInit:  - built for x86_64-pc-win32
[2015.09.08-13.54.29:452][  0]LogInit:  - supports SSL with WinSSL
[2015.09.08-13.54.29:452][  0]LogInit:  - other features:
[2015.09.08-13.54.29:452][  0]LogInit:      CURL_VERSION_SSL
[2015.09.08-13.54.29:453][  0]LogInit:      CURL_VERSION_IPV6
[2015.09.08-13.54.29:453][  0]LogInit:      CURL_VERSION_ASYNCHDNS
[2015.09.08-13.54.29:453][  0]LogInit:      CURL_VERSION_LARGEFILE
[2015.09.08-13.54.29:454][  0]LogInit:      CURL_VERSION_IDN
[2015.09.08-13.54.29:454][  0]LogInit:  CurlRequestOptions (configurable via config and command line):
[2015.09.08-13.54.29:454][  0]LogInit:  - bVerifyPeer = true  - Libcurl will verify peer certificate
[2015.09.08-13.54.29:454][  0]LogInit:  - bUseHttpProxy = false  - Libcurl will NOT use HTTP proxy
[2015.09.08-13.54.29:455][  0]LogInit:  - bDontReuseConnections = false  - Libcurl will reuse connections
[2015.09.08-13.54.29:455][  0]LogInit:  - CertBundlePath = nullptr  - Libcurl will use whatever was configured at build time.
[2015.09.08-13.54.29:470][  0]LogOnline:Warning: No default platform service specified for OnlineSubsystem
[2015.09.08-13.54.29:506][  0]LogInit: Presizing for 0 objects not considered by GC, pre-allocating 0 bytes.
[2015.09.08-13.54.29:514][  0]LogInit: Object subsystem initialized
[2015.09.08-13.54.29:515][  0]LogConsoleResponse:Warning: Skipping Unknown console variable: 'TranslucentSortAxis = (X=0.000000,Y=-1.000000,Z=0.000000)'
[2015.09.08-13.54.29:515][  0]LogConsoleResponse:Warning:   Found in ini file 'C:/Users/frederic/Documents/Unreal Projects/Brain/Saved/Config/Windows/Engine.ini', in section '[/Script/Engine.RendererSettings]'
[2015.09.08-13.54.29:516][  0]LogConsoleResponse:Warning: Skipping Unknown console variable: 'UIScaleRule = ShortestSide'
[2015.09.08-13.54.29:516][  0]LogConsoleResponse:Warning:   Found in ini file 'C:/Users/frederic/Documents/Unreal Projects/Brain/Saved/Config/Windows/Engine.ini', in section '[/Script/Engine.RendererSettings]'
[2015.09.08-13.54.29:516][  0]LogConsoleResponse:Warning: Skipping Unknown console variable: 'UIScaleCurve = (EditorCurveData=(Keys=),ExternalCurve=None)'
[2015.09.08-13.54.29:516][  0]LogConsoleResponse:Warning:   Found in ini file 'C:/Users/frederic/Documents/Unreal Projects/Brain/Saved/Config/Windows/Engine.ini', in section '[/Script/Engine.RendererSettings]'
[2015.09.08-13.54.29:517][  0]LogInit: Selected Device Profile: [Windows]
[2015.09.08-13.54.29:517][  0]LogInit: Applying CVar settings loaded from the selected device profile: [Windows]
[2015.09.08-13.54.29:524][  0]LogInit: Computer: FREDERIC-PC
[2015.09.08-13.54.29:524][  0]LogInit: User: frederic
[2015.09.08-13.54.29:525][  0]LogInit: CPU Page size=4096, Cores=4
[2015.09.08-13.54.29:525][  0]LogInit: High frequency timer resolution =3.331220 MHz
[2015.09.08-13.54.29:525][  0]LogMemory: Memory total: Physical=15.9GB (16GB approx)
[2015.09.08-13.54.29:525][  0]LogMemory: Platform Memory Stats for Windows
[2015.09.08-13.54.29:526][  0]LogMemory: Process Physical Memory: 52.99 MB used, 54.07 MB peak
[2015.09.08-13.54.29:526][  0]LogMemory: Process Virtual Memory: 24.82 MB used, 29.96 MB peak
[2015.09.08-13.54.29:526][  0]LogMemory: Physical Memory: 7220.68 MB used, 16288.39 MB total
[2015.09.08-13.54.29:526][  0]LogMemory: Virtual Memory: 283.18 MB used, 8388608.00 MB total
[2015.09.08-13.54.29:609][  0]LogTextLocalizationManager: The requested culture ('fr_CA') has no localization data; falling back to 'en' for localization and internationalization data.
[2015.09.08-13.54.29:815][  0]LogTextLocalizationManager:Warning: Loaded localization resources contain conflicting entries for (Namespace:ContentBrowser, Key:ImportAssetToolTip):
Localization Resource: (C:/Program Files/Epic Games/4.8/Engine/Content/Localization/Editor/en/Editor.locres) Source String Hash: (-630476809) Localized String: (Import to {0}...)
Localization Resource: (C:/Program Files/Epic Games/4.8/Engine/Content/Localization/Editor/en/Editor.locres) Source String Hash: (1271782899) Localized String: (Imports an asset from file to this folder.)
[2015.09.08-13.54.30:272][  0]LogD3D11RHI: Found D3D11 adapter 0: NVIDIA GeForce GTX 970 (Feature Level 11_0)
[2015.09.08-13.54.30:272][  0]LogD3D11RHI: Adapter has 4008MB of dedicated video memory, 0MB of dedicated system memory, and 7888MB of shared system memory, 1 output[s]
[2015.09.08-13.54.30:279][  0]LogD3D11RHI: Found D3D11 adapter 1: Intel(R) HD Graphics 3000 (Feature Level 10_0)
[2015.09.08-13.54.30:280][  0]LogD3D11RHI: Adapter has 64MB of dedicated video memory, 0MB of dedicated system memory, and 1632MB of shared system memory, 0 output[s]
[2015.09.08-13.54.30:280][  0]LogD3D11RHI: Chosen D3D11 Adapter Id = 0
[2015.09.08-13.54.30:285][  0]LogD3D11RHI: InitD3DDevice
[2015.09.08-13.54.30:286][  0]LogD3D11RHI: !Direct3DDevice
[2015.09.08-13.54.30:286][  0]LogRHI: Texture pool is 1361 MB (70% of 1945 MB)
[2015.09.08-13.54.30:332][  0]LogD3D11RHI: Async texture creation enabled
[2015.09.08-13.54.30:347][  0]LogShaderCompilers:Display: Using Local Shader Compiler.
[2015.09.08-13.54.31:140][  0]LogTemp:Display: Loaded TP DesktopTargetPlatform
[2015.09.08-13.54.31:163][  0]LogTemp:Display: Loaded TP WindowsClientTargetPlatform
[2015.09.08-13.54.31:187][  0]LogTemp:Display: Loaded TP WindowsNoEditorTargetPlatform
[2015.09.08-13.54.31:210][  0]LogTemp:Display: Loaded TP WindowsServerTargetPlatform
[2015.09.08-13.54.31:235][  0]LogTemp:Display: Loaded TP WindowsTargetPlatform
[2015.09.08-13.54.31:252][  0]LogTemp:Display: Loaded TP AndroidTargetPlatform
[2015.09.08-13.54.31:269][  0]LogTemp:Display: Loaded TP Android_ASTCTargetPlatform
[2015.09.08-13.54.31:286][  0]LogTemp:Display: Loaded TP Android_ATCTargetPlatform
[2015.09.08-13.54.31:306][  0]LogTemp:Display: Loaded TP Android_DXTTargetPlatform
[2015.09.08-13.54.31:325][  0]LogTemp:Display: Loaded TP Android_ETC1TargetPlatform
[2015.09.08-13.54.31:344][  0]LogTemp:Display: Loaded TP Android_ETC2TargetPlatform
[2015.09.08-13.54.31:362][  0]LogTemp:Display: Loaded TP Android_PVRTCTargetPlatform
[2015.09.08-13.54.31:434][  0]LogTemp:Display: Loaded TP IOSTargetPlatform
[2015.09.08-13.54.31:450][  0]LogTemp:Display: Loaded TP LinuxNoEditorTargetPlatform
[2015.09.08-13.54.31:466][  0]LogTemp:Display: Loaded TP LinuxServerTargetPlatform
[2015.09.08-13.54.31:483][  0]LogTemp:Display: Loaded TP LinuxTargetPlatform
[2015.09.08-13.54.31:483][  0]LogTargetPlatformManager:Display: Building Assets For Windows
[2015.09.08-13.54.31:798][  0]LogDerivedDataCache:Display: Max Cache Size: 512 MB
[2015.09.08-13.54.31:851][  0]LogDerivedDataCache: Loaded boot cache 0.05s 60MB C:/Users/frederic/AppData/Local/UnrealEngine/4.8/DerivedDataCache/Boot.ddc.
[2015.09.08-13.54.31:852][  0]LogDerivedDataCache:Display: Loaded Boot cache: C:/Users/frederic/AppData/Local/UnrealEngine/4.8/DerivedDataCache/Boot.ddc
[2015.09.08-13.54.31:852][  0]LogDerivedDataCache: FDerivedDataBackendGraph:  Pak pak cache file ../../../../../../Users/frederic/Documents/Unreal Projects/Brain/DerivedDataCache/DDC.ddp not found, will not use a pak cache.
[2015.09.08-13.54.31:852][  0]LogDerivedDataCache: Unable to find inner node Pak for hierarchical cache Hierarchy.
[2015.09.08-13.54.31:853][  0]LogDerivedDataCache: FDerivedDataBackendGraph:  CompressedPak pak cache file ../../../../../../Users/frederic/Documents/Unreal Projects/Brain/DerivedDataCache/Compressed.ddp not found, will not use a pak cache.
[2015.09.08-13.54.31:853][  0]LogDerivedDataCache: Unable to find inner node CompressedPak for hierarchical cache Hierarchy.
[2015.09.08-13.54.32:000][  0]LogDerivedDataCache:Display: Pak cache opened for reading ../../../Engine/DerivedDataCache/Compressed.ddp.
[2015.09.08-13.54.32:013][  0]LogDerivedDataCache: Using Local data cache path C:/Users/frederic/AppData/Local/UnrealEngine/Common/DerivedDataCache: Writable
[2015.09.08-13.54.32:206][  0]LogCollisionProfile:Warning: Profile (Trigger) - Custom Channel Name = 'Projectile' hasn't been found
[2015.09.08-13.54.32:221][  0]LogInit: Selected Device Profile: [Windows]
[2015.09.08-13.54.32:229][  0]ImportText (ComponentSweepMultiTests): Missing closing parenthesis: (RootShapeAsset="/Engine/BasicShapes/Cube.Cube",ShapeType="TriggerCapsule",HitResult=(Time=0.50,Location=(X=-100.000015,Y=0.0,Z=100.000015),ImpactPoint=(X=-50.0,Y=0.0,Z=50.0),Normal=(X=-1.0,Y=-0.0,Z=0.0),ImpactNormal=(X=0.0,Y=0.0,Z=1.0),TraceStart=(X=-200.0,Y=0.0,Z=200.0),TraceEnd=(X=0.0,Y=0.0,Z=0.0))
[2015.09.08-13.54.32:229][  0]ImportText (LineTraceSingleByChannelTests): Missing closing parenthesis: (RootShapeAsset="/Engine/BasicShapes/Cube.Cube",HitResult=(Time=0.50,Location=(X=-100.000015,Y=0.0,Z=100.000015),ImpactPoint=(X=-50.0,Y=0.0,Z=50.0),Normal=(X=-1.0,Y=-0.0,Z=0.0),ImpactNormal=(X=0.0,Y=0.0,Z=1.0),TraceStart=(X=-200.0,Y=0.0,Z=200.0),TraceEnd=(X=0.0,Y=0.0,Z=0.0))
[2015.09.08-13.54.32:269][  0]LogMeshUtilities: No automatic mesh reduction module available
[2015.09.08-13.54.32:269][  0]LogMeshUtilities: No automatic mesh merging module available
[2015.09.08-13.54.32:690][  0]LogInit: WinSock: version 1.1 (2.2), MaxSocks=32767, MaxUdp=65467
[2015.09.08-13.54.33:900][  0]UdpMessaging: Initializing bridge on interface 0.0.0.0:0 to multicast group 230.0.0.1:6666.
[2015.09.08-13.54.34:709][  0]SourceControl: Info Source control is disabled
[2015.09.08-13.54.34:731][  0]SourceControl: Info Source control is disabled
[2015.09.08-13.54.34:749][  0]SourceControl: Info Source control is disabled
[2015.09.08-13.54.34:769][  0]SourceControl: Info Source control is disabled
[2015.09.08-13.54.35:084][  0]LogObj: 31170 objects as part of root set at end of initial load.
[2015.09.08-13.54.35:084][  0]LogUObjectAllocator: 7108560 out of 0 bytes used by permanent object pool.
[2015.09.08-13.54.35:176][  0]LogEngine: Initializing Engine...
[2015.09.08-13.54.35:179][  0]LogHMD: Can't find Oculus library dev build: is proper Runtime installed? Version: 0.6.0.0
[2015.09.08-13.54.35:183][  0]LogHMD:Warning: SteamVR failed to initialize.  Error: 110
[2015.09.08-13.54.35:342][  0]LogAIModule: Creating AISystem for world NewWorld
[2015.09.08-13.54.35:354][  0]LogInit: XAudio2 using 'Haut-parleurs (Realtek High Definition Audio)' : 2 channels at 48 kHz using 32 bits per sample (channel mask 0x3)
[2015.09.08-13.54.35:370][  0]LogInit: FAudioDevice initialized.
[2015.09.08-13.54.35:399][  0]LogDerivedDataCache: Saved boot cache 0.03s 60MB C:/Users/frederic/AppData/Local/UnrealEngine/4.8/DerivedDataCache/Boot.ddc.
[2015.09.08-13.54.35:408][  0]LogInit: Texture streaming: Disabled
[2015.09.08-13.54.35:442][  0]LogAnalytics: Creating configured Analytics provider AnalyticsET
[2015.09.08-13.54.35:442][  0]LogAnalytics: [UEEditor.Rocket.Release] APIServer = http://et2.epicgames.com/ET2/. AppVersion = 4.8.3-2634408+++depot+UE4-Releases+4.8
[2015.09.08-13.54.35:443][  0]LogAnalytics: [UEEditor.Rocket.Release] SetUserId c8da8d664a36a98701fe659c10ae4ff8|70626fa7f476448fb82ad9618fbbb1ab|00e7fb16-00c3-4af4-a2a1-2cc8013aae38
[2015.09.08-13.54.35:443][  0]LogAnalytics: [UEEditor.Rocket.Release] AnalyticsET::StartSession
[2015.09.08-13.54.35:478][  0]LogInit: Transaction tracking system initialized
[2015.09.08-13.54.35:693][  0]BlueprintLog: New page: Editor Load
[2015.09.08-13.54.35:739][  0]LogAssetRegistry: FAssetRegistry took 0.0105 seconds to start up
[2015.09.08-13.54.35:740][  0]LogDirectoryWatcher:Warning: Failed to begin reading directory changes for ../../../Engine/Plugins/Experimental/CharacterAI/Content/. Error: 0
[2015.09.08-13.54.36:780][  0]LogConsoleManager:Warning: Console variable 'r.VSync' wasn't set ('GameSetting' has a lower priority than 'SystemSettingsIni')
[2015.09.08-13.54.36:781][  0]LogConsoleResponse:Display: 
[2015.09.08-13.54.36:879][  0]LogCook:Display: Done creating registry. It took  0.00s.
[2015.09.08-13.54.37:157][  0]SourceControl: Info Source control is disabled
[2015.09.08-13.54.37:157][  0]Cmd: MAP LOAD FILE="../../../../../../Users/frederic/Documents/Unreal Projects/Brain/Content/FirstPerson/Maps/FirstPersonExampleMap.umap" TEMPLATE=0 SHOWPROGRESS=1 FEATURELEVEL=3
[2015.09.08-13.54.37:158][  0]LightingResults: New page: Lighting Build
[2015.09.08-13.54.37:173][  0]MapCheck: New page: Map Check
[2015.09.08-13.54.37:173][  0]LightingResults: New page: Lighting Build
[2015.09.08-13.54.37:183][  0]LogParticles: Destroying 0 GPU particle simulations for FXSystem 0x000000001F7728E0
[2015.09.08-13.54.37:820][  0]LogAIModule: Creating AISystem for world FirstPersonExampleMap
[2015.09.08-13.54.37:829][  0]LogEditorServer: Finished looking for orphan Actors (0.000 secs)
[2015.09.08-13.54.38:893][  0]Cmd: MAP CHECKDEP NOCLEARLOG
[2015.09.08-13.54.38:932][  0]MapCheck: Info Map check complete: 0 Error(s), 0 Warning(s), took 38.587ms to complete.
[2015.09.08-13.54.38:933][  0]LogFileHelpers: Loading map 'FirstPersonExampleMap' took 1.776
[2015.09.08-13.54.39:058][  0]LogCollectionManager: Loaded 0 collections in 0.001842 seconds
[2015.09.08-13.54.39:065][  0]LogContentBrowser: Native class hierarchy populated in 0.0070 seconds. Added 1800 classes and 303 folders.
[2015.09.08-13.54.39:130][  0]LogContentBrowser: Native class hierarchy updated for 'WidgetCarousel' in 0.0013 seconds. Added 0 classes and 0 folders.
[2015.09.08-13.54.39:167][  0]LogContentBrowser: Native class hierarchy updated for 'AddContentDialog' in 0.0013 seconds. Added 0 classes and 0 folders.
[2015.09.08-13.54.39:200][  0]LogContentBrowser: Native class hierarchy updated for 'SceneOutliner' in 0.0016 seconds. Added 1 classes and 2 folders.
[2015.09.08-13.54.39:256][  0]LogCrashTracker: Crashtracker disabled due to settings.
[2015.09.08-13.54.39:257][  0]LogD3D11RHI: InitD3DDevice
[2015.09.08-13.54.39:261][  0]LogUObjectGlobals:Warning: Failed to find object 'Class None.'
[2015.09.08-13.54.39:283][  0]LogLoad: Full Startup: 11.84 seconds (BP compile: 0.25 seconds)
[2015.09.08-13.54.39:349][  0]LogContentStreaming: Texture pool size is 0.000000MB
[2015.09.08-13.54.39:389][  0]LogContentStreaming: Texture pool size now 1000 MB
[2015.09.08-13.54.39:505][  0]LogRenderer: Reallocating scene render targets to support 1208x560 (Frame:2).
[2015.09.08-13.54.39:881][  6]LogAssetRegistry: Asset discovery search completed in 4.1524 seconds
[2015.09.08-13.54.40:618][ 83]LogD3D11RHI: InitD3DDevice
[2015.09.08-13.54.52:279][462]LogD3D11RHI: InitD3DDevice
[2015.09.08-13.54.52:527][491]LogEditor: Attempting to add actor of class 'BrainNormalInteractiveObject' to level at 580.00,-1200.00,140.00
[2015.09.08-13.54.52:928][536]LogEditor: Attempting to add actor of class 'BrainNormalInteractiveObject' to level at 370.00,-730.00,140.00
[2015.09.08-13.54.57:707][ 86]LogD3D11RHI: InitD3DDevice
[2015.09.08-13.55.10:512][613]LogEditorViewport: Clicking on Actor (LMB): StaticMeshActor (Floor)
[2015.09.08-13.55.11:546][732]LogEditorViewport: Clicking on Actor (LMB): BrainNormalInteractiveObject (BrainNormalInteractiveObject1)
[2015.09.08-13.56.10:801][742]LogPlayLevel: PIE:  No blueprints needed recompiling
[2015.09.08-13.56.10:811][742]PIE: New page: PIE session: FirstPersonExampleMap (Sep 8, 2015, 5:56:10 AM)
[2015.09.08-13.56.10:812][742]LogPlayLevel: Creating play world package: /Game/FirstPerson/Maps/UEDPIE_0_FirstPersonExampleMap
[2015.09.08-13.56.10:831][742]LogPlayLevel: PIE: StaticDuplicateObject took: (0.018131s)
[2015.09.08-13.56.10:833][742]LogAIModule: Creating AISystem for world FirstPersonExampleMap
[2015.09.08-13.56.10:834][742]LogPlayLevel: PIE: World Init took: (0.001866s)
[2015.09.08-13.56.10:834][742]LogPlayLevel: PIE: Created PIE world by copying editor world from /Game/FirstPerson/Maps/FirstPersonExampleMap.FirstPersonExampleMap to /Game/FirstPerson/Maps/UEDPIE_0_FirstPersonExampleMap.FirstPersonExampleMap (0.022497s)
[2015.09.08-13.56.10:835][742]LogActorComponent: UnregisterComponent: (/Engine/Transient.CharMoveComp) Not registered. Aborting.
[2015.09.08-13.56.10:879][742]LogInit: XAudio2 using 'Haut-parleurs (Realtek High Definition Audio)' : 2 channels at 48 kHz using 32 bits per sample (channel mask 0x3)
[2015.09.08-13.56.10:891][742]LogInit: FAudioDevice initialized.
[2015.09.08-13.56.10:960][742]LogWorld: Game class is 'BrainGameMode'
[2015.09.08-13.56.10:975][742]LogWorld: Bringing World /Game/FirstPerson/Maps/UEDPIE_0_FirstPersonExampleMap.FirstPersonExampleMap up for play (max tick rate 0) at 2015.09.08-09.56.10
[2015.09.08-13.56.10:976][742]LogActor:Warning: GameSession /Game/FirstPerson/Maps/UEDPIE_0_FirstPersonExampleMap.FirstPersonExampleMap:PersistentLevel.GameSession_0 has natively added scene component(s), but none of them were set as the actor's RootComponent - picking one arbitrarily
[2015.09.08-13.56.10:978][742]LogActor:Warning: GameNetworkManager /Game/FirstPerson/Maps/UEDPIE_0_FirstPersonExampleMap.FirstPersonExampleMap:PersistentLevel.GameNetworkManager_0 has natively added scene component(s), but none of them were set as the actor's RootComponent - picking one arbitrarily
[2015.09.08-13.56.10:979][742]LogWorld: Bringing up level for play took: 0.013589
[2015.09.08-13.56.10:986][742]PIE: Info Play in editor start time for /Game/FirstPerson/Maps/UEDPIE_0_FirstPersonExampleMap 0.556
[2015.09.08-13.56.50:485][447]LogParticles: Destroying 0 GPU particle simulations for FXSystem 0x0000000003719580
[2015.09.08-13.59.31:967][195]LogPlayLevel: PIE:  No blueprints needed recompiling
[2015.09.08-13.59.31:967][195]PIE: New page: PIE session: FirstPersonExampleMap (Sep 8, 2015, 5:59:31 AM)
[2015.09.08-13.59.31:968][195]LogPlayLevel: Creating play world package: /Game/FirstPerson/Maps/UEDPIE_0_FirstPersonExampleMap
[2015.09.08-13.59.31:987][195]LogPlayLevel: PIE: StaticDuplicateObject took: (0.018210s)
[2015.09.08-13.59.31:988][195]LogAIModule: Creating AISystem for world FirstPersonExampleMap
[2015.09.08-13.59.31:989][195]LogPlayLevel: PIE: World Init took: (0.001879s)
[2015.09.08-13.59.31:990][195]LogPlayLevel: PIE: Created PIE world by copying editor world from /Game/FirstPerson/Maps/FirstPersonExampleMap.FirstPersonExampleMap to /Game/FirstPerson/Maps/UEDPIE_0_FirstPersonExampleMap.FirstPersonExampleMap (0.022024s)
[2015.09.08-13.59.32:020][195]LogInit: XAudio2 using 'Haut-parleurs (Realtek High Definition Audio)' : 2 channels at 48 kHz using 32 bits per sample (channel mask 0x3)
[2015.09.08-13.59.32:032][195]LogInit: FAudioDevice initialized.
[2015.09.08-13.59.32:065][195]LogWorld: Game class is 'BrainGameMode'
[2015.09.08-13.59.32:073][195]LogWorld: Bringing World /Game/FirstPerson/Maps/UEDPIE_0_FirstPersonExampleMap.FirstPersonExampleMap up for play (max tick rate 0) at 2015.09.08-09.59.32
[2015.09.08-13.59.32:073][195]LogActor:Warning: GameSession /Game/FirstPerson/Maps/UEDPIE_0_FirstPersonExampleMap.FirstPersonExampleMap:PersistentLevel.GameSession_1 has natively added scene component(s), but none of them were set as the actor's RootComponent - picking one arbitrarily
[2015.09.08-13.59.32:074][195]LogActor:Warning: GameNetworkManager /Game/FirstPerson/Maps/UEDPIE_0_FirstPersonExampleMap.FirstPersonExampleMap:PersistentLevel.GameNetworkManager_1 has natively added scene c