[2015.12.06-01.38.05:926][  0]Log file open, 12/05/15 20:38:05
[2015.12.06-01.38.05:926][  0]LogInit:Display: Running engine for game: Brain
[2015.12.06-01.38.05:926][  0]LogInit:Display: RandInit(1850678858) SRandInit(1850678858).
[2015.12.06-01.38.05:926][  0]LogTaskGraph: Started task graph with 4 named threads and 5 total threads.
[2015.12.06-01.38.05:926][  0]LogStats: Stats thread started
[2015.12.06-01.38.05:926][  0]LogInit: Version: 4.8.3-2634408+++depot+UE4-Releases+4.8
[2015.12.06-01.38.05:926][  0]LogInit: API Version: 2579680
[2015.12.06-01.38.05:926][  0]LogInit: Compiled (64-bit): Jul 27 2015 16:24:33
[2015.12.06-01.38.05:926][  0]LogInit: Compiled with Visual C++: 18.00.21005.01
[2015.12.06-01.38.05:926][  0]LogInit: Build Configuration: Development
[2015.12.06-01.38.05:926][  0]LogInit: Branch Name: ++depot+UE4-Releases+4.8
[2015.12.06-01.38.05:926][  0]LogInit: Command line:  
[2015.12.06-01.38.05:926][  0]LogInit: Base directory: C:/Program Files/Epic Games/4.8/Engine/Binaries/Win64/
[2015.12.06-01.38.05:926][  0]LogInit: Rocket: 1
[2015.12.06-01.38.05:955][  0]LogInit: Using libcurl 7.41.0
[2015.12.06-01.38.05:955][  0]LogInit:  - built for x86_64-pc-win32
[2015.12.06-01.38.05:955][  0]LogInit:  - supports SSL with WinSSL
[2015.12.06-01.38.05:955][  0]LogInit:  - other features:
[2015.12.06-01.38.05:955][  0]LogInit:      CURL_VERSION_SSL
[2015.12.06-01.38.05:955][  0]LogInit:      CURL_VERSION_IPV6
[2015.12.06-01.38.05:955][  0]LogInit:      CURL_VERSION_ASYNCHDNS
[2015.12.06-01.38.05:955][  0]LogInit:      CURL_VERSION_LARGEFILE
[2015.12.06-01.38.05:955][  0]LogInit:      CURL_VERSION_IDN
[2015.12.06-01.38.05:955][  0]LogInit:  CurlRequestOptions (configurable via config and command line):
[2015.12.06-01.38.05:955][  0]LogInit:  - bVerifyPeer = true  - Libcurl will verify peer certificate
[2015.12.06-01.38.05:955][  0]LogInit:  - bUseHttpProxy = false  - Libcurl will NOT use HTTP proxy
[2015.12.06-01.38.05:955][  0]LogInit:  - bDontReuseConnections = false  - Libcurl will reuse connections
[2015.12.06-01.38.05:955][  0]LogInit:  - CertBundlePath = nullptr  - Libcurl will use whatever was configured at build time.
[2015.12.06-01.38.05:985][  0]LogOnline:Warning: No default platform service specified for OnlineSubsystem
[2015.12.06-01.38.06:226][  0]LogInit: Presizing for 0 objects not considered by GC, pre-allocating 0 bytes.
[2015.12.06-01.38.06:241][  0]LogInit: Object subsystem initialized
[2015.12.06-01.38.06:243][  0]LogConsoleResponse:Warning: Skipping Unknown console variable: 'TranslucentSortAxis = (X=0.000000,Y=-1.000000,Z=0.000000)'
[2015.12.06-01.38.06:243][  0]LogConsoleResponse:Warning:   Found in ini file 'D:/UQAC/Séminaire en Informatique IV/Brain/Saved/Config/Windows/Engine.ini', in section '[/Script/Engine.RendererSettings]'
[2015.12.06-01.38.06:243][  0]LogConsoleResponse:Warning: Skipping Unknown console variable: 'UIScaleRule = ShortestSide'
[2015.12.06-01.38.06:243][  0]LogConsoleResponse:Warning:   Found in ini file 'D:/UQAC/Séminaire en Informatique IV/Brain/Saved/Config/Windows/Engine.ini', in section '[/Script/Engine.RendererSettings]'
[2015.12.06-01.38.06:243][  0]LogConsoleResponse:Warning: Skipping Unknown console variable: 'UIScaleCurve = (EditorCurveData=(Keys=),ExternalCurve=None)'
[2015.12.06-01.38.06:243][  0]LogConsoleResponse:Warning:   Found in ini file 'D:/UQAC/Séminaire en Informatique IV/Brain/Saved/Config/Windows/Engine.ini', in section '[/Script/Engine.RendererSettings]'
[2015.12.06-01.38.06:244][  0]LogInit: Selected Device Profile: [Windows]
[2015.12.06-01.38.06:244][  0]LogInit: Applying CVar settings loaded from the selected device profile: [Windows]
[2015.12.06-01.38.06:317][  0]LogInit: Computer: QUENTIN-WINDOWS
[2015.12.06-01.38.06:317][  0]LogInit: User: Quentin
[2015.12.06-01.38.06:317][  0]LogInit: CPU Page size=4096, Cores=2
[2015.12.06-01.38.06:317][  0]LogInit: High frequency timer resolution =2.241000 MHz
[2015.12.06-01.38.06:317][  0]LogMemory: Memory total: Physical=3.9GB (4GB approx)
[2015.12.06-01.38.06:317][  0]LogMemory: Platform Memory Stats for Windows
[2015.12.06-01.38.06:317][  0]LogMemory: Process Physical Memory: 52.18 MB used, 52.18 MB peak
[2015.12.06-01.38.06:317][  0]LogMemory: Process Virtual Memory: 22.95 MB used, 22.95 MB peak
[2015.12.06-01.38.06:317][  0]LogMemory: Physical Memory: 2576.59 MB used, 3999.99 MB total
[2015.12.06-01.38.06:317][  0]LogMemory: Virtual Memory: 309.90 MB used, 134217728.00 MB total
[2015.12.06-01.38.08:349][  0]LogTextLocalizationManager: The requested culture ('fr_FR') has no localization data; falling back to 'en' for localization and internationalization data.
[2015.12.06-01.38.08:967][  0]LogTextLocalizationManager:Warning: Loaded localization resources contain conflicting entries for (Namespace:ContentBrowser, Key:ImportAssetToolTip):
Localization Resource: (C:/Program Files/Epic Games/4.8/Engine/Content/Localization/Editor/en/Editor.locres) Source String Hash: (-630476809) Localized String: (Import to {0}...)
Localization Resource: (C:/Program Files/Epic Games/4.8/Engine/Content/Localization/Editor/en/Editor.locres) Source String Hash: (1271782899) Localized String: (Imports an asset from file to this folder.)
[2015.12.06-01.38.11:282][  0]LogD3D11RHI: Found D3D11 adapter 0: NVIDIA GeForce GT 555M     (Feature Level 11_0)
[2015.12.06-01.38.11:282][  0]LogD3D11RHI: Adapter has 1996MB of dedicated video memory, 0MB of dedicated system memory, and 1999MB of shared system memory, 1 output[s]
[2015.12.06-01.38.11:304][  0]LogD3D11RHI: Found D3D11 adapter 1: NVIDIA GeForce GT 555M     (Feature Level 11_0)
[2015.12.06-01.38.11:304][  0]LogD3D11RHI: Adapter has 1996MB of dedicated video memory, 0MB of dedicated system memory, and 1999MB of shared system memory, 0 output[s]
[2015.12.06-01.38.11:380][  0]LogD3D11RHI: Found D3D11 adapter 2: Microsoft Basic Render Driver (Feature Level 11_0)
[2015.12.06-01.38.11:380][  0]LogD3D11RHI: Adapter has 1996MB of dedicated video memory, 0MB of dedicated system memory, and 1999MB of shared system memory, 0 output[s]
[2015.12.06-01.38.11:380][  0]LogD3D11RHI: Chosen D3D11 Adapter Id = 0
[2015.12.06-01.38.11:392][  0]LogD3D11RHI: InitD3DDevice
[2015.12.06-01.38.11:392][  0]LogD3D11RHI: !Direct3DDevice
[2015.12.06-01.38.11:393][  0]LogRHI: Texture pool is 1361 MB (70% of 1945 MB)
[2015.12.06-01.38.11:410][  0]LogD3D11RHI: Async texture creation enabled
[2015.12.06-01.38.11:465][  0]LogShaderCompilers:Display: Using Local Shader Compiler.
[2015.12.06-01.38.17:218][  0]LogTemp:Display: Loaded TP DesktopTargetPlatform
[2015.12.06-01.38.17:303][  0]LogTemp:Display: Loaded TP WindowsClientTargetPlatform
[2015.12.06-01.38.17:368][  0]LogTemp:Display: Loaded TP WindowsNoEditorTargetPlatform
[2015.12.06-01.38.17:419][  0]LogTemp:Display: Loaded TP WindowsServerTargetPlatform
[2015.12.06-01.38.17:494][  0]LogTemp:Display: Loaded TP WindowsTargetPlatform
[2015.12.06-01.38.17:560][  0]LogTemp:Display: Loaded TP AndroidTargetPlatform
[2015.12.06-01.38.17:614][  0]LogTemp:Display: Loaded TP Android_ASTCTargetPlatform
[2015.12.06-01.38.17:672][  0]LogTemp:Display: Loaded TP Android_ATCTargetPlatform
[2015.12.06-01.38.17:718][  0]LogTemp:Display: Loaded TP Android_DXTTargetPlatform
[2015.12.06-01.38.17:798][  0]LogTemp:Display: Loaded TP Android_ETC1TargetPlatform
[2015.12.06-01.38.17:852][  0]LogTemp:Display: Loaded TP Android_ETC2TargetPlatform
[2015.12.06-01.38.17:909][  0]LogTemp:Display: Loaded TP Android_PVRTCTargetPlatform
[2015.12.06-01.38.18:171][  0]LogTemp:Display: Loaded TP IOSTargetPlatform
[2015.12.06-01.38.18:221][  0]LogTemp:Display: Loaded TP LinuxNoEditorTargetPlatform
[2015.12.06-01.38.18:308][  0]LogTemp:Display: Loaded TP LinuxServerTargetPlatform
[2015.12.06-01.38.18:389][  0]LogTemp:Display: Loaded TP LinuxTargetPlatform
[2015.12.06-01.38.18:389][  0]LogTargetPlatformManager:Display: Building Assets For Windows
[2015.12.06-01.38.19:979][  0]LogDerivedDataCache:Display: Max Cache Size: 512 MB
[2015.12.06-01.38.21:050][  0]LogDerivedDataCache: Loaded boot cache 1.05s 60MB C:/Users/Quentin/AppData/Local/UnrealEngine/4.8/DerivedDataCache/Boot.ddc.
[2015.12.06-01.38.21:050][  0]LogDerivedDataCache:Display: Loaded Boot cache: C:/Users/Quentin/AppData/Local/UnrealEngine/4.8/DerivedDataCache/Boot.ddc
[2015.12.06-01.38.21:050][  0]LogDerivedDataCache: FDerivedDataBackendGraph:  Pak pak cache file D:/UQAC/Séminaire en Informatique IV/Brain/DerivedDataCache/DDC.ddp not found, will not use a pak cache.
[2015.12.06-01.38.21:050][  0]LogDerivedDataCache: Unable to find inner node Pak for hierarchical cache Hierarchy.
[2015.12.06-01.38.21:050][  0]LogDerivedDataCache: FDerivedDataBackendGraph:  CompressedPak pak cache file D:/UQAC/Séminaire en Informatique IV/Brain/DerivedDataCache/Compressed.ddp not found, will not use a pak cache.
[2015.12.06-01.38.21:050][  0]LogDerivedDataCache: Unable to find inner node CompressedPak for hierarchical cache Hierarchy.
[2015.12.06-01.38.21:358][  0]LogDerivedDataCache:Display: Pak cache opened for reading ../../../Engine/DerivedDataCache/Compressed.ddp.
[2015.12.06-01.38.21:403][  0]LogDerivedDataCache: Using Local data cache path C:/Users/Quentin/AppData/Local/UnrealEngine/Common/DerivedDataCache: Writable
[2015.12.06-01.38.25:969][  0]LogCollisionProfile:Warning: Profile (Trigger) - Custom Channel Name = 'Projectile' hasn't been found
[2015.12.06-01.38.26:510][  0]LogInit: Selected Device Profile: [Windows]
[2015.12.06-01.38.26:750][  0]ImportText (ComponentSweepMultiTests): Missing closing parenthesis: (RootShapeAsset="/Engine/BasicShapes/Cube.Cube",ShapeType="TriggerCapsule",HitResult=(Time=0.50,Location=(X=-100.000015,Y=0.0,Z=100.000015),ImpactPoint=(X=-50.0,Y=0.0,Z=50.0),Normal=(X=-1.0,Y=-0.0,Z=0.0),ImpactNormal=(X=0.0,Y=0.0,Z=1.0),TraceStart=(X=-200.0,Y=0.0,Z=200.0),TraceEnd=(X=0.0,Y=0.0,Z=0.0))
[2015.12.06-01.38.26:750][  0]ImportText (LineTraceSingleByChannelTests): Missing closing parenthesis: (RootShapeAsset="/Engine/BasicShapes/Cube.Cube",HitResult=(Time=0.50,Location=(X=-100.000015,Y=0.0,Z=100.000015),ImpactPoint=(X=-50.0,Y=0.0,Z=50.0),Normal=(X=-1.0,Y=-0.0,Z=0.0),ImpactNormal=(X=0.0,Y=0.0,Z=1.0),TraceStart=(X=-200.0,Y=0.0,Z=200.0),TraceEnd=(X=0.0,Y=0.0,Z=0.0))
[2015.12.06-01.38.26:992][  0]LogMeshUtilities: No automatic mesh reduction module available
[2015.12.06-01.38.26:992][  0]LogMeshUtilities: No automatic mesh merging module available
[2015.12.06-01.38.29:886][  0]LogInit: WinSock: version 1.1 (2.2), MaxSocks=32767, MaxUdp=65467
[2015.12.06-01.39.14:472][  0]UdpMessaging: Initializing bridge on interface 0.0.0.0:0 to multicast group 230.0.0.1:6666.
[2015.12.06-01.39.14:922][  0]LogLinker:Warning: Can't find file '/Game/FirstPerson/Blueprints/BrainCharacter'
[2015.12.06-01.39.14:922][  0]LogLinker:Warning: Can't find file '/Game/FirstPerson/Blueprints/BrainCharacter'
[2015.12.06-01.39.14:922][  0]LogLinker:Warning: Can't find file '/Game/FirstPerson/Blueprints/BrainCharacter'
[2015.12.06-01.39.14:922][  0]LogUObjectGlobals:Warning: Failed to find object 'Class /Game/FirstPerson/Blueprints/BrainCharacter.BrainCharacter_C'
[2015.12.06-01.39.14:922][  0]Error: CDO Constructor (BrainGameMode): Failed to find /Game/FirstPerson/Blueprints/BrainCharacter.BrainCharacter_C

[2015.12.06-01.39.14:925][  0]LogUObjectBase:Warning: -------------- Default Property warnings and errors:
[2015.12.06-01.39.14:925][  0]LogUObjectBase:Warning: Error: CDO Constructor (BrainGameMode): Failed to find /Game/FirstPerson/Blueprints/BrainCharacter.BrainCharacter_C

[2015.12.06-01.39.18:953][  0]LogWindowsTextInputMethodSystem:Display: IME system now deactivated.
[2015.12.06-01.39.22:348][  0]SourceControl: Info Source control is disabled
[2015.12.06-01.39.23:382][  0]SourceControl: Info Source control is disabled
[2015.12.06-01.39.23:588][  0]SourceControl: Info Source control is disabled
[2015.12.06-01.39.23:762][  0]SourceControl: Info Source control is disabled
[2015.12.06-01.39.25:784][  0]LogObj: 26551 objects as part of root set at end of initial load.
[2015.12.06-01.39.25:784][  0]LogUObjectAllocator: 5495752 out of 0 bytes used by permanent object pool.
[2015.12.06-01.39.26:324][  0]LogEngine: Initializing Engine...
[2015.12.06-01.39.26:332][  0]LogHMD: Can't find Oculus library dev build: is proper Runtime installed? Version: 0.6.0.0
[2015.12.06-01.39.27:045][  0]LogHMD:Warning: SteamVR failed to initialize.  Error: 108
[2015.12.06-01.39.28:053][  0]LogAIModule: Creating AISystem for world NewWorld
[2015.12.06-01.39.28:091][  0]LogInit: XAudio2 using 'Haut-parleurs (Realtek High Definition Audio)' : 2 channels at 48 kHz using 32 bits per sample (channel mask 0x3)
[2015.12.06-01.39.28:143][  0]LogInit: FAudioDevice initialized.
[2015.12.06-01.39.28:298][  0]LogDerivedDataCache: Saved boot cache 0.16s 53MB C:/Users/Quentin/AppData/Local/UnrealEngine/4.8/DerivedDataCache/Boot.ddc.
[2015.12.06-01.39.28:314][  0]LogInit: Texture streaming: Disabled
[2015.12.06-01.39.28:595][  0]LogAnalytics: Creating configured Analytics provider AnalyticsET
[2015.12.06-01.39.28:595][  0]LogAnalytics: [UEEditor.Rocket.Release] APIServer = http://et2.epicgames.com/ET2/. AppVersion = 4.8.3-2634408+++depot+UE4-Releases+4.8
[2015.12.06-01.39.28:595][  0]LogAnalytics: [UEEditor.Rocket.Release] SetUserId 148c5c6642f68395c2a34183e8e7b9c3|0e9d1597697b4fcaaa11ed641c9e39a7|75275bf7-56c4-41b7-aeeb-75ea3d3b4f87
[2015.12.06-01.39.28:597][  0]LogAnalytics: [UEEditor.Rocket.Release] AnalyticsET::StartSession
[2015.12.06-01.39.29:732][  0]LogInit: Transaction tracking system initialized
[2015.12.06-01.39.30:998][  0]BlueprintLog: New page: Editor Load
[2015.12.06-01.39.31:168][  0]LogAssetRegistry: FAssetRegistry took 0.0114 seconds to start up
[2015.12.06-01.39.31:169][  0]LogDirectoryWatcher:Warning: Failed to begin reading directory changes for ../../../Engine/Plugins/Experimental/CharacterAI/Content/. Error: 0
[2015.12.06-01.39.48:207][  0]LogConsoleManager:Warning: Console variable 'r.VSync' wasn't set ('GameSetting' has a lower priority than 'SystemSettingsIni')
[2015.12.06-01.39.48:234][  0]LogConsoleResponse:Display: 
[2015.12.06-01.39.56:255][  0]LogCook:Display: Done creating registry. It took  0.00s.
[2015.12.06-01.40.01:106][  0]SourceControl: Info Source control is disabled
[2015.12.06-01.40.01:604][  0]Cmd: MAP LOAD FILE="D:/UQAC/Séminaire en Informatique IV/Brain/Content/FirstPerson/Maps/MainMenu.umap" TEMPLATE=0 SHOWPROGRESS=1 FEATURELEVEL=3
[2015.12.06-01.40.01:895][  0]LightingResults: New page: Lighting Build
[2015.12.06-01.40.03:015][  0]MapCheck: New page: Map Check
[2015.12.06-01.40.03:015][  0]LightingResults: New page: Lighting Build
[2015.12.06-01.40.04:847][  0]LogParticles: Destroying 0 GPU particle simulations for FXSystem 0x0000009E42B9E200
[2015.12.06-01.40.06:061][  0]LogAIModule: Creating AISystem for world MainMenu
[2015.12.06-01.40.06:269][  0]LogEditorServer: Finished looking for orphan Actors (0.000 secs)
[2015.12.06-01.40.07:022][  0]Cmd: MAP CHECKDEP NOCLEARLOG
[2015.12.06-01.40.07:494][  0]MapCheck: Info Map check complete: 0 Error(s), 0 Warning(s), took 413.978ms to complete.
[2015.12.06-01.40.07:528][  0]LogFileHelpers: Loading map 'MainMenu' took 6.172
[2015.12.06-01.40.14:746][  0]LogCollectionManager: Loaded 0 collections in 0.005040 seconds
[2015.12.06-01.40.14:769][  0]LogContentBrowser: Native class hierarchy populated in 0.0220 seconds. Added 1819 classes and 311 folders.
[2015.12.06-01.40.15:890][  0]LogContentBrowser: Native class hierarchy updated for 'WidgetCarousel' in 0.0096 seconds. Added 0 classes and 0 folders.
[2015.12.06-01.40.17:980][  0]LogContentBrowser: Native class hierarchy updated for 'AddContentDialog' in 0.0091 seconds. Added 0 classes and 0 folders.
[2015.12.06-01.40.18:484][  0]LogContentBrowser: Native class hierarchy updated for 'SceneOutliner' in 0.0161 seconds. Added 1 classes and 2 folders.
[2015.12.06-01.40.22:359][  0]LogCrashTracker: Crashtracker disabled due to settings.
[2015.12.06-01.40.22:380][  0]LogWindowsTextInputMethodSystem:Display: IME system now deactivated.
[2015.12.06-01.40.22:442][  0]LogD3D11RHI: InitD3DDevice
[2015.12.06-01.40.23:149][  0]LogUObjectGlobals:Warning: Failed to find object 'Class None.'
[2015.12.06-01.40.23:319][  0]LogLoad: Full Startup: 144.52 seconds (BP compile: 0.69 seconds)
[2015.12.06-01.40.26:854][  0]LogContentStreaming: Texture pool size is 0.000000MB
[2015.12.06-01.40.27:484][  0]LogContentStreaming: Texture pool size now 1000 MB
[2015.12.06-01.40.30:922][  0]LogRenderer: Reallocating scene render targets to support 1008x456 (Frame:2).
[2015.12.06-01.40.41:547][ 10]LogAssetRegistry: Asset discovery search completed in 70.3905 seconds
[2015.12.06-01.43.24:275][501]LogD3D11RHI: InitD3DDevice
[2015.12.06-01.43.26:308][587]LogD3D11RHI: InitD3DDevice
[2015.12.06-01.43.27:728][587]LogLinker:Warning: Can't find file '/Game/FirstPerson/Meshes/CubeMesh'
[2015.12.06-01.43.27:729][587]LogLinker:Warning: Can't find file for asset '/Game/FirstPerson/Meshes/CubeMesh' while loading D:/UQAC/Séminaire en Informatique IV/Brain/Content/FirstPerson/Maps/Level1.umap.
[2015.12.06-01.43.27:729][587]LoadErrors:Error: Error /Game/FirstPerson/Maps/Level1 : Can't find file for asset. /Game/FirstPerson/Meshes/CubeMesh
[2015.12.06-01.43.27:729][587]LogLinker:Warning: Can't find file '/Game/FirstPerson/Meshes/plaque'
[2015.12.06-01.43.27:729][587]LogLinker:Warning: Can't find file for asset '/Game/FirstPerson/Meshes/plaque' while loading D:/UQAC/Séminaire en Informatique IV/Brain/Content/FirstPerson/Maps/Level1.umap.
[2015.12.06-01.43.27:738][587]LoadErrors:Error: Error /Game/FirstPerson/Maps/Level1 : Can't find file for asset. /Game/FirstPerson/Meshes/plaque
[2015.12.06-01.43.27:739][587]LogLinker:Warning: Can't find file '/Game/FirstPerson/Meshes/porte'
[2015.12.06-01.43.27:739][587]LogLinker:Warning: Can't find file for asset '/Game/FirstPerson/Meshes/porte' while loading D:/UQAC/Séminaire en Informatique IV/Brain/Content/FirstPerson/Maps/Level1.umap.
[2015.12.06-01.43.27:739][587]LoadErrors:Error: Error /Game/FirstPerson/Maps/Level1 : Can't find file for asset. /Game/FirstPerson/Meshes/porte
[2015.12.06-01.43.27:741][587]LogLinker:Warning: Can't find file '/Game/FirstPerson/Meshes/CubeMesh'
[2015.12.06-01.43.27:741][587]LogLinker:Warning: Can't find file for asset '/Game/FirstPerson/Meshes/CubeMesh' while loading D:/UQAC/Séminaire en Informatique IV/Brain/Content/FirstPerson/Maps/Level1.umap.
[2015.12.06-01.43.27:741][587]LogLinker:Warning: Can't find file '/Game/FirstPerson/Meshes/plaque'
[2015.12.06-01.43.27:741][587]LogLinker:Warning: Can't find file for asset '/Game/FirstPerson/Meshes/plaque' while loading D:/UQAC/Séminaire en Informatique IV/Brain/Content/FirstPerson/Maps/Level1.umap.
[2015.12.06-01.43.27:741][587]LogLinker:Warning: Can't find file '/Game/FirstPerson/Meshes/porte'
[2015.12.06-01.43.27:742][587]LogLinker:Warning: Can't find file for asset '/Game/FirstPerson/Meshes/porte' while loading D:/UQAC/Séminaire en Informatique IV/Brain/Content/FirstPerson/Maps/Level1.umap.
[2015.12.06-01.43.27:749][587]LogLinker:Warning: Can't find file '/Game/FirstPerson/Meshes/CubeMesh'
[2015.12.06-01.43.27:749][587]LogLinker:Warning: Can't find file for asset '/Game/FirstPerson/Meshes/CubeMesh' while loading NULL.
[2015.12.06-01.43.27:749][587]LogLinker:Warning: Can't find file '/Game/FirstPerson/Meshes/plaque'
[2015.12.06-01.43.27:749][587]LogLinker:Warning: Can't find file for asset '/Game/FirstPerson/Meshes/plaque' while loading NULL.
[2015.12.06-01.43.27:749][587]LogLinker:Warning: Can't find file '/Game/FirstPerson/Meshes/porte'
[2015.12.06-01.43.27:749][587]LogLinker:Warning: Can't find file for asset '/Game/FirstPerson/Meshes/porte' while loading NULL.
[2015.12.06-01.43.27:749][587]LogLinker:Warning: Can't find file '/Game/FirstPerson/Meshes/CubeMesh'
[2015.12.06-01.43.27:749][587]LogLinker:Warning: Can't find file for asset '/Game/FirstPerson/Meshes/CubeMesh' while loading NULL.
[2015.12.06-01.43.27:750][587]LogLinker:Warning: Can't find file '/Game/FirstPerson/Meshes/plaque'
[2015.12.06-01.43.27:750][587]LogLinker:Warning: Can't find file for asset '/Game/FirstPerson/Meshes/plaque' while loading NULL.
[2015.12.06-01.43.27:750][587]LogLinker:Warning: Can't find file '/Game/FirstPerson/Meshes/porte'
[2015.12.06-01.43.27:750][587]LogLinker:Warning: Can't find file for asset '/Game/FirstPerson/Meshes/porte' while loading NULL.
[2015.12.06-01.43.27:876][587]LogLinker:Warning: Can't find file '/Game/FirstPerson/Meshes/CubeMesh'
[2015.12.06-01.43.27:906][587]LoadErrors: Info Failed to load /Game/FirstPerson/Meshes/CubeMesh.CubeMesh Referenced by BrainNormalInteractiveObject_1
[2015.12.06-01.43.27:909][587]LogLinker:Warning: Can't find file for asset '/Game/FirstPerson/Meshes/CubeMesh' while loading NULL.
[2015.12.06-01.43.27:964][587]LogLinker:Warning: Can't find file '/Game/FirstPerson/Meshes/plaque'
[2015.12.06-01.43.27:964][587]LoadErrors: Info Failed to load /Game/FirstPerson/Meshes/plaque.plaque Referenced by plaque1
[2015.12.06-01.43.27:965][587]LogLinker:Warning: Can't find file for asset '/Game/FirstPerson/Meshes/plaque' while loading NULL.
[2015.12.06-01.43.27:965][587]LogLinker:Warning: Can't find file '/Game/FirstPerson/Meshes/plaque'
[2015.12.06-01.43.27:965][587]LoadErrors: Info Failed to load /Game/FirstPerson/Meshes/plaque.plaque Referenced by plaque2
[2015.12.06-01.43.27:965][587]LogLinker:Warning: Can't find file for asset '/Game/FirstPerson/Meshes/plaque' while loading NULL.
[2015.12.06-01.43.27:965][587]LogLinker:Warning: Can't find file '/Game/FirstPerson/Meshes/plaque'
[2015.12.06-01.43.27:965][587]LoadErrors: Info Failed to load /Game/FirstPerson/Meshes/plaque.plaque Referenced by plaque3_14
[2015.12.06-01.43.27:965][587]LogLinker:Warning: Can't find file for asset '/Game/FirstPerson/Meshes/plaque' while loading NULL.
[2015.12.06-01.43.27:966][587]LogLinker:Warning: Can't find file '/Game/FirstPerson/Meshes/plaque'
[2015.12.06-01.43.27:966][587]LoadErrors: Info Failed to load /Game/FirstPerson/Meshes/plaque.plaque Referenced by plaque4
[2015.12.06-01.43.27:966][587]LogLinker:Warning: Can't find file for asset '/Game/FirstPerson/Meshes/plaque' while loading NULL.
[2015.12.06-01.43.27:966][587]LogLinker:Warning: Can't find file '/Game/FirstPerson/Meshes/plaque'
[2015.12.06-01.43.27:966][587]LoadErrors: Info Failed to load /Game/FirstPerson/Meshes/plaque.plaque Referenced by plaque_49
[2015.12.06-01.43.27:966][587]LogLinker:Warning: Can't find file for asset '/Game/FirstPerson/Meshes/plaque' while loading NULL.
[2015.12.06-01.43.27:967][587]LogLinker:Warning: Can't find file '/Game/FirstPerson/Meshes/porte'
[2015.12.06-01.43.27:967][587]LoadErrors: Info Failed to load /Game/FirstPerson/Meshes/porte.porte Referenced by porte2_12
[2015.12.06-01.43.27:967][587]LogLinker:Warning: Can't find file for asset '/Game/FirstPerson/Meshes/porte' while loading NULL.
[2015.12.06-01.43.27:967][587]LogLinker:Warning: Can't find file '/Game/FirstPerson/Meshes/porte'
[2015.12.06-01.43.27:967][587]LoadErrors: Info Failed to load /Game/FirstPerson/Meshes/porte.porte Referenced by porte3
[2015.12.06-01.43.27:967][587]LogLinker:Warning: Can't find file for asset '/Game/FirstPerson/Meshes/porte' while loading NULL.
[2015.12.06-01.43.27:968][587]LogLinker:Warning: Can't find file '/Game/FirstPerson/Meshes/porte'
[2015.12.06-01.43.27:968][587]LoadErrors: Info Failed to load /Game/FirstPerson/Meshes/porte.porte Referenced by porte4
[2015.12.06-01.43.27:968][587]LogLinker:Warning: Can't find file for asset '/Game/FirstPerson/Meshes/porte' while loading NULL.
[2015.12.06-01.43.27:968][587]LogLinker:Warning: Can't find file '/Game/FirstPerson/Meshes/porte'
[2015.12.06-01.43.27:968][587]LoadErrors: Info Failed to load /Game/FirstPerson/Meshes/porte.porte Referenced by porte_46
[2015.12.06-01.43.27:968][587]LogLinker:Warning: Can't find file for asset '/Game/FirstPerson/Meshes/porte' while loading NULL.
[2015.12.06-01.43.28:858][587]LogMaterial: Missing cached shader map for material Blue, compiling. 
[2015.12.06-01.43.29:539][587]LogAIModule: Creating AISystem for world Level1
[2015.12.06-01.43.31:784][587]Cmd: MAP LOAD FILE="D:/UQAC/Séminaire en Informatique IV/Brain/Content/FirstPerson/Maps/Level1.umap" TEMPLATE=0 SHOWPROGRESS=1 FEATURELEVEL=3
[2015.12.06-01.43.31:786][587]LightingResults: New page: Lighting Build
[2015.12.06-01.43.31:842][587]LoadErrors: New page: Loading map: Level1.umap
[2015.12.06-01.43.31:843][587]MapCheck: New page: Map Check
[2015.12.06-01.43.31:843][587]LightingResults: New page: Lighting Build
[2015.12.06-01.43.31:990][587]LogParticles: Destroying 0 GPU particle simulations for FXSystem 0x0000009E2FDBED40
[2015.12.06-01.43.32:489][587]LogLinker:Warning: Can't find file '/Game/FirstPerson/Meshes/CubeMesh'
[2015.12.06-01.43.32:489][587]LogLinker:Warning: Can't find file for asset '/Game/FirstPerson/Meshes/CubeMesh' while loading D:/UQAC/Séminaire en Informatique IV/Brain/Content/FirstPerson/Maps/Level1.umap.
[2015.12.06-01.43.32:489][587]LoadErrors:Error: Error /Game/FirstPerson/Maps/Level1 : Can't find file for asset. /Game/FirstPerson/Meshes/CubeMesh
[2015.12.06-01.43.32:490][587]LogLinker:Warning: Can't find file '/Game/FirstPerson/Meshes/plaque'
[2015.12.06-01.43.32:490][587]LogLinker:Warning: Can't find file for asset '/Game/FirstPerson/Meshes/plaque' while loading D:/UQAC/Séminaire en Informatique IV/Brain/Content/FirstPerson/Maps/Level1.umap.
[2015.12.06-01.43.32:490][587]LoadErrors:Error: Error /Game/FirstPerson/Maps/Level1 : Can't find file for asset. /Game/FirstPerson/Meshes/plaque
[2015.12.06-01.43.32:490][587]LogLinker:Warning: Can't find file '/Game/FirstPerson/Meshes/porte'
[2015.12.06-01.43.32:490][587]LogLinker:Warning: Can't find file for asset '/Game/FirstPerson/Meshes/porte' while loading D:/UQAC/Séminaire en Informatique IV/Brain/Content/FirstPerson/Maps/Level1.umap.
[2015.12.06-01.43.32:491][587]LoadErrors:Error: Error /Game/FirstPerson/Maps/Level1 : Can't find file for asset. /Game/FirstPerson/Meshes/porte
[2015.12.06-01.43.32:493][587]LogLinker:Warning: Can't find file '/Game/FirstPerson/Meshes/CubeMesh'
[2015.12.06-01.43.32:493][587]LogLinker:Warning: Can't find file for asset '/Game/FirstPerson/Meshes/CubeMesh' while loading D:/UQAC/Séminaire en Informatique IV/Brain/Content/FirstPerson/Maps/Level1.umap.
[2015.12.06-01.43.32:493][587]LogLinker:Warning: Can't find file '/Game/FirstPerson/Meshes/plaque'
[2015.12.06-01.43.32:493][587]LogLinker:Warning: Can't find file for asset '/Game/FirstPerson/Meshes/plaque' while loading D:/UQAC/Séminaire en Informatique IV/Brain/Content/FirstPerson/Maps/Level1.umap.
[2015.12.06-01.43.32:494][587]LogLinker:Warning: Can't find file '/Game/FirstPerson/Meshes/porte'
[2015.12.06-01.43.32:494][587]LogLinker:Warning: Can't find file for asset '/Game/FirstPerson/Meshes/porte' while loading D:/UQAC/Séminaire en Informatique IV/Brain/Content/FirstPerson/Maps/Level1.umap.
[2015.12.06-01.43.32:505][587]LogLinker:Warning: Can't find file '/Game/FirstPerson/Meshes/CubeMesh'
[2015.12.06-01.43.32:505][587]LogLinker:Warning: Can't find file for asset '/Game/FirstPerson/Meshes/CubeMesh' while loading NULL.
[2015.12.06-01.43.32:505][587]LogLinker:Warning: Can't find file '/Game/FirstPerson/Meshes/plaque'
[2015.12.06-01.43.32:505][587]LogLinker:Warning: Can't find file for asset '/Game/FirstPerson/Meshes/plaque' while loading NULL.
[2015.12.06-01.43.32:505][587]LogLinker:Warning: Can't find file '/Game/FirstPerson/Meshes/porte'
[2015.12.06-01.43.32:506][587]LogLinker:Warning: Can't find file for asset '/Game/FirstPerson/Meshes/porte' while loading NULL.
[2015.12.06-01.43.32:506][587]LogLinker:Warning: Can't find file '/Game/FirstPerson/Meshes/CubeMesh'
[2015.12.06-01.43.32:506][587]LogLinker:Warning: Can't find file for asset '/Game/FirstPerson/Meshes/CubeMesh' while loading NULL.
[2015.12.06-01.43.32:506][587]LogLinker:Warning: Can't find file '/Game/FirstPerson/Meshes/plaque'
[2015.12.06-01.43.32:506][587]LogLinker:Warning: Can't find file for asset '/Game/FirstPerson/Meshes/plaque' while loading NULL.
[2015.12.06-01.43.32:507][587]LogLinker:Warning: Can't find file '/Game/FirstPerson/Meshes/porte'
[2015.12.06-01.43.32:507][587]LogLinker:Warning: Can't find file for asset '/Game/FirstPerson/Meshes/porte' while loading NULL.
[2015.12.06-01.43.32:544][587]LogLinker:Warning: Can't find file '/Game/FirstPerson/Meshes/CubeMesh'
[2015.12.06-01.43.32:545][587]LoadErrors: Info Failed to load /Game/FirstPerson/Meshes/CubeMesh.CubeMesh Referenced by BrainNormalInteractiveObject_1
[2015.12.06-01.43.32:545][587]LogLinker:Warning: Can't find file for asset '/Game/FirstPerson/Meshes/CubeMesh' while loading NULL.
[2015.12.06-01.43.32:545][587]LogLinker:Warning: Can't find file '/Game/FirstPerson/Meshes/plaque'
[2015.12.06-01.43.32:546][587]LoadErrors: Info Failed to load /Game/FirstPerson/Meshes/plaque.plaque Referenced by plaque1
[2015.12.06-01.43.32:546][587]LogLinker:Warning: Can't find file for asset '/Game/FirstPerson/Meshes/plaque' while loading NULL.
[2015.12.06-01.43.32:546][587]LogLinker:Warning: Can't find file '/Game/FirstPerson/Meshes/plaque'
[2015.12.06-01.43.32:546][587]LoadErrors: Info Failed to load /Game/FirstPerson/Meshes/plaque.plaque Referenced by plaque2
[2015.12.06-01.43.32:546][587]LogLinker:Warning: Can't find file for asset '/Game/FirstPerson/Meshes/plaque' while loading NULL.
[2015.12.06-01.43.32:547][587]LogLinker:Warning: Can't find file '/Game/FirstPerson/Meshes/plaque'
[2015.12.06-01.43.32:547][587]LoadErrors: Info Failed to load /Game/FirstPerson/Meshes/plaque.plaque Referenced by plaque3_14
[2015.12.06-01.43.32:547][587]LogLinker:Warning: Can't find file for asset '/Game/FirstPerson/Meshes/plaque' while loading NULL.
[2015.12.06-01.43.32:548][587]LogLinker:Warning: Can't find file '/Game/FirstPerson/Meshes/plaque'
[2015.12.06-01.43.32:548][587]LoadErrors: Info Failed to load /Game/FirstPerson/Meshes/plaque.plaque Referenced by plaque4
[2015.12.06-01.43.32:548][587]LogLinker:Warning: Can't find file for asset '/Game/FirstPerson/Meshes/plaque' while loading NULL.
[2015.12.06-01.43.32:548][587]LogLinker:Warning: Can't find file '/Game/FirstPerson/Meshes/plaque'
[2015.12.06-01.43.32:548][587]LoadErrors: Info Failed to load /Game/FirstPerson/Meshes/plaque.plaque Referenced by plaque_49
[2015.12.06-01.43.32:549][587]LogLinker:Warning: Can't find file for asset '/Game/FirstPerson/Meshes/plaque' while loading NULL.
[2015.12.06-01.43.32:549][587]LogLinker:Warning: Can't find file '/Game/FirstPerson/Meshes/porte'
[2015.12.06-01.43.32:549][587]LoadErrors: Info Failed to load /Game/FirstPerson/Meshes/porte.porte Referenced by porte2_12
[2015.12.06-01.43.32:549][587]LogLinker:Warning: Can't find file for asset '/Game/FirstPerson/Meshes/porte' while loading NULL.
[2015.12.06-01.43.32:550][587]LogLinker:Warning: Can't find file '/Game/FirstPerson/Meshes/porte'
[2015.12.06-01.43.32:550][587]LoadErrors: Info Failed to load /Game/FirstPerson/Meshes/porte.porte Referenced by porte3
[2015.12.06-01.43.32:550][587]LogLinker:Warning: Can't find file for asset '/Game/FirstPerson/Meshes/porte' while loading NULL.
[2015.12.06-01.43.32:550][587]LogLinker:Warning: Can't find file '/Game/FirstPerson/Meshes/porte'
[2015.12.06-01.43.32:551][587]LoadErrors: Info Failed to load /Game/FirstPerson/Meshes/porte.porte Referenced by porte4
[2015.12.06-01.43.32:551][587]LogLinker:Warning: Can't find file for asset '/Game/FirstPerson/Meshes/porte' while loading NULL.
[2015.12.06-01.43.32:551][587]LogLinker:Warning: Can't find file '/Game/FirstPerson/Meshes/porte'
[2015.12.06-01.43.32:551][587]LoadErrors: Info Failed to load /Game/FirstPerson/Meshes/porte.porte Referenced by porte_46
[2015.12.06-01.43.32:551][587]LogLinker:Warning: Can't find file for asset '/Game/FirstPerson/Meshes/porte' while loading NULL.
[2015.12.06-01.43.32:601][587]LogAIModule: Creating AISystem for world Level1
[2015.12.06-01.43.33:146][587]LogEditorServer: Finished looking for orphan Actors (0.000 secs)
[2015.12.06-01.43.33:240][587]LogD3D11RHI: InitD3DDevice
[2015.12.06-01.43.33:387][587]Cmd: MAP CHECKDEP NOCLEARLOG
[2015.12.06-01.43.33:756][587]MapCheck:Warning: Warning BrainNormalInteractiveObject_3 StaticMeshComponent /Game/FirstPerson/Maps/Level1.Level1:PersistentLevel.BrainNormalInteractiveObject_3.Mesh : Externally referenced 
[2015.12.06-01.43.33:756][587]MapCheck:Warning: Warning BrainNormalInteractiveObject_2 StaticMeshComponent /Game/FirstPerson/Maps/Level1.Level1:PersistentLevel.BrainNormalInteractiveObject_2.Mesh : Externally referenced 
[2015.12.06-01.43.33:756][587]MapCheck:Warning: Warning BrainNormalInteractiveObject_1 StaticMeshComponent /Game/FirstPerson/Maps/Level1.Level1:PersistentLevel.BrainNormalInteractiveObject_1.Mesh : Externally referenced 
[2015.12.06-01.43.33:756][587]MapCheck:Warning: Warning BrainNormalInteractiveObject_0 StaticMeshComponent /Game/FirstPerson/Maps/Level1.Level1:PersistentLevel.BrainNormalInteractiveObject_0.Mesh : Externally referenced 
[2015.12.06-01.43.33:756][587]MapCheck:Warning: Warning porte_46 StaticMeshComponent /Game/FirstPerson/Maps/Level1.Level1:PersistentLevel.porte_46.StaticMeshComponent0 : Externally referenced 
[2015.12.06-01.43.33:756][587]MapCheck:Warning: Warning porte4 StaticMeshComponent /Game/FirstPerson/Maps/Level1.Level1:PersistentLevel.porte4.StaticMeshComponent0 : Externally referenced 
[2015.12.06-01.43.33:756][587]MapCheck:Warning: Warning porte3 StaticMeshComponent /Game/FirstPerson/Maps/Level1.Level1:PersistentLevel.porte3.StaticMeshComponent0 : Externally referenced 
[2015.12.06-01.43.33:756][587]MapCheck:Warning: Warning porte2_12 StaticMeshComponent /Game/FirstPerson/Maps/Level1.Level1:PersistentLevel.porte2_12.StaticMeshComponent0 : Externally referenced 
[2015.12.06-01.43.33:756][587]MapCheck:Warning: Warning BrainNormalInteractiveObject_5 StaticMeshComponent /Game/FirstPerson/Maps/Level1.Level1:PersistentLevel.BrainNormalInteractiveObject_5.Mesh : Externally referenced 
[2015.12.06-01.43.33:757][587]MapCheck:Warning: Warning BrainNormalInteractiveObject_4 StaticMeshComponent /Game/FirstPerson/Maps/Level1.Level1:PersistentLevel.BrainNormalInteractiveObject_4.Mesh : Externally referenced 
[2015.12.06-01.43.33:757][587]MapCheck:Warning: Warning plaque_49 StaticMeshComponent /Game/FirstPerson/Maps/Level1.Level1:PersistentLevel.plaque_49.StaticMeshComponent0 : Externally referenced 
[2015.12.06-01.43.33:757][587]MapCheck:Warning: Warning plaque4 StaticMeshComponent /Game/FirstPerson/Maps/Level1.Level1:PersistentLevel.plaque4.StaticMeshComponent0 : Externally referenced 
[2015.12.06-01.43.33:757][587]MapCheck:Warning: Warning plaque3_14 StaticMeshComponent /Game/FirstPerson/Maps/Level1.Level1:PersistentLevel.plaque3_14.StaticMeshComponent0 : Externally referenced 
[2015.12.06-01.43.33:757][587]MapCheck:Warning: Warning plaque2 StaticMeshComponent /Game/FirstPerson/Maps/Level1.Level1:PersistentLevel.plaque2.StaticMeshComponent0 : Externally referenced 
[2015.12.06-01.43.33:757][587]MapCheck:Warning: Warning plaque1 StaticMeshComponent /Game/FirstPerson/Maps/Level1.Level1:PersistentLevel.plaque1.StaticMeshComponent0 : Externally referenced 
[2015.12.06-01.43.33:757][587]MapCheck: Info Map check complete: 0 Error(s), 15 Warning(s), took 369.67ms to complete.
[2015.12.06-01.43.33:761][587]LogD3D11RHI: InitD3DDevice
[2015.12.06-01.43.33:814][587]LogFileHelpers: Loading map 'Level1' took 2.175
[2015.12.06-01.43.50:280][360]Cmd: CAMERA ALIGN ACTIVEVIEWPORTONLY
[2015.12.06-01.43.58:741][512]LogEditorViewport: Clicking on Actor (context menu): StaticMeshActor (Floor)
[2015.12.06-01.43.59:729][512]LogD3D11RHI: InitD3DDevice
[2015.12.06-01.43.59:778][512]LogEditorViewport: Clicking on Actor (context menu): StaticMeshActor (Floor)
[2015.12.06-01.43.59:791][512]LogD3D11RHI: InitD3DDevice
[2015.12.06-01.44.03:368][613]LogEditorViewport: Clicking on Actor (context menu): StaticMeshActor (Floor)
[2015.12.06-01.44.03:381][613]LogD3D11RHI: InitD3DDevice
[2015.12.06-01.44.04:857][690]LogEditorViewport: Clicking on Actor (LMB): StaticMeshActor (Wall1)
[2015.12.06-01.44.07:212][824]LogEditorViewport: Clicking on Actor (context menu): StaticMeshActor (Floor)
[2015.12.06-01.44.07:255][824]LogD3D11RHI: InitD3DDevice
[2015.12.06-01.44.08:177][871]LogEditorViewport: Clicking on Actor (context menu): StaticMeshActor (Floor)
[2015.12.06-01.44.08:188][871]LogD3D11RHI: InitD3DDevice
[2015.12.06-01.44.26:555][847]LogD3D11RHI: InitD3DDevice
[2015.12.06-01.45.04:252][ 58]LogEditorViewport: Clicking on Actor (LMB): BrainNormalInteractiveObject (Cube)
[2015.12.06-01.53.24:792][425]LogD3D11RHI: InitD3DDevice
[2015.12.06-01.53.26:919][545]LogD3D11RHI: InitD3DDevice
[2015.12.06-01.53.30:068][729]LogD3D11RHI: InitD3DDevice
[2015.12.06-01.53.30:341][744]LogD3D11RHI: InitD3DDevice
[2015.12.06-01.53.30:995][776]LogD3D11RHI: InitD3DDevice
[2015.12.06-01.53.31:586][809]LogD3D11RHI: InitD3DDevice
[2015.12.06-01.53.31:660][812]LogD3D11RHI: InitD3DDevice
[2015.12.06-01.53.34:006][948]LogD3D11RHI: InitD3DDevice
[2015.12.06-01.53.34:814][996]Cmd: CLOSE_SLATE_MAINFRAME
[2015.12.06-01.53.35:270][996]LogWindowsTextInputMethodSystem:Display: IME system now deactivated.
[2015.12.06-01.53.36:101][997]Cmd: QUIT_EDITOR
[2015.12.06-01.53.36:716][997]LogExit: Preparing to exit.
[2015.12.06-01.53.37:901][997]LogExit: Editor shut down
[2015.12.06-01.53.37:904][997]LogExit: Transaction tracking system shut down
[2015.12.06-01.53.37:904][997]LogParticles: Destroying 0 GPU particle simulations for FXSystem 0x0000009E3DD07EC0
[2015.12.06-01.53.37:905][997]LogParticles: Destroying 0 GPU particle simulations for FXSystem 0x0000009E328FA520
[2015.12.06-01.53.37:905][997]LogParticles: Destroying 0 GPU particle simulations for FXSystem 0x0000009E65D85A80
[2015.12.06-01.53.37:907][997]LogParticles: Destroying 0 GPU particle simulations for FXSystem 0x0000009E3F778D60
[2015.12.06-01.53.39:752][997]LogParticles: Destroying 0 GPU particle simulations for FXSystem 0x0000009E5C174CC0
[2015.12.06-01.53.39:752][997]LogExit: Object subsystem successfully closed.
[2015.12.06-01.53.40:702][997]LogD3D11RHI: Shutdown
[2015.12.06-01.53.40:702][997]LogD3D11RHI: CleanupD3DDevice
[2015.12.06-01.53.41:247][997]LogD3D11RHI: ~FD3D11DynamicRHI
[2015.12.06-01.53.42:009][997]LogModuleManager: Shutting down and abandoning module CrashTracker (189)
[2015.12.06-01.53.42:009][997]LogModuleManager: Shutting down and abandoning module SceneOutliner (188)
[2015.12.06-01.53.42:009][997]LogModuleManager: Shutting down and abandoning module SuperSearch (187)
[2015.12.06-01.53.42:009][997]LogModuleManager: Shutting down and abandoning module WidgetCarousel (186)
[2015.12.06-01.53.42:159][997]LogModuleManager: Shutting down and abandoning module AddContentDialog (185)
[2015.12.06-01.53.42:203][997]LogModuleManager: Shutting down and abandoning module EditorWidgets (184)
[2015.12.06-01.53.42:203][997]LogModuleManager: Shutting down and abandoning module CollectionManager (183)
[2015.12.06-01.53.42:242][997]LogModuleManager: Shutting down and abandoning module StatsViewer (182)
[2015.12.06-01.53.42:252][997]LogModuleManager: Shutting down and abandoning module FoliageEdit (181)
[2015.12.06-01.53.42:264][997]LogModuleManager: Shutting down and abandoning module LandscapeEditor (180)
[2015.12.06-01.53.42:317][997]LogModuleManager: Shutting down and abandoning module ActorPickerMode (179)
[2015.12.06-01.53.42:317][997]LogModuleManager: Shutting down and abandoning module GeometryMode (178)
[2015.12.06-01.53.42:317][997]LogModuleManager: Shutting down and abandoning module TextureAlignMode (177)
[2015.12.06-01.53.42:317][997]LogModuleManager: Shutting down and abandoning module BspMode (176)
[2015.12.06-01.53.42:317][997]LogModuleManager: Shutting down and abandoning module PlacementMode (175)
[2015.12.06-01.53.42:341][997]LogModuleManager: Shutting down and abandoning module AutomationWorker (174)
[2015.12.06-01.53.42:341][997]LogModuleManager: Shutting down and abandoning module CharacterAI (173)
[2015.12.06-01.53.42:341][997]LogModuleManager: Shutting down and abandoning module SmartSnapping (172)
[2015.12.06-01.53.42:341][997]LogModuleManager: Shutting down and abandoning module ViewportSnapping (171)
[2015.12.06-01.53.42:341][997]LogModuleManager: Shutting down and abandoning module LogVisualizer (170)
[2015.12.06-01.53.42:365][997]LogModuleManager: Shutting down and abandoning module GameProjectGeneration (169)
[2015.12.06-01.53.42:410][997]LogModuleManager: Shutting down and abandoning module IntroTutorials (168)
[2015.12.06-01.53.42:459][997]LogModuleManager: Shutting down and abandoning module EditorLiveStreaming (167)
[2015.12.06-01.53.42:459][997]LogModuleManager: Shutting down and abandoning module IOSPlatformEditor (166)
[2015.12.06-01.53.42:470][997]LogModuleManager: Shutting down and abandoning module HTML5PlatformEditor (165)
[2015.12.06-01.53.42:470][997]LogModuleManager: Shutting down and abandoning module AndroidDeviceDetection (164)
[2015.12.06-01.53.42:847][997]LogModuleManager: Shutting down and abandoning module AndroidPlatformEditor (163)
[2015.12.06-01.53.42:847][997]LogModuleManager: Shutting down and abandoning module IOSRuntimeSettings (162)
[2015.12.06-01.53.42:847][997]LogModuleManager: Shutting down and abandoning module AndroidRuntimeSettings (161)
[2015.12.06-01.53.42:847][997]LogModuleManager: Shutting down and abandoning module MergeActors (160)
[2015.12.06-01.53.42:861][997]LogModuleManager: Shutting down and abandoning module SizeMap (159)
[2015.12.06-01.53.42:861][997]LogModuleManager: Shutting down and abandoning module TreeMap (158)
[2015.12.06-01.53.42:888][997]LogModuleManager: Shutting down and abandoning module ReferenceViewer (157)
[2015.12.06-01.53.42:888][997]LogModuleManager: Shutting down and abandoning module LocalizationDashboard (156)
[2015.12.06-01.53.42:901][997]LogModuleManager: Shutting down and abandoning module HardwareTargeting (155)
[2015.12.06-01.53.42:901][997]LogModuleManager: Shutting down and abandoning module DeviceProfileEditor (154)
[2015.12.06-01.53.42:914][997]LogModuleManager: Shutting down and abandoning module UndoHistory (153)
[2015.12.06-01.53.42:923][997]LogModuleManager: Shutting down and abandoning module GameplayTagsEditor (152)
[2015.12.06-01.53.42:932][997]LogModuleManager: Shutting down and abandoning module UserFeedback (151)
[2015.12.06-01.53.42:932][997]LogModuleManager: Shutting down and abandoning module XmlParser (150)
[2015.12.06-01.53.42:948][997]LogModuleManager: Shutting down and abandoning module Blutility (149)
[2015.12.06-01.53.42:948][997]LogModuleManager: Shutting down and abandoning module ProjectTargetPlatformEditor (148)
[2015.12.06-01.53.42:949][997]LogModuleManager: Shutting down and abandoning module ProjectSettingsViewer (147)
[2015.12.06-01.53.42:949][997]LogModuleManager: Shutting down and abandoning module InputBindingEditor (146)
[2015.12.06-01.53.42:978][997]LogModuleManager: Shutting down and abandoning module EditorSettingsViewer (145)
[2015.12.06-01.53.42:978][997]LogModuleManager: Shutting down and abandoning module SettingsEditor (144)
[2015.12.06-01.53.43:026][997]LogModuleManager: Shutting down and abandoning module ProjectLauncher (143)
[2015.12.06-01.53.43:052][997]LogModuleManager: Shutting down and abandoning module SessionFrontend (142)
[2015.12.06-01.53.43:067][997]LogModuleManager: Shutting down and abandoning module ProfilerClient (141)
[2015.12.06-01.53.43:084][997]LogModuleManager: Shutting down and abandoning module TargetDeviceServices (140)
[2015.12.06-01.53.43:084][997]LogModuleManager: Shutting down and abandoning module DeviceManager (139)
[2015.12.06-01.53.43:099][997]LogModuleManager: Shutting down and abandoning module AutomationController (138)
[2015.12.06-01.53.43:107][997]LogModuleManager: Shutting down and abandoning module AutomationWindow (137)
[2015.12.06-01.53.43:123][997]LogModuleManager: Shutting down and abandoning module Layers (136)
[2015.12.06-01.53.43:146][997]LogModuleManager: Shutting down and abandoning module ComponentVisualizers (135)
[2015.12.06-01.53.43:146][997]LogModuleManager: Shutting down and abandoning module DetailCustomizations (134)
[2015.12.06-01.53.43:146][997]LogModuleManager: Shutting down and abandoning module PackagesDialog (133)
[2015.12.06-01.53.43:164][997]LogModuleManager: Shutting down and abandoning module AssetRegistry (132)
[2015.12.06-01.53.43:335][997]LogModuleManager: Shutting down and abandoning module Persona (131)
[2015.12.06-01.53.43:390][997]LogModuleManager: Shutting down and abandoning module Kismet (130)
[2015.12.06-01.53.43:418][997]LogModuleManager: Shutting down and abandoning module GraphEditor (129)
[2015.12.06-01.53.43:449][997]LogModuleManager: Shutting down and abandoning module ClassViewer (128)
[2015.12.06-01.53.43:464][997]LogModuleManager: Shutting down and abandoning module Toolbox (127)
[2015.12.06-01.53.43:464][997]LogModuleManager: Shutting down and abandoning module ModuleUI (126)
[2015.12.06-01.53.43:469][997]LogModuleManager: Shutting down and abandoning module MovieSceneTools (125)
[2015.12.06-01.53.43:490][997]LogModuleManager: Shutting down and abandoning module OutputLog (124)
[2015.12.06-01.53.43:490][997]LogModuleManager: Shutting down and abandoning module GammaUI (123)
[2015.12.06-01.53.43:506][997]LogModuleManager: Shutting down and abandoning module Documentation (122)
[2015.12.06-01.53.43:506][997]LogModuleManager: Shutting down and abandoning module GameLiveStreaming (121)
[2015.12.06-01.53.43:516][997]LogModuleManager: Shutting down and abandoning module StreamingPauseRendering (120)
[2015.12.06-01.53.43:516][997]LogModuleManager: Shutting down and abandoning module AnalyticsET (119)
[2015.12.06-01.53.43:516][997]LogModuleManager: Shutting down and abandoning module Analytics (118)
[2015.12.06-01.53.43:516][997]LogModuleManager: Shutting down and abandoning module AITestSuite (117)
[2015.12.06-01.53.43:532][997]LogModuleManager: Shutting down and abandoning module GameplayDebugger (116)
[2015.12.06-01.53.43:551][997]LogModuleManager: Shutting down and abandoning module AIModule (115)
[2015.12.06-01.53.43:557][997]LogModuleManager: Shutting down and abandoning module ProfilerService (114)
[2015.12.06-01.53.43:617][997]LogModuleManager: Shutting down and abandoning module TaskGraph (113)
[2015.12.06-01.53.43:631][997]LogModuleManager: Shutting down and abandoning module SlateRemote (112)
[2015.12.06-01.53.43:631][997]LogModuleManager: Shutting down and abandoning module SteamVRController (111)
[2015.12.06-01.53.43:631][997]LogModuleManager: Shutting down and abandoning module SteamVR (110)
[2015.12.06-01.53.43:631][997]LogModuleManager: Shutting down and abandoning module ProceduralMeshComponent (109)
[2015.12.06-01.53.43:631][997]LogModuleManager: Shutting down and abandoning module OculusRift (108)
[2015.12.06-01.53.43:631][997]LogModuleManager: Shutting down and abandoning module LeapMotionController (107)
[2015.12.06-01.53.43:709][997]LogModuleManager: Shutting down and abandoning module CustomMeshComponent (106)
[2015.12.06-01.53.43:709][997]LogModuleManager: Shutting down and abandoning module CableComponent (105)
[2015.12.06-01.53.43:729][997]LogModuleManager: Shutting down and abandoning module MessagingDebugger (104)
[2015.12.06-01.53.43:747][997]LogModuleManager: Shutting down and abandoning module MediaPlayerEditor (103)
[2015.12.06-01.53.43:764][997]LogModuleManager: Shutting down and abandoning module SpeedTreeImporter (102)
[2015.12.06-01.53.43:764][997]LogModuleManager: Shutting down and abandoning module PluginBrowser (101)
[2015.12.06-01.53.43:776][997]LogModuleManager: Shutting down and abandoning module EpicSurvey (100)
[2015.12.06-01.53.43:793][997]LogModuleManager: Shutting down and abandoning module DesktopPlatform (99)
[2015.12.06-01.53.43:814][997]LogModuleManager: Shutting down and abandoning module VisualStudioSourceCodeAccess (98)
[2015.12.06-01.53.43:821][997]LogModuleManager: Shutting down and abandoning module UObjectPlugin (97)
[2015.12.06-01.53.43:821][997]LogModuleManager: Shutting down and abandoning module SubversionSourceControl (96)
[2015.12.06-01.53.43:838][997]LogModuleManager: Shutting down and abandoning module PerforceSourceControl (95)
[2015.12.06-01.53.43:855][997]LogModuleManager: Shutting down and abandoning module SourceControl (94)
[2015.12.06-01.53.43:877][997]LogModuleManager: Shutting down and abandoning module GitSourceControl (93)
[2015.12.06-01.53.43:891][997]LogModuleManager: Shutting down and abandoning module BlankPlugin (92)
[2015.12.06-01.53.43:891][997]LogModuleManager: Shutting down and abandoning module PaperTiledImporter (91)
[2015.12.06-01.53.43:891][997]LogModuleManager: Shutting down and abandoning module PaperSpriteSheetImporter (90)
[2015.12.06-01.53.43:891][997]LogModuleManager: Shutting down and abandoning module MeshPaint (89)
[2015.12.06-01.53.43:902][997]LogModuleManager: Shutting down and abandoning module SlateReflector (88)
[2015.12.06-01.53.43:924][997]LogModuleManager: Shutting down and abandoning module DirectoryWatcher (87)
[2015.12.06-01.53.43:932][997]LogModuleManager: Shutting down and abandoning module HotReload (86)
[2015.12.06-01.53.43:955][997]LogModuleManager: Shutting down and abandoning module MainFrame (85)
[2015.12.06-01.53.43:955][997]LogModuleManager: Shutting down and abandoning module LevelEditor (84)
[2015.12.06-01.53.43:985][997]LogModuleManager: Shutting down and abandoning module ContentBrowser (83)
[2015.12.06-01.53.43:989][997]LogModuleManager: Shutting down and abandoning module Paper2DEditor (82)
[2015.12.06-01.53.44:025][997]LogModuleManager: Shutting down and abandoning module Brain (81)
[2015.12.06-01.53.44:025][997]LogModuleManager: Shutting down and abandoning module UdpMessaging (80)
[2015.12.06-01.53.44:126][997]LogModuleManager: Shutting down and abandoning module Paper2D (79)
[2015.12.06-01.53.44:171][997]LogModuleManager: Shutting down and abandoning module WindowsMoviePlayer (78)
[2015.12.06-01.53.44:184][997]LogModuleManager: Shutting down and abandoning module Media (77)
[2015.12.06-01.53.44:184][997]LogModuleManager: Shutting down and abandoning module WmfMedia (76)
[2015.12.06-01.53.44:220][997]LogModuleManager: Shutting down and abandoning module OnlineBlueprintSupport (75)
[2015.12.06-01.53.44:220][997]LogModuleManager: Shutting down and abandoning module PropertyEditor (74)
[2015.12.06-01.53.44:220][997]LogModuleManager: Shutting down and abandoning module BehaviorTreeEditor (73)
[2015.12.06-01.53.44:278][997]LogModuleManager: Shutting down and abandoning module FunctionalTesting (72)
[2015.12.06-01.53.44:294][997]LogModuleManager: Shutting down and abandoning module CollisionAnalyzer (71)
[2015.12.06-01.53.44:322][997]LogModuleManager: Shutting down and abandoning module WorkspaceMenuStructure (70)
[2015.12.06-01.53.44:322][997]LogModuleManager: Shutting down and abandoning module MessageLog (69)
[2015.12.06-01.53.44:322][997]LogModuleManager: Shutting down and abandoning module Sequencer (68)
[2015.12.06-01.53.44:420][997]LogModuleManager: Shutting down and abandoning module AssetTools (67)
[2015.12.06-01.53.44:494][997]LogModuleManager: Shutting down and abandoning module UMGEditor (66)
[2015.12.06-01.53.44:579][997]LogModuleManager: Shutting down and abandoning module UMG (65)
[2015.12.06-01.53.44:618][997]LogModuleManager: Shutting down and abandoning module Slate (64)
[2015.12.06-01.53.44:618][997]LogModuleManager: Shutting down and abandoning module EditorStyle (63)
[2015.12.06-01.53.44:623][997]LogModuleManager: Shutting down and abandoning module SessionServices (62)
[2015.12.06-01.53.44:623][997]LogModuleManager: Shutting down and abandoning module SourceCodeAccess (61)
[2015.12.06-01.53.44:623][997]LogModuleManager: Shutting down and abandoning module HeadMountedDisplay (60)
[2015.12.06-01.53.44:623][997]LogModuleManager: Shutting down and abandoning module XAudio2 (59)
[2015.12.06-01.53.44:623][997]LogModuleManager: Shutting down and abandoning module Networking (57)
[2015.12.06-01.53.44:623][997]LogModuleManager: Shutting down and abandoning module Core (56)
[2015.12.06-01.53.44:623][997]LogModuleManager: Shutting down and abandoning module KismetCompiler (55)
[2015.12.06-01.53.44:762][997]LogModuleManager: Shutting down and abandoning module PhysXFormats (54)
[2015.12.06-01.53.44:839][997]LogModuleManager: Shutting down and abandoning module MeshUtilities (53)
[2015.12.06-01.53.44:887][997]LogModuleManager: Shutting down and abandoning module DerivedDataCache (52)
[2015.12.06-01.53.44:935][997]LogDerivedDataCache: Shutdown
[2015.12.06-01.53.44:935][997]LogModuleManager: Shutting down and abandoning module ShaderFormatOpenGL (51)
[2015.12.06-01.53.44:951][997]LogModuleManager: Shutting down and abandoning module ShaderFormatD3D (50)
[2015.12.06-01.53.44:966][997]LogModuleManager: Shutting down and abandoning module MetalShaderFormat (49)
[2015.12.06-01.53.44:988][997]LogModuleManager: Shutting down and abandoning module TextureFormatUncompressed (48)
[2015.12.06-01.53.44:988][997]LogModuleManager: Shutting down and abandoning module TextureFormatPVR (47)
[2015.12.06-01.53.45:002][997]LogModuleManager: Shutting down and abandoning module TextureFormatIntelISPCTexComp (46)
[2015.12.06-01.53.45:044][997]LogModuleManager: Shutting down and abandoning module TextureFormatDXT (45)
[2015.12.06-01.53.45:057][997]LogModuleManager: Shutting down and abandoning module ImageWrapper (44)
[2015.12.06-01.53.45:057][997]LogModuleManager: Shutting down and abandoning module TextureFormatASTC (43)
[2015.12.06-01.53.45:057][997]LogModuleManager: Shutting down and abandoning module TextureFormatAndroid (42)
[2015.12.06-01.53.45:057][997]LogModuleManager: Shutting down and abandoning module AudioFormatOpus (41)
[2015.12.06-01.53.45:079][997]LogModuleManager: Shutting down and abandoning module AudioFormatOgg (40)
[2015.12.06-01.53.45:095][997]LogModuleManager: Shutting down and abandoning module AudioFormatADPCM (39)
[2015.12.06-01.53.45:095][997]LogModuleManager: Shutting down and abandoning module LinuxTargetPlatform (38)
[2015.12.06-01.53.45:095][997]LogModuleManager: Shutting down and abandoning module LinuxServerTargetPlatform (37)
[2015.12.06-01.53.45:129][997]LogModuleManager: Shutting down and abandoning module LinuxNoEditorTargetPlatform (36)
[2015.12.06-01.53.45:135][997]LogModuleManager: Shutting down and abandoning module Messaging (35)
[2015.12.06-01.53.45:135][997]LogModuleManager: Shutting down and abandoning module IOSTargetPlatform (34)
[2015.12.06-01.53.45:135][997]LogModuleManager: Shutting down and abandoning module HTML5TargetPlatform (33)
[2015.12.06-01.53.45:136][997]LogModuleManager: Shutting down and abandoning module Android_PVRTCTargetPlatform (32)
[2015.12.06-01.53.45:136][997]LogModuleManager: Shutting down and abandoning module Android_ETC2TargetPlatform (31)
[2015.12.06-01.53.45:136][997]LogModuleManager: Shutting down and abandoning module Android_ETC1TargetPlatform (30)
[2015.12.06-01.53.45:136][997]LogModuleManager: Shutting down and abandoning module Android_DXTTargetPlatform (29)
[2015.12.06-01.53.45:136][997]LogModuleManager: Shutting down and abandoning module Android_ATCTargetPlatform (28)
[2015.12.06-01.53.45:136][997]LogModuleManager: Shutting down and abandoning module Android_ASTCTargetPlatform (27)
[2015.12.06-01.53.45:136][997]LogModuleManager: Shutting down and abandoning module AndroidTargetPlatform (26)
[2015.12.06-01.53.45:136][997]LogModuleManager: Shutting down and abandoning module WindowsTargetPlatform (25)
[2015.12.06-01.53.45:136][997]LogModuleManager: Shutting down and abandoning module WindowsServerTargetPlatform (24)
[2015.12.06-01.53.45:136][997]LogModuleManager: Shutting down and abandoning module WindowsNoEditorTargetPlatform (23)
[2015.12.06-01.53.45:136][997]LogModuleManager: Shutting down and abandoning module WindowsClientTargetPlatform (22)
[2015.12.06-01.53.45:137][997]LogModuleManager: Shutting down and abandoning module DesktopTargetPlatform (21)
[2015.12.06-01.53.45:137][997]LogModuleManager: Shutting down and abandoning module TargetPlatform (20)
[2015.12.06-01.53.45:137][997]LogModuleManager: Shutting down and abandoning module InputCore (19)
[2015.12.06-01.53.45:137][997]LogModuleManager: Shutting down and abandoning module Settings (18)
[2015.12.06-01.53.45:137][997]LogModuleManager: Shutting down and abandoning module OnlineSubsystem (16)
[2015.12.06-01.53.45:137][997]LogModuleManager: Shutting down and abandoning module HTTP (15)
[2015.12.06-01.53.45:138][997]LogModuleManager: Shutting down and abandoning module ExampleDeviceProfileSelector (14)
[2015.12.06-01.53.45:138][997]LogModuleManager: Shutting down and abandoning module TextureCompressor (13)
[2015.12.06-01.53.45:142][997]LogModuleManager: Shutting down and abandoning module ShaderCore (12)
[2015.12.06-01.53.45:142][997]LogModuleManager: Shutting down and abandoning module Landscape (11)
[2015.12.06-01.53.45:142][997]LogModuleManager: Shutting down and abandoning module SlateRHIRenderer (10)
[2015.12.06-01.53.45:223][997]LogModuleManager: Shutting down and abandoning module OpenGLDrv (9)
[2015.12.06-01.53.45:245][997]LogModuleManager: Shutting down and abandoning module D3D11RHI (8)
[2015.12.06-01.53.45:245][997]LogModuleManager: Shutting down and abandoning module Renderer (7)
[2015.12.06-01.53.45:245][997]LogModuleManager: Shutting down and abandoning module Engine (6)
[2015.12.06-01.53.45:245][997]LogModuleManager: Shutting down and abandoning module CoreUObject (5)
[2015.12.06-01.53.45:245][997]LogModuleManager: Shutting down and abandoning module NetworkFile (4)
[2015.12.06-01.53.45:249][997]LogModuleManager: Shutting down and abandoning module StreamingFile (3)
[2015.12.06-01.53.45:249][997]LogModuleManager: Shutting down and abandoning module SandboxFile (2)
[2015.12.06-01.53.45:257][997]LogModuleManager: Shutting down and abandoning module PakFile (1)
[2015.12.06-01.53.45:355][997]LogExit: Exiting.
[2015.12.06-01.53.45:414][997]Log file closed, 12/05/15 20:53:45
