[2015.09.08-14.38.53:124][  0]Log file open, 09/08/15 10:38:53
[2015.09.08-14.38.53:124][  0]LogInit:Display: Running engine for game: Brain
[2015.09.08-14.38.53:124][  0]LogInit:Display: RandInit(2137451537) SRandInit(2137451538).
[2015.09.08-14.38.53:124][  0]LogTaskGraph: Started task graph with 4 named threads and 7 total threads.
[2015.09.08-14.38.53:125][  0]LogStats: Stats thread started
[2015.09.08-14.38.53:125][  0]LogInit: Version: 4.8.3-2634408+++depot+UE4-Releases+4.8
[2015.09.08-14.38.53:125][  0]LogInit: API Version: 2579680
[2015.09.08-14.38.53:125][  0]LogInit: Compiled (64-bit): Jul 27 2015 16:24:33
[2015.09.08-14.38.53:125][  0]LogInit: Compiled with Visual C++: 18.00.21005.01
[2015.09.08-14.38.53:126][  0]LogInit: Build Configuration: DebugGame
[2015.09.08-14.38.53:126][  0]LogInit: Branch Name: ++depot+UE4-Releases+4.8
[2015.09.08-14.38.53:126][  0]LogInit: Command line:  -debug
[2015.09.08-14.38.53:126][  0]LogInit: Base directory: C:/Program Files/Epic Games/4.8/Engine/Binaries/Win64/
[2015.09.08-14.38.53:127][  0]LogInit: Rocket: 1
[2015.09.08-14.38.53:155][  0]LogInit: Using libcurl 7.41.0
[2015.09.08-14.38.53:155][  0]LogInit:  - built for x86_64-pc-win32
[2015.09.08-14.38.53:155][  0]LogInit:  - supports SSL with WinSSL
[2015.09.08-14.38.53:156][  0]LogInit:  - other features:
[2015.09.08-14.38.53:156][  0]LogInit:      CURL_VERSION_SSL
[2015.09.08-14.38.53:156][  0]LogInit:      CURL_VERSION_IPV6
[2015.09.08-14.38.53:156][  0]LogInit:      CURL_VERSION_ASYNCHDNS
[2015.09.08-14.38.53:157][  0]LogInit:      CURL_VERSION_LARGEFILE
[2015.09.08-14.38.53:157][  0]LogInit:      CURL_VERSION_IDN
[2015.09.08-14.38.53:157][  0]LogInit:  CurlRequestOptions (configurable via config and command line):
[2015.09.08-14.38.53:158][  0]LogInit:  - bVerifyPeer = true  - Libcurl will verify peer certificate
[2015.09.08-14.38.53:158][  0]LogInit:  - bUseHttpProxy = false  - Libcurl will NOT use HTTP proxy
[2015.09.08-14.38.53:158][  0]LogInit:  - bDontReuseConnections = false  - Libcurl will reuse connections
[2015.09.08-14.38.53:158][  0]LogInit:  - CertBundlePath = nullptr  - Libcurl will use whatever was configured at build time.
[2015.09.08-14.38.53:173][  0]LogOnline:Warning: No default platform service specified for OnlineSubsystem
[2015.09.08-14.38.53:210][  0]LogInit: Presizing for 0 objects not considered by GC, pre-allocating 0 bytes.
[2015.09.08-14.38.53:217][  0]LogInit: Object subsystem initialized
[2015.09.08-14.38.53:218][  0]LogConsoleResponse:Warning: Skipping Unknown console variable: 'TranslucentSortAxis = (X=0.000000,Y=-1.000000,Z=0.000000)'
[2015.09.08-14.38.53:219][  0]LogConsoleResponse:Warning:   Found in ini file 'C:/Users/frederic/Documents/Unreal Projects/Brain/Saved/Config/Windows/Engine.ini', in section '[/Script/Engine.RendererSettings]'
[2015.09.08-14.38.53:219][  0]LogConsoleResponse:Warning: Skipping Unknown console variable: 'UIScaleRule = ShortestSide'
[2015.09.08-14.38.53:219][  0]LogConsoleResponse:Warning:   Found in ini file 'C:/Users/frederic/Documents/Unreal Projects/Brain/Saved/Config/Windows/Engine.ini', in section '[/Script/Engine.RendererSettings]'
[2015.09.08-14.38.53:220][  0]LogConsoleResponse:Warning: Skipping Unknown console variable: 'UIScaleCurve = (EditorCurveData=(Keys=),ExternalCurve=None)'
[2015.09.08-14.38.53:220][  0]LogConsoleResponse:Warning:   Found in ini file 'C:/Users/frederic/Documents/Unreal Projects/Brain/Saved/Config/Windows/Engine.ini', in section '[/Script/Engine.RendererSettings]'
[2015.09.08-14.38.53:220][  0]LogInit: Selected Device Profile: [Windows]
[2015.09.08-14.38.53:221][  0]LogInit: Applying CVar settings loaded from the selected device profile: [Windows]
[2015.09.08-14.38.53:228][  0]LogInit: Computer: FREDERIC-PC
[2015.09.08-14.38.53:228][  0]LogInit: User: frederic
[2015.09.08-14.38.53:229][  0]LogInit: CPU Page size=4096, Cores=4
[2015.09.08-14.38.53:229][  0]LogInit: High frequency timer resolution =3.331220 MHz
[2015.09.08-14.38.53:229][  0]LogMemory: Memory total: Physical=15.9GB (16GB approx)
[2015.09.08-14.38.53:230][  0]LogMemory: Platform Memory Stats for Windows
[2015.09.08-14.38.53:230][  0]LogMemory: Process Physical Memory: 56.27 MB used, 56.27 MB peak
[2015.09.08-14.38.53:230][  0]LogMemory: Process Virtual Memory: 28.47 MB used, 28.47 MB peak
[2015.09.08-14.38.53:231][  0]LogMemory: Physical Memory: 7562.69 MB used, 16288.39 MB total
[2015.09.08-14.38.53:231][  0]LogMemory: Virtual Memory: 286.75 MB used, 8388608.00 MB total
[2015.09.08-14.38.53:307][  0]LogTextLocalizationManager: The requested culture ('fr_CA') has no localization data; falling back to 'en' for localization and internationalization data.
[2015.09.08-14.38.53:525][  0]LogTextLocalizationManager:Warning: Loaded localization resources contain conflicting entries for (Namespace:ContentBrowser, Key:ImportAssetToolTip):
Localization Resource: (C:/Program Files/Epic Games/4.8/Engine/Content/Localization/Editor/en/Editor.locres) Source String Hash: (-630476809) Localized String: (Import to {0}...)
Localization Resource: (C:/Program Files/Epic Games/4.8/Engine/Content/Localization/Editor/en/Editor.locres) Source String Hash: (1271782899) Localized String: (Imports an asset from file to this folder.)
[2015.09.08-14.38.53:879][  0]LogD3D11RHI: Found D3D11 adapter 0: NVIDIA GeForce GTX 970 (Feature Level 11_0)
[2015.09.08-14.38.53:879][  0]LogD3D11RHI: Adapter has 4008MB of dedicated video memory, 0MB of dedicated system memory, and 7888MB of shared system memory, 1 output[s]
[2015.09.08-14.38.53:888][  0]LogD3D11RHI: Found D3D11 adapter 1: Intel(R) HD Graphics 3000 (Feature Level 10_0)
[2015.09.08-14.38.53:888][  0]LogD3D11RHI: Adapter has 64MB of dedicated video memory, 0MB of dedicated system memory, and 1632MB of shared system memory, 0 output[s]
[2015.09.08-14.38.53:888][  0]LogD3D11RHI: Chosen D3D11 Adapter Id = 0
[2015.09.08-14.38.53:893][  0]LogD3D11RHI: InitD3DDevice
[2015.09.08-14.38.53:893][  0]LogD3D11RHI: !Direct3DDevice
[2015.09.08-14.38.53:894][  0]LogRHI: Texture pool is 1361 MB (70% of 1945 MB)
[2015.09.08-14.38.53:937][  0]LogD3D11RHI: Async texture creation enabled
[2015.09.08-14.38.53:951][  0]LogShaderCompilers:Display: Using Local Shader Compiler.
[2015.09.08-14.38.54:779][  0]LogTemp:Display: Loaded TP DesktopTargetPlatform
[2015.09.08-14.38.54:802][  0]LogTemp:Display: Loaded TP WindowsClientTargetPlatform
[2015.09.08-14.38.54:826][  0]LogTemp:Display: Loaded TP WindowsNoEditorTargetPlatform
[2015.09.08-14.38.54:849][  0]LogTemp:Display: Loaded TP WindowsServerTargetPlatform
[2015.09.08-14.38.54:875][  0]LogTemp:Display: Loaded TP WindowsTargetPlatform
[2015.09.08-14.38.54:891][  0]LogTemp:Display: Loaded TP AndroidTargetPlatform
[2015.09.08-14.38.54:907][  0]LogTemp:Display: Loaded TP Android_ASTCTargetPlatform
[2015.09.08-14.38.54:924][  0]LogTemp:Display: Loaded TP Android_ATCTargetPlatform
[2015.09.08-14.38.54:944][  0]LogTemp:Display: Loaded TP Android_DXTTargetPlatform
[2015.09.08-14.38.54:964][  0]LogTemp:Display: Loaded TP Android_ETC1TargetPlatform
[2015.09.08-14.38.54:985][  0]LogTemp:Display: Loaded TP Android_ETC2TargetPlatform
[2015.09.08-14.38.55:011][  0]LogTemp:Display: Loaded TP Android_PVRTCTargetPlatform
[2015.09.08-14.38.55:083][  0]LogTemp:Display: Loaded TP IOSTargetPlatform
[2015.09.08-14.38.55:100][  0]LogTemp:Display: Loaded TP LinuxNoEditorTargetPlatform
[2015.09.08-14.38.55:117][  0]LogTemp:Display: Loaded TP LinuxServerTargetPlatform
[2015.09.08-14.38.55:134][  0]LogTemp:Display: Loaded TP LinuxTargetPlatform
[2015.09.08-14.38.55:135][  0]LogTargetPlatformManager:Display: Building Assets For Windows
[2015.09.08-14.38.55:453][  0]LogDerivedDataCache:Display: Max Cache Size: 512 MB
[2015.09.08-14.38.55:507][  0]LogDerivedDataCache: Loaded boot cache 0.05s 60MB C:/Users/frederic/AppData/Local/UnrealEngine/4.8/DerivedDataCache/Boot.ddc.
[2015.09.08-14.38.55:508][  0]LogDerivedDataCache:Display: Loaded Boot cache: C:/Users/frederic/AppData/Local/UnrealEngine/4.8/DerivedDataCache/Boot.ddc
[2015.09.08-14.38.55:508][  0]LogDerivedDataCache: FDerivedDataBackendGraph:  Pak pak cache file ../../../../../../Users/frederic/Documents/Unreal Projects/Brain/DerivedDataCache/DDC.ddp not found, will not use a pak cache.
[2015.09.08-14.38.55:508][  0]LogDerivedDataCache: Unable to find inner node Pak for hierarchical cache Hierarchy.
[2015.09.08-14.38.55:509][  0]LogDerivedDataCache: FDerivedDataBackendGraph:  CompressedPak pak cache file ../../../../../../Users/frederic/Documents/Unreal Projects/Brain/DerivedDataCache/Compressed.ddp not found, will not use a pak cache.
[2015.09.08-14.38.55:509][  0]LogDerivedDataCache: Unable to find inner node CompressedPak for hierarchical cache Hierarchy.
[2015.09.08-14.38.55:655][  0]LogDerivedDataCache:Display: Pak cache opened for reading ../../../Engine/DerivedDataCache/Compressed.ddp.
[2015.09.08-14.38.55:667][  0]LogDerivedDataCache: Using Local data cache path C:/Users/frederic/AppData/Local/UnrealEngine/Common/DerivedDataCache: Writable
[2015.09.08-14.38.55:861][  0]LogCollisionProfile:Warning: Profile (Trigger) - Custom Channel Name = 'Projectile' hasn't been found
[2015.09.08-14.38.55:877][  0]LogInit: Selected Device Profile: [Windows]
[2015.09.08-14.38.55:884][  0]ImportText (ComponentSweepMultiTests): Missing closing parenthesis: (RootShapeAsset="/Engine/BasicShapes/Cube.Cube",ShapeType="TriggerCapsule",HitResult=(Time=0.50,Location=(X=-100.000015,Y=0.0,Z=100.000015),ImpactPoint=(X=-50.0,Y=0.0,Z=50.0),Normal=(X=-1.0,Y=-0.0,Z=0.0),ImpactNormal=(X=0.0,Y=0.0,Z=1.0),TraceStart=(X=-200.0,Y=0.0,Z=200.0),TraceEnd=(X=0.0,Y=0.0,Z=0.0))
[2015.09.08-14.38.55:885][  0]ImportText (LineTraceSingleByChannelTests): Missing closing parenthesis: (RootShapeAsset="/Engine/BasicShapes/Cube.Cube",HitResult=(Time=0.50,Location=(X=-100.000015,Y=0.0,Z=100.000015),ImpactPoint=(X=-50.0,Y=0.0,Z=50.0),Normal=(X=-1.0,Y=-0.0,Z=0.0),ImpactNormal=(X=0.0,Y=0.0,Z=1.0),TraceStart=(X=-200.0,Y=0.0,Z=200.0),TraceEnd=(X=0.0,Y=0.0,Z=0.0))
[2015.09.08-14.38.55:926][  0]LogMeshUtilities: No automatic mesh reduction module available
[2015.09.08-14.38.55:926][  0]LogMeshUtilities: No automatic mesh merging module available
[2015.09.08-14.38.56:347][  0]LogInit: WinSock: version 1.1 (2.2), MaxSocks=32767, MaxUdp=65467
[2015.09.08-14.38.57:574][  0]UdpMessaging: Initializing bridge on interface 0.0.0.0:0 to multicast group 230.0.0.1:6666.
[2015.09.08-14.38.58:404][  0]SourceControl: Info Source control is disabled
[2015.09.08-14.38.58:426][  0]SourceControl: Info Source control is disabled
[2015.09.08-14.38.58:446][  0]SourceControl: Info Source control is disabled
[2015.09.08-14.38.58:467][  0]SourceControl: Info Source control is disabled
[2015.09.08-14.38.58:785][  0]LogObj: 31170 objects as part of root set at end of initial load.
[2015.09.08-14.38.58:786][  0]LogUObjectAllocator: 7108560 out of 0 bytes used by permanent object pool.
[2015.09.08-14.38.58:876][  0]LogEngine: Initializing Engine...
[2015.09.08-14.38.58:879][  0]LogHMD: Can't find Oculus library dev build: is proper Runtime installed? Version: 0.6.0.0
[2015.09.08-14.38.58:883][  0]LogHMD:Warning: SteamVR failed to initialize.  Error: 110
[2015.09.08-14.38.59:041][  0]LogAIModule: Creating AISystem for world NewWorld
[2015.09.08-14.38.59:053][  0]LogInit: XAudio2 using 'Haut-parleurs (Realtek High Definition Audio)' : 2 channels at 48 kHz using 32 bits per sample (channel mask 0x3)
[2015.09.08-14.38.59:069][  0]LogInit: FAudioDevice initialized.
[2015.09.08-14.38.59:097][  0]LogDerivedDataCache: Saved boot cache 0.03s 60MB C:/Users/frederic/AppData/Local/UnrealEngine/4.8/DerivedDataCache/Boot.ddc.
[2015.09.08-14.38.59:106][  0]LogInit: Texture streaming: Disabled
[2015.09.08-14.38.59:140][  0]LogAnalytics: Creating configured Analytics provider AnalyticsET
[2015.09.08-14.38.59:140][  0]LogAnalytics: [UEEditor.Rocket.Release] APIServer = http://et2.epicgames.com/ET2/. AppVersion = 4.8.3-2634408+++depot+UE4-Releases+4.8
[2015.09.08-14.38.59:140][  0]LogAnalytics: [UEEditor.Rocket.Release] SetUserId c8da8d664a36a98701fe659c10ae4ff8|70626fa7f476448fb82ad9618fbbb1ab|00e7fb16-00c3-4af4-a2a1-2cc8013aae38
[2015.09.08-14.38.59:141][  0]LogAnalytics: [UEEditor.Rocket.Release] AnalyticsET::StartSession
[2015.09.08-14.38.59:177][  0]LogInit: Transaction tracking system initialized
[2015.09.08-14.38.59:398][  0]BlueprintLog: New page: Editor Load
[2015.09.08-14.38.59:446][  0]LogAssetRegistry: FAssetRegistry took 0.0103 seconds to start up
[2015.09.08-14.38.59:447][  0]LogDirectoryWatcher:Warning: Failed to begin reading directory changes for ../../../Engine/Plugins/Experimental/CharacterAI/Content/. Error: 0
[2015.09.08-14.39.00:506][  0]LogConsoleManager:Warning: Console variable 'r.VSync' wasn't set ('GameSetting' has a lower priority than 'SystemSettingsIni')
[2015.09.08-14.39.00:507][  0]LogConsoleResponse:Display: 
[2015.09.08-14.39.00:604][  0]LogCook:Display: Done creating registry. It took  0.00s.
[2015.09.08-14.39.00:880][  0]SourceControl: Info Source control is disabled
[2015.09.08-14.39.00:881][  0]Cmd: MAP LOAD FILE="../../../../../../Users/frederic/Documents/Unreal Projects/Brain/Content/FirstPerson/Maps/FirstPersonExampleMap.umap" TEMPLATE=0 SHOWPROGRESS=1 FEATURELEVEL=3
[2015.09.08-14.39.00:881][  0]LightingResults: New page: Lighting Build
[2015.09.08-14.39.00:896][  0]MapCheck: New page: Map Check
[2015.09.08-14.39.00:897][  0]LightingResults: New page: Lighting Build
[2015.09.08-14.39.00:907][  0]LogParticles: Destroying 0 GPU particle simulations for FXSystem 0x000000001D4628E0
[2015.09.08-14.39.01:546][  0]LogAIModule: Creating AISystem for world FirstPersonExampleMap
[2015.09.08-14.39.01:556][  0]LogEditorServer: Finished looking for orphan Actors (0.000 secs)
[2015.09.08-14.39.02:601][  0]Cmd: MAP CHECKDEP NOCLEARLOG
[2015.09.08-14.39.02:641][  0]MapCheck: Info Map check complete: 0 Error(s), 0 Warning(s), took 39.199ms to complete.
[2015.09.08-14.39.02:641][  0]LogFileHelpers: Loading map 'FirstPersonExampleMap' took 1.761
[2015.09.08-14.39.02:746][  0]LogCollectionManager: Loaded 0 collections in 0.001889 seconds
[2015.09.08-14.39.02:754][  0]LogContentBrowser: Native class hierarchy populated in 0.0075 seconds. Added 1800 classes and 303 folders.
[2015.09.08-14.39.02:820][  0]LogContentBrowser: Native class hierarchy updated for 'WidgetCarousel' in 0.0013 seconds. Added 0 classes and 0 folders.
[2015.09.08-14.39.02:858][  0]LogContentBrowser: Native class hierarchy updated for 'AddContentDialog' in 0.0015 seconds. Added 0 classes and 0 folders.
[2015.09.08-14.39.02:890][  0]LogContentBrowser: Native class hierarchy updated for 'SceneOutliner' in 0.0015 seconds. Added 1 classes and 2 folders.
[2015.09.08-14.39.02:944][  0]LogCrashTracker: Crashtracker disabled due to settings.
[2015.09.08-14.39.02:946][  0]LogD3D11RHI: InitD3DDevice
[2015.09.08-14.39.02:949][  0]LogUObjectGlobals:Warning: Failed to find object 'Class None.'
[2015.09.08-14.39.02:971][  0]LogLoad: Full Startup: 11.84 seconds (BP compile: 0.25 seconds)
[2015.09.08-14.39.03:040][  0]LogContentStreaming: Texture pool size is 0.000000MB
[2015.09.08-14.39.03:079][  0]LogContentStreaming: Texture pool size now 1000 MB
[2015.09.08-14.39.03:192][  0]LogRenderer: Reallocating scene render targets to support 1208x560 (Frame:2).
[2015.09.08-14.39.03:629][  6]LogAssetRegistry: Asset discovery search completed in 4.1934 seconds
[2015.09.08-14.39.04:177][ 64]LogD3D11RHI: InitD3DDevice
[2015.09.08-14.39.05:102][172]LogEditorViewport: Clicking on Actor (LMB): BrainNormalInteractiveObject (BrainNormalInteractiveObject1)
[2015.09.08-14.39.07:839][495]Cmd: EDIT COPY
[2015.09.08-14.39.09:149][651]Cmd: EDIT PASTE
[2015.09.08-14.39.19:034][822]LogEditorViewport: Clicking on Actor (LMB): StaticMeshActor (Floor)
[2015.09.08-14.39.23:061][300]LogEditorViewport: Clicking on Actor (LMB): BrainNormalInteractiveObject (BrainNormalInteractiveObject2)
[2015.09.08-14.39.57:173][278]Cmd: DELETE
[2015.09.08-14.39.57:174][278]Cmd: ACTOR DELETE
[2015.09.08-14.39.57:175][278]LogEditorActor: Deleted Actor: BrainNormalInteractiveObject
[2015.09.08-14.39.57:176][278]LogActorComponent: UnregisterComponent: (/Engine/T