[2015.09.07-14.13.39:067][  0]Log file open, 09/07/15 10:13:39
[2015.09.07-14.13.39:067][  0]LogInit:Display: Running engine for game: Brain
[2015.09.07-14.13.39:067][  0]LogInit:Display: RandInit(1614283342) SRandInit(1614283342).
[2015.09.07-14.13.39:067][  0]LogTaskGraph: Started task graph with 4 named threads and 7 total threads.
[2015.09.07-14.13.39:077][  0]LogStats: Stats thread started
[2015.09.07-14.13.39:077][  0]LogInit: Version: 4.8.3-2634408+++depot+UE4-Releases+4.8
[2015.09.07-14.13.39:077][  0]LogInit: API Version: 2579680
[2015.09.07-14.13.39:077][  0]LogInit: Compiled (64-bit): Jul 27 2015 16:24:33
[2015.09.07-14.13.39:077][  0]LogInit: Compiled with Visual C++: 18.00.21005.01
[2015.09.07-14.13.39:077][  0]LogInit: Build Configuration: Development
[2015.09.07-14.13.39:077][  0]LogInit: Branch Name: ++depot+UE4-Releases+4.8
[2015.09.07-14.13.39:077][  0]LogInit: Command line: 
[2015.09.07-14.13.39:077][  0]LogInit: Base directory: C:/Program Files/Epic Games/4.8/Engine/Binaries/Win64/
[2015.09.07-14.13.39:077][  0]LogInit: Rocket: 1
[2015.09.07-14.13.39:097][  0]LogInit: Using libcurl 7.41.0
[2015.09.07-14.13.39:097][  0]LogInit:  - built for x86_64-pc-win32
[2015.09.07-14.13.39:097][  0]LogInit:  - supports SSL with WinSSL
[2015.09.07-14.13.39:097][  0]LogInit:  - other features:
[2015.09.07-14.13.39:097][  0]LogInit:      CURL_VERSION_SSL
[2015.09.07-14.13.39:097][  0]LogInit:      CURL_VERSION_IPV6
[2015.09.07-14.13.39:097][  0]LogInit:      CURL_VERSION_ASYNCHDNS
[2015.09.07-14.13.39:097][  0]LogInit:      CURL_VERSION_LARGEFILE
[2015.09.07-14.13.39:097][  0]LogInit:      CURL_VERSION_IDN
[2015.09.07-14.13.39:097][  0]LogInit:  CurlRequestOptions (configurable via config and command line):
[2015.09.07-14.13.39:097][  0]LogInit:  - bVerifyPeer = true  - Libcurl will verify peer certificate
[2015.09.07-14.13.39:097][  0]LogInit:  - bUseHttpProxy = false  - Libcurl will NOT use HTTP proxy
[2015.09.07-14.13.39:097][  0]LogInit:  - bDontReuseConnections = false  - Libcurl will reuse connections
[2015.09.07-14.13.39:097][  0]LogInit:  - CertBundlePath = nullptr  - Libcurl will use whatever was configured at build time.
[2015.09.07-14.13.39:117][  0]LogOnline:Warning: No default platform service specified for OnlineSubsystem
[2015.09.07-14.13.39:147][  0]LogInit: Presizing for 0 objects not considered by GC, pre-allocating 0 bytes.
[2015.09.07-14.13.39:157][  0]LogInit: Object subsystem initialized
[2015.09.07-14.13.39:157][  0]LogConsoleResponse:Warning: Skipping Unknown console variable: 'TranslucentSortAxis = (X=0.000000,Y=-1.000000,Z=0.000000)'
[2015.09.07-14.13.39:157][  0]LogConsoleResponse:Warning:   Found in ini file 'C:/Users/frederic/Documents/Unreal Projects/Brain/Saved/Config/Windows/Engine.ini', in section '[/Script/Engine.RendererSettings]'
[2015.09.07-14.13.39:157][  0]LogConsoleResponse:Warning: Skipping Unknown console variable: 'UIScaleRule = ShortestSide'
[2015.09.07-14.13.39:157][  0]LogConsoleResponse:Warning:   Found in ini file 'C:/Users/frederic/Documents/Unreal Projects/Brain/Saved/Config/Windows/Engine.ini', in section '[/Script/Engine.RendererSettings]'
[2015.09.07-14.13.39:157][  0]LogConsoleResponse:Warning: Skipping Unknown console variable: 'UIScaleCurve = (EditorCurveData=(Keys=),ExternalCurve=None)'
[2015.09.07-14.13.39:157][  0]LogConsoleResponse:Warning:   Found in ini file 'C:/Users/frederic/Documents/Unreal Projects/Brain/Saved/Config/Windows/Engine.ini', in section '[/Script/Engine.RendererSettings]'
[2015.09.07-14.13.39:157][  0]LogInit: Selected Device Profile: [Windows]
[2015.09.07-14.13.39:157][  0]LogInit: Applying CVar settings loaded from the selected device profile: [Windows]
[2015.09.07-14.13.39:167][  0]LogInit: Computer: FREDERIC-PC
[2015.09.07-14.13.39:167][  0]LogInit: User: frederic
[2015.09.07-14.13.39:167][  0]LogInit: CPU Page size=4096, Cores=4
[2015.09.07-14.13.39:167][  0]LogInit: High frequency timer resolution =3.331259 MHz
[2015.09.07-14.13.39:167][  0]LogMemory: Memory total: Physical=15.9GB (16GB approx)
[2015.09.07-14.13.39:167][  0]LogMemory: Platform Memory Stats for Windows
[2015.09.07-14.13.39:167][  0]LogMemory: Process Physical Memory: 52.66 MB used, 52.66 MB peak
[2015.09.07-14.13.39:167][  0]LogMemory: Process Virtual Memory: 24.50 MB used, 28.41 MB peak
[2015.09.07-14.13.39:167][  0]LogMemory: Physical Memory: 6464.82 MB used, 16288.39 MB total
[2015.09.07-14.13.39:167][  0]LogMemory: Virtual Memory: 282.93 MB used, 8388608.00 MB total
[2015.09.07-14.13.39:245][  0]LogTextLocalizationManager: The requested culture ('fr_CA') has no localization data; falling back to 'en' for localization and internationalization data.
[2015.09.07-14.13.39:453][  0]LogTextLocalizationManager:Warning: Loaded localization resources contain conflicting entries for (Namespace:ContentBrowser, Key:ImportAssetToolTip):
Localization Resource: (C:/Program Files/Epic Games/4.8/Engine/Content/Localization/Editor/en/Editor.locres) Source String Hash: (-630476809) Localized String: (Import to {0}...)
Localization Resource: (C:/Program Files/Epic Games/4.8/Engine/Content/Localization/Editor/en/Editor.locres) Source String Hash: (1271782899) Localized String: (Imports an asset from file to this folder.)
[2015.09.07-14.13.39:890][  0]LogD3D11RHI: Found D3D11 adapter 0: NVIDIA GeForce GTX 970 (Feature Level 11_0)
[2015.09.07-14.13.39:891][  0]LogD3D11RHI: Adapter has 4008MB of dedicated video memory, 0MB of dedicated system memory, and 7888MB of shared system memory, 1 output[s]
[2015.09.07-14.13.39:898][  0]LogD3D11RHI: Found D3D11 adapter 1: Intel(R) HD Graphics 3000 (Feature Level 10_0)
[2015.09.07-14.13.39:898][  0]LogD3D11RHI: Adapter has 64MB of dedicated video memory, 0MB of dedicated system memory, and 1632MB of shared system memory, 0 output[s]
[2015.09.07-14.13.39:898][  0]LogD3D11RHI: Chosen D3D11 Adapter Id = 0
[2015.09.07-14.13.39:902][  0]LogD3D11RHI: InitD3DDevice
[2015.09.07-14.13.39:903][  0]LogD3D11RHI: !Direct3DDevice
[2015.09.07-14.13.39:903][  0]LogRHI: Texture pool is 1361 MB (70% of 1945 MB)
[2015.09.07-14.13.39:949][  0]LogD3D11RHI: Async texture creation enabled
[2015.09.07-14.13.39:964][  0]LogShaderCompilers:Display: Using Local Shader Compiler.
[2015.09.07-14.13.40:746][  0]LogTemp:Display: Loaded TP DesktopTargetPlatform
[2015.09.07-14.13.40:768][  0]LogTemp:Display: Loaded TP WindowsClientTargetPlatform
[2015.09.07-14.13.40:790][  0]LogTemp:Display: Loaded TP WindowsNoEditorTargetPlatform
[2015.09.07-14.13.40:812][  0]LogTemp:Display: Loaded TP WindowsServerTargetPlatform
[2015.09.07-14.13.40:836][  0]LogTemp:Display: Loaded TP WindowsTargetPlatform
[2015.09.07-14.13.40:853][  0]LogTemp:Display: Loaded TP AndroidTargetPlatform
[2015.09.07-14.13.40:870][  0]LogTemp:Display: Loaded TP Android_ASTCTargetPlatform
[2015.09.07-14.13.40:887][  0]LogTemp:Display: Loaded TP Android_ATCTargetPlatform
[2015.09.07-14.13.40:908][  0]LogTemp:Display: Loaded TP Android_DXTTargetPlatform
[2015.09.07-14.13.40:926][  0]LogTemp:Display: Loaded TP Android_ETC1TargetPlatform
[2015.09.07-14.13.40:947][  0]LogTemp:Display: Loaded TP Android_ETC2TargetPlatform
[2015.09.07-14.13.40:965][  0]LogTemp:Display: Loaded TP Android_PVRTCTargetPlatform
[2015.09.07-14.13.41:034][  0]LogTemp:Display: Loaded TP IOSTargetPlatform
[2015.09.07-14.13.41:049][  0]LogTemp:Display: Loaded TP LinuxNoEditorTargetPlatform
[2015.09.07-14.13.41:065][  0]LogTemp:Display: Loaded TP LinuxServerTargetPlatform
[2015.09.07-14.13.41:082][  0]LogTemp:Display: Loaded TP LinuxTargetPlatform
[2015.09.07-14.13.41:082][  0]LogTargetPlatformManager:Display: Building Assets For Windows
[2015.09.07-14.13.41:392][  0]LogDerivedDataCache:Display: Max Cache Size: 512 MB
[2015.09.07-14.13.41:445][  0]LogDerivedDataCache: Loaded boot cache 0.05s 60MB C:/Users/frederic/AppData/Local/UnrealEngine/4.8/DerivedDataCache/Boot.ddc.
[2015.09.07-14.13.41:446][  0]LogDerivedDataCache:Display: Loaded Boot cache: C:/Users/frederic/AppData/Local/UnrealEngine/4.8/DerivedDataCache/Boot.ddc
[2015.09.07-14.13.41:446][  0]LogDerivedDataCache: FDerivedDataBackendGraph:  Pak pak cache file ../../../../../../Users/frederic/Documents/Unreal Projects/Brain/DerivedDataCache/DDC.ddp not found, will not use a pak cache.
[2015.09.07-14.13.41:446][  0]LogDerivedDataCache: Unable to find inner node Pak for hierarchical cache Hierarchy.
[2015.09.07-14.13.41:447][  0]LogDerivedDataCache: FDerivedDataBackendGraph:  CompressedPak pak cache file ../../../../../../Users/frederic/Documents/Unreal Projects/Brain/DerivedDataCache/Compressed.ddp not found, will not use a pak cache.
[2015.09.07-14.13.41:447][  0]LogDerivedDataCache: Unable to find inner node CompressedPak for hierarchical cache Hierarchy.
[2015.09.07-14.13.41:595][  0]LogDerivedDataCache:Display: Pak cache opened for reading ../../../Engine/DerivedDataCache/Compressed.ddp.
[2015.09.07-14.13.41:607][  0]LogDerivedDataCache: Using Local data cache path C:/Users/frederic/AppData/Local/UnrealEngine/Common/DerivedDataCache: Writable
[2015.09.07-14.13.41:812][  0]LogInit: Selected Device Profile: [Windows]
[2015.09.07-14.13.41:819][  0]ImportText (ComponentSweepMultiTests): Missing closing parenthesis: (RootShapeAsset="/Engine/BasicShapes/Cube.Cube",ShapeType="TriggerCapsule",HitResult=(Time=0.50,Location=(X=-100.000015,Y=0.0,Z=100.000015),ImpactPoint=(X=-50.0,Y=0.0,Z=50.0),Normal=(X=-1.0,Y=-0.0,Z=0.0),ImpactNormal=(X=0.0,Y=0.0,Z=1.0),TraceStart=(X=-200.0,Y=0.0,Z=200.0),TraceEnd=(X=0.0,Y=0.0,Z=0.0))
[2015.09.07-14.13.41:820][  0]ImportText (LineTraceSingleByChannelTests): Missing closing parenthesis: (RootShapeAsset="/Engine/BasicShapes/Cube.Cube",HitResult=(Time=0.50,Location=(X=-100.000015,Y=0.0,Z=100.000015),ImpactPoint=(X=-50.0,Y=0.0,Z=50.0),Normal=(X=-1.0,Y=-0.0,Z=0.0),ImpactNormal=(X=0.0,Y=0.0,Z=1.0),TraceStart=(X=-200.0,Y=0.0,Z=200.0),TraceEnd=(X=0.0,Y=0.0,Z=0.0))
[2015.09.07-14.13.41:858][  0]LogMeshUtilities: No automatic mesh reduction module available
[2015.09.07-14.13.41:859][  0]LogMeshUtilities: No automatic mesh merging module available
[2015.09.07-14.13.42:265][  0]LogInit: WinSock: version 1.1 (2.2), MaxSocks=32767, MaxUdp=65467
[2015.09.07-14.13.43:443][  0]UdpMessaging: Initializing bridge on interface 0.0.0.0:0 to multicast group 230.0.0.1:6666.
[2015.09.07-14.13.44:233][  0]SourceControl: Info Source control is disabled
[2015.09.07-14.13.44:257][  0]SourceControl: Info Source control is disabled
[2015.09.07-14.13.44:276][  0]SourceControl: Info Source control is disabled
[2015.09.07-14.13.44:297][  0]SourceControl: Info Source control is disabled
[2015.09.07-14.13.44:616][  0]LogObj: 31152 objects as part of root set at end of initial load.
[2015.09.07-14.13.44:617][  0]LogUObjectAllocator: 7101040 out of 0 bytes used by permanent object pool.
[2015.09.07-14.13.44:704][  0]LogEngine: Initializing Engine...
[2015.09.07-14.13.44:707][  0]LogHMD: Can't find Oculus library dev build: is proper Runtime installed? Version: 0.6.0.0
[2015.09.07-14.13.44:711][  0]LogHMD:Warning: SteamVR failed to initialize.  Error: 110
[2015.09.07-14.13.44:868][  0]LogAIModule: Creating AISystem for world NewWorld
[2015.09.07-14.13.44:880][  0]LogInit: XAudio2 using 'Haut-parleurs (C-Media USB Audio Device   )' : 2 channels at 44.1 kHz using 16 bits per sample (channel mask 0x3)
[2015.09.07-14.13.44:890][  0]LogInit: FAudioDevice initialized.
[2015.09.07-14.13.44:919][  0]LogDerivedDataCache: Saved boot cache 0.03s 60MB C:/Users/frederic/AppData/Local/UnrealEngine/4.8/DerivedDataCache/Boot.ddc.
[2015.09.07-14.13.44:927][  0]LogInit: Texture streaming: Disabled
[2015.09.07-14.13.44:959][  0]LogAnalytics: Creating configured Analytics provider AnalyticsET
[2015.09.07-14.13.44:960][  0]LogAnalytics: [UEEditor.Rocket.Release] APIServer = http://et2.epicgames.com/ET2/. AppVersion = 4.8.3-2634408+++depot+UE4-Releases+4.8
[2015.09.07-14.13.44:960][  0]LogAnalytics: [UEEditor.Rocket.Release] SetUserId c8da8d664a36a98701fe659c10ae4ff8|70626fa7f476448fb82ad9618fbbb1ab|00e7fb16-00c3-4af4-a2a1-2cc8013aae38
[2015.09.07-14.13.44:960][  0]LogAnalytics: [UEEditor.Rocket.Release] AnalyticsET::StartSession
[2015.09.07-14.13.44:992][  0]LogInit: Transaction tracking system initialized
[2015.09.07-14.13.45:198][  0]BlueprintLog: New page: Editor Load
[2015.09.07-14.13.45:243][  0]LogAssetRegistry: FAssetRegistry took 0.0103 seconds to start up
[2015.09.07-14.13.45:244][  0]LogDirectoryWatcher:Warning: Failed to begin reading directory changes for ../../../Engine/Plugins/Experimental/CharacterAI/Content/. Error: 0
[2015.09.07-14.13.46:235][  0]LogConsoleManager:Warning: Console variable 'r.VSync' wasn't set ('GameSetting' has a lower priority than 'SystemSettingsIni')
[2015.09.07-14.13.46:236][  0]LogConsoleResponse:Display: 
[2015.09.07-14.13.46:334][  0]LogCook:Display: Done creating registry. It took  0.00s.
[2015.09.07-14.13.46:593][  0]SourceControl: Info Source control is disabled
[2015.09.07-14.13.46:594][  0]Cmd: MAP LOAD FILE="../../../../../../Users/frederic/Documents/Unreal Projects/Brain/Content/FirstPerson/Maps/FirstPersonExampleMap.umap" TEMPLATE=0 SHOWPROGRESS=1 FEATURELEVEL=3
[2015.09.07-14.13.46:595][  0]LightingResults: New page: Lighting Build
[2015.09.07-14.13.46:610][  0]MapCheck: New page: Map Check
[2015.09.07-14.13.46:610][  0]LightingResults: New page: Lighting Build
[2015.09.07-14.13.46:620][  0]LogParticles: Destroying 0 GPU particle simulations for FXSystem 0x00000000202E09A0
[2015.09.07-14.13.47:243][  0]LogAIModule: Creating AISystem for world FirstPersonExampleMap
[2015.09.07-14.13.47:251][  0]LogEditorServer: Finished looking for orphan Actors (0.000 secs)
[2015.09.07-14.13.48:274][  0]Cmd: MAP CHECKDEP NOCLEARLOG
[2015.09.07-14.13.48:313][  0]MapCheck: Info Map check complete: 0 Error(s), 0 Warning(s), took 38.622ms to complete.
[2015.09.07-14.13.48:314][  0]LogFileHelpers: Loading map 'FirstPersonExampleMap' took 1.720
[2015.09.07-14.13.48:446][  0]LogCollectionManager: Loaded 0 collections in 0.001978 seconds
[2015.09.07-14.13.48:455][  0]LogContentBrowser: Native class hierarchy populated in 0.0079 seconds. Added 1798 classes and 303 folders.
[2015.09.07-14.13.48:540][  0]LogContentBrowser: Native class hierarchy updated for 'WidgetCarousel' in 0.0025 seconds. Added 0 classes and 0 folders.
[2015.09.07-14.13.48:586][  0]LogContentBrowser: Native class hierarchy updated for 'AddContentDialog' in 0.0024 seconds. Added 0 classes and 0 folders.
[2015.09.07-14.13.48:623][  0]LogContentBrowser: Native class hierarchy updated for 'SceneOutliner' in 0.0024 seconds. Added 1 classes and 2 folders.
[2015.09.07-14.13.48:685][  0]LogCrashTracker: Crashtracker disabled due to settings.
[2015.09.07-14.13.48:686][  0]LogD3D11RHI: InitD3DDevice
[2015.09.07-14.13.48:690][  0]LogUObjectGlobals:Warning: Failed to find object 'Class None.'
[2015.09.07-14.13.48:713][  0]LogLoad: Full Startup: 11.60 seconds (BP compile: 0.24 seconds)
[2015.09.07-14.13.48:778][  0]LogContentStreaming: Texture pool size is 0.000000MB
[2015.09.07-14.13.48:816][  0]LogContentStreaming: Texture pool size now 1000 MB
[2015.09.07-14.13.48:928][  0]LogRenderer: Reallocating scene render targets to support 1208x560 (Frame:2).
[2015.09.07-14.13.49:394][  6]LogAssetRegistry: Asset discovery search completed in 4.1619 seconds
[2015.09.07-14.16.50:531][719]LogD3D11RHI: InitD3DDevice
[2015.09.07-14.16.50:559][719]LogActorComponent: UnregisterComponent: (/Engine/Transient.CharMoveComp) Not registered. Aborting.
[2015.09.07-14.16.52:131][719]LogSavePackage: Save=1524.767334ms
[2015.09.07-14.16.52:132][719]LogSavePackage: Moving '../../../../../../Users/frederic/Documents/Unreal Projects/Brain/Saved/FirstPersonExampleMapD2F41C0A45A33CD945B5AC8E522A1AB7.tmp' to '../../../../../../Users/frederic/Documents/Unreal Projects/Brain/Content/FirstPerson/Maps/FirstPersonExampleMap.umap'
[2015.09.07-14.16.52:408][749]LogD3D11RHI: InitD3DDevice
[2015.09.07-14.16.52:764][789]LogPlayLevel: PIE:  No blueprints needed recompiling
[2015.09.07-14.16.52:767][789]PIE: New page: PIE session: FirstPersonExampleMap (Sep 7, 2015, 6:16:52 AM)
[2015.09.07-14.16.52:767][789]LogPlayLevel: Creating play world package: /Game/FirstPerson/Maps/UEDPIE_0_FirstPersonExampleMap
[2015.09.07-14.16.52:785][789]LogPlayLevel: PIE: StaticDuplicateObject took: (0.017028s)
[2015.09.07-14.16.52:786][789]LogAIModule: Creating AISystem for world FirstPersonExampleMap
[2015.09.07-14.16.52:787][789]LogPlayLevel: PIE: World Init took: (0.001486s)
[2015.09.07-14.16.52:787][789]LogPlayLevel: PIE: Created PIE world by copying editor world from /Game/FirstPerson/Maps/FirstPersonExampleMap.FirstPersonExampleMap to /Game/FirstPerson/Maps/UEDPIE_0_FirstPersonExampleMap.FirstPersonExampleMap (0.020113s)
[2015.09.07-14.16.52:815][789]LogInit: XAudio2 using 'Haut-parleurs (C-Media USB Audio Device   )' : 2 channels at 44.1 kHz using 16 bits per sample (channel mask 0x3)
[2015.09.07-14.16.52:822][789]LogInit: FAudioDevice initialized.
[2015.09.07-14.16.52:870][789]LogWorld: Game class is 'BrainGameMode'
[2015.09.07-14.16.52:877][789]LogWorld: Bringing World /Game/FirstPerson/Maps/UEDPIE_0_FirstPersonExampleMap.FirstPersonExampleMap up for play (max tick rate 0) at 2015.09.07-10.16.52
[2015.09.07-14.16.52:877][789]LogActor:Warning: GameSession /Game/FirstPerson/Maps/UEDPIE_0_FirstPersonExampleMap.FirstPersonExampleMap:PersistentLevel.GameSession_0 has natively added scene component(s), but none of them were set as the actor's RootComponent - picking one arbitrarily
[2015.09.07-14.16.52:878][789]LogActor:Warning: GameNetworkManager /Game/FirstPerson/Maps/UEDPIE_0_FirstPersonExampleMap.FirstPersonExampleMap:PersistentLevel.GameNetworkManager_0 has natively added scene component(s), but none of them were set as the actor's RootComponent - picking one arbitrarily
[2015.09.07-14.16.52:878][789]LogWorld: Bringing up level for play took: 0.005813
[2015.09.07-14.16.52:882][789]PIE: Info Play in editor start time for /Game/FirstPerson/Maps/UEDPIE_0_FirstPersonExampleMap -0.602
[2015.09.07-14.17.48:365][434]LogParticles: Destroying 0 GPU particle simulations for FXSystem 0x000000000FC4D260
[2015.09.07-14.17.49:938][621]LogPlayLevel: PIE:  No blueprints needed recompiling
[2015.09.07-14.17.49:938][621]PIE: New page: PIE session: FirstPersonExampleMap (Sep 7, 2015, 6:17:49 AM)
[2015.09.07-14.17.49:939][621]LogPlayLevel: Creating play world package: /Game/FirstPerson/Maps/UEDPIE_0_FirstPersonExampleMap
[2015.09.07-14.17.49:958][621]LogPlayLevel: PIE: StaticDuplicateObject took: (0.018682s)
[2015.09.07-14.17.49:959][621]LogAIModule: Creating AISystem for world FirstPersonExampleMap
[2015.09.07-14.17.49:960][621]LogPlayLevel: PIE: World Init took: (0.001577s)
[2015.09.07-14.17.49:961][621]LogPlayLevel: PIE: Created PIE world by copying editor world from /Game/FirstPerson/Maps/FirstPersonExampleMap.FirstPersonExampleMap to /Game/FirstPerson/Maps/UEDPIE_0_FirstPersonExampleMap.FirstPersonExampleMap (0.021947s)
[2015.09.07-14.17.49:986][621]LogInit: XAudio2 using 'Haut-parleurs (C-Media USB Audio Device   )' : 2 channels at 44.1 kHz using 16 bits per sample (channel mask 0x3)
[2015.09.07-14.17.49:992][621]LogInit: FAudioDevice initialized.
[2015.09.07-14.17.50:023][621]LogWorld: Game class is 'BrainGameMode'
[2015.09.07-14.17.50:029][621]LogWorld: Bringing World /Game/FirstPerson/Maps/UEDPIE_0_FirstPersonExampleMap.FirstPersonExampleMap up for play (max tick rate 0) at 2015.09.07-10.17.50
[2015.09.07-14.17.50:029][621]LogActor:Warning: GameSession /Game/FirstPerson/Maps/UEDPIE_0_FirstPersonExampleMap.FirstPersonExampleMap:PersistentLevel.GameSession_1 has natively added scene component(s), but none of them were set as the actor's RootComponent - picking one arbitrarily
[2015.09.07-14.17.50:030][621]LogActor:Warning: GameNetworkManager /Game/FirstPerson/Maps/UEDPIE_0_FirstPersonExampleMap.FirstPersonExampleMap:PersistentLevel.GameNetworkManager_1 has natively added scene component(s), but none of them were set as the actor's RootComponent - picking one arbitrarily
[2015.09.07-14.17.50:031][621]LogWorld: Bringing up level for play took: 0.005688
[2015.09.07-14.17.50:033][621]PIE: Info Play in editor start time for /Game/FirstPerson/Maps/UEDPIE_0_FirstPersonExampleMap 0.548
[2015.09.07-14.17.56:975][443]LogParticles: Destroying 0 GPU particle simulations for FXSystem 0x0000000011F5C7C0
[2015.09.07-14.18.14:808][580]LogPlayLevel: PIE:  No blueprints needed recompiling
[2015.09.07-14.18.14:809][580]PIE: New page: PIE session: FirstPersonExampleMap (Sep 7, 2015, 6:18:14 AM)
[2015.09.07-14.18.14:810][580]LogPlayLevel: Creating play world package: /Game/FirstPerson/Maps/UEDPIE_0_FirstPersonExampleMap
[2015.09.07-14.18.14:828][580]LogPlayLevel: PIE: StaticDuplicateObject took: (0.018446s)
[2015.09.07-14.18.14:830][580]LogAIModule: Creating AISystem for world FirstPersonExampleMap
[2015.09.07-14.18.14:831][580]LogPlayLevel: PIE: World Init took: (0.001556s)
[2015.09.07-14.18.14:831][580]LogPlayLevel: PIE: Created PIE world by copying editor world from /Game/FirstPerson/Maps/FirstPersonExampleMap.FirstPersonExampleMap to /Game/FirstPerson/Maps/UEDPIE_0_FirstPersonExampleMap.FirstPersonExampleMap (0.021637s)
[2015.09.07-14.18.14:832][580]LogActorComponent: UnregisterComponent: (/Engine/Transient.CharMoveComp) Not registered. Aborting.
[2015.09.07-14.18.14:856][580]LogInit: XAudio2 using 'Haut-parleurs (C-Media USB Audio Device   )' : 2 channels at 44.1 kHz using 16 bits per sample (channel mask 0x3)
[2015.09.07-14.18.14:862][580]LogInit: FAudioDevice initialized.
[2015.09.07-14.18.14:893][580]LogWorld: Game class is 'BrainGameMode'
[2015.09.07-14.18.14:899][580]LogWorld: Bringing World /Game/FirstPerson/Maps/UEDPIE_0_FirstPersonExampleMap.FirstPersonExampleMap up for play (max tick rate 0) at 2015.09.07-10.18.14
[2015.09.07-14.18.14:900][580]LogActor:Warning: GameSession /Game/FirstPerson/Maps/UEDPIE_0_FirstPersonExampleMap.FirstPersonExampleMap:PersistentLevel.GameSession_2 has natively added scene component(s), but none of them were set as the actor's RootComponent - picking one arbitrarily
[2015.09.07-14.18.14:900][580]LogActor:Warning: GameNetworkManager /Game/FirstPerson/Maps/UEDPIE_0_FirstPersonExampleMap.FirstPersonExampleMap:PersistentLevel.GameNetworkManager_2 has natively added scene component(s), but none of them were set as the actor's RootComponent - picking one arbitrarily
[2015.09.07-14.18.14:901][580]LogWorld: Bringing up level for play took: 0.005871
[2015.09.07-14.18.14:904][580]PIE: Info Play in editor start time for /Game/FirstPerson/Maps/UEDPIE_0_FirstPersonExampleMap -0.582
[2015.09.07-14.18.28:689][225]LogParticles: Destroying 0 GPU particle simulations for FXSystem 0x0000000014B3A3E0
[2015.09.07-14.19.01:552][168]LogActorComponent: UnregisterComponent: (/Engine/Transient.CharMoveComp) Not registered. Aborting.
[2015.09.07-14.19.01:861][169]Cmd: QUIT_EDITOR
[2015.09.07-14.19.02:080][169]LogExit: Preparing to exit.
[2015.09.07-14.19.02:587][169]LogExit: Editor shut down
[2015.09.07-14.19.02:588][169]LogExit: Transaction tracking system shut down
[2015.09.07-14.19.02:589][169]LogParticles: Destroying 0 GPU particle simulations for FXSystem 0x00000000102BB060
[2015.09.07-14.19.02:590][169]LogParticles: Destroying 0 GPU particle simulations for FXSystem 0x0000000019AE0D60
[2015.09.07-14.19.02:777][169]LogParticles: Destroying 0 GPU particle simulations for FXSystem 0x000000002008B240
[2015.09.07-14.19.02:777][169]LogExit: Object subsystem successfully closed.
[2015.09.07-14.19.02:795][169]LogD3D11RHI: Shutdown
[2015.09.07-14.19.02:795][169]LogD3D11RHI: CleanupD3DDevice
[2015.09.07-14.19.03:129][169]LogD3D11RHI: ~FD3D11DynamicRHI
[2015.09.07-14.19.03:144][169]LogModuleManager: Shutting down and abandoning module CrashTracker (189)
[2015.09.07-14.19.03:145][169]LogModuleManager: Shutting down and abandoning module SceneOutliner (188)
[2015.09.07-14.19.03:145][169]LogModuleManager: Shutting down and abandoning module SuperSearch (187)
[2015.09.07-14.19.03:145][169]LogModuleManager: Shutting down and abandoning module WidgetCarousel (186)
[2015.09.07-14.19.03:145][169]LogModuleManager: Shutting down and abandoning module AddContentDialog (185)
[2015.09.07-14.19.03:146][169]LogModuleManager: Shutting down and abandoning module EditorWidgets (184)
[2015.09.07-14.19.03:147][169]LogModuleManager: Shutting down and abandoning module CollectionManager (183)
[2015.09.07-14.19.03:147][169]LogModuleManager: Shutting down and abandoning module StatsViewer (182)
[2015.09.07-14.19.03:147][169]LogModuleManager: Shutting down and abandoning module FoliageEdit (181)
[2015.09.07-14.19.03:148][169]LogModuleManager: Shutting down and abandoning module LandscapeEditor (180)
[2015.09.07-14.19.03:148][169]LogModuleManager: Shutting down and abandoning module ActorPickerMode (179)
[2015.09.07-14.19.03:148][169]LogModuleManager: Shutting down and abandoning module GeometryMode (178)
[2015.09.07-14.19.03:148][169]LogModuleManager: Shutting down and abandoning module TextureAlignMode (177)
[2015.09.07-14.19.03:148][169]LogModuleManager: Shutting down and abandoning module BspMode (176)
[2015.09.07-14.19.03:149][169]LogModuleManager: Shutting down and abandoning module PlacementMode (175)
[2015.09.07-14.19.03:149][169]LogModuleManager: Shutting down and abandoning module AutomationWorker (174)
[2015.09.07-14.19.03:149][169]LogModuleManager: Shutting down and abandoning module CharacterAI (173)
[2015.09.07-14.19.03:149][169]LogModuleManager: Shutting down and abandoning module SmartSnapping (172)
[2015.09.07-14.19.03:150][169]LogModuleManager: Shutting down and abandoning module ViewportSnapping (171)
[2015.09.07-14.19.03:150][169]LogModuleManager: Shutting down and abandoning module LogVisualizer (170)
[2015.09.07-14.19.03:150][169]LogModuleManager: Shutting down and abandoning module GameProjectGeneration (169)
[2015.09.07-14.19.03:150][169]LogModuleManager: Shutting down and abandoning module IntroTutorials (168)
[2015.09.07-14.19.03:151][169]LogModuleManager: Shutting down and abandoning module EditorLiveStreaming (167)
[2015.09.07-14.19.03:151][169]LogModuleManager: Shutting down and abandoning module IOSPlatformEditor (166)
[2015.09.07-14.19.03:151][169]LogModuleManager: Shutting down and abandoning module HTML5PlatformEditor (165)
[2015.09.07-14.19.03:151][169]LogModuleManager: Shutting down and abandoning module AndroidDeviceDetection (164)
[2015.09.07-14.19.03:989][169]LogModuleManager: Shutting down and abandoning module AndroidPlatformEditor (163)
[2015.09.07-14.19.03:990][169]LogModuleManager: Shutting down and abandoning module IOSRuntimeSettings (162)
[2015.09.07-14.19.03:991][169]LogModuleManager: Shutting down and abandoning module AndroidRuntimeSettings (161)
[2015.09.07-14.19.03:992][169]LogModuleManager: Shutting down and abandoning module MergeActors (160)
[2015.09.07-14.19.03:992][169]LogModuleManager: Shutting down and abandoning module SizeMap (159)
[2015.09.07-14.19.03:993][169]LogModuleManager: Shutting down and abandoning module TreeMap (158)
[2015.09.07-14.19.03:994][169]LogModuleManager: Shutting down and abandoning module ReferenceViewer (157)
[2015.09.07-14.19.03:994][169]LogModuleManager: Shutting down and abandoning module LocalizationDashboard (156)
[2015.09.07-14.19.03:995][169]LogModuleManager: Shutting down and abandoning module HardwareTargeting (155)
[2015.09.07-14.19.03:995][169]LogModuleManager: Shutting down and abandoning module DeviceProfileEditor (154)
[2015.09.07-14.19.03:996][169]LogModuleManager: Shutting down and abandoning module UndoHistory (153)
[2015.09.07-14.19.03:996][169]LogModuleManager: Shutting down and abandoning module GameplayTagsEditor (152)
[2015.09.07-14.19.03:997][169]LogModuleManager: Shutting down and abandoning module UserFeedback (151)
[2015.09.07-14.19.03:998][169]LogModuleManager: Shutting down and abandoning module XmlParser (150)
[2015.09.07-14.19.03:998][169]LogModuleManager: Shutting down and abandoning module Blutility (149)
[2015.09.07-14.19.03:999][169]LogModuleManager: Shutting down and abandoning module ProjectTargetPlatformEditor (148)
[2015.09.07-14.19.03:999][169]LogModuleManager: Shutting down and abandoning module ProjectSettingsViewer (147)
[2015.09.07-14.19.04:000][169]LogModuleManager: Shutting down and abandoning module InputBindingEditor (146)
[2015.09.07-14.19.04:001][169]LogModuleManager: Shutting down and abandoning module EditorSettingsViewer (145)
[2015.09.07-14.19.04:001][169]LogModuleManager: Shutting down and abandoning module SettingsEditor (144)
[2015.09.07-14.19.04:002][169]LogModuleManager: Shutting down and abandoning module ProjectLauncher (143)
[2015.09.07-14.19.04:002][169]LogModuleManager: Shutting down and abandoning module SessionFrontend (142)
[2015.09.07-14.19.04:003][169]LogModuleManager: Shutting down and abandoning module ProfilerClient (141)
[2015.09.07-14.19.04:003][169]LogModuleManager: Shutting down and abandoning module TargetDeviceServices (140)
[2015.09.07-14.19.04:004][169]LogModuleManager: Shutting down and abandoning module DeviceManager (139)
[2015.09.07-14.19.04:005][169]LogModuleManager: Shutting down and abandoning module AutomationController (138)
[2015.09.07-14.19.04:005][169]LogModuleManager: Shutting down and abandoning module AutomationWindow (137)
[2015.09.07-14.19.04:006][169]LogModuleManager: Shutting down and abandoning module Layers (136)
[2015.09.07-14.19.04:006][169]LogModuleManager: Shutting down and abandoning module ComponentVisualizers (135)
[2015.09.07-14.19.04:007][169]LogModuleManager: Shutting down and abandoning module DetailCustomizations (134)
[2015.09.07-14.19.04:008][169]LogModuleManager: Shutting down and abandoning module PackagesDialog (133)
[2015.09.07-14.19.04:008][169]LogModuleManager: Shutting down and abandoning module AssetRegistry (132)
[2015.09.07-14.19.04:074][169]LogModuleManager: Shutting down and abandoning module Persona (131)
[2015.09.07-14.19.04:075][169]LogModuleManager: Shutting down and abandoning module Kismet (130)
[2015.09.07-14.19.04:075][169]LogModuleManager: Shutting down and abandoning module GraphEditor (129)
[2015.09.07-14.19.04:076][169]LogModuleManager: Shutting down and abandoning module ClassViewer (128)
[2015.09.07-14.19.04:076][169]LogModuleManager: Shutting down and abandoning module Toolbox (127)
[2015.09.07-14.19.04:076][169]LogModuleManager: Shutting down and abandoning module ModuleUI (126)
[2015.09.07-14.19.04:076][169]LogModuleManager: Shutting down and abandoning module MovieSceneTools (125)
[2015.09.07-14.19.04:077][169]LogModuleManager: Shutting down and abandoning module OutputLog (124)
[2015.09.07-14.19.04:077][169]LogModuleManager: Shutting down and abandoning module GammaUI (123)
[2015.09.07-14.19.04:077][169]LogModuleManager: Shutting down and abandoning module Documentation (122)
[2015.09.07-14.19.04:077][169]LogModuleManager: Shutting down and abandoning module GameLiveStreaming (121)
[2015.09.07-14.19.04:078][169]LogModuleManager: Shutting down and abandoning module StreamingPauseRendering (120)
[2015.09.07-14.19.04:078][169]LogModuleManager: Shutting down and abandoning module AnalyticsET (119)
[2015.09.07-14.19.04:078][169]LogModuleManager: Shutting down and abandoning module Analytics (118)
[2015.09.07-14.19.04:078][169]LogModuleManager: Shutting down and abandoning module AITestSuite (117)
[2015.09.07-14.19.04:078][169]LogModuleManager: Shutting down and abandoning module GameplayDebugger (116)
[2015.09.07-14.19.04:079][169]LogModuleManager: Shutting down and abandoning module AIModule (115)
[2015.09.07-14.19.04:079][169]LogModuleManager: Shutting down and abandoning module ProfilerService (114)
[2015.09.07-14.19.04:192][169]LogModuleManager: Shutting down and abandoning module TaskGraph (113)
[2015.09.07-14.19.04:193][169]LogModuleManager: Shutting down and abandoning module SlateRemote (112)
[2015.09.07-14.19.04:194][169]LogModuleManager: Shutting down and abandoning module SteamVRController (111)
[2015.09.07-14.19.04:195][169]LogModuleManager: Shutting down and abandoning module SteamVR (110)
[2015.09.07-14.19.04:195][169]LogModuleManager: Shutting down and abandoning module ProceduralMeshComponent (109)
[2015.09.07-14.19.04:196][169]LogModuleManager: Shutting down and abandoning module OculusRift (108)
[2015.09.07-14.19.04:197][169]LogModuleManager: Shutting down and abandoning module LeapMotionController (107)
[2015.09.07-14.19.04:214][169]LogModuleManager: Shutting down and abandoning module CustomMeshComponent (106)
[2015.09.07-14.19.04:216][169]LogModuleManager: Shutting down and abandoning module CableComponent (105)
[2015.09.07-14.19.04:216][169]LogModuleManager: Shutting down and abandoning module MessagingDebugger (104)
[2015.09.07-14.19.04:217][169]LogModuleManager: Shutting down and abandoning module MediaPlayerEditor (103)
[2015.09.07-14.19.04:217][169]LogModuleManager: Shutting down and abandoning module SpeedTreeImporter (102)
[2015.09.07-14.19.04:218][169]LogModuleManager: Shutting down and abandoning module PluginBrowser (101)
[2015.09.07-14.19.04:218][169]LogModuleManager: Shutting down and abandoning module EpicSurvey (100)
[2015.09.07-14.19.04:219][169]LogModuleManager: Shutting down and abandoning module DesktopPlatform (99)
[2015.09.07-14.19.04:220][169]LogModuleManager: Shutting down and abandoning module VisualStudioSourceCodeAccess (98)
[2015.09.07-14.19.04:220][169]LogModuleManager: Shutting down and abandoning module UObjectPlugin (97)
[2015.09.07-14.19.04:221][169]LogModuleManager: Shutting down and abandoning module SubversionSourceControl (96)
[2015.09.07-14.19.04:221][169]LogModuleManager: Shutting down and abandoning module PerforceSourceControl (95)
[2015.09.07-14.19.04:221][169]LogModuleManager: Shutting down and abandoning module SourceControl (94)
[2015.09.07-14.19.04:221][169]LogModuleManager: Shutting down and abandoning module GitSourceControl (93)
[2015.09.07-14.19.04:222][169]LogModuleManager: Shutting down and abandoning module BlankPlugin (92)
[2015.09.07-14.19.04:222][169]LogModuleManager: Shutting down and abandoning module PaperTiledImporter (91)
[2015.09.07-14.19.04:222][169]LogModuleManager: Shutting down and abandoning module PaperSpriteSheetImporter (90)
[2015.09.07-14.19.04:222][169]LogModuleManager: Shutting down and abandoning module MeshPaint (89)
[2015.09.07-14.19.04:222][169]LogModuleManager: Shutting down and abandoning module SlateReflector (88)
[2015.09.07-14.19.04:223][169]LogModuleManager: Shutting down and abandoning module DirectoryWatcher (87)
[2015.09.07-14.19.04:223][169]LogModuleManager: Shutting down and abandoning module HotReload (86)
[2015.09.07-14.19.04:224][169]LogModuleManager: Shutting down and abandoning module MainFrame (85)
[2015.09.07-14.19.04:224][169]LogModuleManager: Shutting down and abandoning module LevelEditor (84)
[2015.09.07-14.19.04:225][169]LogModuleManager: Shutting down and abandoning module ContentBrowser (83)
[2015.09.07-14.19.04:226][169]LogModuleManager: Shutting down and abandoning module Paper2DEditor (82)
[2015.09.07-14.19.04:226][169]LogModuleManager: Shutting down and abandoning module Brain (81)
[2015.09.07-14.19.04:226][169]LogModuleManager: Shutting down and abandoning module UdpMessaging (80)
[2015.09.07-14.19.04:326][169]LogModuleManager: Shutting down and abandoning module Paper2D (79)
[2015.09.07-14.19.04:327][169]LogModuleManager: Shutting down and abandoning module WindowsMoviePlayer (78)
[2015.09.07-14.19.04:332][169]LogModuleManager: Shutting down and abandoning module Media (77)
[2015.09.07-14.19.04:333][169]LogModuleManager: Shutting down and abandoning module WmfMedia (76)
[2015.09.07-14.19.04:335][169]LogModuleManager: Shutting down and abandoning module OnlineBlueprintSupport (75)
[2015.09.07-14.19.04:337][169]LogModuleManager: Shutting down and abandoning module PropertyEditor (74)
[2015.09.07-14.19.04:338][169]LogModuleManager: Shutting down and abandoning module BehaviorTreeEditor (73)
[2015.09.07-14.19.04:338][169]LogModuleManager: Shutting down and abandoning module FunctionalTesting (72)
[2015.09.07-14.19.04:339][169]LogModuleManager: Shutting down and abandoning module CollisionAnalyzer (71)
[2015.09.07-14.19.04:339][169]LogModuleManager: Shutting down and abandoning module WorkspaceMenuStructure (70)
[2015.09.07-14.19.04:340][169]LogModuleManager: Shutting down and abandoning module MessageLog (69)
[2015.09.07-14.19.04:341][169]LogModuleManager: Shutting down and abandoning module Sequencer (68)
[2015.09.07-14.19.04:341][169]LogModuleManager: Shutting down and abandoning module AssetTools (67)
[2015.09.07-14.19.04:341][169]LogModuleManager: Shutting down and abandoning module UMGEditor (66)
[2015.09.07-14.19.04:341][169]LogModuleManager: Shutting down and abandoning module UMG (65)
[2015.09.07-14.19.04:342][169]LogModuleManager: Shutting down and abandoning module Slate (64)
[2015.09.07-14.19.04:342][169]LogModuleManager: Shutting down and abandoning module EditorStyle (63)
[2015.09.07-14.19.04:344][169]LogModuleManager: Shutting down and abandoning module SessionServices (62)
[2015.09.07-14.19.04:344][169]LogModuleManager: Shutting down and abandoning module SourceCodeAccess (61)
[2015.09.07-14.19.04:345][169]LogModuleManager: Shutting down and abandoning module HeadMountedDisplay (60)
[2015.09.07-14.19.04:345][169]LogModuleManager: Shutting down and abandoning module XAudio2 (59)
[2015.09.07-14.19.04:345][169]LogModuleManager: Shutting down and abandoning module Networking (57)
[2015.09.07-14.19.04:345][169]LogModuleManager: Shutting down and abandoning module Core (56)
[2015.09.07-14.19.04:346][169]LogModuleManager: Shutting down and abandoning module KismetCompiler (55)
[2015.09.07-14.19.04:346][169]LogModuleManager: Shutting down and abandoning module PhysXFormats (54)
[2015.09.07-14.19.04:346][169]LogModuleManager: Shutting down and abandoning module MeshUtilities (53)
[2015.09.07-14.19.04:346][169]LogModuleManager: Shutting down and abandoning module DerivedDataCache (52)
[2015.09.07-14.19.04:383][169]LogDerivedDataCache: Shutdown
[2015.09.07-14.19.04:384][169]LogModuleManager: Shutting down and abandoning module ShaderFormatOpenGL (51)
[2015.09.07-14.19.04:384][169]LogModuleManager: Shutting down and abandoning module ShaderFormatD3D (50)
[2015.09.07-14.19.04:384][169]LogModuleManager: Shutting down and abandoning module MetalShaderFormat (49)
[2015.09.07-14.19.04:385][169]LogModuleManager: Shutting down and abandoning module TextureFormatUncompressed (48)
[2015.09.07-14.19.04:385][169]LogModuleManager: Shutting down and abandoning module TextureFormatPVR (47)
[2015.09.07-14.19.04:385][169]LogModuleManager: Shutting down and abandoning module TextureFormatIntelISPCTexComp (46)
[2015.09.07-14.19.04:385][169]LogModuleManager: Shutting down and abandoning module TextureFormatDXT (45)
[2015.09.07-14.19.04:386][169]LogModuleManager: Shutting down and abandoning module ImageWrapper (44)
[2015.09.07-14.19.04:386][169]LogModuleManager: Shutting down and abandoning module TextureFormatASTC (43)
[2015.09.07-14.19.04:386][169]LogModuleManager: Shutting down and abandoning module TextureFormatAndroid (42)
[2015.09.07-14.19.04:386][169]LogModuleManager: Shutting down and abandoning module AudioFormatOpus (41)
[2015.09.07-14.19.04:386][169]LogModuleManager: Shutting down and abandoning module AudioFormatOgg (40)
[2015.09.07-14.19.04:387][169]LogModuleManager: Shutting down and abandoning module AudioFormatADPCM (39)
[2015.09.07-14.19.04:387][169]LogModuleManager: Shutting down and abandoning module LinuxTargetPlatform (38)
[2015.09.07-14.19.04:387][169]LogModuleManager: Shutting down and abandoning module LinuxServerTargetPlatform (37)
[2015.09.07-14.19.04:387][169]LogModuleManager: Shutting down and abandoning module LinuxNoEditorTargetPlatform (36)
[2015.09.07-14.19.04:388][169]LogModuleManager: Shutting down and abandoning module Messaging (35)
[2015.09.07-14.19.04:388][169]LogModuleManager: Shutting down and abandoning module IOSTargetPlatform (34)
[2015.09.07-14.19.04:388][169]LogModuleManager: Shutting down and abandoning module HTML5TargetPlatform (33)
[2015.09.07-14.19.04:388][169]LogModuleManager: Shutting down and abandoning module Android_PVRTCTargetPlatform (32)
[2015.09.07-14.19.04:388][169]LogModuleManager: Shutting down and abandoning module Android_ETC2TargetPlatform (31)
[2015.09.07-14.19.04:389][169]LogModuleManager: Shutting down and abandoning module Android_ETC1TargetPlatform (30)
[2015.09.07-14.19.04:389][169]LogModuleManager: Shutting down and abandoning module Android_DXTTargetPlatform (29)
[2015.09.07-14.19.04:389][169]LogModuleManager: Shutting down and abandoning module Android_ATCTargetPlatform (28)
[2015.09.07-14.19.04:389][169]LogModuleManager: Shutting down and abandoning module Android_ASTCTargetPlatform (27)
[2015.09.07-14.19.04:390][169]LogModuleManager: Shutting down and abandoning module AndroidTargetPlatform (26)
[2015.09.07-14.19.04:390][169]LogModuleManager: Shutting down and abandoning module WindowsTargetPlatform (25)
[2015.09.07-14.19.04:390][169]LogModuleManager: Shutting down and abandoning module WindowsServerTargetPlatform (24)
[2015.09.07-14.19.04:390][169]LogModuleManager: Shutting down and abandoning module WindowsNoEditorTargetPlatform (23)
[2015.09.07-14.19.04:390][169]LogModuleManager: Shutting down and abandoning module WindowsClientTargetPlatform (22)
[2015.09.07-14.19.04:391][169]LogModuleManager: Shutting down and abandoning module DesktopTargetPlatform (21)
[2015.09.07-14.19.04:391][169]LogModuleManager: Shutting down and abandoning module TargetPlatform (20)
[2015.09.07-14.19.04:391][169]LogModuleManager: Shutting down and abandoning module InputCore (19)
[2015.09.07-14.19.04:391][169]LogModuleManager: Shutting down and abandoning module Settings (18)
[2015.09.07-14.19.04:391][169]LogModuleManager: Shutting down and abandoning module OnlineSubsystem (16)
[2015.09.07-14.19.04:392][169]LogModuleManager: Shutting down and abandoning module HTTP (15)
[2015.09.07-14.19.04:392][169]LogModuleManager: Shutting down and abandoning module ExampleDeviceProfileSelector (14)
[2015.09.07-14.19.04:393][169]LogModuleManager: Shutting down and abandoning module TextureCompressor (13)
[2015.09.07-14.19.04:393][169]LogModuleManager: Shutting down and abandoning module ShaderCore (12)
[2015.09.07-14.19.04:393][169]LogModuleManager: Shutting down and abandoning module Landscape (11)
[2015.09.07-14.19.04:394][169]LogModuleManager: Shutting down and abandoning module SlateRHIRenderer (10)
[2015.09.07-14.19.04:395][169]LogModuleManager: Shutting down and abandoning module OpenGLDrv (9)
[2015.09.07-14.19.04:396][169]LogModuleManager: Shutting down and abandoning module D3D11RHI (8)
[2015.09.07-14.19.04:396][169]LogModuleManager: Shutting down and abandoning module Renderer (7)
[2015.09.07-14.19.04:396][169]LogModuleManager: Shutting down and abandoning module Engine (6)
[2015.09.07-14.19.04:396][169]LogModuleManager: Shutting down and abandoning module CoreUObject (5)
[2015.09.07-14.19.04:397][169]LogModuleManager: Shutting down and abandoning module NetworkFile (4)
[2015.09.07-14.19.04:397][169]LogModuleManager: Shutting down and abandoning module StreamingFile (3)
[2015.09.07-14.19.04:397][169]LogModuleManager: Shutting down and abandoning module SandboxFile (2)
[2015.09.07-14.19.04:397][169]LogModuleManager: Shutting down and abandoning module PakFile (1)
[2015.09.07-14.19.04:400][169]LogExit: Exiting.
[2015.09.07-14.19.04:402][169]Log file closed, 09/07/15 10:19:04
