[2015.09.08-17.37.57:850][  0]Log file open, 09/08/15 13:37:57
[2015.09.08-17.37.57:850][  0]LogInit:Display: Running engine for game: Brain
[2015.09.08-17.37.57:851][  0]LogInit:Display: RandInit(487481690) SRandInit(487481690).
[2015.09.08-17.37.57:851][  0]LogTaskGraph: Started task graph with 4 named threads and 7 total threads.
[2015.09.08-17.37.57:851][  0]LogStats: Stats thread started
[2015.09.08-17.37.57:851][  0]LogInit: Version: 4.8.3-2634408+++depot+UE4-Releases+4.8
[2015.09.08-17.37.57:852][  0]LogInit: API Version: 2579680
[2015.09.08-17.37.57:852][  0]LogInit: Compiled (64-bit): Jul 27 2015 16:24:33
[2015.09.08-17.37.57:852][  0]LogInit: Compiled with Visual C++: 18.00.21005.01
[2015.09.08-17.37.57:852][  0]LogInit: Build Configuration: DebugGame
[2015.09.08-17.37.57:852][  0]LogInit: Branch Name: ++depot+UE4-Releases+4.8
[2015.09.08-17.37.57:853][  0]LogInit: Command line:  -debug
[2015.09.08-17.37.57:853][  0]LogInit: Base directory: C:/Program Files/Epic Games/4.8/Engine/Binaries/Win64/
[2015.09.08-17.37.57:853][  0]LogInit: Rocket: 1
[2015.09.08-17.37.57:886][  0]LogInit: Using libcurl 7.41.0
[2015.09.08-17.37.57:886][  0]LogInit:  - built for x86_64-pc-win32
[2015.09.08-17.37.57:886][  0]LogInit:  - supports SSL with WinSSL
[2015.09.08-17.37.57:887][  0]LogInit:  - other features:
[2015.09.08-17.37.57:887][  0]LogInit:      CURL_VERSION_SSL
[2015.09.08-17.37.57:887][  0]LogInit:      CURL_VERSION_IPV6
[2015.09.08-17.37.57:887][  0]LogInit:      CURL_VERSION_ASYNCHDNS
[2015.09.08-17.37.57:887][  0]LogInit:      CURL_VERSION_LARGEFILE
[2015.09.08-17.37.57:888][  0]LogInit:      CURL_VERSION_IDN
[2015.09.08-17.37.57:888][  0]LogInit:  CurlRequestOptions (configurable via config and command line):
[2015.09.08-17.37.57:888][  0]LogInit:  - bVerifyPeer = true  - Libcurl will verify peer certificate
[2015.09.08-17.37.57:888][  0]LogInit:  - bUseHttpProxy = false  - Libcurl will NOT use HTTP proxy
[2015.09.08-17.37.57:888][  0]LogInit:  - bDontReuseConnections = false  - Libcurl will reuse connections
[2015.09.08-17.37.57:889][  0]LogInit:  - CertBundlePath = nullptr  - Libcurl will use whatever was configured at build time.
[2015.09.08-17.37.57:903][  0]LogOnline:Warning: No default platform service specified for OnlineSubsystem
[2015.09.08-17.37.57:938][  0]LogInit: Presizing for 0 objects not considered by GC, pre-allocating 0 bytes.
[2015.09.08-17.37.57:945][  0]LogInit: Object subsystem initialized
[2015.09.08-17.37.57:946][  0]LogConsoleResponse:Warning: Skipping Unknown console variable: 'TranslucentSortAxis = (X=0.000000,Y=-1.000000,Z=0.000000)'
[2015.09.08-17.37.57:947][  0]LogConsoleResponse:Warning:   Found in ini file 'C:/Users/frederic/Documents/Unreal Projects/Brain/Saved/Config/Windows/Engine.ini', in section '[/Script/Engine.RendererSettings]'
[2015.09.08-17.37.57:947][  0]LogConsoleResponse:Warning: Skipping Unknown console variable: 'UIScaleRule = ShortestSide'
[2015.09.08-17.37.57:947][  0]LogConsoleResponse:Warning:   Found in ini file 'C:/Users/frederic/Documents/Unreal Projects/Brain/Saved/Config/Windows/Engine.ini', in section '[/Script/Engine.RendererSettings]'
[2015.09.08-17.37.57:948][  0]LogConsoleResponse:Warning: Skipping Unknown console variable: 'UIScaleCurve = (EditorCurveData=(Keys=),ExternalCurve=None)'
[2015.09.08-17.37.57:948][  0]LogConsoleResponse:Warning:   Found in ini file 'C:/Users/frederic/Documents/Unreal Projects/Brain/Saved/Config/Windows/Engine.ini', in section '[/Script/Engine.RendererSettings]'
[2015.09.08-17.37.57:949][  0]LogInit: Selected Device Profile: [Windows]
[2015.09.08-17.37.57:949][  0]LogInit: Applying CVar settings loaded from the selected device profile: [Windows]
[2015.09.08-17.37.57:955][  0]LogInit: Computer: FREDERIC-PC
[2015.09.08-17.37.57:956][  0]LogInit: User: frederic
[2015.09.08-17.37.57:956][  0]LogInit: CPU Page size=4096, Cores=4
[2015.09.08-17.37.57:956][  0]LogInit: High frequency timer resolution =3.331220 MHz
[2015.09.08-17.37.57:957][  0]LogMemory: Memory total: Physical=15.9GB (16GB approx)
[2015.09.08-17.37.57:957][  0]LogMemory: Platform Memory Stats for Windows
[2015.09.08-17.37.57:957][  0]LogMemory: Process Physical Memory: 55.18 MB used, 55.62 MB peak
[2015.09.08-17.37.57:957][  0]LogMemory: Process Virtual Memory: 27.00 MB used, 30.91 MB peak
[2015.09.08-17.37.57:958][  0]LogMemory: Physical Memory: 4288.30 MB used, 16288.39 MB total
[2015.09.08-17.37.57:958][  0]LogMemory: Virtual Memory: 285.43 MB used, 8388608.00 MB total
[2015.09.08-17.37.58:026][  0]LogTextLocalizationManager: The requested culture ('fr_CA') has no localization data; falling back to 'en' for localization and internationalization data.
[2015.09.08-17.37.58:233][  0]LogTextLocalizationManager:Warning: Loaded localization resources contain conflicting entries for (Namespace:ContentBrowser, Key:ImportAssetToolTip):
Localization Resource: (C:/Program Files/Epic Games/4.8/Engine/Content/Localization/Editor/en/Editor.locres) Source String Hash: (-630476809) Localized String: (Import to {0}...)
Localization Resource: (C:/Program Files/Epic Games/4.8/Engine/Content/Localization/Editor/en/Editor.locres) Source String Hash: (1271782899) Localized String: (Imports an asset from file to this folder.)
[2015.09.08-17.37.58:665][  0]LogD3D11RHI: Found D3D11 adapter 0: NVIDIA GeForce GTX 970 (Feature Level 11_0)
[2015.09.08-17.37.58:665][  0]LogD3D11RHI: Adapter has 4008MB of dedicated video memory, 0MB of dedicated system memory, and 7888MB of shared system memory, 1 output[s]
[2015.09.08-17.37.58:673][  0]LogD3D11RHI: Found D3D11 adapter 1: Intel(R) HD Graphics 3000 (Feature Level 10_0)
[2015.09.08-17.37.58:673][  0]LogD3D11RHI: Adapter has 64MB of dedicated video memory, 0MB of dedicated system memory, and 1632MB of shared system memory, 0 output[s]
[2015.09.08-17.37.58:674][  0]LogD3D11RHI: Chosen D3D11 Adapter Id = 0
[2015.09.08-17.37.58:678][  0]LogD3D11RHI: InitD3DDevice
[2015.09.08-17.37.58:678][  0]LogD3D11RHI: !Direct3DDevice
[2015.09.08-17.37.58:678][  0]LogRHI: Texture pool is 1361 MB (70% of 1945 MB)
[2015.09.08-17.37.58:706][  0]LogD3D11RHI: Async texture creation enabled
[2015.09.08-17.37.58:721][  0]LogShaderCompilers:Display: Using Local Shader Compiler.
[2015.09.08-17.37.59:541][  0]LogTemp:Display: Loaded TP DesktopTargetPlatform
[2015.09.08-17.37.59:564][  0]LogTemp:Display: Loaded TP WindowsClientTargetPlatform
[2015.09.08-17.37.59:586][  0]LogTemp:Display: Loaded TP WindowsNoEditorTargetPlatform
[2015.09.08-17.37.59:609][  0]LogTemp:Display: Loaded TP WindowsServerTargetPlatform
[2015.09.08-17.37.59:633][  0]LogTemp:Display: Loaded TP WindowsTargetPlatform
[2015.09.08-17.37.59:650][  0]LogTemp:Display: Loaded TP AndroidTargetPlatform
[2015.09.08-17.37.59:667][  0]LogTemp:Display: Loaded TP Android_ASTCTargetPlatform
[2015.09.08-17.37.59:684][  0]LogTemp:Display: Loaded TP Android_ATCTargetPlatform
[2015.09.08-17.37.59:705][  0]LogTemp:Display: Loaded TP Android_DXTTargetPlatform
[2015.09.08-17.37.59:724][  0]LogTemp:Display: Loaded TP Android_ETC1TargetPlatform
[2015.09.08-17.37.59:744][  0]LogTemp:Display: Loaded TP Android_ETC2TargetPlatform
[2015.09.08-17.37.59:763][  0]LogTemp:Display: Loaded TP Android_PVRTCTargetPlatform
[2015.09.08-17.37.59:834][  0]LogTemp:Display: Loaded TP IOSTargetPlatform
[2015.09.08-17.37.59:850][  0]LogTemp:Display: Loaded TP LinuxNoEditorTargetPlatform
[2015.09.08-17.37.59:866][  0]LogTemp:Display: Loaded TP LinuxServerTargetPlatform
[2015.09.08-17.37.59:884][  0]LogTemp:Display: Loaded TP LinuxTargetPlatform
[2015.09.08-17.37.59:884][  0]LogTargetPlatformManager:Display: Building Assets For Windows
[2015.09.08-17.38.00:201][  0]LogDerivedDataCache:Display: Max Cache Size: 512 MB
[2015.09.08-17.38.00:253][  0]LogDerivedDataCache: Loaded boot cache 0.05s 60MB C:/Users/frederic/AppData/Local/UnrealEngine/4.8/DerivedDataCache/Boot.ddc.
[2015.09.08-17.38.00:253][  0]LogDerivedDataCache:Display: Loaded Boot cache: C:/Users/frederic/AppData/Local/UnrealEngine/4.8/DerivedDataCache/Boot.ddc
[2015.09.08-17.38.00:254][  0]LogDerivedDataCache: FDerivedDataBackendGraph:  Pak pak cache file ../../../../../../Users/frederic/Documents/Unreal Projects/Brain/DerivedDataCache/DDC.ddp not found, will not use a pak cache.
[2015.09.08-17.38.00:254][  0]LogDerivedDataCache: Unable to find inner node Pak for hierarchical cache Hierarchy.
[2015.09.08-17.38.00:254][  0]LogDerivedDataCache: FDerivedDataBackendGraph:  CompressedPak pak cache file ../../../../../../Users/frederic/Documents/Unreal Projects/Brain/DerivedDataCache/Compressed.ddp not found, will not use a pak cache.
[2015.09.08-17.38.00:254][  0]LogDerivedDataCache: Unable to find inner node CompressedPak for hierarchical cache Hierarchy.
[2015.09.08-17.38.00:401][  0]LogDerivedDataCache:Display: Pak cache opened for reading ../../../Engine/DerivedDataCache/Compressed.ddp.
[2015.09.08-17.38.00:413][  0]LogDerivedDataCache: Using Local data cache path C:/Users/frederic/AppData/Local/UnrealEngine/Common/DerivedDataCache: Writable
[2015.09.08-17.38.00:606][  0]LogCollisionProfile:Warning: Profile (Trigger) - Custom Channel Name = 'Projectile' hasn't been found
[2015.09.08-17.38.00:622][  0]LogInit: Selected Device Profile: [Windows]
[2015.09.08-17.38.00:629][  0]ImportText (ComponentSweepMultiTests): Missing closing parenthesis: (RootShapeAsset="/Engine/BasicShapes/Cube.Cube",ShapeType="TriggerCapsule",HitResult=(Time=0.50,Location=(X=-100.000015,Y=0.0,Z=100.000015),ImpactPoint=(X=-50.0,Y=0.0,Z=50.0),Normal=(X=-1.0,Y=-0.0,Z=0.0),ImpactNormal=(X=0.0,Y=0.0,Z=1.0),TraceStart=(X=-200.0,Y=0.0,Z=200.0),TraceEnd=(X=0.0,Y=0.0,Z=0.0))
[2015.09.08-17.38.00:630][  0]ImportText (LineTraceSingleByChannelTests): Missing closing parenthesis: (RootShapeAsset="/Engine/BasicShapes/Cube.Cube",HitResult=(Time=0.50,Location=(X=-100.000015,Y=0.0,Z=100.000015),ImpactPoint=(X=-50.0,Y=0.0,Z=50.0),Normal=(X=-1.0,Y=-0.0,Z=0.0),ImpactNormal=(X=0.0,Y=0.0,Z=1.0),TraceStart=(X=-200.0,Y=0.0,Z=200.0),TraceEnd=(X=0.0,Y=0.0,Z=0.0))
[2015.09.08-17.38.00:669][  0]LogMeshUtilities: No automatic mesh reduction module available
[2015.09.08-17.38.00:669][  0]LogMeshUtilities: No automatic mesh merging module available
[2015.09.08-17.38.01:089][  0]LogInit: WinSock: version 1.1 (2.2), MaxSocks=32767, MaxUdp=65467
[2015.09.08-17.38.02:284][  0]UdpMessaging: Initializing bridge on interface 0.0.0.0:0 to multicast group 230.0.0.1:6666.
[2015.09.08-17.38.03:076][  0]SourceControl: Info Source control is disabled
[2015.09.08-17.38.03:099][  0]SourceControl: Info Source control is disabled
[2015.09.08-17.38.03:119][  0]SourceControl: Info Source control is disabled
[2015.09.08-17.38.03:140][  0]SourceControl: Info Source control is disabled
[2015.09.08-17.38.03:461][  0]LogObj: 31159 objects as part of root set at end of initial load.
[2015.09.08-17.38.03:461][  0]LogUObjectAllocator: 7104592 out of 0 bytes used by permanent object pool.
[2015.09.08-17.38.03:549][  0]LogEngine: Initializing Engine...
[2015.09.08-17.38.03:552][  0]LogHMD: Can't find Oculus library dev build: is proper Runtime installed? Version: 0.6.0.0
[2015.09.08-17.38.03:556][  0]LogHMD:Warning: SteamVR failed to initialize.  Error: 110
[2015.09.08-17.38.03:714][  0]LogAIModule: Creating AISystem for world NewWorld
[2015.09.08-17.38.03:726][  0]LogInit: XAudio2 using 'Haut-parleurs (Realtek High Definition Audio)' : 2 channels at 48 kHz using 32 bits per sample (channel mask 0x3)
[2015.09.08-17.38.03:743][  0]LogInit: FAudioDevice initialized.
[2015.09.08-17.38.03:771][  0]LogDerivedDataCache: Saved boot cache 0.03s 60MB C:/Users/frederic/AppData/Local/UnrealEngine/4.8/DerivedDataCache/Boot.ddc.
[2015.09.08-17.38.03:779][  0]LogInit: Texture streaming: Disabled
[2015.09.08-17.38.03:813][  0]LogAnalytics: Creating configured Analytics provider AnalyticsET
[2015.09.08-17.38.03:813][  0]LogAnalytics: [UEEditor.Rocket.Release] APIServer = http://et2.epicgames.com/ET2/. AppVersion = 4.8.3-2634408+++depot+UE4-Releases+4.8
[2015.09.08-17.38.03:814][  0]LogAnalytics: [UEEditor.Rocket.Release] SetUserId c8da8d664a36a98701fe659c10ae4ff8|70626fa7f476448fb82ad9618fbbb1ab|00e7fb16-00c3-4af4-a2a1-2cc8013aae38
[2015.09.08-17.38.03:814][  0]LogAnalytics: [UEEditor.Rocket.Release] AnalyticsET::StartSession
[2015.09.08-17.38.03:849][  0]LogInit: Transaction tracking system initialized
[2015.09.08-17.38.04:055][  0]BlueprintLog: New page: Editor Load
[2015.09.08-17.38.04:102][  0]LogAssetRegistry: FAssetRegistry took 0.0104 seconds to start up
[2015.09.08-17.38.04:103][  0]LogDirectoryWatcher:Warning: Failed to begin reading directory changes for ../../../Engine/Plugins/Experimental/CharacterAI/Content/. Error: 0
[2015.09.08-17.38.05:121][  0]LogConsoleManager:Warning: Console variable 'r.VSync' wasn't set ('GameSetting' has a lower priority than 'SystemSettingsIni')
[2015.09.08-17.38.05:121][  0]LogConsoleResponse:Display: 
[2015.09.08-17.38.05:224][  0]LogCook:Display: Done creating registry. It took  0.00s.
[2015.09.08-17.38.05:480][  0]SourceControl: Info Source control is disabled
[2015.09.08-17.38.05:481][  0]Cmd: MAP LOAD FILE="../../../../../../Users/frederic/Documents/Unreal Projects/Brain/Content/FirstPerson/Maps/FirstPersonExampleMap.umap" TEMPLATE=0 SHOWPROGRESS=1 FEATURELEVEL=3
[2015.09.08-17.38.05:482][  0]LightingResults: New page: Lighting Build
[2015.09.08-17.38.05:497][  0]MapCheck: New page: Map Check
[2015.09.08-17.38.05:497][  0]LightingResults: New page: Lighting Build
[2015.09.08-17.38.05:507][  0]LogParticles: Destroying 0 GPU particle simulations for FXSystem 0x000000001FE32F20
[2015.09.08-17.38.06:130][  0]LogAIModule: Creating AISystem for world FirstPersonExampleMap
[2015.09.08-17.38.06:139][  0]LogEditorServer: Finished looking for orphan Actors (0.000 secs)
[2015.09.08-17.38.07:157][  0]Cmd: MAP CHECKDEP NOCLEARLOG
[2015.09.08-17.38.07:196][  0]MapCheck: Info Map check complete: 0 Error(s), 0 Warning(s), took 38.799ms to complete.
[2015.09.08-17.38.07:197][  0]LogFileHelpers: Loading map 'FirstPersonExampleMap' took 1.716
[2015.09.08-17.38.07:302][  0]LogCollectionManager: Loaded 0 collections in 0.001969 seconds
[2015.09.08-17.38.07:309][  0]LogContentBrowser: Native class hierarchy populated in 0.0075 seconds. Added 1799 classes and 303 folders.
[2015.09.08-17.38.07:380][  0]LogContentBrowser: Native class hierarchy updated for 'WidgetCarousel' in 0.0017 seconds. Added 0 classes and 0 folders.
[2015.09.08-17.38.07:419][  0]LogContentBrowser: Native class hierarchy updated for 'AddContentDialog' in 0.0016 seconds. Added 0 classes and 0 folders.
[2015.09.08-17.38.07:451][  0]LogContentBrowser: Native class hierarchy updated for 'SceneOutliner' in 0.0017 seconds. Added 1 classes and 2 folders.
[2015.09.08-17.38.07:533][  0]LogCrashTracker: Crashtracker disabled due to settings.
[2015.09.08-17.38.07:535][  0]LogD3D11RHI: InitD3DDevice
[2015.09.08-17.38.07:541][  0]LogUObjectGlobals:Warning: Failed to find object 'Class None.'
[2015.09.08-17.38.07:563][  0]LogLoad: Full Startup: 11.68 seconds (BP compile: 0.24 seconds)
[2015.09.08-17.38.07:969][  0]LogContentStreaming: Texture pool size is 0.000000MB
[2015.09.08-17.38.08:012][  0]LogContentStreaming: Texture pool size now 1000 MB
[2015.09.08-17.38.08:127][  0]LogRenderer: Reallocating scene render targets to support 1208x560 (Frame:2).
[2015.09.08-17.38.09:929][  6]LogAssetRegistry: Asset discovery search completed in 5.8380 seconds
[2015.09.08-17.38.53:511][303]LogD3D11RHI: InitD3DDevice
[2015.09.08-17.38.54:199][383]LogPlayLevel: PIE:  No blueprints needed recompiling
[2015.09.08-17.38.54:201][383]PIE: New page: PIE session: FirstPersonExampleMap (Sep 8, 2015, 9:38:54 AM)
[2015.09.08-17.38.54:202][383]LogPlayLevel: Creating play world package: /Game/FirstPerson/Maps/UEDPIE_0_FirstPersonExampleMap
[2015.09.08-17.38.54:220][383]LogPlayLevel: PIE: StaticDuplicateObject took: (0.017209s)
[2015.09.08-17.38.54:222][383]LogAIModule: Creating AISystem for world FirstPersonExampleMap
[2015.09.08-17.38.54:223][383]LogPlayLevel: PIE: World Init took: (0.002055s)
[2015.09.08-17.38.54:223][383]LogPlayLevel: PIE: Created PIE world by copying editor world from /Game/FirstPerson/Maps/FirstPersonExampleMap.FirstPersonExampleMap to /Game/FirstPerson/Maps/UEDPIE_0_FirstPersonExampleMap.FirstPersonExampleMap (0.021333s)
[2015.09.08-17.38.54:224][383]LogActorComponent: UnregisterComponent: (/Engine/Transient.CharMoveComp) Not registered. Aborting.
[2015.09.08-17.38.54:269][383]LogInit: XAudio2 using 'Haut-parleurs (Realtek High Definition Audio)' : 2 channels at 48 kHz using 32 bits per sample (channel mask 0x3)
[2015.09.08-17.38.54:281][383]LogInit: FAudioDevice initialized.
[2015.09.08-17.38.54:325][383]LogWorld: Game class is 'BrainGameMode'
[2015.09.08-17.38.54:332][383]LogWorld: Bringing World /Game/FirstPerson/Maps/UEDPIE_0_FirstPersonExampleMap.FirstPersonExampleMap up for play (max tick rate 0) at 2015.09.08-13.38.54
[2015.09.08-17.38.54:332][383]LogActor:Warning: GameSession /Game/FirstPerson/Maps/UEDPIE_0_FirstPersonExampleMap.FirstPersonExampleMap:PersistentLevel.GameSession_0 has natively added scene component(s), but none of them were set as the actor's RootComponent - picking one arbitrarily
[2015.09.08-17.38.54:333][383]LogActor:Warning: GameNetworkManager /Game/FirstPerson/Maps/UEDPIE_0_FirstPersonExampleMap.FirstPersonExampleMap:PersistentLevel.GameNetworkManager_0 has natively added scene component(s), but none of them were set as the actor's RootComponent - picking one arbitrarily
[2015.09.08-17.38.54:333][383]LogWorld: Bringing up level for play took: 0.006128
[2015.09.08-17.38.54:337][383]PIE: Info Play in editor start time for /Game/FirstPerson/Maps/UEDPIE_0_FirstPersonExampleMap -0.026
[2015.09.08-17.39.14:381][775]LogParticles: Destroying 0 GPU particle simulations for FXSystem 0x000000001CF4EFC0
[2015.09.08-17.39.17:680][131]Cmd: QUIT_EDITOR
[2015.09.08-17.39.17:896][131]LogExit: Preparing to exit.
[2015.09.08-17.39.18:417][131]LogExit: Editor shut down
[2015.09.08-17.39.18:418][131]LogExit: Transaction tracking system shut down
[2015.09.08-17.39.18:420][131]LogParticles: Destroying 0 GPU particle simulations for FXSystem 0x000000000EE2A3E0
[2015.09.08-17.39.18:421][131]LogParticles: Destroying 0 GPU particle simulations for FXSystem 0x000000001CED4F40
[2015.09.08-17.39.18:422][131]LogParticles: Destroying 0 GPU particle simulations for FXSystem 0x00000000561E3600
[2015.09.08-17.39.18:423][131]LogParticles: Destroying 0 GPU particle simulations for FXSystem 0x000000000E5C5E40
[2015.09.08-17.39.18:424][131]LogParticles: Destroying 0 GPU particle simulations for FXSystem 0x00000000289E7BA0
[2015.09.08-17.39.18:608][131]LogExit: Object subsystem successfully closed.
[2015.09.08-17.39.18:626][131]LogD3D11RHI: Shutdown
[2015.09.08-17.39.18:626][131]LogD3D11RHI: CleanupD3DDevice
[2015.09.08-17.39.18:942][131]LogD3D11RHI: ~FD3D11DynamicRHI
[2015.09.08-17.39.18:957][131]LogModuleManager: Shutting down and abandoning module CrashTracker (189)
[2015.09.08-17.39.18:958][131]LogModuleManager: Shutting down and abandoning module SceneOutliner (188)
[2015.09.08-17.39.18:958][131]LogModuleManager: Shutting down and abandoning module SuperSearch (187)
[2015.09.08-17.39.18:958][131]LogModuleManager: Shutting down and abandoning module WidgetCarousel (186)
[2015.09.08-17.39.18:959][131]LogModuleManager: Shutting down and abandoning module AddContentDialog (185)
[2015.09.08-17.39.18:959][131]LogModuleManager: Shutting down and abandoning module EditorWidgets (184)
[2015.09.08-17.39.18:960][131]LogModuleManager: Shutting down and abandoning module CollectionManager (183)
[2015.09.08-17.39.18:960][131]LogModuleManager: Shutting down and abandoning module StatsViewer (182)
[2015.09.08-17.39.18:960][131]LogModuleManager: Shutting down and abandoning module FoliageEdit (181)
[2015.09.08-17.39.18:960][131]LogModuleManager: Shutting down and abandoning module LandscapeEditor (180)
[2015.09.08-17.39.18:961][131]LogModuleManager: Shutting down and abandoning module ActorPickerMode (179)
[2015.09.08-17.39.18:961][131]LogModuleManager: Shutting down and abandoning module GeometryMode (178)
[2015.09.08-17.39.18:961][131]LogModuleManager: Shutting down and abandoning module TextureAlignMode (177)
[2015.09.08-17.39.18:961][131]LogModuleManager: Shutting down and abandoning module BspMode (176)
[2015.09.08-17.39.18:962][131]LogModuleManager: Shutting down and abandoning module PlacementMode (175)
[2015.09.08-17.39.18:962][131]LogModuleManager: Shutting down and abandoning module AutomationWorker (174)
[2015.09.08-17.39.18:962][131]LogModuleManager: Shutting down and abandoning module CharacterAI (173)
[2015.09.08-17.39.18:962][131]LogModuleManager: Shutting down and abandoning module SmartSnapping (172)
[2015.09.08-17.39.18:963][131]LogModuleManager: Shutting down and abandoning module ViewportSnapping (171)
[2015.09.08-17.39.18:963][131]LogModuleManager: Shutting down and abandoning module LogVisualizer (170)
[2015.09.08-17.39.18:963][131]LogModuleManager: Shutting down and abandoning module GameProjectGeneration (169)
[2015.09.08-17.39.18:963][131]LogModuleManager: Shutting down and abandoning module IntroTutorials (168)
[2015.09.08-17.39.18:964][131]LogModuleManager: Shutting down and abandoning module EditorLiveStreaming (167)
[2015.09.08-17.39.18:964][131]LogModuleManager: Shutting down and abandoning module IOSPlatformEditor (166)
[2015.09.08-17.39.18:964][131]LogModuleManager: Shutting down and abandoning module HTML5PlatformEditor (165)
[2015.09.08-17.39.18:964][131]LogModuleManager: Shutting down and abandoning module AndroidDeviceDetection (164)
[2015.09.08-17.39.19:849][131]LogModuleManager: Shutting down and abandoning module AndroidPlatformEditor (163)
[2015.09.08-17.39.19:850][131]LogModuleManager: Shutting down and abandoning module IOSRuntimeSettings (162)
[2015.09.08-17.39.19:851][131]LogModuleManager: Shutting down and abandoning module AndroidRuntimeSettings (161)
[2015.09.08-17.39.19:851][131]LogModuleManager: Shutting down and abandoning module MergeActors (160)
[2015.09.08-17.39.19:852][131]LogModuleManager: Shutting down and abandoning module SizeMap (159)
[2015.09.08-17.39.19:852][131]LogModuleManager: Shutting down and abandoning module TreeMap (158)
[2015.09.08-17.39.19:853][131]LogModuleManager: Shutting down and abandoning module ReferenceViewer (157)
[2015.09.08-17.39.19:854][131]LogModuleManager: Shutting down and abandoning module LocalizationDashboard (156)
[2015.09.08-17.39.19:854][131]LogModuleManager: Shutting down and abandoning module HardwareTargeting (155)
[2015.09.08-17.39.19:855][131]LogModuleManager: Shutting down and abandoning module DeviceProfileEditor (154)
[2015.09.08-17.39.19:855][131]LogModuleManager: Shutting down and abandoning module UndoHistory (153)
[2015.09.08-17.39.19:856][131]LogModuleManager: Shutting down and abandoning module GameplayTagsEditor (152)
[2015.09.08-17.39.19:856][131]LogModuleManager: Shutting down and abandoning module UserFeedback (151)
[2015.09.08-17.39.19:857][131]LogModuleManager: Shutting down and abandoning module XmlParser (150)
[2015.09.08-17.39.19:857][131]LogModuleManager: Shutting down and abandoning module Blutility (149)
[2015.09.08-17.39.19:858][131]LogModuleManager: Shutting down and abandoning module ProjectTargetPlatformEditor (148)
[2015.09.08-17.39.19:859][131]LogModuleManager: Shutting down and abandoning module ProjectSettingsViewer (147)
[2015.09.08-17.39.19:859][131]LogModuleManager: Shutting down and abandoning module InputBindingEditor (146)
[2015.09.08-17.39.19:860][131]LogModuleManager: Shutting down and abandoning module EditorSettingsViewer (145)
[2015.09.08-17.39.19:861][131]LogModuleManager: Shutting down and abandoning module SettingsEditor (144)
[2015.09.08-17.39.19:861][131]LogModuleManager: Shutting down and abandoning module ProjectLauncher (143)
[2015.09.08-17.39.19:862][131]LogModuleManager: Shutting down and abandoning module SessionFrontend (142)
[2015.09.08-17.39.19:862][131]LogModuleManager: Shutting down and abandoning module ProfilerClient (141)
[2015.09.08-17.39.19:863][131]LogModuleManager: Shutting down and abandoning module TargetDeviceServices (140)
[2015.09.08-17.39.19:863][131]LogModuleManager: Shutting down and abandoning module DeviceManager (139)
[2015.09.08-17.39.19:864][131]LogModuleManager: Shutting down and abandoning module AutomationController (138)
[2015.09.08-17.39.19:865][131]LogModuleManager: Shutting down and abandoning module AutomationWindow (137)
[2015.09.08-17.39.19:865][131]LogModuleManager: Shutting down and abandoning module Layers (136)
[2015.09.08-17.39.19:866][131]LogModuleManager: Shutting down and abandoning module ComponentVisualizers (135)
[2015.09.08-17.39.19:866][131]LogModuleManager: Shutting down and abandoning module DetailCustomizations (134)
[2015.09.08-17.39.19:867][131]LogModuleManager: Shutting down and abandoning module PackagesDialog (133)
[2015.09.08-17.39.19:867][131]LogModuleManager: Shutting down and abandoning module AssetRegistry (132)
[2015.09.08-17.39.19:919][131]LogModuleManager: Shutting down and abandoning module Persona (131)
[2015.09.08-17.39.19:919][131]LogModuleManager: Shutting down and abandoning module Kismet (130)
[2015.09.08-17.39.19:920][131]LogModuleManager: Shutting down and abandoning module GraphEditor (129)
[2015.09.08-17.39.19:920][131]LogModuleManager: Shutting down and abandoning module ClassViewer (128)
[2015.09.08-17.39.19:920][131]LogModuleManager: Shutting down and abandoning module Toolbox (127)
[2015.09.08-17.39.19:920][131]LogModuleManager: Shutting down and abandoning module ModuleUI (126)
[2015.09.08-17.39.19:921][131]LogModuleManager: Shutting down and abandoning module MovieSceneTools (125)
[2015.09.08-17.39.19:921][131]LogModuleManager: Shutting down and abandoning module OutputLog (124)
[2015.09.08-17.39.19:921][131]LogModuleManager: Shutting down and abandoning module GammaUI (123)
[2015.09.08-17.39.19:921][131]LogModuleManager: Shutting down and abandoning module Documentation (122)
[2015.09.08-17.39.19:922][131]LogModuleManager: Shutting down and abandoning module GameLiveStreaming (121)
[2015.09.08-17.39.19:922][131]LogModuleManager: Shutting down and abandoning module StreamingPauseRendering (120)
[2015.09.08-17.39.19:922][131]LogModuleManager: Shutting down and abandoning module AnalyticsET (119)
[2015.09.08-17.39.19:922][131]LogModuleManager: Shutting down and abandoning module Analytics (118)
[2015.09.08-17.39.19:922][131]LogModuleManager: Shutting down and abandoning module AITestSuite (117)
[2015.09.08-17.39.19:923][131]LogModuleManager: Shutting down and abandoning module GameplayDebugger (116)
[2015.09.08-17.39.19:923][131]LogModuleManager: Shutting down and abandoning module AIModule (115)
[2015.09.08-17.39.19:923][131]LogModuleManager: Shutting down and abandoning module ProfilerService (114)
[2015.09.08-17.39.20:019][131]LogModuleManager: Shutting down and abandoning module TaskGraph (113)
[2015.09.08-17.39.20:020][131]LogModuleManager: Shutting down and abandoning module SlateRemote (112)
[2015.09.08-17.39.20:021][131]LogModuleManager: Shutting down and abandoning module SteamVRController (111)
[2015.09.08-17.39.20:022][131]LogModuleManager: Shutting down and abandoning module SteamVR (110)
[2015.09.08-17.39.20:022][131]LogModuleManager: Shutting down and abandoning module ProceduralMeshComponent (109)
[2015.09.08-17.39.20:023][131]LogModuleManager: Shutting down and abandoning module OculusRift (108)
[2015.09.08-17.39.20:024][131]LogModuleManager: Shutting down and abandoning module LeapMotionController (107)
[2015.09.08-17.39.20:043][131]LogModuleManager: Shutting down and abandoning module CustomMeshComponent (106)
[2015.09.08-17.39.20:043][131]LogModuleManager: Shutting down and abandoning module CableComponent (105)
[2015.09.08-17.39.20:044][131]LogModuleManager: Shutting down and abandoning module MessagingDebugger (104)
[2015.09.08-17.39.20:045][131]LogModuleManager: Shutting down and abandoning module MediaPlayerEditor (103)
[2015.09.08-17.39.20:045][131]LogModuleManager: Shutting down and abandoning module SpeedTreeImporter (102)
[2015.09.08-17.39.20:046][131]LogModuleManager: Shutting down and abandoning module PluginBrowser (101)
[2015.09.08-17.39.20:046][131]LogModuleManager: Shutting down and abandoning module EpicSurvey (100)
[2015.09.08-17.39.20:047][131]LogModuleManager: Shutting down and abandoning module DesktopPlatform (99)
[2015.09.08-17.39.20:048][131]LogModuleManager: Shutting down and abandoning module VisualStudioSourceCodeAccess (98)
[2015.09.08-17.39.20:048][131]LogModuleManager: Shutting down and abandoning module UObjectPlugin (97)
[2015.09.08-17.39.20:049][131]LogModuleManager: Shutting down and abandoning module SubversionSourceControl (96)
[2015.09.08-17.39.20:049][131]LogModuleManager: Shutting down and abandoning module PerforceSourceControl (95)
[2015.09.08-17.39.20:050][131]LogModuleManager: Shutting down and abandoning module SourceControl (94)
[2015.09.08-17.39.20:050][131]LogModuleManager: Shutting down and abandoning module GitSourceControl (93)
[2015.09.08-17.39.20:051][131]LogModuleManager: Shutting down and abandoning module BlankPlugin (92)
[2015.09.08-17.39.20:051][131]LogModuleManager: Shutting down and abandoning module PaperTiledImporter (91)
[2015.09.08-17.39.20:052][131]LogModuleManager: Shutting down and abandoning module PaperSpriteSheetImporter (90)
[2015.09.08-17.39.20:052][131]LogModuleManager: Shutting down and abandoning module MeshPaint (89)
[2015.09.08-17.39.20:053][131]LogModuleManager: Shutting down and abandoning module SlateReflector (88)
[2015.09.08-17.39.20:053][131]LogModuleManager: Shutting down and abandoning module DirectoryWatcher (87)
[2015.09.08-17.39.20:056][131]LogModuleManager: Shutting down and abandoning module HotReload (86)
[2015.09.08-17.39.20:056][131]LogModuleManager: Shutting down and abandoning module MainFrame (85)
[2015.09.08-17.39.20:057][131]LogModuleManager: Shutting down and abandoning module LevelEditor (84)
[2015.09.08-17.39.20:058][131]LogModuleManager: Shutting down and abandoning module ContentBrowser (83)
[2015.09.08-17.39.20:059][131]LogModuleManager: Shutting down and abandoning module Paper2DEditor (82)
[2015.09.08-17.39.20:059][131]LogModuleManager: Shutting down and abandoning module Brain (81)
[2015.09.08-17.39.20:059][131]LogModuleManager: Shutting down and abandoning module UdpMessaging (80)
[2015.09.08-17.39.20:160][131]LogModuleManager: Shutting down and abandoning module Paper2D (79)
[2015.09.08-17.39.20:161][131]LogModuleManager: Shutting down and abandoning module WindowsMoviePlayer (78)
[2015.09.08-17.39.20:166][131]LogModuleManager: Shutting down and abandoning module Media (77)
[2015.09.08-17.39.20:167][131]LogModuleManager: Shutting down and abandoning module WmfMedia (76)
[2015.09.08-17.39.20:169][131]LogModuleManager: Shutting down and abandoning module OnlineBlueprintSupport (75)
[2015.09.08-17.39.20:170][131]LogModuleManager: Shutting down and abandoning module PropertyEditor (74)
[2015.09.08-17.39.20:171][131]LogModuleManager: Shutting down and abandoning module BehaviorTreeEditor (73)
[2015.09.08-17.39.20:172][131]LogModuleManager: Shutting down and abandoning module FunctionalTesting (72)
[2015.09.08-17.39.20:172][131]LogModuleManager: Shutting down and abandoning module CollisionAnalyzer (71)
[2015.09.08-17.39.20:173][131]LogModuleManager: Shutting down and abandoning module WorkspaceMenuStructure (70)
[2015.09.08-17.39.20:173][131]LogModuleManager: Shutting down and abandoning module MessageLog (69)
[2015.09.08-17.39.20:174][131]LogModuleManager: Shutting down and abandoning module Sequencer (68)
[2015.09.08-17.39.20:174][131]LogModuleManager: Shutting down and abandoning module AssetTools (67)
[2015.09.08-17.39.20:175][131]LogModuleManager: Shutting down and abandoning module UMGEditor (66)
[2015.09.08-17.39.20:176][131]LogModuleManager: Shutting down and abandoning module UMG (65)
[2015.09.08-17.39.20:176][131]LogModuleManager: Shutting down and abandoning module Slate (64)
[2015.09.08-17.39.20:177][131]LogModuleManager: Shutting down and abandoning module EditorStyle (63)
[2015.09.08-17.39.20:179][131]LogModuleManager: Shutting down and abandoning module SessionServices (62)
[2015.09.08-17.39.20:180][131]LogModuleManager: Shutting down and abandoning module SourceCodeAccess (61)
[2015.09.08-17.39.20:180][131]LogModuleManager: Shutting down and abandoning module HeadMountedDisplay (60)
[2015.09.08-17.39.20:180][131]LogModuleManager: Shutting down and abandoning module XAudio2 (59)
[2015.09.08-17.39.20:180][131]LogModuleManager: Shutting down and abandoning module Networking (57)
[2015.09.08-17.39.20:181][131]LogModuleManager: Shutting down and abandoning module Core (56)
[2015.09.08-17.39.20:181][131]LogModuleManager: Shutting down and abandoning module KismetCompiler (55)
[2015.09.08-17.39.20:181][131]LogModuleManager: Shutting down and abandoning module PhysXFormats (54)
[2015.09.08-17.39.20:181][131]LogModuleManager: Shutting down and abandoning module MeshUtilities (53)
[2015.09.08-17.39.20:182][131]LogModuleManager: Shutting down and abandoning module DerivedDataCache (52)
[2015.09.08-17.39.20:423][131]LogDerivedDataCache: Shutdown
[2015.09.08-17.39.20:423][131]LogModuleManager: Shutting down and abandoning module ShaderFormatOpenGL (51)
[2015.09.08-17.39.20:423][131]LogModuleManager: Shutting down and abandoning module ShaderFormatD3D (50)
[2015.09.08-17.39.20:424][131]LogModuleManager: Shutting down and abandoning module MetalShaderFormat (49)
[2015.09.08-17.39.20:424][131]LogModuleManager: Shutting down and abandoning module TextureFormatUncompressed (48)
[2015.09.08-17.39.20:424][131]LogModuleManager: Shutting down and abandoning module TextureFormatPVR (47)
[2015.09.08-17.39.20:424][131]LogModuleManager: Shutting down and abandoning module TextureFormatIntelISPCTexComp (46)
[2015.09.08-17.39.20:424][131]LogModuleManager: Shutting down and abandoning module TextureFormatDXT (45)
[2015.09.08-17.39.20:425][131]LogModuleManager: Shutting down and abandoning module ImageWrapper (44)
[2015.09.08-17.39.20:425][131]LogModuleManager: Shutting down and abandoning module TextureFormatASTC (43)
[2015.09.08-17.39.20:425][131]LogModuleManager: Shutting down and abandoning module TextureFormatAndroid (42)
[2015.09.08-17.39.20:425][131]LogModuleManager: Shutting down and abandoning module AudioFormatOpus (41)
[2015.09.08-17.39.20:426][131]LogModuleManager: Shutting down and abandoning module AudioFormatOgg (40)
[2015.09.08-17.39.20:426][131]LogModuleManager: Shutting down and abandoning module AudioFormatADPCM (39)
[2015.09.08-17.39.20:426][131]LogModuleManager: Shutting down and abandoning module LinuxTargetPlatform (38)
[2015.09.08-17.39.20:426][131]LogModuleManager: Shutting down and abandoning module LinuxServerTargetPlatform (37)
[2015.09.08-17.39.20:427][131]LogModuleManager: Shutting down and abandoning module LinuxNoEditorTargetPlatform (36)
[2015.09.08-17.39.20:427][131]LogModuleManager: Shutting down and abandoning module Messaging (35)
[2015.09.08-17.39.20:427][131]LogModuleManager: Shutting down and abandoning module IOSTargetPlatform (34)
[2015.09.08-17.39.20:427][131]LogModuleManager: Shutting down and abandoning module HTML5TargetPlatform (33)
[2015.09.08-17.39.20:428][131]LogModuleManager: Shutting down and abandoning module Android_PVRTCTargetPlatform (32)
[2015.09.08-17.39.20:428][131]LogModuleManager: Shutting down and abandoning module Android_ETC2TargetPlatform (31)
[2015.09.08-17.39.20:428][131]LogModuleManager: Shutting down and abandoning module Android_ETC1TargetPlatform (30)
[2015.09.08-17.39.20:428][131]LogModuleManager: Shutting down and abandoning module Android_DXTTargetPlatform (29)
[2015.09.08-17.39.20:428][131]LogModuleManager: Shutting down and abandoning module Android_ATCTargetPlatform (28)
[2015.09.08-17.39.20:429][131]LogModuleManager: Shutting down and abandoning module Android_ASTCTargetPlatform (27)
[2015.09.08-17.39.20:429][131]LogModuleManager: Shutting down and abandoning module AndroidTargetPlatform (26)
[2015.09.08-17.39.20:429][131]LogModuleManager: Shutting down and abandoning module WindowsTargetPlatform (25)
[2015.09.08-17.39.20:429][131]LogModuleManager: Shutting down and abandoning module WindowsServerTargetPlatform (24)
[2015.09.08-17.39.20:430][131]LogModuleManager: Shutting down and abandoning module WindowsNoEditorTargetPlatform (23)
[2015.09.08-17.39.20:430][131]LogModuleManager: Shutting down and abandoning module WindowsClientTargetPlatform (22)
[2015.09.08-17.39.20:430][131]LogModuleManager: Shutting down and abandoning module DesktopTargetPlatform (21)
[2015.09.08-17.39.20:430][131]LogModuleManager: Shutting down and abandoning module TargetPlatform (20)
[2015.09.08-17.39.20:431][131]LogModuleManager: Shutting down and abandoning module InputCore (19)
[2015.09.08-17.39.20:431][131]LogModuleManager: Shutting down and abandoning module Settings (18)
[2015.09.08-17.39.20:431][131]LogModuleManager: Shutting down and abandoning module OnlineSubsystem (16)
[2015.09.08-17.39.20:431][131]LogModuleManager: Shutting down and abandoning module HTTP (15)
[2015.09.08-17.39.20:432][131]LogModuleManager: Shutting down and abandoning module ExampleDeviceProfileSelector (14)
[2015.09.08-17.39.20:432][131]LogModuleManager: Shutting down and abandoning module TextureCompressor (13)
[2015.09.08-17.39.20:433][131]LogModuleManager: Shutting down and abandoning module ShaderCore (12)
[2015.09.08-17.39.20:433][131]LogModuleManager: Shutting down and abandoning module Landscape (11)
[2015.09.08-17.39.20:433][131]LogModuleManager: Shutting down and abandoning module SlateRHIRenderer (10)
[2015.09.08-17.39.20:435][131]LogModuleManager: Shutting down and abandoning module OpenGLDrv (9)
[2015.09.08-17.39.20:435][131]LogModuleManager: Shutting down and abandoning module D3D11RHI (8)
[2015.09.08-17.39.20:436][131]LogModuleManager: Shutting down and abandoning module Renderer (7)
[2015.09.08-17.39.20:436][131]LogModuleManager: Shutting down and abandoning module Engine (6)
[2015.09.08-17.39.20:436][131]LogModuleManager: Shutting down and abandoning module CoreUObject (5)
[2015.09.08-17.39.20:436][131]LogModuleManager: Shutting down and abandoning module NetworkFile (4)
[2015.09.08-17.39.20:437][131]LogModuleManager: Shutting down and abandoning module StreamingFile (3)
[2015.09.08-17.39.20:437][131]LogModuleManager: Shutting down and abandoning module SandboxFile (2)
[2015.09.08-17.39.20:437][131]LogModuleManager: Shutting down and abandoning module PakFile (1)
[2015.09.08-17.39.20:440][131]LogExit: Exiting.
[2015.09.08-17.39.20:442][131]Log file closed, 09/08/15 13:39:20
