[2015.09.07-13.40.27:480][  0]Log file open, 09/07/15 09:40:27
[2015.09.07-13.40.27:480][  0]LogInit:Display: Running engine for game: Brain
[2015.09.07-13.40.27:480][  0]LogInit:Display: RandInit(-725040245) SRandInit(-725040245).
[2015.09.07-13.40.27:481][  0]LogTaskGraph: Started task graph with 4 named threads and 7 total threads.
[2015.09.07-13.40.27:481][  0]LogStats: Stats thread started
[2015.09.07-13.40.27:481][  0]LogInit: Version: 4.8.3-2634408+++depot+UE4-Releases+4.8
[2015.09.07-13.40.27:481][  0]LogInit: API Version: 2579680
[2015.09.07-13.40.27:481][  0]LogInit: Compiled (64-bit): Jul 27 2015 16:24:33
[2015.09.07-13.40.27:482][  0]LogInit: Compiled with Visual C++: 18.00.21005.01
[2015.09.07-13.40.27:482][  0]LogInit: Build Configuration: Development
[2015.09.07-13.40.27:482][  0]LogInit: Branch Name: ++depot+UE4-Releases+4.8
[2015.09.07-13.40.27:482][  0]LogInit: Command line: 
[2015.09.07-13.40.27:483][  0]LogInit: Base directory: C:/Program Files/Epic Games/4.8/Engine/Binaries/Win64/
[2015.09.07-13.40.27:483][  0]LogInit: Rocket: 1
[2015.09.07-13.40.27:505][  0]LogInit: Using libcurl 7.41.0
[2015.09.07-13.40.27:505][  0]LogInit:  - built for x86_64-pc-win32
[2015.09.07-13.40.27:506][  0]LogInit:  - supports SSL with WinSSL
[2015.09.07-13.40.27:506][  0]LogInit:  - other features:
[2015.09.07-13.40.27:506][  0]LogInit:      CURL_VERSION_SSL
[2015.09.07-13.40.27:506][  0]LogInit:      CURL_VERSION_IPV6
[2015.09.07-13.40.27:506][  0]LogInit:      CURL_VERSION_ASYNCHDNS
[2015.09.07-13.40.27:507][  0]LogInit:      CURL_VERSION_LARGEFILE
[2015.09.07-13.40.27:507][  0]LogInit:      CURL_VERSION_IDN
[2015.09.07-13.40.27:507][  0]LogInit:  CurlRequestOptions (configurable via config and command line):
[2015.09.07-13.40.27:507][  0]LogInit:  - bVerifyPeer = true  - Libcurl will verify peer certificate
[2015.09.07-13.40.27:508][  0]LogInit:  - bUseHttpProxy = false  - Libcurl will NOT use HTTP proxy
[2015.09.07-13.40.27:508][  0]LogInit:  - bDontReuseConnections = false  - Libcurl will reuse connections
[2015.09.07-13.40.27:508][  0]LogInit:  - CertBundlePath = nullptr  - Libcurl will use whatever was configured at build time.
[2015.09.07-13.40.27:522][  0]LogOnline:Warning: No default platform service specified for OnlineSubsystem
[2015.09.07-13.40.27:556][  0]LogInit: Presizing for 0 objects not considered by GC, pre-allocating 0 bytes.
[2015.09.07-13.40.27:563][  0]LogInit: Object subsystem initialized
[2015.09.07-13.40.27:564][  0]LogConsoleResponse:Warning: Skipping Unknown console variable: 'TranslucentSortAxis = (X=0.000000,Y=-1.000000,Z=0.000000)'
[2015.09.07-13.40.27:565][  0]LogConsoleResponse:Warning:   Found in ini file 'C:/Users/frederic/Documents/Unreal Projects/Brain/Saved/Config/Windows/Engine.ini', in section '[/Script/Engine.RendererSettings]'
[2015.09.07-13.40.27:565][  0]LogConsoleResponse:Warning: Skipping Unknown console variable: 'UIScaleRule = ShortestSide'
[2015.09.07-13.40.27:565][  0]LogConsoleResponse:Warning:   Found in ini file 'C:/Users/frederic/Documents/Unreal Projects/Brain/Saved/Config/Windows/Engine.ini', in section '[/Script/Engine.RendererSettings]'
[2015.09.07-13.40.27:565][  0]LogConsoleResponse:Warning: Skipping Unknown console variable: 'UIScaleCurve = (EditorCurveData=(Keys=),ExternalCurve=None)'
[2015.09.07-13.40.27:566][  0]LogConsoleResponse:Warning:   Found in ini file 'C:/Users/frederic/Documents/Unreal Projects/Brain/Saved/Config/Windows/Engine.ini', in section '[/Script/Engine.RendererSettings]'
[2015.09.07-13.40.27:566][  0]LogInit: Selected Device Profile: [Windows]
[2015.09.07-13.40.27:567][  0]LogInit: Applying CVar settings loaded from the selected device profile: [Windows]
[2015.09.07-13.40.27:573][  0]LogInit: Computer: FREDERIC-PC
[2015.09.07-13.40.27:573][  0]LogInit: User: frederic
[2015.09.07-13.40.27:574][  0]LogInit: CPU Page size=4096, Cores=4
[2015.09.07-13.40.27:574][  0]LogInit: High frequency timer resolution =3.331259 MHz
[2015.09.07-13.40.27:574][  0]LogMemory: Memory total: Physical=15.9GB (16GB approx)
[2015.09.07-13.40.27:574][  0]LogMemory: Platform Memory Stats for Windows
[2015.09.07-13.40.27:575][  0]LogMemory: Process Physical Memory: 52.65 MB used, 52.65 MB peak
[2015.09.07-13.40.27:575][  0]LogMemory: Process Virtual Memory: 24.52 MB used, 24.52 MB peak
[2015.09.07-13.40.27:575][  0]LogMemory: Physical Memory: 7938.89 MB used, 16288.39 MB total
[2015.09.07-13.40.27:575][  0]LogMemory: Virtual Memory: 282.93 MB used, 8388608.00 MB total
[2015.09.07-13.40.27:644][  0]LogTextLocalizationManager: The requested culture ('fr_CA') has no localization data; falling back to 'en' for localization and internationalization data.
[2015.09.07-13.40.27:849][  0]LogTextLocalizationManager:Warning: Loaded localization resources contain conflicting entries for (Namespace:ContentBrowser, Key:ImportAssetToolTip):
Localization Resource: (C:/Program Files/Epic Games/4.8/Engine/Content/Localization/Editor/en/Editor.locres) Source String Hash: (-630476809) Localized String: (Import to {0}...)
Localization Resource: (C:/Program Files/Epic Games/4.8/Engine/Content/Localization/Editor/en/Editor.locres) Source String Hash: (1271782899) Localized String: (Imports an asset from file to this folder.)
[2015.09.07-13.40.28:314][  0]LogD3D11RHI: Found D3D11 adapter 0: NVIDIA GeForce GTX 970 (Feature Level 11_0)
[2015.09.07-13.40.28:315][  0]LogD3D11RHI: Adapter has 4008MB of dedicated video memory, 0MB of dedicated system memory, and 7888MB of shared system memory, 1 output[s]
[2015.09.07-13.40.28:322][  0]LogD3D11RHI: Found D3D11 adapter 1: Intel(R) HD Graphics 3000 (Feature Level 10_0)
[2015.09.07-13.40.28:322][  0]LogD3D11RHI: Adapter has 64MB of dedicated video memory, 0MB of dedicated system memory, and 1632MB of shared system memory, 0 output[s]
[2015.09.07-13.40.28:322][  0]LogD3D11RHI: Chosen D3D11 Adapter Id = 0
[2015.09.07-13.40.28:326][  0]LogD3D11RHI: InitD3DDevice
[2015.09.07-13.40.28:327][  0]LogD3D11RHI: !Direct3DDevice
[2015.09.07-13.40.28:327][  0]LogRHI: Texture pool is 1361 MB (70% of 1945 MB)
[2015.09.07-13.40.28:369][  0]LogD3D11RHI: Async texture creation enabled
[2015.09.07-13.40.28:383][  0]LogShaderCompilers:Display: Using Local Shader Compiler.
[2015.09.07-13.40.29:168][  0]LogTemp:Display: Loaded TP DesktopTargetPlatform
[2015.09.07-13.40.29:189][  0]LogTemp:Display: Loaded TP WindowsClientTargetPlatform
[2015.09.07-13.40.29:212][  0]LogTemp:Display: Loaded TP WindowsNoEditorTargetPlatform
[2015.09.07-13.40.29:234][  0]LogTemp:Display: Loaded TP WindowsServerTargetPlatform
[2015.09.07-13.40.29:258][  0]LogTemp:Display: Loaded TP WindowsTargetPlatform
[2015.09.07-13.40.29:275][  0]LogTemp:Display: Loaded TP AndroidTargetPlatform
[2015.09.07-13.40.29:291][  0]LogTemp:Display: Loaded TP Android_ASTCTargetPlatform
[2015.09.07-13.40.29:308][  0]LogTemp:Display: Loaded TP Android_ATCTargetPlatform
[2015.09.07-13.40.29:328][  0]LogTemp:Display: Loaded TP Android_DXTTargetPlatform
[2015.09.07-13.40.29:346][  0]LogTemp:Display: Loaded TP Android_ETC1TargetPlatform
[2015.09.07-13.40.29:365][  0]LogTemp:Display: Loaded TP Android_ETC2TargetPlatform
[2015.09.07-13.40.29:384][  0]LogTemp:Display: Loaded TP Android_PVRTCTargetPlatform
[2015.09.07-13.40.29:455][  0]LogTemp:Display: Loaded TP IOSTargetPlatform
[2015.09.07-13.40.29:470][  0]LogTemp:Display: Loaded TP LinuxNoEditorTargetPlatform
[2015.09.07-13.40.29:486][  0]LogTemp:Display: Loaded TP LinuxServerTargetPlatform
[2015.09.07-13.40.29:504][  0]LogTemp:Display: Loaded TP LinuxTargetPlatform
[2015.09.07-13.40.29:504][  0]LogTargetPlatformManager:Display: Building Assets For Windows
[2015.09.07-13.40.29:810][  0]LogDerivedDataCache:Display: Max Cache Size: 512 MB
[2015.09.07-13.40.29:880][  0]LogDerivedDataCache: Loaded boot cache 0.07s 84MB C:/Users/frederic/AppData/Local/UnrealEngine/4.8/DerivedDataCache/Boot.ddc.
[2015.09.07-13.40.29:880][  0]LogDerivedDataCache:Display: Loaded Boot cache: C:/Users/frederic/AppData/Local/UnrealEngine/4.8/DerivedDataCache/Boot.ddc
[2015.09.07-13.40.29:881][  0]LogDerivedDataCache: FDerivedDataBackendGraph:  Pak pak cache file ../../../../../../Users/frederic/Documents/Unreal Projects/Brain/DerivedDataCache/DDC.ddp not found, will not use a pak cache.
[2015.09.07-13.40.29:881][  0]LogDerivedDataCache: Unable to find inner node Pak for hierarchical cache Hierarchy.
[2015.09.07-13.40.29:881][  0]LogDerivedDataCache: FDerivedDataBackendGraph:  CompressedPak pak cache file ../../../../../../Users/frederic/Documents/Unreal Projects/Brain/DerivedDataCache/Compressed.ddp not found, will not use a pak cache.
[2015.09.07-13.40.29:881][  0]LogDerivedDataCache: Unable to find inner node CompressedPak for hierarchical cache Hierarchy.
[2015.09.07-13.40.30:028][  0]LogDerivedDataCache:Display: Pak cache opened for reading ../../../Engine/DerivedDataCache/Compressed.ddp.
[2015.09.07-13.40.30:040][  0]LogDerivedDataCache: Using Local data cache path C:/Users/frederic/AppData/Local/UnrealEngine/Common/DerivedDataCache: Writable
[2015.09.07-13.40.30:244][  0]LogInit: Selected Device Profile: [Windows]
[2015.09.07-13.40.30:251][  0]ImportText (ComponentSweepMultiTests): Missing closing parenthesis: (RootShapeAsset="/Engine/BasicShapes/Cube.Cube",ShapeType="TriggerCapsule",HitResult=(Time=0.50,Location=(X=-100.000015,Y=0.0,Z=100.000015),ImpactPoint=(X=-50.0,Y=0.0,Z=50.0),Normal=(X=-1.0,Y=-0.0,Z=0.0),ImpactNormal=(X=0.0,Y=0.0,Z=1.0),TraceStart=(X=-200.0,Y=0.0,Z=200.0),TraceEnd=(X=0.0,Y=0.0,Z=0.0))
[2015.09.07-13.40.30:252][  0]ImportText (LineTraceSingleByChannelTests): Missing closing parenthesis: (RootShapeAsset="/Engine/BasicShapes/Cube.Cube",HitResult=(Time=0.50,Location=(X=-100.000015,Y=0.0,Z=100.000015),ImpactPoint=(X=-50.0,Y=0.0,Z=50.0),Normal=(X=-1.0,Y=-0.0,Z=0.0),ImpactNormal=(X=0.0,Y=0.0,Z=1.0),TraceStart=(X=-200.0,Y=0.0,Z=200.0),TraceEnd=(X=0.0,Y=0.0,Z=0.0))
[2015.09.07-13.40.30:289][  0]LogMeshUtilities: No automatic mesh reduction module available
[2015.09.07-13.40.30:290][  0]LogMeshUtilities: No automatic mesh merging module available
[2015.09.07-13.40.30:694][  0]LogInit: WinSock: version 1.1 (2.2), MaxSocks=32767, MaxUdp=65467
[2015.09.07-13.40.31:873][  0]UdpMessaging: Initializing bridge on interface 0.0.0.0:0 to multicast group 230.0.0.1:6666.
[2015.09.07-13.40.32:652][  0]SourceControl: Info Source control is disabled
[2015.09.07-13.40.32:674][  0]SourceControl: Info Source control is disabled
[2015.09.07-13.40.32:694][  0]SourceControl: Info Source control is disabled
[2015.09.07-13.40.32:714][  0]SourceControl: Info Source control is disabled
[2015.09.07-13.40.33:026][  0]LogObj: 31152 objects as part of root set at end of initial load.
[2015.09.07-13.40.33:026][  0]LogUObjectAllocator: 7101040 out of 0 bytes used by permanent object pool.
[2015.09.07-13.40.33:114][  0]LogEngine: Initializing Engine...
[2015.09.07-13.40.33:117][  0]LogHMD: Can't find Oculus library dev build: is proper Runtime installed? Version: 0.6.0.0
[2015.09.07-13.40.33:121][  0]LogHMD:Warning: SteamVR failed to initialize.  Error: 110
[2015.09.07-13.40.33:278][  0]LogAIModule: Creating AISystem for world NewWorld
[2015.09.07-13.40.33:291][  0]LogInit: XAudio2 using 'Haut-parleurs (C-Media USB Audio Device   )' : 2 channels at 44.1 kHz using 16 bits per sample (channel mask 0x3)
[2015.09.07-13.40.33:301][  0]LogInit: FAudioDevice initialized.
[2015.09.07-13.40.33:339][  0]LogDerivedDataCache: Saved boot cache 0.04s 84MB C:/Users/frederic/AppData/Local/UnrealEngine/4.8/DerivedDataCache/Boot.ddc.
[2015.09.07-13.40.33:350][  0]LogInit: Texture streaming: Disabled
[2015.09.07-13.40.33:382][  0]LogAnalytics: Creating configured Analytics provider AnalyticsET
[2015.09.07-13.40.33:382][  0]LogAnalytics: [UEEditor.Rocket.Release] APIServer = http://et2.epicgames.com/ET2/. AppVersion = 4.8.3-2634408+++depot+UE4-Releases+4.8
[2015.09.07-13.40.33:383][  0]LogAnalytics: [UEEditor.Rocket.Release] SetUserId c8da8d664a36a98701fe659c10ae4ff8|70626fa7f476448fb82ad9618fbbb1ab|00e7fb16-00c3-4af4-a2a1-2cc8013aae38
[2015.09.07-13.40.33:383][  0]LogAnalytics: [UEEditor.Rocket.Release] AnalyticsET::StartSession
[2015.09.07-13.40.33:414][  0]LogInit: Transaction tracking system initialized
[2015.09.07-13.40.33:619][  0]BlueprintLog: New page: Editor Load
[2015.09.07-13.40.33:664][  0]LogAssetRegistry: FAssetRegistry took 0.0107 seconds to start up
[2015.09.07-13.40.33:665][  0]LogDirectoryWatcher:Warning: Failed to begin reading directory changes for ../../../Engine/Plugins/Experimental/CharacterAI/Content/. Error: 0
[2015.09.07-13.40.34:650][  0]LogConsoleManager:Warning: Console variable 'r.VSync' wasn't set ('GameSetting' has a lower priority than 'SystemSettingsIni')
[2015.09.07-13.40.34:651][  0]LogConsoleResponse:Display: 
[2015.09.07-13.40.34:748][  0]LogCook:Display: Done creating registry. It took  0.00s.
[2015.09.07-13.40.35:002][  0]SourceControl: Info Source control is disabled
[2015.09.07-13.40.35:003][  0]Cmd: MAP LOAD FILE="../../../../../../Users/frederic/Documents/Unreal Projects/Brain/Content/FirstPerson/Maps/FirstPersonExampleMap.umap" TEMPLATE=0 SHOWPROGRESS=1 FEATURELEVEL=3
[2015.09.07-13.40.35:003][  0]LightingResults: New page: Lighting Build
[2015.09.07-13.40.35:018][  0]MapCheck: New page: Map Check
[2015.09.07-13.40.35:018][  0]LightingResults: New page: Lighting Build
[2015.09.07-13.40.35:028][  0]LogParticles: Destroying 0 GPU particle simulations for FXSystem 0x00000000210709A0
[2015.09.07-13.40.35:656][  0]LogAIModule: Creating AISystem for world FirstPersonExampleMap
[2015.09.07-13.40.35:667][  0]LogEditorServer: Finished looking for orphan Actors (0.000 secs)
[2015.09.07-13.40.36:706][  0]Cmd: MAP CHECKDEP NOCLEARLOG
[2015.09.07-13.40.36:745][  0]MapCheck: Info Map check complete: 0 Error(s), 0 Warning(s), took 38.723ms to complete.
[2015.09.07-13.40.36:746][  0]LogFileHelpers: Loading map 'FirstPersonExampleMap' took 1.742
[2015.09.07-13.40.36:859][  0]LogCollectionManager: Loaded 0 collections in 0.001856 seconds
[2015.09.07-13.40.36:867][  0]LogContentBrowser: Native class hierarchy populated in 0.0070 seconds. Added 1798 classes and 303 folders.
[2015.09.07-13.40.36:929][  0]LogContentBrowser: Native class hierarchy updated for 'WidgetCarousel' in 0.0013 seconds. Added 0 classes and 0 folders.
[2015.09.07-13.40.36:966][  0]LogContentBrowser: Native class hierarchy updated for 'AddContentDialog' in 0.0013 seconds. Added 0 classes and 0 folders.
[2015.09.07-13.40.36:994][  0]LogContentBrowser: Native class hierarchy updated for 'SceneOutliner' in 0.0013 seconds. Added 1 classes and 2 folders.
[2015.09.07-13.40.37:068][  0]LogCrashTracker: Crashtracker disabled due to settings.
[2015.09.07-13.40.37:070][  0]LogD3D11RHI: InitD3DDevice
[2015.09.07-13.40.37:075][  0]LogUObjectGlobals:Warning: Failed to find object 'Class None.'
[2015.09.07-13.40.37:098][  0]LogLoad: Full Startup: 11.58 seconds (BP compile: 0.25 seconds)
[2015.09.07-13.40.37:165][  0]LogContentStreaming: Texture pool size is 0.000000MB
[2015.09.07-13.40.37:205][  0]LogContentStreaming: Texture pool size now 1000 MB
[2015.09.07-13.40.37:319][  0]LogRenderer: Reallocating scene render targets to support 1208x560 (Frame:2).
[2015.09.07-13.40.37:861][  7]LogAssetRegistry: Asset discovery search completed in 4.2070 seconds
[2015.09.07-13.40.39:832][225]LogD3D11RHI: InitD3DDevice
[2015.09.07-13.40.41:650][437]LogPlayLevel: PIE:  No blueprints needed recompiling
[2015.09.07-13.40.41:652][437]PIE: New page: PIE session: FirstPersonExampleMap (Sep 7, 2015, 5:40:41 AM)
[2015.09.07-13.40.41:653][437]LogPlayLevel: Creating play world package: /Game/FirstPerson/Maps/UEDPIE_0_FirstPersonExampleMap
[2015.09.07-13.40.41:671][437]LogPlayLevel: PIE: StaticDuplicateObject took: (0.017589s)
[2015.09.07-13.40.41:673][437]LogAIModule: Creating AISystem for world FirstPersonExampleMap
[2015.09.07-13.40.41:674][437]LogPlayLevel: PIE: World Init took: (0.002124s)
[2015.09.07-13.40.41:675][437]LogPlayLevel: PIE: Created PIE world by copying editor world from /Game/FirstPerson/Maps/FirstPersonExampleMap.FirstPersonExampleMap to /Game/FirstPerson/Maps/UEDPIE_0_FirstPersonExampleMap.FirstPersonExampleMap (0.021813s)
[2015.09.07-13.40.41:675][43