[2015.09.07-15.14.16:638][  0]Log file open, 09/07/15 11:14:16
[2015.09.07-15.14.16:638][  0]LogInit:Display: Running engine for game: Brain
[2015.09.07-15.14.16:638][  0]LogInit:Display: RandInit(846793279) SRandInit(846793280).
[2015.09.07-15.14.16:638][  0]LogTaskGraph: Started task graph with 4 named threads and 7 total threads.
[2015.09.07-15.14.16:638][  0]LogStats: Stats thread started
[2015.09.07-15.14.16:638][  0]LogInit: Version: 4.8.3-2634408+++depot+UE4-Releases+4.8
[2015.09.07-15.14.16:638][  0]LogInit: API Version: 2579680
[2015.09.07-15.14.16:638][  0]LogInit: Compiled (64-bit): Jul 27 2015 16:24:33
[2015.09.07-15.14.16:638][  0]LogInit: Compiled with Visual C++: 18.00.21005.01
[2015.09.07-15.14.16:638][  0]LogInit: Build Configuration: Development
[2015.09.07-15.14.16:638][  0]LogInit: Branch Name: ++depot+UE4-Releases+4.8
[2015.09.07-15.14.16:638][  0]LogInit: Command line: 
[2015.09.07-15.14.16:638][  0]LogInit: Base directory: C:/Program Files/Epic Games/4.8/Engine/Binaries/Win64/
[2015.09.07-15.14.16:638][  0]LogInit: Rocket: 1
[2015.09.07-15.14.16:668][  0]LogInit: Using libcurl 7.41.0
[2015.09.07-15.14.16:668][  0]LogInit:  - built for x86_64-pc-win32
[2015.09.07-15.14.16:668][  0]LogInit:  - supports SSL with WinSSL
[2015.09.07-15.14.16:668][  0]LogInit:  - other features:
[2015.09.07-15.14.16:668][  0]LogInit:      CURL_VERSION_SSL
[2015.09.07-15.14.16:668][  0]LogInit:      CURL_VERSION_IPV6
[2015.09.07-15.14.16:668][  0]LogInit:      CURL_VERSION_ASYNCHDNS
[2015.09.07-15.14.16:668][  0]LogInit:      CURL_VERSION_LARGEFILE
[2015.09.07-15.14.16:668][  0]LogInit:      CURL_VERSION_IDN
[2015.09.07-15.14.16:668][  0]LogInit:  CurlRequestOptions (configurable via config and command line):
[2015.09.07-15.14.16:668][  0]LogInit:  - bVerifyPeer = true  - Libcurl will verify peer certificate
[2015.09.07-15.14.16:668][  0]LogInit:  - bUseHttpProxy = false  - Libcurl will NOT use HTTP proxy
[2015.09.07-15.14.16:668][  0]LogInit:  - bDontReuseConnections = false  - Libcurl will reuse connections
[2015.09.07-15.14.16:668][  0]LogInit:  - CertBundlePath = nullptr  - Libcurl will use whatever was configured at build time.
[2015.09.07-15.14.16:688][  0]LogOnline:Warning: No default platform service specified for OnlineSubsystem
[2015.09.07-15.14.16:718][  0]LogInit: Presizing for 0 objects not considered by GC, pre-allocating 0 bytes.
[2015.09.07-15.14.16:728][  0]LogInit: Object subsystem initialized
[2015.09.07-15.14.16:728][  0]LogConsoleResponse:Warning: Skipping Unknown console variable: 'TranslucentSortAxis = (X=0.000000,Y=-1.000000,Z=0.000000)'
[2015.09.07-15.14.16:728][  0]LogConsoleResponse:Warning:   Found in ini file 'C:/Users/frederic/Documents/Unreal Projects/Brain/Saved/Config/Windows/Engine.ini', in section '[/Script/Engine.RendererSettings]'
[2015.09.07-15.14.16:728][  0]LogConsoleResponse:Warning: Skipping Unknown console variable: 'UIScaleRule = ShortestSide'
[2015.09.07-15.14.16:728][  0]LogConsoleResponse:Warning:   Found in ini file 'C:/Users/frederic/Documents/Unreal Projects/Brain/Saved/Config/Windows/Engine.ini', in section '[/Script/Engine.RendererSettings]'
[2015.09.07-15.14.16:728][  0]LogConsoleResponse:Warning: Skipping Unknown console variable: 'UIScaleCurve = (EditorCurveData=(Keys=),ExternalCurve=None)'
[2015.09.07-15.14.16:728][  0]LogConsoleResponse:Warning:   Found in ini file 'C:/Users/frederic/Documents/Unreal Projects/Brain/Saved/Config/Windows/Engine.ini', in section '[/Script/Engine.RendererSettings]'
[2015.09.07-15.14.16:728][  0]LogInit: Selected Device Profile: [Windows]
[2015.09.07-15.14.16:728][  0]LogInit: Applying CVar settings loaded from the selected device profile: [Windows]
[2015.09.07-15.14.16:738][  0]LogInit: Computer: FREDERIC-PC
[2015.09.07-15.14.16:738][  0]LogInit: User: frederic
[2015.09.07-15.14.16:738][  0]LogInit: CPU Page size=4096, Cores=4
[2015.09.07-15.14.16:738][  0]LogInit: High frequency timer resolution =3.331259 MHz
[2015.09.07-15.14.16:738][  0]LogMemory: Memory total: Physical=15.9GB (16GB approx)
[2015.09.07-15.14.16:738][  0]LogMemory: Platform Memory Stats for Windows
[2015.09.07-15.14.16:738][  0]LogMemory: Process Physical Memory: 53.82 MB used, 54.03 MB peak
[2015.09.07-15.14.16:738][  0]LogMemory: Process Virtual Memory: 25.64 MB used, 29.55 MB peak
[2015.09.07-15.14.16:738][  0]LogMemory: Physical Memory: 4364.06 MB used, 16288.39 MB total
[2015.09.07-15.14.16:738][  0]LogMemory: Virtual Memory: 283.93 MB used, 8388608.00 MB total
[2015.09.07-15.14.16:816][  0]LogTextLocalizationManager: The requested culture ('fr_CA') has no localization data; falling back to 'en' for localization and internationalization data.
[2015.09.07-15.14.17:022][  0]LogTextLocalizationManager:Warning: Loaded localization resources contain conflicting entries for (Namespace:ContentBrowser, Key:ImportAssetToolTip):
Localization Resource: (C:/Program Files/Epic Games/4.8/Engine/Content/Localization/Editor/en/Editor.locres) Source String Hash: (-630476809) Localized String: (Import to {0}...)
Localization Resource: (C:/Program Files/Epic Games/4.8/Engine/Content/Localization/Editor/en/Editor.locres) Source String Hash: (1271782899) Localized String: (Imports an asset from file to this folder.)
[2015.09.07-15.14.17:491][  0]LogD3D11RHI: Found D3D11 adapter 0: NVIDIA GeForce GTX 970 (Feature Level 11_0)
[2015.09.07-15.14.17:491][  0]LogD3D11RHI: Adapter has 4008MB of dedicated video memory, 0MB of dedicated system memory, and 7888MB of shared system memory, 1 output[s]
[2015.09.07-15.14.17:499][  0]LogD3D11RHI: Found D3D11 adapter 1: Intel(R) HD Graphics 3000 (Feature Level 10_0)
[2015.09.07-15.14.17:499][  0]LogD3D11RHI: Adapter has 64MB of dedicated video memory, 0MB of dedicated system memory, and 1632MB of shared system memory, 0 output[s]
[2015.09.07-15.14.17:500][  0]LogD3D11RHI: Chosen D3D11 Adapter Id = 0
[2015.09.07-15.14.17:504][  0]LogD3D11RHI: InitD3DDevice
[2015.09.07-15.14.17:504][  0]LogD3D11RHI: !Direct3DDevice
[2015.09.07-15.14.17:504][  0]LogRHI: Texture pool is 1361 MB (70% of 1945 MB)
[2015.09.07-15.14.17:550][  0]LogD3D11RHI: Async texture creation enabled
[2015.09.07-15.14.17:565][  0]LogShaderCompilers:Display: Using Local Shader Compiler.
[2015.09.07-15.14.18:350][  0]LogTemp:Display: Loaded TP DesktopTargetPlatform
[2015.09.07-15.14.18:373][  0]LogTemp:Display: Loaded TP WindowsClientTargetPlatform
[2015.09.07-15.14.18:395][  0]LogTemp:Display: Loaded TP WindowsNoEditorTargetPlatform
[2015.09.07-15.14.18:418][  0]LogTemp:Display: Loaded TP WindowsServerTargetPlatform
[2015.09.07-15.14.18:442][  0]LogTemp:Display: Loaded TP WindowsTargetPlatform
[2015.09.07-15.14.18:459][  0]LogTemp:Display: Loaded TP AndroidTargetPlatform
[2015.09.07-15.14.18:476][  0]LogTemp:Display: Loaded TP Android_ASTCTargetPlatform
[2015.09.07-15.14.18:494][  0]LogTemp:Display: Loaded TP Android_ATCTargetPlatform
[2015.09.07-15.14.18:514][  0]LogTemp:Display: Loaded TP Android_DXTTargetPlatform
[2015.09.07-15.14.18:533][  0]LogTemp:Display: Loaded TP Android_ETC1TargetPlatform
[2015.09.07-15.14.18:553][  0]LogTemp:Display: Loaded TP Android_ETC2TargetPlatform
[2015.09.07-15.14.18:572][  0]LogTemp:Display: Loaded TP Android_PVRTCTargetPlatform
[2015.09.07-15.14.18:644][  0]LogTemp:Display: Loaded TP IOSTargetPlatform
[2015.09.07-15.14.18:660][  0]LogTemp:Display: Loaded TP LinuxNoEditorTargetPlatform
[2015.09.07-15.14.18:676][  0]LogTemp:Display: Loaded TP LinuxServerTargetPlatform
[2015.09.07-15.14.18:694][  0]LogTemp:Display: Loaded TP LinuxTargetPlatform
[2015.09.07-15.14.18:694][  0]LogTargetPlatformManager:Display: Building Assets For Windows
[2015.09.07-15.14.19:008][  0]LogDerivedDataCache:Display: Max Cache Size: 512 MB
[2015.09.07-15.14.19:077][  0]LogDerivedDataCache: Loaded boot cache 0.07s 84MB C:/Users/frederic/AppData/Local/UnrealEngine/4.8/DerivedDataCache/Boot.ddc.
[2015.09.07-15.14.19:077][  0]LogDerivedDataCache:Display: Loaded Boot cache: C:/Users/frederic/AppData/Local/UnrealEngine/4.8/DerivedDataCache/Boot.ddc
[2015.09.07-15.14.19:078][  0]LogDerivedDataCache: FDerivedDataBackendGraph:  Pak pak cache file ../../../../../../Users/frederic/Documents/Unreal Projects/Brain/DerivedDataCache/DDC.ddp not found, will not use a pak cache.
[2015.09.07-15.14.19:078][  0]LogDerivedDataCache: Unable to find inner node Pak for hierarchical cache Hierarchy.
[2015.09.07-15.14.19:078][  0]LogDerivedDataCache: FDerivedDataBackendGraph:  CompressedPak pak cache file ../../../../../../Users/frederic/Documents/Unreal Projects/Brain/DerivedDataCache/Compressed.ddp not found, will not use a pak cache.
[2015.09.07-15.14.19:079][  0]LogDerivedDataCache: Unable to find inner node CompressedPak for hierarchical cache Hierarchy.
[2015.09.07-15.14.19:225][  0]LogDerivedDataCache:Display: Pak cache opened for reading ../../../Engine/DerivedDataCache/Compressed.ddp.
[2015.09.07-15.14.19:237][  0]LogDerivedDataCache: Using Local data cache path C:/Users/frederic/AppData/Local/UnrealEngine/Common/DerivedDataCache: Writable
[2015.09.07-15.14.19:444][  0]LogInit: Selected Device Profile: [Windows]
[2015.09.07-15.14.19:451][  0]ImportText (ComponentSweepMultiTests): Missing closing parenthesis: (RootShapeAsset="/Engine/BasicShapes/Cube.Cube",ShapeType="TriggerCapsule",HitResult=(Time=0.50,Location=(X=-100.000015,Y=0.0,Z=100.000015),ImpactPoint=(X=-50.0,Y=0.0,Z=50.0),Normal=(X=-1.0,Y=-0.0,Z=0.0),ImpactNormal=(X=0.0,Y=0.0,Z=1.0),TraceStart=(X=-200.0,Y=0.0,Z=200.0),TraceEnd=(X=0.0,Y=0.0,Z=0.0))
[2015.09.07-15.14.19:452][  0]ImportText (LineTraceSingleByChannelTests): Missing closing parenthesis: (RootShapeAsset="/Engine/BasicShapes/Cube.Cube",HitResult=(Time=0.50,Location=(X=-100.000015,Y=0.0,Z=100.000015),ImpactPoint=(X=-50.0,Y=0.0,Z=50.0),Normal=(X=-1.0,Y=-0.0,Z=0.0),ImpactNormal=(X=0.0,Y=0.0,Z=1.0),TraceStart=(X=-200.0,Y=0.0,Z=200.0),TraceEnd=(X=0.0,Y=0.0,Z=0.0))
[2015.09.07-15.14.19:491][  0]LogMeshUtilities: No automatic mesh reduction module available
[2015.09.07-15.14.19:491][  0]LogMeshUtilities: No automatic mesh merging module available
[2015.09.07-15.14.19:907][  0]LogInit: WinSock: version 1.1 (2.2), MaxSocks=32767, MaxUdp=65467
[2015.09.07-15.14.21:092][  0]UdpMessaging: Initializing bridge on interface 0.0.0.0:0 to multicast group 230.0.0.1:6666.
[2015.09.07-15.14.21:192][  0]LogLinker:Warning: Can't find file '/Game/FirstPerson/Blueprints/BrainCharacter'
[2015.09.07-15.14.21:193][  0]LogLinker:Warning: Can't find file '/Game/FirstPerson/Blueprints/BrainCharacter'
[2015.09.07-15.14.21:194][  0]LogLinker:Warning: Can't find file '/Game/FirstPerson/Blueprints/BrainCharacter'
[2015.09.07-15.14.21:194][  0]LogUObjectGlobals:Warning: Failed to find object 'Class /Game/FirstPerson/Blueprints/BrainCharacter.BrainCharacter_C'
[2015.09.07-15.14.21:194][  0]Error: CDO Constructor (BrainGameMode): Failed to find /Game/FirstPerson/Blueprints/BrainCharacter.BrainCharacter_C

[2015.09.07-15.14.21:196][  0]LogUObjectBase:Warning: -------------- Default Property warnings and errors:
[2015.09.07-15.14.21:196][  0]LogUObjectBase:Warning: Error: CDO Constructor (BrainGameMode): Failed to find /Game/FirstPerson/Blueprints/BrainCharacter.BrainCharacter_C

[2015.09.07-15.14.23:527][  0]SourceControl: Info Source control is disabled
[2015.09.07-15.14.23:551][  0]SourceControl: Info Source control is disabled
[2015.09.07-15.14.23:571][  0]SourceControl: Info Source control is disabled
[2015.09.07-15.14.23:592][  0]SourceControl: Info Source control is disabled
[2015.09.07-15.14.23:910][  0]LogObj: 26306 objects as part of root set at end of initial load.
[2015.09.07-15.14.23:911][  0]LogUObjectAllocator: 5434368 out of 0 bytes used by permanent object pool.
[2015.09.07-15.14.23:999][  0]LogEngine: Initializing Engine...
[2015.09.07-15.14.24:002][  0]LogHMD: Can't find Oculus library dev build: is proper Runtime installed? Version: 0.6.0.0
[2015.09.07-15.14.24:006][  0]LogHMD:Warning: SteamVR failed to initialize.  Error: 110
[2015.09.07-15.14.24:166][  0]LogAIModule: Creating AISystem for world NewWorld
[2015.09.07-15.14.24:178][  0]LogInit: XAudio2 using 'Haut-parleurs (C-Media USB Audio Device   )' : 2 channels at 44.1 kHz using 16 bits per sample (channel mask 0x3)
[2015.09.07-15.14.24:188][  0]LogInit: FAudioDevice initialized.
[2015.09.07-15.14.24:227][  0]LogDerivedDataCache: Saved boot cache 0.04s 84MB C:/Users/frederic/AppData/Local/UnrealEngine/4.8/DerivedDataCache/Boot.ddc.
[2015.09.07-15.14.24:238][  0]LogInit: Texture streaming: Disabled
[2015.09.07-15.14.24:272][  0]LogAnalytics: Creating configured Analytics provider AnalyticsET
[2015.09.07-15.14.24:272][  0]LogAnalytics: [UEEditor.Rocket.Release] APIServer = http://et2.epicgames.com/ET2/. AppVersion = 4.8.3-2634408+++depot+UE4-Releases+4.8
[2015.09.07-15.14.24:272][  0]LogAnalytics: [UEEditor.Rocket.Release] SetUserId c8da8d664a36a98701fe659c10ae4ff8|70626fa7f476448fb82ad9618fbbb1ab|00e7fb16-00c3-4af4-a2a1-2cc8013aae38
[2015.09.07-15.14.24:273][  0]LogAnalytics: [UEEditor.Rocket.Release] AnalyticsET::StartSession
[2015.09.07-15.14.24:304][  0]LogInit: Transaction tracking system initialized
[2015.09.07-15.14.24:512][  0]BlueprintLog: New page: Editor Load
[2015.09.07-15.14.24:557][  0]LogAssetRegistry: FAssetRegistry took 0.0101 seconds to start up
[2015.09.07-15.14.24:558][  0]LogDirectoryWatcher:Warning: Failed to begin reading directory changes for ../../../Engine/Plugins/Experimental/CharacterAI/Content/. Error: 0
[2015.09.07-15.14.25:535][  0]LogConsoleManager:Warning: Console variable 'r.VSync' wasn't set ('GameSetting' has a lower priority than 'SystemSettingsIni')
[2015.09.07-15.14.25:536][  0]LogConsoleResponse:Display: 
[2015.09.07-15.14.25:634][  0]LogCook:Display: Done creating registry. It took  0.00s.
[2015.09.07-15.14.25:892][  0]SourceControl: Info Source control is disabled
[2015.09.07-15.14.25:892][  0]Cmd: MAP LOAD FILE="../../../../../../Users/frederic/Documents/Unreal Projects/Brain/Content/FirstPerson/Maps/FirstPersonExampleMap.umap" TEMPLATE=0 SHOWPROGRESS=1 FEATURELEVEL=3
[2015.09.07-15.14.25:893][  0]LightingResults: New page: Lighting Build
[2015.09.07-15.14.25:908][  0]MapCheck: New page: Map Check
[2015.09.07-15.14.25:908][  0]LightingResults: New page: Lighting Build
[2015.09.07-15.14.25:916][  0]LogParticles: Destroying 0 GPU particle simulations for FXSystem 0x000000002251AF20
[2015.09.07-15.14.26:630][  0]LogAIModule: Creating AISystem for world FirstPersonExampleMap
[2015.09.07-15.14.26:639][  0]LogEditorServer: Finished looking for orphan Actors (0.000 secs)
[2015.09.07-15.14.27:665][  0]Cmd: MAP CHECKDEP NOCLEARLOG
[2015.09.07-15.14.27:700][  0]MapCheck: Info Map check complete: 0 Error(s), 0 Warning(s), took 34.47ms to complete.
[2015.09.07-15.14.27:701][  0]LogFileHelpers: Loading map 'FirstPersonExampleMap' took 1.809
[2015.09.07-15.14.27:820][  0]LogCollectionManager: Loaded 0 collections in 0.001959 seconds
[2015.09.07-15.14.27:827][  0]LogContentBrowser: Native class hierarchy populated in 0.0072 seconds. Added 1798 classes and 303 folders.
[2015.09.07-15.14.27:894][  0]LogContentBrowser: Native class hierarchy updated for 'WidgetCarousel' in 0.0014 seconds. Added 0 classes and 0 folders.
[2015.09.07-15.14.27:931][  0]LogContentBrowser: Native class hierarchy updated for 'AddContentDialog' in 0.0014 seconds. Added 0 classes and 0 folders.
[2015.09.07-15.14.27:961][  0]LogContentBrowser: Native class hierarchy updated for 'SceneOutliner' in 0.0018 seconds. Added 1 classes and 2 folders.
[2015.09.07-15.14.28:020][  0]LogCrashTracker: Crashtracker disabled due to settings.
[2015.09.07-15.14.28:021][  0]LogD3D11RHI: InitD3DDevice
[2015.09.07-15.14.28:025][  0]LogUObjectGlobals:Warning: Failed to find object 'Class None.'
[2015.09.07-15.14.28:047][  0]LogLoad: Full Startup: 13.38 seconds (BP compile: 0.16 seconds)
[2015.09.07-15.14.28:442][  0]LogContentStreaming: Texture pool size is 0.000000MB
[2015.09.07-15.14.28:478][  0]LogContentStreaming: Texture pool size now 1000 MB
[2015.09.07-15.14.28:593][  0]LogRenderer: Reallocating scene render targets to support 1208x560 (Frame:2).
[2015.09.07-15.14.31:431][  9]LogAssetRegistry: Asset discovery search completed in 6.8844 seconds
[2015.09.07-1