[2015.09.07-19.53.40:273][  0]Log file open, 09/07/15 15:53:40
[2015.09.07-19.53.40:273][  0]LogInit:Display: Running engine for game: Brain
[2015.09.07-19.53.40:273][  0]LogInit:Display: RandInit(-1746205401) SRandInit(-1746205400).
[2015.09.07-19.53.40:274][  0]LogTaskGraph: Started task graph with 4 named threads and 7 total threads.
[2015.09.07-19.53.40:274][  0]LogStats: Stats thread started
[2015.09.07-19.53.40:274][  0]LogInit: Version: 4.8.3-2634408+++depot+UE4-Releases+4.8
[2015.09.07-19.53.40:275][  0]LogInit: API Version: 2579680
[2015.09.07-19.53.40:275][  0]LogInit: Compiled (64-bit): Jul 27 2015 16:24:33
[2015.09.07-19.53.40:275][  0]LogInit: Compiled with Visual C++: 18.00.21005.01
[2015.09.07-19.53.40:276][  0]LogInit: Build Configuration: Development
[2015.09.07-19.53.40:276][  0]LogInit: Branch Name: ++depot+UE4-Releases+4.8
[2015.09.07-19.53.40:276][  0]LogInit: Command line: 
[2015.09.07-19.53.40:277][  0]LogInit: Base directory: C:/Program Files/Epic Games/4.8/Engine/Binaries/Win64/
[2015.09.07-19.53.40:277][  0]LogInit: Rocket: 1
[2015.09.07-19.53.40:310][  0]LogInit: Using libcurl 7.41.0
[2015.09.07-19.53.40:311][  0]LogInit:  - built for x86_64-pc-win32
[2015.09.07-19.53.40:311][  0]LogInit:  - supports SSL with WinSSL
[2015.09.07-19.53.40:311][  0]LogInit:  - other features:
[2015.09.07-19.53.40:311][  0]LogInit:      CURL_VERSION_SSL
[2015.09.07-19.53.40:312][  0]LogInit:      CURL_VERSION_IPV6
[2015.09.07-19.53.40:312][  0]LogInit:      CURL_VERSION_ASYNCHDNS
[2015.09.07-19.53.40:312][  0]LogInit:      CURL_VERSION_LARGEFILE
[2015.09.07-19.53.40:313][  0]LogInit:      CURL_VERSION_IDN
[2015.09.07-19.53.40:313][  0]LogInit:  CurlRequestOptions (configurable via config and command line):
[2015.09.07-19.53.40:313][  0]LogInit:  - bVerifyPeer = true  - Libcurl will verify peer certificate
[2015.09.07-19.53.40:313][  0]LogInit:  - bUseHttpProxy = false  - Libcurl will NOT use HTTP proxy
[2015.09.07-19.53.40:314][  0]LogInit:  - bDontReuseConnections = false  - Libcurl will reuse connections
[2015.09.07-19.53.40:314][  0]LogInit:  - CertBundlePath = nullptr  - Libcurl will use whatever was configured at build time.
[2015.09.07-19.53.40:332][  0]LogOnline:Warning: No default platform service specified for OnlineSubsystem
[2015.09.07-19.53.40:370][  0]LogInit: Presizing for 0 objects not considered by GC, pre-allocating 0 bytes.
[2015.09.07-19.53.40:378][  0]LogInit: Object subsystem initialized
[2015.09.07-19.53.40:379][  0]LogConsoleResponse:Warning: Skipping Unknown console variable: 'TranslucentSortAxis = (X=0.000000,Y=-1.000000,Z=0.000000)'
[2015.09.07-19.53.40:380][  0]LogConsoleResponse:Warning:   Found in ini file 'C:/Users/frederic/Documents/Unreal Projects/Brain/Saved/Config/Windows/Engine.ini', in section '[/Script/Engine.RendererSettings]'
[2015.09.07-19.53.40:380][  0]LogConsoleResponse:Warning: Skipping Unknown console variable: 'UIScaleRule = ShortestSide'
[2015.09.07-19.53.40:380][  0]LogConsoleResponse:Warning:   Found in ini file 'C:/Users/frederic/Documents/Unreal Projects/Brain/Saved/Config/Windows/Engine.ini', in section '[/Script/Engine.RendererSettings]'
[2015.09.07-19.53.40:381][  0]LogConsoleResponse:Warning: Skipping Unknown console variable: 'UIScaleCurve = (EditorCurveData=(Keys=),ExternalCurve=None)'
[2015.09.07-19.53.40:381][  0]LogConsoleResponse:Warning:   Found in ini file 'C:/Users/frederic/Documents/Unreal Projects/Brain/Saved/Config/Windows/Engine.ini', in section '[/Script/Engine.RendererSettings]'
[2015.09.07-19.53.40:382][  0]LogInit: Selected Device Profile: [Windows]
[2015.09.07-19.53.40:382][  0]LogInit: Applying CVar settings loaded from the selected device profile: [Windows]
[2015.09.07-19.53.40:389][  0]LogInit: Computer: FREDERIC-PC
[2015.09.07-19.53.40:389][  0]LogInit: User: frederic
[2015.09.07-19.53.40:389][  0]LogInit: CPU Page size=4096, Cores=4
[2015.09.07-19.53.40:390][  0]LogInit: High frequency timer resolution =3.331269 MHz
[2015.09.07-19.53.40:390][  0]LogMemory: Memory total: Physical=15.9GB (16GB approx)
[2015.09.07-19.53.40:390][  0]LogMemory: Platform Memory Stats for Windows
[2015.09.07-19.53.40:391][  0]LogMemory: Process Physical Memory: 52.83 MB used, 52.83 MB peak
[2015.09.07-19.53.40:391][  0]LogMemory: Process Virtual Memory: 24.60 MB used, 27.44 MB peak
[2015.09.07-19.53.40:391][  0]LogMemory: Physical Memory: 5868.14 MB used, 16288.39 MB total
[2015.09.07-19.53.40:391][  0]LogMemory: Virtual Memory: 283.00 MB used, 8388608.00 MB total
[2015.09.07-19.53.40:474][  0]LogTextLocalizationManager: The requested culture ('fr_CA') has no localization data; falling back to 'en' for localization and internationalization data.
[2015.09.07-19.53.40:684][  0]LogTextLocalizationManager:Warning: Loaded localization resources contain conflicting entries for (Namespace:ContentBrowser, Key:ImportAssetToolTip):
Localization Resource: (C:/Program Files/Epic Games/4.8/Engine/Content/Localization/Editor/en/Editor.locres) Source String Hash: (-630476809) Localized String: (Import to {0}...)
Localization Resource: (C:/Program Files/Epic Games/4.8/Engine/Content/Localization/Editor/en/Editor.locres) Source String Hash: (1271782899) Localized String: (Imports an asset from file to this folder.)
[2015.09.07-19.53.41:140][  0]LogD3D11RHI: Found D3D11 adapter 0: NVIDIA GeForce GTX 970 (Feature Level 11_0)
[2015.09.07-19.53.41:141][  0]LogD3D11RHI: Adapter has 4008MB of dedicated video memory, 0MB of dedicated system memory, and 7888MB of shared system memory, 1 output[s]
[2015.09.07-19.53.41:149][  0]LogD3D11RHI: Found D3D11 adapter 1: Intel(R) HD Graphics 3000 (Feature Level 10_0)
[2015.09.07-19.53.41:149][  0]LogD3D11RHI: Adapter has 64MB of dedicated video memory, 0MB of dedicated system memory, and 1632MB of shared system memory, 0 output[s]
[2015.09.07-19.53.41:150][  0]LogD3D11RHI: Chosen D3D11 Adapter Id = 0
[2015.09.07-19.53.41:154][  0]LogD3D11RHI: InitD3DDevice
[2015.09.07-19.53.41:155][  0]LogD3D11RHI: !Direct3DDevice
[2015.09.07-19.53.41:155][  0]LogRHI: Texture pool is 1361 MB (70% of 1945 MB)
[2015.09.07-19.53.41:199][  0]LogD3D11RHI: Async texture creation enabled
[2015.09.07-19.53.41:214][  0]LogShaderCompilers:Display: Using Local Shader Compiler.
[2015.09.07-19.53.42:040][  0]LogTemp:Display: Loaded TP DesktopTargetPlatform
[2015.09.07-19.53.42:063][  0]LogTemp:Display: Loaded TP WindowsClientTargetPlatform
[2015.09.07-19.53.42:086][  0]LogTemp:Display: Loaded TP WindowsNoEditorTargetPlatform
[2015.09.07-19.53.42:108][  0]LogTemp:Display: Loaded TP WindowsServerTargetPlatform
[2015.09.07-19.53.42:133][  0]LogTemp:Display: Loaded TP WindowsTargetPlatform
[2015.09.07-19.53.42:150][  0]LogTemp:Display: Loaded TP AndroidTargetPlatform
[2015.09.07-19.53.42:169][  0]LogTemp:Display: Loaded TP Android_ASTCTargetPlatform
[2015.09.07-19.53.42:187][  0]LogTemp:Display: Loaded TP Android_ATCTargetPlatform
[2015.09.07-19.53.42:208][  0]LogTemp:Display: Loaded TP Android_DXTTargetPlatform
[2015.09.07-19.53.42:227][  0]LogTemp:Display: Loaded TP Android_ETC1TargetPlatform
[2015.09.07-19.53.42:248][  0]LogTemp:Display: Loaded TP Android_ETC2TargetPlatform
[2015.09.07-19.53.42:267][  0]LogTemp:Display: Loaded TP Android_PVRTCTargetPlatform
[2015.09.07-19.53.42:339][  0]LogTemp:Display: Loaded TP IOSTargetPlatform
[2015.09.07-19.53.42:356][  0]LogTemp:Display: Loaded TP LinuxNoEditorTargetPlatform
[2015.09.07-19.53.42:372][  0]LogTemp:Display: Loaded TP LinuxServerTargetPlatform
[2015.09.07-19.53.42:390][  0]LogTemp:Display: Loaded TP LinuxTargetPlatform
[2015.09.07-19.53.42:390][  0]LogTargetPlatformManager:Display: Building Assets For Windows
[2015.09.07-19.53.42:710][  0]LogDerivedDataCache:Display: Max Cache Size: 512 MB
[2015.09.07-19.53.42:764][  0]LogDerivedDataCache: Loaded boot cache 0.05s 60MB C:/Users/frederic/AppData/Local/UnrealEngine/4.8/DerivedDataCache/Boot.ddc.
[2015.09.07-19.53.42:765][  0]LogDerivedDataCache:Display: Loaded Boot cache: C:/Users/frederic/AppData/Local/UnrealEngine/4.8/DerivedDataCache/Boot.ddc
[2015.09.07-19.53.42:765][  0]LogDerivedDataCache: FDerivedDataBackendGraph:  Pak pak cache file ../../../../../../Users/frederic/Documents/Unreal Projects/Brain/DerivedDataCache/DDC.ddp not found, will not use a pak cache.
[2015.09.07-19.53.42:765][  0]LogDerivedDataCache: Unable to find inner node Pak for hierarchical cache Hierarchy.
[2015.09.07-19.53.42:766][  0]LogDerivedDataCache: FDerivedDataBackendGraph:  CompressedPak pak cache file ../../../../../../Users/frederic/Documents/Unreal Projects/Brain/DerivedDataCache/Compressed.ddp not found, will not use a pak cache.
[2015.09.07-19.53.42:766][  0]LogDerivedDataCache: Unable to find inner node CompressedPak for hierarchical cache Hierarchy.
[2015.09.07-19.53.42:912][  0]LogDerivedDataCache:Display: Pak cache opened for reading ../../../Engine/DerivedDataCache/Compressed.ddp.
[2015.09.07-19.53.42:924][  0]LogDerivedDataCache: Using Local data cache path C:/Users/frederic/AppData/Local/UnrealEngine/Common/DerivedDataCache: Writable
[2015.09.07-19.53.43:132][  0]LogInit: Selected Device Profile: [Windows]
[2015.09.07-19.53.43:139][  0]ImportText (ComponentSweepMultiTests): Missing closing parenthesis: (RootShapeAsset="/Engine/BasicShapes/Cube.Cube",ShapeType="TriggerCapsule",HitResult=(Time=0.50,Location=(X=-100.000015,Y=0.0,Z=100.000015),ImpactPoint=(X=-50.0,Y=0.0,Z=50.0),Normal=(X=-1.0,Y=-0.0,Z=0.0),ImpactNormal=(X=0.0,Y=0.0,Z=1.0),TraceStart=(X=-200.0,Y=0.0,Z=200.0),TraceEnd=(X=0.0,Y=0.0,Z=0.0))
[2015.09.07-19.53.43:140][  0]ImportText (LineTraceSingleByChannelTests): Missing closing parenthesis: (RootShapeAsset="/Engine/BasicShapes/Cube.Cube",HitResult=(Time=0.50,Location=(X=-100.000015,Y=0.0,Z=100.000015),ImpactPoint=(X=-50.0,Y=0.0,Z=50.0),Normal=(X=-1.0,Y=-0.0,Z=0.0),ImpactNormal=(X=0.0,Y=0.0,Z=1.0),TraceStart=(X=-200.0,Y=0.0,Z=200.0),TraceEnd=(X=0.0,Y=0.0,Z=0.0))
[2015.09.07-19.53.43:179][  0]LogMeshUtilities: No automatic mesh reduction module available
[2015.09.07-19.53.43:180][  0]LogMeshUtilities: No automatic mesh merging module available
[2015.09.07-19.53.43:598][  0]LogInit: WinSock: version 1.1 (2.2), MaxSocks=32767, MaxUdp=65467
[2015.09.07-19.53.44:798][  0]UdpMessaging: Initializing bridge on interface 0.0.0.0:0 to multicast group 230.0.0.1:6666.
[2015.09.07-19.53.45:600][  0]SourceControl: Info Source control is disabled
[2015.09.07-19.53.45:631][  0]SourceControl: Info Source control is disabled
[2015.09.07-19.53.45:650][  0]SourceControl: Info Source control is disabled
[2015.09.07-19.53.45:671][  0]SourceControl: Info Source control is disabled
[2015.09.07-19.53.46:000][  0]LogObj: 31167 objects as part of root set at end of initial load.
[2015.09.07-19.53.46:000][  0]LogUObjectAllocator: 7107936 out of 0 bytes used by permanent object pool.
[2015.09.07-19.53.46:089][  0]LogEngine: Initializing Engine...
[2015.09.07-19.53.46:092][  0]LogHMD: Can't find Oculus library dev build: is proper Runtime installed? Version: 0.6.0.0
[2015.09.07-19.53.46:098][  0]LogHMD:Warning: SteamVR failed to initialize.  Error: 110
[2015.09.07-19.53.46:261][  0]LogAIModule: Creating AISystem for world NewWorld
[2015.09.07-19.53.46:274][  0]LogInit: XAudio2 using 'Haut-parleurs (C-Media USB Audio Device   )' : 2 channels at 44.1 kHz using 16 bits per sample (channel mask 0x3)
[2015.09.07-19.53.46:284][  0]LogInit: FAudioDevice initialized.
[2015.09.07-19.53.46:313][  0]LogDerivedDataCache: Saved boot cache 0.03s 60MB C:/Users/frederic/AppData/Local/UnrealEngine/4.8/DerivedDataCache/Boot.ddc.
[2015.09.07-19.53.46:322][  0]LogInit: Texture streaming: Disabled
[2015.09.07-19.53.46:356][  0]LogAnalytics: Creating configured Analytics provider AnalyticsET
[2015.09.07-19.53.46:357][  0]LogAnalytics: [UEEditor.Rocket.Release] APIServer = http://et2.epicgames.com/ET2/. AppVersion = 4.8.3-2634408+++depot+UE4-Releases+4.8
[2015.09.07-19.53.46:357][  0]LogAnalytics: [UEEditor.Rocket.Release] SetUserId c8da8d664a36a98701fe659c10ae4ff8|70626fa7f476448fb82ad9618fbbb1ab|00e7fb16-00c3-4af4-a2a1-2cc8013aae38
[2015.09.07-19.53.46:357][  0]LogAnalytics: [UEEditor.Rocket.Release] AnalyticsET::StartSession
[2015.09.07-19.53.46:391][  0]LogInit: Transaction tracking system initialized
[2015.09.07-19.53.46:609][  0]BlueprintLog: New page: Editor Load
[2015.09.07-19.53.46:657][  0]LogAssetRegistry: FAssetRegistry took 0.0107 seconds to start up
[2015.09.07-19.53.46:658][  0]LogDirectoryWatcher:Warning: Failed to begin reading directory changes for ../../../Engine/Plugins/Experimental/CharacterAI/Content/. Error: 0
[2015.09.07-19.53.47:725][  0]LogConsoleManager:Warning: Console variable 'r.VSync' wasn't set ('GameSetting' has a lower priority than 'SystemSettingsIni')
[2015.09.07-19.53.47:725][  0]LogConsoleResponse:Display: 
[2015.09.07-19.53.47:824][  0]LogCook:Display: Done creating registry. It took  0.00s.
[2015.09.07-19.53.48:099][  0]SourceControl: Info Source control is disabled
[2015.09.07-19.53.48:099][  0]Cmd: MAP LOAD FILE="../../../../../../Users/frederic/Documents/Unreal Projects/Brain/Content/FirstPerson/Maps/FirstPersonExampleMap.umap" TEMPLATE=0 SHOWPROGRESS=1 FEATURELEVEL=3
[2015.09.07-19.53.48:100][  0]LightingResults: New page: Lighting Build
[2015.09.07-19.53.48:115][  0]MapCheck: New page: Map Check
[2015.09.07-19.53.48:115][  0]LightingResults: New page: Lighting Build
[2015.09.07-19.53.48:125][  0]LogParticles: Destroying 0 GPU particle simulations for FXSystem 0x000000001FAFA8E0
[2015.09.07-19.53.48:774][  0]LogAIModule: Creating AISystem for world FirstPersonExampleMap
[2015.09.07-19.53.48:785][  0]LogEditorServer: Finished looking for orphan Actors (0.000 secs)
[2015.09.07-19.53.49:837][  0]Cmd: MAP CHECKDEP NOCLEARLOG
[2015.09.07-19.53.49:878][  0]MapCheck: Info Map check complete: 0 Error(s), 0 Warning(s), took 39.925ms to complete.
[2015.09.07-19.53.49:878][  0]LogFileHelpers: Loading map 'FirstPersonExampleMap' took 1.779
[2015.09.07-19.53.49:992][  0]LogCollectionManager: Loaded 0 collections in 0.002075 seconds
[2015.09.07-19.53.50:001][  0]LogContentBrowser: Native class hierarchy populated in 0.0081 seconds. Added 1800 classes and 303 folders.
[2015.09.07-19.53.50:073][  0]LogContentBrowser: Native class hierarchy updated for 'WidgetCarousel' in 0.0017 seconds. Added 0 classes and 0 folders.
[2015.09.07-19.53.50:113][  0]LogContentBrowser: Native class hierarchy updated for 'AddContentDialog' in 0.0016 seconds. Added 0 classes and 0 folders.
[2015.09.07-19.53.50:143][  0]LogContentBrowser: Native class hierarchy updated for 'SceneOutliner' in 0.0017 seconds. Added 1 classes and 2 folders.
[2015.09.07-19.53.50:212][  0]LogCrashTracker: Crashtracker disabled due to settings.
[2015.09.07-19.53.50:214][  0]LogD3D11RHI: InitD3DDevice
[2015.09.07-19.53.50:219][  0]LogUObjectGlobals:Warning: Failed to find object 'Class None.'
[2015.09.07-19.53.50:241][  0]LogLoad: Full Startup: 11.98 seconds (BP compile: 0.25 seconds)
[2015.09.07-19.53.50:312][  0]LogContentStreaming: Texture pool size is 0.000000MB
[2015.09.07-19.53.50:355][  0]LogContentStreaming: Texture pool size now 1000 MB
[2015.09.07-19.53.50:468][  0]LogRenderer: Reallocating scene render targets to support 1208x560 (Frame:2).
[2015.09.07-19.53.50:832][  6]LogAssetRegistry: Asset discovery search completed in 4.1864 seconds
[2015.09.07-19.53.52:621][203]LogD3D11RHI: InitD3DDevice
[2015.09.07-19.53.58:847][941]LogD3D11RHI: InitD3DDevice
[2015.09.07-19.53.58:962][954]LogEditor: Attempting to add actor of class 'BrainNormalInteractiveObject' to level at 330.00,-1630.00,140.00
[2015.09.07-19.53.59:342][997]LogEditor: Attempting to add actor of class 'BrainNormalInteractiveObject' to level at 280.00,-730.00,140.00
[2015.09.07-19.54.18:049][232]LogActorComponent: UnregisterComponent: (/Engine/Transient.CharMoveComp) Not registered. Aborting.
[2015.09.07-19.54.18:087][232]LogD3D11RHI: InitD3DDevice
[2015.09.07-19.54.19:756][233]Cmd: QUIT_EDITOR
[2015.09.07-19.54.19:975][233]LogExit: Preparing to exit.
[2015.09.07-19.54.20:881][233]LogExit: Editor shut down
[2015.09.07-19.54.20:882][233]LogExit: Transaction tracking system shut down
[2015.09.07-19.54.20:883][233]LogParticles: Destroying 0 GPU particle simulations for FXSystem 0x0000000010BFF2E0
[2015.09.07-19.54.20:884][233]LogParticles: Destroying 0 GPU particle simulations for FXSystem 0x0000000053193560
[2015.09.07-19.54.20:884][233]LogParticles: Destroying 0 GPU particle simulations for FXSystem 0x000000000FBACE00
[2015.09.07-19.54.21:060][233]LogExit: Object subsystem successfully closed.
[2015.09.07-19.54.21:078][233]LogD3D11RHI: Shutdown
[2015.09.07-19.54.21:079][233]LogD3D11RHI: CleanupD3DDevice
[2015.09.07-19.54.21:339][233]LogD3D11RHI: ~FD3D11DynamicRHI
[2015.09.07-19.54.21:355][233]LogModuleManager: Shutting down and abandoning module CrashTracker (189)
[2015.09.07-19.54.21:356][233]LogModuleManager: Shutting down and abandoning module SceneOutliner (188)
[2015.09.07-19.54.21:356][233]LogModuleManager: Shutting down and abandoning module SuperSearch (187)
[2015.09.07-19.54.21:356][233]LogModuleManager: Shutting down and abandoning module WidgetCarousel (186)
[2015.09.07-19.54.21:356][233]LogModuleManager: Shutting down and abandoning module AddContentDialog (185)
[2015.09.07-19.54.21:357][233]LogModuleManager: Shutting down and abandoning module EditorWidgets (184)
[2015.09.07-19.54.21:358][233]LogModuleManager: Shutting down and abandoning module CollectionManager (183)
[2015.09.07-19.54.21:358][233]LogModuleManager: Shutting down and abandoning module StatsViewer (182)
[2015.09.07-19.54.21:358][233]LogModuleManager: Shutting down and abandoning module FoliageEdit (181)
[2015.09.07-19.54.21:359][233]LogModuleManager: Shutting down and abandoning module LandscapeEditor (180)
[2015.09.07-19.54.21:359][233]LogModuleManager: Shutting down and abandoning module ActorPickerMode (179)
[2015.09.07-19.54.21:359][233]LogModuleManager: Shutting down and abandoning module GeometryMode (178)
[2015.09.07-19.54.21:359][233]LogModuleManager: Shutting down and abandoning module TextureAlignMode (177)
[2015.09.07-19.54.21:360][233]LogModuleManager: Shutting down and abandoning module BspMode (176)
[2015.09.07-19.54.21:360][233]LogModuleManager: Shutting down and abandoning module PlacementMode (175)
[2015.09.07-19.54.21:360][233]LogModuleManager: Shutting down and abandoning module AutomationWorker (174)
[2015.09.07-19.54.21:361][233]LogModuleManager: Shutting down and abandoning module CharacterAI (173)
[2015.09.07-19.54.21:361][233]LogModuleManager: Shutting down and abandoning module SmartSnapping (172)
[2015.09.07-19.54.21:361][233]LogModuleManager: Shutting down and abandoning module ViewportSnapping (171)
[2015.09.07-19.54.21:361][233]LogModuleManager: Shutting down and abandoning module LogVisualizer (170)
[2015.09.07-19.54.21:362][233]LogModuleManager: Shutting down and abandoning module GameProjectGeneration (169)
[2015.09.07-19.54.21:362][233]LogModuleManager: Shutting down and abandoning module IntroTutorials (168)
[2015.09.07-19.54.21:362][233]LogModuleManager: Shutting down and abandoning module EditorLiveStreaming (167)
[2015.09.07-19.54.21:362][233]LogModuleManager: Shutting down and abandoning module IOSPlatformEditor (166)
[2015.09.07-19.54.21:363][233]LogModuleManager: Shutting down and abandoning module HTML5PlatformEditor (165)
[2015.09.07-19.54.21:363][233]LogModuleManager: Shutting down and abandoning module AndroidDeviceDetection (164)
[2015.09.07-19.54.21:447][233]LogModuleManager: Shutting down and abandoning module AndroidPlatformEditor (163)
[2015.09.07-19.54.21:448][233]LogModuleManager: Shutting down and abandoning module IOSRuntimeSettings (162)
[2015.09.07-19.54.21:448][233]LogModuleManager: Shutting down and abandoning module AndroidRuntimeSettings (161)
[2015.09.07-19.54.21:449][233]LogModuleManager: Shutting down and abandoning module MergeActors (160)
[2015.09.07-19.54.21:449][233]LogModuleManager: Shutting down and abandoning module SizeMap (159)
[2015.09.07-19.54.21:449][233]LogModuleManager: Shutting down and abandoning module TreeMap (158)
[2015.09.07-19.54.21:449][233]LogModuleManager: Shutting down and abandoning module ReferenceViewer (157)
[2015.09.07-19.54.21:450][233]LogModuleManager: Shutting down and abandoning module LocalizationDashboard (156)
[2015.09.07-19.54.21:450][233]LogModuleManager: Shutting down and abandoning module HardwareTargeting (155)
[2015.09.07-19.54.21:450][233]LogModuleManager: Shutting down and abandoning module DeviceProfileEditor (154)
[2015.09.07-19.54.21:450][233]LogModuleManager: Shutting down and abandoning module UndoHistory (153)
[2015.09.07-19.54.21:451][233]LogModuleManager: Shutting down and abandoning module GameplayTagsEditor (152)
[2015.09.07-19.54.21:451][233]LogModuleManager: Shutting down and abandoning module UserFeedback (151)
[2015.09.07-19.54.21:451][233]LogModuleManager: Shutting down and abandoning module XmlParser (150)
[2015.09.07-19.54.21:451][233]LogModuleManager: Shutting down and abandoning module Blutility (149)
[2015.09.07-19.54.21:452][233]LogModuleManager: Shutting down and abandoning module ProjectTargetPlatformEditor (148)
[2015.09.07-19.54.21:452][233]LogModuleManager: Shutting down and abandoning module ProjectSettingsViewer (147)
[2015.09.07-19.54.21:452][233]LogModuleManager: Shutting down and abandoning module InputBindingEditor (146)
[2015.09.07-19.54.21:452][233]LogModuleManager: Shutting down and abandoning module EditorSettingsViewer (145)
[2015.09.07-19.54.21:453][233]LogModuleManager: Shutting down and abandoning module SettingsEditor (144)
[2015.09.07-19.54.21:453][233]LogModuleManager: Shutting down and abandoning module ProjectLauncher (143)
[2015.09.07-19.54.21:453][233]LogModuleManager: Shutting down and abandoning module SessionFrontend (142)
[2015.09.07-19.54.21:453][233]LogModuleManager: Shutting down and abandoning module ProfilerClient (141)
[2015.09.07-19.54.21:454][233]LogModuleManager: Shutting down and abandoning module TargetDeviceServices (140)
[2015.09.07-19.54.21:454][233]LogModuleManager: Shutting down and abandoning module DeviceManager (139)
[2015.09.07-19.54.21:454][233]LogModuleManager: Shutting down and abandoning module AutomationController (138)
[2015.09.07-19.54.21:454][233]LogModuleManager: Shutting down and abandoning module AutomationWindow (137)
[2015.09.07-19.54.21:455][233]LogModuleManager: Shutting down and abandoning module Layers (136)
[2015.09.07-19.54.21:455][233]LogModuleManager: Shutting down and abandoning module ComponentVisualizers (135)
[2015.09.07-19.54.21:455][233]LogModuleManager: Shutting down and abandoning module DetailCustomizations (134)
[2015.09.07-19.54.21:455][233]LogModuleManager: Shutting down and abandoning module PackagesDialog (133)
[2015.09.07-19.54.21:456][233]LogModuleManager: Shutting down and abandoning module AssetRegistry (132)
[2015.09.07-19.54.21:495][233]LogModuleManager: Shutting down and abandoning module Persona (131)
[2015.09.07-19.54.21:496][233]LogModuleManager: Shutting down and abandoning module Kismet (130)
[2015.09.07-19.54.21:496][233]LogModuleManager: Shutting down and abandoning module GraphEditor (129)
[2015.09.07-19.54.21:496][233]LogModuleManager: Shutting down and abandoning module ClassViewer (128)
[2015.09.07-19.54.21:496][233]LogModuleManager: Shutting down and abandoning module Toolbox (127)
[2015.09.07-19.54.21:497][233]LogModuleManager: Shutting down and abandoning module ModuleUI (126)
[2015.09.07-19.54.21:497][233]LogModuleManager: Shutting down and abandoning module MovieSceneTools (125)
[2015.09.07-19.54.21:497][233]LogModuleManager: Shutting down and abandoning module OutputLog (124)
[2015.09.07-19.54.21:497][233]LogModuleManager: Shutting down and abandoning module GammaUI (123)
[2015.09.07-19.54.21:498][233]LogModuleManager: Shutting down and abandoning module Documentation (122)
[2015.09.07-19.54.21:498][233]LogModuleManager: Shutting down and abandoning module GameLiveStreaming (121)
[2015.09.07-19.54.21:498][233]LogModuleManager: Shutting down and abandoning module StreamingPauseRendering (120)
[2015.09.07-19.54.21:498][233]LogModuleManager: Shutting down and abandoning module AnalyticsET (119)
[2015.09.07-19.54.21:499][233]LogModuleManager: Shutting down and abandoning module Analytics (118)
[2015.09.07-19.54.21:499][233]LogModuleManager: Shutting down and abandoning module AITestSuite (117)
[2015.09.07-19.54.21:499][233]LogModuleManager: Shutting down and abandoning module GameplayDebugger (116)
[2015.09.07-19.54.21:499][233]LogModuleManager: Shutting down and abandoning module AIModule (115)
[2015.09.07-19.54.21:500][233]LogModuleManager: Shutting down and abandoning module ProfilerService (114)
[2015.09.07-19.54.21:558][233]LogModuleManager: Shutting down and abandoning module TaskGraph (113)
[2015.09.07-19.54.21:558][233]LogModuleManager: Shutting down and abandoning module SlateRemote (112)
[2015.09.07-19.54.21:558][233]LogModuleManager: Shutting down and abandoning module SteamVRController (111)
[2015.09.07-19.54.21:558][233]LogModuleManager: Shutting down and abandoning module SteamVR (110)
[2015.09.07-19.54.21:559][233]LogModuleManager: Shutting down and abandoning module ProceduralMeshComponent (109)
[2015.09.07-19.54.21:559][233]LogModuleManager: Shutting down and abandoning module OculusRift (108)
[2015.09.07-19.54.21:559][233]LogModuleManager: Shutting down and abandoning module LeapMotionController (107)
[2015.09.07-19.54.21:569][233]LogModuleManager: Shutting down and abandoning module CustomMeshComponent (106)
[2015.09.07-19.54.21:569][233]LogModuleManager: Shutting down and abandoning module CableComponent (105)
[2015.09.07-19.54.21:570][233]LogModuleManager: Shutting down and abandoning module MessagingDebugger (104)
[2015.09.07-19.54.21:570][233]LogModuleManager: Shutting down and abandoning module MediaPlayerEditor (103)
[2015.09.07-19.54.21:570][233]LogModuleManager: Shutting down and abandoning module SpeedTreeImporter (102)
[2015.09.07-19.54.21:570][233]LogModuleManager: Shutting down and abandoning module PluginBrowser (101)
[2015.09.07-19.54.21:571][233]LogModuleManager: Shutting down and abandoning module EpicSurvey (100)
[2015.09.07-19.54.21:571][233]LogModuleManager: Shutting down and abandoning module DesktopPlatform (99)
[2015.09.07-19.54.21:571][233]LogModuleManager: Shutting down and abandoning module VisualStudioSourceCodeAccess (98)
[2015.09.07-19.54.21:571][233]LogModuleManager: Shutting down and abandoning module UObjectPlugin (97)
[2015.09.07-19.54.21:572][233]LogModuleManager: Shutting down and abandoning module SubversionSourceControl (96)
[2015.09.07-19.54.21:572][233]LogModuleManager: Shutting down and abandoning module PerforceSourceControl (95)
[2015.09.07-19.54.21:572][233]LogModuleManager: Shutting down and abandoning module SourceControl (94)
[2015.09.07-19.54.21:572][233]LogModuleManager: Shutting down and abandoning module GitSourceControl (93)
[2015.09.07-19.54.21:573][233]LogModuleManager: Shutting down and abandoning module BlankPlugin (92)
[2015.09.07-19.54.21:573][233]LogModuleManager: Shutting down and abandoning module PaperTiledImporter (91)
[2015.09.07-19.54.21:573][233]LogModuleManager: Shutting down and abandoning module PaperSpriteSheetImporter (90)
[2015.09.07-19.54.21:573][233]LogModuleManager: Shutting down and abandoning module MeshPaint (89)
[2015.09.07-19.54.21:573][233]LogModuleManager: Shutting down and abandoning module SlateReflector (88)
[2015.09.07-19.54.21:574][233]LogModuleManager: Shutting down and abandoning module DirectoryWatcher (87)
[2015.09.07-19.54.21:574][233]LogModuleManager: Shutting down and abandoning module HotReload (86)
[2015.09.07-19.54.21:575][233]LogModuleManager: Shutting down and abandoning module MainFrame (85)
[2015.09.07-19.54.21:575][233]LogModuleManager: Shutting down and abandoning module LevelEditor (84)
[2015.09.07-19.54.21:576][233]LogModuleManager: Shutting down and abandoning module ContentBrowser (83)
[2015.09.07-19.54.21:577][233]LogModuleManager: Shutting down and abandoning module Paper2DEditor (82)
[2015.09.07-19.54.21:577][233]LogModuleManager: Shutting down and abandoning module Brain (81)
[2015.09.07-19.54.21:577][233]LogModuleManager: Shutting down and abandoning module UdpMessaging (80)
[2015.09.07-19.54.21:678][233]LogModuleManager: Shutting down and abandoning module Paper2D (79)
[2015.09.07-19.54.21:678][233]LogModuleManager: Shutting down and abandoning module WindowsMoviePlayer (78)
[2015.09.07-19.54.21:681][233]LogModuleManager: Shutting down and abandoning module Media (77)
[2015.09.07-19.54.21:682][233]LogModuleManager: Shutting down and abandoning module WmfMedia (76)
[2015.09.07-19.54.21:683][233]LogModuleManager: Shutting down and abandoning module OnlineBlueprintSupport (75)
[2015.09.07-19.54.21:683][233]LogModuleManager: Shutting down and abandoning module PropertyEditor (74)
[2015.09.07-19.54.21:683][233]LogModuleManager: Shutting down and abandoning module BehaviorTreeEditor (73)
[2015.09.07-19.54.21:684][233]LogModuleManager: Shutting down and abandoning module FunctionalTesting (72)
[2015.09.07-19.54.21:684][233]LogModuleManager: Shutting down and abandoning module CollisionAnalyzer (71)
[2015.09.07-19.54.21:684][233]LogModuleManager: Shutting down and abandoning module WorkspaceMenuStructure (70)
[2015.09.07-19.54.21:684][233]LogModuleManager: Shutting down and abandoning module MessageLog (69)
[2015.09.07-19.54.21:685][233]LogModuleManager: Shutting down and abandoning module Sequencer (68)
[2015.09.07-19.54.21:685][233]LogModuleManager: Shutting down and abandoning module AssetTools (67)
[2015.09.07-19.54.21:685][233]LogModuleManager: Shutting down and abandoning module UMGEditor (66)
[2015.09.07-19.54.21:685][233]LogModuleManager: Shutting down and abandoning module UMG (65)
[2015.09.07-19.54.21:686][233]LogModuleManager: Shutting down and abandoning module Slate (64)
[2015.09.07-19.54.21:686][233]LogModuleManager: Shutting down and abandoning module EditorStyle (63)
[2015.09.07-19.54.21:688][233]LogModuleManager: Shutting down and abandoning module SessionServices (62)
[2015.09.07-19.54.21:688][233]LogModuleManager: Shutting down and abandoning module SourceCodeAccess (61)
[2015.09.07-19.54.21:689][233]LogModuleManager: Shutting down and abandoning module HeadMountedDisplay (60)
[2015.09.07-19.54.21:689][233]LogModuleManager: Shutting down and abandoning module XAudio2 (59)
[2015.09.07-19.54.21:689][233]LogModuleManager: Shutting down and abandoning module Networking (57)
[2015.09.07-19.54.21:689][233]LogModuleManager: Shutting down and abandoning module Core (56)
[2015.09.07-19.54.21:690][233]LogModuleManager: Shutting down and abandoning module KismetCompiler (55)
[2015.09.07-19.54.21:690][233]LogModuleManager: Shutting down and abandoning module PhysXFormats (54)
[2015.09.07-19.54.21:690][233]LogModuleManager: Shutting down and abandoning module MeshUtilities (53)
[2015.09.07-19.54.21:690][233]LogModuleManager: Shutting down and abandoning module DerivedDataCache (52)
[2015.09.07-19.54.21:918][233]LogDerivedDataCache: Shutdown
[2015.09.07-19.54.21:918][233]LogModuleManager: Shutting down and abandoning module ShaderFormatOpenGL (51)
[2015.09.07-19.54.21:918][233]LogModuleManager: Shutting down and abandoning module ShaderFormatD3D (50)
[2015.09.07-19.54.21:919][233]LogModuleManager: Shutting down and abandoning module MetalShaderFormat (49)
[2015.09.07-19.54.21:919][233]LogModuleManager: Shutting down and abandoning module TextureFormatUncompressed (48)
[2015.09.07-19.54.21:919][233]LogModuleManager: Shutting down and abandoning module TextureFormatPVR (47)
[2015.09.07-19.54.21:919][233]LogModuleManager: Shutting down and abandoning module TextureFormatIntelISPCTexComp (46)
[2015.09.07-19.54.21:920][233]LogModuleManager: Shutting down and abandoning module TextureFormatDXT (45)
[2015.09.07-19.54.21:920][233]LogModuleManager: Shutting down and abandoning module ImageWrapper (44)
[2015.09.07-19.54.21:920][233]LogModuleManager: Shutting down and abandoning module TextureFormatASTC (43)
[2015.09.07-19.54.21:920][233]LogModuleManager: Shutting down and abandoning module TextureFormatAndroid (42)
[2015.09.07-19.54.21:921][233]LogModuleManager: Shutting down and abandoning module AudioFormatOpus (41)
[2015.09.07-19.54.21:921][233]LogModuleManager: Shutting down and abandoning module AudioFormatOgg (40)
[2015.09.07-19.54.21:921][233]LogModuleManager: Shutting down and abandoning module AudioFormatADPCM (39)
[2015.09.07-19.54.21:921][233]LogModuleManager: Shutting down and abandoning module LinuxTargetPlatform (38)
[2015.09.07-19.54.21:922][233]LogModuleManager: Shutting down and abandoning module LinuxServerTargetPlatform (37)
[2015.09.07-19.54.21:922][233]LogModuleManager: Shutting down and abandoning module LinuxNoEditorTargetPlatform (36)
[2015.09.07-19.54.21:922][233]LogModuleManager: Shutting down and abandoning module Messaging (35)
[2015.09.07-19.54.21:922][233]LogModuleManager: Shutting down and abandoning module IOSTargetPlatform (34)
[2015.09.07-19.54.21:922][233]LogModuleManager: Shutting down and abandoning module HTML5TargetPlatform (33)
[2015.09.07-19.54.21:923][233]LogModuleManager: Shutting down and abandoning module Android_PVRTCTargetPlatform (32)
[2015.09.07-19.54.21:923][233]LogModuleManager: Shutting down and abandoning module Android_ETC2TargetPlatform (31)
[2015.09.07-19.54.21:923][233]LogModuleManager: Shutting down and abandoning module Android_ETC1TargetPlatform (30)
[2015.09.07-19.54.21:923][233]LogModuleManager: Shutting down and abandoning module Android_DXTTargetPlatform (29)
[2015.09.07-19.54.21:924][233]LogModuleManager: Shutting down and abandoning module Android_ATCTargetPlatform (28)
[2015.09.07-19.54.21:924][233]LogModuleManager: Shutting down and abandoning module Android_ASTCTargetPlatform (27)
[2015.09.07-19.54.21:924][233]LogModuleManager: Shutting down and abandoning module AndroidTargetPlatform (26)
[2015.09.07-19.54.21:924][233]LogModuleManager: Shutting down and abandoning module WindowsTargetPlatform (25)
[2015.09.07-19.54.21:924][233]LogModuleManager: Shutting down and abandoning module WindowsServerTargetPlatform (24)
[2015.09.07-19.54.21:925][233]LogModuleManager: Shutting down and abandoning module WindowsNoEditorTargetPlatform (23)
[2015.09.07-19.54.21:925][233]LogModuleManager: Shutting down and abandoning module WindowsClientTargetPlatform (22)
[2015.09.07-19.54.21:925][233]LogModuleManager: Shutting down and abandoning module DesktopTargetPlatform (21)
[2015.09.07-19.54.21:925][233]LogModuleManager: Shutting down and abandoning module TargetPlatform (20)
[2015.09.07-19.54.21:926][233]LogModuleManager: Shutting down and abandoning module InputCore (19)
[2015.09.07-19.54.21:926][233]LogModuleManager: Shutting down and abandoning module Settings (18)
[2015.09.07-19.54.21:926][233]LogModuleManager: Shutting down and abandoning module OnlineSubsystem (16)
[2015.09.07-19.54.21:926][233]LogModuleManager: Shutting down and abandoning module HTTP (15)
[2015.09.07-19.54.21:927][233]LogModuleManager: Shutting down and abandoning module ExampleDeviceProfileSelector (14)
[2015.09.07-19.54.21:927][233]LogModuleManager: Shutting down and abandoning module TextureCompressor (13)
[2015.09.07-19.54.21:928][233]LogModuleManager: Shutting down and abandoning module ShaderCore (12)
[2015.09.07-19.54.21:928][233]LogModuleManager: Shutting down and abandoning module Landscape (11)
[2015.09.07-19.54.21:929][233]LogModuleManager: Shutting down and abandoning module SlateRHIRenderer (10)
[2015.09.07-19.54.21:930][233]LogModuleManager: Shutting down and abandoning module OpenGLDrv (9)
[2015.09.07-19.54.21:931][233]LogModuleManager: Shutting down and abandoning module D3D11RHI (8)
[2015.09.07-19.54.21:931][233]LogModuleManager: Shutting down and abandoning module Renderer (7)
[2015.09.07-19.54.21:931][233]LogModuleManager: Shutting down and abandoning module Engine (6)
[2015.09.07-19.54.21:932][233]LogModuleManager: Shutting down and abandoning module CoreUObject (5)
[2015.09.07-19.54.21:932][233]LogModuleManager: Shutting down and abandoning module NetworkFile (4)
[2015.09.07-19.54.21:932][233]LogModuleManager: Shutting down and abandoning module StreamingFile (3)
[2015.09.07-19.54.21:932][233]LogModuleManager: Shutting down and abandoning module SandboxFile (2)
[2015.09.07-19.54.21:933][233]LogModuleManager: Shutting down and abandoning module PakFile (1)
[2015.09.07-19.54.21:935][233]LogExit: Exiting.
[2015.09.07-19.54.21:937][233]Log file closed, 09/07/15 15:54:21
